2026-04-06 10:18:15,507 - main - INFO - === Logging system initialized ===
2026-04-06 10:18:15,507 - main - INFO - Log file: logs/app_20260406_101815.log
2026-04-06 10:18:15,507 - main - INFO - Log level: INFO
2026-04-06 10:18:15,507 - main - INFO - Timestamp: 20260406_101815
2026-04-06 10:18:15,514 - main - INFO - Included router: routers.admin_auth.router
2026-04-06 10:18:16,492 - main - INFO - Included router: routers.aihub.router
2026-04-06 10:18:16,555 - main - INFO - Included router: routers.announcements.router
2026-04-06 10:18:16,578 - main - INFO - Included router: routers.auth.router
2026-04-06 10:18:16,641 - main - INFO - Included router: routers.banners.router
2026-04-06 10:18:16,777 - main - INFO - Included router: routers.become_master_requests.router
2026-04-06 10:18:16,855 - main - INFO - Included router: routers.bus_notifications.router
2026-04-06 10:18:16,928 - main - INFO - Included router: routers.bus_routes.router
2026-04-06 10:18:16,991 - main - INFO - Included router: routers.bus_stops.router
2026-04-06 10:18:17,054 - main - INFO - Included router: routers.categories.router
2026-04-06 10:18:17,122 - main - INFO - Included router: routers.complaints.router
2026-04-06 10:18:17,173 - main - INFO - Included router: routers.couriers.router
2026-04-06 10:18:17,178 - main - INFO - Included router: routers.debug_schema.router
2026-04-06 10:18:17,224 - main - INFO - Included router: routers.directory_entries.router
2026-04-06 10:18:17,271 - main - INFO - Included router: routers.food_categories.router
2026-04-06 10:18:17,320 - main - INFO - Included router: routers.food_item_modifiers.router
2026-04-06 10:18:17,379 - main - INFO - Included router: routers.food_items.router
2026-04-06 10:18:17,426 - main - INFO - Included router: routers.food_modifiers.router
2026-04-06 10:18:17,587 - main - INFO - Included router: routers.food_orders.router
2026-04-06 10:18:17,632 - main - INFO - Included router: routers.food_settings.router
2026-04-06 10:18:17,676 - main - INFO - Included router: routers.frontpad.router
2026-04-06 10:18:17,726 - main - INFO - Included router: routers.frontpad_settings.router
2026-04-06 10:18:17,772 - main - INFO - Included router: routers.frontpad_sync_log.router
2026-04-06 10:18:17,774 - main - INFO - Included router: routers.health.router
2026-04-06 10:18:17,819 - main - INFO - Included router: routers.health_check.router
2026-04-06 10:18:17,883 - main - INFO - Included router: routers.history_events.router
2026-04-06 10:18:17,941 - main - INFO - Included router: routers.homepage_stats.router
2026-04-06 10:18:17,999 - main - INFO - Included router: routers.inspectors.router
2026-04-06 10:18:18,069 - main - INFO - Included router: routers.item_modifier_groups.router
2026-04-06 10:18:18,142 - main - INFO - Included router: routers.jobs.router
2026-04-06 10:18:18,200 - main - INFO - Included router: routers.master_requests.router
2026-04-06 10:18:18,262 - main - INFO - Included router: routers.masters.router
2026-04-06 10:18:18,513 - main - INFO - Included router: routers.modifier_groups.router
2026-04-06 10:18:18,589 - main - INFO - Included router: routers.modifier_options.router
2026-04-06 10:18:18,642 - main - INFO - Included router: routers.news.router
2026-04-06 10:18:18,711 - main - INFO - Included router: routers.park_orders.router
2026-04-06 10:18:18,761 - main - INFO - Included router: routers.park_points.router
2026-04-06 10:18:18,808 - main - INFO - Included router: routers.question_answers.router
2026-04-06 10:18:18,855 - main - INFO - Included router: routers.questions.router
2026-04-06 10:18:18,915 - main - INFO - Included router: routers.real_estate.router
2026-04-06 10:18:18,957 - main - INFO - Included router: routers.settings.router
2026-04-06 10:18:18,989 - main - INFO - Included router: routers.storage.router
2026-04-06 10:18:19,018 - main - INFO - Included router: routers.telegram.router
2026-04-06 10:18:19,036 - main - INFO - Included router: routers.user.router
2026-04-06 10:18:19,085 - main - INFO - Included router: routers.user_preferences.router
2026-04-06 10:18:19,088 - main - INFO - Included router: routers.weather.router
2026-04-06 10:18:19,091 - main - INFO - === Application startup initiated ===
2026-04-06 10:18:19,091 - services.database - INFO - Ignore creating tables
2026-04-06 10:18:19,092 - services.mock_data - INFO - Ignore initialize data
2026-04-06 10:18:19,092 - services.auth - INFO - Ignore initialize admin
2026-04-06 10:18:19,093 - core.database - WARNING - Database not initialized, attempting lazy initialization...
2026-04-06 10:18:19,093 - core.database - INFO - Starting database initialization...
2026-04-06 10:18:19,093 - core.config - DEBUG - Read dynamic attribute database_url from environment variable DATABASE_URL
2026-04-06 10:18:19,094 - core.database - INFO - Database init attempt 1/5...
2026-04-06 10:18:19,095 - core.database - INFO - Normalized database URL (masked): postgresql+asyncpg://neondb_owner:***@ep-cool-wave-ad8598va.c-2.us-east-1.aws.neon.tech/neondb?ssl=require
2026-04-06 10:18:19,095 - core.database - INFO - Using QueuePool with connection pooling
2026-04-06 10:18:20,440 - core.database - INFO - Database connection initialized successfully
2026-04-06 10:18:20,441 - core.database - DEBUG - [DB_OP] Starting create_tables
2026-04-06 10:18:20,441 - core.database - INFO - 🔧 Table creation attempt 1/3...
2026-04-06 10:18:20,441 - core.database - INFO - 🔧 Starting table structure repair...
2026-04-06 10:18:21,005 - core.database - INFO - 🔧 Repairing 40 existing tables...
2026-04-06 10:18:21,006 - core.database - DEBUG - Checking table structure for: users
2026-04-06 10:18:21,006 - core.database - DEBUG - Checking table structure for: oidc_states
2026-04-06 10:18:21,008 - core.database - DEBUG - Checking table structure for: admin_credentials
2026-04-06 10:18:21,010 - core.database - DEBUG - Checking table structure for: admin_login_attempts
2026-04-06 10:18:21,012 - core.database - DEBUG - Checking table structure for: admin_login_lockouts
2026-04-06 10:18:21,014 - core.database - DEBUG - Checking table structure for: announcements
2026-04-06 10:18:21,015 - core.database - DEBUG - Checking table structure for: banners
2026-04-06 10:18:21,016 - core.database - DEBUG - Checking table structure for: become_master_requests
2026-04-06 10:18:21,017 - core.database - DEBUG - Checking table structure for: bus_notifications
2026-04-06 10:18:21,018 - core.database - DEBUG - Checking table structure for: bus_routes
2026-04-06 10:18:21,663 - core.database - DEBUG - Table users structure is up to date
2026-04-06 10:18:21,663 - core.database - INFO - Table users repaired in 0.66s
2026-04-06 10:18:21,663 - core.database - DEBUG - Checking table structure for: bus_stops
2026-04-06 10:18:21,868 - core.database - DEBUG - Table admin_login_lockouts structure is up to date
2026-04-06 10:18:21,869 - core.database - INFO - Table admin_login_lockouts repaired in 0.86s
2026-04-06 10:18:21,869 - core.database - DEBUG - Checking table structure for: categories
2026-04-06 10:18:21,943 - core.database - DEBUG - Table announcements structure is up to date
2026-04-06 10:18:21,944 - core.database - INFO - Table announcements repaired in 0.93s
2026-04-06 10:18:21,947 - core.database - DEBUG - Checking table structure for: complaints
2026-04-06 10:18:21,948 - core.database - DEBUG - Table admin_credentials structure is up to date
2026-04-06 10:18:21,949 - core.database - INFO - Table admin_credentials repaired in 0.94s
2026-04-06 10:18:21,950 - core.database - DEBUG - Checking table structure for: couriers
2026-04-06 10:18:21,954 - core.database - DEBUG - Table admin_login_attempts structure is up to date
2026-04-06 10:18:21,954 - core.database - INFO - Table admin_login_attempts repaired in 0.94s
2026-04-06 10:18:21,955 - core.database - DEBUG - Checking table structure for: directory_entries
2026-04-06 10:18:21,968 - core.database - DEBUG - Table oidc_states structure is up to date
2026-04-06 10:18:21,971 - core.database - INFO - Table oidc_states repaired in 0.96s
2026-04-06 10:18:21,971 - core.database - DEBUG - Checking table structure for: food_categories
2026-04-06 10:18:21,972 - core.database - DEBUG - Table bus_notifications structure is up to date
2026-04-06 10:18:21,972 - core.database - INFO - Table bus_notifications repaired in 0.96s
2026-04-06 10:18:21,973 - core.database - DEBUG - Checking table structure for: food_item_modifiers
2026-04-06 10:18:21,973 - core.database - DEBUG - Table bus_routes structure is up to date
2026-04-06 10:18:21,973 - core.database - INFO - Table bus_routes repaired in 0.96s
2026-04-06 10:18:21,976 - core.database - DEBUG - Table banners structure is up to date
2026-04-06 10:18:21,976 - core.database - INFO - Table banners repaired in 0.96s
2026-04-06 10:18:21,976 - core.database - DEBUG - Table become_master_requests structure is up to date
2026-04-06 10:18:21,976 - core.database - INFO - Table become_master_requests repaired in 0.96s
2026-04-06 10:18:21,976 - core.database - DEBUG - Checking table structure for: food_items
2026-04-06 10:18:21,977 - core.database - DEBUG - Checking table structure for: food_modifiers
2026-04-06 10:18:21,978 - core.database - DEBUG - Checking table structure for: food_orders
2026-04-06 10:18:22,048 - core.database - DEBUG - Table bus_stops structure is up to date
2026-04-06 10:18:22,048 - core.database - INFO - Table bus_stops repaired in 1.03s
2026-04-06 10:18:22,049 - core.database - DEBUG - Checking table structure for: food_settings
2026-04-06 10:18:22,311 - core.database - DEBUG - Table categories structure is up to date
2026-04-06 10:18:22,311 - core.database - INFO - Table categories repaired in 1.29s
2026-04-06 10:18:22,312 - core.database - DEBUG - Checking table structure for: frontpad_settings
2026-04-06 10:18:22,387 - core.database - DEBUG - Table complaints structure is up to date
2026-04-06 10:18:22,387 - core.database - INFO - Table complaints repaired in 1.37s
2026-04-06 10:18:22,388 - core.database - DEBUG - Checking table structure for: frontpad_sync_log
2026-04-06 10:18:22,407 - core.database - DEBUG - Table couriers structure is up to date
2026-04-06 10:18:22,408 - core.database - INFO - Table couriers repaired in 1.39s
2026-04-06 10:18:22,408 - core.database - DEBUG - Checking table structure for: health_check
2026-04-06 10:18:22,414 - core.database - DEBUG - Table food_item_modifiers structure is up to date
2026-04-06 10:18:22,416 - core.database - INFO - Table food_item_modifiers repaired in 1.40s
2026-04-06 10:18:22,417 - core.database - DEBUG - Checking table structure for: history_events
2026-04-06 10:18:22,419 - core.database - DEBUG - Table directory_entries structure is up to date
2026-04-06 10:18:22,419 - core.database - INFO - Table directory_entries repaired in 1.40s
2026-04-06 10:18:22,420 - core.database - DEBUG - Checking table structure for: homepage_stats
2026-04-06 10:18:22,420 - core.database - DEBUG - Table food_categories structure is up to date
2026-04-06 10:18:22,420 - core.database - INFO - Table food_categories repaired in 1.40s
2026-04-06 10:18:22,420 - core.database - DEBUG - Checking table structure for: inspectors
2026-04-06 10:18:22,425 - core.database - DEBUG - Table food_orders structure is up to date
2026-04-06 10:18:22,426 - core.database - INFO - Table food_orders repaired in 1.41s
2026-04-06 10:18:22,426 - core.database - DEBUG - Checking table structure for: item_modifier_groups
2026-04-06 10:18:22,428 - core.database - DEBUG - Table food_settings structure is up to date
2026-04-06 10:18:22,429 - core.database - INFO - Table food_settings repaired in 1.41s
2026-04-06 10:18:22,430 - core.database - DEBUG - Checking table structure for: jobs
2026-04-06 10:18:22,432 - core.database - DEBUG - Table food_modifiers structure is up to date
2026-04-06 10:18:22,433 - core.database - INFO - Table food_modifiers repaired in 1.41s
2026-04-06 10:18:22,433 - core.database - DEBUG - Checking table structure for: master_requests
2026-04-06 10:18:22,491 - core.database - DEBUG - Table food_items structure is up to date
2026-04-06 10:18:22,491 - core.database - INFO - Table food_items repaired in 1.47s
2026-04-06 10:18:22,492 - core.database - DEBUG - Checking table structure for: masters
2026-04-06 10:18:22,691 - core.database - DEBUG - Table frontpad_settings structure is up to date
2026-04-06 10:18:22,692 - core.database - INFO - Table frontpad_settings repaired in 1.67s
2026-04-06 10:18:22,692 - core.database - DEBUG - Checking table structure for: modifier_groups
2026-04-06 10:18:22,766 - core.database - DEBUG - Table frontpad_sync_log structure is up to date
2026-04-06 10:18:22,767 - core.database - INFO - Table frontpad_sync_log repaired in 1.75s
2026-04-06 10:18:22,767 - core.database - DEBUG - Checking table structure for: modifier_options
2026-04-06 10:18:22,786 - core.database - DEBUG - Table health_check structure is up to date
2026-04-06 10:18:22,786 - core.database - INFO - Table health_check repaired in 1.77s
2026-04-06 10:18:22,786 - core.database - DEBUG - Checking table structure for: news
2026-04-06 10:18:22,797 - core.database - DEBUG - Table history_events structure is up to date
2026-04-06 10:18:22,798 - core.database - INFO - Table history_events repaired in 1.78s
2026-04-06 10:18:22,798 - core.database - DEBUG - Checking table structure for: park_orders
2026-04-06 10:18:22,799 - core.database - DEBUG - Table homepage_stats structure is up to date
2026-04-06 10:18:22,799 - core.database - INFO - Table homepage_stats repaired in 1.78s
2026-04-06 10:18:22,799 - core.database - DEBUG - Checking table structure for: park_points
2026-04-06 10:18:22,808 - core.database - DEBUG - Table jobs structure is up to date
2026-04-06 10:18:22,809 - core.database - INFO - Table jobs repaired in 1.79s
2026-04-06 10:18:22,809 - core.database - DEBUG - Checking table structure for: question_answers
2026-04-06 10:18:22,810 - core.database - DEBUG - Table item_modifier_groups structure is up to date
2026-04-06 10:18:22,811 - core.database - INFO - Table item_modifier_groups repaired in 1.79s
2026-04-06 10:18:22,811 - core.database - DEBUG - Checking table structure for: questions
2026-04-06 10:18:22,812 - core.database - DEBUG - Table master_requests structure is up to date
2026-04-06 10:18:22,813 - core.database - INFO - Table master_requests repaired in 1.79s
2026-04-06 10:18:22,813 - core.database - DEBUG - Checking table structure for: real_estate
2026-04-06 10:18:22,862 - core.database - DEBUG - Table inspectors structure is up to date
2026-04-06 10:18:22,863 - core.database - INFO - Table inspectors repaired in 1.84s
2026-04-06 10:18:22,863 - core.database - DEBUG - Checking table structure for: user_preferences
2026-04-06 10:18:22,875 - core.database - DEBUG - Table masters structure is up to date
2026-04-06 10:18:22,875 - core.database - INFO - Table masters repaired in 1.86s
2026-04-06 10:18:23,142 - core.database - DEBUG - Table modifier_groups structure is up to date
2026-04-06 10:18:23,142 - core.database - INFO - Table modifier_groups repaired in 2.12s
2026-04-06 10:18:23,152 - core.database - DEBUG - Table modifier_options structure is up to date
2026-04-06 10:18:23,152 - core.database - INFO - Table modifier_options repaired in 2.13s
2026-04-06 10:18:23,185 - core.database - DEBUG - Table question_answers structure is up to date
2026-04-06 10:18:23,185 - core.database - INFO - Table question_answers repaired in 2.17s
2026-04-06 10:18:23,197 - core.database - DEBUG - Table real_estate structure is up to date
2026-04-06 10:18:23,197 - core.database - INFO - Table real_estate repaired in 2.18s
2026-04-06 10:18:23,264 - core.database - DEBUG - Table questions structure is up to date
2026-04-06 10:18:23,264 - core.database - INFO - Table questions repaired in 2.24s
2026-04-06 10:18:23,289 - core.database - DEBUG - Table news structure is up to date
2026-04-06 10:18:23,289 - core.database - INFO - Table news repaired in 2.27s
2026-04-06 10:18:23,301 - core.database - DEBUG - Table park_points structure is up to date
2026-04-06 10:18:23,301 - core.database - INFO - Table park_points repaired in 2.28s
2026-04-06 10:18:23,305 - core.database - DEBUG - Table park_orders structure is up to date
2026-04-06 10:18:23,305 - core.database - INFO - Table park_orders repaired in 2.29s
2026-04-06 10:18:23,308 - core.database - DEBUG - Table user_preferences structure is up to date
2026-04-06 10:18:23,308 - core.database - INFO - Table user_preferences repaired in 2.29s
2026-04-06 10:18:23,309 - core.database - INFO - 🔧 Table structure repair completed in 2.8675s
2026-04-06 10:18:23,309 - core.database - INFO - 🔧 Table structure repair completed
2026-04-06 10:18:23,309 - core.database - INFO - 🔧 Starting table creation...
2026-04-06 10:18:26,154 - core.database - INFO - Tables initialized successfully
2026-04-06 10:18:26,154 - core.database - DEBUG - [DB_OP] Create tables completed in 5.7133s
2026-04-06 10:18:26,217 - core.database - INFO - Lazy database initialization completed successfully
2026-04-06 10:18:27,038 - routers.admin_auth - INFO - [Admin Auth] Pre-computed 3 alternative password hashes for 'admin' account
2026-04-06 10:18:27,931 - routers.admin_auth - INFO - [Admin Auth] Admin credentials updated (username: admin)
2026-04-06 10:18:28,306 - routers.admin_auth - DEBUG - [Admin Auth] Legacy admin credentials already exist
2026-04-06 10:18:28,844 - routers.admin_auth - INFO - [Admin Auth] Main admin credentials updated (username: alemgersrt24)
2026-04-06 10:18:28,845 - core.config - DEBUG - Read dynamic attribute oss_service_url from environment variable OSS_SERVICE_URL
2026-04-06 10:18:28,845 - core.config - DEBUG - Read dynamic attribute oss_api_key from environment variable OSS_API_KEY
2026-04-06 10:18:29,268 - httpcore.connection - DEBUG - connect_tcp.started host='atoms.dev' port=443 local_address=None timeout=120.0 socket_options=None
2026-04-06 10:18:29,283 - httpcore.connection - DEBUG - connect_tcp.complete return_value=<httpcore._backends.anyio.AnyIOStream object at 0x7f13c6de3040>
2026-04-06 10:18:29,284 - httpcore.connection - DEBUG - start_tls.started ssl_context=<ssl.SSLContext object at 0x7f13c90426c0> server_hostname='atoms.dev' timeout=120.0
2026-04-06 10:18:29,294 - httpcore.connection - DEBUG - start_tls.complete return_value=<httpcore._backends.anyio.AnyIOStream object at 0x7f13c6de1f30>
2026-04-06 10:18:29,295 - httpcore.http11 - DEBUG - send_request_headers.started request=<Request [b'GET']>
2026-04-06 10:18:29,296 - httpcore.http11 - DEBUG - send_request_headers.complete
2026-04-06 10:18:29,296 - httpcore.http11 - DEBUG - send_request_body.started request=<Request [b'GET']>
2026-04-06 10:18:29,296 - httpcore.http11 - DEBUG - send_request_body.complete
2026-04-06 10:18:29,296 - httpcore.http11 - DEBUG - receive_response_headers.started request=<Request [b'GET']>
2026-04-06 10:18:29,332 - httpcore.http11 - DEBUG - receive_response_headers.complete return_value=(b'HTTP/1.1', 200, b'OK', [(b'Date', b'Mon, 06 Apr 2026 17:18:29 GMT'), (b'Content-Type', b'application/json; charset=utf-8'), (b'Transfer-Encoding', b'chunked'), (b'Connection', b'keep-alive'), (b'Access-Control-Allow-Headers', b'Origin, Content-Type, Accept, Authorization'), (b'Access-Control-Allow-Methods', b'GET, POST, PUT, DELETE, OPTIONS'), (b'Access-Control-Allow-Origin', b'*'), (b'Access-Control-Max-Age', b'86400'), (b'X-Request-Id', b'2330a3af3a2a725fa2e94c42a9ed7ac9'), (b'X-Trace-Id', b'89727ab50a104799b35f0319d67991f0'), (b'Content-Security-Policy', b"frame-ancestors 'self' https://atoms.dev"), (b'Strict-Transport-Security', b'max-age=63072000; includeSubDomains; preload'), (b'X-Content-Type-Options', b'nosniff'), (b'X-XSS-Protection', b'1; mode=block'), (b'Referrer-Policy', b'strict-origin-when-cross-origin'), (b'cf-cache-status', b'DYNAMIC'), (b'Content-Encoding', b'gzip'), (b'Server', b'cloudflare'), (b'CF-RAY', b'9e8273b91ebcf4ef-LAX')])
2026-04-06 10:18:29,333 - httpx - INFO - HTTP Request: GET https://atoms.dev/api/v1/infra/client/oss/buckets "HTTP/1.1 200 OK"
2026-04-06 10:18:29,333 - httpcore.http11 - DEBUG - receive_response_body.started request=<Request [b'GET']>
2026-04-06 10:18:29,334 - httpcore.http11 - DEBUG - receive_response_body.complete
2026-04-06 10:18:29,334 - httpcore.http11 - DEBUG - response_closed.started
2026-04-06 10:18:29,334 - httpcore.http11 - DEBUG - response_closed.complete
2026-04-06 10:18:29,335 - httpcore.connection - DEBUG - close.started
2026-04-06 10:18:29,335 - httpcore.connection - DEBUG - close.complete
2026-04-06 10:18:29,335 - services.bucket_init - INFO - Bucket 'portal-images' already exists
2026-04-06 10:18:29,335 - main - INFO - === Application startup completed ===
2026-04-06 10:18:37,884 - core.database - DEBUG - [DB_OP] Starting get_db session creation
2026-04-06 10:18:37,884 - core.database - DEBUG - [DB_OP] Database session created successfully in 0.0005s
2026-04-06 10:18:37,885 - routers.categories - DEBUG - Querying categoriess: query=None, sort=None, skip=0, limit=1, fields=None
2026-04-06 10:18:38,389 - routers.categories - DEBUG - Found 45 categoriess
2026-04-06 10:18:38,390 - core.database - DEBUG - [DB_OP] Database session cleanup after 0.5061s
2026-04-06 10:18:38,442 - httpcore.connection - DEBUG - connect_tcp.started host='api.openweathermap.org' port=443 local_address=None timeout=10.0 socket_options=None
2026-04-06 10:18:38,452 - core.database - DEBUG - [DB_OP] Starting get_db session creation
2026-04-06 10:18:38,454 - core.database - DEBUG - [DB_OP] Database session created successfully in 0.0016s
2026-04-06 10:18:38,455 - routers.news - DEBUG - Querying newss: query={"published":true}, sort=-created_at, skip=0, limit=6, fields=None
2026-04-06 10:18:38,465 - core.database - DEBUG - [DB_OP] Starting get_db session creation
2026-04-06 10:18:38,465 - core.database - DEBUG - [DB_OP] Database session created successfully in 0.0005s
2026-04-06 10:18:38,465 - routers.complaints - DEBUG - Querying complaintss: query=None, sort=-created_at, skip=0, limit=3, fields=None
2026-04-06 10:18:38,470 - core.database - DEBUG - [DB_OP] Starting get_db session creation
2026-04-06 10:18:38,471 - core.database - DEBUG - [DB_OP] Database session created successfully in 0.0004s
2026-04-06 10:18:38,471 - routers.jobs - DEBUG - Querying jobss: query={"active":true}, sort=-created_at, skip=0, limit=3, fields=None
2026-04-06 10:18:38,504 - httpcore.connection - DEBUG - connect_tcp.complete return_value=<httpcore._backends.anyio.AnyIOStream object at 0x7f13cd499e70>
2026-04-06 10:18:38,505 - httpcore.connection - DEBUG - start_tls.started ssl_context=<ssl.SSLContext object at 0x7f13c6e91bc0> server_hostname='api.openweathermap.org' timeout=10.0
2026-04-06 10:18:38,540 - httpcore.connection - DEBUG - start_tls.complete return_value=<httpcore._backends.anyio.AnyIOStream object at 0x7f13cd499bd0>
2026-04-06 10:18:38,541 - httpcore.http11 - DEBUG - send_request_headers.started request=<Request [b'GET']>
2026-04-06 10:18:38,542 - httpcore.http11 - DEBUG - send_request_headers.complete
2026-04-06 10:18:38,542 - httpcore.http11 - DEBUG - send_request_body.started request=<Request [b'GET']>
2026-04-06 10:18:38,542 - httpcore.http11 - DEBUG - send_request_body.complete
2026-04-06 10:18:38,542 - httpcore.http11 - DEBUG - receive_response_headers.started request=<Request [b'GET']>
2026-04-06 10:18:38,585 - httpcore.http11 - DEBUG - receive_response_headers.complete return_value=(b'HTTP/1.1', 200, b'OK', [(b'Date', b'Mon, 06 Apr 2026 17:18:38 GMT'), (b'Content-Type', b'application/json; charset=utf-8'), (b'Content-Length', b'552'), (b'Connection', b'keep-alive'), (b'X-Cache-Key', b'/data/2.5/weather?lang=ru&q=karaganda&units=metric'), (b'Access-Control-Allow-Origin', b'*'), (b'Access-Control-Allow-Credentials', b'true'), (b'Access-Control-Allow-Methods', b'GET, POST')])
2026-04-06 10:18:38,586 - httpx - INFO - HTTP Request: GET https://api.openweathermap.org/data/2.5/weather?q=Karaganda&units=metric&lang=ru&appid=ae3471b8d67a2e46b753ece3875423c9 "HTTP/1.1 200 OK"
2026-04-06 10:18:38,587 - httpcore.http11 - DEBUG - receive_response_body.started request=<Request [b'GET']>
2026-04-06 10:18:38,587 - httpcore.http11 - DEBUG - receive_response_body.complete
2026-04-06 10:18:38,587 - httpcore.http11 - DEBUG - response_closed.started
2026-04-06 10:18:38,588 - httpcore.http11 - DEBUG - response_closed.complete
2026-04-06 10:18:38,588 - httpcore.connection - DEBUG - close.started
2026-04-06 10:18:38,588 - httpcore.connection - DEBUG - close.complete
2026-04-06 10:18:38,589 - routers.weather - INFO - [Weather] Fetched: 5°C, облачно с прояснениями
2026-04-06 10:18:38,974 - routers.news - DEBUG - Found 10 newss
2026-04-06 10:18:38,975 - core.database - DEBUG - [DB_OP] Database session cleanup after 0.5227s
2026-04-06 10:18:38,976 - routers.complaints - DEBUG - Found 12 complaintss
2026-04-06 10:18:38,976 - core.database - DEBUG - [DB_OP] Database session cleanup after 0.5119s
2026-04-06 10:18:38,978 - routers.jobs - DEBUG - Found 5 jobss
2026-04-06 10:18:38,979 - core.database - DEBUG - [DB_OP] Database session cleanup after 0.5090s
2026-04-06 10:18:39,166 - core.database - DEBUG - [DB_OP] Starting get_db session creation
2026-04-06 10:18:39,166 - core.database - DEBUG - [DB_OP] Database session created successfully in 0.0005s
2026-04-06 10:18:39,167 - routers.banners - DEBUG - Querying bannerss: query={"active":true}, sort=None, skip=0, limit=4, fields=None
2026-04-06 10:18:39,172 - core.database - DEBUG - [DB_OP] Starting get_db session creation
2026-04-06 10:18:39,173 - core.database - DEBUG - [DB_OP] Database session created successfully in 0.0004s
2026-04-06 10:18:39,173 - routers.homepage_stats - DEBUG - Querying homepage_statss: query=None, sort=None, skip=0, limit=1, fields=None
2026-04-06 10:18:39,671 - routers.banners - DEBUG - Found 2 bannerss
2026-04-06 10:18:39,672 - core.database - DEBUG - [DB_OP] Database session cleanup after 0.5058s
2026-04-06 10:18:39,674 - routers.homepage_stats - DEBUG - Found 1 homepage_statss
2026-04-06 10:18:39,675 - core.database - DEBUG - [DB_OP] Database session cleanup after 0.5027s
2026-04-06 10:18:39,799 - httpcore.connection - DEBUG - connect_tcp.started host='atoms.dev' port=443 local_address=None timeout=120.0 socket_options=None
2026-04-06 10:18:39,836 - httpcore.connection - DEBUG - connect_tcp.started host='atoms.dev' port=443 local_address=None timeout=120.0 socket_options=None
2026-04-06 10:18:39,868 - httpcore.connection - DEBUG - connect_tcp.started host='atoms.dev' port=443 local_address=None timeout=120.0 socket_options=None
2026-04-06 10:18:39,872 - core.database - DEBUG - [DB_OP] Starting get_db session creation
2026-04-06 10:18:39,873 - core.database - DEBUG - [DB_OP] Database session created successfully in 0.0004s
2026-04-06 10:18:39,873 - routers.food_categories - DEBUG - Querying food_categoriess: query=None, sort=sort_order, skip=0, limit=50, fields=None
2026-04-06 10:18:39,879 - core.database - DEBUG - [DB_OP] Starting get_db session creation
2026-04-06 10:18:39,879 - core.database - DEBUG - [DB_OP] Database session created successfully in 0.0004s
2026-04-06 10:18:39,880 - routers.food_items - DEBUG - Querying food_itemss: query=None, sort=sort_order, skip=0, limit=200, fields=None
2026-04-06 10:18:39,887 - core.database - DEBUG - [DB_OP] Starting get_db session creation
2026-04-06 10:18:39,887 - core.database - DEBUG - [DB_OP] Database session created successfully in 0.0005s
2026-04-06 10:18:39,888 - routers.masters - DEBUG - Querying masterss: query=None, sort=-rating, skip=0, limit=50, fields=None
2026-04-06 10:18:39,891 - httpcore.connection - DEBUG - connect_tcp.complete return_value=<httpcore._backends.anyio.AnyIOStream object at 0x7f13cd49a560>
2026-04-06 10:18:39,891 - httpcore.connection - DEBUG - start_tls.started ssl_context=<ssl.SSLContext object at 0x7f13cd52a940> server_hostname='atoms.dev' timeout=120.0
2026-04-06 10:18:39,893 - httpcore.connection - DEBUG - connect_tcp.complete return_value=<httpcore._backends.anyio.AnyIOStream object at 0x7f13cd50f850>
2026-04-06 10:18:39,893 - httpcore.connection - DEBUG - start_tls.started ssl_context=<ssl.SSLContext object at 0x7f13cd52aac0> server_hostname='atoms.dev' timeout=120.0
2026-04-06 10:18:39,893 - httpcore.connection - DEBUG - connect_tcp.complete return_value=<httpcore._backends.anyio.AnyIOStream object at 0x7f13c62256f0>
2026-04-06 10:18:39,894 - httpcore.connection - DEBUG - start_tls.started ssl_context=<ssl.SSLContext object at 0x7f13cd52af40> server_hostname='atoms.dev' timeout=120.0
2026-04-06 10:18:39,904 - httpcore.connection - DEBUG - start_tls.complete return_value=<httpcore._backends.anyio.AnyIOStream object at 0x7f13cd49aaa0>
2026-04-06 10:18:39,907 - httpcore.http11 - DEBUG - send_request_headers.started request=<Request [b'POST']>
2026-04-06 10:18:39,908 - httpcore.connection - DEBUG - start_tls.complete return_value=<httpcore._backends.anyio.AnyIOStream object at 0x7f13cd50fc70>
2026-04-06 10:18:39,910 - httpcore.http11 - DEBUG - send_request_headers.complete
2026-04-06 10:18:39,911 - httpcore.http11 - DEBUG - send_request_body.started request=<Request [b'POST']>
2026-04-06 10:18:39,911 - httpcore.http11 - DEBUG - send_request_headers.started request=<Request [b'POST']>
2026-04-06 10:18:39,911 - httpcore.connection - DEBUG - start_tls.complete return_value=<httpcore._backends.anyio.AnyIOStream object at 0x7f13cd50f130>
2026-04-06 10:18:39,912 - httpcore.http11 - DEBUG - send_request_body.complete
2026-04-06 10:18:39,912 - httpcore.http11 - DEBUG - receive_response_headers.started request=<Request [b'POST']>
2026-04-06 10:18:39,913 - httpcore.http11 - DEBUG - send_request_headers.complete
2026-04-06 10:18:39,913 - httpcore.http11 - DEBUG - send_request_body.started request=<Request [b'POST']>
2026-04-06 10:18:39,914 - httpcore.http11 - DEBUG - send_request_headers.started request=<Request [b'POST']>
2026-04-06 10:18:39,914 - httpcore.http11 - DEBUG - send_request_body.complete
2026-04-06 10:18:39,914 - httpcore.http11 - DEBUG - receive_response_headers.started request=<Request [b'POST']>
2026-04-06 10:18:39,915 - httpcore.http11 - DEBUG - send_request_headers.complete
2026-04-06 10:18:39,915 - httpcore.http11 - DEBUG - send_request_body.started request=<Request [b'POST']>
2026-04-06 10:18:39,916 - httpcore.http11 - DEBUG - send_request_body.complete
2026-04-06 10:18:39,917 - httpcore.http11 - DEBUG - receive_response_headers.started request=<Request [b'POST']>
2026-04-06 10:18:39,948 - httpcore.http11 - DEBUG - receive_response_headers.complete return_value=(b'HTTP/1.1', 200, b'OK', [(b'Date', b'Mon, 06 Apr 2026 17:18:39 GMT'), (b'Content-Type', b'application/json; charset=utf-8'), (b'Transfer-Encoding', b'chunked'), (b'Connection', b'keep-alive'), (b'Access-Control-Allow-Headers', b'Origin, Content-Type, Accept, Authorization'), (b'Access-Control-Allow-Methods', b'GET, POST, PUT, DELETE, OPTIONS'), (b'Access-Control-Allow-Origin', b'*'), (b'Access-Control-Max-Age', b'86400'), (b'X-Request-Id', b'01b752189b5a17a6f57a2a89b195b8af'), (b'X-Trace-Id', b'87129565fd4e4c1c9b5995448e34c5aa'), (b'Content-Security-Policy', b"frame-ancestors 'self' https://atoms.dev"), (b'Strict-Transport-Security', b'max-age=63072000; includeSubDomains; preload'), (b'X-Content-Type-Options', b'nosniff'), (b'X-XSS-Protection', b'1; mode=block'), (b'Referrer-Policy', b'strict-origin-when-cross-origin'), (b'cf-cache-status', b'DYNAMIC'), (b'Content-Encoding', b'gzip'), (b'Server', b'cloudflare'), (b'CF-RAY', b'9e8273fb79a7dc36-LAX')])
2026-04-06 10:18:39,949 - httpx - INFO - HTTP Request: POST https://atoms.dev/api/v1/infra/client/oss/buckets/portal-images/objects/download_url "HTTP/1.1 200 OK"
2026-04-06 10:18:39,950 - httpcore.http11 - DEBUG - receive_response_body.started request=<Request [b'POST']>
2026-04-06 10:18:39,950 - httpcore.http11 - DEBUG - receive_response_body.complete
2026-04-06 10:18:39,951 - httpcore.http11 - DEBUG - response_closed.started
2026-04-06 10:18:39,951 - httpcore.http11 - DEBUG - response_closed.complete
2026-04-06 10:18:39,952 - httpcore.connection - DEBUG - close.started
2026-04-06 10:18:39,952 - httpcore.connection - DEBUG - close.complete
2026-04-06 10:18:39,963 - core.database - DEBUG - [DB_OP] Starting get_db session creation
2026-04-06 10:18:39,964 - core.database - DEBUG - [DB_OP] Database session created successfully in 0.0008s
2026-04-06 10:18:39,964 - routers.announcements - DEBUG - Querying announcementss: query={"active":true,"status":"approved"}, sort=-created_at, skip=0, limit=50, fields=None
2026-04-06 10:18:39,967 - httpcore.http11 - DEBUG - receive_response_headers.complete return_value=(b'HTTP/1.1', 200, b'OK', [(b'Date', b'Mon, 06 Apr 2026 17:18:39 GMT'), (b'Content-Type', b'application/json; charset=utf-8'), (b'Transfer-Encoding', b'chunked'), (b'Connection', b'keep-alive'), (b'Access-Control-Allow-Headers', b'Origin, Content-Type, Accept, Authorization'), (b'Access-Control-Allow-Methods', b'GET, POST, PUT, DELETE, OPTIONS'), (b'Access-Control-Allow-Origin', b'*'), (b'Access-Control-Max-Age', b'86400'), (b'X-Request-Id', b'14d9ed8b1eab0238aa2907abca912b5b'), (b'X-Trace-Id', b'143fae79ed304e84bdbcd37d1b0d5c08'), (b'Content-Security-Policy', b"frame-ancestors 'self' https://atoms.dev"), (b'Strict-Transport-Security', b'max-age=63072000; includeSubDomains; preload'), (b'X-Content-Type-Options', b'nosniff'), (b'X-XSS-Protection', b'1; mode=block'), (b'Referrer-Policy', b'strict-origin-when-cross-origin'), (b'cf-cache-status', b'DYNAMIC'), (b'Content-Encoding', b'gzip'), (b'Server', b'cloudflare'), (b'CF-RAY', b'9e8273fb7c53cb82-LAX')])
2026-04-06 10:18:39,968 - httpx - INFO - HTTP Request: POST https://atoms.dev/api/v1/infra/client/oss/buckets/portal-images/objects/download_url "HTTP/1.1 200 OK"
2026-04-06 10:18:39,968 - httpcore.http11 - DEBUG - receive_response_body.started request=<Request [b'POST']>
2026-04-06 10:18:39,969 - httpcore.http11 - DEBUG - receive_response_body.complete
2026-04-06 10:18:39,969 - httpcore.http11 - DEBUG - response_closed.started
2026-04-06 10:18:39,969 - httpcore.http11 - DEBUG - response_closed.complete
2026-04-06 10:18:39,970 - httpcore.connection - DEBUG - close.started
2026-04-06 10:18:39,970 - httpcore.connection - DEBUG - close.complete
2026-04-06 10:18:39,971 - httpcore.http11 - DEBUG - receive_response_headers.complete return_value=(b'HTTP/1.1', 200, b'OK', [(b'Date', b'Mon, 06 Apr 2026 17:18:39 GMT'), (b'Content-Type', b'application/json; charset=utf-8'), (b'Transfer-Encoding', b'chunked'), (b'Connection', b'keep-alive'), (b'Access-Control-Allow-Headers', b'Origin, Content-Type, Accept, Authorization'), (b'Access-Control-Allow-Methods', b'GET, POST, PUT, DELETE, OPTIONS'), (b'Access-Control-Allow-Origin', b'*'), (b'Access-Control-Max-Age', b'86400'), (b'X-Request-Id', b'be4f306ba95766f615bec15e1bd4341b'), (b'X-Trace-Id', b'5a518fedb68a4af5aa888d4cb089f949'), (b'Content-Security-Policy', b"frame-ancestors 'self' https://atoms.dev"), (b'Strict-Transport-Security', b'max-age=63072000; includeSubDomains; preload'), (b'X-Content-Type-Options', b'nosniff'), (b'X-XSS-Protection', b'1; mode=block'), (b'Referrer-Policy', b'strict-origin-when-cross-origin'), (b'cf-cache-status', b'DYNAMIC'), (b'Content-Encoding', b'gzip'), (b'Server', b'cloudflare'), (b'CF-RAY', b'9e8273fb793a1da7-LAX')])
2026-04-06 10:18:39,972 - httpx - INFO - HTTP Request: POST https://atoms.dev/api/v1/infra/client/oss/buckets/portal-images/objects/download_url "HTTP/1.1 200 OK"
2026-04-06 10:18:39,972 - httpcore.http11 - DEBUG - receive_response_body.started request=<Request [b'POST']>
2026-04-06 10:18:39,972 - httpcore.http11 - DEBUG - receive_response_body.complete
2026-04-06 10:18:39,973 - httpcore.http11 - DEBUG - response_closed.started
2026-04-06 10:18:39,974 - httpcore.http11 - DEBUG - response_closed.complete
2026-04-06 10:18:39,974 - httpcore.connection - DEBUG - close.started
2026-04-06 10:18:39,974 - httpcore.connection - DEBUG - close.complete
2026-04-06 10:18:40,382 - routers.food_categories - DEBUG - Found 6 food_categoriess
2026-04-06 10:18:40,383 - core.database - DEBUG - [DB_OP] Database session cleanup after 0.5104s
2026-04-06 10:18:40,396 - routers.masters - DEBUG - Found 8 masterss
2026-04-06 10:18:40,398 - core.database - DEBUG - [DB_OP] Database session cleanup after 0.5111s
2026-04-06 10:18:40,449 - routers.food_items - DEBUG - Found 13 food_itemss
2026-04-06 10:18:40,450 - core.database - DEBUG - [DB_OP] Database session cleanup after 0.5715s
2026-04-06 10:18:40,476 - routers.announcements - DEBUG - Found 1 announcementss
2026-04-06 10:18:40,477 - core.database - DEBUG - [DB_OP] Database session cleanup after 0.5144s
2026-04-06 10:18:41,793 - core.database - DEBUG - [DB_OP] Starting get_db session creation
2026-04-06 10:18:41,794 - core.database - DEBUG - [DB_OP] Database session created successfully in 0.0008s
2026-04-06 10:18:41,794 - routers.categories - DEBUG - Querying categoriess: query=None, sort=None, skip=0, limit=1, fields=None
2026-04-06 10:18:42,170 - routers.categories - DEBUG - Found 45 categoriess
2026-04-06 10:18:42,171 - core.database - DEBUG - [DB_OP] Database session cleanup after 0.3777s
2026-04-06 10:18:42,581 - core.database - DEBUG - [DB_OP] Starting get_db session creation
2026-04-06 10:18:42,581 - core.database - DEBUG - [DB_OP] Database session created successfully in 0.0005s
2026-04-06 10:18:42,582 - routers.news - DEBUG - Querying newss: query={"published":true}, sort=-created_at, skip=0, limit=6, fields=None
2026-04-06 10:18:42,584 - core.database - DEBUG - [DB_OP] Starting get_db session creation
2026-04-06 10:18:42,584 - core.database - DEBUG - [DB_OP] Database session created successfully in 0.0003s
2026-04-06 10:18:42,585 - routers.jobs - DEBUG - Querying jobss: query={"active":true}, sort=-created_at, skip=0, limit=3, fields=None
2026-04-06 10:18:42,586 - core.database - DEBUG - [DB_OP] Starting get_db session creation
2026-04-06 10:18:42,586 - core.database - DEBUG - [DB_OP] Database session created successfully in 0.0002s
2026-04-06 10:18:42,587 - routers.complaints - DEBUG - Querying complaintss: query=None, sort=-created_at, skip=0, limit=3, fields=None
2026-04-06 10:18:42,962 - routers.news - DEBUG - Found 10 newss
2026-04-06 10:18:42,963 - core.database - DEBUG - [DB_OP] Database session cleanup after 0.3817s
2026-04-06 10:18:42,964 - routers.jobs - DEBUG - Found 5 jobss
2026-04-06 10:18:42,964 - core.database - DEBUG - [DB_OP] Database session cleanup after 0.3800s
2026-04-06 10:18:42,965 - routers.complaints - DEBUG - Found 12 complaintss
2026-04-06 10:18:42,965 - core.database - DEBUG - [DB_OP] Database session cleanup after 0.3786s
2026-04-06 10:18:43,466 - core.database - DEBUG - [DB_OP] Starting get_db session creation
2026-04-06 10:18:43,467 - core.database - DEBUG - [DB_OP] Database session created successfully in 0.0005s
2026-04-06 10:18:43,467 - routers.banners - DEBUG - Querying bannerss: query={"active":true}, sort=None, skip=0, limit=4, fields=None
2026-04-06 10:18:43,469 - core.database - DEBUG - [DB_OP] Starting get_db session creation
2026-04-06 10:18:43,470 - core.database - DEBUG - [DB_OP] Database session created successfully in 0.0004s
2026-04-06 10:18:43,470 - routers.homepage_stats - DEBUG - Querying homepage_statss: query=None, sort=None, skip=0, limit=1, fields=None
2026-04-06 10:18:43,845 - routers.homepage_stats - DEBUG - Found 1 homepage_statss
2026-04-06 10:18:43,846 - core.database - DEBUG - [DB_OP] Database session cleanup after 0.3763s
2026-04-06 10:18:43,847 - routers.banners - DEBUG - Found 2 bannerss
2026-04-06 10:18:43,848 - core.database - DEBUG - [DB_OP] Database session cleanup after 0.3817s
2026-04-06 10:18:45,042 - core.database - DEBUG - [DB_OP] Starting get_db session creation
2026-04-06 10:18:45,043 - core.database - DEBUG - [DB_OP] Database session created successfully in 0.0016s
2026-04-06 10:18:45,044 - routers.food_items - DEBUG - Querying food_itemss: query=None, sort=sort_order, skip=0, limit=200, fields=None
2026-04-06 10:18:45,077 - core.database - DEBUG - [DB_OP] Starting get_db session creation
2026-04-06 10:18:45,077 - core.database - DEBUG - [DB_OP] Database session created successfully in 0.0004s
2026-04-06 10:18:45,078 - routers.modifier_groups - DEBUG - Querying modifier_groupss: query=None, sort=sort_order, skip=0, limit=100, fields=None
2026-04-06 10:18:45,109 - core.database - DEBUG - [DB_OP] Starting get_db session creation
2026-04-06 10:18:45,111 - core.database - DEBUG - [DB_OP] Database session created successfully in 0.0020s
2026-04-06 10:18:45,112 - routers.modifier_options - DEBUG - Querying modifier_optionss: query=None, sort=sort_order, skip=0, limit=500, fields=None
2026-04-06 10:18:45,115 - core.database - DEBUG - [DB_OP] Starting get_db session creation
2026-04-06 10:18:45,116 - core.database - DEBUG - [DB_OP] Database session created successfully in 0.0011s
2026-04-06 10:18:45,118 - routers.food_categories - DEBUG - Querying food_categoriess: query=None, sort=sort_order, skip=0, limit=50, fields=None
2026-04-06 10:18:45,150 - core.database - DEBUG - [DB_OP] Starting get_db session creation
2026-04-06 10:18:45,151 - core.database - DEBUG - [DB_OP] Database session created successfully in 0.0005s
2026-04-06 10:18:45,151 - routers.item_modifier_groups - DEBUG - Querying item_modifier_groupss: query=None, sort=None, skip=0, limit=500, fields=None
2026-04-06 10:18:45,163 - core.database - DEBUG - [DB_OP] Starting get_db session creation
2026-04-06 10:18:45,164 - core.database - DEBUG - [DB_OP] Database session created successfully in 0.0006s
2026-04-06 10:18:45,164 - routers.food_settings - DEBUG - Querying food_settingss: query=None, sort=None, skip=0, limit=50, fields=None
2026-04-06 10:18:45,615 - routers.modifier_groups - DEBUG - Found 0 modifier_groupss
2026-04-06 10:18:45,616 - core.database - DEBUG - [DB_OP] Database session cleanup after 0.5391s
2026-04-06 10:18:45,620 - routers.food_categories - DEBUG - Found 6 food_categoriess
2026-04-06 10:18:45,621 - core.database - DEBUG - [DB_OP] Database session cleanup after 0.5059s
2026-04-06 10:18:45,622 - routers.modifier_options - DEBUG - Found 0 modifier_optionss
2026-04-06 10:18:45,623 - core.database - DEBUG - [DB_OP] Database session cleanup after 0.5144s
2026-04-06 10:18:45,659 - routers.food_items - DEBUG - Found 13 food_itemss
2026-04-06 10:18:45,662 - core.database - DEBUG - [DB_OP] Database session cleanup after 0.6198s
2026-04-06 10:18:45,663 - routers.item_modifier_groups - DEBUG - Found 0 item_modifier_groupss
2026-04-06 10:18:45,664 - core.database - DEBUG - [DB_OP] Database session cleanup after 0.5139s
2026-04-06 10:18:45,924 - routers.food_settings - DEBUG - Found 6 food_settingss
2026-04-06 10:18:45,925 - core.database - DEBUG - [DB_OP] Database session cleanup after 0.7619s
2026-04-06 10:18:50,578 - core.database - DEBUG - [DB_OP] Starting get_db session creation
2026-04-06 10:18:50,579 - core.database - DEBUG - [DB_OP] Database session created successfully in 0.0004s
2026-04-06 10:18:50,579 - routers.categories - DEBUG - Querying categoriess: query=None, sort=None, skip=0, limit=1, fields=None
2026-04-06 10:18:51,089 - routers.categories - DEBUG - Found 45 categoriess
2026-04-06 10:18:51,090 - core.database - DEBUG - [DB_OP] Database session cleanup after 0.5117s
2026-04-06 10:18:51,706 - core.database - DEBUG - [DB_OP] Starting get_db session creation
2026-04-06 10:18:51,707 - core.database - DEBUG - [DB_OP] Database session created successfully in 0.0011s
2026-04-06 10:18:51,708 - routers.food_items - DEBUG - Querying food_itemss: query=None, sort=sort_order, skip=0, limit=200, fields=None
2026-04-06 10:18:51,713 - core.database - DEBUG - [DB_OP] Starting get_db session creation
2026-04-06 10:18:51,716 - core.database - DEBUG - [DB_OP] Database session created successfully in 0.0033s
2026-04-06 10:18:51,718 - routers.food_categories - DEBUG - Querying food_categoriess: query=None, sort=sort_order, skip=0, limit=50, fields=None
2026-04-06 10:18:51,727 - core.database - DEBUG - [DB_OP] Starting get_db session creation
2026-04-06 10:18:51,727 - core.database - DEBUG - [DB_OP] Database session created successfully in 0.0003s
2026-04-06 10:18:51,728 - routers.park_points - DEBUG - Querying park_pointss: query=None, sort=sort_order, skip=0, limit=50, fields=None
2026-04-06 10:18:52,217 - routers.food_items - DEBUG - Found 13 food_itemss
2026-04-06 10:18:52,218 - core.database - DEBUG - [DB_OP] Database session cleanup after 0.5116s
2026-04-06 10:18:52,229 - routers.food_categories - DEBUG - Found 6 food_categoriess
2026-04-06 10:18:52,231 - core.database - DEBUG - [DB_OP] Database session cleanup after 0.5180s
2026-04-06 10:18:52,301 - routers.park_points - DEBUG - Found 8 park_pointss
2026-04-06 10:18:52,302 - core.database - DEBUG - [DB_OP] Database session cleanup after 0.5745s
2026-04-06 10:19:34,127 - core.database - DEBUG - [DB_OP] Starting get_db session creation
2026-04-06 10:19:34,127 - core.database - DEBUG - [DB_OP] Database session created successfully in 0.0005s
2026-04-06 10:19:34,128 - routers.news - DEBUG - Querying newss: query={"published":true}, sort=-created_at, skip=0, limit=50, fields=None
2026-04-06 10:19:34,694 - routers.news - DEBUG - Found 10 newss
2026-04-06 10:19:34,696 - core.database - DEBUG - [DB_OP] Database session cleanup after 0.5686s
2026-04-06 10:19:41,053 - core.database - DEBUG - [DB_OP] Starting get_db session creation
2026-04-06 10:19:41,054 - core.database - DEBUG - [DB_OP] Database session created successfully in 0.0004s
2026-04-06 10:19:41,054 - routers.masters - DEBUG - Querying masterss: query=None, sort=-rating, skip=0, limit=50, fields=None
2026-04-06 10:19:41,078 - core.database - DEBUG - [DB_OP] Starting get_db session creation
2026-04-06 10:19:41,079 - core.database - DEBUG - [DB_OP] Database session created successfully in 0.0006s
2026-04-06 10:19:41,079 - routers.complaints - DEBUG - Querying complaintss: query=None, sort=-created_at, skip=0, limit=50, fields=None
2026-04-06 10:19:41,089 - core.database - DEBUG - [DB_OP] Starting get_db session creation
2026-04-06 10:19:41,089 - core.database - DEBUG - [DB_OP] Database session created successfully in 0.0006s
2026-04-06 10:19:41,090 - routers.jobs - DEBUG - Querying jobss: query={"active":true}, sort=-created_at, skip=0, limit=50, fields=None
2026-04-06 10:19:41,434 - routers.masters - DEBUG - Found 8 masterss
2026-04-06 10:19:41,435 - core.database - DEBUG - [DB_OP] Database session cleanup after 0.3821s
2026-04-06 10:19:41,597 - routers.jobs - DEBUG - Found 5 jobss
2026-04-06 10:19:41,598 - core.database - DEBUG - [DB_OP] Database session cleanup after 0.5095s
2026-04-06 10:19:41,642 - routers.complaints - DEBUG - Found 12 complaintss
2026-04-06 10:19:41,643 - core.database - DEBUG - [DB_OP] Database session cleanup after 0.5653s
2026-04-06 10:19:45,183 - core.database - DEBUG - [DB_OP] Starting get_db session creation
2026-04-06 10:19:45,183 - core.database - DEBUG - [DB_OP] Database session created successfully in 0.0005s
2026-04-06 10:19:45,184 - routers.news - DEBUG - Querying newss: query={"published":true}, sort=-created_at, skip=0, limit=6, fields=None
2026-04-06 10:19:45,185 - core.database - DEBUG - [DB_OP] Starting get_db session creation
2026-04-06 10:19:45,185 - core.database - DEBUG - [DB_OP] Database session created successfully in 0.0002s
2026-04-06 10:19:45,186 - routers.complaints - DEBUG - Querying complaintss: query=None, sort=-created_at, skip=0, limit=3, fields=None
2026-04-06 10:19:45,193 - core.database - DEBUG - [DB_OP] Starting get_db session creation
2026-04-06 10:19:45,193 - core.database - DEBUG - [DB_OP] Database session created successfully in 0.0004s
2026-04-06 10:19:45,193 - routers.jobs - DEBUG - Querying jobss: query={"active":true}, sort=-created_at, skip=0, limit=3, fields=None
2026-04-06 10:19:45,325 - core.database - DEBUG - [DB_OP] Starting get_db session creation
2026-04-06 10:19:45,325 - core.database - DEBUG - [DB_OP] Database session created successfully in 0.0005s
2026-04-06 10:19:45,325 - routers.banners - DEBUG - Querying bannerss: query={"active":true}, sort=None, skip=0, limit=4, fields=None
2026-04-06 10:19:45,327 - core.database - DEBUG - [DB_OP] Starting get_db session creation
2026-04-06 10:19:45,327 - core.database - DEBUG - [DB_OP] Database session created successfully in 0.0002s
2026-04-06 10:19:45,328 - routers.homepage_stats - DEBUG - Querying homepage_statss: query=None, sort=None, skip=0, limit=1, fields=None
2026-04-06 10:19:45,401 - httpcore.connection - DEBUG - connect_tcp.started host='atoms.dev' port=443 local_address=None timeout=120.0 socket_options=None
2026-04-06 10:19:45,441 - httpcore.connection - DEBUG - connect_tcp.started host='atoms.dev' port=443 local_address=None timeout=120.0 socket_options=None
2026-04-06 10:19:45,478 - httpcore.connection - DEBUG - connect_tcp.started host='atoms.dev' port=443 local_address=None timeout=120.0 socket_options=None
2026-04-06 10:19:45,479 - core.database - DEBUG - [DB_OP] Starting get_db session creation
2026-04-06 10:19:45,481 - core.database - DEBUG - [DB_OP] Database session created successfully in 0.0012s
2026-04-06 10:19:45,481 - routers.announcements - DEBUG - Querying announcementss: query={"active":true,"status":"approved"}, sort=-created_at, skip=0, limit=50, fields=None
2026-04-06 10:19:45,488 - httpcore.connection - DEBUG - connect_tcp.complete return_value=<httpcore._backends.anyio.AnyIOStream object at 0x7f13c611bf10>
2026-04-06 10:19:45,489 - httpcore.connection - DEBUG - start_tls.started ssl_context=<ssl.SSLContext object at 0x7f13c611f1c0> server_hostname='atoms.dev' timeout=120.0
2026-04-06 10:19:45,490 - httpcore.connection - DEBUG - connect_tcp.complete return_value=<httpcore._backends.anyio.AnyIOStream object at 0x7f13c6142fb0>
2026-04-06 10:19:45,490 - httpcore.connection - DEBUG - start_tls.started ssl_context=<ssl.SSLContext object at 0x7f13c611eec0> server_hostname='atoms.dev' timeout=120.0
2026-04-06 10:19:45,490 - httpcore.connection - DEBUG - connect_tcp.complete return_value=<httpcore._backends.anyio.AnyIOStream object at 0x7f13c6143190>
2026-04-06 10:19:45,491 - httpcore.connection - DEBUG - start_tls.started ssl_context=<ssl.SSLContext object at 0x7f13c611f540> server_hostname='atoms.dev' timeout=120.0
2026-04-06 10:19:45,499 - httpcore.connection - DEBUG - start_tls.complete return_value=<httpcore._backends.anyio.AnyIOStream object at 0x7f13c61423e0>
2026-04-06 10:19:45,503 - httpcore.http11 - DEBUG - send_request_headers.started request=<Request [b'POST']>
2026-04-06 10:19:45,504 - httpcore.connection - DEBUG - start_tls.complete return_value=<httpcore._backends.anyio.AnyIOStream object at 0x7f13c61587f0>
2026-04-06 10:19:45,508 - httpcore.http11 - DEBUG - send_request_headers.complete
2026-04-06 10:19:45,508 - httpcore.http11 - DEBUG - send_request_body.started request=<Request [b'POST']>
2026-04-06 10:19:45,508 - httpcore.http11 - DEBUG - send_request_headers.started request=<Request [b'POST']>
2026-04-06 10:19:45,509 - httpcore.connection - DEBUG - start_tls.complete return_value=<httpcore._backends.anyio.AnyIOStream object at 0x7f13c611bc70>
2026-04-06 10:19:45,509 - httpcore.http11 - DEBUG - send_request_body.complete
2026-04-06 10:19:45,509 - httpcore.http11 - DEBUG - receive_response_headers.started request=<Request [b'POST']>
2026-04-06 10:19:45,509 - httpcore.http11 - DEBUG - send_request_headers.complete
2026-04-06 10:19:45,510 - httpcore.http11 - DEBUG - send_request_body.started request=<Request [b'POST']>
2026-04-06 10:19:45,510 - httpcore.http11 - DEBUG - send_request_headers.started request=<Request [b'POST']>
2026-04-06 10:19:45,510 - httpcore.http11 - DEBUG - send_request_body.complete
2026-04-06 10:19:45,511 - httpcore.http11 - DEBUG - receive_response_headers.started request=<Request [b'POST']>
2026-04-06 10:19:45,511 - httpcore.http11 - DEBUG - send_request_headers.complete
2026-04-06 10:19:45,511 - httpcore.http11 - DEBUG - send_request_body.started request=<Request [b'POST']>
2026-04-06 10:19:45,512 - httpcore.http11 - DEBUG - send_request_body.complete
2026-04-06 10:19:45,512 - httpcore.http11 - DEBUG - receive_response_headers.started request=<Request [b'POST']>
2026-04-06 10:19:45,550 - httpcore.http11 - DEBUG - receive_response_headers.complete return_value=(b'HTTP/1.1', 200, b'OK', [(b'Date', b'Mon, 06 Apr 2026 17:19:45 GMT'), (b'Content-Type', b'application/json; charset=utf-8'), (b'Transfer-Encoding', b'chunked'), (b'Connection', b'keep-alive'), (b'Access-Control-Allow-Headers', b'Origin, Content-Type, Accept, Authorization'), (b'Access-Control-Allow-Methods', b'GET, POST, PUT, DELETE, OPTIONS'), (b'Access-Control-Allow-Origin', b'*'), (b'Access-Control-Max-Age', b'86400'), (b'X-Request-Id', b'c2c44589dfeffe951b792ed6916f7ebb'), (b'X-Trace-Id', b'a4fac8781c57403b98c0aba3dbd0552e'), (b'Content-Security-Policy', b"frame-ancestors 'self' https://atoms.dev"), (b'Strict-Transport-Security', b'max-age=63072000; includeSubDomains; preload'), (b'X-Content-Type-Options', b'nosniff'), (b'X-XSS-Protection', b'1; mode=block'), (b'Referrer-Policy', b'strict-origin-when-cross-origin'), (b'cf-cache-status', b'DYNAMIC'), (b'Content-Encoding', b'gzip'), (b'Server', b'cloudflare'), (b'CF-RAY', b'9e8275956f17dab4-LAX')])
2026-04-06 10:19:45,551 - httpx - INFO - HTTP Request: POST https://atoms.dev/api/v1/infra/client/oss/buckets/portal-images/objects/download_url "HTTP/1.1 200 OK"
2026-04-06 10:19:45,552 - httpcore.http11 - DEBUG - receive_response_body.started request=<Request [b'POST']>
2026-04-06 10:19:45,552 - httpcore.http11 - DEBUG - receive_response_body.complete
2026-04-06 10:19:45,552 - httpcore.http11 - DEBUG - response_closed.started
2026-04-06 10:19:45,553 - httpcore.http11 - DEBUG - response_closed.complete
2026-04-06 10:19:45,553 - httpcore.connection - DEBUG - close.started
2026-04-06 10:19:45,553 - httpcore.connection - DEBUG - close.complete
2026-04-06 10:19:45,560 - httpcore.http11 - DEBUG - receive_response_headers.complete return_value=(b'HTTP/1.1', 200, b'OK', [(b'Date', b'Mon, 06 Apr 2026 17:19:45 GMT'), (b'Content-Type', b'application/json; charset=utf-8'), (b'Transfer-Encoding', b'chunked'), (b'Connection', b'keep-alive'), (b'Access-Control-Allow-Headers', b'Origin, Content-Type, Accept, Authorization'), (b'Access-Control-Allow-Methods', b'GET, POST, PUT, DELETE, OPTIONS'), (b'Access-Control-Allow-Origin', b'*'), (b'Access-Control-Max-Age', b'86400'), (b'X-Request-Id', b'06e325dbf0b62cab2c2295d2d057b1d0'), (b'X-Trace-Id', b'2866f52d72c344e5b92dd38daf08a391'), (b'Content-Security-Policy', b"frame-ancestors 'self' https://atoms.dev"), (b'Strict-Transport-Security', b'max-age=63072000; includeSubDomains; preload'), (b'X-Content-Type-Options', b'nosniff'), (b'X-XSS-Protection', b'1; mode=block'), (b'Referrer-Policy', b'strict-origin-when-cross-origin'), (b'cf-cache-status', b'DYNAMIC'), (b'Content-Encoding', b'gzip'), (b'Server', b'cloudflare'), (b'CF-RAY', b'9e8275957c21b6a4-LAX')])
2026-04-06 10:19:45,561 - httpx - INFO - HTTP Request: POST https://atoms.dev/api/v1/infra/client/oss/buckets/portal-images/objects/download_url "HTTP/1.1 200 OK"
2026-04-06 10:19:45,561 - httpcore.http11 - DEBUG - receive_response_body.started request=<Request [b'POST']>
2026-04-06 10:19:45,562 - httpcore.http11 - DEBUG - receive_response_body.complete
2026-04-06 10:19:45,562 - httpcore.http11 - DEBUG - response_closed.started
2026-04-06 10:19:45,562 - httpcore.http11 - DEBUG - response_closed.complete
2026-04-06 10:19:45,563 - httpcore.connection - DEBUG - close.started
2026-04-06 10:19:45,563 - httpcore.connection - DEBUG - close.complete
2026-04-06 10:19:45,564 - httpcore.http11 - DEBUG - receive_response_headers.complete return_value=(b'HTTP/1.1', 200, b'OK', [(b'Date', b'Mon, 06 Apr 2026 17:19:45 GMT'), (b'Content-Type', b'application/json; charset=utf-8'), (b'Transfer-Encoding', b'chunked'), (b'Connection', b'keep-alive'), (b'Access-Control-Allow-Headers', b'Origin, Content-Type, Accept, Authorization'), (b'Access-Control-Allow-Methods', b'GET, POST, PUT, DELETE, OPTIONS'), (b'Access-Control-Allow-Origin', b'*'), (b'Access-Control-Max-Age', b'86400'), (b'X-Request-Id', b'686c6b7bd0db870124cc026e929e0fa7'), (b'X-Trace-Id', b'c95fcd5a5eb64be3b419213ba66cc745'), (b'Content-Security-Policy', b"frame-ancestors 'self' https://atoms.dev"), (b'Strict-Transport-Security', b'max-age=63072000; includeSubDomains; preload'), (b'X-Content-Type-Options', b'nosniff'), (b'X-XSS-Protection', b'1; mode=block'), (b'Referrer-Policy', b'strict-origin-when-cross-origin'), (b'cf-cache-status', b'DYNAMIC'), (b'Content-Encoding', b'gzip'), (b'Server', b'cloudflare'), (b'CF-RAY', b'9e8275957888999a-LAX')])
2026-04-06 10:19:45,564 - httpx - INFO - HTTP Request: POST https://atoms.dev/api/v1/infra/client/oss/buckets/portal-images/objects/download_url "HTTP/1.1 200 OK"
2026-04-06 10:19:45,564 - httpcore.http11 - DEBUG - receive_response_body.started request=<Request [b'POST']>
2026-04-06 10:19:45,565 - httpcore.http11 - DEBUG - receive_response_body.complete
2026-04-06 10:19:45,565 - httpcore.http11 - DEBUG - response_closed.started
2026-04-06 10:19:45,566 - httpcore.http11 - DEBUG - response_closed.complete
2026-04-06 10:19:45,566 - httpcore.connection - DEBUG - close.started
2026-04-06 10:19:45,566 - httpcore.connection - DEBUG - close.complete
2026-04-06 10:19:45,616 - routers.jobs - DEBUG - Found 5 jobss
2026-04-06 10:19:45,617 - core.database - DEBUG - [DB_OP] Database session cleanup after 0.4244s
2026-04-06 10:19:45,618 - routers.news - DEBUG - Found 10 newss
2026-04-06 10:19:45,618 - core.database - DEBUG - [DB_OP] Database session cleanup after 0.4357s
2026-04-06 10:19:45,736 - routers.homepage_stats - DEBUG - Found 1 homepage_statss
2026-04-06 10:19:45,736 - core.database - DEBUG - [DB_OP] Database session cleanup after 0.4092s
2026-04-06 10:19:45,741 - routers.complaints - DEBUG - Found 12 complaintss
2026-04-06 10:19:45,741 - core.database - DEBUG - [DB_OP] Database session cleanup after 0.5562s
2026-04-06 10:19:45,868 - routers.banners - DEBUG - Found 2 bannerss
2026-04-06 10:19:45,871 - core.database - DEBUG - [DB_OP] Database session cleanup after 0.5462s
2026-04-06 10:19:46,236 - routers.announcements - DEBUG - Found 1 announcementss
2026-04-06 10:19:46,237 - core.database - DEBUG - [DB_OP] Database session cleanup after 0.7579s
2026-04-06 10:19:51,352 - core.database - DEBUG - [DB_OP] Starting get_db session creation
2026-04-06 10:19:51,352 - core.database - DEBUG - [DB_OP] Database session created successfully in 0.0005s
2026-04-06 10:19:51,353 - routers.real_estate - DEBUG - Querying real_estates: query=None, sort=-created_at, skip=0, limit=100, fields=None
2026-04-06 10:19:51,357 - core.database - DEBUG - [DB_OP] Starting get_db session creation
2026-04-06 10:19:51,357 - core.database - DEBUG - [DB_OP] Database session created successfully in 0.0005s
2026-04-06 10:19:51,358 - routers.inspectors - DEBUG - Querying inspectorss: query=None, sort=precinct_number, skip=0, limit=100, fields=None
2026-04-06 10:19:51,865 - routers.real_estate - DEBUG - Found 0 real_estates
2026-04-06 10:19:51,866 - core.database - DEBUG - [DB_OP] Database session cleanup after 0.5139s
2026-04-06 10:19:51,867 - routers.inspectors - DEBUG - Found 8 inspectorss
2026-04-06 10:19:51,868 - core.database - DEBUG - [DB_OP] Database session cleanup after 0.5114s
2026-04-06 10:21:55,921 - core.database - DEBUG - [DB_OP] Starting get_db session creation
2026-04-06 10:21:55,922 - core.database - DEBUG - [DB_OP] Database session created successfully in 0.0009s
2026-04-06 10:21:55,922 - routers.modifier_groups - DEBUG - Querying modifier_groupss: query=None, sort=sort_order, skip=0, limit=100, fields=None
2026-04-06 10:21:55,925 - core.database - DEBUG - [DB_OP] Starting get_db session creation
2026-04-06 10:21:55,926 - core.database - DEBUG - [DB_OP] Database session created successfully in 0.0005s
2026-04-06 10:21:55,926 - routers.modifier_options - DEBUG - Querying modifier_optionss: query=None, sort=sort_order, skip=0, limit=500, fields=None
2026-04-06 10:21:55,930 - core.database - DEBUG - [DB_OP] Starting get_db session creation
2026-04-06 10:21:55,930 - core.database - DEBUG - [DB_OP] Database session created successfully in 0.0004s
2026-04-06 10:21:55,931 - routers.food_settings - DEBUG - Querying food_settingss: query=None, sort=None, skip=0, limit=50, fields=None
2026-04-06 10:21:55,933 - core.database - DEBUG - [DB_OP] Starting get_db session creation
2026-04-06 10:21:55,933 - core.database - DEBUG - [DB_OP] Database session created successfully in 0.0004s
2026-04-06 10:21:55,934 - routers.food_items - DEBUG - Querying food_itemss: query=None, sort=sort_order, skip=0, limit=200, fields=None
2026-04-06 10:21:55,937 - core.database - DEBUG - [DB_OP] Starting get_db session creation
2026-04-06 10:21:55,937 - core.database - DEBUG - [DB_OP] Database session created successfully in 0.0005s
2026-04-06 10:21:55,938 - routers.item_modifier_groups - DEBUG - Querying item_modifier_groupss: query=None, sort=None, skip=0, limit=500, fields=None
2026-04-06 10:21:56,170 - core.database - DEBUG - [DB_OP] Starting get_db session creation
2026-04-06 10:21:56,171 - core.database - DEBUG - [DB_OP] Database session created successfully in 0.0010s
2026-04-06 10:21:56,172 - routers.food_categories - DEBUG - Querying food_categoriess: query=None, sort=sort_order, skip=0, limit=50, fields=None
2026-04-06 10:21:56,426 - routers.modifier_groups - DEBUG - Found 0 modifier_groupss
2026-04-06 10:21:56,429 - core.database - DEBUG - [DB_OP] Database session cleanup after 0.5079s
2026-04-06 10:21:56,431 - routers.modifier_options - DEBUG - Found 0 modifier_optionss
2026-04-06 10:21:56,433 - core.database - DEBUG - [DB_OP] Database session cleanup after 0.5071s
2026-04-06 10:21:56,440 - routers.food_items - DEBUG - Found 13 food_itemss
2026-04-06 10:21:56,442 - core.database - DEBUG - [DB_OP] Database session cleanup after 0.5091s
2026-04-06 10:21:56,444 - routers.food_settings - DEBUG - Found 6 food_settingss
2026-04-06 10:21:56,445 - core.database - DEBUG - [DB_OP] Database session cleanup after 0.5146s
2026-04-06 10:21:56,446 - routers.item_modifier_groups - DEBUG - Found 0 item_modifier_groupss
2026-04-06 10:21:56,446 - core.database - DEBUG - [DB_OP] Database session cleanup after 0.5095s
2026-04-06 10:21:56,912 - routers.food_categories - DEBUG - Found 6 food_categoriess
2026-04-06 10:21:56,914 - core.database - DEBUG - [DB_OP] Database session cleanup after 0.7433s
2026-04-06 10:22:17,401 - core.database - DEBUG - [DB_OP] Starting get_db session creation
2026-04-06 10:22:17,402 - core.database - DEBUG - [DB_OP] Database session created successfully in 0.0007s
2026-04-06 10:22:17,402 - routers.categories - DEBUG - Querying categoriess: query=None, sort=None, skip=0, limit=1, fields=None
2026-04-06 10:22:17,781 - routers.categories - DEBUG - Found 45 categoriess
2026-04-06 10:22:17,782 - core.database - DEBUG - [DB_OP] Database session cleanup after 0.3809s
2026-04-06 10:22:18,141 - core.database - DEBUG - [DB_OP] Starting get_db session creation
2026-04-06 10:22:18,141 - core.database - DEBUG - [DB_OP] Database session created successfully in 0.0007s
2026-04-06 10:22:18,142 - routers.food_items - DEBUG - Querying food_itemss: query=None, sort=sort_order, skip=0, limit=200, fields=None
2026-04-06 10:22:18,144 - core.database - DEBUG - [DB_OP] Starting get_db session creation
2026-04-06 10:22:18,145 - core.database - DEBUG - [DB_OP] Database session created successfully in 0.0003s
2026-04-06 10:22:18,145 - routers.park_points - DEBUG - Querying park_pointss: query=None, sort=sort_order, skip=0, limit=50, fields=None
2026-04-06 10:22:18,146 - core.database - DEBUG - [DB_OP] Starting get_db session creation
2026-04-06 10:22:18,147 - core.database - DEBUG - [DB_OP] Database session created successfully in 0.0002s
2026-04-06 10:22:18,147 - routers.food_categories - DEBUG - Querying food_categoriess: query=None, sort=sort_order, skip=0, limit=50, fields=None
2026-04-06 10:22:18,523 - routers.food_categories - DEBUG - Found 6 food_categoriess
2026-04-06 10:22:18,524 - core.database - DEBUG - [DB_OP] Database session cleanup after 0.3777s
2026-04-06 10:22:18,646 - routers.park_points - DEBUG - Found 8 park_pointss
2026-04-06 10:22:18,647 - core.database - DEBUG - [DB_OP] Database session cleanup after 0.5030s
2026-04-06 10:22:18,710 - routers.food_items - DEBUG - Found 13 food_itemss
2026-04-06 10:22:18,711 - core.database - DEBUG - [DB_OP] Database session cleanup after 0.5702s
2026-04-06 10:22:20,044 - services.database - DEBUG - [DB_OP] Starting database close
2026-04-06 10:22:20,373 - core.database - INFO - Database connection closed and engine disposed
2026-04-06 10:22:20,374 - services.database - INFO - Database connections closed
2026-04-06 10:22:20,374 - services.database - DEBUG - [DB_OP] Database close completed in 0.3295s
