2026-04-06 13:03:19,164 - main - INFO - === Logging system initialized ===
2026-04-06 13:03:19,164 - main - INFO - Log file: logs/app_20260406_130319.log
2026-04-06 13:03:19,165 - main - INFO - Log level: INFO
2026-04-06 13:03:19,165 - main - INFO - Timestamp: 20260406_130319
2026-04-06 13:03:19,173 - main - INFO - Included router: routers.admin_auth.router
2026-04-06 13:03:20,136 - main - INFO - Included router: routers.aihub.router
2026-04-06 13:03:20,199 - main - INFO - Included router: routers.announcements.router
2026-04-06 13:03:20,228 - main - INFO - Included router: routers.auth.router
2026-04-06 13:03:20,293 - main - INFO - Included router: routers.banners.router
2026-04-06 13:03:20,442 - main - INFO - Included router: routers.become_master_requests.router
2026-04-06 13:03:20,497 - main - INFO - Included router: routers.bus_notifications.router
2026-04-06 13:03:20,581 - main - INFO - Included router: routers.bus_routes.router
2026-04-06 13:03:20,635 - main - INFO - Included router: routers.bus_stops.router
2026-04-06 13:03:20,695 - main - INFO - Included router: routers.categories.router
2026-04-06 13:03:20,762 - main - INFO - Included router: routers.complaints.router
2026-04-06 13:03:20,806 - main - INFO - Included router: routers.couriers.router
2026-04-06 13:03:20,815 - main - INFO - Included router: routers.debug_schema.router
2026-04-06 13:03:20,867 - main - INFO - Included router: routers.directory_entries.router
2026-04-06 13:03:20,917 - main - INFO - Included router: routers.food_categories.router
2026-04-06 13:03:20,961 - main - INFO - Included router: routers.food_item_modifiers.router
2026-04-06 13:03:21,027 - main - INFO - Included router: routers.food_items.router
2026-04-06 13:03:21,088 - main - INFO - Included router: routers.food_modifiers.router
2026-04-06 13:03:21,258 - main - INFO - Included router: routers.food_orders.router
2026-04-06 13:03:21,309 - main - INFO - Included router: routers.food_settings.router
2026-04-06 13:03:21,343 - main - INFO - Included router: routers.frontpad.router
2026-04-06 13:03:21,384 - main - INFO - Included router: routers.frontpad_settings.router
2026-04-06 13:03:21,433 - main - INFO - Included router: routers.frontpad_sync_log.router
2026-04-06 13:03:21,436 - main - INFO - Included router: routers.health.router
2026-04-06 13:03:21,477 - main - INFO - Included router: routers.health_check.router
2026-04-06 13:03:21,523 - main - INFO - Included router: routers.history_events.router
2026-04-06 13:03:21,569 - main - INFO - Included router: routers.homepage_stats.router
2026-04-06 13:03:21,620 - main - INFO - Included router: routers.inspectors.router
2026-04-06 13:03:21,660 - main - INFO - Included router: routers.item_modifier_groups.router
2026-04-06 13:03:21,712 - main - INFO - Included router: routers.jobs.router
2026-04-06 13:03:21,770 - main - INFO - Included router: routers.master_requests.router
2026-04-06 13:03:21,837 - main - INFO - Included router: routers.masters.router
2026-04-06 13:03:22,030 - main - INFO - Included router: routers.modifier_groups.router
2026-04-06 13:03:22,093 - main - INFO - Included router: routers.modifier_options.router
2026-04-06 13:03:22,149 - main - INFO - Included router: routers.news.router
2026-04-06 13:03:22,212 - main - INFO - Included router: routers.park_orders.router
2026-04-06 13:03:22,279 - main - INFO - Included router: routers.park_points.router
2026-04-06 13:03:22,329 - main - INFO - Included router: routers.question_answers.router
2026-04-06 13:03:22,387 - main - INFO - Included router: routers.questions.router
2026-04-06 13:03:22,478 - main - INFO - Included router: routers.real_estate.router
2026-04-06 13:03:22,501 - main - INFO - Included router: routers.settings.router
2026-04-06 13:03:22,541 - main - INFO - Included router: routers.storage.router
2026-04-06 13:03:22,575 - main - INFO - Included router: routers.telegram.router
2026-04-06 13:03:22,592 - main - INFO - Included router: routers.user.router
2026-04-06 13:03:22,659 - main - INFO - Included router: routers.user_preferences.router
2026-04-06 13:03:22,662 - main - INFO - Included router: routers.weather.router
2026-04-06 13:03:22,664 - main - INFO - === Application startup initiated ===
2026-04-06 13:03:22,665 - services.database - INFO - Ignore creating tables
2026-04-06 13:03:22,666 - services.mock_data - INFO - Ignore initialize data
2026-04-06 13:03:22,666 - services.auth - INFO - Ignore initialize admin
2026-04-06 13:03:22,667 - core.database - WARNING - Database not initialized, attempting lazy initialization...
2026-04-06 13:03:22,667 - core.database - INFO - Starting database initialization...
2026-04-06 13:03:22,668 - core.config - DEBUG - Read dynamic attribute database_url from environment variable DATABASE_URL
2026-04-06 13:03:22,668 - core.database - INFO - Database init attempt 1/5...
2026-04-06 13:03:22,672 - core.database - INFO - Normalized database URL (masked): postgresql+asyncpg://neondb_owner:***@ep-cool-wave-ad8598va.c-2.us-east-1.aws.neon.tech/neondb?ssl=require
2026-04-06 13:03:22,672 - core.database - INFO - Using QueuePool with connection pooling
2026-04-06 13:03:24,042 - core.database - INFO - Database connection initialized successfully
2026-04-06 13:03:24,042 - core.database - DEBUG - [DB_OP] Starting create_tables
2026-04-06 13:03:24,043 - core.database - INFO - 🔧 Table creation attempt 1/3...
2026-04-06 13:03:24,043 - core.database - INFO - 🔧 Starting table structure repair...
2026-04-06 13:03:24,609 - core.database - INFO - 🔧 Repairing 40 existing tables...
2026-04-06 13:03:24,610 - core.database - DEBUG - Checking table structure for: users
2026-04-06 13:03:24,610 - core.database - DEBUG - Checking table structure for: oidc_states
2026-04-06 13:03:24,611 - core.database - DEBUG - Checking table structure for: admin_credentials
2026-04-06 13:03:24,613 - core.database - DEBUG - Checking table structure for: admin_login_attempts
2026-04-06 13:03:24,614 - core.database - DEBUG - Checking table structure for: admin_login_lockouts
2026-04-06 13:03:24,616 - core.database - DEBUG - Checking table structure for: announcements
2026-04-06 13:03:24,618 - core.database - DEBUG - Checking table structure for: banners
2026-04-06 13:03:24,621 - core.database - DEBUG - Checking table structure for: become_master_requests
2026-04-06 13:03:24,623 - core.database - DEBUG - Checking table structure for: bus_notifications
2026-04-06 13:03:24,626 - core.database - DEBUG - Checking table structure for: bus_routes
2026-04-06 13:03:25,340 - core.database - DEBUG - Table users structure is up to date
2026-04-06 13:03:25,341 - core.database - INFO - Table users repaired in 0.73s
2026-04-06 13:03:25,341 - core.database - DEBUG - Checking table structure for: bus_stops
2026-04-06 13:03:25,451 - core.database - DEBUG - Table admin_credentials structure is up to date
2026-04-06 13:03:25,452 - core.database - INFO - Table admin_credentials repaired in 0.84s
2026-04-06 13:03:25,452 - core.database - DEBUG - Checking table structure for: categories
2026-04-06 13:03:25,524 - core.database - DEBUG - Table become_master_requests structure is up to date
2026-04-06 13:03:25,525 - core.database - INFO - Table become_master_requests repaired in 0.90s
2026-04-06 13:03:25,525 - core.database - DEBUG - Checking table structure for: complaints
2026-04-06 13:03:25,538 - core.database - DEBUG - Table announcements structure is up to date
2026-04-06 13:03:25,539 - core.database - INFO - Table announcements repaired in 0.92s
2026-04-06 13:03:25,540 - core.database - DEBUG - Checking table structure for: couriers
2026-04-06 13:03:25,547 - core.database - DEBUG - Table banners structure is up to date
2026-04-06 13:03:25,548 - core.database - INFO - Table banners repaired in 0.93s
2026-04-06 13:03:25,548 - core.database - DEBUG - Checking table structure for: directory_entries
2026-04-06 13:03:25,550 - core.database - DEBUG - Table bus_routes structure is up to date
2026-04-06 13:03:25,550 - core.database - INFO - Table bus_routes repaired in 0.92s
2026-04-06 13:03:25,550 - core.database - DEBUG - Checking table structure for: food_categories
2026-04-06 13:03:25,551 - core.database - DEBUG - Table bus_notifications structure is up to date
2026-04-06 13:03:25,551 - core.database - INFO - Table bus_notifications repaired in 0.93s
2026-04-06 13:03:25,551 - core.database - DEBUG - Checking table structure for: food_item_modifiers
2026-04-06 13:03:25,565 - core.database - DEBUG - Table admin_login_lockouts structure is up to date
2026-04-06 13:03:25,566 - core.database - INFO - Table admin_login_lockouts repaired in 0.95s
2026-04-06 13:03:25,567 - core.database - DEBUG - Checking table structure for: food_items
2026-04-06 13:03:25,568 - core.database - DEBUG - Table oidc_states structure is up to date
2026-04-06 13:03:25,568 - core.database - INFO - Table oidc_states repaired in 0.96s
2026-04-06 13:03:25,569 - core.database - DEBUG - Checking table structure for: food_modifiers
2026-04-06 13:03:25,569 - core.database - DEBUG - Table admin_login_attempts structure is up to date
2026-04-06 13:03:25,570 - core.database - INFO - Table admin_login_attempts repaired in 0.96s
2026-04-06 13:03:25,570 - core.database - DEBUG - Checking table structure for: food_orders
2026-04-06 13:03:25,721 - core.database - DEBUG - Table bus_stops structure is up to date
2026-04-06 13:03:25,721 - core.database - INFO - Table bus_stops repaired in 1.09s
2026-04-06 13:03:25,721 - core.database - DEBUG - Checking table structure for: food_settings
2026-04-06 13:03:25,890 - core.database - DEBUG - Table categories structure is up to date
2026-04-06 13:03:25,891 - core.database - INFO - Table categories repaired in 1.26s
2026-04-06 13:03:25,891 - core.database - DEBUG - Checking table structure for: frontpad_settings
2026-04-06 13:03:25,963 - core.database - DEBUG - Table complaints structure is up to date
2026-04-06 13:03:25,964 - core.database - INFO - Table complaints repaired in 1.34s
2026-04-06 13:03:25,964 - core.database - DEBUG - Checking table structure for: frontpad_sync_log
2026-04-06 13:03:25,982 - core.database - DEBUG - Table couriers structure is up to date
2026-04-06 13:03:25,983 - core.database - INFO - Table couriers repaired in 1.36s
2026-04-06 13:03:25,983 - core.database - DEBUG - Checking table structure for: health_check
2026-04-06 13:03:25,992 - core.database - DEBUG - Table directory_entries structure is up to date
2026-04-06 13:03:25,993 - core.database - INFO - Table directory_entries repaired in 1.37s
2026-04-06 13:03:25,993 - core.database - DEBUG - Checking table structure for: history_events
2026-04-06 13:03:25,994 - core.database - DEBUG - Table food_item_modifiers structure is up to date
2026-04-06 13:03:25,994 - core.database - INFO - Table food_item_modifiers repaired in 1.37s
2026-04-06 13:03:25,994 - core.database - DEBUG - Checking table structure for: homepage_stats
2026-04-06 13:03:25,995 - core.database - DEBUG - Table food_categories structure is up to date
2026-04-06 13:03:25,995 - core.database - INFO - Table food_categories repaired in 1.37s
2026-04-06 13:03:25,995 - core.database - DEBUG - Checking table structure for: inspectors
2026-04-06 13:03:26,016 - core.database - DEBUG - Table food_orders structure is up to date
2026-04-06 13:03:26,017 - core.database - INFO - Table food_orders repaired in 1.39s
2026-04-06 13:03:26,018 - core.database - DEBUG - Checking table structure for: item_modifier_groups
2026-04-06 13:03:26,019 - core.database - DEBUG - Table food_items structure is up to date
2026-04-06 13:03:26,020 - core.database - INFO - Table food_items repaired in 1.39s
2026-04-06 13:03:26,020 - core.database - DEBUG - Checking table structure for: jobs
2026-04-06 13:03:26,022 - core.database - DEBUG - Table food_modifiers structure is up to date
2026-04-06 13:03:26,026 - core.database - INFO - Table food_modifiers repaired in 1.40s
2026-04-06 13:03:26,026 - core.database - DEBUG - Checking table structure for: master_requests
2026-04-06 13:03:26,098 - core.database - DEBUG - Table food_settings structure is up to date
2026-04-06 13:03:26,099 - core.database - INFO - Table food_settings repaired in 1.47s
2026-04-06 13:03:26,099 - core.database - DEBUG - Checking table structure for: masters
2026-04-06 13:03:26,274 - core.database - DEBUG - Table frontpad_settings structure is up to date
2026-04-06 13:03:26,275 - core.database - INFO - Table frontpad_settings repaired in 1.65s
2026-04-06 13:03:26,275 - core.database - DEBUG - Checking table structure for: modifier_groups
2026-04-06 13:03:26,362 - core.database - DEBUG - Table health_check structure is up to date
2026-04-06 13:03:26,363 - core.database - INFO - Table health_check repaired in 1.74s
2026-04-06 13:03:26,363 - core.database - DEBUG - Checking table structure for: modifier_options
2026-04-06 13:03:26,374 - core.database - DEBUG - Table homepage_stats structure is up to date
2026-04-06 13:03:26,375 - core.database - INFO - Table homepage_stats repaired in 1.75s
2026-04-06 13:03:26,375 - core.database - DEBUG - Checking table structure for: news
2026-04-06 13:03:26,401 - core.database - DEBUG - Table item_modifier_groups structure is up to date
2026-04-06 13:03:26,402 - core.database - INFO - Table item_modifier_groups repaired in 1.77s
2026-04-06 13:03:26,402 - core.database - DEBUG - Checking table structure for: park_orders
2026-04-06 13:03:26,404 - core.database - DEBUG - Table frontpad_sync_log structure is up to date
2026-04-06 13:03:26,404 - core.database - INFO - Table frontpad_sync_log repaired in 1.78s
2026-04-06 13:03:26,405 - core.database - DEBUG - Checking table structure for: park_points
2026-04-06 13:03:26,410 - core.database - DEBUG - Table master_requests structure is up to date
2026-04-06 13:03:26,410 - core.database - INFO - Table master_requests repaired in 1.78s
2026-04-06 13:03:26,410 - core.database - DEBUG - Checking table structure for: question_answers
2026-04-06 13:03:26,432 - core.database - DEBUG - Table history_events structure is up to date
2026-04-06 13:03:26,432 - core.database - INFO - Table history_events repaired in 1.80s
2026-04-06 13:03:26,432 - core.database - DEBUG - Checking table structure for: questions
2026-04-06 13:03:26,435 - core.database - DEBUG - Table inspectors structure is up to date
2026-04-06 13:03:26,435 - core.database - INFO - Table inspectors repaired in 1.81s
2026-04-06 13:03:26,435 - core.database - DEBUG - Checking table structure for: real_estate
2026-04-06 13:03:26,467 - core.database - DEBUG - Table jobs structure is up to date
2026-04-06 13:03:26,467 - core.database - INFO - Table jobs repaired in 1.84s
2026-04-06 13:03:26,468 - core.database - DEBUG - Checking table structure for: user_preferences
2026-04-06 13:03:26,544 - core.database - DEBUG - Table masters structure is up to date
2026-04-06 13:03:26,545 - core.database - INFO - Table masters repaired in 1.92s
2026-04-06 13:03:26,712 - core.database - DEBUG - Table modifier_groups structure is up to date
2026-04-06 13:03:26,713 - core.database - INFO - Table modifier_groups repaired in 2.09s
2026-04-06 13:03:26,741 - core.database - DEBUG - Table modifier_options structure is up to date
2026-04-06 13:03:26,741 - core.database - INFO - Table modifier_options repaired in 2.11s
2026-04-06 13:03:26,784 - core.database - DEBUG - Table park_points structure is up to date
2026-04-06 13:03:26,784 - core.database - INFO - Table park_points repaired in 2.16s
2026-04-06 13:03:26,788 - core.database - DEBUG - Table park_orders structure is up to date
2026-04-06 13:03:26,788 - core.database - INFO - Table park_orders repaired in 2.16s
2026-04-06 13:03:26,863 - core.database - DEBUG - Table question_answers structure is up to date
2026-04-06 13:03:26,864 - core.database - INFO - Table question_answers repaired in 2.24s
2026-04-06 13:03:26,874 - core.database - DEBUG - Table real_estate structure is up to date
2026-04-06 13:03:26,875 - core.database - INFO - Table real_estate repaired in 2.25s
2026-04-06 13:03:26,876 - core.database - DEBUG - Table questions structure is up to date
2026-04-06 13:03:26,876 - core.database - INFO - Table questions repaired in 2.25s
2026-04-06 13:03:26,880 - core.database - DEBUG - Table news structure is up to date
2026-04-06 13:03:26,881 - core.database - INFO - Table news repaired in 2.25s
2026-04-06 13:03:26,927 - core.database - DEBUG - Table user_preferences structure is up to date
2026-04-06 13:03:26,928 - core.database - INFO - Table user_preferences repaired in 2.30s
2026-04-06 13:03:26,929 - core.database - INFO - 🔧 Table structure repair completed in 2.8857s
2026-04-06 13:03:26,929 - core.database - INFO - 🔧 Table structure repair completed
2026-04-06 13:03:26,929 - core.database - INFO - 🔧 Starting table creation...
2026-04-06 13:03:29,772 - core.database - INFO - Tables initialized successfully
2026-04-06 13:03:29,774 - core.database - DEBUG - [DB_OP] Create tables completed in 5.7314s
2026-04-06 13:03:29,841 - core.database - INFO - Lazy database initialization completed successfully
2026-04-06 13:03:30,969 - routers.admin_auth - INFO - [Admin Auth] Pre-computed 4 alternative password hashes for 'admin' account
2026-04-06 13:03:31,831 - routers.admin_auth - INFO - [Admin Auth] Admin credentials reset (username: admin, password: Admin123@)
2026-04-06 13:03:32,336 - core.config - DEBUG - Read dynamic attribute oss_service_url from environment variable OSS_SERVICE_URL
2026-04-06 13:03:32,336 - core.config - DEBUG - Read dynamic attribute oss_api_key from environment variable OSS_API_KEY
2026-04-06 13:03:32,631 - httpcore.connection - DEBUG - connect_tcp.started host='atoms.dev' port=443 local_address=None timeout=120.0 socket_options=None
2026-04-06 13:03:32,647 - httpcore.connection - DEBUG - connect_tcp.complete return_value=<httpcore._backends.anyio.AnyIOStream object at 0x7f24a893efe0>
2026-04-06 13:03:32,648 - httpcore.connection - DEBUG - start_tls.started ssl_context=<ssl.SSLContext object at 0x7f24aab96840> server_hostname='atoms.dev' timeout=120.0
2026-04-06 13:03:32,654 - httpcore.connection - DEBUG - start_tls.complete return_value=<httpcore._backends.anyio.AnyIOStream object at 0x7f24a893ded0>
2026-04-06 13:03:32,654 - httpcore.http11 - DEBUG - send_request_headers.started request=<Request [b'GET']>
2026-04-06 13:03:32,655 - httpcore.http11 - DEBUG - send_request_headers.complete
2026-04-06 13:03:32,655 - httpcore.http11 - DEBUG - send_request_body.started request=<Request [b'GET']>
2026-04-06 13:03:32,655 - httpcore.http11 - DEBUG - send_request_body.complete
2026-04-06 13:03:32,656 - httpcore.http11 - DEBUG - receive_response_headers.started request=<Request [b'GET']>
2026-04-06 13:03:32,681 - httpcore.http11 - DEBUG - receive_response_headers.complete return_value=(b'HTTP/1.1', 200, b'OK', [(b'Date', b'Mon, 06 Apr 2026 20:03:32 GMT'), (b'Content-Type', b'application/json; charset=utf-8'), (b'Transfer-Encoding', b'chunked'), (b'Connection', b'keep-alive'), (b'Access-Control-Allow-Headers', b'Origin, Content-Type, Accept, Authorization'), (b'Access-Control-Allow-Methods', b'GET, POST, PUT, DELETE, OPTIONS'), (b'Access-Control-Allow-Origin', b'*'), (b'Access-Control-Max-Age', b'86400'), (b'X-Request-Id', b'edd1a6aedbe541ce6166b8bb74e18aaf'), (b'X-Trace-Id', b'ae5ed52ca2b2445dba7d5efc9d3ec7cf'), (b'Content-Security-Policy', b"frame-ancestors 'self' https://atoms.dev"), (b'Strict-Transport-Security', b'max-age=63072000; includeSubDomains; preload'), (b'X-Content-Type-Options', b'nosniff'), (b'X-XSS-Protection', b'1; mode=block'), (b'Referrer-Policy', b'strict-origin-when-cross-origin'), (b'cf-cache-status', b'DYNAMIC'), (b'Content-Encoding', b'gzip'), (b'Server', b'cloudflare'), (b'CF-RAY', b'9e8365811ba755a3-LAX')])
2026-04-06 13:03:32,682 - httpx - INFO - HTTP Request: GET https://atoms.dev/api/v1/infra/client/oss/buckets "HTTP/1.1 200 OK"
2026-04-06 13:03:32,683 - httpcore.http11 - DEBUG - receive_response_body.started request=<Request [b'GET']>
2026-04-06 13:03:32,683 - httpcore.http11 - DEBUG - receive_response_body.complete
2026-04-06 13:03:32,684 - httpcore.http11 - DEBUG - response_closed.started
2026-04-06 13:03:32,684 - httpcore.http11 - DEBUG - response_closed.complete
2026-04-06 13:03:32,685 - httpcore.connection - DEBUG - close.started
2026-04-06 13:03:32,685 - httpcore.connection - DEBUG - close.complete
2026-04-06 13:03:32,686 - services.bucket_init - INFO - Bucket 'portal-images' already exists
2026-04-06 13:03:32,687 - main - INFO - === Application startup completed ===
2026-04-06 13:03:41,723 - services.database - DEBUG - [DB_OP] Starting database close
2026-04-06 13:03:42,049 - core.database - INFO - Database connection closed and engine disposed
2026-04-06 13:03:42,049 - services.database - INFO - Database connections closed
2026-04-06 13:03:42,049 - services.database - DEBUG - [DB_OP] Database close completed in 0.3268s
