2026-04-13 05:08:03,379 - main - INFO - === Logging system initialized ===
2026-04-13 05:08:03,379 - main - INFO - Log file: logs/app_20260413_050803.log
2026-04-13 05:08:03,379 - main - INFO - Log level: INFO
2026-04-13 05:08:03,380 - main - INFO - Timestamp: 20260413_050803
2026-04-13 05:08:03,388 - main - INFO - Included router: routers.admin_auth.router
2026-04-13 05:08:04,239 - main - INFO - Included router: routers.aihub.router
2026-04-13 05:08:04,307 - main - INFO - Included router: routers.announcements.router
2026-04-13 05:08:04,330 - main - INFO - Included router: routers.auth.router
2026-04-13 05:08:04,477 - main - INFO - Included router: routers.banners.router
2026-04-13 05:08:04,691 - main - INFO - Included router: routers.become_master_requests.router
2026-04-13 05:08:04,737 - main - INFO - Included router: routers.bus_notifications.router
2026-04-13 05:08:04,799 - main - INFO - Included router: routers.bus_routes.router
2026-04-13 05:08:04,863 - main - INFO - Included router: routers.bus_stops.router
2026-04-13 05:08:04,916 - main - INFO - Included router: routers.categories.router
2026-04-13 05:08:04,968 - main - INFO - Included router: routers.complaints.router
2026-04-13 05:08:05,025 - main - INFO - Included router: routers.couriers.router
2026-04-13 05:08:05,032 - main - INFO - Included router: routers.debug_schema.router
2026-04-13 05:08:05,085 - main - INFO - Included router: routers.directory_entries.router
2026-04-13 05:08:05,134 - main - INFO - Included router: routers.food_categories.router
2026-04-13 05:08:05,178 - main - INFO - Included router: routers.food_item_modifiers.router
2026-04-13 05:08:05,227 - main - INFO - Included router: routers.food_items.router
2026-04-13 05:08:05,269 - main - INFO - Included router: routers.food_modifiers.router
2026-04-13 05:08:05,464 - main - INFO - Included router: routers.food_orders.router
2026-04-13 05:08:05,509 - main - INFO - Included router: routers.food_settings.router
2026-04-13 05:08:05,541 - main - INFO - Included router: routers.frontpad.router
2026-04-13 05:08:05,579 - main - INFO - Included router: routers.frontpad_settings.router
2026-04-13 05:08:05,623 - main - INFO - Included router: routers.frontpad_sync_log.router
2026-04-13 05:08:05,625 - main - INFO - Included router: routers.health.router
2026-04-13 05:08:05,661 - main - INFO - Included router: routers.health_check.router
2026-04-13 05:08:05,720 - main - INFO - Included router: routers.history_events.router
2026-04-13 05:08:05,763 - main - INFO - Included router: routers.homepage_stats.router
2026-04-13 05:08:05,817 - main - INFO - Included router: routers.inspectors.router
2026-04-13 05:08:05,863 - main - INFO - Included router: routers.item_modifier_groups.router
2026-04-13 05:08:05,949 - main - INFO - Included router: routers.jobs.router
2026-04-13 05:08:06,002 - main - INFO - Included router: routers.master_requests.router
2026-04-13 05:08:06,118 - main - INFO - Included router: routers.masters.router
2026-04-13 05:08:06,304 - main - INFO - Included router: routers.modifier_groups.router
2026-04-13 05:08:06,365 - main - INFO - Included router: routers.modifier_options.router
2026-04-13 05:08:06,423 - main - INFO - Included router: routers.news.router
2026-04-13 05:08:06,480 - main - INFO - Included router: routers.park_orders.router
2026-04-13 05:08:06,525 - main - INFO - Included router: routers.park_points.router
2026-04-13 05:08:06,570 - main - INFO - Included router: routers.question_answers.router
2026-04-13 05:08:06,613 - main - INFO - Included router: routers.questions.router
2026-04-13 05:08:06,671 - main - INFO - Included router: routers.real_estate.router
2026-04-13 05:08:06,693 - main - INFO - Included router: routers.settings.router
2026-04-13 05:08:06,728 - main - INFO - Included router: routers.storage.router
2026-04-13 05:08:06,754 - main - INFO - Included router: routers.telegram.router
2026-04-13 05:08:06,764 - main - INFO - Included router: routers.user.router
2026-04-13 05:08:06,823 - main - INFO - Included router: routers.user_preferences.router
2026-04-13 05:08:06,827 - main - INFO - Included router: routers.weather.router
2026-04-13 05:08:06,831 - main - INFO - === Application startup initiated ===
2026-04-13 05:08:06,831 - services.database - INFO - Ignore creating tables
2026-04-13 05:08:06,831 - services.mock_data - INFO - Ignore initialize data
2026-04-13 05:08:06,831 - services.auth - INFO - Ignore initialize admin
2026-04-13 05:08:06,831 - core.database - WARNING - Database not initialized, attempting lazy initialization...
2026-04-13 05:08:06,832 - core.database - INFO - Starting database initialization...
2026-04-13 05:08:06,833 - core.config - DEBUG - Read dynamic attribute database_url from environment variable DATABASE_URL
2026-04-13 05:08:06,833 - core.database - INFO - Database init attempt 1/5...
2026-04-13 05:08:06,834 - core.database - INFO - Normalized database URL (masked): postgresql+asyncpg://neondb_owner:***@ep-cool-wave-ad8598va.c-2.us-east-1.aws.neon.tech/neondb?ssl=require
2026-04-13 05:08:06,834 - core.database - INFO - Using QueuePool with connection pooling
2026-04-13 05:08:08,349 - core.database - INFO - Database connection initialized successfully
2026-04-13 05:08:08,349 - core.database - DEBUG - [DB_OP] Starting create_tables
2026-04-13 05:08:08,350 - core.database - INFO - 🔧 Table creation attempt 1/3...
2026-04-13 05:08:08,351 - core.database - INFO - 🔧 Starting table structure repair...
2026-04-13 05:08:08,917 - core.database - INFO - 🔧 Repairing 40 existing tables...
2026-04-13 05:08:08,918 - core.database - DEBUG - Checking table structure for: users
2026-04-13 05:08:08,918 - core.database - DEBUG - Checking table structure for: oidc_states
2026-04-13 05:08:08,920 - core.database - DEBUG - Checking table structure for: admin_credentials
2026-04-13 05:08:08,921 - core.database - DEBUG - Checking table structure for: admin_login_attempts
2026-04-13 05:08:08,922 - core.database - DEBUG - Checking table structure for: admin_login_lockouts
2026-04-13 05:08:08,923 - core.database - DEBUG - Checking table structure for: announcements
2026-04-13 05:08:08,924 - core.database - DEBUG - Checking table structure for: banners
2026-04-13 05:08:08,926 - core.database - DEBUG - Checking table structure for: become_master_requests
2026-04-13 05:08:08,927 - core.database - DEBUG - Checking table structure for: bus_notifications
2026-04-13 05:08:08,928 - core.database - DEBUG - Checking table structure for: bus_routes
2026-04-13 05:08:09,591 - core.database - DEBUG - Table users structure is up to date
2026-04-13 05:08:09,592 - core.database - INFO - Table users repaired in 0.67s
2026-04-13 05:08:09,592 - core.database - DEBUG - Checking table structure for: bus_stops
2026-04-13 05:08:09,793 - core.database - DEBUG - Table oidc_states structure is up to date
2026-04-13 05:08:09,794 - core.database - INFO - Table oidc_states repaired in 0.88s
2026-04-13 05:08:09,794 - core.database - DEBUG - Checking table structure for: categories
2026-04-13 05:08:09,871 - core.database - DEBUG - Table bus_notifications structure is up to date
2026-04-13 05:08:09,871 - core.database - INFO - Table bus_notifications repaired in 0.94s
2026-04-13 05:08:09,872 - core.database - DEBUG - Checking table structure for: complaints
2026-04-13 05:08:09,874 - core.database - DEBUG - Table banners structure is up to date
2026-04-13 05:08:09,875 - core.database - INFO - Table banners repaired in 0.95s
2026-04-13 05:08:09,875 - core.database - DEBUG - Checking table structure for: couriers
2026-04-13 05:08:09,883 - core.database - DEBUG - Table admin_login_attempts structure is up to date
2026-04-13 05:08:09,883 - core.database - INFO - Table admin_login_attempts repaired in 0.96s
2026-04-13 05:08:09,884 - core.database - DEBUG - Checking table structure for: directory_entries
2026-04-13 05:08:09,890 - core.database - DEBUG - Table become_master_requests structure is up to date
2026-04-13 05:08:09,890 - core.database - INFO - Table become_master_requests repaired in 0.96s
2026-04-13 05:08:09,890 - core.database - DEBUG - Checking table structure for: food_categories
2026-04-13 05:08:09,891 - core.database - DEBUG - Table admin_login_lockouts structure is up to date
2026-04-13 05:08:09,891 - core.database - INFO - Table admin_login_lockouts repaired in 0.97s
2026-04-13 05:08:09,891 - core.database - DEBUG - Checking table structure for: food_item_modifiers
2026-04-13 05:08:09,892 - core.database - DEBUG - Table bus_routes structure is up to date
2026-04-13 05:08:09,893 - core.database - INFO - Table bus_routes repaired in 0.96s
2026-04-13 05:08:09,893 - core.database - DEBUG - Checking table structure for: food_items
2026-04-13 05:08:09,894 - core.database - DEBUG - Table announcements structure is up to date
2026-04-13 05:08:09,894 - core.database - INFO - Table announcements repaired in 0.97s
2026-04-13 05:08:09,894 - core.database - DEBUG - Checking table structure for: food_modifiers
2026-04-13 05:08:09,895 - core.database - DEBUG - Table admin_credentials structure is up to date
2026-04-13 05:08:09,895 - core.database - INFO - Table admin_credentials repaired in 0.98s
2026-04-13 05:08:09,895 - core.database - DEBUG - Checking table structure for: food_orders
2026-04-13 05:08:09,971 - core.database - DEBUG - Table bus_stops structure is up to date
2026-04-13 05:08:09,971 - core.database - INFO - Table bus_stops repaired in 1.04s
2026-04-13 05:08:09,972 - core.database - DEBUG - Checking table structure for: food_settings
2026-04-13 05:08:10,237 - core.database - DEBUG - Table categories structure is up to date
2026-04-13 05:08:10,237 - core.database - INFO - Table categories repaired in 1.31s
2026-04-13 05:08:10,238 - core.database - DEBUG - Checking table structure for: frontpad_settings
2026-04-13 05:08:10,310 - core.database - DEBUG - Table complaints structure is up to date
2026-04-13 05:08:10,311 - core.database - INFO - Table complaints repaired in 1.38s
2026-04-13 05:08:10,311 - core.database - DEBUG - Checking table structure for: frontpad_sync_log
2026-04-13 05:08:10,317 - core.database - DEBUG - Table couriers structure is up to date
2026-04-13 05:08:10,317 - core.database - INFO - Table couriers repaired in 1.39s
2026-04-13 05:08:10,317 - core.database - DEBUG - Checking table structure for: health_check
2026-04-13 05:08:10,327 - core.database - DEBUG - Table directory_entries structure is up to date
2026-04-13 05:08:10,327 - core.database - INFO - Table directory_entries repaired in 1.40s
2026-04-13 05:08:10,328 - core.database - DEBUG - Checking table structure for: history_events
2026-04-13 05:08:10,333 - core.database - DEBUG - Table food_categories structure is up to date
2026-04-13 05:08:10,333 - core.database - INFO - Table food_categories repaired in 1.40s
2026-04-13 05:08:10,334 - core.database - DEBUG - Checking table structure for: homepage_stats
2026-04-13 05:08:10,337 - core.database - DEBUG - Table food_orders structure is up to date
2026-04-13 05:08:10,338 - core.database - INFO - Table food_orders repaired in 1.41s
2026-04-13 05:08:10,338 - core.database - DEBUG - Checking table structure for: inspectors
2026-04-13 05:08:10,339 - core.database - DEBUG - Table food_modifiers structure is up to date
2026-04-13 05:08:10,339 - core.database - INFO - Table food_modifiers repaired in 1.41s
2026-04-13 05:08:10,340 - core.database - DEBUG - Checking table structure for: item_modifier_groups
2026-04-13 05:08:10,340 - core.database - DEBUG - Table food_item_modifiers structure is up to date
2026-04-13 05:08:10,341 - core.database - INFO - Table food_item_modifiers repaired in 1.41s
2026-04-13 05:08:10,341 - core.database - DEBUG - Checking table structure for: jobs
2026-04-13 05:08:10,350 - core.database - DEBUG - Table food_settings structure is up to date
2026-04-13 05:08:10,352 - core.database - INFO - Table food_settings repaired in 1.42s
2026-04-13 05:08:10,352 - core.database - DEBUG - Checking table structure for: master_requests
2026-04-13 05:08:10,397 - core.database - DEBUG - Table food_items structure is up to date
2026-04-13 05:08:10,398 - core.database - INFO - Table food_items repaired in 1.47s
2026-04-13 05:08:10,400 - core.database - DEBUG - Checking table structure for: masters
2026-04-13 05:08:10,630 - core.database - DEBUG - Table frontpad_settings structure is up to date
2026-04-13 05:08:10,630 - core.database - INFO - Table frontpad_settings repaired in 1.70s
2026-04-13 05:08:10,630 - core.database - DEBUG - Checking table structure for: modifier_groups
2026-04-13 05:08:10,690 - core.database - DEBUG - Table frontpad_sync_log structure is up to date
2026-04-13 05:08:10,691 - core.database - INFO - Table frontpad_sync_log repaired in 1.76s
2026-04-13 05:08:10,691 - core.database - DEBUG - Checking table structure for: modifier_options
2026-04-13 05:08:10,693 - core.database - DEBUG - Table health_check structure is up to date
2026-04-13 05:08:10,693 - core.database - INFO - Table health_check repaired in 1.76s
2026-04-13 05:08:10,693 - core.database - DEBUG - Checking table structure for: news
2026-04-13 05:08:10,709 - core.database - DEBUG - Table history_events structure is up to date
2026-04-13 05:08:10,709 - core.database - INFO - Table history_events repaired in 1.78s
2026-04-13 05:08:10,710 - core.database - DEBUG - Checking table structure for: park_orders
2026-04-13 05:08:10,714 - core.database - DEBUG - Table homepage_stats structure is up to date
2026-04-13 05:08:10,714 - core.database - INFO - Table homepage_stats repaired in 1.79s
2026-04-13 05:08:10,715 - core.database - DEBUG - Checking table structure for: park_points
2026-04-13 05:08:10,716 - core.database - DEBUG - Table item_modifier_groups structure is up to date
2026-04-13 05:08:10,717 - core.database - INFO - Table item_modifier_groups repaired in 1.79s
2026-04-13 05:08:10,719 - core.database - DEBUG - Checking table structure for: question_answers
2026-04-13 05:08:10,721 - core.database - DEBUG - Table jobs structure is up to date
2026-04-13 05:08:10,721 - core.database - INFO - Table jobs repaired in 1.79s
2026-04-13 05:08:10,722 - core.database - DEBUG - Checking table structure for: questions
2026-04-13 05:08:10,784 - core.database - DEBUG - Table inspectors structure is up to date
2026-04-13 05:08:10,784 - core.database - INFO - Table inspectors repaired in 1.86s
2026-04-13 05:08:10,785 - core.database - DEBUG - Checking table structure for: real_estate
2026-04-13 05:08:10,785 - core.database - DEBUG - Table masters structure is up to date
2026-04-13 05:08:10,786 - core.database - INFO - Table masters repaired in 1.86s
2026-04-13 05:08:10,786 - core.database - DEBUG - Checking table structure for: user_preferences
2026-04-13 05:08:10,792 - core.database - DEBUG - Table master_requests structure is up to date
2026-04-13 05:08:10,792 - core.database - INFO - Table master_requests repaired in 1.86s
2026-04-13 05:08:11,068 - core.database - DEBUG - Table modifier_options structure is up to date
2026-04-13 05:08:11,069 - core.database - INFO - Table modifier_options repaired in 2.14s
2026-04-13 05:08:11,071 - core.database - DEBUG - Table modifier_groups structure is up to date
2026-04-13 05:08:11,071 - core.database - INFO - Table modifier_groups repaired in 2.14s
2026-04-13 05:08:11,090 - core.database - DEBUG - Table park_orders structure is up to date
2026-04-13 05:08:11,091 - core.database - INFO - Table park_orders repaired in 2.16s
2026-04-13 05:08:11,101 - core.database - DEBUG - Table question_answers structure is up to date
2026-04-13 05:08:11,101 - core.database - INFO - Table question_answers repaired in 2.17s
2026-04-13 05:08:11,171 - core.database - DEBUG - Table park_points structure is up to date
2026-04-13 05:08:11,171 - core.database - INFO - Table park_points repaired in 2.24s
2026-04-13 05:08:11,174 - core.database - DEBUG - Table questions structure is up to date
2026-04-13 05:08:11,174 - core.database - INFO - Table questions repaired in 2.25s
2026-04-13 05:08:11,197 - core.database - DEBUG - Table news structure is up to date
2026-04-13 05:08:11,198 - core.database - INFO - Table news repaired in 2.27s
2026-04-13 05:08:11,233 - core.database - DEBUG - Table user_preferences structure is up to date
2026-04-13 05:08:11,233 - core.database - INFO - Table user_preferences repaired in 2.30s
2026-04-13 05:08:11,239 - core.database - DEBUG - Table real_estate structure is up to date
2026-04-13 05:08:11,239 - core.database - INFO - Table real_estate repaired in 2.31s
2026-04-13 05:08:11,240 - core.database - INFO - 🔧 Table structure repair completed in 2.8882s
2026-04-13 05:08:11,240 - core.database - INFO - 🔧 Table structure repair completed
2026-04-13 05:08:11,240 - core.database - INFO - 🔧 Starting table creation...
2026-04-13 05:08:14,079 - core.database - INFO - Tables initialized successfully
2026-04-13 05:08:14,079 - core.database - DEBUG - [DB_OP] Create tables completed in 5.7303s
2026-04-13 05:08:14,142 - core.database - INFO - Lazy database initialization completed successfully
2026-04-13 05:08:15,255 - routers.admin_auth - INFO - [Admin Auth] Pre-computed 4 alternative password hashes for 'admin' account
2026-04-13 05:08:16,125 - routers.admin_auth - INFO - [Admin Auth] Admin credentials reset (username: admin, password: Admin123@)
2026-04-13 05:08:16,632 - core.config - DEBUG - Read dynamic attribute oss_service_url from environment variable OSS_SERVICE_URL
2026-04-13 05:08:16,632 - core.config - DEBUG - Read dynamic attribute oss_api_key from environment variable OSS_API_KEY
2026-04-13 05:08:17,048 - httpcore.connection - DEBUG - connect_tcp.started host='atoms.dev' port=443 local_address=None timeout=120.0 socket_options=None
2026-04-13 05:08:17,063 - httpcore.connection - DEBUG - connect_tcp.complete return_value=<httpcore._backends.anyio.AnyIOStream object at 0x7f6ed5c2c550>
2026-04-13 05:08:17,064 - httpcore.connection - DEBUG - start_tls.started ssl_context=<ssl.SSLContext object at 0x7f6ed5c529c0> server_hostname='atoms.dev' timeout=120.0
2026-04-13 05:08:17,072 - httpcore.connection - DEBUG - start_tls.complete return_value=<httpcore._backends.anyio.AnyIOStream object at 0x7f6ed5bf7400>
2026-04-13 05:08:17,073 - httpcore.http11 - DEBUG - send_request_headers.started request=<Request [b'GET']>
2026-04-13 05:08:17,074 - httpcore.http11 - DEBUG - send_request_headers.complete
2026-04-13 05:08:17,074 - httpcore.http11 - DEBUG - send_request_body.started request=<Request [b'GET']>
2026-04-13 05:08:17,074 - httpcore.http11 - DEBUG - send_request_body.complete
2026-04-13 05:08:17,074 - httpcore.http11 - DEBUG - receive_response_headers.started request=<Request [b'GET']>
2026-04-13 05:08:17,102 - httpcore.http11 - DEBUG - receive_response_headers.complete return_value=(b'HTTP/1.1', 200, b'OK', [(b'Date', b'Mon, 13 Apr 2026 12:08:17 GMT'), (b'Content-Type', b'application/json; charset=utf-8'), (b'Transfer-Encoding', b'chunked'), (b'Connection', b'keep-alive'), (b'Access-Control-Allow-Headers', b'Origin, Content-Type, Accept, Authorization'), (b'Access-Control-Allow-Methods', b'GET, POST, PUT, DELETE, OPTIONS'), (b'Access-Control-Allow-Origin', b'*'), (b'Access-Control-Max-Age', b'86400'), (b'X-Request-Id', b'c34c380510e8e6c425567ff456ce814d'), (b'X-Trace-Id', b'b4d6e4541b644bea9b76cd9851636138'), (b'Content-Security-Policy', b"frame-ancestors 'self' https://atoms.dev"), (b'Strict-Transport-Security', b'max-age=63072000; includeSubDomains; preload'), (b'X-Content-Type-Options', b'nosniff'), (b'X-XSS-Protection', b'1; mode=block'), (b'Referrer-Policy', b'strict-origin-when-cross-origin'), (b'cf-cache-status', b'DYNAMIC'), (b'Content-Encoding', b'gzip'), (b'Server', b'cloudflare'), (b'CF-RAY', b'9eba5af2bb7e2b7b-LAX')])
2026-04-13 05:08:17,103 - httpx - INFO - HTTP Request: GET https://atoms.dev/api/v1/infra/client/oss/buckets "HTTP/1.1 200 OK"
2026-04-13 05:08:17,104 - httpcore.http11 - DEBUG - receive_response_body.started request=<Request [b'GET']>
2026-04-13 05:08:17,104 - httpcore.http11 - DEBUG - receive_response_body.complete
2026-04-13 05:08:17,105 - httpcore.http11 - DEBUG - response_closed.started
2026-04-13 05:08:17,106 - httpcore.http11 - DEBUG - response_closed.complete
2026-04-13 05:08:17,107 - httpcore.connection - DEBUG - close.started
2026-04-13 05:08:17,108 - httpcore.connection - DEBUG - close.complete
2026-04-13 05:08:17,108 - services.bucket_init - INFO - Bucket 'portal-images' already exists
2026-04-13 05:08:17,109 - main - INFO - === Application startup completed ===
2026-04-13 05:10:39,401 - core.database - DEBUG - [DB_OP] Starting get_db session creation
2026-04-13 05:10:39,402 - core.database - DEBUG - [DB_OP] Database session created successfully in 0.0007s
2026-04-13 05:10:39,402 - routers.banners - DEBUG - Querying bannerss: query=None, sort=None, skip=0, limit=1, fields=None
2026-04-13 05:10:39,483 - core.database - DEBUG - [DB_OP] Starting get_db session creation
2026-04-13 05:10:39,483 - core.database - DEBUG - [DB_OP] Database session created successfully in 0.0004s
2026-04-13 05:10:39,484 - routers.complaints - DEBUG - Querying complaintss: query=None, sort=-created_at, skip=0, limit=3, fields=None
2026-04-13 05:10:39,487 - core.database - DEBUG - [DB_OP] Starting get_db session creation
2026-04-13 05:10:39,488 - core.database - DEBUG - [DB_OP] Database session created successfully in 0.0011s
2026-04-13 05:10:39,489 - routers.news - DEBUG - Querying newss: query={"published":true}, sort=-created_at, skip=0, limit=6, fields=None
2026-04-13 05:10:39,510 - core.database - DEBUG - [DB_OP] Starting get_db session creation
2026-04-13 05:10:39,511 - core.database - DEBUG - [DB_OP] Database session created successfully in 0.0005s
2026-04-13 05:10:39,511 - routers.homepage_stats - DEBUG - Querying homepage_statss: query=None, sort=None, skip=0, limit=1, fields=None
2026-04-13 05:10:39,513 - core.database - DEBUG - [DB_OP] Starting get_db session creation
2026-04-13 05:10:39,513 - core.database - DEBUG - [DB_OP] Database session created successfully in 0.0002s
2026-04-13 05:10:39,513 - routers.banners - DEBUG - Querying bannerss: query={"active":true}, sort=None, skip=0, limit=4, fields=None
2026-04-13 05:10:39,518 - core.database - DEBUG - [DB_OP] Starting get_db session creation
2026-04-13 05:10:39,519 - core.database - DEBUG - [DB_OP] Database session created successfully in 0.0004s
2026-04-13 05:10:39,519 - routers.jobs - DEBUG - Querying jobss: query={"active":true}, sort=-created_at, skip=0, limit=3, fields=None
2026-04-13 05:10:39,915 - routers.banners - DEBUG - Found 2 bannerss
2026-04-13 05:10:39,916 - core.database - DEBUG - [DB_OP] Database session cleanup after 0.5151s
2026-04-13 05:10:40,029 - routers.homepage_stats - DEBUG - Found 1 homepage_statss
2026-04-13 05:10:40,031 - core.database - DEBUG - [DB_OP] Database session cleanup after 0.5211s
2026-04-13 05:10:40,033 - routers.complaints - DEBUG - Found 13 complaintss
2026-04-13 05:10:40,033 - core.database - DEBUG - [DB_OP] Database session cleanup after 0.5506s
2026-04-13 05:10:40,034 - routers.news - DEBUG - Found 14 newss
2026-04-13 05:10:40,035 - core.database - DEBUG - [DB_OP] Database session cleanup after 0.5473s
2026-04-13 05:10:40,035 - routers.banners - DEBUG - Found 2 bannerss
2026-04-13 05:10:40,035 - core.database - DEBUG - [DB_OP] Database session cleanup after 0.5227s
2026-04-13 05:10:40,296 - routers.jobs - DEBUG - Found 5 jobss
2026-04-13 05:10:40,297 - core.database - DEBUG - [DB_OP] Database session cleanup after 0.7785s
2026-04-13 05:10:41,917 - core.database - DEBUG - [DB_OP] Starting get_db session creation
2026-04-13 05:10:41,918 - core.database - DEBUG - [DB_OP] Database session created successfully in 0.0005s
2026-04-13 05:10:41,918 - routers.masters - DEBUG - Querying masterss: query=None, sort=-rating, skip=0, limit=50, fields=None
2026-04-13 05:10:41,923 - core.database - DEBUG - [DB_OP] Starting get_db session creation
2026-04-13 05:10:41,923 - core.database - DEBUG - [DB_OP] Database session created successfully in 0.0004s
2026-04-13 05:10:41,924 - routers.announcements - DEBUG - Querying announcementss: query={"active":true,"status":"approved"}, sort=-created_at, skip=0, limit=50, fields=None
2026-04-13 05:10:41,929 - core.database - DEBUG - [DB_OP] Starting get_db session creation
2026-04-13 05:10:41,929 - core.database - DEBUG - [DB_OP] Database session created successfully in 0.0004s
2026-04-13 05:10:41,930 - routers.food_items - DEBUG - Querying food_itemss: query=None, sort=sort_order, skip=0, limit=200, fields=None
2026-04-13 05:10:41,934 - core.database - DEBUG - [DB_OP] Starting get_db session creation
2026-04-13 05:10:41,934 - core.database - DEBUG - [DB_OP] Database session created successfully in 0.0004s
2026-04-13 05:10:41,935 - routers.food_categories - DEBUG - Querying food_categoriess: query=None, sort=sort_order, skip=0, limit=50, fields=None
2026-04-13 05:10:42,428 - routers.announcements - DEBUG - Found 1 announcementss
2026-04-13 05:10:42,429 - core.database - DEBUG - [DB_OP] Database session cleanup after 0.5060s
2026-04-13 05:10:42,515 - httpcore.connection - DEBUG - connect_tcp.started host='api.openweathermap.org' port=443 local_address=None timeout=10.0 socket_options=None
2026-04-13 05:10:42,517 - routers.masters - DEBUG - Found 8 masterss
2026-04-13 05:10:42,518 - core.database - DEBUG - [DB_OP] Database session cleanup after 0.6011s
2026-04-13 05:10:42,521 - routers.food_items - DEBUG - Found 96 food_itemss
2026-04-13 05:10:42,523 - core.database - DEBUG - [DB_OP] Database session cleanup after 0.5942s
2026-04-13 05:10:42,524 - routers.food_categories - DEBUG - Found 18 food_categoriess
2026-04-13 05:10:42,524 - core.database - DEBUG - [DB_OP] Database session cleanup after 0.5904s
2026-04-13 05:10:42,721 - httpcore.connection - DEBUG - connect_tcp.complete return_value=<httpcore._backends.anyio.AnyIOStream object at 0x7f6edc31ae00>
2026-04-13 05:10:42,721 - httpcore.connection - DEBUG - start_tls.started ssl_context=<ssl.SSLContext object at 0x7f6ed50464c0> server_hostname='api.openweathermap.org' timeout=10.0
2026-04-13 05:10:42,776 - httpcore.connection - DEBUG - start_tls.complete return_value=<httpcore._backends.anyio.AnyIOStream object at 0x7f6edc319b40>
2026-04-13 05:10:42,777 - httpcore.http11 - DEBUG - send_request_headers.started request=<Request [b'GET']>
2026-04-13 05:10:42,778 - httpcore.http11 - DEBUG - send_request_headers.complete
2026-04-13 05:10:42,779 - httpcore.http11 - DEBUG - send_request_body.started request=<Request [b'GET']>
2026-04-13 05:10:42,779 - httpcore.http11 - DEBUG - send_request_body.complete
2026-04-13 05:10:42,779 - httpcore.http11 - DEBUG - receive_response_headers.started request=<Request [b'GET']>
2026-04-13 05:10:42,844 - httpcore.http11 - DEBUG - receive_response_headers.complete return_value=(b'HTTP/1.1', 200, b'OK', [(b'Date', b'Mon, 13 Apr 2026 12:10:42 GMT'), (b'Content-Type', b'application/json; charset=utf-8'), (b'Content-Length', b'554'), (b'Connection', b'keep-alive'), (b'X-Cache-Key', b'/data/2.5/weather?lang=ru&q=karaganda&units=metric'), (b'Access-Control-Allow-Origin', b'*'), (b'Access-Control-Allow-Credentials', b'true'), (b'Access-Control-Allow-Methods', b'GET, POST')])
2026-04-13 05:10:42,844 - httpx - INFO - HTTP Request: GET https://api.openweathermap.org/data/2.5/weather?q=Karaganda&units=metric&lang=ru&appid=ae3471b8d67a2e46b753ece3875423c9 "HTTP/1.1 200 OK"
2026-04-13 05:10:42,845 - httpcore.http11 - DEBUG - receive_response_body.started request=<Request [b'GET']>
2026-04-13 05:10:42,846 - httpcore.http11 - DEBUG - receive_response_body.complete
2026-04-13 05:10:42,846 - httpcore.http11 - DEBUG - response_closed.started
2026-04-13 05:10:42,847 - httpcore.http11 - DEBUG - response_closed.complete
2026-04-13 05:10:42,847 - httpcore.connection - DEBUG - close.started
2026-04-13 05:10:42,848 - httpcore.connection - DEBUG - close.complete
2026-04-13 05:10:42,848 - routers.weather - INFO - [Weather] Fetched: 13°C, облачно с прояснениями
2026-04-13 05:11:20,186 - services.database - DEBUG - [DB_OP] Starting database close
2026-04-13 05:11:20,519 - core.database - INFO - Database connection closed and engine disposed
2026-04-13 05:11:20,520 - services.database - INFO - Database connections closed
2026-04-13 05:11:20,521 - services.database - DEBUG - [DB_OP] Database close completed in 0.3345s
