2026-04-06 11:41:17,708 - main - INFO - === Logging system initialized ===
2026-04-06 11:41:17,709 - main - INFO - Log file: logs/app_20260406_114117.log
2026-04-06 11:41:17,709 - main - INFO - Log level: INFO
2026-04-06 11:41:17,710 - main - INFO - Timestamp: 20260406_114117
2026-04-06 11:41:17,716 - main - INFO - Included router: routers.admin_auth.router
2026-04-06 11:41:18,528 - main - INFO - Included router: routers.aihub.router
2026-04-06 11:41:18,591 - main - INFO - Included router: routers.announcements.router
2026-04-06 11:41:18,617 - main - INFO - Included router: routers.auth.router
2026-04-06 11:41:18,676 - main - INFO - Included router: routers.banners.router
2026-04-06 11:41:18,849 - main - INFO - Included router: routers.become_master_requests.router
2026-04-06 11:41:18,927 - main - INFO - Included router: routers.bus_notifications.router
2026-04-06 11:41:19,003 - main - INFO - Included router: routers.bus_routes.router
2026-04-06 11:41:19,083 - main - INFO - Included router: routers.bus_stops.router
2026-04-06 11:41:19,144 - main - INFO - Included router: routers.categories.router
2026-04-06 11:41:19,199 - main - INFO - Included router: routers.complaints.router
2026-04-06 11:41:19,250 - main - INFO - Included router: routers.couriers.router
2026-04-06 11:41:19,255 - main - INFO - Included router: routers.debug_schema.router
2026-04-06 11:41:19,306 - main - INFO - Included router: routers.directory_entries.router
2026-04-06 11:41:19,354 - main - INFO - Included router: routers.food_categories.router
2026-04-06 11:41:19,396 - main - INFO - Included router: routers.food_item_modifiers.router
2026-04-06 11:41:19,447 - main - INFO - Included router: routers.food_items.router
2026-04-06 11:41:19,503 - main - INFO - Included router: routers.food_modifiers.router
2026-04-06 11:41:19,687 - main - INFO - Included router: routers.food_orders.router
2026-04-06 11:41:19,773 - main - INFO - Included router: routers.food_settings.router
2026-04-06 11:41:19,809 - main - INFO - Included router: routers.frontpad.router
2026-04-06 11:41:19,858 - main - INFO - Included router: routers.frontpad_settings.router
2026-04-06 11:41:19,906 - main - INFO - Included router: routers.frontpad_sync_log.router
2026-04-06 11:41:19,911 - main - INFO - Included router: routers.health.router
2026-04-06 11:41:19,977 - main - INFO - Included router: routers.health_check.router
2026-04-06 11:41:20,050 - main - INFO - Included router: routers.history_events.router
2026-04-06 11:41:20,117 - main - INFO - Included router: routers.homepage_stats.router
2026-04-06 11:41:20,193 - main - INFO - Included router: routers.inspectors.router
2026-04-06 11:41:20,253 - main - INFO - Included router: routers.item_modifier_groups.router
2026-04-06 11:41:20,323 - main - INFO - Included router: routers.jobs.router
2026-04-06 11:41:20,382 - main - INFO - Included router: routers.master_requests.router
2026-04-06 11:41:20,451 - main - INFO - Included router: routers.masters.router
2026-04-06 11:41:20,667 - main - INFO - Included router: routers.modifier_groups.router
2026-04-06 11:41:20,736 - main - INFO - Included router: routers.modifier_options.router
2026-04-06 11:41:20,791 - main - INFO - Included router: routers.news.router
2026-04-06 11:41:20,867 - main - INFO - Included router: routers.park_orders.router
2026-04-06 11:41:20,932 - main - INFO - Included router: routers.park_points.router
2026-04-06 11:41:21,001 - main - INFO - Included router: routers.question_answers.router
2026-04-06 11:41:21,078 - main - INFO - Included router: routers.questions.router
2026-04-06 11:41:21,148 - main - INFO - Included router: routers.real_estate.router
2026-04-06 11:41:21,176 - main - INFO - Included router: routers.settings.router
2026-04-06 11:41:21,225 - main - INFO - Included router: routers.storage.router
2026-04-06 11:41:21,262 - main - INFO - Included router: routers.telegram.router
2026-04-06 11:41:21,274 - main - INFO - Included router: routers.user.router
2026-04-06 11:41:21,330 - main - INFO - Included router: routers.user_preferences.router
2026-04-06 11:41:21,335 - main - INFO - Included router: routers.weather.router
2026-04-06 11:41:21,337 - main - INFO - === Application startup initiated ===
2026-04-06 11:41:21,338 - services.database - INFO - Ignore creating tables
2026-04-06 11:41:21,340 - services.mock_data - INFO - Ignore initialize data
2026-04-06 11:41:21,341 - services.auth - INFO - Ignore initialize admin
2026-04-06 11:41:21,342 - core.database - WARNING - Database not initialized, attempting lazy initialization...
2026-04-06 11:41:21,342 - core.database - INFO - Starting database initialization...
2026-04-06 11:41:21,342 - core.config - DEBUG - Read dynamic attribute database_url from environment variable DATABASE_URL
2026-04-06 11:41:21,343 - core.database - INFO - Database init attempt 1/5...
2026-04-06 11:41:21,345 - core.database - INFO - Normalized database URL (masked): postgresql+asyncpg://neondb_owner:***@ep-cool-wave-ad8598va.c-2.us-east-1.aws.neon.tech/neondb?ssl=require
2026-04-06 11:41:21,345 - core.database - INFO - Using QueuePool with connection pooling
2026-04-06 11:41:22,742 - core.database - INFO - Database connection initialized successfully
2026-04-06 11:41:22,742 - core.database - DEBUG - [DB_OP] Starting create_tables
2026-04-06 11:41:22,743 - core.database - INFO - 🔧 Table creation attempt 1/3...
2026-04-06 11:41:22,743 - core.database - INFO - 🔧 Starting table structure repair...
2026-04-06 11:41:23,321 - core.database - INFO - 🔧 Repairing 40 existing tables...
2026-04-06 11:41:23,321 - core.database - DEBUG - Checking table structure for: users
2026-04-06 11:41:23,322 - core.database - DEBUG - Checking table structure for: oidc_states
2026-04-06 11:41:23,326 - core.database - DEBUG - Checking table structure for: admin_credentials
2026-04-06 11:41:23,327 - core.database - DEBUG - Checking table structure for: admin_login_attempts
2026-04-06 11:41:23,330 - core.database - DEBUG - Checking table structure for: admin_login_lockouts
2026-04-06 11:41:23,332 - core.database - DEBUG - Checking table structure for: announcements
2026-04-06 11:41:23,333 - core.database - DEBUG - Checking table structure for: banners
2026-04-06 11:41:23,335 - core.database - DEBUG - Checking table structure for: become_master_requests
2026-04-06 11:41:23,338 - core.database - DEBUG - Checking table structure for: bus_notifications
2026-04-06 11:41:23,339 - core.database - DEBUG - Checking table structure for: bus_routes
2026-04-06 11:41:24,108 - core.database - DEBUG - Table users structure is up to date
2026-04-06 11:41:24,108 - core.database - INFO - Table users repaired in 0.79s
2026-04-06 11:41:24,109 - core.database - DEBUG - Checking table structure for: bus_stops
2026-04-06 11:41:24,223 - core.database - DEBUG - Table bus_notifications structure is up to date
2026-04-06 11:41:24,223 - core.database - INFO - Table bus_notifications repaired in 0.88s
2026-04-06 11:41:24,223 - core.database - DEBUG - Checking table structure for: categories
2026-04-06 11:41:24,289 - core.database - DEBUG - Table banners structure is up to date
2026-04-06 11:41:24,290 - core.database - INFO - Table banners repaired in 0.96s
2026-04-06 11:41:24,290 - core.database - DEBUG - Checking table structure for: complaints
2026-04-06 11:41:24,312 - core.database - DEBUG - Table bus_routes structure is up to date
2026-04-06 11:41:24,313 - core.database - INFO - Table bus_routes repaired in 0.97s
2026-04-06 11:41:24,313 - core.database - DEBUG - Checking table structure for: couriers
2026-04-06 11:41:24,315 - core.database - DEBUG - Table admin_login_attempts structure is up to date
2026-04-06 11:41:24,315 - core.database - INFO - Table admin_login_attempts repaired in 0.99s
2026-04-06 11:41:24,316 - core.database - DEBUG - Checking table structure for: directory_entries
2026-04-06 11:41:24,317 - core.database - DEBUG - Table oidc_states structure is up to date
2026-04-06 11:41:24,317 - core.database - INFO - Table oidc_states repaired in 1.00s
2026-04-06 11:41:24,318 - core.database - DEBUG - Checking table structure for: food_categories
2026-04-06 11:41:24,318 - core.database - DEBUG - Table admin_login_lockouts structure is up to date
2026-04-06 11:41:24,318 - core.database - INFO - Table admin_login_lockouts repaired in 0.99s
2026-04-06 11:41:24,319 - core.database - DEBUG - Checking table structure for: food_item_modifiers
2026-04-06 11:41:24,326 - core.database - DEBUG - Table become_master_requests structure is up to date
2026-04-06 11:41:24,327 - core.database - INFO - Table become_master_requests repaired in 0.99s
2026-04-06 11:41:24,327 - core.database - DEBUG - Checking table structure for: food_items
2026-04-06 11:41:24,328 - core.database - DEBUG - Table admin_credentials structure is up to date
2026-04-06 11:41:24,329 - core.database - INFO - Table admin_credentials repaired in 1.00s
2026-04-06 11:41:24,329 - core.database - DEBUG - Table announcements structure is up to date
2026-04-06 11:41:24,329 - core.database - INFO - Table announcements repaired in 1.00s
2026-04-06 11:41:24,329 - core.database - DEBUG - Checking table structure for: food_modifiers
2026-04-06 11:41:24,330 - core.database - DEBUG - Checking table structure for: food_orders
2026-04-06 11:41:24,493 - core.database - DEBUG - Table bus_stops structure is up to date
2026-04-06 11:41:24,493 - core.database - INFO - Table bus_stops repaired in 1.15s
2026-04-06 11:41:24,494 - core.database - DEBUG - Checking table structure for: food_settings
2026-04-06 11:41:24,659 - core.database - DEBUG - Table categories structure is up to date
2026-04-06 11:41:24,660 - core.database - INFO - Table categories repaired in 1.32s
2026-04-06 11:41:24,660 - core.database - DEBUG - Checking table structure for: frontpad_settings
2026-04-06 11:41:24,727 - core.database - DEBUG - Table complaints structure is up to date
2026-04-06 11:41:24,728 - core.database - INFO - Table complaints repaired in 1.39s
2026-04-06 11:41:24,728 - core.database - DEBUG - Checking table structure for: frontpad_sync_log
2026-04-06 11:41:24,753 - core.database - DEBUG - Table food_categories structure is up to date
2026-04-06 11:41:24,754 - core.database - INFO - Table food_categories repaired in 1.41s
2026-04-06 11:41:24,754 - core.database - DEBUG - Checking table structure for: health_check
2026-04-06 11:41:24,757 - core.database - DEBUG - Table couriers structure is up to date
2026-04-06 11:41:24,758 - core.database - INFO - Table couriers repaired in 1.42s
2026-04-06 11:41:24,758 - core.database - DEBUG - Checking table structure for: history_events
2026-04-06 11:41:24,761 - core.database - DEBUG - Table food_item_modifiers structure is up to date
2026-04-06 11:41:24,761 - core.database - INFO - Table food_item_modifiers repaired in 1.42s
2026-04-06 11:41:24,761 - core.database - DEBUG - Table directory_entries structure is up to date
2026-04-06 11:41:24,762 - core.database - INFO - Table directory_entries repaired in 1.42s
2026-04-06 11:41:24,762 - core.database - DEBUG - Checking table structure for: homepage_stats
2026-04-06 11:41:24,762 - core.database - DEBUG - Checking table structure for: inspectors
2026-04-06 11:41:24,770 - core.database - DEBUG - Table food_items structure is up to date
2026-04-06 11:41:24,771 - core.database - INFO - Table food_items repaired in 1.43s
2026-04-06 11:41:24,771 - core.database - DEBUG - Checking table structure for: item_modifier_groups
2026-04-06 11:41:24,774 - core.database - DEBUG - Table food_orders structure is up to date
2026-04-06 11:41:24,774 - core.database - INFO - Table food_orders repaired in 1.43s
2026-04-06 11:41:24,774 - core.database - DEBUG - Checking table structure for: jobs
2026-04-06 11:41:24,775 - core.database - DEBUG - Table food_modifiers structure is up to date
2026-04-06 11:41:24,775 - core.database - INFO - Table food_modifiers repaired in 1.43s
2026-04-06 11:41:24,776 - core.database - DEBUG - Checking table structure for: master_requests
2026-04-06 11:41:24,877 - core.database - DEBUG - Table food_settings structure is up to date
2026-04-06 11:41:24,878 - core.database - INFO - Table food_settings repaired in 1.54s
2026-04-06 11:41:24,878 - core.database - DEBUG - Checking table structure for: masters
2026-04-06 11:41:25,034 - core.database - DEBUG - Table frontpad_settings structure is up to date
2026-04-06 11:41:25,036 - core.database - INFO - Table frontpad_settings repaired in 1.70s
2026-04-06 11:41:25,036 - core.database - DEBUG - Checking table structure for: modifier_groups
2026-04-06 11:41:25,133 - core.database - DEBUG - Table health_check structure is up to date
2026-04-06 11:41:25,133 - core.database - INFO - Table health_check repaired in 1.79s
2026-04-06 11:41:25,133 - core.database - DEBUG - Checking table structure for: modifier_options
2026-04-06 11:41:25,142 - core.database - DEBUG - Table homepage_stats structure is up to date
2026-04-06 11:41:25,142 - core.database - INFO - Table homepage_stats repaired in 1.80s
2026-04-06 11:41:25,144 - core.database - DEBUG - Checking table structure for: news
2026-04-06 11:41:25,153 - core.database - DEBUG - Table item_modifier_groups structure is up to date
2026-04-06 11:41:25,153 - core.database - INFO - Table item_modifier_groups repaired in 1.81s
2026-04-06 11:41:25,154 - core.database - DEBUG - Checking table structure for: park_orders
2026-04-06 11:41:25,155 - core.database - DEBUG - Table jobs structure is up to date
2026-04-06 11:41:25,156 - core.database - INFO - Table jobs repaired in 1.82s
2026-04-06 11:41:25,156 - core.database - DEBUG - Checking table structure for: park_points
2026-04-06 11:41:25,158 - core.database - DEBUG - Table master_requests structure is up to date
2026-04-06 11:41:25,158 - core.database - INFO - Table master_requests repaired in 1.82s
2026-04-06 11:41:25,158 - core.database - DEBUG - Checking table structure for: question_answers
2026-04-06 11:41:25,164 - core.database - DEBUG - Table frontpad_sync_log structure is up to date
2026-04-06 11:41:25,165 - core.database - INFO - Table frontpad_sync_log repaired in 1.82s
2026-04-06 11:41:25,165 - core.database - DEBUG - Checking table structure for: questions
2026-04-06 11:41:25,198 - core.database - DEBUG - Table history_events structure is up to date
2026-04-06 11:41:25,199 - core.database - INFO - Table history_events repaired in 1.86s
2026-04-06 11:41:25,199 - core.database - DEBUG - Checking table structure for: real_estate
2026-04-06 11:41:25,201 - core.database - DEBUG - Table inspectors structure is up to date
2026-04-06 11:41:25,201 - core.database - INFO - Table inspectors repaired in 1.86s
2026-04-06 11:41:25,201 - core.database - DEBUG - Checking table structure for: user_preferences
2026-04-06 11:41:25,324 - core.database - DEBUG - Table masters structure is up to date
2026-04-06 11:41:25,324 - core.database - INFO - Table masters repaired in 1.98s
2026-04-06 11:41:25,471 - core.database - DEBUG - Table modifier_groups structure is up to date
2026-04-06 11:41:25,471 - core.database - INFO - Table modifier_groups repaired in 2.13s
2026-04-06 11:41:25,508 - core.database - DEBUG - Table modifier_options structure is up to date
2026-04-06 11:41:25,508 - core.database - INFO - Table modifier_options repaired in 2.17s
2026-04-06 11:41:25,534 - core.database - DEBUG - Table park_orders structure is up to date
2026-04-06 11:41:25,535 - core.database - INFO - Table park_orders repaired in 2.19s
2026-04-06 11:41:25,538 - core.database - DEBUG - Table park_points structure is up to date
2026-04-06 11:41:25,538 - core.database - INFO - Table park_points repaired in 2.20s
2026-04-06 11:41:25,606 - core.database - DEBUG - Table questions structure is up to date
2026-04-06 11:41:25,607 - core.database - INFO - Table questions repaired in 2.27s
2026-04-06 11:41:25,607 - core.database - DEBUG - Table question_answers structure is up to date
2026-04-06 11:41:25,608 - core.database - INFO - Table question_answers repaired in 2.27s
2026-04-06 11:41:25,646 - core.database - DEBUG - Table real_estate structure is up to date
2026-04-06 11:41:25,646 - core.database - INFO - Table real_estate repaired in 2.31s
2026-04-06 11:41:25,647 - core.database - DEBUG - Table user_preferences structure is up to date
2026-04-06 11:41:25,647 - core.database - INFO - Table user_preferences repaired in 2.31s
2026-04-06 11:41:25,648 - core.database - DEBUG - Table news structure is up to date
2026-04-06 11:41:25,648 - core.database - INFO - Table news repaired in 2.31s
2026-04-06 11:41:25,648 - core.database - INFO - 🔧 Table structure repair completed in 2.9050s
2026-04-06 11:41:25,648 - core.database - INFO - 🔧 Table structure repair completed
2026-04-06 11:41:25,648 - core.database - INFO - 🔧 Starting table creation...
2026-04-06 11:41:28,529 - core.database - INFO - Tables initialized successfully
2026-04-06 11:41:28,529 - core.database - DEBUG - [DB_OP] Create tables completed in 5.7873s
2026-04-06 11:41:28,594 - core.database - INFO - Lazy database initialization completed successfully
2026-04-06 11:41:29,681 - routers.admin_auth - INFO - [Admin Auth] Pre-computed 4 alternative password hashes for 'admin' account
2026-04-06 11:41:30,581 - routers.admin_auth - INFO - [Admin Auth] Admin credentials reset (username: admin, password: Admin123@)
2026-04-06 11:41:31,078 - core.config - DEBUG - Read dynamic attribute oss_service_url from environment variable OSS_SERVICE_URL
2026-04-06 11:41:31,078 - core.config - DEBUG - Read dynamic attribute oss_api_key from environment variable OSS_API_KEY
2026-04-06 11:41:31,462 - httpcore.connection - DEBUG - connect_tcp.started host='atoms.dev' port=443 local_address=None timeout=120.0 socket_options=None
2026-04-06 11:41:31,481 - httpcore.connection - DEBUG - connect_tcp.complete return_value=<httpcore._backends.anyio.AnyIOStream object at 0x7f9acc6fefe0>
2026-04-06 11:41:31,481 - httpcore.connection - DEBUG - start_tls.started ssl_context=<ssl.SSLContext object at 0x7f9ace956840> server_hostname='atoms.dev' timeout=120.0
2026-04-06 11:41:31,491 - httpcore.connection - DEBUG - start_tls.complete return_value=<httpcore._backends.anyio.AnyIOStream object at 0x7f9acc6fded0>
2026-04-06 11:41:31,491 - httpcore.http11 - DEBUG - send_request_headers.started request=<Request [b'GET']>
2026-04-06 11:41:31,492 - httpcore.http11 - DEBUG - send_request_headers.complete
2026-04-06 11:41:31,492 - httpcore.http11 - DEBUG - send_request_body.started request=<Request [b'GET']>
2026-04-06 11:41:31,493 - httpcore.http11 - DEBUG - send_request_body.complete
2026-04-06 11:41:31,493 - httpcore.http11 - DEBUG - receive_response_headers.started request=<Request [b'GET']>
2026-04-06 11:41:31,539 - httpcore.http11 - DEBUG - receive_response_headers.complete return_value=(b'HTTP/1.1', 200, b'OK', [(b'Date', b'Mon, 06 Apr 2026 18:41:31 GMT'), (b'Content-Type', b'application/json; charset=utf-8'), (b'Transfer-Encoding', b'chunked'), (b'Connection', b'keep-alive'), (b'Access-Control-Allow-Headers', b'Origin, Content-Type, Accept, Authorization'), (b'Access-Control-Allow-Methods', b'GET, POST, PUT, DELETE, OPTIONS'), (b'Access-Control-Allow-Origin', b'*'), (b'Access-Control-Max-Age', b'86400'), (b'X-Request-Id', b'f2df89b854b5befc60e54b3c957e0651'), (b'X-Trace-Id', b'e9b8c4557b7047178ae1c2ba9ffd110f'), (b'Content-Security-Policy', b"frame-ancestors 'self' https://atoms.dev"), (b'Strict-Transport-Security', b'max-age=63072000; includeSubDomains; preload'), (b'X-Content-Type-Options', b'nosniff'), (b'X-XSS-Protection', b'1; mode=block'), (b'Referrer-Policy', b'strict-origin-when-cross-origin'), (b'cf-cache-status', b'DYNAMIC'), (b'Content-Encoding', b'gzip'), (b'Server', b'cloudflare'), (b'CF-RAY', b'9e82ed5bd926d00b-LAX')])
2026-04-06 11:41:31,540 - httpx - INFO - HTTP Request: GET https://atoms.dev/api/v1/infra/client/oss/buckets "HTTP/1.1 200 OK"
2026-04-06 11:41:31,540 - httpcore.http11 - DEBUG - receive_response_body.started request=<Request [b'GET']>
2026-04-06 11:41:31,541 - httpcore.http11 - DEBUG - receive_response_body.complete
2026-04-06 11:41:31,542 - httpcore.http11 - DEBUG - response_closed.started
2026-04-06 11:41:31,542 - httpcore.http11 - DEBUG - response_closed.complete
2026-04-06 11:41:31,542 - httpcore.connection - DEBUG - close.started
2026-04-06 11:41:31,543 - httpcore.connection - DEBUG - close.complete
2026-04-06 11:41:31,543 - services.bucket_init - INFO - Bucket 'portal-images' already exists
2026-04-06 11:41:31,543 - main - INFO - === Application startup completed ===
2026-04-06 11:41:34,052 - services.database - DEBUG - [DB_OP] Starting database close
2026-04-06 11:41:34,380 - core.database - INFO - Database connection closed and engine disposed
2026-04-06 11:41:34,381 - services.database - INFO - Database connections closed
2026-04-06 11:41:34,381 - services.database - DEBUG - [DB_OP] Database close completed in 0.3289s
