2026-03-23 08:34:59,721 - main - INFO - === Logging system initialized ===
2026-03-23 08:34:59,721 - main - INFO - Log file: logs/app_20260323_083459.log
2026-03-23 08:34:59,722 - main - INFO - Log level: INFO
2026-03-23 08:34:59,723 - main - INFO - Timestamp: 20260323_083459
2026-03-23 08:34:59,728 - main - INFO - Included router: routers.admin_auth.router
2026-03-23 08:35:01,064 - main - INFO - Included router: routers.aihub.router
2026-03-23 08:35:01,125 - main - INFO - Included router: routers.announcements.router
2026-03-23 08:35:01,141 - main - INFO - Included router: routers.auth.router
2026-03-23 08:35:01,185 - main - INFO - Included router: routers.banners.router
2026-03-23 08:35:01,366 - main - INFO - Included router: routers.become_master_requests.router
2026-03-23 08:35:01,426 - main - INFO - Included router: routers.categories.router
2026-03-23 08:35:01,474 - main - INFO - Included router: routers.complaints.router
2026-03-23 08:35:01,476 - main - WARNING - Failed to import module 'routers.debug_schema': cannot import name 'async_engine' from 'core.database' (/workspace/app/backend/core/database.py)
2026-03-23 08:35:01,518 - main - INFO - Included router: routers.directory_entries.router
2026-03-23 08:35:01,559 - main - INFO - Included router: routers.food_categories.router
2026-03-23 08:35:01,593 - main - INFO - Included router: routers.food_item_modifiers.router
2026-03-23 08:35:01,635 - main - INFO - Included router: routers.food_items.router
2026-03-23 08:35:01,672 - main - INFO - Included router: routers.food_modifiers.router
2026-03-23 08:35:01,713 - main - INFO - Included router: routers.food_orders.router
2026-03-23 08:35:01,757 - main - INFO - Included router: routers.food_settings.router
2026-03-23 08:35:01,787 - main - INFO - Included router: routers.frontpad.router
2026-03-23 08:35:01,830 - main - INFO - Included router: routers.frontpad_settings.router
2026-03-23 08:35:01,871 - main - INFO - Included router: routers.frontpad_sync_log.router
2026-03-23 08:35:01,874 - main - INFO - Included router: routers.health.router
2026-03-23 08:35:01,985 - main - INFO - Included router: routers.history_events.router
2026-03-23 08:35:02,024 - main - INFO - Included router: routers.homepage_stats.router
2026-03-23 08:35:02,074 - main - INFO - Included router: routers.inspectors.router
2026-03-23 08:35:02,110 - main - INFO - Included router: routers.item_modifier_groups.router
2026-03-23 08:35:02,163 - main - INFO - Included router: routers.jobs.router
2026-03-23 08:35:02,207 - main - INFO - Included router: routers.master_requests.router
2026-03-23 08:35:02,262 - main - INFO - Included router: routers.masters.router
2026-03-23 08:35:02,310 - main - INFO - Included router: routers.modifier_groups.router
2026-03-23 08:35:02,362 - main - INFO - Included router: routers.modifier_options.router
2026-03-23 08:35:02,414 - main - INFO - Included router: routers.news.router
2026-03-23 08:35:02,459 - main - INFO - Included router: routers.question_answers.router
2026-03-23 08:35:02,498 - main - INFO - Included router: routers.questions.router
2026-03-23 08:35:02,659 - main - INFO - Included router: routers.real_estate.router
2026-03-23 08:35:02,682 - main - INFO - Included router: routers.settings.router
2026-03-23 08:35:02,716 - main - INFO - Included router: routers.storage.router
2026-03-23 08:35:02,739 - main - INFO - Included router: routers.telegram.router
2026-03-23 08:35:02,746 - main - INFO - Included router: routers.user.router
2026-03-23 08:35:02,789 - main - INFO - Included router: routers.user_preferences.router
2026-03-23 08:35:02,790 - main - INFO - === Application startup initiated ===
2026-03-23 08:35:02,791 - services.database - INFO - Ignore creating tables
2026-03-23 08:35:02,791 - services.mock_data - INFO - Ignore initialize data
2026-03-23 08:35:02,791 - services.auth - INFO - Ignore initialize admin
2026-03-23 08:35:02,791 - services.database - INFO - Ignore creating tables
