2026-03-23 03:20:03,831 - main - INFO - === Logging system initialized ===
2026-03-23 03:20:03,832 - main - INFO - Log file: logs/app_20260323_032003.log
2026-03-23 03:20:03,832 - main - INFO - Log level: INFO
2026-03-23 03:20:03,832 - main - INFO - Timestamp: 20260323_032003
2026-03-23 03:20:04,761 - main - INFO - Included router: routers.aihub.router
2026-03-23 03:20:04,838 - main - INFO - Included router: routers.announcements.router
2026-03-23 03:20:04,879 - main - INFO - Included router: routers.auth.router
2026-03-23 03:20:04,967 - main - INFO - Included router: routers.banners.router
2026-03-23 03:20:05,090 - main - INFO - Included router: routers.become_master_requests.router
2026-03-23 03:20:05,150 - main - INFO - Included router: routers.categories.router
2026-03-23 03:20:05,204 - main - INFO - Included router: routers.complaints.router
2026-03-23 03:20:05,233 - main - WARNING - Failed to import module 'routers.debug_schema': cannot import name 'async_engine' from 'core.database' (/workspace/app/backend/core/database.py)
2026-03-23 03:20:05,285 - main - INFO - Included router: routers.directory_entries.router
2026-03-23 03:20:05,328 - main - INFO - Included router: routers.food_categories.router
2026-03-23 03:20:05,373 - main - INFO - Included router: routers.food_item_modifiers.router
2026-03-23 03:20:05,426 - main - INFO - Included router: routers.food_items.router
2026-03-23 03:20:05,467 - main - INFO - Included router: routers.food_modifiers.router
2026-03-23 03:20:05,513 - main - INFO - Included router: routers.food_orders.router
2026-03-23 03:20:05,560 - main - INFO - Included router: routers.food_settings.router
2026-03-23 03:20:05,587 - main - INFO - Included router: routers.frontpad.router
2026-03-23 03:20:05,625 - main - INFO - Included router: routers.frontpad_settings.router
2026-03-23 03:20:05,671 - main - INFO - Included router: routers.frontpad_sync_log.router
2026-03-23 03:20:05,673 - main - INFO - Included router: routers.health.router
2026-03-23 03:20:05,724 - main - INFO - Included router: routers.history_events.router
2026-03-23 03:20:05,859 - main - INFO - Included router: routers.homepage_stats.router
2026-03-23 03:20:05,918 - main - INFO - Included router: routers.inspectors.router
2026-03-23 03:20:05,967 - main - INFO - Included router: routers.item_modifier_groups.router
2026-03-23 03:20:06,031 - main - INFO - Included router: routers.jobs.router
2026-03-23 03:20:06,080 - main - INFO - Included router: routers.master_requests.router
2026-03-23 03:20:06,133 - main - INFO - Included router: routers.masters.router
2026-03-23 03:20:06,180 - main - INFO - Included router: routers.modifier_groups.router
2026-03-23 03:20:06,231 - main - INFO - Included router: routers.modifier_options.router
2026-03-23 03:20:06,301 - main - INFO - Included router: routers.news.router
2026-03-23 03:20:06,374 - main - INFO - Included router: routers.question_answers.router
2026-03-23 03:20:06,419 - main - INFO - Included router: routers.questions.router
2026-03-23 03:20:06,482 - main - INFO - Included router: routers.real_estate.router
2026-03-23 03:20:06,614 - main - INFO - Included router: routers.settings.router
2026-03-23 03:20:06,654 - main - INFO - Included router: routers.storage.router
2026-03-23 03:20:06,681 - main - INFO - Included router: routers.telegram.router
2026-03-23 03:20:06,690 - main - INFO - Included router: routers.user.router
2026-03-23 03:20:06,737 - main - INFO - Included router: routers.user_preferences.router
2026-03-23 03:20:06,738 - main - INFO - === Application startup initiated ===
2026-03-23 03:20:06,739 - services.database - INFO - Ignore creating tables
2026-03-23 03:20:06,739 - services.mock_data - INFO - Ignore initialize data
2026-03-23 03:20:06,739 - services.auth - INFO - Ignore initialize admin
2026-03-23 03:20:06,739 - main - INFO - === Application startup completed successfully ===
2026-03-23 03:20:06,746 - core.database - DEBUG - [DB_OP] Starting get_db session creation
2026-03-23 03:20:06,746 - core.database - WARNING - Database session maker not available, attempting lazy initialization...
2026-03-23 03:20:06,746 - core.database - WARNING - Database not initialized, attempting lazy initialization...
2026-03-23 03:20:06,746 - core.database - INFO - Starting database initialization...
2026-03-23 03:20:06,746 - core.config - DEBUG - Read dynamic attribute database_url from environment variable DATABASE_URL
2026-03-23 03:20:06,746 - core.database - INFO - Normalizing database URL for async compatibility...
2026-03-23 03:20:06,747 - core.database - INFO - Creating async database engine...
2026-03-23 03:20:06,747 - core.database - INFO - Using QueuePool with connection pooling for non-Lambda environment
2026-03-23 03:20:06,811 - core.database - INFO - Database engine created successfully
2026-03-23 03:20:06,812 - core.database - INFO - Creating async session maker...
2026-03-23 03:20:06,812 - core.database - INFO - Async session maker created successfully
2026-03-23 03:20:06,813 - core.database - INFO - Database connection initialized successfully
2026-03-23 03:20:06,813 - core.database - DEBUG - [DB_OP] Starting create_tables
2026-03-23 03:20:06,813 - core.database - INFO - 🔧 Starting table structure repair...
2026-03-23 03:20:08,198 - core.database - INFO - 🔧 Repairing 30 existing tables...
2026-03-23 03:20:08,199 - core.database - DEBUG - Checking table structure for: users
2026-03-23 03:20:08,199 - core.database - DEBUG - Checking table structure for: oidc_states
2026-03-23 03:20:08,200 - core.database - DEBUG - Checking table structure for: announcements
2026-03-23 03:20:08,201 - core.database - DEBUG - Checking table structure for: banners
2026-03-23 03:20:08,202 - core.database - DEBUG - Checking table structure for: become_master_requests
2026-03-23 03:20:08,203 - core.database - DEBUG - Checking table structure for: categories
2026-03-23 03:20:08,204 - core.database - DEBUG - Checking table structure for: complaints
2026-03-23 03:20:08,205 - core.database - DEBUG - Checking table structure for: directory_entries
2026-03-23 03:20:08,206 - core.database - DEBUG - Checking table structure for: food_categories
2026-03-23 03:20:08,207 - core.database - DEBUG - Checking table structure for: food_item_modifiers
2026-03-23 03:20:08,956 - core.database - DEBUG - Table users structure is up to date
2026-03-23 03:20:08,956 - core.database - INFO - Table users repaired in 0.76s
2026-03-23 03:20:08,956 - core.database - DEBUG - Checking table structure for: food_items
2026-03-23 03:20:09,013 - core.database - DEBUG - Table become_master_requests structure is up to date
2026-03-23 03:20:09,013 - core.database - INFO - Table become_master_requests repaired in 0.81s
2026-03-23 03:20:09,013 - core.database - DEBUG - Checking table structure for: food_modifiers
2026-03-23 03:20:09,027 - core.database - DEBUG - Table banners structure is up to date
2026-03-23 03:20:09,027 - core.database - INFO - Table banners repaired in 0.83s
2026-03-23 03:20:09,027 - core.database - DEBUG - Checking table structure for: food_orders
2026-03-23 03:20:09,074 - core.database - DEBUG - Table food_categories structure is up to date
2026-03-23 03:20:09,074 - core.database - INFO - Table food_categories repaired in 0.87s
2026-03-23 03:20:09,074 - core.database - DEBUG - Checking table structure for: food_settings
2026-03-23 03:20:09,095 - core.database - DEBUG - Table food_item_modifiers structure is up to date
2026-03-23 03:20:09,095 - core.database - INFO - Table food_item_modifiers repaired in 0.89s
2026-03-23 03:20:09,095 - core.database - DEBUG - Checking table structure for: frontpad_settings
2026-03-23 03:20:09,096 - core.database - DEBUG - Table directory_entries structure is up to date
2026-03-23 03:20:09,096 - core.database - INFO - Table directory_entries repaired in 0.89s
2026-03-23 03:20:09,096 - core.database - DEBUG - Checking table structure for: frontpad_sync_log
2026-03-23 03:20:09,104 - core.database - DEBUG - Table categories structure is up to date
2026-03-23 03:20:09,105 - core.database - INFO - Table categories repaired in 0.90s
2026-03-23 03:20:09,105 - core.database - DEBUG - Checking table structure for: history_events
2026-03-23 03:20:09,107 - core.database - DEBUG - Table complaints structure is up to date
2026-03-23 03:20:09,107 - core.database - INFO - Table complaints repaired in 0.90s
2026-03-23 03:20:09,107 - core.database - DEBUG - Checking table structure for: homepage_stats
2026-03-23 03:20:09,108 - core.database - DEBUG - Table oidc_states structure is up to date
2026-03-23 03:20:09,108 - core.database - INFO - Table oidc_states repaired in 0.91s
2026-03-23 03:20:09,108 - core.database - DEBUG - Checking table structure for: inspectors
2026-03-23 03:20:09,109 - core.database - DEBUG - Table announcements structure is up to date
2026-03-23 03:20:09,110 - core.database - INFO - Table announcements repaired in 0.91s
2026-03-23 03:20:09,110 - core.database - DEBUG - Checking table structure for: item_modifier_groups
2026-03-23 03:20:09,310 - core.database - DEBUG - Table food_items structure is up to date
2026-03-23 03:20:09,311 - core.database - INFO - Table food_items repaired in 1.10s
2026-03-23 03:20:09,311 - core.database - DEBUG - Checking table structure for: jobs
2026-03-23 03:20:09,419 - core.database - DEBUG - Table food_modifiers structure is up to date
2026-03-23 03:20:09,420 - core.database - INFO - Table food_modifiers repaired in 1.21s
2026-03-23 03:20:09,420 - core.database - DEBUG - Checking table structure for: master_requests
2026-03-23 03:20:09,442 - core.database - DEBUG - Table food_orders structure is up to date
2026-03-23 03:20:09,443 - core.database - INFO - Table food_orders repaired in 1.24s
2026-03-23 03:20:09,443 - core.database - DEBUG - Checking table structure for: masters
2026-03-23 03:20:09,480 - core.database - DEBUG - Table food_settings structure is up to date
2026-03-23 03:20:09,481 - core.database - INFO - Table food_settings repaired in 1.27s
2026-03-23 03:20:09,481 - core.database - DEBUG - Checking table structure for: modifier_groups
2026-03-23 03:20:09,507 - core.database - DEBUG - Table frontpad_settings structure is up to date
2026-03-23 03:20:09,507 - core.database - INFO - Table frontpad_settings repaired in 1.30s
2026-03-23 03:20:09,507 - core.database - DEBUG - Checking table structure for: modifier_options
2026-03-23 03:20:09,509 - core.database - DEBUG - Table frontpad_sync_log structure is up to date
2026-03-23 03:20:09,509 - core.database - INFO - Table frontpad_sync_log repaired in 1.30s
2026-03-23 03:20:09,509 - core.database - DEBUG - Checking table structure for: news
2026-03-23 03:20:09,514 - core.database - DEBUG - Table history_events structure is up to date
2026-03-23 03:20:09,514 - core.database - INFO - Table history_events repaired in 1.31s
2026-03-23 03:20:09,514 - core.database - DEBUG - Checking table structure for: question_answers
2026-03-23 03:20:09,522 - core.database - DEBUG - Table homepage_stats structure is up to date
2026-03-23 03:20:09,522 - core.database - INFO - Table homepage_stats repaired in 1.31s
2026-03-23 03:20:09,522 - core.database - DEBUG - Checking table structure for: questions
2026-03-23 03:20:09,527 - core.database - DEBUG - Table item_modifier_groups structure is up to date
2026-03-23 03:20:09,527 - core.database - INFO - Table item_modifier_groups repaired in 1.32s
2026-03-23 03:20:09,527 - core.database - DEBUG - Checking table structure for: real_estate
2026-03-23 03:20:09,527 - core.database - DEBUG - Table inspectors structure is up to date
2026-03-23 03:20:09,528 - core.database - INFO - Table inspectors repaired in 1.32s
2026-03-23 03:20:09,528 - core.database - DEBUG - Checking table structure for: user_preferences
2026-03-23 03:20:09,666 - core.database - DEBUG - Table jobs structure is up to date
2026-03-23 03:20:09,667 - core.database - INFO - Table jobs repaired in 1.46s
2026-03-23 03:20:09,768 - core.database - DEBUG - Table master_requests structure is up to date
2026-03-23 03:20:09,769 - core.database - INFO - Table master_requests repaired in 1.56s
2026-03-23 03:20:09,830 - core.database - DEBUG - Table modifier_groups structure is up to date
2026-03-23 03:20:09,830 - core.database - INFO - Table modifier_groups repaired in 1.62s
2026-03-23 03:20:09,859 - core.database - DEBUG - Table masters structure is up to date
2026-03-23 03:20:09,860 - core.database - INFO - Table masters repaired in 1.65s
2026-03-23 03:20:09,861 - core.database - DEBUG - Table news structure is up to date
2026-03-23 03:20:09,861 - core.database - INFO - Table news repaired in 1.65s
2026-03-23 03:20:09,861 - core.database - DEBUG - Table modifier_options structure is up to date
2026-03-23 03:20:09,861 - core.database - INFO - Table modifier_options repaired in 1.65s
2026-03-23 03:20:09,865 - core.database - DEBUG - Table question_answers structure is up to date
2026-03-23 03:20:09,865 - core.database - INFO - Table question_answers repaired in 1.66s
2026-03-23 03:20:09,879 - core.database - DEBUG - Table questions structure is up to date
2026-03-23 03:20:09,880 - core.database - INFO - Table questions repaired in 1.67s
2026-03-23 03:20:09,887 - core.database - DEBUG - Table user_preferences structure is up to date
2026-03-23 03:20:09,888 - core.database - INFO - Table user_preferences repaired in 1.68s
2026-03-23 03:20:09,942 - core.database - DEBUG - Table real_estate structure is up to date
2026-03-23 03:20:09,942 - core.database - INFO - Table real_estate repaired in 1.73s
2026-03-23 03:20:09,943 - core.database - INFO - 🔧 Table structure repair completed in 3.1297s
2026-03-23 03:20:09,943 - core.database - INFO - 🔧 Table structure repair completed
2026-03-23 03:20:09,943 - core.database - INFO - 🔧 Starting table creation...
2026-03-23 03:20:11,044 - core.database - DEBUG - [DB_OP] Starting get_db session creation
2026-03-23 03:20:11,045 - core.database - DEBUG - [DB_OP] Database session created successfully in 0.0003s
2026-03-23 03:20:11,046 - core.database - DEBUG - [DB_OP] Starting get_db session creation
2026-03-23 03:20:11,046 - core.database - DEBUG - [DB_OP] Database session created successfully in 0.0002s
2026-03-23 03:20:11,645 - core.database - DEBUG - [DB_OP] Database session cleanup after 0.5984s
2026-03-23 03:20:11,844 - core.database - DEBUG - [DB_OP] Database session cleanup after 0.7600s
2026-03-23 03:20:12,321 - core.database - INFO - Tables initialized successfully
2026-03-23 03:20:12,321 - core.database - DEBUG - [DB_OP] Create tables completed in 5.5084s
2026-03-23 03:20:12,381 - core.database - INFO - Lazy database initialization completed successfully
2026-03-23 03:20:12,381 - core.database - DEBUG - [DB_OP] Database session created successfully in 5.6353s
2026-03-23 03:20:12,983 - core.database - DEBUG - [DB_OP] Database session cleanup after 6.2372s
2026-03-23 03:20:29,881 - core.database - DEBUG - [DB_OP] Starting get_db session creation
2026-03-23 03:20:29,881 - core.database - DEBUG - [DB_OP] Database session created successfully in 0.0003s
2026-03-23 03:20:29,882 - routers.categories - DEBUG - Querying categoriess: query=None, sort=sort_order, skip=0, limit=200, fields=None
2026-03-23 03:20:29,886 - core.database - DEBUG - [DB_OP] Starting get_db session creation
2026-03-23 03:20:29,886 - core.database - DEBUG - [DB_OP] Database session created successfully in 0.0002s
2026-03-23 03:20:29,886 - routers.master_requests - DEBUG - Querying master_requestss: query=None, sort=-created_at, skip=0, limit=6, fields=None
2026-03-23 03:20:29,889 - core.database - DEBUG - [DB_OP] Starting get_db session creation
2026-03-23 03:20:29,890 - core.database - DEBUG - [DB_OP] Database session created successfully in 0.0005s
2026-03-23 03:20:29,890 - routers.news - DEBUG - Querying newss: query={"published":true}, sort=-created_at, skip=0, limit=6, fields=None
2026-03-23 03:20:29,895 - core.database - DEBUG - [DB_OP] Starting get_db session creation
2026-03-23 03:20:29,896 - core.database - DEBUG - [DB_OP] Database session created successfully in 0.0005s
2026-03-23 03:20:29,896 - routers.complaints - DEBUG - Querying complaintss: query=None, sort=-created_at, skip=0, limit=6, fields=None
2026-03-23 03:20:29,905 - core.database - DEBUG - [DB_OP] Starting get_db session creation
2026-03-23 03:20:29,906 - core.database - DEBUG - [DB_OP] Database session created successfully in 0.0004s
2026-03-23 03:20:29,907 - routers.announcements - DEBUG - Querying announcementss: query={"active":true,"status":"approved"}, sort=-created_at, skip=0, limit=6, fields=None
2026-03-23 03:20:29,913 - core.database - DEBUG - [DB_OP] Starting get_db session creation
2026-03-23 03:20:29,914 - core.database - DEBUG - [DB_OP] Database session created successfully in 0.0002s
2026-03-23 03:20:29,914 - routers.jobs - DEBUG - Querying jobss: query={"active":true}, sort=-created_at, skip=0, limit=6, fields=None
2026-03-23 03:20:30,358 - routers.master_requests - DEBUG - Found 12 master_requestss
2026-03-23 03:20:30,360 - core.database - DEBUG - [DB_OP] Database session cleanup after 0.4742s
2026-03-23 03:20:30,362 - routers.news - DEBUG - Found 10 newss
2026-03-23 03:20:30,363 - core.database - DEBUG - [DB_OP] Database session cleanup after 0.4731s
2026-03-23 03:20:30,376 - core.database - DEBUG - [DB_OP] Starting get_db session creation
2026-03-23 03:20:30,378 - core.database - DEBUG - [DB_OP] Database session created successfully in 0.0015s
2026-03-23 03:20:30,378 - routers.banners - DEBUG - Querying bannerss: query={"active":true}, sort=None, skip=0, limit=4, fields=None
2026-03-23 03:20:30,380 - routers.complaints - DEBUG - Found 11 complaintss
2026-03-23 03:20:30,382 - core.database - DEBUG - [DB_OP] Database session cleanup after 0.4870s
2026-03-23 03:20:30,386 - core.database - DEBUG - [DB_OP] Starting get_db session creation
2026-03-23 03:20:30,386 - core.database - DEBUG - [DB_OP] Database session created successfully in 0.0004s
2026-03-23 03:20:30,387 - routers.homepage_stats - DEBUG - Querying homepage_statss: query=None, sort=None, skip=0, limit=1, fields=None
2026-03-23 03:20:30,392 - routers.announcements - DEBUG - Found 1 announcementss
2026-03-23 03:20:30,393 - core.database - DEBUG - [DB_OP] Database session cleanup after 0.4876s
2026-03-23 03:20:30,396 - routers.jobs - DEBUG - Found 5 jobss
2026-03-23 03:20:30,396 - core.database - DEBUG - [DB_OP] Database session cleanup after 0.4830s
2026-03-23 03:20:30,416 - routers.categories - DEBUG - Found 45 categoriess
2026-03-23 03:20:30,417 - core.database - DEBUG - [DB_OP] Database session cleanup after 0.5364s
2026-03-23 03:20:30,848 - routers.banners - DEBUG - Found 2 bannerss
2026-03-23 03:20:30,849 - core.database - DEBUG - [DB_OP] Database session cleanup after 0.4721s
2026-03-23 03:20:30,855 - routers.homepage_stats - DEBUG - Found 1 homepage_statss
2026-03-23 03:20:30,856 - core.database - DEBUG - [DB_OP] Database session cleanup after 0.4697s
2026-03-23 03:20:30,880 - core.database - DEBUG - [DB_OP] Starting get_db session creation
2026-03-23 03:20:30,880 - core.database - DEBUG - [DB_OP] Database session created successfully in 0.0003s
2026-03-23 03:20:30,880 - routers.masters - DEBUG - Querying masterss: query=None, sort=None, skip=0, limit=1, fields=None
2026-03-23 03:20:30,882 - core.database - DEBUG - [DB_OP] Starting get_db session creation
2026-03-23 03:20:30,882 - core.database - DEBUG - [DB_OP] Database session created successfully in 0.0002s
2026-03-23 03:20:30,882 - routers.announcements - DEBUG - Querying announcementss: query={"active":true,"status":"approved"}, sort=None, skip=0, limit=1, fields=None
2026-03-23 03:20:30,886 - core.database - DEBUG - [DB_OP] Starting get_db session creation
2026-03-23 03:20:30,886 - core.database - DEBUG - [DB_OP] Database session created successfully in 0.0013s
2026-03-23 03:20:30,887 - routers.food_categories - DEBUG - Querying food_categoriess: query=None, sort=None, skip=0, limit=1, fields=None
2026-03-23 03:20:31,353 - routers.food_categories - DEBUG - Found 6 food_categoriess
2026-03-23 03:20:31,354 - core.database - DEBUG - [DB_OP] Database session cleanup after 0.4689s
2026-03-23 03:20:31,355 - routers.masters - DEBUG - Found 8 masterss
2026-03-23 03:20:31,356 - core.database - DEBUG - [DB_OP] Database session cleanup after 0.4765s
2026-03-23 03:20:31,357 - routers.announcements - DEBUG - Found 1 announcementss
2026-03-23 03:20:31,357 - core.database - DEBUG - [DB_OP] Database session cleanup after 0.4758s
2026-03-23 03:20:31,387 - core.database - DEBUG - [DB_OP] Starting get_db session creation
2026-03-23 03:20:31,387 - core.database - DEBUG - [DB_OP] Database session created successfully in 0.0003s
2026-03-23 03:20:31,387 - routers.food_categories - DEBUG - Querying food_categoriess: query=None, sort=sort_order, skip=0, limit=50, fields=None
2026-03-23 03:20:31,390 - core.database - DEBUG - [DB_OP] Starting get_db session creation
2026-03-23 03:20:31,390 - core.database - DEBUG - [DB_OP] Database session created successfully in 0.0002s
2026-03-23 03:20:31,390 - routers.food_items - DEBUG - Querying food_itemss: query=None, sort=sort_order, skip=0, limit=200, fields=None
2026-03-23 03:20:31,391 - core.database - DEBUG - [DB_OP] Starting get_db session creation
2026-03-23 03:20:31,392 - core.database - DEBUG - [DB_OP] Database session created successfully in 0.0002s
2026-03-23 03:20:31,392 - routers.masters - DEBUG - Querying masterss: query=None, sort=-rating, skip=0, limit=50, fields=None
2026-03-23 03:20:31,392 - core.database - DEBUG - [DB_OP] Starting get_db session creation
2026-03-23 03:20:31,392 - core.database - DEBUG - [DB_OP] Database session created successfully in 0.0002s
2026-03-23 03:20:31,393 - routers.announcements - DEBUG - Querying announcementss: query={"active":true,"status":"approved"}, sort=-created_at, skip=0, limit=50, fields=None
2026-03-23 03:20:31,856 - routers.food_categories - DEBUG - Found 6 food_categoriess
2026-03-23 03:20:31,856 - core.database - DEBUG - [DB_OP] Database session cleanup after 0.4698s
2026-03-23 03:20:31,865 - routers.announcements - DEBUG - Found 1 announcementss
2026-03-23 03:20:31,866 - core.database - DEBUG - [DB_OP] Database session cleanup after 0.4738s
2026-03-23 03:20:31,867 - routers.masters - DEBUG - Found 8 masterss
2026-03-23 03:20:31,868 - core.database - DEBUG - [DB_OP] Database session cleanup after 0.4765s
2026-03-23 03:20:31,921 - routers.food_items - DEBUG - Found 13 food_itemss
2026-03-23 03:20:31,922 - core.database - DEBUG - [DB_OP] Database session cleanup after 0.5321s
2026-03-23 03:21:18,827 - services.database - DEBUG - [DB_OP] Starting database close
2026-03-23 03:21:19,443 - core.database - INFO - Database connection closed and engine disposed
2026-03-23 03:21:19,443 - services.database - INFO - Database connections closed
2026-03-23 03:21:19,443 - services.database - DEBUG - [DB_OP] Database close completed in 0.6161s
