2026-03-15 09:36:02,276 - main - INFO - === Logging system initialized ===
2026-03-15 09:36:02,277 - main - INFO - Log file: logs/app_20260315_093602.log
2026-03-15 09:36:02,277 - main - INFO - Log level: INFO
2026-03-15 09:36:02,277 - main - INFO - Timestamp: 20260315_093602
2026-03-15 09:36:02,946 - main - INFO - Included router: routers.aihub.router
2026-03-15 09:36:03,183 - main - INFO - Included router: routers.announcements.router
2026-03-15 09:36:03,201 - main - INFO - Included router: routers.auth.router
2026-03-15 09:36:03,350 - main - INFO - Included router: routers.banners.router
2026-03-15 09:36:03,577 - main - INFO - Included router: routers.become_master_requests.router
2026-03-15 09:36:03,742 - main - INFO - Included router: routers.complaints.router
2026-03-15 09:36:03,914 - main - INFO - Included router: routers.directory_entries.router
2026-03-15 09:36:03,916 - main - INFO - Included router: routers.health.router
2026-03-15 09:36:04,137 - main - INFO - Included router: routers.jobs.router
2026-03-15 09:36:04,401 - main - INFO - Included router: routers.master_requests.router
2026-03-15 09:36:04,569 - main - INFO - Included router: routers.masters.router
2026-03-15 09:36:04,722 - main - INFO - Included router: routers.news.router
2026-03-15 09:36:04,921 - main - INFO - Included router: routers.question_answers.router
2026-03-15 09:36:05,158 - main - INFO - Included router: routers.questions.router
2026-03-15 09:36:05,179 - main - INFO - Included router: routers.settings.router
2026-03-15 09:36:05,220 - main - INFO - Included router: routers.storage.router
2026-03-15 09:36:05,244 - main - INFO - Included router: routers.telegram.router
2026-03-15 09:36:05,257 - main - INFO - Included router: routers.user.router
2026-03-15 09:36:05,259 - main - INFO - === Application startup initiated ===
2026-03-15 09:36:05,259 - services.database - DEBUG - [DB_OP] Starting database initialization
2026-03-15 09:36:05,259 - services.database - INFO - 🔧 Starting database initialization...
2026-03-15 09:36:05,260 - core.database - INFO - Starting database initialization...
2026-03-15 09:36:05,260 - core.config - DEBUG - Read dynamic attribute database_url from environment variable DATABASE_URL
2026-03-15 09:36:05,261 - core.database - INFO - Normalizing database URL for async compatibility...
2026-03-15 09:36:05,262 - core.database - INFO - Creating async database engine...
2026-03-15 09:36:05,263 - core.database - INFO - Using QueuePool with connection pooling for non-Lambda environment
2026-03-15 09:36:05,466 - core.database - INFO - Database engine created successfully
2026-03-15 09:36:05,466 - core.database - INFO - Creating async session maker...
2026-03-15 09:36:05,466 - core.database - INFO - Async session maker created successfully
2026-03-15 09:36:05,466 - core.database - INFO - Database connection initialized successfully
2026-03-15 09:36:05,466 - services.database - INFO - 🔧 Database connection initialized, now creating tables if tables not exist...
2026-03-15 09:36:05,466 - core.database - DEBUG - [DB_OP] Starting create_tables
2026-03-15 09:36:05,466 - core.database - INFO - 🔧 Starting table creation...
2026-03-15 09:36:07,372 - core.database - INFO - Tables initialized successfully
2026-03-15 09:36:07,373 - core.database - DEBUG - [DB_OP] Create tables completed in 1.9064s
2026-03-15 09:36:07,433 - services.database - INFO - 🔧 Table creation completed
2026-03-15 09:36:07,433 - services.database - INFO - Database initialized successfully
2026-03-15 09:36:07,433 - services.database - DEBUG - [DB_OP] Database initialization completed in 2.1741s
2026-03-15 09:36:07,434 - services.mock_data - INFO - Processing mock data file announcements.json for table announcements
2026-03-15 09:36:07,435 - services.mock_data - INFO - Processing mock data file banners.json for table banners
2026-03-15 09:36:07,436 - services.mock_data - INFO - Processing mock data file complaints.json for table complaints
2026-03-15 09:36:07,437 - services.mock_data - INFO - Processing mock data file directory_entries.json for table directory_entries
2026-03-15 09:36:07,438 - services.mock_data - INFO - Processing mock data file jobs.json for table jobs
2026-03-15 09:36:09,519 - services.mock_data - INFO - Table banners already has 2 rows; skipping mock insert
2026-03-15 09:36:09,521 - services.mock_data - INFO - Table announcements already has 7 rows; skipping mock insert
2026-03-15 09:36:09,578 - services.mock_data - INFO - Table complaints already has 6 rows; skipping mock insert
2026-03-15 09:36:09,578 - services.mock_data - INFO - Processing mock data file master_requests.json for table master_requests
2026-03-15 09:36:09,581 - services.mock_data - INFO - Table directory_entries already has 10 rows; skipping mock insert
2026-03-15 09:36:09,581 - services.mock_data - INFO - Processing mock data file masters.json for table masters
2026-03-15 09:36:09,599 - services.mock_data - INFO - Table jobs already has 5 rows; skipping mock insert
2026-03-15 09:36:09,636 - services.mock_data - INFO - Processing mock data file news.json for table news
2026-03-15 09:36:09,639 - services.mock_data - INFO - Processing mock data file question_answers.json for table question_answers
2026-03-15 09:36:09,659 - services.mock_data - INFO - Processing mock data file questions.json for table questions
2026-03-15 09:36:10,544 - services.mock_data - INFO - Table masters already has 8 rows; skipping mock insert
2026-03-15 09:36:10,578 - services.mock_data - INFO - Table master_requests already has 6 rows; skipping mock insert
2026-03-15 09:36:10,635 - services.mock_data - INFO - Table question_answers already has 9 rows; skipping mock insert
2026-03-15 09:36:10,637 - services.mock_data - INFO - Table news already has 5 rows; skipping mock insert
2026-03-15 09:36:10,677 - services.mock_data - INFO - Table questions already has 7 rows; skipping mock insert
2026-03-15 09:36:10,737 - services.database - DEBUG - [DB_OP] Starting database initialization
2026-03-15 09:36:10,737 - services.database - INFO - 🔧 Starting database initialization...
2026-03-15 09:36:10,738 - core.database - INFO - Starting database initialization...
2026-03-15 09:36:10,738 - core.database - INFO - Database already initialized
2026-03-15 09:36:10,738 - services.database - INFO - 🔧 Database connection initialized, now creating tables if tables not exist...
2026-03-15 09:36:10,738 - core.database - DEBUG - [DB_OP] Starting create_tables
2026-03-15 09:36:10,739 - core.database - INFO - Tables already initialized
2026-03-15 09:36:10,739 - services.database - INFO - 🔧 Table creation completed
2026-03-15 09:36:10,739 - services.database - INFO - Database initialized successfully
2026-03-15 09:36:10,739 - services.database - DEBUG - [DB_OP] Database initialization completed in 0.0021s
2026-03-15 09:36:10,739 - core.config - DEBUG - Read dynamic attribute admin_user_id from environment variable ADMIN_USER_ID
2026-03-15 09:36:10,739 - core.config - DEBUG - Read dynamic attribute admin_user_email from environment variable ADMIN_USER_EMAIL
2026-03-15 09:36:11,110 - services.auth - DEBUG - Admin user 1029346 already exists
2026-03-15 09:36:11,170 - main - INFO - === Application startup completed successfully ===
2026-03-15 09:36:15,195 - services.database - DEBUG - [DB_OP] Starting database close
2026-03-15 09:36:15,503 - core.database - INFO - Database connection closed and engine disposed
2026-03-15 09:36:15,504 - services.database - INFO - Database connections closed
2026-03-15 09:36:15,504 - services.database - DEBUG - [DB_OP] Database close completed in 0.3084s
