2026-03-18 07:18:57,831 - main - INFO - === Logging system initialized ===
2026-03-18 07:18:57,832 - main - INFO - Log file: logs/app_20260318_071857.log
2026-03-18 07:18:57,832 - main - INFO - Log level: INFO
2026-03-18 07:18:57,832 - main - INFO - Timestamp: 20260318_071857
2026-03-18 07:18:58,691 - main - INFO - Included router: routers.aihub.router
2026-03-18 07:18:58,751 - main - INFO - Included router: routers.announcements.router
2026-03-18 07:18:58,777 - main - INFO - Included router: routers.auth.router
2026-03-18 07:18:58,825 - main - INFO - Included router: routers.banners.router
2026-03-18 07:18:58,990 - main - INFO - Included router: routers.become_master_requests.router
2026-03-18 07:18:59,044 - main - INFO - Included router: routers.categories.router
2026-03-18 07:18:59,110 - main - INFO - Included router: routers.complaints.router
2026-03-18 07:18:59,115 - main - WARNING - Failed to import module 'routers.debug_schema': cannot import name 'async_engine' from 'core.database' (/workspace/app/backend/core/database.py)
2026-03-18 07:18:59,174 - main - INFO - Included router: routers.directory_entries.router
2026-03-18 07:18:59,179 - main - INFO - Included router: routers.health.router
2026-03-18 07:18:59,258 - main - INFO - Included router: routers.jobs.router
2026-03-18 07:18:59,311 - main - INFO - Included router: routers.master_requests.router
2026-03-18 07:18:59,374 - main - INFO - Included router: routers.masters.router
2026-03-18 07:18:59,426 - main - INFO - Included router: routers.news.router
2026-03-18 07:18:59,477 - main - INFO - Included router: routers.question_answers.router
2026-03-18 07:18:59,523 - main - INFO - Included router: routers.questions.router
2026-03-18 07:18:59,553 - main - INFO - Included router: routers.settings.router
2026-03-18 07:18:59,608 - main - INFO - Included router: routers.storage.router
2026-03-18 07:18:59,637 - main - INFO - Included router: routers.telegram.router
2026-03-18 07:18:59,649 - main - INFO - Included router: routers.user.router
2026-03-18 07:18:59,650 - main - INFO - === Application startup initiated ===
2026-03-18 07:18:59,651 - services.database - INFO - Ignore creating tables
2026-03-18 07:18:59,651 - services.mock_data - INFO - Ignore initialize data
2026-03-18 07:18:59,651 - services.auth - INFO - Ignore initialize admin
2026-03-18 07:18:59,651 - main - INFO - === Application startup completed successfully ===
2026-03-18 07:18:59,752 - services.database - DEBUG - [DB_OP] Starting database close
2026-03-18 07:18:59,752 - services.database - INFO - Database connections closed
2026-03-18 07:18:59,752 - services.database - DEBUG - [DB_OP] Database close completed in 0.0006s
