2026-04-01 02:52:54,241 - main - INFO - === Logging system initialized ===
2026-04-01 02:52:54,242 - main - INFO - Log file: logs/app_20260401_025254.log
2026-04-01 02:52:54,242 - main - INFO - Log level: INFO
2026-04-01 02:52:54,242 - main - INFO - Timestamp: 20260401_025254
2026-04-01 02:52:54,249 - main - INFO - Included router: routers.admin_auth.router
2026-04-01 02:52:55,044 - main - INFO - Included router: routers.aihub.router
2026-04-01 02:52:55,119 - main - INFO - Included router: routers.announcements.router
2026-04-01 02:52:55,142 - main - INFO - Included router: routers.auth.router
2026-04-01 02:52:55,189 - main - INFO - Included router: routers.banners.router
2026-04-01 02:52:55,385 - main - INFO - Included router: routers.become_master_requests.router
2026-04-01 02:52:55,428 - main - INFO - Included router: routers.bus_notifications.router
2026-04-01 02:52:55,488 - main - INFO - Included router: routers.bus_routes.router
2026-04-01 02:52:55,533 - main - INFO - Included router: routers.bus_stops.router
2026-04-01 02:52:55,597 - main - INFO - Included router: routers.categories.router
2026-04-01 02:52:55,656 - main - INFO - Included router: routers.complaints.router
2026-04-01 02:52:55,661 - main - INFO - Included router: routers.debug_schema.router
2026-04-01 02:52:55,711 - main - INFO - Included router: routers.directory_entries.router
2026-04-01 02:52:55,755 - main - INFO - Included router: routers.food_categories.router
2026-04-01 02:52:55,795 - main - INFO - Included router: routers.food_item_modifiers.router
2026-04-01 02:52:55,846 - main - INFO - Included router: routers.food_items.router
2026-04-01 02:52:55,896 - main - INFO - Included router: routers.food_modifiers.router
2026-04-01 02:52:55,953 - main - INFO - Included router: routers.food_orders.router
2026-04-01 02:52:56,104 - main - INFO - Included router: routers.food_settings.router
2026-04-01 02:52:56,163 - main - INFO - Included router: routers.frontpad.router
2026-04-01 02:52:56,202 - main - INFO - Included router: routers.frontpad_settings.router
2026-04-01 02:52:56,260 - main - INFO - Included router: routers.frontpad_sync_log.router
2026-04-01 02:52:56,263 - main - INFO - Included router: routers.health.router
2026-04-01 02:52:56,315 - main - INFO - Included router: routers.health_check.router
2026-04-01 02:52:56,365 - main - INFO - Included router: routers.history_events.router
2026-04-01 02:52:56,415 - main - INFO - Included router: routers.homepage_stats.router
2026-04-01 02:52:56,471 - main - INFO - Included router: routers.inspectors.router
2026-04-01 02:52:56,516 - main - INFO - Included router: routers.item_modifier_groups.router
2026-04-01 02:52:56,572 - main - INFO - Included router: routers.jobs.router
2026-04-01 02:52:56,624 - main - INFO - Included router: routers.master_requests.router
2026-04-01 02:52:56,689 - main - INFO - Included router: routers.masters.router
2026-04-01 02:52:56,737 - main - INFO - Included router: routers.modifier_groups.router
2026-04-01 02:52:56,971 - main - INFO - Included router: routers.modifier_options.router
2026-04-01 02:52:57,021 - main - INFO - Included router: routers.news.router
2026-04-01 02:52:57,070 - main - INFO - Included router: routers.question_answers.router
2026-04-01 02:52:57,112 - main - INFO - Included router: routers.questions.router
2026-04-01 02:52:57,172 - main - INFO - Included router: routers.real_estate.router
2026-04-01 02:52:57,196 - main - INFO - Included router: routers.settings.router
2026-04-01 02:52:57,226 - main - INFO - Included router: routers.storage.router
2026-04-01 02:52:57,252 - main - INFO - Included router: routers.telegram.router
2026-04-01 02:52:57,263 - main - INFO - Included router: routers.user.router
2026-04-01 02:52:57,326 - main - INFO - Included router: routers.user_preferences.router
2026-04-01 02:52:57,332 - main - INFO - Included router: routers.weather.router
2026-04-01 02:52:57,334 - main - INFO - === Application startup initiated ===
2026-04-01 02:52:57,334 - services.database - INFO - Ignore creating tables
2026-04-01 02:52:57,334 - services.mock_data - INFO - Ignore initialize data
2026-04-01 02:52:57,335 - services.auth - INFO - Ignore initialize admin
2026-04-01 02:52:57,335 - core.database - WARNING - Database not initialized, attempting lazy initialization...
2026-04-01 02:52:57,335 - core.database - INFO - Starting database initialization...
2026-04-01 02:52:57,335 - core.config - DEBUG - Read dynamic attribute database_url from environment variable DATABASE_URL
2026-04-01 02:52:57,335 - core.database - INFO - Database init attempt 1/5...
2026-04-01 02:52:57,337 - core.database - INFO - Normalized database URL (masked): postgresql+asyncpg://neondb_owner:***@ep-cool-wave-ad8598va.c-2.us-east-1.aws.neon.tech/neondb?ssl=require
2026-04-01 02:52:57,337 - core.database - INFO - Using QueuePool with connection pooling
2026-04-01 02:52:58,713 - core.database - INFO - Database connection initialized successfully
2026-04-01 02:52:58,714 - core.database - DEBUG - [DB_OP] Starting create_tables
2026-04-01 02:52:58,714 - core.database - INFO - 🔧 Table creation attempt 1/3...
2026-04-01 02:52:58,714 - core.database - INFO - 🔧 Starting table structure repair...
2026-04-01 02:52:59,221 - core.database - INFO - 🔧 Repairing 37 existing tables...
2026-04-01 02:52:59,222 - core.database - DEBUG - Checking table structure for: users
2026-04-01 02:52:59,222 - core.database - DEBUG - Checking table structure for: oidc_states
2026-04-01 02:52:59,224 - core.database - DEBUG - Checking table structure for: admin_credentials
2026-04-01 02:52:59,225 - core.database - DEBUG - Checking table structure for: admin_login_attempts
2026-04-01 02:52:59,227 - core.database - DEBUG - Checking table structure for: admin_login_lockouts
2026-04-01 02:52:59,228 - core.database - DEBUG - Checking table structure for: announcements
2026-04-01 02:52:59,229 - core.database - DEBUG - Checking table structure for: banners
2026-04-01 02:52:59,230 - core.database - DEBUG - Checking table structure for: become_master_requests
2026-04-01 02:52:59,233 - core.database - DEBUG - Checking table structure for: bus_notifications
2026-04-01 02:52:59,235 - core.database - DEBUG - Checking table structure for: bus_routes
2026-04-01 02:52:59,977 - core.database - DEBUG - Table users structure is up to date
2026-04-01 02:52:59,978 - core.database - INFO - Table users repaired in 0.76s
2026-04-01 02:52:59,978 - core.database - DEBUG - Checking table structure for: bus_stops
2026-04-01 02:53:00,093 - core.database - DEBUG - Table bus_notifications structure is up to date
2026-04-01 02:53:00,093 - core.database - INFO - Table bus_notifications repaired in 0.86s
2026-04-01 02:53:00,094 - core.database - DEBUG - Checking table structure for: categories
2026-04-01 02:53:00,183 - core.database - DEBUG - Table become_master_requests structure is up to date
2026-04-01 02:53:00,183 - core.database - INFO - Table become_master_requests repaired in 0.95s
2026-04-01 02:53:00,183 - core.database - DEBUG - Checking table structure for: complaints
2026-04-01 02:53:00,186 - core.database - DEBUG - Table admin_login_attempts structure is up to date
2026-04-01 02:53:00,187 - core.database - INFO - Table admin_login_attempts repaired in 0.96s
2026-04-01 02:53:00,187 - core.database - DEBUG - Checking table structure for: directory_entries
2026-04-01 02:53:00,191 - core.database - DEBUG - Table bus_routes structure is up to date
2026-04-01 02:53:00,191 - core.database - INFO - Table bus_routes repaired in 0.96s
2026-04-01 02:53:00,192 - core.database - DEBUG - Checking table structure for: food_categories
2026-04-01 02:53:00,192 - core.database - DEBUG - Table banners structure is up to date
2026-04-01 02:53:00,192 - core.database - INFO - Table banners repaired in 0.96s
2026-04-01 02:53:00,192 - core.database - DEBUG - Checking table structure for: food_item_modifiers
2026-04-01 02:53:00,194 - core.database - DEBUG - Table admin_login_lockouts structure is up to date
2026-04-01 02:53:00,194 - core.database - INFO - Table admin_login_lockouts repaired in 0.97s
2026-04-01 02:53:00,195 - core.database - DEBUG - Checking table structure for: food_items
2026-04-01 02:53:00,199 - core.database - DEBUG - Table oidc_states structure is up to date
2026-04-01 02:53:00,199 - core.database - INFO - Table oidc_states repaired in 0.98s
2026-04-01 02:53:00,199 - core.database - DEBUG - Checking table structure for: food_modifiers
2026-04-01 02:53:00,200 - core.database - DEBUG - Table admin_credentials structure is up to date
2026-04-01 02:53:00,200 - core.database - INFO - Table admin_credentials repaired in 0.98s
2026-04-01 02:53:00,201 - core.database - DEBUG - Checking table structure for: food_orders
2026-04-01 02:53:00,201 - core.database - DEBUG - Table announcements structure is up to date
2026-04-01 02:53:00,201 - core.database - INFO - Table announcements repaired in 0.97s
2026-04-01 02:53:00,201 - core.database - DEBUG - Checking table structure for: food_settings
2026-04-01 02:53:00,376 - core.database - DEBUG - Table bus_stops structure is up to date
2026-04-01 02:53:00,377 - core.database - INFO - Table bus_stops repaired in 1.14s
2026-04-01 02:53:00,377 - core.database - DEBUG - Checking table structure for: frontpad_settings
2026-04-01 02:53:00,531 - core.database - DEBUG - Table categories structure is up to date
2026-04-01 02:53:00,531 - core.database - INFO - Table categories repaired in 1.29s
2026-04-01 02:53:00,531 - core.database - DEBUG - Checking table structure for: frontpad_sync_log
2026-04-01 02:53:00,626 - core.database - DEBUG - Table complaints structure is up to date
2026-04-01 02:53:00,626 - core.database - INFO - Table complaints repaired in 1.39s
2026-04-01 02:53:00,627 - core.database - DEBUG - Checking table structure for: health_check
2026-04-01 02:53:00,628 - core.database - DEBUG - Table food_categories structure is up to date
2026-04-01 02:53:00,628 - core.database - INFO - Table food_categories repaired in 1.39s
2026-04-01 02:53:00,628 - core.database - DEBUG - Checking table structure for: history_events
2026-04-01 02:53:00,629 - core.database - DEBUG - Table directory_entries structure is up to date
2026-04-01 02:53:00,629 - core.database - INFO - Table directory_entries repaired in 1.39s
2026-04-01 02:53:00,629 - core.database - DEBUG - Checking table structure for: homepage_stats
2026-04-01 02:53:00,632 - core.database - DEBUG - Table food_item_modifiers structure is up to date
2026-04-01 02:53:00,632 - core.database - INFO - Table food_item_modifiers repaired in 1.40s
2026-04-01 02:53:00,632 - core.database - DEBUG - Checking table structure for: inspectors
2026-04-01 02:53:00,636 - core.database - DEBUG - Table food_items structure is up to date
2026-04-01 02:53:00,636 - core.database - INFO - Table food_items repaired in 1.40s
2026-04-01 02:53:00,636 - core.database - DEBUG - Checking table structure for: item_modifier_groups
2026-04-01 02:53:00,636 - core.database - DEBUG - Table food_modifiers structure is up to date
2026-04-01 02:53:00,637 - core.database - INFO - Table food_modifiers repaired in 1.40s
2026-04-01 02:53:00,637 - core.database - DEBUG - Checking table structure for: jobs
2026-04-01 02:53:00,640 - core.database - DEBUG - Table food_settings structure is up to date
2026-04-01 02:53:00,640 - core.database - INFO - Table food_settings repaired in 1.40s
2026-04-01 02:53:00,641 - core.database - DEBUG - Checking table structure for: master_requests
2026-04-01 02:53:00,644 - core.database - DEBUG - Table food_orders structure is up to date
2026-04-01 02:53:00,644 - core.database - INFO - Table food_orders repaired in 1.41s
2026-04-01 02:53:00,644 - core.database - DEBUG - Checking table structure for: masters
2026-04-01 02:53:00,756 - core.database - DEBUG - Table frontpad_settings structure is up to date
2026-04-01 02:53:00,757 - core.database - INFO - Table frontpad_settings repaired in 1.52s
2026-04-01 02:53:00,757 - core.database - DEBUG - Checking table structure for: modifier_groups
2026-04-01 02:53:00,906 - core.database - DEBUG - Table frontpad_sync_log structure is up to date
2026-04-01 02:53:00,906 - core.database - INFO - Table frontpad_sync_log repaired in 1.67s
2026-04-01 02:53:00,906 - core.database - DEBUG - Checking table structure for: modifier_options
2026-04-01 02:53:01,003 - core.database - DEBUG - Table health_check structure is up to date
2026-04-01 02:53:01,004 - core.database - INFO - Table health_check repaired in 1.77s
2026-04-01 02:53:01,004 - core.database - DEBUG - Checking table structure for: news
2026-04-01 02:53:01,005 - core.database - DEBUG - Table homepage_stats structure is up to date
2026-04-01 02:53:01,005 - core.database - INFO - Table homepage_stats repaired in 1.77s
2026-04-01 02:53:01,006 - core.database - DEBUG - Checking table structure for: question_answers
2026-04-01 02:53:01,016 - core.database - DEBUG - Table item_modifier_groups structure is up to date
2026-04-01 02:53:01,017 - core.database - INFO - Table item_modifier_groups repaired in 1.78s
2026-04-01 02:53:01,017 - core.database - DEBUG - Checking table structure for: questions
2026-04-01 02:53:01,071 - core.database - DEBUG - Table history_events structure is up to date
2026-04-01 02:53:01,071 - core.database - INFO - Table history_events repaired in 1.83s
2026-04-01 02:53:01,071 - core.database - DEBUG - Checking table structure for: real_estate
2026-04-01 02:53:01,073 - core.database - DEBUG - Table jobs structure is up to date
2026-04-01 02:53:01,073 - core.database - INFO - Table jobs repaired in 1.84s
2026-04-01 02:53:01,073 - core.database - DEBUG - Checking table structure for: user_preferences
2026-04-01 02:53:01,074 - core.database - DEBUG - Table inspectors structure is up to date
2026-04-01 02:53:01,075 - core.database - INFO - Table inspectors repaired in 1.84s
2026-04-01 02:53:01,084 - core.database - DEBUG - Table master_requests structure is up to date
2026-04-01 02:53:01,084 - core.database - INFO - Table master_requests repaired in 1.85s
2026-04-01 02:53:01,087 - core.database - DEBUG - Table masters structure is up to date
2026-04-01 02:53:01,087 - core.database - INFO - Table masters repaired in 1.85s
2026-04-01 02:53:01,200 - core.database - DEBUG - Table modifier_groups structure is up to date
2026-04-01 02:53:01,201 - core.database - INFO - Table modifier_groups repaired in 1.96s
2026-04-01 02:53:01,283 - core.database - DEBUG - Table modifier_options structure is up to date
2026-04-01 02:53:01,283 - core.database - INFO - Table modifier_options repaired in 2.05s
2026-04-01 02:53:01,448 - core.database - DEBUG - Table news structure is up to date
2026-04-01 02:53:01,449 - core.database - INFO - Table news repaired in 2.21s
2026-04-01 02:53:01,450 - core.database - DEBUG - Table question_answers structure is up to date
2026-04-01 02:53:01,450 - core.database - INFO - Table question_answers repaired in 2.21s
2026-04-01 02:53:01,465 - core.database - DEBUG - Table questions structure is up to date
2026-04-01 02:53:01,466 - core.database - INFO - Table questions repaired in 2.23s
2026-04-01 02:53:01,514 - core.database - DEBUG - Table user_preferences structure is up to date
2026-04-01 02:53:01,514 - core.database - INFO - Table user_preferences repaired in 2.28s
2026-04-01 02:53:01,516 - core.database - DEBUG - Table real_estate structure is up to date
2026-04-01 02:53:01,517 - core.database - INFO - Table real_estate repaired in 2.28s
2026-04-01 02:53:01,517 - core.database - INFO - 🔧 Table structure repair completed in 2.8029s
2026-04-01 02:53:01,517 - core.database - INFO - 🔧 Table structure repair completed
2026-04-01 02:53:01,517 - core.database - INFO - 🔧 Starting table creation...
2026-04-01 02:53:04,165 - core.database - INFO - Tables initialized successfully
2026-04-01 02:53:04,165 - core.database - DEBUG - [DB_OP] Create tables completed in 5.4518s
2026-04-01 02:53:04,228 - core.database - INFO - Lazy database initialization completed successfully
2026-04-01 02:53:05,033 - routers.admin_auth - INFO - [Admin Auth] Pre-computed 3 alternative password hashes for 'admin' account
2026-04-01 02:53:05,911 - routers.admin_auth - INFO - [Admin Auth] Admin credentials updated (username: admin)
2026-04-01 02:53:06,292 - routers.admin_auth - DEBUG - [Admin Auth] Legacy admin credentials already exist
2026-04-01 02:53:06,356 - core.config - DEBUG - Read dynamic attribute oss_service_url from environment variable OSS_SERVICE_URL
2026-04-01 02:53:06,356 - core.config - DEBUG - Read dynamic attribute oss_api_key from environment variable OSS_API_KEY
2026-04-01 02:53:06,461 - httpcore.connection - DEBUG - connect_tcp.started host='atoms.dev' port=443 local_address=None timeout=120.0 socket_options=None
2026-04-01 02:53:06,477 - httpcore.connection - DEBUG - connect_tcp.complete return_value=<httpcore._backends.anyio.AnyIOStream object at 0x7f8a61255720>
2026-04-01 02:53:06,477 - httpcore.connection - DEBUG - start_tls.started ssl_context=<ssl.SSLContext object at 0x7f8a634e3840> server_hostname='atoms.dev' timeout=120.0
2026-04-01 02:53:06,485 - httpcore.connection - DEBUG - start_tls.complete return_value=<httpcore._backends.anyio.AnyIOStream object at 0x7f8a61254610>
2026-04-01 02:53:06,486 - httpcore.http11 - DEBUG - send_request_headers.started request=<Request [b'GET']>
2026-04-01 02:53:06,487 - httpcore.http11 - DEBUG - send_request_headers.complete
2026-04-01 02:53:06,487 - httpcore.http11 - DEBUG - send_request_body.started request=<Request [b'GET']>
2026-04-01 02:53:06,487 - httpcore.http11 - DEBUG - send_request_body.complete
2026-04-01 02:53:06,487 - httpcore.http11 - DEBUG - receive_response_headers.started request=<Request [b'GET']>
2026-04-01 02:53:06,515 - httpcore.http11 - DEBUG - receive_response_headers.complete return_value=(b'HTTP/1.1', 200, b'OK', [(b'Date', b'Wed, 01 Apr 2026 09:53:06 GMT'), (b'Content-Type', b'application/json; charset=utf-8'), (b'Transfer-Encoding', b'chunked'), (b'Connection', b'keep-alive'), (b'Access-Control-Allow-Headers', b'Origin, Content-Type, Accept, Authorization'), (b'Access-Control-Allow-Methods', b'GET, POST, PUT, DELETE, OPTIONS'), (b'Access-Control-Allow-Origin', b'*'), (b'Access-Control-Max-Age', b'86400'), (b'X-Request-Id', b'20c3f5dd62e63cdc73fd65e5829c743f'), (b'X-Trace-Id', b'21aac4a3a84744b18b4d01b9c29a00c5'), (b'Content-Security-Policy', b"frame-ancestors 'self' https://atoms.dev"), (b'Strict-Transport-Security', b'max-age=63072000; includeSubDomains; preload'), (b'X-Content-Type-Options', b'nosniff'), (b'X-XSS-Protection', b'1; mode=block'), (b'Referrer-Policy', b'strict-origin-when-cross-origin'), (b'cf-cache-status', b'DYNAMIC'), (b'Content-Encoding', b'gzip'), (b'Server', b'cloudflare'), (b'CF-RAY', b'9e56b46f8fad2f32-LAX')])
2026-04-01 02:53:06,517 - httpx - INFO - HTTP Request: GET https://atoms.dev/api/v1/infra/client/oss/buckets "HTTP/1.1 200 OK"
2026-04-01 02:53:06,517 - httpcore.http11 - DEBUG - receive_response_body.started request=<Request [b'GET']>
2026-04-01 02:53:06,518 - httpcore.http11 - DEBUG - receive_response_body.complete
2026-04-01 02:53:06,518 - httpcore.http11 - DEBUG - response_closed.started
2026-04-01 02:53:06,518 - httpcore.http11 - DEBUG - response_closed.complete
2026-04-01 02:53:06,519 - httpcore.connection - DEBUG - close.started
2026-04-01 02:53:06,519 - httpcore.connection - DEBUG - close.complete
2026-04-01 02:53:06,520 - services.bucket_init - INFO - Bucket 'portal-images' already exists
2026-04-01 02:53:06,520 - main - INFO - === Application startup completed ===
2026-04-01 03:02:25,606 - services.database - DEBUG - [DB_OP] Starting database close
2026-04-01 03:02:25,609 - core.database - INFO - Database connection closed and engine disposed
2026-04-01 03:02:25,609 - services.database - INFO - Database connections closed
2026-04-01 03:02:25,610 - services.database - DEBUG - [DB_OP] Database close completed in 0.0036s
