2026-03-23 10:00:19,321 - main - INFO - === Logging system initialized ===
2026-03-23 10:00:19,321 - main - INFO - Log file: logs/app_20260323_100019.log
2026-03-23 10:00:19,321 - main - INFO - Log level: INFO
2026-03-23 10:00:19,321 - main - INFO - Timestamp: 20260323_100019
2026-03-23 10:00:19,327 - main - INFO - Included router: routers.admin_auth.router
2026-03-23 10:00:20,061 - main - INFO - Included router: routers.aihub.router
2026-03-23 10:00:20,116 - main - INFO - Included router: routers.announcements.router
2026-03-23 10:00:20,138 - main - INFO - Included router: routers.auth.router
2026-03-23 10:00:20,188 - main - INFO - Included router: routers.banners.router
2026-03-23 10:00:20,304 - main - INFO - Included router: routers.become_master_requests.router
2026-03-23 10:00:20,360 - main - INFO - Included router: routers.categories.router
2026-03-23 10:00:20,423 - main - INFO - Included router: routers.complaints.router
2026-03-23 10:00:20,425 - main - WARNING - Failed to import module 'routers.debug_schema': cannot import name 'async_engine' from 'core.database' (/workspace/app/backend/core/database.py)
2026-03-23 10:00:20,477 - main - INFO - Included router: routers.directory_entries.router
2026-03-23 10:00:20,534 - main - INFO - Included router: routers.food_categories.router
2026-03-23 10:00:20,578 - main - INFO - Included router: routers.food_item_modifiers.router
2026-03-23 10:00:20,635 - main - INFO - Included router: routers.food_items.router
2026-03-23 10:00:20,679 - main - INFO - Included router: routers.food_modifiers.router
2026-03-23 10:00:20,732 - main - INFO - Included router: routers.food_orders.router
2026-03-23 10:00:20,786 - main - INFO - Included router: routers.food_settings.router
2026-03-23 10:00:20,822 - main - INFO - Included router: routers.frontpad.router
2026-03-23 10:00:20,857 - main - INFO - Included router: routers.frontpad_settings.router
2026-03-23 10:00:20,896 - main - INFO - Included router: routers.frontpad_sync_log.router
2026-03-23 10:00:20,897 - main - INFO - Included router: routers.health.router
2026-03-23 10:00:21,034 - main - INFO - Included router: routers.history_events.router
2026-03-23 10:00:21,095 - main - INFO - Included router: routers.homepage_stats.router
2026-03-23 10:00:21,161 - main - INFO - Included router: routers.inspectors.router
2026-03-23 10:00:21,200 - main - INFO - Included router: routers.item_modifier_groups.router
2026-03-23 10:00:21,252 - main - INFO - Included router: routers.jobs.router
2026-03-23 10:00:21,299 - main - INFO - Included router: routers.master_requests.router
2026-03-23 10:00:21,354 - main - INFO - Included router: routers.masters.router
2026-03-23 10:00:21,398 - main - INFO - Included router: routers.modifier_groups.router
2026-03-23 10:00:21,446 - main - INFO - Included router: routers.modifier_options.router
2026-03-23 10:00:21,495 - main - INFO - Included router: routers.news.router
2026-03-23 10:00:21,543 - main - INFO - Included router: routers.question_answers.router
2026-03-23 10:00:21,584 - main - INFO - Included router: routers.questions.router
2026-03-23 10:00:21,724 - main - INFO - Included router: routers.real_estate.router
2026-03-23 10:00:21,744 - main - INFO - Included router: routers.settings.router
2026-03-23 10:00:21,769 - main - INFO - Included router: routers.storage.router
2026-03-23 10:00:21,792 - main - INFO - Included router: routers.telegram.router
2026-03-23 10:00:21,806 - main - INFO - Included router: routers.user.router
2026-03-23 10:00:21,850 - main - INFO - Included router: routers.user_preferences.router
2026-03-23 10:00:21,852 - main - INFO - === Application startup initiated ===
2026-03-23 10:00:21,852 - services.database - INFO - Ignore creating tables
2026-03-23 10:00:21,852 - services.mock_data - INFO - Ignore initialize data
2026-03-23 10:00:21,852 - services.auth - INFO - Ignore initialize admin
2026-03-23 10:00:21,853 - core.database - WARNING - Database not initialized, attempting lazy initialization...
2026-03-23 10:00:21,853 - core.database - INFO - Starting database initialization...
2026-03-23 10:00:21,853 - core.config - DEBUG - Read dynamic attribute database_url from environment variable DATABASE_URL
2026-03-23 10:00:21,853 - core.database - INFO - Normalizing database URL for async compatibility...
2026-03-23 10:00:21,854 - core.database - INFO - Creating async database engine...
2026-03-23 10:00:21,854 - core.database - INFO - Using QueuePool with connection pooling for non-Lambda environment
2026-03-23 10:00:21,897 - core.database - INFO - Database engine created successfully
2026-03-23 10:00:21,897 - core.database - INFO - Creating async session maker...
2026-03-23 10:00:21,897 - core.database - INFO - Async session maker created successfully
2026-03-23 10:00:21,898 - core.database - INFO - Database connection initialized successfully
2026-03-23 10:00:21,898 - core.database - DEBUG - [DB_OP] Starting create_tables
2026-03-23 10:00:21,898 - core.database - INFO - 🔧 Starting table structure repair...
2026-03-23 10:00:23,099 - core.database - INFO - 🔧 Repairing 33 existing tables...
2026-03-23 10:00:23,099 - core.database - DEBUG - Checking table structure for: users
2026-03-23 10:00:23,100 - core.database - DEBUG - Checking table structure for: oidc_states
2026-03-23 10:00:23,101 - core.database - DEBUG - Checking table structure for: admin_credentials
2026-03-23 10:00:23,102 - core.database - DEBUG - Checking table structure for: admin_login_attempts
2026-03-23 10:00:23,103 - core.database - DEBUG - Checking table structure for: admin_login_lockouts
2026-03-23 10:00:23,104 - core.database - DEBUG - Checking table structure for: announcements
2026-03-23 10:00:23,105 - core.database - DEBUG - Checking table structure for: banners
2026-03-23 10:00:23,107 - core.database - DEBUG - Checking table structure for: become_master_requests
2026-03-23 10:00:23,108 - core.database - DEBUG - Checking table structure for: categories
2026-03-23 10:00:23,109 - core.database - DEBUG - Checking table structure for: complaints
2026-03-23 10:00:23,817 - core.database - DEBUG - Table users structure is up to date
2026-03-23 10:00:23,818 - core.database - INFO - Table users repaired in 0.72s
2026-03-23 10:00:23,818 - core.database - DEBUG - Checking table structure for: directory_entries
2026-03-23 10:00:23,873 - core.database - DEBUG - Table admin_credentials structure is up to date
2026-03-23 10:00:23,874 - core.database - INFO - Table admin_credentials repaired in 0.77s
2026-03-23 10:00:23,874 - core.database - DEBUG - Checking table structure for: food_categories
2026-03-23 10:00:23,951 - core.database - DEBUG - Table oidc_states structure is up to date
2026-03-23 10:00:23,951 - core.database - INFO - Table oidc_states repaired in 0.85s
2026-03-23 10:00:23,951 - core.database - DEBUG - Checking table structure for: food_item_modifiers
2026-03-23 10:00:23,959 - core.database - DEBUG - Table announcements structure is up to date
2026-03-23 10:00:23,959 - core.database - INFO - Table announcements repaired in 0.85s
2026-03-23 10:00:23,959 - core.database - DEBUG - Checking table structure for: food_items
2026-03-23 10:00:23,970 - core.database - DEBUG - Table admin_login_attempts structure is up to date
2026-03-23 10:00:23,970 - core.database - INFO - Table admin_login_attempts repaired in 0.87s
2026-03-23 10:00:23,970 - core.database - DEBUG - Checking table structure for: food_modifiers
2026-03-23 10:00:23,971 - core.database - DEBUG - Table become_master_requests structure is up to date
2026-03-23 10:00:23,971 - core.database - INFO - Table become_master_requests repaired in 0.86s
2026-03-23 10:00:23,972 - core.database - DEBUG - Checking table structure for: food_orders
2026-03-23 10:00:23,979 - core.database - DEBUG - Table banners structure is up to date
2026-03-23 10:00:23,979 - core.database - INFO - Table banners repaired in 0.87s
2026-03-23 10:00:23,980 - core.database - DEBUG - Checking table structure for: food_settings
2026-03-23 10:00:23,981 - core.database - DEBUG - Table admin_login_lockouts structure is up to date
2026-03-23 10:00:23,981 - core.database - INFO - Table admin_login_lockouts repaired in 0.88s
2026-03-23 10:00:23,981 - core.database - DEBUG - Table complaints structure is up to date
2026-03-23 10:00:23,982 - core.database - INFO - Table complaints repaired in 0.87s
2026-03-23 10:00:23,982 - core.database - DEBUG - Checking table structure for: frontpad_settings
2026-03-23 10:00:23,982 - core.database - DEBUG - Checking table structure for: frontpad_sync_log
2026-03-23 10:00:23,986 - core.database - DEBUG - Table categories structure is up to date
2026-03-23 10:00:23,986 - core.database - INFO - Table categories repaired in 0.88s
2026-03-23 10:00:23,986 - core.database - DEBUG - Checking table structure for: history_events
2026-03-23 10:00:24,165 - core.database - DEBUG - Table directory_entries structure is up to date
2026-03-23 10:00:24,166 - core.database - INFO - Table directory_entries repaired in 1.06s
2026-03-23 10:00:24,166 - core.database - DEBUG - Checking table structure for: homepage_stats
2026-03-23 10:00:24,278 - core.database - DEBUG - Table food_categories structure is up to date
2026-03-23 10:00:24,278 - core.database - INFO - Table food_categories repaired in 1.17s
2026-03-23 10:00:24,279 - core.database - DEBUG - Checking table structure for: inspectors
2026-03-23 10:00:24,364 - core.database - DEBUG - Table food_item_modifiers structure is up to date
2026-03-23 10:00:24,364 - core.database - INFO - Table food_item_modifiers repaired in 1.25s
2026-03-23 10:00:24,364 - core.database - DEBUG - Checking table structure for: item_modifier_groups
2026-03-23 10:00:24,367 - core.database - DEBUG - Table food_items structure is up to date
2026-03-23 10:00:24,367 - core.database - INFO - Table food_items repaired in 1.26s
2026-03-23 10:00:24,367 - core.database - DEBUG - Checking table structure for: jobs
2026-03-23 10:00:24,379 - core.database - DEBUG - Table food_modifiers structure is up to date
2026-03-23 10:00:24,380 - core.database - INFO - Table food_modifiers repaired in 1.27s
2026-03-23 10:00:24,380 - core.database - DEBUG - Checking table structure for: master_requests
2026-03-23 10:00:24,382 - core.database - DEBUG - Table food_orders structure is up to date
2026-03-23 10:00:24,382 - core.database - INFO - Table food_orders repaired in 1.27s
2026-03-23 10:00:24,382 - core.database - DEBUG - Checking table structure for: masters
2026-03-23 10:00:24,393 - core.database - DEBUG - Table history_events structure is up to date
2026-03-23 10:00:24,393 - core.database - INFO - Table history_events repaired in 1.28s
2026-03-23 10:00:24,393 - core.database - DEBUG - Checking table structure for: modifier_groups
2026-03-23 10:00:24,395 - core.database - DEBUG - Table frontpad_sync_log structure is up to date
2026-03-23 10:00:24,395 - core.database - INFO - Table frontpad_sync_log repaired in 1.29s
2026-03-23 10:00:24,396 - core.database - DEBUG - Checking table structure for: modifier_options
2026-03-23 10:00:24,398 - core.database - DEBUG - Table food_settings structure is up to date
2026-03-23 10:00:24,398 - core.database - INFO - Table food_settings repaired in 1.29s
2026-03-23 10:00:24,399 - core.database - DEBUG - Checking table structure for: news
2026-03-23 10:00:24,399 - core.database - DEBUG - Table frontpad_settings structure is up to date
2026-03-23 10:00:24,399 - core.database - INFO - Table frontpad_settings repaired in 1.29s
2026-03-23 10:00:24,400 - core.database - DEBUG - Checking table structure for: question_answers
2026-03-23 10:00:24,514 - core.database - DEBUG - Table homepage_stats structure is up to date
2026-03-23 10:00:24,515 - core.database - INFO - Table homepage_stats repaired in 1.40s
2026-03-23 10:00:24,515 - core.database - DEBUG - Checking table structure for: questions
2026-03-23 10:00:24,686 - core.database - DEBUG - Table inspectors structure is up to date
2026-03-23 10:00:24,687 - core.database - INFO - Table inspectors repaired in 1.58s
2026-03-23 10:00:24,688 - core.database - DEBUG - Checking table structure for: real_estate
2026-03-23 10:00:24,714 - core.database - DEBUG - Table item_modifier_groups structure is up to date
2026-03-23 10:00:24,715 - core.database - INFO - Table item_modifier_groups repaired in 1.60s
2026-03-23 10:00:24,715 - core.database - DEBUG - Checking table structure for: user_preferences
2026-03-23 10:00:24,716 - core.database - DEBUG - Table jobs structure is up to date
2026-03-23 10:00:24,717 - core.database - INFO - Table jobs repaired in 1.61s
2026-03-23 10:00:24,732 - core.database - DEBUG - Table master_requests structure is up to date
2026-03-23 10:00:24,732 - core.database - INFO - Table master_requests repaired in 1.62s
2026-03-23 10:00:24,751 - core.database - DEBUG - Table modifier_options structure is up to date
2026-03-23 10:00:24,751 - core.database - INFO - Table modifier_options repaired in 1.64s
2026-03-23 10:00:24,755 - core.database - DEBUG - Table news structure is up to date
2026-03-23 10:00:24,755 - core.database - INFO - Table news repaired in 1.65s
2026-03-23 10:00:24,755 - core.database - DEBUG - Table question_answers structure is up to date
2026-03-23 10:00:24,756 - core.database - INFO - Table question_answers repaired in 1.65s
2026-03-23 10:00:24,794 - core.database - DEBUG - Table masters structure is up to date
2026-03-23 10:00:24,794 - core.database - INFO - Table masters repaired in 1.68s
2026-03-23 10:00:24,800 - core.database - DEBUG - Table modifier_groups structure is up to date
2026-03-23 10:00:24,800 - core.database - INFO - Table modifier_groups repaired in 1.69s
2026-03-23 10:00:24,864 - core.database - DEBUG - Table questions structure is up to date
2026-03-23 10:00:24,865 - core.database - INFO - Table questions repaired in 1.75s
2026-03-23 10:00:25,038 - core.database - DEBUG - Table real_estate structure is up to date
2026-03-23 10:00:25,038 - core.database - INFO - Table real_estate repaired in 1.93s
2026-03-23 10:00:25,065 - core.database - DEBUG - Table user_preferences structure is up to date
2026-03-23 10:00:25,065 - core.database - INFO - Table user_preferences repaired in 1.96s
2026-03-23 10:00:25,066 - core.database - INFO - 🔧 Table structure repair completed in 3.1674s
2026-03-23 10:00:25,066 - core.database - INFO - 🔧 Table structure repair completed
2026-03-23 10:00:25,066 - core.database - INFO - 🔧 Starting table creation...
2026-03-23 10:00:27,287 - core.database - INFO - Tables initialized successfully
2026-03-23 10:00:27,287 - core.database - DEBUG - [DB_OP] Create tables completed in 5.3896s
2026-03-23 10:00:27,346 - core.database - INFO - Lazy database initialization completed successfully
2026-03-23 10:00:27,722 - routers.admin_auth - DEBUG - [Admin Auth] Admin credentials already exist
2026-03-23 10:00:27,780 - core.config - DEBUG - Read dynamic attribute oss_service_url from environment variable OSS_SERVICE_URL
2026-03-23 10:00:27,781 - core.config - DEBUG - Read dynamic attribute oss_api_key from environment variable OSS_API_KEY
2026-03-23 10:00:27,882 - httpcore.connection - DEBUG - connect_tcp.started host='atoms.dev' port=443 local_address=None timeout=120.0 socket_options=None
2026-03-23 10:00:27,890 - httpcore.connection - DEBUG - connect_tcp.complete return_value=<httpcore._backends.anyio.AnyIOStream object at 0x7f84bb3c1120>
2026-03-23 10:00:27,890 - httpcore.connection - DEBUG - start_tls.started ssl_context=<ssl.SSLContext object at 0x7f84bb4234c0> server_hostname='atoms.dev' timeout=120.0
2026-03-23 10:00:27,900 - httpcore.connection - DEBUG - start_tls.complete return_value=<httpcore._backends.anyio.AnyIOStream object at 0x7f84bb3c0160>
2026-03-23 10:00:27,901 - httpcore.http11 - DEBUG - send_request_headers.started request=<Request [b'GET']>
2026-03-23 10:00:27,901 - httpcore.http11 - DEBUG - send_request_headers.complete
2026-03-23 10:00:27,902 - httpcore.http11 - DEBUG - send_request_body.started request=<Request [b'GET']>
2026-03-23 10:00:27,902 - httpcore.http11 - DEBUG - send_request_body.complete
2026-03-23 10:00:27,902 - httpcore.http11 - DEBUG - receive_response_headers.started request=<Request [b'GET']>
2026-03-23 10:00:27,929 - httpcore.http11 - DEBUG - receive_response_headers.complete return_value=(b'HTTP/1.1', 200, b'OK', [(b'Date', b'Mon, 23 Mar 2026 17:00:27 GMT'), (b'Content-Type', b'application/json; charset=utf-8'), (b'Transfer-Encoding', b'chunked'), (b'Connection', b'keep-alive'), (b'Access-Control-Allow-Headers', b'Origin, Content-Type, Accept, Authorization'), (b'Access-Control-Allow-Methods', b'GET, POST, PUT, DELETE, OPTIONS'), (b'Access-Control-Allow-Origin', b'*'), (b'Access-Control-Max-Age', b'86400'), (b'X-Request-Id', b'e10f8d3d8b03a0d6aac9135ea28a693f'), (b'X-Trace-Id', b'90c91f7435a54f16b1096dc8a7249541'), (b'Content-Security-Policy', b"frame-ancestors 'self' https://atoms.dev"), (b'Strict-Transport-Security', b'max-age=63072000; includeSubDomains; preload'), (b'X-Content-Type-Options', b'nosniff'), (b'X-XSS-Protection', b'1; mode=block'), (b'Referrer-Policy', b'strict-origin-when-cross-origin'), (b'cf-cache-status', b'DYNAMIC'), (b'Content-Encoding', b'gzip'), (b'Server', b'cloudflare'), (b'CF-RAY', b'9e0efe126bcdd7a8-LAX')])
2026-03-23 10:00:27,930 - httpx - INFO - HTTP Request: GET https://atoms.dev/api/v1/infra/client/oss/buckets "HTTP/1.1 200 OK"
2026-03-23 10:00:27,930 - httpcore.http11 - DEBUG - receive_response_body.started request=<Request [b'GET']>
2026-03-23 10:00:27,931 - httpcore.http11 - DEBUG - receive_response_body.complete
2026-03-23 10:00:27,931 - httpcore.http11 - DEBUG - response_closed.started
2026-03-23 10:00:27,931 - httpcore.http11 - DEBUG - response_closed.complete
2026-03-23 10:00:27,931 - httpcore.connection - DEBUG - close.started
2026-03-23 10:00:27,932 - httpcore.connection - DEBUG - close.complete
2026-03-23 10:00:27,932 - services.bucket_init - INFO - Bucket 'portal-images' already exists
2026-03-23 10:00:27,932 - main - INFO - === Application startup completed successfully ===
2026-03-23 10:00:28,033 - services.database - DEBUG - [DB_OP] Starting database close
2026-03-23 10:00:28,648 - core.database - INFO - Database connection closed and engine disposed
2026-03-23 10:00:28,648 - services.database - INFO - Database connections closed
2026-03-23 10:00:28,648 - services.database - DEBUG - [DB_OP] Database close completed in 0.6146s
