2026-04-01 05:18:10,139 - main - INFO - === Logging system initialized ===
2026-04-01 05:18:10,139 - main - INFO - Log file: logs/app_20260401_051810.log
2026-04-01 05:18:10,140 - main - INFO - Log level: INFO
2026-04-01 05:18:10,140 - main - INFO - Timestamp: 20260401_051810
2026-04-01 05:18:10,147 - main - INFO - Included router: routers.admin_auth.router
2026-04-01 05:18:11,007 - main - INFO - Included router: routers.aihub.router
2026-04-01 05:18:11,098 - main - INFO - Included router: routers.announcements.router
2026-04-01 05:18:11,127 - main - INFO - Included router: routers.auth.router
2026-04-01 05:18:11,185 - main - INFO - Included router: routers.banners.router
2026-04-01 05:18:11,321 - main - INFO - Included router: routers.become_master_requests.router
2026-04-01 05:18:11,369 - main - INFO - Included router: routers.bus_notifications.router
2026-04-01 05:18:11,423 - main - INFO - Included router: routers.bus_routes.router
2026-04-01 05:18:11,471 - main - INFO - Included router: routers.bus_stops.router
2026-04-01 05:18:11,525 - main - INFO - Included router: routers.categories.router
2026-04-01 05:18:11,586 - main - INFO - Included router: routers.complaints.router
2026-04-01 05:18:11,590 - main - INFO - Included router: routers.debug_schema.router
2026-04-01 05:18:11,636 - main - INFO - Included router: routers.directory_entries.router
2026-04-01 05:18:11,686 - main - INFO - Included router: routers.food_categories.router
2026-04-01 05:18:11,729 - main - INFO - Included router: routers.food_item_modifiers.router
2026-04-01 05:18:11,783 - main - INFO - Included router: routers.food_items.router
2026-04-01 05:18:11,831 - main - INFO - Included router: routers.food_modifiers.router
2026-04-01 05:18:11,891 - main - INFO - Included router: routers.food_orders.router
2026-04-01 05:18:12,117 - main - INFO - Included router: routers.food_settings.router
2026-04-01 05:18:12,166 - main - INFO - Included router: routers.frontpad.router
2026-04-01 05:18:12,210 - main - INFO - Included router: routers.frontpad_settings.router
2026-04-01 05:18:12,255 - main - INFO - Included router: routers.frontpad_sync_log.router
2026-04-01 05:18:12,258 - main - INFO - Included router: routers.health.router
2026-04-01 05:18:12,294 - main - INFO - Included router: routers.health_check.router
2026-04-01 05:18:12,342 - main - INFO - Included router: routers.history_events.router
2026-04-01 05:18:12,394 - main - INFO - Included router: routers.homepage_stats.router
2026-04-01 05:18:12,447 - main - INFO - Included router: routers.inspectors.router
2026-04-01 05:18:12,498 - main - INFO - Included router: routers.item_modifier_groups.router
2026-04-01 05:18:12,557 - main - INFO - Included router: routers.jobs.router
2026-04-01 05:18:12,617 - main - INFO - Included router: routers.master_requests.router
2026-04-01 05:18:12,683 - main - INFO - Included router: routers.masters.router
2026-04-01 05:18:12,733 - main - INFO - Included router: routers.modifier_groups.router
2026-04-01 05:18:12,923 - main - INFO - Included router: routers.modifier_options.router
2026-04-01 05:18:12,981 - main - INFO - Included router: routers.news.router
2026-04-01 05:18:13,031 - main - INFO - Included router: routers.question_answers.router
2026-04-01 05:18:13,080 - main - INFO - Included router: routers.questions.router
2026-04-01 05:18:13,150 - main - INFO - Included router: routers.real_estate.router
2026-04-01 05:18:13,177 - main - INFO - Included router: routers.settings.router
2026-04-01 05:18:13,211 - main - INFO - Included router: routers.storage.router
2026-04-01 05:18:13,241 - main - INFO - Included router: routers.telegram.router
2026-04-01 05:18:13,252 - main - INFO - Included router: routers.user.router
2026-04-01 05:18:13,300 - main - INFO - Included router: routers.user_preferences.router
2026-04-01 05:18:13,304 - main - INFO - Included router: routers.weather.router
2026-04-01 05:18:13,306 - main - INFO - === Application startup initiated ===
2026-04-01 05:18:13,307 - services.database - INFO - Ignore creating tables
2026-04-01 05:18:13,307 - services.mock_data - INFO - Ignore initialize data
2026-04-01 05:18:13,307 - services.auth - INFO - Ignore initialize admin
2026-04-01 05:18:13,308 - core.database - WARNING - Database not initialized, attempting lazy initialization...
2026-04-01 05:18:13,308 - core.database - INFO - Starting database initialization...
2026-04-01 05:18:13,308 - core.config - DEBUG - Read dynamic attribute database_url from environment variable DATABASE_URL
2026-04-01 05:18:13,308 - core.database - INFO - Database init attempt 1/5...
2026-04-01 05:18:13,309 - core.database - INFO - Normalized database URL (masked): postgresql+asyncpg://neondb_owner:***@ep-cool-wave-ad8598va.c-2.us-east-1.aws.neon.tech/neondb?ssl=require
2026-04-01 05:18:13,309 - core.database - INFO - Using QueuePool with connection pooling
2026-04-01 05:18:14,690 - core.database - INFO - Database connection initialized successfully
2026-04-01 05:18:14,691 - core.database - DEBUG - [DB_OP] Starting create_tables
2026-04-01 05:18:14,691 - core.database - INFO - 🔧 Table creation attempt 1/3...
2026-04-01 05:18:14,691 - core.database - INFO - 🔧 Starting table structure repair...
2026-04-01 05:18:15,200 - core.database - INFO - 🔧 Repairing 37 existing tables...
2026-04-01 05:18:15,201 - core.database - DEBUG - Checking table structure for: users
2026-04-01 05:18:15,201 - core.database - DEBUG - Checking table structure for: oidc_states
2026-04-01 05:18:15,203 - core.database - DEBUG - Checking table structure for: admin_credentials
2026-04-01 05:18:15,203 - core.database - DEBUG - Checking table structure for: admin_login_attempts
2026-04-01 05:18:15,204 - core.database - DEBUG - Checking table structure for: admin_login_lockouts
2026-04-01 05:18:15,205 - core.database - DEBUG - Checking table structure for: announcements
2026-04-01 05:18:15,206 - core.database - DEBUG - Checking table structure for: banners
2026-04-01 05:18:15,209 - core.database - DEBUG - Checking table structure for: become_master_requests
2026-04-01 05:18:15,210 - core.database - DEBUG - Checking table structure for: bus_notifications
2026-04-01 05:18:15,211 - core.database - DEBUG - Checking table structure for: bus_routes
2026-04-01 05:18:15,957 - core.database - DEBUG - Table users structure is up to date
2026-04-01 05:18:15,957 - core.database - INFO - Table users repaired in 0.76s
2026-04-01 05:18:15,958 - core.database - DEBUG - Checking table structure for: bus_stops
2026-04-01 05:18:16,063 - core.database - DEBUG - Table admin_credentials structure is up to date
2026-04-01 05:18:16,063 - core.database - INFO - Table admin_credentials repaired in 0.86s
2026-04-01 05:18:16,063 - core.database - DEBUG - Checking table structure for: categories
2026-04-01 05:18:16,153 - core.database - DEBUG - Table announcements structure is up to date
2026-04-01 05:18:16,154 - core.database - INFO - Table announcements repaired in 0.95s
2026-04-01 05:18:16,154 - core.database - DEBUG - Checking table structure for: complaints
2026-04-01 05:18:16,157 - core.database - DEBUG - Table become_master_requests structure is up to date
2026-04-01 05:18:16,157 - core.database - INFO - Table become_master_requests repaired in 0.95s
2026-04-01 05:18:16,158 - core.database - DEBUG - Checking table structure for: directory_entries
2026-04-01 05:18:16,160 - core.database - DEBUG - Table admin_login_lockouts structure is up to date
2026-04-01 05:18:16,161 - core.database - INFO - Table admin_login_lockouts repaired in 0.96s
2026-04-01 05:18:16,161 - core.database - DEBUG - Checking table structure for: food_categories
2026-04-01 05:18:16,161 - core.database - DEBUG - Table oidc_states structure is up to date
2026-04-01 05:18:16,161 - core.database - INFO - Table oidc_states repaired in 0.96s
2026-04-01 05:18:16,162 - core.database - DEBUG - Checking table structure for: food_item_modifiers
2026-04-01 05:18:16,164 - core.database - DEBUG - Table bus_notifications structure is up to date
2026-04-01 05:18:16,164 - core.database - INFO - Table bus_notifications repaired in 0.95s
2026-04-01 05:18:16,164 - core.database - DEBUG - Checking table structure for: food_items
2026-04-01 05:18:16,165 - core.database - DEBUG - Table bus_routes structure is up to date
2026-04-01 05:18:16,166 - core.database - INFO - Table bus_routes repaired in 0.95s
2026-04-01 05:18:16,166 - core.database - DEBUG - Checking table structure for: food_modifiers
2026-04-01 05:18:16,173 - core.database - DEBUG - Table banners structure is up to date
2026-04-01 05:18:16,173 - core.database - INFO - Table banners repaired in 0.97s
2026-04-01 05:18:16,173 - core.database - DEBUG - Checking table structure for: food_orders
2026-04-01 05:18:16,174 - core.database - DEBUG - Table admin_login_attempts structure is up to date
2026-04-01 05:18:16,174 - core.database - INFO - Table admin_login_attempts repaired in 0.97s
2026-04-01 05:18:16,174 - core.database - DEBUG - Checking table structure for: food_settings
2026-04-01 05:18:16,346 - core.database - DEBUG - Table bus_stops structure is up to date
2026-04-01 05:18:16,347 - core.database - INFO - Table bus_stops repaired in 1.13s
2026-04-01 05:18:16,347 - core.database - DEBUG - Checking table structure for: frontpad_settings
2026-04-01 05:18:16,501 - core.database - DEBUG - Table categories structure is up to date
2026-04-01 05:18:16,501 - core.database - INFO - Table categories repaired in 1.29s
2026-04-01 05:18:16,502 - core.database - DEBUG - Checking table structure for: frontpad_sync_log
2026-04-01 05:18:16,594 - core.database - DEBUG - Table complaints structure is up to date
2026-04-01 05:18:16,594 - core.database - INFO - Table complaints repaired in 1.38s
2026-04-01 05:18:16,594 - core.database - DEBUG - Checking table structure for: health_check
2026-04-01 05:18:16,599 - core.database - DEBUG - Table directory_entries structure is up to date
2026-04-01 05:18:16,599 - core.database - INFO - Table directory_entries repaired in 1.39s
2026-04-01 05:18:16,599 - core.database - DEBUG - Checking table structure for: history_events
2026-04-01 05:18:16,601 - core.database - DEBUG - Table food_categories structure is up to date
2026-04-01 05:18:16,601 - core.database - INFO - Table food_categories repaired in 1.39s
2026-04-01 05:18:16,601 - core.database - DEBUG - Checking table structure for: homepage_stats
2026-04-01 05:18:16,602 - core.database - DEBUG - Table food_item_modifiers structure is up to date
2026-04-01 05:18:16,602 - core.database - INFO - Table food_item_modifiers repaired in 1.39s
2026-04-01 05:18:16,602 - core.database - DEBUG - Checking table structure for: inspectors
2026-04-01 05:18:16,610 - core.database - DEBUG - Table food_orders structure is up to date
2026-04-01 05:18:16,610 - core.database - INFO - Table food_orders repaired in 1.40s
2026-04-01 05:18:16,611 - core.database - DEBUG - Checking table structure for: item_modifier_groups
2026-04-01 05:18:16,611 - core.database - DEBUG - Table food_items structure is up to date
2026-04-01 05:18:16,611 - core.database - INFO - Table food_items repaired in 1.40s
2026-04-01 05:18:16,611 - core.database - DEBUG - Checking table structure for: jobs
2026-04-01 05:18:16,612 - core.database - DEBUG - Table food_modifiers structure is up to date
2026-04-01 05:18:16,612 - core.database - INFO - Table food_modifiers repaired in 1.40s
2026-04-01 05:18:16,612 - core.database - DEBUG - Checking table structure for: master_requests
2026-04-01 05:18:16,631 - core.database - DEBUG - Table food_settings structure is up to date
2026-04-01 05:18:16,631 - core.database - INFO - Table food_settings repaired in 1.42s
2026-04-01 05:18:16,631 - core.database - DEBUG - Checking table structure for: masters
2026-04-01 05:18:16,730 - core.database - DEBUG - Table frontpad_settings structure is up to date
2026-04-01 05:18:16,731 - core.database - INFO - Table frontpad_settings repaired in 1.52s
2026-04-01 05:18:16,731 - core.database - DEBUG - Checking table structure for: modifier_groups
2026-04-01 05:18:16,886 - core.database - DEBUG - Table frontpad_sync_log structure is up to date
2026-04-01 05:18:16,886 - core.database - INFO - Table frontpad_sync_log repaired in 1.67s
2026-04-01 05:18:16,886 - core.database - DEBUG - Checking table structure for: modifier_options
2026-04-01 05:18:16,971 - core.database - DEBUG - Table health_check structure is up to date
2026-04-01 05:18:16,972 - core.database - INFO - Table health_check repaired in 1.76s
2026-04-01 05:18:16,972 - core.database - DEBUG - Checking table structure for: news
2026-04-01 05:18:16,982 - core.database - DEBUG - Table history_events structure is up to date
2026-04-01 05:18:16,983 - core.database - INFO - Table history_events repaired in 1.77s
2026-04-01 05:18:16,983 - core.database - DEBUG - Checking table structure for: question_answers
2026-04-01 05:18:16,985 - core.database - DEBUG - Table homepage_stats structure is up to date
2026-04-01 05:18:16,985 - core.database - INFO - Table homepage_stats repaired in 1.77s
2026-04-01 05:18:16,985 - core.database - DEBUG - Checking table structure for: questions
2026-04-01 05:18:16,986 - core.database - DEBUG - Table item_modifier_groups structure is up to date
2026-04-01 05:18:16,986 - core.database - INFO - Table item_modifier_groups repaired in 1.77s
2026-04-01 05:18:16,986 - core.database - DEBUG - Checking table structure for: real_estate
2026-04-01 05:18:17,045 - core.database - DEBUG - Table inspectors structure is up to date
2026-04-01 05:18:17,045 - core.database - INFO - Table inspectors repaired in 1.83s
2026-04-01 05:18:17,045 - core.database - DEBUG - Checking table structure for: user_preferences
2026-04-01 05:18:17,050 - core.database - DEBUG - Table jobs structure is up to date
2026-04-01 05:18:17,050 - core.database - INFO - Table jobs repaired in 1.84s
2026-04-01 05:18:17,054 - core.database - DEBUG - Table master_requests structure is up to date
2026-04-01 05:18:17,056 - core.database - INFO - Table master_requests repaired in 1.84s
2026-04-01 05:18:17,079 - core.database - DEBUG - Table masters structure is up to date
2026-04-01 05:18:17,080 - core.database - INFO - Table masters repaired in 1.87s
2026-04-01 05:18:17,172 - core.database - DEBUG - Table modifier_groups structure is up to date
2026-04-01 05:18:17,173 - core.database - INFO - Table modifier_groups repaired in 1.96s
2026-04-01 05:18:17,263 - core.database - DEBUG - Table modifier_options structure is up to date
2026-04-01 05:18:17,263 - core.database - INFO - Table modifier_options repaired in 2.05s
2026-04-01 05:18:17,413 - core.database - DEBUG - Table news structure is up to date
2026-04-01 05:18:17,414 - core.database - INFO - Table news repaired in 2.20s
2026-04-01 05:18:17,424 - core.database - DEBUG - Table question_answers structure is up to date
2026-04-01 05:18:17,424 - core.database - INFO - Table question_answers repaired in 2.21s
2026-04-01 05:18:17,427 - core.database - DEBUG - Table real_estate structure is up to date
2026-04-01 05:18:17,427 - core.database - INFO - Table real_estate repaired in 2.22s
2026-04-01 05:18:17,430 - core.database - DEBUG - Table questions structure is up to date
2026-04-01 05:18:17,430 - core.database - INFO - Table questions repaired in 2.22s
2026-04-01 05:18:17,493 - core.database - DEBUG - Table user_preferences structure is up to date
2026-04-01 05:18:17,494 - core.database - INFO - Table user_preferences repaired in 2.28s
2026-04-01 05:18:17,494 - core.database - INFO - 🔧 Table structure repair completed in 2.8031s
2026-04-01 05:18:17,494 - core.database - INFO - 🔧 Table structure repair completed
2026-04-01 05:18:17,494 - core.database - INFO - 🔧 Starting table creation...
2026-04-01 05:18:20,144 - core.database - INFO - Tables initialized successfully
2026-04-01 05:18:20,144 - core.database - DEBUG - [DB_OP] Create tables completed in 5.4537s
2026-04-01 05:18:20,207 - core.database - INFO - Lazy database initialization completed successfully
2026-04-01 05:18:21,017 - routers.admin_auth - INFO - [Admin Auth] Pre-computed 3 alternative password hashes for 'admin' account
2026-04-01 05:18:21,898 - routers.admin_auth - INFO - [Admin Auth] Admin credentials updated (username: admin)
2026-04-01 05:18:22,282 - routers.admin_auth - DEBUG - [Admin Auth] Legacy admin credentials already exist
2026-04-01 05:18:22,346 - core.config - DEBUG - Read dynamic attribute oss_service_url from environment variable OSS_SERVICE_URL
2026-04-01 05:18:22,347 - core.config - DEBUG - Read dynamic attribute oss_api_key from environment variable OSS_API_KEY
2026-04-01 05:18:22,448 - httpcore.connection - DEBUG - connect_tcp.started host='atoms.dev' port=443 local_address=None timeout=120.0 socket_options=None
2026-04-01 05:18:22,458 - httpcore.connection - DEBUG - connect_tcp.complete return_value=<httpcore._backends.anyio.AnyIOStream object at 0x7f496a4f6320>
2026-04-01 05:18:22,458 - httpcore.connection - DEBUG - start_tls.started ssl_context=<ssl.SSLContext object at 0x7f496a58b940> server_hostname='atoms.dev' timeout=120.0
2026-04-01 05:18:22,467 - httpcore.connection - DEBUG - start_tls.complete return_value=<httpcore._backends.anyio.AnyIOStream object at 0x7f496a4f5210>
2026-04-01 05:18:22,468 - httpcore.http11 - DEBUG - send_request_headers.started request=<Request [b'GET']>
2026-04-01 05:18:22,468 - httpcore.http11 - DEBUG - send_request_headers.complete
2026-04-01 05:18:22,468 - httpcore.http11 - DEBUG - send_request_body.started request=<Request [b'GET']>
2026-04-01 05:18:22,469 - httpcore.http11 - DEBUG - send_request_body.complete
2026-04-01 05:18:22,469 - httpcore.http11 - DEBUG - receive_response_headers.started request=<Request [b'GET']>
2026-04-01 05:18:22,488 - httpcore.http11 - DEBUG - receive_response_headers.complete return_value=(b'HTTP/1.1', 200, b'OK', [(b'Date', b'Wed, 01 Apr 2026 12:18:22 GMT'), (b'Content-Type', b'application/json; charset=utf-8'), (b'Transfer-Encoding', b'chunked'), (b'Connection', b'keep-alive'), (b'Access-Control-Allow-Headers', b'Origin, Content-Type, Accept, Authorization'), (b'Access-Control-Allow-Methods', b'GET, POST, PUT, DELETE, OPTIONS'), (b'Access-Control-Allow-Origin', b'*'), (b'Access-Control-Max-Age', b'86400'), (b'X-Request-Id', b'b17a2f94a0de85aaab58cb2b3bf078ca'), (b'X-Trace-Id', b'd9a0979ae2cc43dda70a47407c6aafd7'), (b'Content-Security-Policy', b"frame-ancestors 'self' https://atoms.dev"), (b'Strict-Transport-Security', b'max-age=63072000; includeSubDomains; preload'), (b'X-Content-Type-Options', b'nosniff'), (b'X-XSS-Protection', b'1; mode=block'), (b'Referrer-Policy', b'strict-origin-when-cross-origin'), (b'cf-cache-status', b'DYNAMIC'), (b'Content-Encoding', b'gzip'), (b'Server', b'cloudflare'), (b'CF-RAY', b'9e57893a689e566d-LAX')])
2026-04-01 05:18:22,489 - httpx - INFO - HTTP Request: GET https://atoms.dev/api/v1/infra/client/oss/buckets "HTTP/1.1 200 OK"
2026-04-01 05:18:22,490 - httpcore.http11 - DEBUG - receive_response_body.started request=<Request [b'GET']>
2026-04-01 05:18:22,491 - httpcore.http11 - DEBUG - receive_response_body.complete
2026-04-01 05:18:22,491 - httpcore.http11 - DEBUG - response_closed.started
2026-04-01 05:18:22,492 - httpcore.http11 - DEBUG - response_closed.complete
2026-04-01 05:18:22,492 - httpcore.connection - DEBUG - close.started
2026-04-01 05:18:22,493 - httpcore.connection - DEBUG - close.complete
2026-04-01 05:18:22,494 - services.bucket_init - INFO - Bucket 'portal-images' already exists
2026-04-01 05:18:22,494 - main - INFO - === Application startup completed ===
2026-04-01 05:18:31,564 - core.database - DEBUG - [DB_OP] Starting get_db session creation
2026-04-01 05:18:31,564 - core.database - DEBUG - [DB_OP] Database session created successfully in 0.0005s
2026-04-01 05:18:31,565 - routers.categories - DEBUG - Querying categoriess: query=None, sort=None, skip=0, limit=1, fields=None
2026-04-01 05:18:32,072 - routers.categories - DEBUG - Found 45 categoriess
2026-04-01 05:18:32,073 - core.database - DEBUG - [DB_OP] Database session cleanup after 0.5094s
2026-04-01 05:18:32,496 - core.database - DEBUG - [DB_OP] Starting get_db session creation
2026-04-01 05:18:32,497 - core.database - DEBUG - [DB_OP] Database session created successfully in 0.0004s
2026-04-01 05:18:32,497 - routers.news - DEBUG - Querying newss: query={"published":true}, sort=-created_at, skip=0, limit=6, fields=None
2026-04-01 05:18:32,505 - core.database - DEBUG - [DB_OP] Starting get_db session creation
2026-04-01 05:18:32,506 - core.database - DEBUG - [DB_OP] Database session created successfully in 0.0004s
2026-04-01 05:18:32,506 - routers.jobs - DEBUG - Querying jobss: query={"active":true}, sort=-created_at, skip=0, limit=3, fields=None
2026-04-01 05:18:32,510 - core.database - DEBUG - [DB_OP] Starting get_db session creation
2026-04-01 05:18:32,511 - core.database - DEBUG - [DB_OP] Database session created successfully in 0.0003s
2026-04-01 05:18:32,511 - routers.complaints - DEBUG - Querying complaintss: query=None, sort=-created_at, skip=0, limit=3, fields=None
2026-04-01 05:18:32,547 - httpcore.connection - DEBUG - connect_tcp.started host='api.openweathermap.org' port=443 local_address=None timeout=10.0 socket_options=None
2026-04-01 05:18:32,601 - httpcore.connection - DEBUG - connect_tcp.complete return_value=<httpcore._backends.anyio.AnyIOStream object at 0x7f49708d9390>
2026-04-01 05:18:32,601 - httpcore.connection - DEBUG - start_tls.started ssl_context=<ssl.SSLContext object at 0x7f49708a7ac0> server_hostname='api.openweathermap.org' timeout=10.0
2026-04-01 05:18:32,636 - httpcore.connection - DEBUG - start_tls.complete return_value=<httpcore._backends.anyio.AnyIOStream object at 0x7f49708bbee0>
2026-04-01 05:18:32,637 - httpcore.http11 - DEBUG - send_request_headers.started request=<Request [b'GET']>
2026-04-01 05:18:32,637 - httpcore.http11 - DEBUG - send_request_headers.complete
2026-04-01 05:18:32,638 - httpcore.http11 - DEBUG - send_request_body.started request=<Request [b'GET']>
2026-04-01 05:18:32,638 - httpcore.http11 - DEBUG - send_request_body.complete
2026-04-01 05:18:32,638 - httpcore.http11 - DEBUG - receive_response_headers.started request=<Request [b'GET']>
2026-04-01 05:18:32,668 - httpcore.http11 - DEBUG - receive_response_headers.complete return_value=(b'HTTP/1.1', 200, b'OK', [(b'Date', b'Wed, 01 Apr 2026 12:18:32 GMT'), (b'Content-Type', b'application/json; charset=utf-8'), (b'Content-Length', b'519'), (b'Connection', b'keep-alive'), (b'X-Cache-Key', b'/data/2.5/weather?lang=ru&q=karaganda&units=metric'), (b'Access-Control-Allow-Origin', b'*'), (b'Access-Control-Allow-Credentials', b'true'), (b'Access-Control-Allow-Methods', b'GET, POST')])
2026-04-01 05:18:32,670 - httpx - INFO - HTTP Request: GET https://api.openweathermap.org/data/2.5/weather?q=Karaganda&units=metric&lang=ru&appid=ae3471b8d67a2e46b753ece3875423c9 "HTTP/1.1 200 OK"
2026-04-01 05:18:32,670 - httpcore.http11 - DEBUG - receive_response_body.started request=<Request [b'GET']>
2026-04-01 05:18:32,670 - httpcore.http11 - DEBUG - receive_response_body.complete
2026-04-01 05:18:32,671 - httpcore.http11 - DEBUG - response_closed.started
2026-04-01 05:18:32,671 - httpcore.http11 - DEBUG - response_closed.complete
2026-04-01 05:18:32,671 - httpcore.connection - DEBUG - close.started
2026-04-01 05:18:32,671 - httpcore.connection - DEBUG - close.complete
2026-04-01 05:18:32,672 - routers.weather - INFO - [Weather] Fetched: 19°C, ясно
2026-04-01 05:18:33,003 - routers.news - DEBUG - Found 10 newss
2026-04-01 05:18:33,004 - core.database - DEBUG - [DB_OP] Database session cleanup after 0.5079s
2026-04-01 05:18:33,009 - routers.jobs - DEBUG - Found 5 jobss
2026-04-01 05:18:33,010 - core.database - DEBUG - [DB_OP] Database session cleanup after 0.5050s
2026-04-01 05:18:33,022 - routers.complaints - DEBUG - Found 12 complaintss
2026-04-01 05:18:33,023 - core.database - DEBUG - [DB_OP] Database session cleanup after 0.5122s
2026-04-01 05:18:33,765 - core.database - DEBUG - [DB_OP] Starting get_db session creation
2026-04-01 05:18:33,765 - core.database - DEBUG - [DB_OP] Database session created successfully in 0.0005s
2026-04-01 05:18:33,766 - routers.banners - DEBUG - Querying bannerss: query={"active":true}, sort=None, skip=0, limit=4, fields=None
2026-04-01 05:18:33,769 - core.database - DEBUG - [DB_OP] Starting get_db session creation
2026-04-01 05:18:33,769 - core.database - DEBUG - [DB_OP] Database session created successfully in 0.0004s
2026-04-01 05:18:33,770 - routers.homepage_stats - DEBUG - Querying homepage_statss: query=None, sort=None, skip=0, limit=1, fields=None
2026-04-01 05:18:34,278 - routers.homepage_stats - DEBUG - Found 1 homepage_statss
2026-04-01 05:18:34,279 - core.database - DEBUG - [DB_OP] Database session cleanup after 0.5097s
2026-04-01 05:18:34,280 - routers.banners - DEBUG - Found 2 bannerss
2026-04-01 05:18:34,281 - core.database - DEBUG - [DB_OP] Database session cleanup after 0.5159s
2026-04-01 05:18:34,784 - httpcore.connection - DEBUG - connect_tcp.started host='atoms.dev' port=443 local_address=None timeout=120.0 socket_options=None
2026-04-01 05:18:34,820 - httpcore.connection - DEBUG - connect_tcp.started host='atoms.dev' port=443 local_address=None timeout=120.0 socket_options=None
2026-04-01 05:18:34,854 - httpcore.connection - DEBUG - connect_tcp.started host='atoms.dev' port=443 local_address=None timeout=120.0 socket_options=None
2026-04-01 05:18:34,858 - httpcore.connection - DEBUG - connect_tcp.complete return_value=<httpcore._backends.anyio.AnyIOStream object at 0x7f497091b9d0>
2026-04-01 05:18:34,859 - httpcore.connection - DEBUG - start_tls.started ssl_context=<ssl.SSLContext object at 0x7f49698cd740> server_hostname='atoms.dev' timeout=120.0
2026-04-01 05:18:34,859 - httpcore.connection - DEBUG - connect_tcp.complete return_value=<httpcore._backends.anyio.AnyIOStream object at 0x7f49708ba9b0>
2026-04-01 05:18:34,860 - httpcore.connection - DEBUG - start_tls.started ssl_context=<ssl.SSLContext object at 0x7f49698cd5c0> server_hostname='atoms.dev' timeout=120.0
2026-04-01 05:18:34,867 - httpcore.connection - DEBUG - start_tls.complete return_value=<httpcore._backends.anyio.AnyIOStream object at 0x7f49708bad40>
2026-04-01 05:18:34,870 - httpcore.http11 - DEBUG - send_request_headers.started request=<Request [b'POST']>
2026-04-01 05:18:34,871 - httpcore.connection - DEBUG - start_tls.complete return_value=<httpcore._backends.anyio.AnyIOStream object at 0x7f49708ba3e0>
2026-04-01 05:18:34,871 - httpcore.http11 - DEBUG - send_request_headers.complete
2026-04-01 05:18:34,871 - httpcore.http11 - DEBUG - send_request_body.started request=<Request [b'POST']>
2026-04-01 05:18:34,872 - httpcore.http11 - DEBUG - send_request_headers.started request=<Request [b'POST']>
2026-04-01 05:18:34,872 - httpcore.http11 - DEBUG - send_request_body.complete
2026-04-01 05:18:34,872 - httpcore.http11 - DEBUG - receive_response_headers.started request=<Request [b'POST']>
2026-04-01 05:18:34,873 - httpcore.http11 - DEBUG - send_request_headers.complete
2026-04-01 05:18:34,873 - httpcore.http11 - DEBUG - send_request_body.started request=<Request [b'POST']>
2026-04-01 05:18:34,873 - httpcore.http11 - DEBUG - send_request_body.complete
2026-04-01 05:18:34,873 - httpcore.http11 - DEBUG - receive_response_headers.started request=<Request [b'POST']>
2026-04-01 05:18:34,876 - httpcore.connection - DEBUG - connect_tcp.complete return_value=<httpcore._backends.anyio.AnyIOStream object at 0x7f49699293c0>
2026-04-01 05:18:34,877 - httpcore.connection - DEBUG - start_tls.started ssl_context=<ssl.SSLContext object at 0x7f49698cda40> server_hostname='atoms.dev' timeout=120.0
2026-04-01 05:18:34,884 - httpcore.connection - DEBUG - start_tls.complete return_value=<httpcore._backends.anyio.AnyIOStream object at 0x7f497091bd30>
2026-04-01 05:18:34,885 - httpcore.http11 - DEBUG - send_request_headers.started request=<Request [b'POST']>
2026-04-01 05:18:34,886 - httpcore.http11 - DEBUG - send_request_headers.complete
2026-04-01 05:18:34,887 - httpcore.http11 - DEBUG - send_request_body.started request=<Request [b'POST']>
2026-04-01 05:18:34,887 - httpcore.http11 - DEBUG - send_request_body.complete
2026-04-01 05:18:34,888 - httpcore.http11 - DEBUG - receive_response_headers.started request=<Request [b'POST']>
2026-04-01 05:18:34,899 - httpcore.http11 - DEBUG - receive_response_headers.complete return_value=(b'HTTP/1.1', 200, b'OK', [(b'Date', b'Wed, 01 Apr 2026 12:18:34 GMT'), (b'Content-Type', b'application/json; charset=utf-8'), (b'Transfer-Encoding', b'chunked'), (b'Connection', b'keep-alive'), (b'Access-Control-Allow-Headers', b'Origin, Content-Type, Accept, Authorization'), (b'Access-Control-Allow-Methods', b'GET, POST, PUT, DELETE, OPTIONS'), (b'Access-Control-Allow-Origin', b'*'), (b'Access-Control-Max-Age', b'86400'), (b'X-Request-Id', b'151cb2a55652d7b752e36b12765d30e0'), (b'X-Trace-Id', b'e649178c7a0a446bbe84d962b7b30ef3'), (b'Content-Security-Policy', b"frame-ancestors 'self' https://atoms.dev"), (b'Strict-Transport-Security', b'max-age=63072000; includeSubDomains; preload'), (b'X-Content-Type-Options', b'nosniff'), (b'X-XSS-Protection', b'1; mode=block'), (b'Referrer-Policy', b'strict-origin-when-cross-origin'), (b'cf-cache-status', b'DYNAMIC'), (b'Content-Encoding', b'gzip'), (b'Server', b'cloudflare'), (b'CF-RAY', b'9e578987faf74c1d-LAX')])
2026-04-01 05:18:34,900 - httpx - INFO - HTTP Request: POST https://atoms.dev/api/v1/infra/client/oss/buckets/portal-images/objects/download_url "HTTP/1.1 200 OK"
2026-04-01 05:18:34,900 - httpcore.http11 - DEBUG - receive_response_body.started request=<Request [b'POST']>
2026-04-01 05:18:34,901 - httpcore.http11 - DEBUG - receive_response_body.complete
2026-04-01 05:18:34,901 - httpcore.http11 - DEBUG - response_closed.started
2026-04-01 05:18:34,901 - httpcore.http11 - DEBUG - response_closed.complete
2026-04-01 05:18:34,902 - httpcore.connection - DEBUG - close.started
2026-04-01 05:18:34,902 - httpcore.http11 - DEBUG - receive_response_headers.complete return_value=(b'HTTP/1.1', 200, b'OK', [(b'Date', b'Wed, 01 Apr 2026 12:18:34 GMT'), (b'Content-Type', b'application/json; charset=utf-8'), (b'Transfer-Encoding', b'chunked'), (b'Connection', b'keep-alive'), (b'Access-Control-Allow-Headers', b'Origin, Content-Type, Accept, Authorization'), (b'Access-Control-Allow-Methods', b'GET, POST, PUT, DELETE, OPTIONS'), (b'Access-Control-Allow-Origin', b'*'), (b'Access-Control-Max-Age', b'86400'), (b'X-Request-Id', b'ca59dad5dfaf64117f71e8dc9953658a'), (b'X-Trace-Id', b'7e854041d00e4021ac12ea2e5b8c34fd'), (b'Content-Security-Policy', b"frame-ancestors 'self' https://atoms.dev"), (b'Strict-Transport-Security', b'max-age=63072000; includeSubDomains; preload'), (b'X-Content-Type-Options', b'nosniff'), (b'X-XSS-Protection', b'1; mode=block'), (b'Referrer-Policy', b'strict-origin-when-cross-origin'), (b'cf-cache-status', b'DYNAMIC'), (b'Content-Encoding', b'gzip'), (b'Server', b'cloudflare'), (b'CF-RAY', b'9e578987fa6a4d3c-LAX')])
2026-04-01 05:18:34,903 - httpx - INFO - HTTP Request: POST https://atoms.dev/api/v1/infra/client/oss/buckets/portal-images/objects/download_url "HTTP/1.1 200 OK"
2026-04-01 05:18:34,903 - httpcore.http11 - DEBUG - receive_response_body.started request=<Request [b'POST']>
2026-04-01 05:18:34,904 - httpcore.http11 - DEBUG - receive_response_body.complete
2026-04-01 05:18:34,904 - httpcore.http11 - DEBUG - response_closed.started
2026-04-01 05:18:34,904 - httpcore.connection - DEBUG - close.complete
2026-04-01 05:18:34,905 - httpcore.http11 - DEBUG - response_closed.complete
2026-04-01 05:18:34,905 - httpcore.connection - DEBUG - close.started
2026-04-01 05:18:34,906 - httpcore.connection - DEBUG - close.complete
2026-04-01 05:18:34,920 - httpcore.http11 - DEBUG - receive_response_headers.complete return_value=(b'HTTP/1.1', 200, b'OK', [(b'Date', b'Wed, 01 Apr 2026 12:18:34 GMT'), (b'Content-Type', b'application/json; charset=utf-8'), (b'Transfer-Encoding', b'chunked'), (b'Connection', b'keep-alive'), (b'Access-Control-Allow-Headers', b'Origin, Content-Type, Accept, Authorization'), (b'Access-Control-Allow-Methods', b'GET, POST, PUT, DELETE, OPTIONS'), (b'Access-Control-Allow-Origin', b'*'), (b'Access-Control-Max-Age', b'86400'), (b'X-Request-Id', b'b89479cd4a57d653351962f4eb0224c4'), (b'X-Trace-Id', b'03dd8ca394ce406088b0d8db2ca26103'), (b'Content-Security-Policy', b"frame-ancestors 'self' https://atoms.dev"), (b'Strict-Transport-Security', b'max-age=63072000; includeSubDomains; preload'), (b'X-Content-Type-Options', b'nosniff'), (b'X-XSS-Protection', b'1; mode=block'), (b'Referrer-Policy', b'strict-origin-when-cross-origin'), (b'cf-cache-status', b'DYNAMIC'), (b'Content-Encoding', b'gzip'), (b'Server', b'cloudflare'), (b'CF-RAY', b'9e5789880b182aa6-LAX')])
2026-04-01 05:18:34,921 - httpx - INFO - HTTP Request: POST https://atoms.dev/api/v1/infra/client/oss/buckets/portal-images/objects/download_url "HTTP/1.1 200 OK"
2026-04-01 05:18:34,921 - httpcore.http11 - DEBUG - receive_response_body.started request=<Request [b'POST']>
2026-04-01 05:18:34,922 - httpcore.http11 - DEBUG - receive_response_body.complete
2026-04-01 05:18:34,922 - httpcore.http11 - DEBUG - response_closed.started
2026-04-01 05:18:34,922 - httpcore.http11 - DEBUG - response_closed.complete
2026-04-01 05:18:34,922 - httpcore.connection - DEBUG - close.started
2026-04-01 05:18:34,923 - httpcore.connection - DEBUG - close.complete
2026-04-01 05:18:39,755 - core.database - DEBUG - [DB_OP] Starting get_db session creation
2026-04-01 05:18:39,756 - core.database - DEBUG - [DB_OP] Database session created successfully in 0.0005s
2026-04-01 05:18:39,756 - routers.food_categories - DEBUG - Querying food_categoriess: query=None, sort=sort_order, skip=0, limit=50, fields=None
2026-04-01 05:18:39,761 - core.database - DEBUG - [DB_OP] Starting get_db session creation
2026-04-01 05:18:39,762 - core.database - DEBUG - [DB_OP] Database session created successfully in 0.0009s
2026-04-01 05:18:39,762 - routers.food_items - DEBUG - Querying food_itemss: query=None, sort=sort_order, skip=0, limit=200, fields=None
2026-04-01 05:18:39,767 - core.database - DEBUG - [DB_OP] Starting get_db session creation
2026-04-01 05:18:39,767 - core.database - DEBUG - [DB_OP] Database session created successfully in 0.0002s
2026-04-01 05:18:39,767 - routers.announcements - DEBUG - Querying announcementss: query={"active":true,"status":"approved"}, sort=-created_at, skip=0, limit=50, fields=None
2026-04-01 05:18:39,775 - core.database - DEBUG - [DB_OP] Starting get_db session creation
2026-04-01 05:18:39,775 - core.database - DEBUG - [DB_OP] Database session created successfully in 0.0002s
2026-04-01 05:18:39,775 - routers.masters - DEBUG - Querying masterss: query=None, sort=-rating, skip=0, limit=50, fields=None
2026-04-01 05:18:40,258 - routers.food_categories - DEBUG - Found 6 food_categoriess
2026-04-01 05:18:40,259 - core.database - DEBUG - [DB_OP] Database session cleanup after 0.5034s
2026-04-01 05:18:40,276 - routers.announcements - DEBUG - Found 1 announcementss
2026-04-01 05:18:40,277 - core.database - DEBUG - [DB_OP] Database session cleanup after 0.5099s
2026-04-01 05:18:40,281 - routers.masters - DEBUG - Found 8 masterss
2026-04-01 05:18:40,282 - core.database - DEBUG - [DB_OP] Database session cleanup after 0.5077s
2026-04-01 05:18:40,315 - routers.food_items - DEBUG - Found 13 food_itemss
2026-04-01 05:18:40,316 - core.database - DEBUG - [DB_OP] Database session cleanup after 0.5549s
2026-04-01 05:18:42,738 - core.database - DEBUG - [DB_OP] Starting get_db session creation
2026-04-01 05:18:42,738 - core.database - DEBUG - [DB_OP] Database session created successfully in 0.0005s
2026-04-01 05:18:42,739 - routers.complaints - DEBUG - Querying complaintss: query=None, sort=-created_at, skip=0, limit=50, fields=None
2026-04-01 05:18:42,752 - core.database - DEBUG - [DB_OP] Starting get_db session creation
2026-04-01 05:18:42,752 - core.database - DEBUG - [DB_OP] Database session created successfully in 0.0006s
2026-04-01 05:18:42,753 - routers.news - DEBUG - Querying newss: query={"published":true}, sort=-created_at, skip=0, limit=50, fields=None
2026-04-01 05:18:42,754 - core.database - DEBUG - [DB_OP] Starting get_db session creation
2026-04-01 05:18:42,755 - core.database - DEBUG - [DB_OP] Database session created successfully in 0.0003s
2026-04-01 05:18:42,755 - routers.jobs - DEBUG - Querying jobss: query={"active":true}, sort=-created_at, skip=0, limit=50, fields=None
2026-04-01 05:18:43,196 - routers.news - DEBUG - Found 10 newss
2026-04-01 05:18:43,197 - core.database - DEBUG - [DB_OP] Database session cleanup after 0.4453s
2026-04-01 05:18:43,261 - routers.jobs - DEBUG - Found 5 jobss
2026-04-01 05:18:43,262 - core.database - DEBUG - [DB_OP] Database session cleanup after 0.5079s
2026-04-01 05:18:43,314 - routers.complaints - DEBUG - Found 12 complaintss
2026-04-01 05:18:43,315 - core.database - DEBUG - [DB_OP] Database session cleanup after 0.5775s
2026-04-01 05:18:45,713 - core.database - DEBUG - [DB_OP] Starting get_db session creation
2026-04-01 05:18:45,713 - core.database - DEBUG - [DB_OP] Database session created successfully in 0.0004s
2026-04-01 05:18:45,714 - routers.inspectors - DEBUG - Querying inspectorss: query=None, sort=precinct_number, skip=0, limit=100, fields=None
2026-04-01 05:18:46,228 - routers.inspectors - DEBUG - Found 1 inspectorss
2026-04-01 05:18:46,229 - core.database - DEBUG - [DB_OP] Database session cleanup after 0.5158s
2026-04-01 05:24:19,909 - core.database - DEBUG - [DB_OP] Starting get_db session creation
2026-04-01 05:24:19,910 - core.database - DEBUG - [DB_OP] Database session created successfully in 0.0007s
2026-04-01 05:24:19,910 - routers.categories - DEBUG - Querying categoriess: query=None, sort=None, skip=0, limit=1, fields=None
2026-04-01 05:24:21,276 - routers.categories - DEBUG - Found 45 categoriess
2026-04-01 05:24:21,277 - core.database - DEBUG - [DB_OP] Database session cleanup after 1.3680s
2026-04-01 05:24:21,622 - core.database - DEBUG - [DB_OP] Starting get_db session creation
2026-04-01 05:24:21,623 - core.database - DEBUG - [DB_OP] Database session created successfully in 0.0007s
2026-04-01 05:24:21,623 - routers.complaints - DEBUG - Querying complaintss: query=None, sort=-created_at, skip=0, limit=3, fields=None
2026-04-01 05:24:21,633 - core.database - DEBUG - [DB_OP] Starting get_db session creation
2026-04-01 05:24:21,634 - core.database - DEBUG - [DB_OP] Database session created successfully in 0.0007s
2026-04-01 05:24:21,634 - routers.jobs - DEBUG - Querying jobss: query={"active":true}, sort=-created_at, skip=0, limit=3, fields=None
2026-04-01 05:24:21,638 - core.database - DEBUG - [DB_OP] Starting get_db session creation
2026-04-01 05:24:21,639 - core.database - DEBUG - [DB_OP] Database session created successfully in 0.0004s
2026-04-01 05:24:21,639 - routers.news - DEBUG - Querying newss: query={"published":true}, sort=-created_at, skip=0, limit=6, fields=None
2026-04-01 05:24:22,402 - routers.complaints - DEBUG - Found 12 complaintss
2026-04-01 05:24:22,403 - core.database - DEBUG - [DB_OP] Database session cleanup after 0.7811s
2026-04-01 05:24:22,471 - routers.jobs - DEBUG - Found 5 jobss
2026-04-01 05:24:22,472 - core.database - DEBUG - [DB_OP] Database session cleanup after 0.8388s
2026-04-01 05:24:22,473 - routers.news - DEBUG - Found 10 newss
2026-04-01 05:24:22,473 - core.database - DEBUG - [DB_OP] Database session cleanup after 0.8349s
2026-04-01 05:24:22,952 - core.database - DEBUG - [DB_OP] Starting get_db session creation
2026-04-01 05:24:22,952 - core.database - DEBUG - [DB_OP] Database session created successfully in 0.0006s
2026-04-01 05:24:22,953 - routers.banners - DEBUG - Querying bannerss: query={"active":true}, sort=None, skip=0, limit=4, fields=None
2026-04-01 05:24:22,955 - core.database - DEBUG - [DB_OP] Starting get_db session creation
2026-04-01 05:24:22,955 - core.database - DEBUG - [DB_OP] Database session created successfully in 0.0002s
2026-04-01 05:24:22,955 - routers.homepage_stats - DEBUG - Querying homepage_statss: query=None, sort=None, skip=0, limit=1, fields=None
2026-04-01 05:24:23,545 - routers.homepage_stats - DEBUG - Found 1 homepage_statss
2026-04-01 05:24:23,546 - core.database - DEBUG - [DB_OP] Database session cleanup after 0.5912s
2026-04-01 05:24:23,704 - routers.banners - DEBUG - Found 2 bannerss
2026-04-01 05:24:23,705 - core.database - DEBUG - [DB_OP] Database session cleanup after 0.7536s
2026-04-01 05:24:24,150 - httpcore.connection - DEBUG - connect_tcp.started host='atoms.dev' port=443 local_address=None timeout=120.0 socket_options=None
2026-04-01 05:24:24,178 - httpcore.connection - DEBUG - connect_tcp.started host='atoms.dev' port=443 local_address=None timeout=120.0 socket_options=None
2026-04-01 05:24:24,207 - httpcore.connection - DEBUG - connect_tcp.started host='atoms.dev' port=443 local_address=None timeout=120.0 socket_options=None
2026-04-01 05:24:24,210 - core.database - DEBUG - [DB_OP] Starting get_db session creation
2026-04-01 05:24:24,210 - core.database - DEBUG - [DB_OP] Database session created successfully in 0.0005s
2026-04-01 05:24:24,211 - routers.masters - DEBUG - Querying masterss: query=None, sort=-rating, skip=0, limit=50, fields=None
2026-04-01 05:24:24,212 - core.database - DEBUG - [DB_OP] Starting get_db session creation
2026-04-01 05:24:24,213 - core.database - DEBUG - [DB_OP] Database session created successfully in 0.0002s
2026-04-01 05:24:24,213 - routers.food_categories - DEBUG - Querying food_categoriess: query=None, sort=sort_order, skip=0, limit=50, fields=None
2026-04-01 05:24:24,214 - httpcore.connection - DEBUG - connect_tcp.complete return_value=<httpcore._backends.anyio.AnyIOStream object at 0x7f496992b700>
2026-04-01 05:24:24,214 - httpcore.connection - DEBUG - start_tls.started ssl_context=<ssl.SSLContext object at 0x7f496c67e2c0> server_hostname='atoms.dev' timeout=120.0
2026-04-01 05:24:24,214 - httpcore.connection - DEBUG - connect_tcp.complete return_value=<httpcore._backends.anyio.AnyIOStream object at 0x7f49708ba2c0>
2026-04-01 05:24:24,215 - httpcore.connection - DEBUG - start_tls.started ssl_context=<ssl.SSLContext object at 0x7f496998b340> server_hostname='atoms.dev' timeout=120.0
2026-04-01 05:24:24,223 - httpcore.connection - DEBUG - start_tls.complete return_value=<httpcore._backends.anyio.AnyIOStream object at 0x7f49708b9de0>
2026-04-01 05:24:24,227 - httpcore.http11 - DEBUG - send_request_headers.started request=<Request [b'POST']>
2026-04-01 05:24:24,228 - httpcore.connection - DEBUG - start_tls.complete return_value=<httpcore._backends.anyio.AnyIOStream object at 0x7f49708b8700>
2026-04-01 05:24:24,228 - httpcore.http11 - DEBUG - send_request_headers.complete
2026-04-01 05:24:24,228 - httpcore.http11 - DEBUG - send_request_body.started request=<Request [b'POST']>
2026-04-01 05:24:24,229 - httpcore.http11 - DEBUG - send_request_headers.started request=<Request [b'POST']>
2026-04-01 05:24:24,229 - httpcore.http11 - DEBUG - send_request_body.complete
2026-04-01 05:24:24,229 - httpcore.http11 - DEBUG - receive_response_headers.started request=<Request [b'POST']>
2026-04-01 05:24:24,230 - httpcore.http11 - DEBUG - send_request_headers.complete
2026-04-01 05:24:24,230 - httpcore.http11 - DEBUG - send_request_body.started request=<Request [b'POST']>
2026-04-01 05:24:24,231 - httpcore.http11 - DEBUG - send_request_body.complete
2026-04-01 05:24:24,231 - httpcore.http11 - DEBUG - receive_response_headers.started request=<Request [b'POST']>
2026-04-01 05:24:24,259 - httpcore.http11 - DEBUG - receive_response_headers.complete return_value=(b'HTTP/1.1', 200, b'OK', [(b'Date', b'Wed, 01 Apr 2026 12:24:24 GMT'), (b'Content-Type', b'application/json; charset=utf-8'), (b'Transfer-Encoding', b'chunked'), (b'Connection', b'keep-alive'), (b'Access-Control-Allow-Headers', b'Origin, Content-Type, Accept, Authorization'), (b'Access-Control-Allow-Methods', b'GET, POST, PUT, DELETE, OPTIONS'), (b'Access-Control-Allow-Origin', b'*'), (b'Access-Control-Max-Age', b'86400'), (b'X-Request-Id', b'18f737d1ef0b06017764328b9103e46f'), (b'X-Trace-Id', b'181c55ba9dbc4549b5cac21b44cd95b8'), (b'Content-Security-Policy', b"frame-ancestors 'self' https://atoms.dev"), (b'Strict-Transport-Security', b'max-age=63072000; includeSubDomains; preload'), (b'X-Content-Type-Options', b'nosniff'), (b'X-XSS-Protection', b'1; mode=block'), (b'Referrer-Policy', b'strict-origin-when-cross-origin'), (b'cf-cache-status', b'DYNAMIC'), (b'Content-Encoding', b'gzip'), (b'Server', b'cloudflare'), (b'CF-RAY', b'9e57920f6da208b0-LAX')])
2026-04-01 05:24:24,260 - httpx - INFO - HTTP Request: POST https://atoms.dev/api/v1/infra/client/oss/buckets/portal-images/objects/download_url "HTTP/1.1 200 OK"
2026-04-01 05:24:24,260 - httpcore.http11 - DEBUG - receive_response_body.started request=<Request [b'POST']>
2026-04-01 05:24:24,260 - httpcore.http11 - DEBUG - receive_response_body.complete
2026-04-01 05:24:24,261 - httpcore.http11 - DEBUG - response_closed.started
2026-04-01 05:24:24,261 - httpcore.http11 - DEBUG - response_closed.complete
2026-04-01 05:24:24,261 - httpcore.connection - DEBUG - close.started
2026-04-01 05:24:24,262 - httpcore.connection - DEBUG - close.complete
2026-04-01 05:24:24,265 - httpcore.http11 - DEBUG - receive_response_headers.complete return_value=(b'HTTP/1.1', 200, b'OK', [(b'Date', b'Wed, 01 Apr 2026 12:24:24 GMT'), (b'Content-Type', b'application/json; charset=utf-8'), (b'Transfer-Encoding', b'chunked'), (b'Connection', b'keep-alive'), (b'Access-Control-Allow-Headers', b'Origin, Content-Type, Accept, Authorization'), (b'Access-Control-Allow-Methods', b'GET, POST, PUT, DELETE, OPTIONS'), (b'Access-Control-Allow-Origin', b'*'), (b'Access-Control-Max-Age', b'86400'), (b'X-Request-Id', b'71dad702376eaa1a69db8695ca3447f8'), (b'X-Trace-Id', b'38e8c6431d0f41708133aaf0a354ed8b'), (b'Content-Security-Policy', b"frame-ancestors 'self' https://atoms.dev"), (b'Strict-Transport-Security', b'max-age=63072000; includeSubDomains; preload'), (b'X-Content-Type-Options', b'nosniff'), (b'X-XSS-Protection', b'1; mode=block'), (b'Referrer-Policy', b'strict-origin-when-cross-origin'), (b'cf-cache-status', b'DYNAMIC'), (b'Content-Encoding', b'gzip'), (b'Server', b'cloudflare'), (b'CF-RAY', b'9e57920f7a8608f4-LAX')])
2026-04-01 05:24:24,266 - httpx - INFO - HTTP Request: POST https://atoms.dev/api/v1/infra/client/oss/buckets/portal-images/objects/download_url "HTTP/1.1 200 OK"
2026-04-01 05:24:24,266 - httpcore.http11 - DEBUG - receive_response_body.started request=<Request [b'POST']>
2026-04-01 05:24:24,266 - httpcore.http11 - DEBUG - receive_response_body.complete
2026-04-01 05:24:24,266 - httpcore.http11 - DEBUG - response_closed.started
2026-04-01 05:24:24,267 - httpcore.http11 - DEBUG - response_closed.complete
2026-04-01 05:24:24,268 - httpcore.connection - DEBUG - close.started
2026-04-01 05:24:24,268 - httpcore.connection - DEBUG - close.complete
2026-04-01 05:24:24,365 - httpcore.connection - DEBUG - connect_tcp.complete return_value=<httpcore._backends.anyio.AnyIOStream object at 0x7f49708dbeb0>
2026-04-01 05:24:24,366 - httpcore.connection - DEBUG - start_tls.started ssl_context=<ssl.SSLContext object at 0x7f496998acc0> server_hostname='atoms.dev' timeout=120.0
2026-04-01 05:24:24,374 - httpcore.connection - DEBUG - start_tls.complete return_value=<httpcore._backends.anyio.AnyIOStream object at 0x7f496992bfa0>
2026-04-01 05:24:24,375 - httpcore.http11 - DEBUG - send_request_headers.started request=<Request [b'POST']>
2026-04-01 05:24:24,375 - httpcore.http11 - DEBUG - send_request_headers.complete
2026-04-01 05:24:24,376 - httpcore.http11 - DEBUG - send_request_body.started request=<Request [b'POST']>
2026-04-01 05:24:24,376 - httpcore.http11 - DEBUG - send_request_body.complete
2026-04-01 05:24:24,376 - httpcore.http11 - DEBUG - receive_response_headers.started request=<Request [b'POST']>
2026-04-01 05:24:24,406 - httpcore.http11 - DEBUG - receive_response_headers.complete return_value=(b'HTTP/1.1', 200, b'OK', [(b'Date', b'Wed, 01 Apr 2026 12:24:24 GMT'), (b'Content-Type', b'application/json; charset=utf-8'), (b'Transfer-Encoding', b'chunked'), (b'Connection', b'keep-alive'), (b'Access-Control-Allow-Headers', b'Origin, Content-Type, Accept, Authorization'), (b'Access-Control-Allow-Methods', b'GET, POST, PUT, DELETE, OPTIONS'), (b'Access-Control-Allow-Origin', b'*'), (b'Access-Control-Max-Age', b'86400'), (b'X-Request-Id', b'64dee9185d5f8b47cb41d4ea716871da'), (b'X-Trace-Id', b'a1594a86043e4db9b8805e08a25c58b4'), (b'Content-Security-Policy', b"frame-ancestors 'self' https://atoms.dev"), (b'Strict-Transport-Security', b'max-age=63072000; includeSubDomains; preload'), (b'X-Content-Type-Options', b'nosniff'), (b'X-XSS-Protection', b'1; mode=block'), (b'Referrer-Policy', b'strict-origin-when-cross-origin'), (b'cf-cache-status', b'DYNAMIC'), (b'Content-Encoding', b'gzip'), (b'Server', b'cloudflare'), (b'CF-RAY', b'9e5792105eb49dfc-LAX')])
2026-04-01 05:24:24,407 - httpx - INFO - HTTP Request: POST https://atoms.dev/api/v1/infra/client/oss/buckets/portal-images/objects/download_url "HTTP/1.1 200 OK"
2026-04-01 05:24:24,407 - httpcore.http11 - DEBUG - receive_response_body.started request=<Request [b'POST']>
2026-04-01 05:24:24,408 - httpcore.http11 - DEBUG - receive_response_body.complete
2026-04-01 05:24:24,410 - httpcore.http11 - DEBUG - response_closed.started
2026-04-01 05:24:24,410 - httpcore.http11 - DEBUG - response_closed.complete
2026-04-01 05:24:24,411 - httpcore.connection - DEBUG - close.started
2026-04-01 05:24:24,411 - httpcore.connection - DEBUG - close.complete
2026-04-01 05:24:24,477 - core.database - DEBUG - [DB_OP] Starting get_db session creation
2026-04-01 05:24:24,477 - core.database - DEBUG - [DB_OP] Database session created successfully in 0.0005s
2026-04-01 05:24:24,478 - routers.announcements - DEBUG - Querying announcementss: query={"active":true,"status":"approved"}, sort=-created_at, skip=0, limit=50, fields=None
2026-04-01 05:24:24,487 - core.database - DEBUG - [DB_OP] Starting get_db session creation
2026-04-01 05:24:24,487 - core.database - DEBUG - [DB_OP] Database session created successfully in 0.0004s
2026-04-01 05:24:24,488 - routers.food_items - DEBUG - Querying food_itemss: query=None, sort=sort_order, skip=0, limit=200, fields=None
2026-04-01 05:24:24,790 - routers.food_categories - DEBUG - Found 6 food_categoriess
2026-04-01 05:24:24,791 - core.database - DEBUG - [DB_OP] Database session cleanup after 0.5789s
2026-04-01 05:24:24,793 - routers.masters - DEBUG - Found 8 masterss
2026-04-01 05:24:24,793 - core.database - DEBUG - [DB_OP] Database session cleanup after 0.5836s
2026-04-01 05:24:25,066 - routers.announcements - DEBUG - Found 1 announcementss
2026-04-01 05:24:25,067 - core.database - DEBUG - [DB_OP] Database session cleanup after 0.5901s
2026-04-01 05:24:25,070 - routers.food_items - DEBUG - Found 13 food_itemss
2026-04-01 05:24:25,070 - core.database - DEBUG - [DB_OP] Database session cleanup after 0.5838s
2026-04-01 05:24:27,089 - core.database - DEBUG - [DB_OP] Starting get_db session creation
2026-04-01 05:24:27,089 - core.database - DEBUG - [DB_OP] Database session created successfully in 0.0006s
2026-04-01 05:24:27,090 - routers.jobs - DEBUG - Querying jobss: query={"active":true}, sort=-created_at, skip=0, limit=50, fields=None
2026-04-01 05:24:27,099 - core.database - DEBUG - [DB_OP] Starting get_db session creation
2026-04-01 05:24:27,100 - core.database - DEBUG - [DB_OP] Database session created successfully in 0.0006s
2026-04-01 05:24:27,100 - routers.complaints - DEBUG - Querying complaintss: query=None, sort=-created_at, skip=0, limit=50, fields=None
2026-04-01 05:24:27,102 - core.database - DEBUG - [DB_OP] Starting get_db session creation
2026-04-01 05:24:27,102 - core.database - DEBUG - [DB_OP] Database session created successfully in 0.0002s
2026-04-01 05:24:27,102 - routers.news - DEBUG - Querying newss: query={"published":true}, sort=-created_at, skip=0, limit=50, fields=None
2026-04-01 05:24:27,651 - routers.jobs - DEBUG - Found 5 jobss
2026-04-01 05:24:27,652 - core.database - DEBUG - [DB_OP] Database session cleanup after 0.5630s
2026-04-01 05:24:27,665 - routers.complaints - DEBUG - Found 12 complaintss
2026-04-01 05:24:27,666 - core.database - DEBUG - [DB_OP] Database session cleanup after 0.5668s
2026-04-01 05:24:27,675 - routers.news - DEBUG - Found 10 newss
2026-04-01 05:24:27,676 - core.database - DEBUG - [DB_OP] Database session cleanup after 0.5740s
2026-04-01 05:24:30,109 - core.database - DEBUG - [DB_OP] Starting get_db session creation
2026-04-01 05:24:30,109 - core.database - DEBUG - [DB_OP] Database session created successfully in 0.0006s
2026-04-01 05:24:30,110 - routers.real_estate - DEBUG - Querying real_estates: query=None, sort=-created_at, skip=0, limit=100, fields=None
2026-04-01 05:24:30,629 - routers.real_estate - DEBUG - Found 0 real_estates
2026-04-01 05:24:30,631 - core.database - DEBUG - [DB_OP] Database session cleanup after 0.5222s
2026-04-01 05:27:48,306 - services.database - DEBUG - [DB_OP] Starting database close
2026-04-01 05:27:48,639 - core.database - INFO - Database connection closed and engine disposed
2026-04-01 05:27:48,640 - services.database - INFO - Database connections closed
2026-04-01 05:27:48,640 - services.database - DEBUG - [DB_OP] Database close completed in 0.3336s
