2026-03-23 03:49:48,488 - main - INFO - === Logging system initialized ===
2026-03-23 03:49:48,488 - main - INFO - Log file: logs/app_20260323_034948.log
2026-03-23 03:49:48,488 - main - INFO - Log level: INFO
2026-03-23 03:49:48,488 - main - INFO - Timestamp: 20260323_034948
2026-03-23 03:49:49,126 - main - INFO - Included router: routers.aihub.router
2026-03-23 03:49:49,177 - main - INFO - Included router: routers.announcements.router
2026-03-23 03:49:49,195 - main - INFO - Included router: routers.auth.router
2026-03-23 03:49:49,240 - main - INFO - Included router: routers.banners.router
2026-03-23 03:49:49,339 - main - INFO - Included router: routers.become_master_requests.router
2026-03-23 03:49:49,384 - main - INFO - Included router: routers.categories.router
2026-03-23 03:49:49,431 - main - INFO - Included router: routers.complaints.router
2026-03-23 03:49:49,434 - main - WARNING - Failed to import module 'routers.debug_schema': cannot import name 'async_engine' from 'core.database' (/workspace/app/backend/core/database.py)
2026-03-23 03:49:49,484 - main - INFO - Included router: routers.directory_entries.router
2026-03-23 03:49:49,527 - main - INFO - Included router: routers.food_categories.router
2026-03-23 03:49:49,573 - main - INFO - Included router: routers.food_item_modifiers.router
2026-03-23 03:49:49,624 - main - INFO - Included router: routers.food_items.router
2026-03-23 03:49:49,669 - main - INFO - Included router: routers.food_modifiers.router
2026-03-23 03:49:49,720 - main - INFO - Included router: routers.food_orders.router
2026-03-23 03:49:49,761 - main - INFO - Included router: routers.food_settings.router
2026-03-23 03:49:49,793 - main - INFO - Included router: routers.frontpad.router
2026-03-23 03:49:49,831 - main - INFO - Included router: routers.frontpad_settings.router
2026-03-23 03:49:49,875 - main - INFO - Included router: routers.frontpad_sync_log.router
2026-03-23 03:49:49,878 - main - INFO - Included router: routers.health.router
2026-03-23 03:49:49,930 - main - INFO - Included router: routers.history_events.router
2026-03-23 03:49:50,064 - main - INFO - Included router: routers.homepage_stats.router
2026-03-23 03:49:50,128 - main - INFO - Included router: routers.inspectors.router
2026-03-23 03:49:50,179 - main - INFO - Included router: routers.item_modifier_groups.router
2026-03-23 03:49:50,254 - main - INFO - Included router: routers.jobs.router
2026-03-23 03:49:50,311 - main - INFO - Included router: routers.master_requests.router
2026-03-23 03:49:50,375 - main - INFO - Included router: routers.masters.router
2026-03-23 03:49:50,433 - main - INFO - Included router: routers.modifier_groups.router
2026-03-23 03:49:50,495 - main - INFO - Included router: routers.modifier_options.router
2026-03-23 03:49:50,557 - main - INFO - Included router: routers.news.router
2026-03-23 03:49:50,610 - main - INFO - Included router: routers.question_answers.router
2026-03-23 03:49:50,652 - main - INFO - Included router: routers.questions.router
2026-03-23 03:49:50,802 - main - INFO - Included router: routers.real_estate.router
2026-03-23 03:49:50,827 - main - INFO - Included router: routers.settings.router
2026-03-23 03:49:50,862 - main - INFO - Included router: routers.storage.router
2026-03-23 03:49:50,883 - main - INFO - Included router: routers.telegram.router
2026-03-23 03:49:50,891 - main - INFO - Included router: routers.user.router
2026-03-23 03:49:50,930 - main - INFO - Included router: routers.user_preferences.router
2026-03-23 03:49:50,932 - main - INFO - === Application startup initiated ===
2026-03-23 03:49:50,932 - services.database - INFO - Ignore creating tables
2026-03-23 03:49:50,932 - services.mock_data - INFO - Ignore initialize data
2026-03-23 03:49:50,932 - services.auth - INFO - Ignore initialize admin
2026-03-23 03:49:50,932 - main - INFO - === Application startup completed successfully ===
2026-03-23 03:50:03,568 - services.database - DEBUG - [DB_OP] Starting database close
2026-03-23 03:50:03,569 - services.database - INFO - Database connections closed
2026-03-23 03:50:03,569 - services.database - DEBUG - [DB_OP] Database close completed in 0.0007s
