2026-03-18 08:23:08,809 - main - INFO - === Logging system initialized ===
2026-03-18 08:23:08,809 - main - INFO - Log file: logs/app_20260318_082308.log
2026-03-18 08:23:08,809 - main - INFO - Log level: INFO
2026-03-18 08:23:08,809 - main - INFO - Timestamp: 20260318_082308
2026-03-18 08:23:09,676 - main - INFO - Included router: routers.aihub.router
2026-03-18 08:23:09,741 - main - INFO - Included router: routers.announcements.router
2026-03-18 08:23:09,766 - main - INFO - Included router: routers.auth.router
2026-03-18 08:23:09,833 - main - INFO - Included router: routers.banners.router
2026-03-18 08:23:09,982 - main - INFO - Included router: routers.become_master_requests.router
2026-03-18 08:23:10,034 - main - INFO - Included router: routers.categories.router
2026-03-18 08:23:10,099 - main - INFO - Included router: routers.complaints.router
2026-03-18 08:23:10,101 - main - WARNING - Failed to import module 'routers.debug_schema': cannot import name 'async_engine' from 'core.database' (/workspace/app/backend/core/database.py)
2026-03-18 08:23:10,152 - main - INFO - Included router: routers.directory_entries.router
2026-03-18 08:23:10,155 - main - INFO - Included router: routers.health.router
2026-03-18 08:23:10,212 - main - INFO - Included router: routers.jobs.router
2026-03-18 08:23:10,272 - main - INFO - Included router: routers.master_requests.router
2026-03-18 08:23:10,347 - main - INFO - Included router: routers.masters.router
2026-03-18 08:23:10,410 - main - INFO - Included router: routers.news.router
2026-03-18 08:23:10,463 - main - INFO - Included router: routers.question_answers.router
2026-03-18 08:23:10,519 - main - INFO - Included router: routers.questions.router
2026-03-18 08:23:10,546 - main - INFO - Included router: routers.settings.router
2026-03-18 08:23:10,589 - main - INFO - Included router: routers.storage.router
2026-03-18 08:23:10,623 - main - INFO - Included router: routers.telegram.router
2026-03-18 08:23:10,635 - main - INFO - Included router: routers.user.router
2026-03-18 08:23:10,638 - main - INFO - === Application startup initiated ===
2026-03-18 08:23:10,638 - services.database - INFO - Ignore creating tables
2026-03-18 08:23:10,638 - services.mock_data - INFO - Ignore initialize data
2026-03-18 08:23:10,638 - services.auth - INFO - Ignore initialize admin
2026-03-18 08:23:10,638 - main - INFO - === Application startup completed successfully ===
2026-03-18 08:23:10,739 - services.database - DEBUG - [DB_OP] Starting database close
2026-03-18 08:23:10,740 - services.database - INFO - Database connections closed
2026-03-18 08:23:10,740 - services.database - DEBUG - [DB_OP] Database close completed in 0.0008s
