2026-03-23 09:28:30,798 - main - INFO - === Logging system initialized ===
2026-03-23 09:28:30,798 - main - INFO - Log file: logs/app_20260323_092830.log
2026-03-23 09:28:30,798 - main - INFO - Log level: INFO
2026-03-23 09:28:30,798 - main - INFO - Timestamp: 20260323_092830
2026-03-23 09:28:30,805 - main - INFO - Included router: routers.admin_auth.router
2026-03-23 09:28:31,561 - main - INFO - Included router: routers.aihub.router
2026-03-23 09:28:31,620 - main - INFO - Included router: routers.announcements.router
2026-03-23 09:28:31,639 - main - INFO - Included router: routers.auth.router
2026-03-23 09:28:31,686 - main - INFO - Included router: routers.banners.router
2026-03-23 09:28:31,792 - main - INFO - Included router: routers.become_master_requests.router
2026-03-23 09:28:31,845 - main - INFO - Included router: routers.categories.router
2026-03-23 09:28:31,904 - main - INFO - Included router: routers.complaints.router
2026-03-23 09:28:31,907 - main - WARNING - Failed to import module 'routers.debug_schema': cannot import name 'async_engine' from 'core.database' (/workspace/app/backend/core/database.py)
2026-03-23 09:28:31,960 - main - INFO - Included router: routers.directory_entries.router
2026-03-23 09:28:32,012 - main - INFO - Included router: routers.food_categories.router
2026-03-23 09:28:32,077 - main - INFO - Included router: routers.food_item_modifiers.router
2026-03-23 09:28:32,128 - main - INFO - Included router: routers.food_items.router
2026-03-23 09:28:32,169 - main - INFO - Included router: routers.food_modifiers.router
2026-03-23 09:28:32,215 - main - INFO - Included router: routers.food_orders.router
2026-03-23 09:28:32,256 - main - INFO - Included router: routers.food_settings.router
2026-03-23 09:28:32,295 - main - INFO - Included router: routers.frontpad.router
2026-03-23 09:28:32,336 - main - INFO - Included router: routers.frontpad_settings.router
2026-03-23 09:28:32,377 - main - INFO - Included router: routers.frontpad_sync_log.router
2026-03-23 09:28:32,379 - main - INFO - Included router: routers.health.router
2026-03-23 09:28:32,582 - main - INFO - Included router: routers.history_events.router
2026-03-23 09:28:32,628 - main - INFO - Included router: routers.homepage_stats.router
2026-03-23 09:28:32,681 - main - INFO - Included router: routers.inspectors.router
2026-03-23 09:28:32,718 - main - INFO - Included router: routers.item_modifier_groups.router
2026-03-23 09:28:32,767 - main - INFO - Included router: routers.jobs.router
2026-03-23 09:28:32,809 - main - INFO - Included router: routers.master_requests.router
2026-03-23 09:28:32,859 - main - INFO - Included router: routers.masters.router
2026-03-23 09:28:32,905 - main - INFO - Included router: routers.modifier_groups.router
2026-03-23 09:28:32,951 - main - INFO - Included router: routers.modifier_options.router
2026-03-23 09:28:33,013 - main - INFO - Included router: routers.news.router
2026-03-23 09:28:33,082 - main - INFO - Included router: routers.question_answers.router
2026-03-23 09:28:33,125 - main - INFO - Included router: routers.questions.router
2026-03-23 09:28:33,311 - main - INFO - Included router: routers.real_estate.router
2026-03-23 09:28:33,338 - main - INFO - Included router: routers.settings.router
2026-03-23 09:28:33,385 - main - INFO - Included router: routers.storage.router
2026-03-23 09:28:33,430 - main - INFO - Included router: routers.telegram.router
2026-03-23 09:28:33,451 - main - INFO - Included router: routers.user.router
2026-03-23 09:28:33,519 - main - INFO - Included router: routers.user_preferences.router
2026-03-23 09:28:33,521 - main - INFO - === Application startup initiated ===
2026-03-23 09:28:33,522 - services.database - INFO - Ignore creating tables
2026-03-23 09:28:33,522 - services.mock_data - INFO - Ignore initialize data
2026-03-23 09:28:33,523 - services.auth - INFO - Ignore initialize admin
2026-03-23 09:28:33,523 - services.database - INFO - Ignore creating tables
