2026-03-15 11:01:20,516 - main - INFO - === Logging system initialized ===
2026-03-15 11:01:20,516 - main - INFO - Log file: logs/app_20260315_110120.log
2026-03-15 11:01:20,517 - main - INFO - Log level: INFO
2026-03-15 11:01:20,517 - main - INFO - Timestamp: 20260315_110120
2026-03-15 11:01:21,247 - main - INFO - Included router: routers.aihub.router
2026-03-15 11:01:21,300 - main - INFO - Included router: routers.announcements.router
2026-03-15 11:01:21,319 - main - INFO - Included router: routers.auth.router
2026-03-15 11:01:21,431 - main - INFO - Included router: routers.banners.router
2026-03-15 11:01:21,473 - main - INFO - Included router: routers.become_master_requests.router
2026-03-15 11:01:21,515 - main - INFO - Included router: routers.complaints.router
2026-03-15 11:01:21,518 - main - WARNING - Failed to import module 'routers.debug_schema': cannot import name 'async_engine' from 'core.database' (/workspace/app/backend/core/database.py)
2026-03-15 11:01:21,568 - main - INFO - Included router: routers.directory_entries.router
2026-03-15 11:01:21,570 - main - INFO - Included router: routers.health.router
2026-03-15 11:01:21,627 - main - INFO - Included router: routers.jobs.router
2026-03-15 11:01:21,672 - main - INFO - Included router: routers.master_requests.router
2026-03-15 11:01:21,720 - main - INFO - Included router: routers.masters.router
2026-03-15 11:01:21,766 - main - INFO - Included router: routers.news.router
2026-03-15 11:01:21,802 - main - INFO - Included router: routers.question_answers.router
2026-03-15 11:01:21,841 - main - INFO - Included router: routers.questions.router
2026-03-15 11:01:21,862 - main - INFO - Included router: routers.settings.router
2026-03-15 11:01:21,905 - main - INFO - Included router: routers.storage.router
2026-03-15 11:01:21,930 - main - INFO - Included router: routers.telegram.router
2026-03-15 11:01:21,939 - main - INFO - Included router: routers.user.router
2026-03-15 11:01:21,941 - main - INFO - === Application startup initiated ===
2026-03-15 11:01:21,941 - services.database - DEBUG - [DB_OP] Starting database initialization
2026-03-15 11:01:21,941 - services.database - INFO - 🔧 Starting database initialization...
2026-03-15 11:01:21,942 - core.database - INFO - Starting database initialization...
2026-03-15 11:01:21,942 - core.config - DEBUG - Read dynamic attribute database_url from environment variable DATABASE_URL
2026-03-15 11:01:21,942 - core.database - INFO - Normalizing database URL for async compatibility...
2026-03-15 11:01:21,943 - core.database - INFO - Creating async database engine...
2026-03-15 11:01:21,943 - core.database - INFO - Using QueuePool with connection pooling for non-Lambda environment
2026-03-15 11:01:22,097 - core.database - INFO - Database engine created successfully
2026-03-15 11:01:22,097 - core.database - INFO - Creating async session maker...
2026-03-15 11:01:22,098 - core.database - INFO - Async session maker created successfully
2026-03-15 11:01:22,098 - core.database - INFO - Database connection initialized successfully
2026-03-15 11:01:22,098 - services.database - INFO - 🔧 Database connection initialized, now creating tables if tables not exist...
2026-03-15 11:01:22,098 - core.database - DEBUG - [DB_OP] Starting create_tables
2026-03-15 11:01:22,098 - core.database - INFO - 🔧 Starting table creation...
2026-03-15 11:01:24,007 - core.database - INFO - Tables initialized successfully
2026-03-15 11:01:24,007 - core.database - DEBUG - [DB_OP] Create tables completed in 1.9091s
2026-03-15 11:01:24,066 - services.database - INFO - 🔧 Table creation completed
2026-03-15 11:01:24,066 - services.database - INFO - Database initialized successfully
2026-03-15 11:01:24,067 - services.database - DEBUG - [DB_OP] Database initialization completed in 2.1253s
2026-03-15 11:01:24,067 - services.mock_data - INFO - Processing mock data file announcements.json for table announcements
2026-03-15 11:01:24,068 - services.mock_data - INFO - Processing mock data file banners.json for table banners
2026-03-15 11:01:24,069 - services.mock_data - INFO - Processing mock data file complaints.json for table complaints
2026-03-15 11:01:24,070 - services.mock_data - INFO - Processing mock data file directory_entries.json for table directory_entries
2026-03-15 11:01:24,073 - services.mock_data - INFO - Processing mock data file jobs.json for table jobs
2026-03-15 11:01:26,114 - services.mock_data - INFO - Table announcements already has 8 rows; skipping mock insert
2026-03-15 11:01:26,143 - services.mock_data - INFO - Table complaints already has 6 rows; skipping mock insert
2026-03-15 11:01:26,172 - services.mock_data - INFO - Processing mock data file master_requests.json for table master_requests
2026-03-15 11:01:26,200 - services.mock_data - INFO - Table jobs already has 5 rows; skipping mock insert
2026-03-15 11:01:26,201 - services.mock_data - INFO - Processing mock data file masters.json for table masters
2026-03-15 11:01:26,240 - services.mock_data - INFO - Table directory_entries already has 10 rows; skipping mock insert
2026-03-15 11:01:26,259 - services.mock_data - INFO - Processing mock data file news.json for table news
2026-03-15 11:01:26,299 - services.mock_data - INFO - Processing mock data file question_answers.json for table question_answers
2026-03-15 11:01:26,344 - services.mock_data - INFO - Table banners already has 2 rows; skipping mock insert
2026-03-15 11:01:26,403 - services.mock_data - INFO - Processing mock data file questions.json for table questions
2026-03-15 11:01:27,116 - services.mock_data - INFO - Table master_requests already has 6 rows; skipping mock insert
2026-03-15 11:01:27,198 - services.mock_data - INFO - Table masters already has 8 rows; skipping mock insert
2026-03-15 11:01:27,248 - services.mock_data - INFO - Table news already has 6 rows; skipping mock insert
2026-03-15 11:01:27,329 - services.mock_data - INFO - Table question_answers already has 10 rows; skipping mock insert
2026-03-15 11:01:27,410 - services.mock_data - INFO - Table questions already has 7 rows; skipping mock insert
2026-03-15 11:01:27,469 - services.database - DEBUG - [DB_OP] Starting database initialization
2026-03-15 11:01:27,469 - services.database - INFO - 🔧 Starting database initialization...
2026-03-15 11:01:27,469 - core.database - INFO - Starting database initialization...
2026-03-15 11:01:27,469 - core.database - INFO - Database already initialized
2026-03-15 11:01:27,470 - services.database - INFO - 🔧 Database connection initialized, now creating tables if tables not exist...
2026-03-15 11:01:27,470 - core.database - DEBUG - [DB_OP] Starting create_tables
2026-03-15 11:01:27,470 - core.database - INFO - Tables already initialized
2026-03-15 11:01:27,470 - services.database - INFO - 🔧 Table creation completed
2026-03-15 11:01:27,470 - services.database - INFO - Database initialized successfully
2026-03-15 11:01:27,470 - services.database - DEBUG - [DB_OP] Database initialization completed in 0.0014s
2026-03-15 11:01:27,470 - core.config - DEBUG - Read dynamic attribute admin_user_id from environment variable ADMIN_USER_ID
2026-03-15 11:01:27,470 - core.config - DEBUG - Read dynamic attribute admin_user_email from environment variable ADMIN_USER_EMAIL
2026-03-15 11:01:27,832 - services.auth - DEBUG - Admin user 1029346 already exists
2026-03-15 11:01:27,892 - main - INFO - === Application startup completed successfully ===
2026-03-15 11:01:35,467 - core.database - DEBUG - [DB_OP] Starting get_db session creation
2026-03-15 11:01:35,467 - core.database - DEBUG - [DB_OP] Database session created successfully in 0.0003s
2026-03-15 11:01:35,468 - routers.jobs - DEBUG - Querying jobss: query={"active":true}, sort=-created_at, skip=0, limit=4, fields=None
2026-03-15 11:01:35,472 - core.database - DEBUG - [DB_OP] Starting get_db session creation
2026-03-15 11:01:35,472 - core.database - DEBUG - [DB_OP] Database session created successfully in 0.0002s
2026-03-15 11:01:35,473 - routers.master_requests - DEBUG - Querying master_requestss: query=None, sort=-created_at, skip=0, limit=5, fields=None
2026-03-15 11:01:35,475 - core.database - DEBUG - [DB_OP] Starting get_db session creation
2026-03-15 11:01:35,475 - core.database - DEBUG - [DB_OP] Database session created successfully in 0.0002s
2026-03-15 11:01:35,476 - routers.announcements - DEBUG - Querying announcementss: query={"active":true,"status":"approved"}, sort=-created_at, skip=0, limit=4, fields=None
2026-03-15 11:01:35,478 - core.database - DEBUG - [DB_OP] Starting get_db session creation
2026-03-15 11:01:35,478 - core.database - DEBUG - [DB_OP] Database session created successfully in 0.0002s
2026-03-15 11:01:35,478 - routers.questions - DEBUG - Querying questionss: query=None, sort=-created_at, skip=0, limit=4, fields=None
2026-03-15 11:01:35,481 - core.database - DEBUG - [DB_OP] Starting get_db session creation
2026-03-15 11:01:35,481 - core.database - DEBUG - [DB_OP] Database session created successfully in 0.0001s
2026-03-15 11:01:35,481 - routers.news - DEBUG - Querying newss: query={"published":true}, sort=-created_at, skip=0, limit=4, fields=None
2026-03-15 11:01:35,484 - core.database - DEBUG - [DB_OP] Starting get_db session creation
2026-03-15 11:01:35,484 - core.database - DEBUG - [DB_OP] Database session created successfully in 0.0004s
2026-03-15 11:01:35,485 - routers.complaints - DEBUG - Querying complaintss: query=None, sort=-created_at, skip=0, limit=4, fields=None
2026-03-15 11:01:35,490 - core.database - DEBUG - [DB_OP] Starting get_db session creation
2026-03-15 11:01:35,490 - core.database - DEBUG - [DB_OP] Database session created successfully in 0.0003s
2026-03-15 11:01:35,491 - routers.banners - DEBUG - Querying bannerss: query={"active":true}, sort=None, skip=0, limit=2, fields=None
2026-03-15 11:01:35,495 - core.database - DEBUG - [DB_OP] Starting get_db session creation
2026-03-15 11:01:35,495 - core.database - DEBUG - [DB_OP] Database session created successfully in 0.0002s
2026-03-15 11:01:35,495 - routers.directory_entries - DEBUG - Querying directory_entriess: query=None, sort=None, skip=0, limit=8, fields=None
2026-03-15 11:01:35,995 - routers.jobs - DEBUG - Found 5 jobss
2026-03-15 11:01:35,996 - core.database - DEBUG - [DB_OP] Database session cleanup after 0.5290s
2026-03-15 11:01:35,997 - routers.master_requests - DEBUG - Found 6 master_requestss
2026-03-15 11:01:35,998 - core.database - DEBUG - [DB_OP] Database session cleanup after 0.5253s
2026-03-15 11:01:35,998 - routers.questions - DEBUG - Found 7 questionss
2026-03-15 11:01:35,999 - core.database - DEBUG - [DB_OP] Database session cleanup after 0.5211s
2026-03-15 11:01:36,000 - routers.announcements - DEBUG - Found 1 announcementss
2026-03-15 11:01:36,001 - core.database - DEBUG - [DB_OP] Database session cleanup after 0.5257s
2026-03-15 11:01:36,001 - routers.news - DEBUG - Found 6 newss
2026-03-15 11:01:36,002 - core.database - DEBUG - [DB_OP] Database session cleanup after 0.5209s
2026-03-15 11:01:36,182 - routers.directory_entries - DEBUG - Found 10 directory_entriess
2026-03-15 11:01:36,183 - core.database - DEBUG - [DB_OP] Database session cleanup after 0.6876s
2026-03-15 11:01:36,237 - routers.complaints - DEBUG - Found 6 complaintss
2026-03-15 11:01:36,238 - core.database - DEBUG - [DB_OP] Database session cleanup after 0.7542s
2026-03-15 11:01:36,240 - routers.banners - DEBUG - Found 2 bannerss
2026-03-15 11:01:36,241 - core.database - DEBUG - [DB_OP] Database session cleanup after 0.7507s
2026-03-15 11:01:36,326 - services.database - DEBUG - [DB_OP] Starting database close
2026-03-15 11:01:36,817 - core.database - INFO - Database connection closed and engine disposed
2026-03-15 11:01:36,817 - services.database - INFO - Database connections closed
2026-03-15 11:01:36,817 - services.database - DEBUG - [DB_OP] Database close completed in 0.4909s
