2026-04-02 09:57:37,285 - main - INFO - === Logging system initialized ===
2026-04-02 09:57:37,285 - main - INFO - Log file: logs/app_20260402_095737.log
2026-04-02 09:57:37,286 - main - INFO - Log level: INFO
2026-04-02 09:57:37,286 - main - INFO - Timestamp: 20260402_095737
2026-04-02 09:57:37,292 - main - INFO - Included router: routers.admin_auth.router
2026-04-02 09:57:54,706 - main - INFO - Included router: routers.aihub.router
2026-04-02 09:57:54,852 - main - INFO - Included router: routers.announcements.router
2026-04-02 09:57:55,115 - main - INFO - Included router: routers.auth.router
2026-04-02 09:57:55,228 - main - INFO - Included router: routers.banners.router
2026-04-02 09:57:55,519 - main - INFO - Included router: routers.become_master_requests.router
2026-04-02 09:57:55,641 - main - INFO - Included router: routers.bus_notifications.router
2026-04-02 09:57:55,747 - main - INFO - Included router: routers.bus_routes.router
2026-04-02 09:57:55,992 - main - INFO - Included router: routers.bus_stops.router
2026-04-02 09:57:56,126 - main - INFO - Included router: routers.categories.router
2026-04-02 09:57:56,243 - main - INFO - Included router: routers.complaints.router
2026-04-02 09:57:56,263 - main - INFO - Included router: routers.debug_schema.router
2026-04-02 09:57:56,344 - main - INFO - Included router: routers.directory_entries.router
2026-04-02 09:57:56,417 - main - INFO - Included router: routers.food_categories.router
2026-04-02 09:57:56,493 - main - INFO - Included router: routers.food_item_modifiers.router
2026-04-02 09:57:56,604 - main - INFO - Included router: routers.food_items.router
2026-04-02 09:57:56,746 - main - INFO - Included router: routers.food_modifiers.router
2026-04-02 09:57:56,846 - main - INFO - Included router: routers.food_orders.router
2026-04-02 09:57:57,110 - main - INFO - Included router: routers.food_settings.router
2026-04-02 09:57:57,236 - main - INFO - Included router: routers.frontpad.router
2026-04-02 09:57:57,286 - main - INFO - Included router: routers.frontpad_settings.router
2026-04-02 09:57:57,371 - main - INFO - Included router: routers.frontpad_sync_log.router
2026-04-02 09:57:57,407 - main - INFO - Included router: routers.health.router
2026-04-02 09:57:57,566 - main - INFO - Included router: routers.health_check.router
2026-04-02 09:57:57,654 - main - INFO - Included router: routers.history_events.router
2026-04-02 09:57:57,761 - main - INFO - Included router: routers.homepage_stats.router
2026-04-02 09:57:57,901 - main - INFO - Included router: routers.inspectors.router
2026-04-02 09:57:57,976 - main - INFO - Included router: routers.item_modifier_groups.router
2026-04-02 09:57:58,108 - main - INFO - Included router: routers.jobs.router
2026-04-02 09:57:58,206 - main - INFO - Included router: routers.master_requests.router
2026-04-02 09:57:58,292 - main - INFO - Included router: routers.masters.router
2026-04-02 09:57:58,377 - main - INFO - Included router: routers.modifier_groups.router
2026-04-02 09:57:58,742 - main - INFO - Included router: routers.modifier_options.router
2026-04-02 09:57:58,891 - main - INFO - Included router: routers.news.router
2026-04-02 09:57:58,992 - main - INFO - Included router: routers.question_answers.router
2026-04-02 09:57:59,091 - main - INFO - Included router: routers.questions.router
2026-04-02 09:57:59,194 - main - INFO - Included router: routers.real_estate.router
2026-04-02 09:57:59,241 - main - INFO - Included router: routers.settings.router
2026-04-02 09:57:59,292 - main - INFO - Included router: routers.storage.router
2026-04-02 09:57:59,387 - main - INFO - Included router: routers.telegram.router
2026-04-02 09:57:59,445 - main - INFO - Included router: routers.user.router
2026-04-02 09:57:59,556 - main - INFO - Included router: routers.user_preferences.router
2026-04-02 09:57:59,600 - main - INFO - Included router: routers.weather.router
2026-04-02 09:57:59,602 - main - INFO - === Application startup initiated ===
2026-04-02 09:57:59,602 - services.database - INFO - Ignore creating tables
2026-04-02 09:57:59,602 - services.mock_data - INFO - Ignore initialize data
2026-04-02 09:57:59,603 - services.auth - INFO - Ignore initialize admin
2026-04-02 09:57:59,603 - core.database - WARNING - Database not initialized, attempting lazy initialization...
2026-04-02 09:57:59,603 - core.database - INFO - Starting database initialization...
2026-04-02 09:57:59,603 - core.config - DEBUG - Read dynamic attribute database_url from environment variable DATABASE_URL
2026-04-02 09:57:59,603 - core.database - INFO - Database init attempt 1/5...
2026-04-02 09:57:59,604 - core.database - INFO - Normalized database URL (masked): postgresql+asyncpg://neondb_owner:***@ep-cool-wave-ad8598va.c-2.us-east-1.aws.neon.tech/neondb?ssl=require
2026-04-02 09:57:59,605 - core.database - INFO - Using QueuePool with connection pooling
2026-04-02 09:58:00,991 - core.database - INFO - Database connection initialized successfully
2026-04-02 09:58:00,991 - core.database - DEBUG - [DB_OP] Starting create_tables
2026-04-02 09:58:00,992 - core.database - INFO - 🔧 Table creation attempt 1/3...
2026-04-02 09:58:00,992 - core.database - INFO - 🔧 Starting table structure repair...
2026-04-02 09:58:01,500 - core.database - INFO - 🔧 Repairing 37 existing tables...
2026-04-02 09:58:01,501 - core.database - DEBUG - Checking table structure for: users
2026-04-02 09:58:01,502 - core.database - DEBUG - Checking table structure for: oidc_states
2026-04-02 09:58:01,504 - core.database - DEBUG - Checking table structure for: admin_credentials
2026-04-02 09:58:01,505 - core.database - DEBUG - Checking table structure for: admin_login_attempts
2026-04-02 09:58:01,506 - core.database - DEBUG - Checking table structure for: admin_login_lockouts
2026-04-02 09:58:01,507 - core.database - DEBUG - Checking table structure for: announcements
2026-04-02 09:58:01,508 - core.database - DEBUG - Checking table structure for: banners
2026-04-02 09:58:01,511 - core.database - DEBUG - Checking table structure for: become_master_requests
2026-04-02 09:58:01,512 - core.database - DEBUG - Checking table structure for: bus_notifications
2026-04-02 09:58:01,513 - core.database - DEBUG - Checking table structure for: bus_routes
2026-04-02 09:58:02,249 - core.database - DEBUG - Table users structure is up to date
2026-04-02 09:58:02,249 - core.database - INFO - Table users repaired in 0.75s
2026-04-02 09:58:02,250 - core.database - DEBUG - Checking table structure for: bus_stops
2026-04-02 09:58:02,365 - core.database - DEBUG - Table admin_login_attempts structure is up to date
2026-04-02 09:58:02,365 - core.database - INFO - Table admin_login_attempts repaired in 0.86s
2026-04-02 09:58:02,365 - core.database - DEBUG - Checking table structure for: categories
2026-04-02 09:58:02,455 - core.database - DEBUG - Table become_master_requests structure is up to date
2026-04-02 09:58:02,455 - core.database - INFO - Table become_master_requests repaired in 0.94s
2026-04-02 09:58:02,455 - core.database - DEBUG - Checking table structure for: complaints
2026-04-02 09:58:02,456 - core.database - DEBUG - Table admin_credentials structure is up to date
2026-04-02 09:58:02,456 - core.database - INFO - Table admin_credentials repaired in 0.95s
2026-04-02 09:58:02,457 - core.database - DEBUG - Table banners structure is up to date
2026-04-02 09:58:02,457 - core.database - INFO - Table banners repaired in 0.95s
2026-04-02 09:58:02,458 - core.database - DEBUG - Checking table structure for: directory_entries
2026-04-02 09:58:02,458 - core.database - DEBUG - Checking table structure for: food_categories
2026-04-02 09:58:02,458 - core.database - DEBUG - Table bus_notifications structure is up to date
2026-04-02 09:58:02,459 - core.database - INFO - Table bus_notifications repaired in 0.95s
2026-04-02 09:58:02,459 - core.database - DEBUG - Checking table structure for: food_item_modifiers
2026-04-02 09:58:02,459 - core.database - DEBUG - Table oidc_states structure is up to date
2026-04-02 09:58:02,460 - core.database - INFO - Table oidc_states repaired in 0.96s
2026-04-02 09:58:02,460 - core.database - DEBUG - Checking table structure for: food_items
2026-04-02 09:58:02,460 - core.database - DEBUG - Table admin_login_lockouts structure is up to date
2026-04-02 09:58:02,460 - core.database - INFO - Table admin_login_lockouts repaired in 0.95s
2026-04-02 09:58:02,461 - core.database - DEBUG - Checking table structure for: food_modifiers
2026-04-02 09:58:02,468 - core.database - DEBUG - Table bus_routes structure is up to date
2026-04-02 09:58:02,469 - core.database - INFO - Table bus_routes repaired in 0.96s
2026-04-02 09:58:02,469 - core.database - DEBUG - Checking table structure for: food_orders
2026-04-02 09:58:02,470 - core.database - DEBUG - Table announcements structure is up to date
2026-04-02 09:58:02,470 - core.database - INFO - Table announcements repaired in 0.96s
2026-04-02 09:58:02,470 - core.database - DEBUG - Checking table structure for: food_settings
2026-04-02 09:58:02,634 - core.database - DEBUG - Table bus_stops structure is up to date
2026-04-02 09:58:02,634 - core.database - INFO - Table bus_stops repaired in 1.12s
2026-04-02 09:58:02,634 - core.database - DEBUG - Checking table structure for: frontpad_settings
2026-04-02 09:58:02,806 - core.database - DEBUG - Table categories structure is up to date
2026-04-02 09:58:02,807 - core.database - INFO - Table categories repaired in 1.29s
2026-04-02 09:58:02,807 - core.database - DEBUG - Checking table structure for: frontpad_sync_log
2026-04-02 09:58:02,894 - core.database - DEBUG - Table complaints structure is up to date
2026-04-02 09:58:02,894 - core.database - INFO - Table complaints repaired in 1.38s
2026-04-02 09:58:02,895 - core.database - DEBUG - Checking table structure for: health_check
2026-04-02 09:58:02,895 - core.database - DEBUG - Table food_categories structure is up to date
2026-04-02 09:58:02,896 - core.database - INFO - Table food_categories repaired in 1.38s
2026-04-02 09:58:02,896 - core.database - DEBUG - Checking table structure for: history_events
2026-04-02 09:58:02,898 - core.database - DEBUG - Table directory_entries structure is up to date
2026-04-02 09:58:02,898 - core.database - INFO - Table directory_entries repaired in 1.38s
2026-04-02 09:58:02,899 - core.database - DEBUG - Checking table structure for: homepage_stats
2026-04-02 09:58:02,899 - core.database - DEBUG - Table food_item_modifiers structure is up to date
2026-04-02 09:58:02,900 - core.database - INFO - Table food_item_modifiers repaired in 1.39s
2026-04-02 09:58:02,900 - core.database - DEBUG - Table food_items structure is up to date
2026-04-02 09:58:02,900 - core.database - INFO - Table food_items repaired in 1.39s
2026-04-02 09:58:02,900 - core.database - DEBUG - Checking table structure for: inspectors
2026-04-02 09:58:02,900 - core.database - DEBUG - Checking table structure for: item_modifier_groups
2026-04-02 09:58:02,904 - core.database - DEBUG - Table food_modifiers structure is up to date
2026-04-02 09:58:02,905 - core.database - INFO - Table food_modifiers repaired in 1.39s
2026-04-02 09:58:02,905 - core.database - DEBUG - Checking table structure for: jobs
2026-04-02 09:58:02,916 - core.database - DEBUG - Table food_settings structure is up to date
2026-04-02 09:58:02,917 - core.database - INFO - Table food_settings repaired in 1.40s
2026-04-02 09:58:02,917 - core.database - DEBUG - Checking table structure for: master_requests
2026-04-02 09:58:02,918 - core.database - DEBUG - Table food_orders structure is up to date
2026-04-02 09:58:02,918 - core.database - INFO - Table food_orders repaired in 1.40s
2026-04-02 09:58:02,918 - core.database - DEBUG - Checking table structure for: masters
2026-04-02 09:58:03,015 - core.database - DEBUG - Table frontpad_settings structure is up to date
2026-04-02 09:58:03,016 - core.database - INFO - Table frontpad_settings repaired in 1.50s
2026-04-02 09:58:03,016 - core.database - DEBUG - Checking table structure for: modifier_groups
2026-04-02 09:58:03,246 - core.database - DEBUG - Table frontpad_sync_log structure is up to date
2026-04-02 09:58:03,247 - core.database - INFO - Table frontpad_sync_log repaired in 1.73s
2026-04-02 09:58:03,247 - core.database - DEBUG - Checking table structure for: modifier_options
2026-04-02 09:58:03,271 - core.database - DEBUG - Table health_check structure is up to date
2026-04-02 09:58:03,272 - core.database - INFO - Table health_check repaired in 1.76s
2026-04-02 09:58:03,272 - core.database - DEBUG - Checking table structure for: news
2026-04-02 09:58:03,277 - core.database - DEBUG - Table homepage_stats structure is up to date
2026-04-02 09:58:03,278 - core.database - INFO - Table homepage_stats repaired in 1.76s
2026-04-02 09:58:03,278 - core.database - DEBUG - Checking table structure for: question_answers
2026-04-02 09:58:03,278 - core.database - DEBUG - Table item_modifier_groups structure is up to date
2026-04-02 09:58:03,279 - core.database - INFO - Table item_modifier_groups repaired in 1.76s
2026-04-02 09:58:03,279 - core.database - DEBUG - Checking table structure for: questions
2026-04-02 09:58:03,303 - core.database - DEBUG - Table masters structure is up to date
2026-04-02 09:58:03,304 - core.database - INFO - Table masters repaired in 1.79s
2026-04-02 09:58:03,304 - core.database - DEBUG - Checking table structure for: real_estate
2026-04-02 09:58:03,333 - core.database - DEBUG - Table history_events structure is up to date
2026-04-02 09:58:03,334 - core.database - INFO - Table history_events repaired in 1.82s
2026-04-02 09:58:03,334 - core.database - DEBUG - Checking table structure for: user_preferences
2026-04-02 09:58:03,339 - core.database - DEBUG - Table inspectors structure is up to date
2026-04-02 09:58:03,340 - core.database - INFO - Table inspectors repaired in 1.83s
2026-04-02 09:58:03,348 - core.database - DEBUG - Table jobs structure is up to date
2026-04-02 09:58:03,348 - core.database - INFO - Table jobs repaired in 1.83s
2026-04-02 09:58:03,367 - core.database - DEBUG - Table master_requests structure is up to date
2026-04-02 09:58:03,367 - core.database - INFO - Table master_requests repaired in 1.85s
2026-04-02 09:58:03,459 - core.database - DEBUG - Table modifier_groups structure is up to date
2026-04-02 09:58:03,460 - core.database - INFO - Table modifier_groups repaired in 1.95s
2026-04-02 09:58:03,626 - core.database - DEBUG - Table modifier_options structure is up to date
2026-04-02 09:58:03,626 - core.database - INFO - Table modifier_options repaired in 2.11s
2026-04-02 09:58:03,717 - core.database - DEBUG - Table news structure is up to date
2026-04-02 09:58:03,717 - core.database - INFO - Table news repaired in 2.20s
2026-04-02 09:58:03,720 - core.database - DEBUG - Table questions structure is up to date
2026-04-02 09:58:03,720 - core.database - INFO - Table questions repaired in 2.21s
2026-04-02 09:58:03,727 - core.database - DEBUG - Table question_answers structure is up to date
2026-04-02 09:58:03,727 - core.database - INFO - Table question_answers repaired in 2.21s
2026-04-02 09:58:03,754 - core.database - DEBUG - Table real_estate structure is up to date
2026-04-02 09:58:03,754 - core.database - INFO - Table real_estate repaired in 2.24s
2026-04-02 09:58:03,780 - core.database - DEBUG - Table user_preferences structure is up to date
2026-04-02 09:58:03,780 - core.database - INFO - Table user_preferences repaired in 2.27s
2026-04-02 09:58:03,780 - core.database - INFO - 🔧 Table structure repair completed in 2.7882s
2026-04-02 09:58:03,781 - core.database - INFO - 🔧 Table structure repair completed
2026-04-02 09:58:03,781 - core.database - INFO - 🔧 Starting table creation...
2026-04-02 09:58:06,422 - core.database - INFO - Tables initialized successfully
2026-04-02 09:58:06,423 - core.database - DEBUG - [DB_OP] Create tables completed in 5.4313s
2026-04-02 09:58:06,486 - core.database - INFO - Lazy database initialization completed successfully
2026-04-02 09:58:07,311 - routers.admin_auth - INFO - [Admin Auth] Pre-computed 3 alternative password hashes for 'admin' account
2026-04-02 09:58:08,196 - routers.admin_auth - INFO - [Admin Auth] Admin credentials updated (username: admin)
2026-04-02 09:58:08,581 - routers.admin_auth - DEBUG - [Admin Auth] Legacy admin credentials already exist
2026-04-02 09:58:08,646 - core.config - DEBUG - Read dynamic attribute oss_service_url from environment variable OSS_SERVICE_URL
2026-04-02 09:58:08,646 - core.config - DEBUG - Read dynamic attribute oss_api_key from environment variable OSS_API_KEY
2026-04-02 09:58:10,505 - httpcore.connection - DEBUG - connect_tcp.started host='atoms.dev' port=443 local_address=None timeout=120.0 socket_options=None
2026-04-02 09:58:10,520 - httpcore.connection - DEBUG - connect_tcp.complete return_value=<httpcore._backends.anyio.AnyIOStream object at 0x7fd12a246320>
2026-04-02 09:58:10,521 - httpcore.connection - DEBUG - start_tls.started ssl_context=<ssl.SSLContext object at 0x7fd12c4e7940> server_hostname='atoms.dev' timeout=120.0
2026-04-02 09:58:10,529 - httpcore.connection - DEBUG - start_tls.complete return_value=<httpcore._backends.anyio.AnyIOStream object at 0x7fd12a245210>
2026-04-02 09:58:10,530 - httpcore.http11 - DEBUG - send_request_headers.started request=<Request [b'GET']>
2026-04-02 09:58:10,530 - httpcore.http11 - DEBUG - send_request_headers.complete
2026-04-02 09:58:10,531 - httpcore.http11 - DEBUG - send_request_body.started request=<Request [b'GET']>
2026-04-02 09:58:10,531 - httpcore.http11 - DEBUG - send_request_body.complete
2026-04-02 09:58:10,531 - httpcore.http11 - DEBUG - receive_response_headers.started request=<Request [b'GET']>
2026-04-02 09:58:10,574 - httpcore.http11 - DEBUG - receive_response_headers.complete return_value=(b'HTTP/1.1', 200, b'OK', [(b'Date', b'Thu, 02 Apr 2026 16:58:10 GMT'), (b'Content-Type', b'application/json; charset=utf-8'), (b'Transfer-Encoding', b'chunked'), (b'Connection', b'keep-alive'), (b'Access-Control-Allow-Headers', b'Origin, Content-Type, Accept, Authorization'), (b'Access-Control-Allow-Methods', b'GET, POST, PUT, DELETE, OPTIONS'), (b'Access-Control-Allow-Origin', b'*'), (b'Access-Control-Max-Age', b'86400'), (b'X-Request-Id', b'6aa790402d7bef0f79c483c47d616eb2'), (b'X-Trace-Id', b'a5f8c9d6e1c94e1caf2e95f5e117a2b0'), (b'Content-Security-Policy', b"frame-ancestors 'self' https://atoms.dev"), (b'Strict-Transport-Security', b'max-age=63072000; includeSubDomains; preload'), (b'X-Content-Type-Options', b'nosniff'), (b'X-XSS-Protection', b'1; mode=block'), (b'Referrer-Policy', b'strict-origin-when-cross-origin'), (b'cf-cache-status', b'DYNAMIC'), (b'Content-Encoding', b'gzip'), (b'Server', b'cloudflare'), (b'CF-RAY', b'9e616077dbab8e47-LAX')])
2026-04-02 09:58:10,575 - httpx - INFO - HTTP Request: GET https://atoms.dev/api/v1/infra/client/oss/buckets "HTTP/1.1 200 OK"
2026-04-02 09:58:10,575 - httpcore.http11 - DEBUG - receive_response_body.started request=<Request [b'GET']>
2026-04-02 09:58:10,576 - httpcore.http11 - DEBUG - receive_response_body.complete
2026-04-02 09:58:10,576 - httpcore.http11 - DEBUG - response_closed.started
2026-04-02 09:58:10,576 - httpcore.http11 - DEBUG - response_closed.complete
2026-04-02 09:58:10,577 - httpcore.connection - DEBUG - close.started
2026-04-02 09:58:10,577 - httpcore.connection - DEBUG - close.complete
2026-04-02 09:58:10,578 - services.bucket_init - INFO - Bucket 'portal-images' already exists
2026-04-02 09:58:10,578 - main - INFO - === Application startup completed ===
2026-04-02 09:58:20,415 - services.database - DEBUG - [DB_OP] Starting database close
2026-04-02 09:58:20,744 - core.database - INFO - Database connection closed and engine disposed
2026-04-02 09:58:20,745 - services.database - INFO - Database connections closed
2026-04-02 09:58:20,746 - services.database - DEBUG - [DB_OP] Database close completed in 0.3309s
