2026-04-01 03:51:11,823 - main - INFO - === Logging system initialized ===
2026-04-01 03:51:11,823 - main - INFO - Log file: logs/app_20260401_035111.log
2026-04-01 03:51:11,823 - main - INFO - Log level: INFO
2026-04-01 03:51:11,824 - main - INFO - Timestamp: 20260401_035111
2026-04-01 03:51:11,832 - main - INFO - Included router: routers.admin_auth.router
2026-04-01 03:51:12,641 - main - INFO - Included router: routers.aihub.router
2026-04-01 03:51:12,700 - main - INFO - Included router: routers.announcements.router
2026-04-01 03:51:12,724 - main - INFO - Included router: routers.auth.router
2026-04-01 03:51:12,769 - main - INFO - Included router: routers.banners.router
2026-04-01 03:51:12,897 - main - INFO - Included router: routers.become_master_requests.router
2026-04-01 03:51:12,956 - main - INFO - Included router: routers.bus_notifications.router
2026-04-01 03:51:13,016 - main - INFO - Included router: routers.bus_routes.router
2026-04-01 03:51:13,068 - main - INFO - Included router: routers.bus_stops.router
2026-04-01 03:51:13,119 - main - INFO - Included router: routers.categories.router
2026-04-01 03:51:13,177 - main - INFO - Included router: routers.complaints.router
2026-04-01 03:51:13,182 - main - INFO - Included router: routers.debug_schema.router
2026-04-01 03:51:13,247 - main - INFO - Included router: routers.directory_entries.router
2026-04-01 03:51:13,294 - main - INFO - Included router: routers.food_categories.router
2026-04-01 03:51:13,338 - main - INFO - Included router: routers.food_item_modifiers.router
2026-04-01 03:51:13,391 - main - INFO - Included router: routers.food_items.router
2026-04-01 03:51:13,436 - main - INFO - Included router: routers.food_modifiers.router
2026-04-01 03:51:13,485 - main - INFO - Included router: routers.food_orders.router
2026-04-01 03:51:13,617 - main - INFO - Included router: routers.food_settings.router
2026-04-01 03:51:13,646 - main - INFO - Included router: routers.frontpad.router
2026-04-01 03:51:13,686 - main - INFO - Included router: routers.frontpad_settings.router
2026-04-01 03:51:13,727 - main - INFO - Included router: routers.frontpad_sync_log.router
2026-04-01 03:51:13,729 - main - INFO - Included router: routers.health.router
2026-04-01 03:51:13,769 - main - INFO - Included router: routers.health_check.router
2026-04-01 03:51:13,812 - main - INFO - Included router: routers.history_events.router
2026-04-01 03:51:13,853 - main - INFO - Included router: routers.homepage_stats.router
2026-04-01 03:51:13,901 - main - INFO - Included router: routers.inspectors.router
2026-04-01 03:51:13,949 - main - INFO - Included router: routers.item_modifier_groups.router
2026-04-01 03:51:14,000 - main - INFO - Included router: routers.jobs.router
2026-04-01 03:51:14,083 - main - INFO - Included router: routers.master_requests.router
2026-04-01 03:51:14,140 - main - INFO - Included router: routers.masters.router
2026-04-01 03:51:14,188 - main - INFO - Included router: routers.modifier_groups.router
2026-04-01 03:51:14,361 - main - INFO - Included router: routers.modifier_options.router
2026-04-01 03:51:14,409 - main - INFO - Included router: routers.news.router
2026-04-01 03:51:14,455 - main - INFO - Included router: routers.question_answers.router
2026-04-01 03:51:14,498 - main - INFO - Included router: routers.questions.router
2026-04-01 03:51:14,567 - main - INFO - Included router: routers.real_estate.router
2026-04-01 03:51:14,589 - main - INFO - Included router: routers.settings.router
2026-04-01 03:51:14,616 - main - INFO - Included router: routers.storage.router
2026-04-01 03:51:14,639 - main - INFO - Included router: routers.telegram.router
2026-04-01 03:51:14,648 - main - INFO - Included router: routers.user.router
2026-04-01 03:51:14,699 - main - INFO - Included router: routers.user_preferences.router
2026-04-01 03:51:14,706 - main - INFO - Included router: routers.weather.router
2026-04-01 03:51:14,707 - main - INFO - === Application startup initiated ===
2026-04-01 03:51:14,708 - services.database - INFO - Ignore creating tables
2026-04-01 03:51:14,708 - services.mock_data - INFO - Ignore initialize data
2026-04-01 03:51:14,708 - services.auth - INFO - Ignore initialize admin
2026-04-01 03:51:14,708 - core.database - WARNING - Database not initialized, attempting lazy initialization...
2026-04-01 03:51:14,709 - core.database - INFO - Starting database initialization...
2026-04-01 03:51:14,709 - core.config - DEBUG - Read dynamic attribute database_url from environment variable DATABASE_URL
2026-04-01 03:51:14,709 - core.database - INFO - Database init attempt 1/5...
2026-04-01 03:51:14,710 - core.database - INFO - Normalized database URL (masked): postgresql+asyncpg://neondb_owner:***@ep-cool-wave-ad8598va.c-2.us-east-1.aws.neon.tech/neondb?ssl=require
2026-04-01 03:51:14,710 - core.database - INFO - Using QueuePool with connection pooling
2026-04-01 03:51:16,083 - core.database - INFO - Database connection initialized successfully
2026-04-01 03:51:16,083 - core.database - DEBUG - [DB_OP] Starting create_tables
2026-04-01 03:51:16,084 - core.database - INFO - 🔧 Table creation attempt 1/3...
2026-04-01 03:51:16,084 - core.database - INFO - 🔧 Starting table structure repair...
2026-04-01 03:51:16,594 - core.database - INFO - 🔧 Repairing 37 existing tables...
2026-04-01 03:51:16,595 - core.database - DEBUG - Checking table structure for: users
2026-04-01 03:51:16,595 - core.database - DEBUG - Checking table structure for: oidc_states
2026-04-01 03:51:16,597 - core.database - DEBUG - Checking table structure for: admin_credentials
2026-04-01 03:51:16,598 - core.database - DEBUG - Checking table structure for: admin_login_attempts
2026-04-01 03:51:16,599 - core.database - DEBUG - Checking table structure for: admin_login_lockouts
2026-04-01 03:51:16,599 - core.database - DEBUG - Checking table structure for: announcements
2026-04-01 03:51:16,600 - core.database - DEBUG - Checking table structure for: banners
2026-04-01 03:51:16,601 - core.database - DEBUG - Checking table structure for: become_master_requests
2026-04-01 03:51:16,605 - core.database - DEBUG - Checking table structure for: bus_notifications
2026-04-01 03:51:16,606 - core.database - DEBUG - Checking table structure for: bus_routes
2026-04-01 03:51:17,337 - core.database - DEBUG - Table users structure is up to date
2026-04-01 03:51:17,338 - core.database - INFO - Table users repaired in 0.74s
2026-04-01 03:51:17,338 - core.database - DEBUG - Checking table structure for: bus_stops
2026-04-01 03:51:17,445 - core.database - DEBUG - Table banners structure is up to date
2026-04-01 03:51:17,445 - core.database - INFO - Table banners repaired in 0.84s
2026-04-01 03:51:17,446 - core.database - DEBUG - Checking table structure for: categories
2026-04-01 03:51:17,524 - core.database - DEBUG - Table bus_notifications structure is up to date
2026-04-01 03:51:17,524 - core.database - INFO - Table bus_notifications repaired in 0.92s
2026-04-01 03:51:17,526 - core.database - DEBUG - Checking table structure for: complaints
2026-04-01 03:51:17,528 - core.database - DEBUG - Table admin_login_lockouts structure is up to date
2026-04-01 03:51:17,528 - core.database - INFO - Table admin_login_lockouts repaired in 0.93s
2026-04-01 03:51:17,529 - core.database - DEBUG - Checking table structure for: directory_entries
2026-04-01 03:51:17,535 - core.database - DEBUG - Table admin_credentials structure is up to date
2026-04-01 03:51:17,536 - core.database - INFO - Table admin_credentials repaired in 0.94s
2026-04-01 03:51:17,539 - core.database - DEBUG - Checking table structure for: food_categories
2026-04-01 03:51:17,548 - core.database - DEBUG - Table bus_routes structure is up to date
2026-04-01 03:51:17,548 - core.database - INFO - Table bus_routes repaired in 0.94s
2026-04-01 03:51:17,548 - core.database - DEBUG - Checking table structure for: food_item_modifiers
2026-04-01 03:51:17,549 - core.database - DEBUG - Table become_master_requests structure is up to date
2026-04-01 03:51:17,550 - core.database - INFO - Table become_master_requests repaired in 0.95s
2026-04-01 03:51:17,551 - core.database - DEBUG - Checking table structure for: food_items
2026-04-01 03:51:17,552 - core.database - DEBUG - Table announcements structure is up to date
2026-04-01 03:51:17,552 - core.database - INFO - Table announcements repaired in 0.95s
2026-04-01 03:51:17,552 - core.database - DEBUG - Checking table structure for: food_modifiers
2026-04-01 03:51:17,558 - core.database - DEBUG - Table admin_login_attempts structure is up to date
2026-04-01 03:51:17,558 - core.database - INFO - Table admin_login_attempts repaired in 0.96s
2026-04-01 03:51:17,559 - core.database - DEBUG - Checking table structure for: food_orders
2026-04-01 03:51:17,560 - core.database - DEBUG - Table oidc_states structure is up to date
2026-04-01 03:51:17,561 - core.database - INFO - Table oidc_states repaired in 0.97s
2026-04-01 03:51:17,561 - core.database - DEBUG - Checking table structure for: food_settings
2026-04-01 03:51:17,723 - core.database - DEBUG - Table bus_stops structure is up to date
2026-04-01 03:51:17,724 - core.database - INFO - Table bus_stops repaired in 1.12s
2026-04-01 03:51:17,724 - core.database - DEBUG - Checking table structure for: frontpad_settings
2026-04-01 03:51:17,881 - core.database - DEBUG - Table categories structure is up to date
2026-04-01 03:51:17,882 - core.database - INFO - Table categories repaired in 1.27s
2026-04-01 03:51:17,882 - core.database - DEBUG - Checking table structure for: frontpad_sync_log
2026-04-01 03:51:17,965 - core.database - DEBUG - Table complaints structure is up to date
2026-04-01 03:51:17,965 - core.database - INFO - Table complaints repaired in 1.36s
2026-04-01 03:51:17,966 - core.database - DEBUG - Checking table structure for: health_check
2026-04-01 03:51:17,967 - core.database - DEBUG - Table directory_entries structure is up to date
2026-04-01 03:51:17,967 - core.database - INFO - Table directory_entries repaired in 1.36s
2026-04-01 03:51:17,968 - core.database - DEBUG - Checking table structure for: history_events
2026-04-01 03:51:17,976 - core.database - DEBUG - Table food_categories structure is up to date
2026-04-01 03:51:17,976 - core.database - INFO - Table food_categories repaired in 1.37s
2026-04-01 03:51:17,977 - core.database - DEBUG - Checking table structure for: homepage_stats
2026-04-01 03:51:17,989 - core.database - DEBUG - Table food_item_modifiers structure is up to date
2026-04-01 03:51:17,990 - core.database - INFO - Table food_item_modifiers repaired in 1.38s
2026-04-01 03:51:17,990 - core.database - DEBUG - Checking table structure for: inspectors
2026-04-01 03:51:17,991 - core.database - DEBUG - Table food_modifiers structure is up to date
2026-04-01 03:51:17,991 - core.database - INFO - Table food_modifiers repaired in 1.38s
2026-04-01 03:51:17,992 - core.database - DEBUG - Table food_items structure is up to date
2026-04-01 03:51:17,992 - core.database - INFO - Table food_items repaired in 1.38s
2026-04-01 03:51:17,992 - core.database - DEBUG - Checking table structure for: item_modifier_groups
2026-04-01 03:51:17,993 - core.database - DEBUG - Checking table structure for: jobs
2026-04-01 03:51:18,001 - core.database - DEBUG - Table food_settings structure is up to date
2026-04-01 03:51:18,001 - core.database - INFO - Table food_settings repaired in 1.39s
2026-04-01 03:51:18,002 - core.database - DEBUG - Checking table structure for: master_requests
2026-04-01 03:51:18,003 - core.database - DEBUG - Table food_orders structure is up to date
2026-04-01 03:51:18,004 - core.database - INFO - Table food_orders repaired in 1.40s
2026-04-01 03:51:18,004 - core.database - DEBUG - Checking table structure for: masters
2026-04-01 03:51:18,106 - core.database - DEBUG - Table frontpad_settings structure is up to date
2026-04-01 03:51:18,107 - core.database - INFO - Table frontpad_settings repaired in 1.50s
2026-04-01 03:51:18,107 - core.database - DEBUG - Checking table structure for: modifier_groups
2026-04-01 03:51:18,319 - core.database - DEBUG - Table frontpad_sync_log structure is up to date
2026-04-01 03:51:18,319 - core.database - INFO - Table frontpad_sync_log repaired in 1.71s
2026-04-01 03:51:18,320 - core.database - DEBUG - Checking table structure for: modifier_options
2026-04-01 03:51:18,343 - core.database - DEBUG - Table health_check structure is up to date
2026-04-01 03:51:18,343 - core.database - INFO - Table health_check repaired in 1.74s
2026-04-01 03:51:18,344 - core.database - DEBUG - Checking table structure for: news
2026-04-01 03:51:18,344 - core.database - DEBUG - Table history_events structure is up to date
2026-04-01 03:51:18,344 - core.database - INFO - Table history_events repaired in 1.74s
2026-04-01 03:51:18,345 - core.database - DEBUG - Checking table structure for: question_answers
2026-04-01 03:51:18,352 - core.database - DEBUG - Table homepage_stats structure is up to date
2026-04-01 03:51:18,352 - core.database - INFO - Table homepage_stats repaired in 1.74s
2026-04-01 03:51:18,352 - core.database - DEBUG - Checking table structure for: questions
2026-04-01 03:51:18,375 - core.database - DEBUG - Table item_modifier_groups structure is up to date
2026-04-01 03:51:18,375 - core.database - INFO - Table item_modifier_groups repaired in 1.77s
2026-04-01 03:51:18,375 - core.database - DEBUG - Checking table structure for: real_estate
2026-04-01 03:51:18,385 - core.database - DEBUG - Table master_requests structure is up to date
2026-04-01 03:51:18,385 - core.database - INFO - Table master_requests repaired in 1.78s
2026-04-01 03:51:18,386 - core.database - DEBUG - Checking table structure for: user_preferences
2026-04-01 03:51:18,431 - core.database - DEBUG - Table jobs structure is up to date
2026-04-01 03:51:18,432 - core.database - INFO - Table jobs repaired in 1.83s
2026-04-01 03:51:18,439 - core.database - DEBUG - Table inspectors structure is up to date
2026-04-01 03:51:18,439 - core.database - INFO - Table inspectors repaired in 1.83s
2026-04-01 03:51:18,448 - core.database - DEBUG - Table masters structure is up to date
2026-04-01 03:51:18,448 - core.database - INFO - Table masters repaired in 1.84s
2026-04-01 03:51:18,550 - core.database - DEBUG - Table modifier_groups structure is up to date
2026-04-01 03:51:18,551 - core.database - INFO - Table modifier_groups repaired in 1.94s
2026-04-01 03:51:18,694 - core.database - DEBUG - Table modifier_options structure is up to date
2026-04-01 03:51:18,694 - core.database - INFO - Table modifier_options repaired in 2.09s
2026-04-01 03:51:18,783 - core.database - DEBUG - Table question_answers structure is up to date
2026-04-01 03:51:18,783 - core.database - INFO - Table question_answers repaired in 2.18s
2026-04-01 03:51:18,790 - core.database - DEBUG - Table questions structure is up to date
2026-04-01 03:51:18,791 - core.database - INFO - Table questions repaired in 2.18s
2026-04-01 03:51:18,816 - core.database - DEBUG - Table real_estate structure is up to date
2026-04-01 03:51:18,817 - core.database - INFO - Table real_estate repaired in 2.21s
2026-04-01 03:51:18,833 - core.database - DEBUG - Table user_preferences structure is up to date
2026-04-01 03:51:18,834 - core.database - INFO - Table user_preferences repaired in 2.23s
2026-04-01 03:51:18,842 - core.database - DEBUG - Table news structure is up to date
2026-04-01 03:51:18,842 - core.database - INFO - Table news repaired in 2.24s
2026-04-01 03:51:18,843 - core.database - INFO - 🔧 Table structure repair completed in 2.7588s
2026-04-01 03:51:18,843 - core.database - INFO - 🔧 Table structure repair completed
2026-04-01 03:51:18,843 - core.database - INFO - 🔧 Starting table creation...
2026-04-01 03:51:21,495 - core.database - INFO - Tables initialized successfully
2026-04-01 03:51:21,495 - core.database - DEBUG - [DB_OP] Create tables completed in 5.4120s
2026-04-01 03:51:21,559 - core.database - INFO - Lazy database initialization completed successfully
2026-04-01 03:51:22,382 - routers.admin_auth - INFO - [Admin Auth] Pre-computed 3 alternative password hashes for 'admin' account
2026-04-01 03:51:23,255 - routers.admin_auth - INFO - [Admin Auth] Admin credentials updated (username: admin)
2026-04-01 03:51:23,637 - routers.admin_auth - DEBUG - [Admin Auth] Legacy admin credentials already exist
2026-04-01 03:51:23,701 - core.config - DEBUG - Read dynamic attribute oss_service_url from environment variable OSS_SERVICE_URL
2026-04-01 03:51:23,702 - core.config - DEBUG - Read dynamic attribute oss_api_key from environment variable OSS_API_KEY
2026-04-01 03:51:23,813 - httpcore.connection - DEBUG - connect_tcp.started host='atoms.dev' port=443 local_address=None timeout=120.0 socket_options=None
2026-04-01 03:51:23,847 - httpcore.connection - DEBUG - connect_tcp.complete return_value=<httpcore._backends.anyio.AnyIOStream object at 0x7f8d77a29720>
2026-04-01 03:51:23,848 - httpcore.connection - DEBUG - start_tls.started ssl_context=<ssl.SSLContext object at 0x7f8d79cbb840> server_hostname='atoms.dev' timeout=120.0
2026-04-01 03:51:23,858 - httpcore.connection - DEBUG - start_tls.complete return_value=<httpcore._backends.anyio.AnyIOStream object at 0x7f8d77a28610>
2026-04-01 03:51:23,858 - httpcore.http11 - DEBUG - send_request_headers.started request=<Request [b'GET']>
2026-04-01 03:51:23,859 - httpcore.http11 - DEBUG - send_request_headers.complete
2026-04-01 03:51:23,859 - httpcore.http11 - DEBUG - send_request_body.started request=<Request [b'GET']>
2026-04-01 03:51:23,860 - httpcore.http11 - DEBUG - send_request_body.complete
2026-04-01 03:51:23,860 - httpcore.http11 - DEBUG - receive_response_headers.started request=<Request [b'GET']>
2026-04-01 03:51:23,893 - httpcore.http11 - DEBUG - receive_response_headers.complete return_value=(b'HTTP/1.1', 200, b'OK', [(b'Date', b'Wed, 01 Apr 2026 10:51:23 GMT'), (b'Content-Type', b'application/json; charset=utf-8'), (b'Transfer-Encoding', b'chunked'), (b'Connection', b'keep-alive'), (b'Access-Control-Allow-Headers', b'Origin, Content-Type, Accept, Authorization'), (b'Access-Control-Allow-Methods', b'GET, POST, PUT, DELETE, OPTIONS'), (b'Access-Control-Allow-Origin', b'*'), (b'Access-Control-Max-Age', b'86400'), (b'X-Request-Id', b'360b35a1f20b2950e3d91945d9842641'), (b'X-Trace-Id', b'9d35350caaf744818e8f98aa79856249'), (b'Content-Security-Policy', b"frame-ancestors 'self' https://atoms.dev"), (b'Strict-Transport-Security', b'max-age=63072000; includeSubDomains; preload'), (b'X-Content-Type-Options', b'nosniff'), (b'X-XSS-Protection', b'1; mode=block'), (b'Referrer-Policy', b'strict-origin-when-cross-origin'), (b'cf-cache-status', b'DYNAMIC'), (b'Content-Encoding', b'gzip'), (b'Server', b'cloudflare'), (b'CF-RAY', b'9e5709d22ee308da-LAX')])
2026-04-01 03:51:23,894 - httpx - INFO - HTTP Request: GET https://atoms.dev/api/v1/infra/client/oss/buckets "HTTP/1.1 200 OK"
2026-04-01 03:51:23,895 - httpcore.http11 - DEBUG - receive_response_body.started request=<Request [b'GET']>
2026-04-01 03:51:23,895 - httpcore.http11 - DEBUG - receive_response_body.complete
2026-04-01 03:51:23,896 - httpcore.http11 - DEBUG - response_closed.started
2026-04-01 03:51:23,896 - httpcore.http11 - DEBUG - response_closed.complete
2026-04-01 03:51:23,897 - httpcore.connection - DEBUG - close.started
2026-04-01 03:51:23,897 - httpcore.connection - DEBUG - close.complete
2026-04-01 03:51:23,898 - services.bucket_init - INFO - Bucket 'portal-images' already exists
2026-04-01 03:51:23,898 - main - INFO - === Application startup completed ===
2026-04-01 03:51:37,112 - core.database - DEBUG - [DB_OP] Starting get_db session creation
2026-04-01 03:51:37,112 - core.database - DEBUG - [DB_OP] Database session created successfully in 0.0005s
2026-04-01 03:51:37,113 - routers.categories - DEBUG - Querying categoriess: query=None, sort=None, skip=0, limit=1, fields=None
2026-04-01 03:51:37,144 - httpcore.connection - DEBUG - connect_tcp.started host='api.openweathermap.org' port=443 local_address=None timeout=10.0 socket_options=None
2026-04-01 03:51:37,549 - httpcore.connection - DEBUG - connect_tcp.complete return_value=<httpcore._backends.anyio.AnyIOStream object at 0x7f8d77a77c70>
2026-04-01 03:51:37,550 - httpcore.connection - DEBUG - start_tls.started ssl_context=<ssl.SSLContext object at 0x7f8d77a4d040> server_hostname='api.openweathermap.org' timeout=10.0
2026-04-01 03:51:37,585 - httpcore.connection - DEBUG - start_tls.complete return_value=<httpcore._backends.anyio.AnyIOStream object at 0x7f8d77a74700>
2026-04-01 03:51:37,585 - httpcore.http11 - DEBUG - send_request_headers.started request=<Request [b'GET']>
2026-04-01 03:51:37,586 - httpcore.http11 - DEBUG - send_request_headers.complete
2026-04-01 03:51:37,586 - httpcore.http11 - DEBUG - send_request_body.started request=<Request [b'GET']>
2026-04-01 03:51:37,586 - httpcore.http11 - DEBUG - send_request_body.complete
2026-04-01 03:51:37,586 - httpcore.http11 - DEBUG - receive_response_headers.started request=<Request [b'GET']>
2026-04-01 03:51:37,629 - routers.categories - DEBUG - Found 45 categoriess
2026-04-01 03:51:37,630 - core.database - DEBUG - [DB_OP] Database session cleanup after 0.5180s
2026-04-01 03:51:37,631 - httpcore.http11 - DEBUG - receive_response_headers.complete return_value=(b'HTTP/1.1', 200, b'OK', [(b'Date', b'Wed, 01 Apr 2026 10:51:37 GMT'), (b'Content-Type', b'application/json; charset=utf-8'), (b'Content-Length', b'552'), (b'Connection', b'keep-alive'), (b'X-Cache-Key', b'/data/2.5/weather?lang=ru&q=karaganda&units=metric'), (b'Access-Control-Allow-Origin', b'*'), (b'Access-Control-Allow-Credentials', b'true'), (b'Access-Control-Allow-Methods', b'GET, POST')])
2026-04-01 03:51:37,632 - httpx - INFO - HTTP Request: GET https://api.openweathermap.org/data/2.5/weather?q=Karaganda&units=metric&lang=ru&appid=ae3471b8d67a2e46b753ece3875423c9 "HTTP/1.1 200 OK"
2026-04-01 03:51:37,632 - httpcore.http11 - DEBUG - receive_response_body.started request=<Request [b'GET']>
2026-04-01 03:51:37,632 - httpcore.http11 - DEBUG - receive_response_body.complete
2026-04-01 03:51:37,632 - httpcore.http11 - DEBUG - response_closed.started
2026-04-01 03:51:37,633 - httpcore.http11 - DEBUG - response_closed.complete
2026-04-01 03:51:37,633 - httpcore.connection - DEBUG - close.started
2026-04-01 03:51:37,633 - httpcore.connection - DEBUG - close.complete
2026-04-01 03:51:37,634 - routers.weather - INFO - [Weather] Fetched: 20°C, небольшая облачность
2026-04-01 03:51:38,058 - core.database - DEBUG - [DB_OP] Starting get_db session creation
2026-04-01 03:51:38,058 - core.database - DEBUG - [DB_OP] Database session created successfully in 0.0003s
2026-04-01 03:51:38,058 - routers.complaints - DEBUG - Querying complaintss: query=None, sort=-created_at, skip=0, limit=3, fields=None
2026-04-01 03:51:38,062 - core.database - DEBUG - [DB_OP] Starting get_db session creation
2026-04-01 03:51:38,062 - core.database - DEBUG - [DB_OP] Database session created successfully in 0.0002s
2026-04-01 03:51:38,062 - routers.jobs - DEBUG - Querying jobss: query={"active":true}, sort=-created_at, skip=0, limit=3, fields=None
2026-04-01 03:51:38,562 - routers.complaints - DEBUG - Found 12 complaintss
2026-04-01 03:51:38,563 - core.database - DEBUG - [DB_OP] Database session cleanup after 0.5052s
2026-04-01 03:51:38,565 - routers.jobs - DEBUG - Found 5 jobss
2026-04-01 03:51:38,566 - core.database - DEBUG - [DB_OP] Database session cleanup after 0.5039s
2026-04-01 03:51:39,108 - core.database - DEBUG - [DB_OP] Starting get_db session creation
2026-04-01 03:51:39,108 - core.database - DEBUG - [DB_OP] Database session created successfully in 0.0004s
2026-04-01 03:51:39,108 - routers.news - DEBUG - Querying newss: query={"published":true}, sort=-created_at, skip=0, limit=6, fields=None
2026-04-01 03:51:39,618 - routers.news - DEBUG - Found 10 newss
2026-04-01 03:51:39,619 - core.database - DEBUG - [DB_OP] Database session cleanup after 0.5117s
2026-04-01 03:51:40,906 - core.database - DEBUG - [DB_OP] Starting get_db session creation
2026-04-01 03:51:40,907 - core.database - DEBUG - [DB_OP] Database session created successfully in 0.0006s
2026-04-01 03:51:40,908 - routers.banners - DEBUG - Querying bannerss: query={"active":true}, sort=None, skip=0, limit=4, fields=None
2026-04-01 03:51:41,031 - core.database - DEBUG - [DB_OP] Starting get_db session creation
2026-04-01 03:51:41,032 - core.database - DEBUG - [DB_OP] Database session created successfully in 0.0007s
2026-04-01 03:51:41,033 - routers.homepage_stats - DEBUG - Querying homepage_statss: query=None, sort=None, skip=0, limit=1, fields=None
2026-04-01 03:51:41,419 - routers.banners - DEBUG - Found 2 bannerss
2026-04-01 03:51:41,420 - core.database - DEBUG - [DB_OP] Database session cleanup after 0.5140s
2026-04-01 03:51:41,545 - routers.homepage_stats - DEBUG - Found 1 homepage_statss
2026-04-01 03:51:41,545 - core.database - DEBUG - [DB_OP] Database session cleanup after 0.5143s
2026-04-01 03:51:41,962 - httpcore.connection - DEBUG - connect_tcp.started host='atoms.dev' port=443 local_address=None timeout=120.0 socket_options=None
2026-04-01 03:51:41,978 - httpcore.connection - DEBUG - connect_tcp.complete return_value=<httpcore._backends.anyio.AnyIOStream object at 0x7f8d7de21cf0>
2026-04-01 03:51:41,979 - httpcore.connection - DEBUG - start_tls.started ssl_context=<ssl.SSLContext object at 0x7f8d7de613c0> server_hostname='atoms.dev' timeout=120.0
2026-04-01 03:51:41,987 - httpcore.connection - DEBUG - start_tls.complete return_value=<httpcore._backends.anyio.AnyIOStream object at 0x7f8d77a281c0>
2026-04-01 03:51:41,987 - httpcore.http11 - DEBUG - send_request_headers.started request=<Request [b'POST']>
2026-04-01 03:51:41,988 - httpcore.http11 - DEBUG - send_request_headers.complete
2026-04-01 03:51:41,988 - httpcore.http11 - DEBUG - send_request_body.started request=<Request [b'POST']>
2026-04-01 03:51:41,988 - httpcore.http11 - DEBUG - send_request_body.complete
2026-04-01 03:51:41,989 - httpcore.http11 - DEBUG - receive_response_headers.started request=<Request [b'POST']>
2026-04-01 03:51:41,998 - core.database - DEBUG - [DB_OP] Starting get_db session creation
2026-04-01 03:51:41,999 - core.database - DEBUG - [DB_OP] Database session created successfully in 0.0005s
2026-04-01 03:51:41,999 - routers.food_categories - DEBUG - Querying food_categoriess: query=None, sort=sort_order, skip=0, limit=50, fields=None
2026-04-01 03:51:42,016 - httpcore.http11 - DEBUG - receive_response_headers.complete return_value=(b'HTTP/1.1', 200, b'OK', [(b'Date', b'Wed, 01 Apr 2026 10:51:42 GMT'), (b'Content-Type', b'application/json; charset=utf-8'), (b'Transfer-Encoding', b'chunked'), (b'Connection', b'keep-alive'), (b'Access-Control-Allow-Headers', b'Origin, Content-Type, Accept, Authorization'), (b'Access-Control-Allow-Methods', b'GET, POST, PUT, DELETE, OPTIONS'), (b'Access-Control-Allow-Origin', b'*'), (b'Access-Control-Max-Age', b'86400'), (b'X-Request-Id', b'c71e918f4ec7b8eb12619fae64ce907d'), (b'X-Trace-Id', b'6e65ec4c83604bc0bde055808591965a'), (b'Content-Security-Policy', b"frame-ancestors 'self' https://atoms.dev"), (b'Strict-Transport-Security', b'max-age=63072000; includeSubDomains; preload'), (b'X-Content-Type-Options', b'nosniff'), (b'X-XSS-Protection', b'1; mode=block'), (b'Referrer-Policy', b'strict-origin-when-cross-origin'), (b'cf-cache-status', b'DYNAMIC'), (b'Content-Encoding', b'gzip'), (b'Server', b'cloudflare'), (b'CF-RAY', b'9e570a436abfdcfa-LAX')])
2026-04-01 03:51:42,017 - httpx - INFO - HTTP Request: POST https://atoms.dev/api/v1/infra/client/oss/buckets/portal-images/objects/download_url "HTTP/1.1 200 OK"
2026-04-01 03:51:42,017 - httpcore.http11 - DEBUG - receive_response_body.started request=<Request [b'POST']>
2026-04-01 03:51:42,018 - httpcore.http11 - DEBUG - receive_response_body.complete
2026-04-01 03:51:42,018 - httpcore.http11 - DEBUG - response_closed.started
2026-04-01 03:51:42,018 - httpcore.http11 - DEBUG - response_closed.complete
2026-04-01 03:51:42,018 - httpcore.connection - DEBUG - close.started
2026-04-01 03:51:42,019 - httpcore.connection - DEBUG - close.complete
2026-04-01 03:51:42,031 - core.database - DEBUG - [DB_OP] Starting get_db session creation
2026-04-01 03:51:42,032 - core.database - DEBUG - [DB_OP] Database session created successfully in 0.0004s
2026-04-01 03:51:42,032 - routers.food_items - DEBUG - Querying food_itemss: query=None, sort=sort_order, skip=0, limit=200, fields=None
2026-04-01 03:51:42,070 - httpcore.connection - DEBUG - connect_tcp.started host='atoms.dev' port=443 local_address=None timeout=120.0 socket_options=None
2026-04-01 03:51:42,087 - httpcore.connection - DEBUG - connect_tcp.complete return_value=<httpcore._backends.anyio.AnyIOStream object at 0x7f8d7de5afb0>
2026-04-01 03:51:42,088 - httpcore.connection - DEBUG - start_tls.started ssl_context=<ssl.SSLContext object at 0x7f8d7de61540> server_hostname='atoms.dev' timeout=120.0
2026-04-01 03:51:42,097 - httpcore.connection - DEBUG - start_tls.complete return_value=<httpcore._backends.anyio.AnyIOStream object at 0x7f8d7de21300>
2026-04-01 03:51:42,098 - httpcore.http11 - DEBUG - send_request_headers.started request=<Request [b'POST']>
2026-04-01 03:51:42,099 - httpcore.http11 - DEBUG - send_request_headers.complete
2026-04-01 03:51:42,099 - httpcore.http11 - DEBUG - send_request_body.started request=<Request [b'POST']>
2026-04-01 03:51:42,100 - httpcore.http11 - DEBUG - send_request_body.complete
2026-04-01 03:51:42,100 - httpcore.http11 - DEBUG - receive_response_headers.started request=<Request [b'POST']>
2026-04-01 03:51:42,127 - httpcore.http11 - DEBUG - receive_response_headers.complete return_value=(b'HTTP/1.1', 200, b'OK', [(b'Date', b'Wed, 01 Apr 2026 10:51:42 GMT'), (b'Content-Type', b'application/json; charset=utf-8'), (b'Transfer-Encoding', b'chunked'), (b'Connection', b'keep-alive'), (b'Access-Control-Allow-Headers', b'Origin, Content-Type, Accept, Authorization'), (b'Access-Control-Allow-Methods', b'GET, POST, PUT, DELETE, OPTIONS'), (b'Access-Control-Allow-Origin', b'*'), (b'Access-Control-Max-Age', b'86400'), (b'X-Request-Id', b'd3d7fe46b5bf22e9fa50fc4aae0fc8f7'), (b'X-Trace-Id', b'c6ec2111ebda4d7ba519fb46c5c79689'), (b'Content-Security-Policy', b"frame-ancestors 'self' https://atoms.dev"), (b'Strict-Transport-Security', b'max-age=63072000; includeSubDomains; preload'), (b'X-Content-Type-Options', b'nosniff'), (b'X-XSS-Protection', b'1; mode=block'), (b'Referrer-Policy', b'strict-origin-when-cross-origin'), (b'cf-cache-status', b'DYNAMIC'), (b'Content-Encoding', b'gzip'), (b'Server', b'cloudflare'), (b'CF-RAY', b'9e570a441cecc213-LAX')])
2026-04-01 03:51:42,128 - httpx - INFO - HTTP Request: POST https://atoms.dev/api/v1/infra/client/oss/buckets/portal-images/objects/download_url "HTTP/1.1 200 OK"
2026-04-01 03:51:42,128 - httpcore.http11 - DEBUG - receive_response_body.started request=<Request [b'POST']>
2026-04-01 03:51:42,129 - httpcore.http11 - DEBUG - receive_response_body.complete
2026-04-01 03:51:42,130 - httpcore.http11 - DEBUG - response_closed.started
2026-04-01 03:51:42,130 - httpcore.http11 - DEBUG - response_closed.complete
2026-04-01 03:51:42,131 - httpcore.connection - DEBUG - close.started
2026-04-01 03:51:42,131 - httpcore.connection - DEBUG - close.complete
2026-04-01 03:51:42,328 - core.database - DEBUG - [DB_OP] Starting get_db session creation
2026-04-01 03:51:42,329 - core.database - DEBUG - [DB_OP] Database session created successfully in 0.0005s
2026-04-01 03:51:42,329 - routers.announcements - DEBUG - Querying announcementss: query={"active":true,"status":"approved"}, sort=-created_at, skip=0, limit=50, fields=None
2026-04-01 03:51:42,385 - core.database - DEBUG - [DB_OP] Starting get_db session creation
2026-04-01 03:51:42,385 - core.database - DEBUG - [DB_OP] Database session created successfully in 0.0004s
2026-04-01 03:51:42,386 - routers.masters - DEBUG - Querying masterss: query=None, sort=-rating, skip=0, limit=50, fields=None
2026-04-01 03:51:42,517 - httpcore.connection - DEBUG - connect_tcp.started host='atoms.dev' port=443 local_address=None timeout=120.0 socket_options=None
2026-04-01 03:51:42,518 - routers.food_categories - DEBUG - Found 6 food_categoriess
2026-04-01 03:51:42,519 - core.database - DEBUG - [DB_OP] Database session cleanup after 0.5210s
2026-04-01 03:51:42,527 - httpcore.connection - DEBUG - connect_tcp.complete return_value=<httpcore._backends.anyio.AnyIOStream object at 0x7f8d76e5ee60>
2026-04-01 03:51:42,528 - httpcore.connection - DEBUG - start_tls.started ssl_context=<ssl.SSLContext object at 0x7f8d76e76840> server_hostname='atoms.dev' timeout=120.0
2026-04-01 03:51:42,536 - httpcore.connection - DEBUG - start_tls.complete return_value=<httpcore._backends.anyio.AnyIOStream object at 0x7f8d76e5eec0>
2026-04-01 03:51:42,537 - httpcore.http11 - DEBUG - send_request_headers.started request=<Request [b'POST']>
2026-04-01 03:51:42,537 - httpcore.http11 - DEBUG - send_request_headers.complete
2026-04-01 03:51:42,537 - httpcore.http11 - DEBUG - send_request_body.started request=<Request [b'POST']>
2026-04-01 03:51:42,538 - httpcore.http11 - DEBUG - send_request_body.complete
2026-04-01 03:51:42,538 - httpcore.http11 - DEBUG - receive_response_headers.started request=<Request [b'POST']>
2026-04-01 03:51:42,545 - routers.food_items - DEBUG - Found 13 food_itemss
2026-04-01 03:51:42,546 - core.database - DEBUG - [DB_OP] Database session cleanup after 0.5146s
2026-04-01 03:51:42,564 - httpcore.http11 - DEBUG - receive_response_headers.complete return_value=(b'HTTP/1.1', 200, b'OK', [(b'Date', b'Wed, 01 Apr 2026 10:51:42 GMT'), (b'Content-Type', b'application/json; charset=utf-8'), (b'Transfer-Encoding', b'chunked'), (b'Connection', b'keep-alive'), (b'Access-Control-Allow-Headers', b'Origin, Content-Type, Accept, Authorization'), (b'Access-Control-Allow-Methods', b'GET, POST, PUT, DELETE, OPTIONS'), (b'Access-Control-Allow-Origin', b'*'), (b'Access-Control-Max-Age', b'86400'), (b'X-Request-Id', b'48c73ae4cd61a4981e79bb47796fd106'), (b'X-Trace-Id', b'9a48bc13027a489cb0479d813eef2d23'), (b'Content-Security-Policy', b"frame-ancestors 'self' https://atoms.dev"), (b'Strict-Transport-Security', b'max-age=63072000; includeSubDomains; preload'), (b'X-Content-Type-Options', b'nosniff'), (b'X-XSS-Protection', b'1; mode=block'), (b'Referrer-Policy', b'strict-origin-when-cross-origin'), (b'cf-cache-status', b'DYNAMIC'), (b'Content-Encoding', b'gzip'), (b'Server', b'cloudflare'), (b'CF-RAY', b'9e570a46de5a6d41-LAX')])
2026-04-01 03:51:42,565 - httpx - INFO - HTTP Request: POST https://atoms.dev/api/v1/infra/client/oss/buckets/portal-images/objects/download_url "HTTP/1.1 200 OK"
2026-04-01 03:51:42,566 - httpcore.http11 - DEBUG - receive_response_body.started request=<Request [b'POST']>
2026-04-01 03:51:42,566 - httpcore.http11 - DEBUG - receive_response_body.complete
2026-04-01 03:51:42,566 - httpcore.http11 - DEBUG - response_closed.started
2026-04-01 03:51:42,567 - httpcore.http11 - DEBUG - response_closed.complete
2026-04-01 03:51:42,567 - httpcore.connection - DEBUG - close.started
2026-04-01 03:51:42,567 - httpcore.connection - DEBUG - close.complete
2026-04-01 03:51:42,840 - routers.announcements - DEBUG - Found 1 announcementss
2026-04-01 03:51:42,841 - core.database - DEBUG - [DB_OP] Database session cleanup after 0.5126s
2026-04-01 03:51:42,909 - routers.masters - DEBUG - Found 8 masterss
2026-04-01 03:51:42,910 - core.database - DEBUG - [DB_OP] Database session cleanup after 0.5254s
2026-04-01 03:51:46,293 - core.database - DEBUG - [DB_OP] Starting get_db session creation
2026-04-01 03:51:46,294 - core.database - DEBUG - [DB_OP] Database session created successfully in 0.0005s
2026-04-01 03:51:46,294 - routers.news - DEBUG - Querying newss: query={"published":true}, sort=-created_at, skip=0, limit=50, fields=None
2026-04-01 03:51:46,385 - core.database - DEBUG - [DB_OP] Starting get_db session creation
2026-04-01 03:51:46,385 - core.database - DEBUG - [DB_OP] Database session created successfully in 0.0005s
2026-04-01 03:51:46,385 - routers.jobs - DEBUG - Querying jobss: query={"active":true}, sort=-created_at, skip=0, limit=50, fields=None
2026-04-01 03:51:46,865 - routers.news - DEBUG - Found 10 newss
2026-04-01 03:51:46,866 - core.database - DEBUG - [DB_OP] Database session cleanup after 0.5729s
2026-04-01 03:51:46,890 - routers.jobs - DEBUG - Found 5 jobss
2026-04-01 03:51:46,891 - core.database - DEBUG - [DB_OP] Database session cleanup after 0.5068s
2026-04-01 03:51:47,423 - core.database - DEBUG - [DB_OP] Starting get_db session creation
2026-04-01 03:51:47,423 - core.database - DEBUG - [DB_OP] Database session created successfully in 0.0007s
2026-04-01 03:51:47,425 - routers.complaints - DEBUG - Querying complaintss: query=None, sort=-created_at, skip=0, limit=50, fields=None
2026-04-01 03:51:47,992 - routers.complaints - DEBUG - Found 12 complaintss
2026-04-01 03:51:47,993 - core.database - DEBUG - [DB_OP] Database session cleanup after 0.5704s
2026-04-01 03:51:50,112 - core.database - DEBUG - [DB_OP] Starting get_db session creation
2026-04-01 03:51:50,112 - core.database - DEBUG - [DB_OP] Database session created successfully in 0.0004s
2026-04-01 03:51:50,112 - routers.inspectors - DEBUG - Querying inspectorss: query=None, sort=precinct_number, skip=0, limit=100, fields=None
2026-04-01 03:51:50,117 - core.database - DEBUG - [DB_OP] Starting get_db session creation
2026-04-01 03:51:50,117 - core.database - DEBUG - [DB_OP] Database session created successfully in 0.0003s
2026-04-01 03:51:50,117 - routers.real_estate - DEBUG - Querying real_estates: query=None, sort=-created_at, skip=0, limit=100, fields=None
2026-04-01 03:51:50,624 - routers.inspectors - DEBUG - Found 1 inspectorss
2026-04-01 03:51:50,626 - core.database - DEBUG - [DB_OP] Database session cleanup after 0.5140s
2026-04-01 03:51:50,627 - routers.real_estate - DEBUG - Found 0 real_estates
2026-04-01 03:51:50,627 - core.database - DEBUG - [DB_OP] Database session cleanup after 0.5105s
2026-04-01 03:53:30,511 - core.database - DEBUG - [DB_OP] Starting get_db session creation
2026-04-01 03:53:30,511 - core.database - DEBUG - [DB_OP] Database session created successfully in 0.0006s
2026-04-01 03:53:30,512 - routers.categories - DEBUG - Querying categoriess: query=None, sort=None, skip=0, limit=1, fields=None
2026-04-01 03:53:30,895 - routers.categories - DEBUG - Found 45 categoriess
2026-04-01 03:53:30,896 - core.database - DEBUG - [DB_OP] Database session cleanup after 0.3852s
2026-04-01 03:53:31,205 - core.database - DEBUG - [DB_OP] Starting get_db session creation
2026-04-01 03:53:31,205 - core.database - DEBUG - [DB_OP] Database session created successfully in 0.0004s
2026-04-01 03:53:31,206 - routers.complaints - DEBUG - Querying complaintss: query=None, sort=-created_at, skip=0, limit=3, fields=None
2026-04-01 03:53:31,207 - core.database - DEBUG - [DB_OP] Starting get_db session creation
2026-04-01 03:53:31,207 - core.database - DEBUG - [DB_OP] Database session created successfully in 0.0002s
2026-04-01 03:53:31,208 - routers.jobs - DEBUG - Querying jobss: query={"active":true}, sort=-created_at, skip=0, limit=3, fields=None
2026-04-01 03:53:31,210 - core.database - DEBUG - [DB_OP] Starting get_db session creation
2026-04-01 03:53:31,210 - core.database - DEBUG - [DB_OP] Database session created successfully in 0.0002s
2026-04-01 03:53:31,210 - routers.news - DEBUG - Querying newss: query={"published":true}, sort=-created_at, skip=0, limit=6, fields=None
2026-04-01 03:53:31,366 - core.database - DEBUG - [DB_OP] Starting get_db session creation
2026-04-01 03:53:31,366 - core.database - DEBUG - [DB_OP] Database session created successfully in 0.0004s
2026-04-01 03:53:31,367 - routers.banners - DEBUG - Querying bannerss: query={"active":true}, sort=None, skip=0, limit=4, fields=None
2026-04-01 03:53:31,477 - core.database - DEBUG - [DB_OP] Starting get_db session creation
2026-04-01 03:53:31,477 - core.database - DEBUG - [DB_OP] Database session created successfully in 0.0005s
2026-04-01 03:53:31,478 - routers.homepage_stats - DEBUG - Querying homepage_statss: query=None, sort=None, skip=0, limit=1, fields=None
2026-04-01 03:53:31,579 - routers.complaints - DEBUG - Found 12 complaintss
2026-04-01 03:53:31,580 - core.database - DEBUG - [DB_OP] Database session cleanup after 0.3749s
2026-04-01 03:53:31,584 - routers.jobs - DEBUG - Found 5 jobss
2026-04-01 03:53:31,584 - core.database - DEBUG - [DB_OP] Database session cleanup after 0.3769s
2026-04-01 03:53:31,586 - routers.news - DEBUG - Found 10 newss
2026-04-01 03:53:31,586 - core.database - DEBUG - [DB_OP] Database session cleanup after 0.3764s
2026-04-01 03:53:31,672 - httpcore.connection - DEBUG - connect_tcp.started host='atoms.dev' port=443 local_address=None timeout=120.0 socket_options=None
2026-04-01 03:53:31,704 - httpcore.connection - DEBUG - connect_tcp.started host='atoms.dev' port=443 local_address=None timeout=120.0 socket_options=None
2026-04-01 03:53:31,770 - routers.banners - DEBUG - Found 2 bannerss
2026-04-01 03:53:31,771 - core.database - DEBUG - [DB_OP] Database session cleanup after 0.4053s
2026-04-01 03:53:31,864 - routers.homepage_stats - DEBUG - Found 1 homepage_statss
2026-04-01 03:53:31,865 - core.database - DEBUG - [DB_OP] Database session cleanup after 0.3881s
2026-04-01 03:53:31,910 - httpcore.connection - DEBUG - connect_tcp.started host='atoms.dev' port=443 local_address=None timeout=120.0 socket_options=None
2026-04-01 03:53:31,911 - httpcore.connection - DEBUG - connect_tcp.complete return_value=<httpcore._backends.anyio.AnyIOStream object at 0x7f8d76f10880>
2026-04-01 03:53:31,911 - httpcore.connection - DEBUG - start_tls.started ssl_context=<ssl.SSLContext object at 0x7f8d76efdbc0> server_hostname='atoms.dev' timeout=120.0
2026-04-01 03:53:31,912 - httpcore.connection - DEBUG - connect_tcp.complete return_value=<httpcore._backends.anyio.AnyIOStream object at 0x7f8d76f10e20>
2026-04-01 03:53:31,913 - httpcore.connection - DEBUG - start_tls.started ssl_context=<ssl.SSLContext object at 0x7f8d76efdc40> server_hostname='atoms.dev' timeout=120.0
2026-04-01 03:53:31,918 - httpcore.connection - DEBUG - connect_tcp.complete return_value=<httpcore._backends.anyio.AnyIOStream object at 0x7f8d7de5b640>
2026-04-01 03:53:31,919 - httpcore.connection - DEBUG - start_tls.started ssl_context=<ssl.SSLContext object at 0x7f8d76efd940> server_hostname='atoms.dev' timeout=120.0
2026-04-01 03:53:31,926 - httpcore.connection - DEBUG - start_tls.complete return_value=<httpcore._backends.anyio.AnyIOStream object at 0x7f8d76ea7ee0>
2026-04-01 03:53:31,926 - httpcore.http11 - DEBUG - send_request_headers.started request=<Request [b'POST']>
2026-04-01 03:53:31,927 - httpcore.http11 - DEBUG - send_request_headers.complete
2026-04-01 03:53:31,927 - httpcore.http11 - DEBUG - send_request_body.started request=<Request [b'POST']>
2026-04-01 03:53:31,927 - httpcore.http11 - DEBUG - send_request_body.complete
2026-04-01 03:53:31,928 - httpcore.http11 - DEBUG - receive_response_headers.started request=<Request [b'POST']>
2026-04-01 03:53:31,955 - httpcore.http11 - DEBUG - receive_response_headers.complete return_value=(b'HTTP/1.1', 200, b'OK', [(b'Date', b'Wed, 01 Apr 2026 10:53:31 GMT'), (b'Content-Type', b'application/json; charset=utf-8'), (b'Transfer-Encoding', b'chunked'), (b'Connection', b'keep-alive'), (b'Access-Control-Allow-Headers', b'Origin, Content-Type, Accept, Authorization'), (b'Access-Control-Allow-Methods', b'GET, POST, PUT, DELETE, OPTIONS'), (b'Access-Control-Allow-Origin', b'*'), (b'Access-Control-Max-Age', b'86400'), (b'X-Request-Id', b'44ceb8a8cd6a42fbdf0ce3b734a12fd7'), (b'X-Trace-Id', b'50257eb0a24f4025b2bf722433985b26'), (b'Content-Security-Policy', b"frame-ancestors 'self' https://atoms.dev"), (b'Strict-Transport-Security', b'max-age=63072000; includeSubDomains; preload'), (b'X-Content-Type-Options', b'nosniff'), (b'X-XSS-Protection', b'1; mode=block'), (b'Referrer-Policy', b'strict-origin-when-cross-origin'), (b'cf-cache-status', b'DYNAMIC'), (b'Content-Encoding', b'gzip'), (b'Server', b'cloudflare'), (b'CF-RAY', b'9e570cf2882027d8-LAX')])
2026-04-01 03:53:31,956 - httpx - INFO - HTTP Request: POST https://atoms.dev/api/v1/infra/client/oss/buckets/portal-images/objects/download_url "HTTP/1.1 200 OK"
2026-04-01 03:53:31,956 - httpcore.http11 - DEBUG - receive_response_body.started request=<Request [b'POST']>
2026-04-01 03:53:31,957 - httpcore.http11 - DEBUG - receive_response_body.complete
2026-04-01 03:53:31,957 - httpcore.http11 - DEBUG - response_closed.started
2026-04-01 03:53:31,957 - httpcore.http11 - DEBUG - response_closed.complete
2026-04-01 03:53:31,958 - httpcore.connection - DEBUG - close.started
2026-04-01 03:53:31,958 - httpcore.connection - DEBUG - close.complete
2026-04-01 03:53:32,068 - httpcore.connection - DEBUG - start_tls.complete return_value=<httpcore._backends.anyio.AnyIOStream object at 0x7f8d77a75720>
2026-04-01 03:53:32,071 - httpcore.http11 - DEBUG - send_request_headers.started request=<Request [b'POST']>
2026-04-01 03:53:32,072 - httpcore.connection - DEBUG - start_tls.complete return_value=<httpcore._backends.anyio.AnyIOStream object at 0x7f8d7de20400>
2026-04-01 03:53:32,072 - httpcore.http11 - DEBUG - send_request_headers.complete
2026-04-01 03:53:32,072 - httpcore.http11 - DEBUG - send_request_body.started request=<Request [b'POST']>
2026-04-01 03:53:32,073 - httpcore.http11 - DEBUG - send_request_headers.started request=<Request [b'POST']>
2026-04-01 03:53:32,073 - httpcore.http11 - DEBUG - send_request_body.complete
2026-04-01 03:53:32,073 - httpcore.http11 - DEBUG - receive_response_headers.started request=<Request [b'POST']>
2026-04-01 03:53:32,073 - httpcore.http11 - DEBUG - send_request_headers.complete
2026-04-01 03:53:32,074 - httpcore.http11 - DEBUG - send_request_body.started request=<Request [b'POST']>
2026-04-01 03:53:32,074 - httpcore.http11 - DEBUG - send_request_body.complete
2026-04-01 03:53:32,074 - httpcore.http11 - DEBUG - receive_response_headers.started request=<Request [b'POST']>
2026-04-01 03:53:32,240 - httpcore.http11 - DEBUG - receive_response_headers.complete return_value=(b'HTTP/1.1', 200, b'OK', [(b'Date', b'Wed, 01 Apr 2026 10:53:32 GMT'), (b'Content-Type', b'application/json; charset=utf-8'), (b'Transfer-Encoding', b'chunked'), (b'Connection', b'keep-alive'), (b'Access-Control-Allow-Headers', b'Origin, Content-Type, Accept, Authorization'), (b'Access-Control-Allow-Methods', b'GET, POST, PUT, DELETE, OPTIONS'), (b'Access-Control-Allow-Origin', b'*'), (b'Access-Control-Max-Age', b'86400'), (b'X-Request-Id', b'32fc589fd0ea1ed37babaab5c1dd70b2'), (b'X-Trace-Id', b'34b08a83c18d421f936a148049de7593'), (b'Content-Security-Policy', b"frame-ancestors 'self' https://atoms.dev"), (b'Strict-Transport-Security', b'max-age=63072000; includeSubDomains; preload'), (b'X-Content-Type-Options', b'nosniff'), (b'X-XSS-Protection', b'1; mode=block'), (b'Referrer-Policy', b'strict-origin-when-cross-origin'), (b'cf-cache-status', b'DYNAMIC'), (b'Content-Encoding', b'gzip'), (b'Server', b'cloudflare'), (b'CF-RAY', b'9e570cf45854d7ab-LAX')])
2026-04-01 03:53:32,240 - httpx - INFO - HTTP Request: POST https://atoms.dev/api/v1/infra/client/oss/buckets/portal-images/objects/download_url "HTTP/1.1 200 OK"
2026-04-01 03:53:32,241 - httpcore.http11 - DEBUG - receive_response_body.started request=<Request [b'POST']>
2026-04-01 03:53:32,241 - httpcore.http11 - DEBUG - receive_response_body.complete
2026-04-01 03:53:32,241 - httpcore.http11 - DEBUG - response_closed.started
2026-04-01 03:53:32,241 - httpcore.http11 - DEBUG - response_closed.complete
2026-04-01 03:53:32,243 - httpcore.connection - DEBUG - close.started
2026-04-01 03:53:32,243 - httpcore.connection - DEBUG - close.complete
2026-04-01 03:53:32,248 - httpcore.http11 - DEBUG - receive_response_headers.complete return_value=(b'HTTP/1.1', 200, b'OK', [(b'Date', b'Wed, 01 Apr 2026 10:53:32 GMT'), (b'Content-Type', b'application/json; charset=utf-8'), (b'Transfer-Encoding', b'chunked'), (b'Connection', b'keep-alive'), (b'Access-Control-Allow-Headers', b'Origin, Content-Type, Accept, Authorization'), (b'Access-Control-Allow-Methods', b'GET, POST, PUT, DELETE, OPTIONS'), (b'Access-Control-Allow-Origin', b'*'), (b'Access-Control-Max-Age', b'86400'), (b'X-Request-Id', b'270c3ebbc6c916c718dd9af1bfc303d9'), (b'X-Trace-Id', b'73292f050d2041dd8422aa316167dfbb'), (b'Content-Security-Policy', b"frame-ancestors 'self' https://atoms.dev"), (b'Strict-Transport-Security', b'max-age=63072000; includeSubDomains; preload'), (b'X-Content-Type-Options', b'nosniff'), (b'X-XSS-Protection', b'1; mode=block'), (b'Referrer-Policy', b'strict-origin-when-cross-origin'), (b'cf-cache-status', b'DYNAMIC'), (b'Content-Encoding', b'gzip'), (b'Server', b'cloudflare'), (b'CF-RAY', b'9e570cf45e3a2f59-LAX')])
2026-04-01 03:53:32,248 - httpx - INFO - HTTP Request: POST https://atoms.dev/api/v1/infra/client/oss/buckets/portal-images/objects/download_url "HTTP/1.1 200 OK"
2026-04-01 03:53:32,249 - httpcore.http11 - DEBUG - receive_response_body.started request=<Request [b'POST']>
2026-04-01 03:53:32,249 - httpcore.http11 - DEBUG - receive_response_body.complete
2026-04-01 03:53:32,249 - httpcore.http11 - DEBUG - response_closed.started
2026-04-01 03:53:32,250 - httpcore.http11 - DEBUG - response_closed.complete
2026-04-01 03:53:32,250 - httpcore.connection - DEBUG - close.started
2026-04-01 03:53:32,250 - httpcore.connection - DEBUG - close.complete
2026-04-01 03:55:04,518 - core.database - DEBUG - [DB_OP] Starting get_db session creation
2026-04-01 03:55:04,519 - core.database - DEBUG - [DB_OP] Database session created successfully in 0.0005s
2026-04-01 03:55:04,520 - routers.bus_routes - DEBUG - Querying bus_routess: query=None, sort=sort_order, skip=0, limit=50, fields=None
2026-04-01 03:55:05,020 - routers.bus_routes - DEBUG - Found 4 bus_routess
2026-04-01 03:55:05,027 - core.database - DEBUG - [DB_OP] Database session cleanup after 0.5093s
2026-04-01 03:55:14,520 - services.database - DEBUG - [DB_OP] Starting database close
2026-04-01 03:55:14,854 - core.database - INFO - Database connection closed and engine disposed
2026-04-01 03:55:14,854 - services.database - INFO - Database connections closed
2026-04-01 03:55:14,854 - services.database - DEBUG - [DB_OP] Database close completed in 0.3339s
