2026-04-02 10:00:38,238 - main - INFO - === Logging system initialized ===
2026-04-02 10:00:38,239 - main - INFO - Log file: logs/app_20260402_100038.log
2026-04-02 10:00:38,240 - main - INFO - Log level: INFO
2026-04-02 10:00:38,240 - main - INFO - Timestamp: 20260402_100038
2026-04-02 10:00:38,247 - main - INFO - Included router: routers.admin_auth.router
2026-04-02 10:00:38,843 - main - INFO - Included router: routers.aihub.router
2026-04-02 10:00:38,895 - main - INFO - Included router: routers.announcements.router
2026-04-02 10:00:38,914 - main - INFO - Included router: routers.auth.router
2026-04-02 10:00:38,957 - main - INFO - Included router: routers.banners.router
2026-04-02 10:00:39,096 - main - INFO - Included router: routers.become_master_requests.router
2026-04-02 10:00:39,143 - main - INFO - Included router: routers.bus_notifications.router
2026-04-02 10:00:39,198 - main - INFO - Included router: routers.bus_routes.router
2026-04-02 10:00:39,247 - main - INFO - Included router: routers.bus_stops.router
2026-04-02 10:00:39,296 - main - INFO - Included router: routers.categories.router
2026-04-02 10:00:39,347 - main - INFO - Included router: routers.complaints.router
2026-04-02 10:00:39,351 - main - INFO - Included router: routers.debug_schema.router
2026-04-02 10:00:39,405 - main - INFO - Included router: routers.directory_entries.router
2026-04-02 10:00:39,449 - main - INFO - Included router: routers.food_categories.router
2026-04-02 10:00:39,488 - main - INFO - Included router: routers.food_item_modifiers.router
2026-04-02 10:00:39,537 - main - INFO - Included router: routers.food_items.router
2026-04-02 10:00:39,579 - main - INFO - Included router: routers.food_modifiers.router
2026-04-02 10:00:39,710 - main - INFO - Included router: routers.food_orders.router
2026-04-02 10:00:39,877 - main - INFO - Included router: routers.food_settings.router
2026-04-02 10:00:39,914 - main - INFO - Included router: routers.frontpad.router
2026-04-02 10:00:39,957 - main - INFO - Included router: routers.frontpad_settings.router
2026-04-02 10:00:40,003 - main - INFO - Included router: routers.frontpad_sync_log.router
2026-04-02 10:00:40,006 - main - INFO - Included router: routers.health.router
2026-04-02 10:00:40,065 - main - INFO - Included router: routers.health_check.router
2026-04-02 10:00:40,109 - main - INFO - Included router: routers.history_events.router
2026-04-02 10:00:40,162 - main - INFO - Included router: routers.homepage_stats.router
2026-04-02 10:00:40,213 - main - INFO - Included router: routers.inspectors.router
2026-04-02 10:00:40,256 - main - INFO - Included router: routers.item_modifier_groups.router
2026-04-02 10:00:40,317 - main - INFO - Included router: routers.jobs.router
2026-04-02 10:00:40,379 - main - INFO - Included router: routers.master_requests.router
2026-04-02 10:00:40,441 - main - INFO - Included router: routers.masters.router
2026-04-02 10:00:40,495 - main - INFO - Included router: routers.modifier_groups.router
2026-04-02 10:00:40,714 - main - INFO - Included router: routers.modifier_options.router
2026-04-02 10:00:40,798 - main - INFO - Included router: routers.news.router
2026-04-02 10:00:40,856 - main - INFO - Included router: routers.question_answers.router
2026-04-02 10:00:40,904 - main - INFO - Included router: routers.questions.router
2026-04-02 10:00:40,968 - main - INFO - Included router: routers.real_estate.router
2026-04-02 10:00:40,989 - main - INFO - Included router: routers.settings.router
2026-04-02 10:00:41,031 - main - INFO - Included router: routers.storage.router
2026-04-02 10:00:41,058 - main - INFO - Included router: routers.telegram.router
2026-04-02 10:00:41,069 - main - INFO - Included router: routers.user.router
2026-04-02 10:00:41,121 - main - INFO - Included router: routers.user_preferences.router
2026-04-02 10:00:41,124 - main - INFO - Included router: routers.weather.router
2026-04-02 10:00:41,126 - main - INFO - === Application startup initiated ===
2026-04-02 10:00:41,126 - services.database - INFO - Ignore creating tables
2026-04-02 10:00:41,126 - services.mock_data - INFO - Ignore initialize data
2026-04-02 10:00:41,126 - services.auth - INFO - Ignore initialize admin
2026-04-02 10:00:41,126 - core.database - WARNING - Database not initialized, attempting lazy initialization...
2026-04-02 10:00:41,126 - core.database - INFO - Starting database initialization...
2026-04-02 10:00:41,127 - core.config - DEBUG - Read dynamic attribute database_url from environment variable DATABASE_URL
2026-04-02 10:00:41,127 - core.database - INFO - Database init attempt 1/5...
2026-04-02 10:00:41,128 - core.database - INFO - Normalized database URL (masked): postgresql+asyncpg://neondb_owner:***@ep-cool-wave-ad8598va.c-2.us-east-1.aws.neon.tech/neondb?ssl=require
2026-04-02 10:00:41,128 - core.database - INFO - Using QueuePool with connection pooling
2026-04-02 10:00:42,460 - core.database - INFO - Database connection initialized successfully
2026-04-02 10:00:42,461 - core.database - DEBUG - [DB_OP] Starting create_tables
2026-04-02 10:00:42,461 - core.database - INFO - 🔧 Table creation attempt 1/3...
2026-04-02 10:00:42,461 - core.database - INFO - 🔧 Starting table structure repair...
2026-04-02 10:00:42,963 - core.database - INFO - 🔧 Repairing 37 existing tables...
2026-04-02 10:00:42,963 - core.database - DEBUG - Checking table structure for: users
2026-04-02 10:00:42,964 - core.database - DEBUG - Checking table structure for: oidc_states
2026-04-02 10:00:42,966 - core.database - DEBUG - Checking table structure for: admin_credentials
2026-04-02 10:00:42,967 - core.database - DEBUG - Checking table structure for: admin_login_attempts
2026-04-02 10:00:42,968 - core.database - DEBUG - Checking table structure for: admin_login_lockouts
2026-04-02 10:00:42,969 - core.database - DEBUG - Checking table structure for: announcements
2026-04-02 10:00:42,970 - core.database - DEBUG - Checking table structure for: banners
2026-04-02 10:00:42,972 - core.database - DEBUG - Checking table structure for: become_master_requests
2026-04-02 10:00:42,973 - core.database - DEBUG - Checking table structure for: bus_notifications
2026-04-02 10:00:42,975 - core.database - DEBUG - Checking table structure for: bus_routes
2026-04-02 10:00:43,689 - core.database - DEBUG - Table users structure is up to date
2026-04-02 10:00:43,689 - core.database - INFO - Table users repaired in 0.73s
2026-04-02 10:00:43,689 - core.database - DEBUG - Checking table structure for: bus_stops
2026-04-02 10:00:43,808 - core.database - DEBUG - Table oidc_states structure is up to date
2026-04-02 10:00:43,808 - core.database - INFO - Table oidc_states repaired in 0.84s
2026-04-02 10:00:43,808 - core.database - DEBUG - Checking table structure for: categories
2026-04-02 10:00:43,896 - core.database - DEBUG - Table bus_routes structure is up to date
2026-04-02 10:00:43,896 - core.database - INFO - Table bus_routes repaired in 0.92s
2026-04-02 10:00:43,897 - core.database - DEBUG - Checking table structure for: complaints
2026-04-02 10:00:43,915 - core.database - DEBUG - Table bus_notifications structure is up to date
2026-04-02 10:00:43,916 - core.database - INFO - Table bus_notifications repaired in 0.94s
2026-04-02 10:00:43,916 - core.database - DEBUG - Checking table structure for: directory_entries
2026-04-02 10:00:43,919 - core.database - DEBUG - Table admin_login_attempts structure is up to date
2026-04-02 10:00:43,919 - core.database - INFO - Table admin_login_attempts repaired in 0.95s
2026-04-02 10:00:43,920 - core.database - DEBUG - Checking table structure for: food_categories
2026-04-02 10:00:43,921 - core.database - DEBUG - Table announcements structure is up to date
2026-04-02 10:00:43,921 - core.database - INFO - Table announcements repaired in 0.95s
2026-04-02 10:00:43,922 - core.database - DEBUG - Checking table structure for: food_item_modifiers
2026-04-02 10:00:43,924 - core.database - DEBUG - Table admin_credentials structure is up to date
2026-04-02 10:00:43,925 - core.database - INFO - Table admin_credentials repaired in 0.96s
2026-04-02 10:00:43,925 - core.database - DEBUG - Checking table structure for: food_items
2026-04-02 10:00:43,926 - core.database - DEBUG - Table become_master_requests structure is up to date
2026-04-02 10:00:43,926 - core.database - INFO - Table become_master_requests repaired in 0.95s
2026-04-02 10:00:43,926 - core.database - DEBUG - Checking table structure for: food_modifiers
2026-04-02 10:00:43,928 - core.database - DEBUG - Table banners structure is up to date
2026-04-02 10:00:43,928 - core.database - INFO - Table banners repaired in 0.96s
2026-04-02 10:00:43,928 - core.database - DEBUG - Checking table structure for: food_orders
2026-04-02 10:00:43,929 - core.database - DEBUG - Table admin_login_lockouts structure is up to date
2026-04-02 10:00:43,930 - core.database - INFO - Table admin_login_lockouts repaired in 0.96s
2026-04-02 10:00:43,931 - core.database - DEBUG - Checking table structure for: food_settings
2026-04-02 10:00:44,067 - core.database - DEBUG - Table bus_stops structure is up to date
2026-04-02 10:00:44,068 - core.database - INFO - Table bus_stops repaired in 1.09s
2026-04-02 10:00:44,068 - core.database - DEBUG - Checking table structure for: frontpad_settings
2026-04-02 10:00:44,247 - core.database - DEBUG - Table categories structure is up to date
2026-04-02 10:00:44,248 - core.database - INFO - Table categories repaired in 1.27s
2026-04-02 10:00:44,248 - core.database - DEBUG - Checking table structure for: frontpad_sync_log
2026-04-02 10:00:44,336 - core.database - DEBUG - Table complaints structure is up to date
2026-04-02 10:00:44,337 - core.database - INFO - Table complaints repaired in 1.36s
2026-04-02 10:00:44,337 - core.database - DEBUG - Checking table structure for: health_check
2026-04-02 10:00:44,357 - core.database - DEBUG - Table directory_entries structure is up to date
2026-04-02 10:00:44,357 - core.database - INFO - Table directory_entries repaired in 1.38s
2026-04-02 10:00:44,358 - core.database - DEBUG - Checking table structure for: history_events
2026-04-02 10:00:44,364 - core.database - DEBUG - Table food_item_modifiers structure is up to date
2026-04-02 10:00:44,364 - core.database - INFO - Table food_item_modifiers repaired in 1.39s
2026-04-02 10:00:44,365 - core.database - DEBUG - Checking table structure for: homepage_stats
2026-04-02 10:00:44,368 - core.database - DEBUG - Table food_items structure is up to date
2026-04-02 10:00:44,369 - core.database - INFO - Table food_items repaired in 1.39s
2026-04-02 10:00:44,369 - core.database - DEBUG - Checking table structure for: inspectors
2026-04-02 10:00:44,378 - core.database - DEBUG - Table food_settings structure is up to date
2026-04-02 10:00:44,379 - core.database - INFO - Table food_settings repaired in 1.40s
2026-04-02 10:00:44,379 - core.database - DEBUG - Checking table structure for: item_modifier_groups
2026-04-02 10:00:44,381 - core.database - DEBUG - Table food_orders structure is up to date
2026-04-02 10:00:44,381 - core.database - INFO - Table food_orders repaired in 1.41s
2026-04-02 10:00:44,382 - core.database - DEBUG - Checking table structure for: jobs
2026-04-02 10:00:44,383 - core.database - DEBUG - Table food_modifiers structure is up to date
2026-04-02 10:00:44,383 - core.database - INFO - Table food_modifiers repaired in 1.41s
2026-04-02 10:00:44,383 - core.database - DEBUG - Checking table structure for: master_requests
2026-04-02 10:00:44,390 - core.database - DEBUG - Table food_categories structure is up to date
2026-04-02 10:00:44,390 - core.database - INFO - Table food_categories repaired in 1.41s
2026-04-02 10:00:44,390 - core.database - DEBUG - Checking table structure for: masters
2026-04-02 10:00:44,444 - core.database - DEBUG - Table frontpad_settings structure is up to date
2026-04-02 10:00:44,445 - core.database - INFO - Table frontpad_settings repaired in 1.47s
2026-04-02 10:00:44,445 - core.database - DEBUG - Checking table structure for: modifier_groups
2026-04-02 10:00:44,625 - core.database - DEBUG - Table frontpad_sync_log structure is up to date
2026-04-02 10:00:44,625 - core.database - INFO - Table frontpad_sync_log repaired in 1.65s
2026-04-02 10:00:44,625 - core.database - DEBUG - Checking table structure for: modifier_options
2026-04-02 10:00:44,716 - core.database - DEBUG - Table health_check structure is up to date
2026-04-02 10:00:44,717 - core.database - INFO - Table health_check repaired in 1.74s
2026-04-02 10:00:44,717 - core.database - DEBUG - Checking table structure for: news
2026-04-02 10:00:44,741 - core.database - DEBUG - Table history_events structure is up to date
2026-04-02 10:00:44,741 - core.database - INFO - Table history_events repaired in 1.77s
2026-04-02 10:00:44,741 - core.database - DEBUG - Checking table structure for: question_answers
2026-04-02 10:00:44,744 - core.database - DEBUG - Table homepage_stats structure is up to date
2026-04-02 10:00:44,744 - core.database - INFO - Table homepage_stats repaired in 1.77s
2026-04-02 10:00:44,744 - core.database - DEBUG - Checking table structure for: questions
2026-04-02 10:00:44,764 - core.database - DEBUG - Table item_modifier_groups structure is up to date
2026-04-02 10:00:44,764 - core.database - INFO - Table item_modifier_groups repaired in 1.79s
2026-04-02 10:00:44,764 - core.database - DEBUG - Checking table structure for: real_estate
2026-04-02 10:00:44,765 - core.database - DEBUG - Table master_requests structure is up to date
2026-04-02 10:00:44,766 - core.database - INFO - Table master_requests repaired in 1.79s
2026-04-02 10:00:44,766 - core.database - DEBUG - Checking table structure for: user_preferences
2026-04-02 10:00:44,818 - core.database - DEBUG - Table inspectors structure is up to date
2026-04-02 10:00:44,819 - core.database - INFO - Table inspectors repaired in 1.84s
2026-04-02 10:00:44,828 - core.database - DEBUG - Table jobs structure is up to date
2026-04-02 10:00:44,829 - core.database - INFO - Table jobs repaired in 1.85s
2026-04-02 10:00:44,829 - core.database - DEBUG - Table masters structure is up to date
2026-04-02 10:00:44,829 - core.database - INFO - Table masters repaired in 1.85s
2026-04-02 10:00:44,881 - core.database - DEBUG - Table modifier_groups structure is up to date
2026-04-02 10:00:44,882 - core.database - INFO - Table modifier_groups repaired in 1.91s
2026-04-02 10:00:45,001 - core.database - DEBUG - Table modifier_options structure is up to date
2026-04-02 10:00:45,002 - core.database - INFO - Table modifier_options repaired in 2.03s
2026-04-02 10:00:45,160 - core.database - DEBUG - Table news structure is up to date
2026-04-02 10:00:45,161 - core.database - INFO - Table news repaired in 2.18s
2026-04-02 10:00:45,189 - core.database - DEBUG - Table question_answers structure is up to date
2026-04-02 10:00:45,189 - core.database - INFO - Table question_answers repaired in 2.21s
2026-04-02 10:00:45,193 - core.database - DEBUG - Table questions structure is up to date
2026-04-02 10:00:45,193 - core.database - INFO - Table questions repaired in 2.22s
2026-04-02 10:00:45,226 - core.database - DEBUG - Table user_preferences structure is up to date
2026-04-02 10:00:45,227 - core.database - INFO - Table user_preferences repaired in 2.25s
2026-04-02 10:00:45,310 - core.database - DEBUG - Table real_estate structure is up to date
2026-04-02 10:00:45,311 - core.database - INFO - Table real_estate repaired in 2.33s
2026-04-02 10:00:45,311 - core.database - INFO - 🔧 Table structure repair completed in 2.8496s
2026-04-02 10:00:45,311 - core.database - INFO - 🔧 Table structure repair completed
2026-04-02 10:00:45,311 - core.database - INFO - 🔧 Starting table creation...
2026-04-02 10:00:47,982 - core.database - INFO - Tables initialized successfully
2026-04-02 10:00:47,983 - core.database - DEBUG - [DB_OP] Create tables completed in 5.5220s
2026-04-02 10:00:48,047 - core.database - INFO - Lazy database initialization completed successfully
2026-04-02 10:00:48,840 - routers.admin_auth - INFO - [Admin Auth] Pre-computed 3 alternative password hashes for 'admin' account
2026-04-02 10:00:49,704 - routers.admin_auth - INFO - [Admin Auth] Admin credentials updated (username: admin)
2026-04-02 10:00:50,082 - routers.admin_auth - DEBUG - [Admin Auth] Legacy admin credentials already exist
2026-04-02 10:00:50,604 - routers.admin_auth - INFO - [Admin Auth] Main admin credentials updated (username: alemgersrt24)
2026-04-02 10:00:50,604 - core.config - DEBUG - Read dynamic attribute oss_service_url from environment variable OSS_SERVICE_URL
2026-04-02 10:00:50,605 - core.config - DEBUG - Read dynamic attribute oss_api_key from environment variable OSS_API_KEY
2026-04-02 10:00:50,712 - httpcore.connection - DEBUG - connect_tcp.started host='atoms.dev' port=443 local_address=None timeout=120.0 socket_options=None
2026-04-02 10:00:50,718 - httpcore.connection - DEBUG - connect_tcp.complete return_value=<httpcore._backends.anyio.AnyIOStream object at 0x7f0a20c16380>
2026-04-02 10:00:50,719 - httpcore.connection - DEBUG - start_tls.started ssl_context=<ssl.SSLContext object at 0x7f0a20cafac0> server_hostname='atoms.dev' timeout=120.0
2026-04-02 10:00:50,725 - httpcore.connection - DEBUG - start_tls.complete return_value=<httpcore._backends.anyio.AnyIOStream object at 0x7f0a20c15270>
2026-04-02 10:00:50,726 - httpcore.http11 - DEBUG - send_request_headers.started request=<Request [b'GET']>
2026-04-02 10:00:50,726 - httpcore.http11 - DEBUG - send_request_headers.complete
2026-04-02 10:00:50,726 - httpcore.http11 - DEBUG - send_request_body.started request=<Request [b'GET']>
2026-04-02 10:00:50,726 - httpcore.http11 - DEBUG - send_request_body.complete
2026-04-02 10:00:50,727 - httpcore.http11 - DEBUG - receive_response_headers.started request=<Request [b'GET']>
2026-04-02 10:00:50,758 - httpcore.http11 - DEBUG - receive_response_headers.complete return_value=(b'HTTP/1.1', 200, b'OK', [(b'Date', b'Thu, 02 Apr 2026 17:00:50 GMT'), (b'Content-Type', b'application/json; charset=utf-8'), (b'Transfer-Encoding', b'chunked'), (b'Connection', b'keep-alive'), (b'Access-Control-Allow-Headers', b'Origin, Content-Type, Accept, Authorization'), (b'Access-Control-Allow-Methods', b'GET, POST, PUT, DELETE, OPTIONS'), (b'Access-Control-Allow-Origin', b'*'), (b'Access-Control-Max-Age', b'86400'), (b'X-Request-Id', b'baf0b33b8c965d2295c2ab1f8deaced2'), (b'X-Trace-Id', b'419ac4e723fc4f7f8e36a392923f6ef1'), (b'Content-Security-Policy', b"frame-ancestors 'self' https://atoms.dev"), (b'Strict-Transport-Security', b'max-age=63072000; includeSubDomains; preload'), (b'X-Content-Type-Options', b'nosniff'), (b'X-XSS-Protection', b'1; mode=block'), (b'Referrer-Policy', b'strict-origin-when-cross-origin'), (b'cf-cache-status', b'DYNAMIC'), (b'Content-Encoding', b'gzip'), (b'Server', b'cloudflare'), (b'CF-RAY', b'9e6164610ab7d7a8-LAX')])
2026-04-02 10:00:50,759 - httpx - INFO - HTTP Request: GET https://atoms.dev/api/v1/infra/client/oss/buckets "HTTP/1.1 200 OK"
2026-04-02 10:00:50,759 - httpcore.http11 - DEBUG - receive_response_body.started request=<Request [b'GET']>
2026-04-02 10:00:50,760 - httpcore.http11 - DEBUG - receive_response_body.complete
2026-04-02 10:00:50,760 - httpcore.http11 - DEBUG - response_closed.started
2026-04-02 10:00:50,760 - httpcore.http11 - DEBUG - response_closed.complete
2026-04-02 10:00:50,761 - httpcore.connection - DEBUG - close.started
2026-04-02 10:00:50,761 - httpcore.connection - DEBUG - close.complete
2026-04-02 10:00:50,761 - services.bucket_init - INFO - Bucket 'portal-images' already exists
2026-04-02 10:00:50,761 - main - INFO - === Application startup completed ===
2026-04-02 10:00:57,421 - core.database - DEBUG - [DB_OP] Starting get_db session creation
2026-04-02 10:00:57,422 - core.database - DEBUG - [DB_OP] Database session created successfully in 0.0005s
2026-04-02 10:00:57,423 - routers.categories - DEBUG - Querying categoriess: query=None, sort=None, skip=0, limit=1, fields=None
2026-04-02 10:00:57,927 - routers.categories - DEBUG - Found 45 categoriess
2026-04-02 10:00:57,928 - core.database - DEBUG - [DB_OP] Database session cleanup after 0.5068s
2026-04-02 10:00:58,282 - core.database - DEBUG - [DB_OP] Starting get_db session creation
2026-04-02 10:00:58,282 - core.database - DEBUG - [DB_OP] Database session created successfully in 0.0004s
2026-04-02 10:00:58,283 - routers.news - DEBUG - Querying newss: query={"published":true}, sort=-created_at, skip=0, limit=6, fields=None
2026-04-02 10:00:58,287 - core.database - DEBUG - [DB_OP] Starting get_db session creation
2026-04-02 10:00:58,287 - core.database - DEBUG - [DB_OP] Database session created successfully in 0.0002s
2026-04-02 10:00:58,289 - routers.complaints - DEBUG - Querying complaintss: query=None, sort=-created_at, skip=0, limit=3, fields=None
2026-04-02 10:00:58,295 - core.database - DEBUG - [DB_OP] Starting get_db session creation
2026-04-02 10:00:58,295 - core.database - DEBUG - [DB_OP] Database session created successfully in 0.0004s
2026-04-02 10:00:58,296 - routers.jobs - DEBUG - Querying jobss: query={"active":true}, sort=-created_at, skip=0, limit=3, fields=None
2026-04-02 10:00:58,331 - httpcore.connection - DEBUG - connect_tcp.started host='api.openweathermap.org' port=443 local_address=None timeout=10.0 socket_options=None
2026-04-02 10:00:58,372 - httpcore.connection - DEBUG - connect_tcp.complete return_value=<httpcore._backends.anyio.AnyIOStream object at 0x7f0a270093f0>
2026-04-02 10:00:58,373 - httpcore.connection - DEBUG - start_tls.started ssl_context=<ssl.SSLContext object at 0x7f0a26fcbc40> server_hostname='api.openweathermap.org' timeout=10.0
2026-04-02 10:00:58,408 - httpcore.connection - DEBUG - start_tls.complete return_value=<httpcore._backends.anyio.AnyIOStream object at 0x7f0a26fdff40>
2026-04-02 10:00:58,408 - httpcore.http11 - DEBUG - send_request_headers.started request=<Request [b'GET']>
2026-04-02 10:00:58,409 - httpcore.http11 - DEBUG - send_request_headers.complete
2026-04-02 10:00:58,409 - httpcore.http11 - DEBUG - send_request_body.started request=<Request [b'GET']>
2026-04-02 10:00:58,409 - httpcore.http11 - DEBUG - send_request_body.complete
2026-04-02 10:00:58,409 - httpcore.http11 - DEBUG - receive_response_headers.started request=<Request [b'GET']>
2026-04-02 10:00:58,440 - httpcore.http11 - DEBUG - receive_response_headers.complete return_value=(b'HTTP/1.1', 200, b'OK', [(b'Date', b'Thu, 02 Apr 2026 17:00:58 GMT'), (b'Content-Type', b'application/json; charset=utf-8'), (b'Content-Length', b'551'), (b'Connection', b'keep-alive'), (b'X-Cache-Key', b'/data/2.5/weather?lang=ru&q=karaganda&units=metric'), (b'Access-Control-Allow-Origin', b'*'), (b'Access-Control-Allow-Credentials', b'true'), (b'Access-Control-Allow-Methods', b'GET, POST')])
2026-04-02 10:00:58,441 - httpx - INFO - HTTP Request: GET https://api.openweathermap.org/data/2.5/weather?q=Karaganda&units=metric&lang=ru&appid=ae3471b8d67a2e46b753ece3875423c9 "HTTP/1.1 200 OK"
2026-04-02 10:00:58,441 - httpcore.http11 - DEBUG - receive_response_body.started request=<Request [b'GET']>
2026-04-02 10:00:58,441 - httpcore.http11 - DEBUG - receive_response_body.complete
2026-04-02 10:00:58,441 - httpcore.http11 - DEBUG - response_closed.started
2026-04-02 10:00:58,441 - httpcore.http11 - DEBUG - response_closed.complete
2026-04-02 10:00:58,442 - httpcore.connection - DEBUG - close.started
2026-04-02 10:00:58,442 - httpcore.connection - DEBUG - close.complete
2026-04-02 10:00:58,442 - routers.weather - INFO - [Weather] Fetched: 7°C, переменная облачность
2026-04-02 10:00:58,449 - core.database - DEBUG - [DB_OP] Starting get_db session creation
2026-04-02 10:00:58,450 - core.database - DEBUG - [DB_OP] Database session created successfully in 0.0006s
2026-04-02 10:00:58,451 - routers.homepage_stats - DEBUG - Querying homepage_statss: query=None, sort=None, skip=0, limit=1, fields=None
2026-04-02 10:00:58,538 - httpcore.connection - DEBUG - connect_tcp.started host='atoms.dev' port=443 local_address=None timeout=120.0 socket_options=None
2026-04-02 10:00:58,569 - httpcore.connection - DEBUG - connect_tcp.started host='atoms.dev' port=443 local_address=None timeout=120.0 socket_options=None
2026-04-02 10:00:58,573 - httpcore.connection - DEBUG - connect_tcp.complete return_value=<httpcore._backends.anyio.AnyIOStream object at 0x7f0a0bf3c2e0>
2026-04-02 10:00:58,573 - httpcore.connection - DEBUG - start_tls.started ssl_context=<ssl.SSLContext object at 0x7f0a2701e140> server_hostname='atoms.dev' timeout=120.0
2026-04-02 10:00:58,582 - httpcore.connection - DEBUG - start_tls.complete return_value=<httpcore._backends.anyio.AnyIOStream object at 0x7f0a0bf3c040>
2026-04-02 10:00:58,583 - httpcore.http11 - DEBUG - send_request_headers.started request=<Request [b'POST']>
2026-04-02 10:00:58,583 - httpcore.http11 - DEBUG - send_request_headers.complete
2026-04-02 10:00:58,583 - httpcore.http11 - DEBUG - send_request_body.started request=<Request [b'POST']>
2026-04-02 10:00:58,584 - httpcore.http11 - DEBUG - send_request_body.complete
2026-04-02 10:00:58,584 - httpcore.http11 - DEBUG - receive_response_headers.started request=<Request [b'POST']>
2026-04-02 10:00:58,584 - httpcore.connection - DEBUG - connect_tcp.complete return_value=<httpcore._backends.anyio.AnyIOStream object at 0x7f0a0bf3e560>
2026-04-02 10:00:58,584 - httpcore.connection - DEBUG - start_tls.started ssl_context=<ssl.SSLContext object at 0x7f0a2701e2c0> server_hostname='atoms.dev' timeout=120.0
2026-04-02 10:00:58,595 - httpcore.connection - DEBUG - start_tls.complete return_value=<httpcore._backends.anyio.AnyIOStream object at 0x7f0a0bf3e2f0>
2026-04-02 10:00:58,596 - httpcore.http11 - DEBUG - send_request_headers.started request=<Request [b'POST']>
2026-04-02 10:00:58,596 - httpcore.http11 - DEBUG - send_request_headers.complete
2026-04-02 10:00:58,596 - httpcore.http11 - DEBUG - send_request_body.started request=<Request [b'POST']>
2026-04-02 10:00:58,597 - httpcore.http11 - DEBUG - send_request_body.complete
2026-04-02 10:00:58,597 - httpcore.http11 - DEBUG - receive_response_headers.started request=<Request [b'POST']>
2026-04-02 10:00:58,622 - httpcore.http11 - DEBUG - receive_response_headers.complete return_value=(b'HTTP/1.1', 200, b'OK', [(b'Date', b'Thu, 02 Apr 2026 17:00:58 GMT'), (b'Content-Type', b'application/json; charset=utf-8'), (b'Transfer-Encoding', b'chunked'), (b'Connection', b'keep-alive'), (b'Access-Control-Allow-Headers', b'Origin, Content-Type, Accept, Authorization'), (b'Access-Control-Allow-Methods', b'GET, POST, PUT, DELETE, OPTIONS'), (b'Access-Control-Allow-Origin', b'*'), (b'Access-Control-Max-Age', b'86400'), (b'X-Request-Id', b'fa4a5fce0e19ff7395f9c736bce6613b'), (b'X-Trace-Id', b'fc9b59cf6f78410c8492049f8eb0258f'), (b'Content-Security-Policy', b"frame-ancestors 'self' https://atoms.dev"), (b'Strict-Transport-Security', b'max-age=63072000; includeSubDomains; preload'), (b'X-Content-Type-Options', b'nosniff'), (b'X-XSS-Protection', b'1; mode=block'), (b'Referrer-Policy', b'strict-origin-when-cross-origin'), (b'cf-cache-status', b'DYNAMIC'), (b'Content-Encoding', b'gzip'), (b'Server', b'cloudflare'), (b'CF-RAY', b'9e6164922c8755da-LAX')])
2026-04-02 10:00:58,623 - httpx - INFO - HTTP Request: POST https://atoms.dev/api/v1/infra/client/oss/buckets/portal-images/objects/download_url "HTTP/1.1 200 OK"
2026-04-02 10:00:58,623 - httpcore.http11 - DEBUG - receive_response_body.started request=<Request [b'POST']>
2026-04-02 10:00:58,623 - httpcore.http11 - DEBUG - receive_response_body.complete
2026-04-02 10:00:58,624 - httpcore.http11 - DEBUG - response_closed.started
2026-04-02 10:00:58,624 - httpcore.http11 - DEBUG - response_closed.complete
2026-04-02 10:00:58,624 - httpcore.connection - DEBUG - close.started
2026-04-02 10:00:58,625 - httpcore.connection - DEBUG - close.complete
2026-04-02 10:00:58,625 - httpcore.http11 - DEBUG - receive_response_headers.complete return_value=(b'HTTP/1.1', 200, b'OK', [(b'Date', b'Thu, 02 Apr 2026 17:00:58 GMT'), (b'Content-Type', b'application/json; charset=utf-8'), (b'Transfer-Encoding', b'chunked'), (b'Connection', b'keep-alive'), (b'Access-Control-Allow-Headers', b'Origin, Content-Type, Accept, Authorization'), (b'Access-Control-Allow-Methods', b'GET, POST, PUT, DELETE, OPTIONS'), (b'Access-Control-Allow-Origin', b'*'), (b'Access-Control-Max-Age', b'86400'), (b'X-Request-Id', b'7c481f69f5886fa183ef0fd8e9853e8a'), (b'X-Trace-Id', b'2c4d4dc1bcb44e948ffa5e28c78ed3f2'), (b'Content-Security-Policy', b"frame-ancestors 'self' https://atoms.dev"), (b'Strict-Transport-Security', b'max-age=63072000; includeSubDomains; preload'), (b'X-Content-Type-Options', b'nosniff'), (b'X-XSS-Protection', b'1; mode=block'), (b'Referrer-Policy', b'strict-origin-when-cross-origin'), (b'cf-cache-status', b'DYNAMIC'), (b'Content-Encoding', b'gzip'), (b'Server', b'cloudflare'), (b'CF-RAY', b'9e6164923b089d5a-LAX')])
2026-04-02 10:00:58,626 - httpx - INFO - HTTP Request: POST https://atoms.dev/api/v1/infra/client/oss/buckets/portal-images/objects/download_url "HTTP/1.1 200 OK"
2026-04-02 10:00:58,626 - httpcore.http11 - DEBUG - receive_response_body.started request=<Request [b'POST']>
2026-04-02 10:00:58,626 - httpcore.http11 - DEBUG - receive_response_body.complete
2026-04-02 10:00:58,627 - httpcore.http11 - DEBUG - response_closed.started
2026-04-02 10:00:58,627 - httpcore.http11 - DEBUG - response_closed.complete
2026-04-02 10:00:58,627 - httpcore.connection - DEBUG - close.started
2026-04-02 10:00:58,627 - httpcore.connection - DEBUG - close.complete
2026-04-02 10:00:58,671 - core.database - DEBUG - [DB_OP] Starting get_db session creation
2026-04-02 10:00:58,671 - core.database - DEBUG - [DB_OP] Database session created successfully in 0.0006s
2026-04-02 10:00:58,672 - routers.banners - DEBUG - Querying bannerss: query={"active":true}, sort=None, skip=0, limit=4, fields=None
2026-04-02 10:00:58,719 - httpcore.connection - DEBUG - connect_tcp.started host='atoms.dev' port=443 local_address=None timeout=120.0 socket_options=None
2026-04-02 10:00:58,736 - httpcore.connection - DEBUG - connect_tcp.complete return_value=<httpcore._backends.anyio.AnyIOStream object at 0x7f0a270087f0>
2026-04-02 10:00:58,737 - httpcore.connection - DEBUG - start_tls.started ssl_context=<ssl.SSLContext object at 0x7f0a2701e6c0> server_hostname='atoms.dev' timeout=120.0
2026-04-02 10:00:58,749 - httpcore.connection - DEBUG - start_tls.complete return_value=<httpcore._backends.anyio.AnyIOStream object at 0x7f0a2700b3d0>
2026-04-02 10:00:58,749 - httpcore.http11 - DEBUG - send_request_headers.started request=<Request [b'POST']>
2026-04-02 10:00:58,751 - httpcore.http11 - DEBUG - send_request_headers.complete
2026-04-02 10:00:58,752 - httpcore.http11 - DEBUG - send_request_body.started request=<Request [b'POST']>
2026-04-02 10:00:58,753 - httpcore.http11 - DEBUG - send_request_body.complete
2026-04-02 10:00:58,754 - httpcore.http11 - DEBUG - receive_response_headers.started request=<Request [b'POST']>
2026-04-02 10:00:58,781 - httpcore.http11 - DEBUG - receive_response_headers.complete return_value=(b'HTTP/1.1', 200, b'OK', [(b'Date', b'Thu, 02 Apr 2026 17:00:58 GMT'), (b'Content-Type', b'application/json; charset=utf-8'), (b'Transfer-Encoding', b'chunked'), (b'Connection', b'keep-alive'), (b'Access-Control-Allow-Headers', b'Origin, Content-Type, Accept, Authorization'), (b'Access-Control-Allow-Methods', b'GET, POST, PUT, DELETE, OPTIONS'), (b'Access-Control-Allow-Origin', b'*'), (b'Access-Control-Max-Age', b'86400'), (b'X-Request-Id', b'12eb33edb772b7fa4262c57bce6a1a4e'), (b'X-Trace-Id', b'9bf680753c6a4cddacceec81e09c937b'), (b'Content-Security-Policy', b"frame-ancestors 'self' https://atoms.dev"), (b'Strict-Transport-Security', b'max-age=63072000; includeSubDomains; preload'), (b'X-Content-Type-Options', b'nosniff'), (b'X-XSS-Protection', b'1; mode=block'), (b'Referrer-Policy', b'strict-origin-when-cross-origin'), (b'cf-cache-status', b'DYNAMIC'), (b'Content-Encoding', b'gzip'), (b'Server', b'cloudflare'), (b'CF-RAY', b'9e6164933af8fb84-LAX')])
2026-04-02 10:00:58,782 - httpx - INFO - HTTP Request: POST https://atoms.dev/api/v1/infra/client/oss/buckets/portal-images/objects/download_url "HTTP/1.1 200 OK"
2026-04-02 10:00:58,783 - httpcore.http11 - DEBUG - receive_response_body.started request=<Request [b'POST']>
2026-04-02 10:00:58,783 - httpcore.http11 - DEBUG - receive_response_body.complete
2026-04-02 10:00:58,784 - httpcore.http11 - DEBUG - response_closed.started
2026-04-02 10:00:58,784 - httpcore.http11 - DEBUG - response_closed.complete
2026-04-02 10:00:58,784 - httpcore.connection - DEBUG - close.started
2026-04-02 10:00:58,784 - httpcore.connection - DEBUG - close.complete
2026-04-02 10:00:58,792 - routers.news - DEBUG - Found 10 newss
2026-04-02 10:00:58,793 - core.database - DEBUG - [DB_OP] Database session cleanup after 0.5114s
2026-04-02 10:00:58,855 - routers.jobs - DEBUG - Found 5 jobss
2026-04-02 10:00:58,856 - core.database - DEBUG - [DB_OP] Database session cleanup after 0.5610s
2026-04-02 10:00:58,856 - routers.complaints - DEBUG - Found 12 complaintss
2026-04-02 10:00:58,857 - core.database - DEBUG - [DB_OP] Database session cleanup after 0.5704s
2026-04-02 10:00:58,985 - routers.homepage_stats - DEBUG - Found 1 homepage_statss
2026-04-02 10:00:58,986 - core.database - DEBUG - [DB_OP] Database session cleanup after 0.5364s
2026-04-02 10:00:59,173 - routers.banners - DEBUG - Found 2 bannerss
2026-04-02 10:00:59,174 - core.database - DEBUG - [DB_OP] Database session cleanup after 0.5036s
2026-04-02 10:01:04,845 - core.database - DEBUG - [DB_OP] Starting get_db session creation
2026-04-02 10:01:04,846 - core.database - DEBUG - [DB_OP] Database session created successfully in 0.0008s
2026-04-02 10:01:04,847 - routers.complaints - DEBUG - Querying complaintss: query=None, sort=-created_at, skip=0, limit=50, fields=None
2026-04-02 10:01:04,905 - core.database - DEBUG - [DB_OP] Starting get_db session creation
2026-04-02 10:01:04,905 - core.database - DEBUG - [DB_OP] Database session created successfully in 0.0005s
2026-04-02 10:01:04,906 - routers.inspectors - DEBUG - Querying inspectorss: query=None, sort=precinct_number, skip=0, limit=100, fields=None
2026-04-02 10:01:04,908 - core.database - DEBUG - [DB_OP] Starting get_db session creation
2026-04-02 10:01:04,911 - core.database - DEBUG - [DB_OP] Database session created successfully in 0.0030s
2026-04-02 10:01:04,912 - routers.jobs - DEBUG - Querying jobss: query={"active":true}, sort=-created_at, skip=0, limit=50, fields=None
2026-04-02 10:01:04,914 - core.database - DEBUG - [DB_OP] Starting get_db session creation
2026-04-02 10:01:04,914 - core.database - DEBUG - [DB_OP] Database session created successfully in 0.0002s
2026-04-02 10:01:04,914 - routers.news - DEBUG - Querying newss: query={"published":true}, sort=-created_at, skip=0, limit=50, fields=None
2026-04-02 10:01:04,954 - core.database - DEBUG - [DB_OP] Starting get_db session creation
2026-04-02 10:01:04,955 - core.database - DEBUG - [DB_OP] Database session created successfully in 0.0005s
2026-04-02 10:01:04,955 - routers.real_estate - DEBUG - Querying real_estates: query=None, sort=-created_at, skip=0, limit=100, fields=None
2026-04-02 10:01:05,350 - routers.complaints - DEBUG - Found 12 complaintss
2026-04-02 10:01:05,351 - core.database - DEBUG - [DB_OP] Database session cleanup after 0.5058s
2026-04-02 10:01:05,416 - routers.jobs - DEBUG - Found 5 jobss
2026-04-02 10:01:05,417 - core.database - DEBUG - [DB_OP] Database session cleanup after 0.5083s
2026-04-02 10:01:05,465 - routers.real_estate - DEBUG - Found 0 real_estates
2026-04-02 10:01:05,466 - core.database - DEBUG - [DB_OP] Database session cleanup after 0.5118s
2026-04-02 10:01:05,477 - routers.news - DEBUG - Found 10 newss
2026-04-02 10:01:05,478 - core.database - DEBUG - [DB_OP] Database session cleanup after 0.5641s
2026-04-02 10:01:05,482 - routers.inspectors - DEBUG - Found 8 inspectorss
2026-04-02 10:01:05,483 - core.database - DEBUG - [DB_OP] Database session cleanup after 0.5783s
2026-04-02 10:01:12,892 - services.database - DEBUG - [DB_OP] Starting database close
2026-04-02 10:01:13,222 - core.database - INFO - Database connection closed and engine disposed
2026-04-02 10:01:13,222 - services.database - INFO - Database connections closed
2026-04-02 10:01:13,222 - services.database - DEBUG - [DB_OP] Database close completed in 0.3305s
