2026-04-02 09:58:22,574 - main - INFO - === Logging system initialized ===
2026-04-02 09:58:22,575 - main - INFO - Log file: logs/app_20260402_095822.log
2026-04-02 09:58:22,575 - main - INFO - Log level: INFO
2026-04-02 09:58:22,575 - main - INFO - Timestamp: 20260402_095822
2026-04-02 09:58:22,581 - main - INFO - Included router: routers.admin_auth.router
2026-04-02 09:58:23,364 - main - INFO - Included router: routers.aihub.router
2026-04-02 09:58:23,431 - main - INFO - Included router: routers.announcements.router
2026-04-02 09:58:23,457 - main - INFO - Included router: routers.auth.router
2026-04-02 09:58:23,509 - main - INFO - Included router: routers.banners.router
2026-04-02 09:58:23,652 - main - INFO - Included router: routers.become_master_requests.router
2026-04-02 09:58:23,703 - main - INFO - Included router: routers.bus_notifications.router
2026-04-02 09:58:23,757 - main - INFO - Included router: routers.bus_routes.router
2026-04-02 09:58:23,801 - main - INFO - Included router: routers.bus_stops.router
2026-04-02 09:58:23,847 - main - INFO - Included router: routers.categories.router
2026-04-02 09:58:23,906 - main - INFO - Included router: routers.complaints.router
2026-04-02 09:58:23,911 - main - INFO - Included router: routers.debug_schema.router
2026-04-02 09:58:23,959 - main - INFO - Included router: routers.directory_entries.router
2026-04-02 09:58:24,010 - main - INFO - Included router: routers.food_categories.router
2026-04-02 09:58:24,081 - main - INFO - Included router: routers.food_item_modifiers.router
2026-04-02 09:58:24,131 - main - INFO - Included router: routers.food_items.router
2026-04-02 09:58:24,188 - main - INFO - Included router: routers.food_modifiers.router
2026-04-02 09:58:24,247 - main - INFO - Included router: routers.food_orders.router
2026-04-02 09:58:24,439 - main - INFO - Included router: routers.food_settings.router
2026-04-02 09:58:24,470 - main - INFO - Included router: routers.frontpad.router
2026-04-02 09:58:24,509 - main - INFO - Included router: routers.frontpad_settings.router
2026-04-02 09:58:24,550 - main - INFO - Included router: routers.frontpad_sync_log.router
2026-04-02 09:58:24,553 - main - INFO - Included router: routers.health.router
2026-04-02 09:58:24,590 - main - INFO - Included router: routers.health_check.router
2026-04-02 09:58:24,636 - main - INFO - Included router: routers.history_events.router
2026-04-02 09:58:24,684 - main - INFO - Included router: routers.homepage_stats.router
2026-04-02 09:58:24,735 - main - INFO - Included router: routers.inspectors.router
2026-04-02 09:58:24,780 - main - INFO - Included router: routers.item_modifier_groups.router
2026-04-02 09:58:24,846 - main - INFO - Included router: routers.jobs.router
2026-04-02 09:58:24,892 - main - INFO - Included router: routers.master_requests.router
2026-04-02 09:58:24,949 - main - INFO - Included router: routers.masters.router
2026-04-02 09:58:25,016 - main - INFO - Included router: routers.modifier_groups.router
2026-04-02 09:58:25,236 - main - INFO - Included router: routers.modifier_options.router
2026-04-02 09:58:25,283 - main - INFO - Included router: routers.news.router
2026-04-02 09:58:25,335 - main - INFO - Included router: routers.question_answers.router
2026-04-02 09:58:25,385 - main - INFO - Included router: routers.questions.router
2026-04-02 09:58:25,447 - main - INFO - Included router: routers.real_estate.router
2026-04-02 09:58:25,469 - main - INFO - Included router: routers.settings.router
2026-04-02 09:58:25,507 - main - INFO - Included router: routers.storage.router
2026-04-02 09:58:25,538 - main - INFO - Included router: routers.telegram.router
2026-04-02 09:58:25,547 - main - INFO - Included router: routers.user.router
2026-04-02 09:58:25,601 - main - INFO - Included router: routers.user_preferences.router
2026-04-02 09:58:25,603 - main - INFO - Included router: routers.weather.router
2026-04-02 09:58:25,604 - main - INFO - === Application startup initiated ===
2026-04-02 09:58:25,604 - services.database - INFO - Ignore creating tables
2026-04-02 09:58:25,604 - services.mock_data - INFO - Ignore initialize data
2026-04-02 09:58:25,605 - services.auth - INFO - Ignore initialize admin
2026-04-02 09:58:25,605 - core.database - WARNING - Database not initialized, attempting lazy initialization...
2026-04-02 09:58:25,605 - core.database - INFO - Starting database initialization...
2026-04-02 09:58:25,605 - core.config - DEBUG - Read dynamic attribute database_url from environment variable DATABASE_URL
2026-04-02 09:58:25,605 - core.database - INFO - Database init attempt 1/5...
2026-04-02 09:58:25,606 - core.database - INFO - Normalized database URL (masked): postgresql+asyncpg://neondb_owner:***@ep-cool-wave-ad8598va.c-2.us-east-1.aws.neon.tech/neondb?ssl=require
2026-04-02 09:58:25,606 - core.database - INFO - Using QueuePool with connection pooling
2026-04-02 09:58:26,942 - core.database - INFO - Database connection initialized successfully
2026-04-02 09:58:26,942 - core.database - DEBUG - [DB_OP] Starting create_tables
2026-04-02 09:58:26,942 - core.database - INFO - 🔧 Table creation attempt 1/3...
2026-04-02 09:58:26,943 - core.database - INFO - 🔧 Starting table structure repair...
2026-04-02 09:58:27,443 - core.database - INFO - 🔧 Repairing 37 existing tables...
2026-04-02 09:58:27,444 - core.database - DEBUG - Checking table structure for: users
2026-04-02 09:58:27,445 - core.database - DEBUG - Checking table structure for: oidc_states
2026-04-02 09:58:27,447 - core.database - DEBUG - Checking table structure for: admin_credentials
2026-04-02 09:58:27,449 - core.database - DEBUG - Checking table structure for: admin_login_attempts
2026-04-02 09:58:27,450 - core.database - DEBUG - Checking table structure for: admin_login_lockouts
2026-04-02 09:58:27,451 - core.database - DEBUG - Checking table structure for: announcements
2026-04-02 09:58:27,452 - core.database - DEBUG - Checking table structure for: banners
2026-04-02 09:58:27,453 - core.database - DEBUG - Checking table structure for: become_master_requests
2026-04-02 09:58:27,453 - core.database - DEBUG - Checking table structure for: bus_notifications
2026-04-02 09:58:27,454 - core.database - DEBUG - Checking table structure for: bus_routes
2026-04-02 09:58:28,172 - core.database - DEBUG - Table users structure is up to date
2026-04-02 09:58:28,173 - core.database - INFO - Table users repaired in 0.73s
2026-04-02 09:58:28,173 - core.database - DEBUG - Checking table structure for: bus_stops
2026-04-02 09:58:28,295 - core.database - DEBUG - Table admin_credentials structure is up to date
2026-04-02 09:58:28,296 - core.database - INFO - Table admin_credentials repaired in 0.85s
2026-04-02 09:58:28,296 - core.database - DEBUG - Checking table structure for: categories
2026-04-02 09:58:28,377 - core.database - DEBUG - Table oidc_states structure is up to date
2026-04-02 09:58:28,378 - core.database - INFO - Table oidc_states repaired in 0.93s
2026-04-02 09:58:28,378 - core.database - DEBUG - Checking table structure for: complaints
2026-04-02 09:58:28,381 - core.database - DEBUG - Table banners structure is up to date
2026-04-02 09:58:28,382 - core.database - INFO - Table banners repaired in 0.93s
2026-04-02 09:58:28,383 - core.database - DEBUG - Checking table structure for: directory_entries
2026-04-02 09:58:28,391 - core.database - DEBUG - Table become_master_requests structure is up to date
2026-04-02 09:58:28,392 - core.database - INFO - Table become_master_requests repaired in 0.94s
2026-04-02 09:58:28,392 - core.database - DEBUG - Checking table structure for: food_categories
2026-04-02 09:58:28,394 - core.database - DEBUG - Table bus_notifications structure is up to date
2026-04-02 09:58:28,394 - core.database - INFO - Table bus_notifications repaired in 0.94s
2026-04-02 09:58:28,394 - core.database - DEBUG - Checking table structure for: food_item_modifiers
2026-04-02 09:58:28,400 - core.database - DEBUG - Table admin_login_lockouts structure is up to date
2026-04-02 09:58:28,401 - core.database - INFO - Table admin_login_lockouts repaired in 0.95s
2026-04-02 09:58:28,401 - core.database - DEBUG - Checking table structure for: food_items
2026-04-02 09:58:28,402 - core.database - DEBUG - Table announcements structure is up to date
2026-04-02 09:58:28,402 - core.database - INFO - Table announcements repaired in 0.95s
2026-04-02 09:58:28,403 - core.database - DEBUG - Checking table structure for: food_modifiers
2026-04-02 09:58:28,403 - core.database - DEBUG - Table bus_routes structure is up to date
2026-04-02 09:58:28,403 - core.database - INFO - Table bus_routes repaired in 0.95s
2026-04-02 09:58:28,403 - core.database - DEBUG - Checking table structure for: food_orders
2026-04-02 09:58:28,404 - core.database - DEBUG - Table admin_login_attempts structure is up to date
2026-04-02 09:58:28,404 - core.database - INFO - Table admin_login_attempts repaired in 0.96s
2026-04-02 09:58:28,404 - core.database - DEBUG - Checking table structure for: food_settings
2026-04-02 09:58:28,549 - core.database - DEBUG - Table bus_stops structure is up to date
2026-04-02 09:58:28,549 - core.database - INFO - Table bus_stops repaired in 1.09s
2026-04-02 09:58:28,550 - core.database - DEBUG - Checking table structure for: frontpad_settings
2026-04-02 09:58:28,732 - core.database - DEBUG - Table categories structure is up to date
2026-04-02 09:58:28,733 - core.database - INFO - Table categories repaired in 1.28s
2026-04-02 09:58:28,733 - core.database - DEBUG - Checking table structure for: frontpad_sync_log
2026-04-02 09:58:28,821 - core.database - DEBUG - Table complaints structure is up to date
2026-04-02 09:58:28,822 - core.database - INFO - Table complaints repaired in 1.37s
2026-04-02 09:58:28,822 - core.database - DEBUG - Checking table structure for: health_check
2026-04-02 09:58:28,824 - core.database - DEBUG - Table directory_entries structure is up to date
2026-04-02 09:58:28,824 - core.database - INFO - Table directory_entries repaired in 1.37s
2026-04-02 09:58:28,825 - core.database - DEBUG - Checking table structure for: history_events
2026-04-02 09:58:28,831 - core.database - DEBUG - Table food_categories structure is up to date
2026-04-02 09:58:28,832 - core.database - INFO - Table food_categories repaired in 1.38s
2026-04-02 09:58:28,832 - core.database - DEBUG - Checking table structure for: homepage_stats
2026-04-02 09:58:28,838 - core.database - DEBUG - Table food_item_modifiers structure is up to date
2026-04-02 09:58:28,839 - core.database - INFO - Table food_item_modifiers repaired in 1.38s
2026-04-02 09:58:28,839 - core.database - DEBUG - Checking table structure for: inspectors
2026-04-02 09:58:28,848 - core.database - DEBUG - Table food_items structure is up to date
2026-04-02 09:58:28,848 - core.database - INFO - Table food_items repaired in 1.39s
2026-04-02 09:58:28,848 - core.database - DEBUG - Checking table structure for: item_modifier_groups
2026-04-02 09:58:28,849 - core.database - DEBUG - Table food_settings structure is up to date
2026-04-02 09:58:28,849 - core.database - INFO - Table food_settings repaired in 1.39s
2026-04-02 09:58:28,850 - core.database - DEBUG - Checking table structure for: jobs
2026-04-02 09:58:28,851 - core.database - DEBUG - Table food_modifiers structure is up to date
2026-04-02 09:58:28,851 - core.database - INFO - Table food_modifiers repaired in 1.40s
2026-04-02 09:58:28,851 - core.database - DEBUG - Checking table structure for: master_requests
2026-04-02 09:58:28,852 - core.database - DEBUG - Table food_orders structure is up to date
2026-04-02 09:58:28,853 - core.database - INFO - Table food_orders repaired in 1.40s
2026-04-02 09:58:28,853 - core.database - DEBUG - Checking table structure for: masters
2026-04-02 09:58:28,923 - core.database - DEBUG - Table frontpad_settings structure is up to date
2026-04-02 09:58:28,923 - core.database - INFO - Table frontpad_settings repaired in 1.47s
2026-04-02 09:58:28,923 - core.database - DEBUG - Checking table structure for: modifier_groups
2026-04-02 09:58:29,106 - core.database - DEBUG - Table frontpad_sync_log structure is up to date
2026-04-02 09:58:29,107 - core.database - INFO - Table frontpad_sync_log repaired in 1.65s
2026-04-02 09:58:29,107 - core.database - DEBUG - Checking table structure for: modifier_options
2026-04-02 09:58:29,201 - core.database - DEBUG - Table health_check structure is up to date
2026-04-02 09:58:29,202 - core.database - INFO - Table health_check repaired in 1.75s
2026-04-02 09:58:29,202 - core.database - DEBUG - Checking table structure for: news
2026-04-02 09:58:29,207 - core.database - DEBUG - Table homepage_stats structure is up to date
2026-04-02 09:58:29,208 - core.database - INFO - Table homepage_stats repaired in 1.75s
2026-04-02 09:58:29,208 - core.database - DEBUG - Checking table structure for: question_answers
2026-04-02 09:58:29,232 - core.database - DEBUG - Table item_modifier_groups structure is up to date
2026-04-02 09:58:29,232 - core.database - INFO - Table item_modifier_groups repaired in 1.78s
2026-04-02 09:58:29,233 - core.database - DEBUG - Checking table structure for: questions
2026-04-02 09:58:29,237 - core.database - DEBUG - Table masters structure is up to date
2026-04-02 09:58:29,237 - core.database - INFO - Table masters repaired in 1.78s
2026-04-02 09:58:29,237 - core.database - DEBUG - Checking table structure for: real_estate
2026-04-02 09:58:29,264 - core.database - DEBUG - Table history_events structure is up to date
2026-04-02 09:58:29,265 - core.database - INFO - Table history_events repaired in 1.81s
2026-04-02 09:58:29,265 - core.database - DEBUG - Checking table structure for: user_preferences
2026-04-02 09:58:29,282 - core.database - DEBUG - Table inspectors structure is up to date
2026-04-02 09:58:29,283 - core.database - INFO - Table inspectors repaired in 1.83s
2026-04-02 09:58:29,292 - core.database - DEBUG - Table jobs structure is up to date
2026-04-02 09:58:29,293 - core.database - INFO - Table jobs repaired in 1.84s
2026-04-02 09:58:29,297 - core.database - DEBUG - Table master_requests structure is up to date
2026-04-02 09:58:29,298 - core.database - INFO - Table master_requests repaired in 1.84s
2026-04-02 09:58:29,358 - core.database - DEBUG - Table modifier_groups structure is up to date
2026-04-02 09:58:29,358 - core.database - INFO - Table modifier_groups repaired in 1.90s
2026-04-02 09:58:29,482 - core.database - DEBUG - Table modifier_options structure is up to date
2026-04-02 09:58:29,483 - core.database - INFO - Table modifier_options repaired in 2.03s
2026-04-02 09:58:29,648 - core.database - DEBUG - Table question_answers structure is up to date
2026-04-02 09:58:29,648 - core.database - INFO - Table question_answers repaired in 2.19s
2026-04-02 09:58:29,683 - core.database - DEBUG - Table questions structure is up to date
2026-04-02 09:58:29,684 - core.database - INFO - Table questions repaired in 2.23s
2026-04-02 09:58:29,686 - core.database - DEBUG - Table real_estate structure is up to date
2026-04-02 09:58:29,687 - core.database - INFO - Table real_estate repaired in 2.23s
2026-04-02 09:58:29,709 - core.database - DEBUG - Table news structure is up to date
2026-04-02 09:58:29,710 - core.database - INFO - Table news repaired in 2.25s
2026-04-02 09:58:29,711 - core.database - DEBUG - Table user_preferences structure is up to date
2026-04-02 09:58:29,711 - core.database - INFO - Table user_preferences repaired in 2.26s
2026-04-02 09:58:29,712 - core.database - INFO - 🔧 Table structure repair completed in 2.7685s
2026-04-02 09:58:29,712 - core.database - INFO - 🔧 Table structure repair completed
2026-04-02 09:58:29,713 - core.database - INFO - 🔧 Starting table creation...
2026-04-02 09:58:32,384 - core.database - INFO - Tables initialized successfully
2026-04-02 09:58:32,384 - core.database - DEBUG - [DB_OP] Create tables completed in 5.4422s
2026-04-02 09:58:32,448 - core.database - INFO - Lazy database initialization completed successfully
2026-04-02 09:58:33,250 - routers.admin_auth - INFO - [Admin Auth] Pre-computed 3 alternative password hashes for 'admin' account
2026-04-02 09:58:34,125 - routers.admin_auth - INFO - [Admin Auth] Admin credentials updated (username: admin)
2026-04-02 09:58:34,515 - routers.admin_auth - DEBUG - [Admin Auth] Legacy admin credentials already exist
2026-04-02 09:58:35,044 - routers.admin_auth - INFO - [Admin Auth] Main admin credentials created (username: alemgersrt24)
2026-04-02 09:58:35,044 - core.config - DEBUG - Read dynamic attribute oss_service_url from environment variable OSS_SERVICE_URL
2026-04-02 09:58:35,044 - core.config - DEBUG - Read dynamic attribute oss_api_key from environment variable OSS_API_KEY
2026-04-02 09:58:35,171 - httpcore.connection - DEBUG - connect_tcp.started host='atoms.dev' port=443 local_address=None timeout=120.0 socket_options=None
2026-04-02 09:58:35,180 - httpcore.connection - DEBUG - connect_tcp.complete return_value=<httpcore._backends.anyio.AnyIOStream object at 0x7f3298dd6da0>
2026-04-02 09:58:35,181 - httpcore.connection - DEBUG - start_tls.started ssl_context=<ssl.SSLContext object at 0x7f3298e5fbc0> server_hostname='atoms.dev' timeout=120.0
2026-04-02 09:58:35,192 - httpcore.connection - DEBUG - start_tls.complete return_value=<httpcore._backends.anyio.AnyIOStream object at 0x7f3298dd5c90>
2026-04-02 09:58:35,193 - httpcore.http11 - DEBUG - send_request_headers.started request=<Request [b'GET']>
2026-04-02 09:58:35,194 - httpcore.http11 - DEBUG - send_request_headers.complete
2026-04-02 09:58:35,195 - httpcore.http11 - DEBUG - send_request_body.started request=<Request [b'GET']>
2026-04-02 09:58:35,195 - httpcore.http11 - DEBUG - send_request_body.complete
2026-04-02 09:58:35,195 - httpcore.http11 - DEBUG - receive_response_headers.started request=<Request [b'GET']>
2026-04-02 09:58:35,234 - httpcore.http11 - DEBUG - receive_response_headers.complete return_value=(b'HTTP/1.1', 200, b'OK', [(b'Date', b'Thu, 02 Apr 2026 16:58:35 GMT'), (b'Content-Type', b'application/json; charset=utf-8'), (b'Transfer-Encoding', b'chunked'), (b'Connection', b'keep-alive'), (b'Access-Control-Allow-Headers', b'Origin, Content-Type, Accept, Authorization'), (b'Access-Control-Allow-Methods', b'GET, POST, PUT, DELETE, OPTIONS'), (b'Access-Control-Allow-Origin', b'*'), (b'Access-Control-Max-Age', b'86400'), (b'X-Request-Id', b'54b957484f1c5755c8642cf556fd3413'), (b'X-Trace-Id', b'241d3e2da6a74b918d3e937475b6b17e'), (b'Content-Security-Policy', b"frame-ancestors 'self' https://atoms.dev"), (b'Strict-Transport-Security', b'max-age=63072000; includeSubDomains; preload'), (b'X-Content-Type-Options', b'nosniff'), (b'X-XSS-Protection', b'1; mode=block'), (b'Referrer-Policy', b'strict-origin-when-cross-origin'), (b'cf-cache-status', b'DYNAMIC'), (b'Content-Encoding', b'gzip'), (b'Server', b'cloudflare'), (b'CF-RAY', b'9e616111fdd7e9e5-LAX')])
2026-04-02 09:58:35,236 - httpx - INFO - HTTP Request: GET https://atoms.dev/api/v1/infra/client/oss/buckets "HTTP/1.1 200 OK"
2026-04-02 09:58:35,236 - httpcore.http11 - DEBUG - receive_response_body.started request=<Request [b'GET']>
2026-04-02 09:58:35,236 - httpcore.http11 - DEBUG - receive_response_body.complete
2026-04-02 09:58:35,237 - httpcore.http11 - DEBUG - response_closed.started
2026-04-02 09:58:35,237 - httpcore.http11 - DEBUG - response_closed.complete
2026-04-02 09:58:35,237 - httpcore.connection - DEBUG - close.started
2026-04-02 09:58:35,237 - httpcore.connection - DEBUG - close.complete
2026-04-02 09:58:35,238 - services.bucket_init - INFO - Bucket 'portal-images' already exists
2026-04-02 09:58:35,238 - main - INFO - === Application startup completed ===
2026-04-02 09:58:35,339 - services.database - DEBUG - [DB_OP] Starting database close
2026-04-02 09:58:35,668 - core.database - INFO - Database connection closed and engine disposed
2026-04-02 09:58:35,669 - services.database - INFO - Database connections closed
2026-04-02 09:58:35,669 - services.database - DEBUG - [DB_OP] Database close completed in 0.3295s
