2026-03-31 10:20:02,835 - main - INFO - === Logging system initialized ===
2026-03-31 10:20:02,835 - main - INFO - Log file: logs/app_20260331_102002.log
2026-03-31 10:20:02,835 - main - INFO - Log level: INFO
2026-03-31 10:20:02,835 - main - INFO - Timestamp: 20260331_102002
2026-03-31 10:20:02,841 - main - INFO - Included router: routers.admin_auth.router
2026-03-31 10:20:03,506 - main - INFO - Included router: routers.aihub.router
2026-03-31 10:20:03,561 - main - INFO - Included router: routers.announcements.router
2026-03-31 10:20:03,583 - main - INFO - Included router: routers.auth.router
2026-03-31 10:20:03,631 - main - INFO - Included router: routers.banners.router
2026-03-31 10:20:03,784 - main - INFO - Included router: routers.become_master_requests.router
2026-03-31 10:20:03,833 - main - INFO - Included router: routers.categories.router
2026-03-31 10:20:03,880 - main - INFO - Included router: routers.complaints.router
2026-03-31 10:20:03,881 - main - WARNING - Failed to import module 'routers.debug_schema': cannot import name 'async_engine' from 'core.database' (/workspace/app/backend/core/database.py)
2026-03-31 10:20:03,925 - main - INFO - Included router: routers.directory_entries.router
2026-03-31 10:20:03,968 - main - INFO - Included router: routers.food_categories.router
2026-03-31 10:20:04,017 - main - INFO - Included router: routers.food_item_modifiers.router
2026-03-31 10:20:04,078 - main - INFO - Included router: routers.food_items.router
2026-03-31 10:20:04,114 - main - INFO - Included router: routers.food_modifiers.router
2026-03-31 10:20:04,168 - main - INFO - Included router: routers.food_orders.router
2026-03-31 10:20:04,215 - main - INFO - Included router: routers.food_settings.router
2026-03-31 10:20:04,250 - main - INFO - Included router: routers.frontpad.router
2026-03-31 10:20:04,283 - main - INFO - Included router: routers.frontpad_settings.router
2026-03-31 10:20:04,320 - main - INFO - Included router: routers.frontpad_sync_log.router
2026-03-31 10:20:04,323 - main - INFO - Included router: routers.health.router
2026-03-31 10:20:04,483 - main - INFO - Included router: routers.history_events.router
2026-03-31 10:20:04,527 - main - INFO - Included router: routers.homepage_stats.router
2026-03-31 10:20:04,578 - main - INFO - Included router: routers.inspectors.router
2026-03-31 10:20:04,629 - main - INFO - Included router: routers.item_modifier_groups.router
2026-03-31 10:20:04,684 - main - INFO - Included router: routers.jobs.router
2026-03-31 10:20:04,728 - main - INFO - Included router: routers.master_requests.router
2026-03-31 10:20:04,777 - main - INFO - Included router: routers.masters.router
2026-03-31 10:20:04,817 - main - INFO - Included router: routers.modifier_groups.router
2026-03-31 10:20:04,856 - main - INFO - Included router: routers.modifier_options.router
2026-03-31 10:20:04,900 - main - INFO - Included router: routers.news.router
2026-03-31 10:20:04,947 - main - INFO - Included router: routers.question_answers.router
2026-03-31 10:20:04,992 - main - INFO - Included router: routers.questions.router
2026-03-31 10:20:05,263 - main - INFO - Included router: routers.real_estate.router
2026-03-31 10:20:05,287 - main - INFO - Included router: routers.settings.router
2026-03-31 10:20:05,316 - main - INFO - Included router: routers.storage.router
2026-03-31 10:20:05,338 - main - INFO - Included router: routers.telegram.router
2026-03-31 10:20:05,345 - main - INFO - Included router: routers.user.router
2026-03-31 10:20:05,386 - main - INFO - Included router: routers.user_preferences.router
2026-03-31 10:20:05,387 - main - INFO - === Application startup initiated ===
2026-03-31 10:20:05,387 - services.database - INFO - Ignore creating tables
2026-03-31 10:20:05,388 - services.mock_data - INFO - Ignore initialize data
2026-03-31 10:20:05,388 - services.auth - INFO - Ignore initialize admin
2026-03-31 10:20:05,388 - core.database - WARNING - Database not initialized, attempting lazy initialization...
2026-03-31 10:20:05,388 - core.database - INFO - Starting database initialization...
2026-03-31 10:20:05,388 - core.config - DEBUG - Read dynamic attribute database_url from environment variable DATABASE_URL
2026-03-31 10:20:05,388 - core.database - INFO - Normalizing database URL for async compatibility...
2026-03-31 10:20:05,389 - core.database - INFO - Creating async database engine...
2026-03-31 10:20:05,389 - core.database - INFO - Using QueuePool with connection pooling for non-Lambda environment
2026-03-31 10:20:05,438 - core.database - INFO - Database engine created successfully
2026-03-31 10:20:05,438 - core.database - INFO - Creating async session maker...
2026-03-31 10:20:05,438 - core.database - INFO - Async session maker created successfully
2026-03-31 10:20:05,438 - core.database - INFO - Database connection initialized successfully
2026-03-31 10:20:05,438 - core.database - DEBUG - [DB_OP] Starting create_tables
2026-03-31 10:20:05,438 - core.database - INFO - 🔧 Starting table structure repair...
2026-03-31 10:20:05,864 - core.database - ERROR - Failed to get existing tables: password authentication failed for user 'neondb_owner'
2026-03-31 10:20:05,864 - core.database - INFO - No existing tables found, skipping repair
2026-03-31 10:20:05,864 - core.database - INFO - 🔧 Table structure repair completed
2026-03-31 10:20:05,864 - core.database - INFO - 🔧 Starting table creation...
2026-03-31 10:20:06,302 - core.database - ERROR - Failed to create tables: password authentication failed for user 'neondb_owner'
2026-03-31 10:20:06,302 - core.database - ERROR - Failed to lazy initialize database: password authentication failed for user 'neondb_owner'
Traceback (most recent call last):
  File "/workspace/app/backend/core/database.py", line 530, in ensure_initialized
    await self.create_tables()
  File "/workspace/app/backend/core/database.py", line 212, in create_tables
    async with self.engine.begin() as conn:
  File "/opt/python/base/cpython-3.10.18-linux-x86_64-gnu/lib/python3.10/contextlib.py", line 199, in __aenter__
    return await anext(self.gen)
  File "/data/chats/fb49573987034a9b83c183f78c0a552e/.cache/python/lib/python3.10/site-packages/sqlalchemy/ext/asyncio/engine.py", line 1068, in begin
    async with conn:
  File "/data/chats/fb49573987034a9b83c183f78c0a552e/.cache/python/lib/python3.10/site-packages/sqlalchemy/ext/asyncio/base.py", line 121, in __aenter__
    return await self.start(is_ctxmanager=True)
  File "/data/chats/fb49573987034a9b83c183f78c0a552e/.cache/python/lib/python3.10/site-packages/sqlalchemy/ext/asyncio/engine.py", line 275, in start
    await greenlet_spawn(self.sync_engine.connect)
  File "/data/chats/fb49573987034a9b83c183f78c0a552e/.cache/python/lib/python3.10/site-packages/sqlalchemy/util/_concurrency_py3k.py", line 201, in greenlet_spawn
    result = context.throw(*sys.exc_info())
  File "/data/chats/fb49573987034a9b83c183f78c0a552e/.cache/python/lib/python3.10/site-packages/sqlalchemy/engine/base.py", line 3293, in connect
    return self._connection_cls(self)
  File "/data/chats/fb49573987034a9b83c183f78c0a552e/.cache/python/lib/python3.10/site-packages/sqlalchemy/engine/base.py", line 143, in __init__
    self._dbapi_connection = engine.raw_connection()
  File "/data/chats/fb49573987034a9b83c183f78c0a552e/.cache/python/lib/python3.10/site-packages/sqlalchemy/engine/base.py", line 3317, in raw_connection
    return self.pool.connect()
  File "/data/chats/fb49573987034a9b83c183f78c0a552e/.cache/python/lib/python3.10/site-packages/sqlalchemy/pool/base.py", line 448, in connect
    return _ConnectionFairy._checkout(self)
  File "/data/chats/fb49573987034a9b83c183f78c0a552e/.cache/python/lib/python3.10/site-packages/sqlalchemy/pool/base.py", line 1272, in _checkout
    fairy = _ConnectionRecord.checkout(pool)
  File "/data/chats/fb49573987034a9b83c183f78c0a552e/.cache/python/lib/python3.10/site-packages/sqlalchemy/pool/base.py", line 712, in checkout
    rec = pool._do_get()
  File "/data/chats/fb49573987034a9b83c183f78c0a552e/.cache/python/lib/python3.10/site-packages/sqlalchemy/pool/impl.py", line 177, in _do_get
    with util.safe_reraise():
  File "/data/chats/fb49573987034a9b83c183f78c0a552e/.cache/python/lib/python3.10/site-packages/sqlalchemy/util/langhelpers.py", line 121, in __exit__
    raise exc_value.with_traceback(exc_tb)
  File "/data/chats/fb49573987034a9b83c183f78c0a552e/.cache/python/lib/python3.10/site-packages/sqlalchemy/pool/impl.py", line 175, in _do_get
    return self._create_connection()
  File "/data/chats/fb49573987034a9b83c183f78c0a552e/.cache/python/lib/python3.10/site-packages/sqlalchemy/pool/base.py", line 389, in _create_connection
    return _ConnectionRecord(self)
  File "/data/chats/fb49573987034a9b83c183f78c0a552e/.cache/python/lib/python3.10/site-packages/sqlalchemy/pool/base.py", line 674, in __init__
    self.__connect()
  File "/data/chats/fb49573987034a9b83c183f78c0a552e/.cache/python/lib/python3.10/site-packages/sqlalchemy/pool/base.py", line 900, in __connect
    with util.safe_reraise():
  File "/data/chats/fb49573987034a9b83c183f78c0a552e/.cache/python/lib/python3.10/site-packages/sqlalchemy/util/langhelpers.py", line 121, in __exit__
    raise exc_value.with_traceback(exc_tb)
  File "/data/chats/fb49573987034a9b83c183f78c0a552e/.cache/python/lib/python3.10/site-packages/sqlalchemy/pool/base.py", line 896, in __connect
    self.dbapi_connection = connection = pool._invoke_creator(self)
  File "/data/chats/fb49573987034a9b83c183f78c0a552e/.cache/python/lib/python3.10/site-packages/sqlalchemy/engine/create.py", line 667, in connect
    return dialect.connect(*cargs_tup, **cparams)
  File "/data/chats/fb49573987034a9b83c183f78c0a552e/.cache/python/lib/python3.10/site-packages/sqlalchemy/engine/default.py", line 630, in connect
    return self.loaded_dbapi.connect(*cargs, **cparams)  # type: ignore[no-any-return]  # NOQA: E501
  File "/data/chats/fb49573987034a9b83c183f78c0a552e/.cache/python/lib/python3.10/site-packages/sqlalchemy/dialects/postgresql/asyncpg.py", line 955, in connect
    await_only(creator_fn(*arg, **kw)),
  File "/data/chats/fb49573987034a9b83c183f78c0a552e/.cache/python/lib/python3.10/site-packages/sqlalchemy/util/_concurrency_py3k.py", line 132, in await_only
    return current.parent.switch(awaitable)  # type: ignore[no-any-return,attr-defined] # noqa: E501
  File "/data/chats/fb49573987034a9b83c183f78c0a552e/.cache/python/lib/python3.10/site-packages/sqlalchemy/util/_concurrency_py3k.py", line 196, in greenlet_spawn
    value = await result
  File "/data/chats/fb49573987034a9b83c183f78c0a552e/.cache/python/lib/python3.10/site-packages/asyncpg/connection.py", line 2443, in connect
    return await connect_utils._connect(
  File "/data/chats/fb49573987034a9b83c183f78c0a552e/.cache/python/lib/python3.10/site-packages/asyncpg/connect_utils.py", line 1218, in _connect
    conn = await _connect_addr(
  File "/data/chats/fb49573987034a9b83c183f78c0a552e/.cache/python/lib/python3.10/site-packages/asyncpg/connect_utils.py", line 1050, in _connect_addr
    return await __connect_addr(params, False, *args)
  File "/data/chats/fb49573987034a9b83c183f78c0a552e/.cache/python/lib/python3.10/site-packages/asyncpg/connect_utils.py", line 1102, in __connect_addr
    await connected
asyncpg.exceptions.InvalidPasswordError: password authentication failed for user 'neondb_owner'
2026-03-31 10:20:06,333 - routers.admin_auth - ERROR - [Admin Auth] Failed to initialize admin credentials: password authentication failed for user 'neondb_owner'
Traceback (most recent call last):
  File "/workspace/app/backend/routers/admin_auth.py", line 505, in initialize_admin_credentials
    await db_manager.ensure_initialized()
  File "/workspace/app/backend/core/database.py", line 530, in ensure_initialized
    await self.create_tables()
  File "/workspace/app/backend/core/database.py", line 212, in create_tables
    async with self.engine.begin() as conn:
  File "/opt/python/base/cpython-3.10.18-linux-x86_64-gnu/lib/python3.10/contextlib.py", line 199, in __aenter__
    return await anext(self.gen)
  File "/data/chats/fb49573987034a9b83c183f78c0a552e/.cache/python/lib/python3.10/site-packages/sqlalchemy/ext/asyncio/engine.py", line 1068, in begin
    async with conn:
  File "/data/chats/fb49573987034a9b83c183f78c0a552e/.cache/python/lib/python3.10/site-packages/sqlalchemy/ext/asyncio/base.py", line 121, in __aenter__
    return await self.start(is_ctxmanager=True)
  File "/data/chats/fb49573987034a9b83c183f78c0a552e/.cache/python/lib/python3.10/site-packages/sqlalchemy/ext/asyncio/engine.py", line 275, in start
    await greenlet_spawn(self.sync_engine.connect)
  File "/data/chats/fb49573987034a9b83c183f78c0a552e/.cache/python/lib/python3.10/site-packages/sqlalchemy/util/_concurrency_py3k.py", line 201, in greenlet_spawn
    result = context.throw(*sys.exc_info())
  File "/data/chats/fb49573987034a9b83c183f78c0a552e/.cache/python/lib/python3.10/site-packages/sqlalchemy/engine/base.py", line 3293, in connect
    return self._connection_cls(self)
  File "/data/chats/fb49573987034a9b83c183f78c0a552e/.cache/python/lib/python3.10/site-packages/sqlalchemy/engine/base.py", line 143, in __init__
    self._dbapi_connection = engine.raw_connection()
  File "/data/chats/fb49573987034a9b83c183f78c0a552e/.cache/python/lib/python3.10/site-packages/sqlalchemy/engine/base.py", line 3317, in raw_connection
    return self.pool.connect()
  File "/data/chats/fb49573987034a9b83c183f78c0a552e/.cache/python/lib/python3.10/site-packages/sqlalchemy/pool/base.py", line 448, in connect
    return _ConnectionFairy._checkout(self)
  File "/data/chats/fb49573987034a9b83c183f78c0a552e/.cache/python/lib/python3.10/site-packages/sqlalchemy/pool/base.py", line 1272, in _checkout
    fairy = _ConnectionRecord.checkout(pool)
  File "/data/chats/fb49573987034a9b83c183f78c0a552e/.cache/python/lib/python3.10/site-packages/sqlalchemy/pool/base.py", line 712, in checkout
    rec = pool._do_get()
  File "/data/chats/fb49573987034a9b83c183f78c0a552e/.cache/python/lib/python3.10/site-packages/sqlalchemy/pool/impl.py", line 177, in _do_get
    with util.safe_reraise():
  File "/data/chats/fb49573987034a9b83c183f78c0a552e/.cache/python/lib/python3.10/site-packages/sqlalchemy/util/langhelpers.py", line 121, in __exit__
    raise exc_value.with_traceback(exc_tb)
  File "/data/chats/fb49573987034a9b83c183f78c0a552e/.cache/python/lib/python3.10/site-packages/sqlalchemy/pool/impl.py", line 175, in _do_get
    return self._create_connection()
  File "/data/chats/fb49573987034a9b83c183f78c0a552e/.cache/python/lib/python3.10/site-packages/sqlalchemy/pool/base.py", line 389, in _create_connection
    return _ConnectionRecord(self)
  File "/data/chats/fb49573987034a9b83c183f78c0a552e/.cache/python/lib/python3.10/site-packages/sqlalchemy/pool/base.py", line 674, in __init__
    self.__connect()
  File "/data/chats/fb49573987034a9b83c183f78c0a552e/.cache/python/lib/python3.10/site-packages/sqlalchemy/pool/base.py", line 900, in __connect
    with util.safe_reraise():
  File "/data/chats/fb49573987034a9b83c183f78c0a552e/.cache/python/lib/python3.10/site-packages/sqlalchemy/util/langhelpers.py", line 121, in __exit__
    raise exc_value.with_traceback(exc_tb)
  File "/data/chats/fb49573987034a9b83c183f78c0a552e/.cache/python/lib/python3.10/site-packages/sqlalchemy/pool/base.py", line 896, in __connect
    self.dbapi_connection = connection = pool._invoke_creator(self)
  File "/data/chats/fb49573987034a9b83c183f78c0a552e/.cache/python/lib/python3.10/site-packages/sqlalchemy/engine/create.py", line 667, in connect
    return dialect.connect(*cargs_tup, **cparams)
  File "/data/chats/fb49573987034a9b83c183f78c0a552e/.cache/python/lib/python3.10/site-packages/sqlalchemy/engine/default.py", line 630, in connect
    return self.loaded_dbapi.connect(*cargs, **cparams)  # type: ignore[no-any-return]  # NOQA: E501
  File "/data/chats/fb49573987034a9b83c183f78c0a552e/.cache/python/lib/python3.10/site-packages/sqlalchemy/dialects/postgresql/asyncpg.py", line 955, in connect
    await_only(creator_fn(*arg, **kw)),
  File "/data/chats/fb49573987034a9b83c183f78c0a552e/.cache/python/lib/python3.10/site-packages/sqlalchemy/util/_concurrency_py3k.py", line 132, in await_only
    return current.parent.switch(awaitable)  # type: ignore[no-any-return,attr-defined] # noqa: E501
  File "/data/chats/fb49573987034a9b83c183f78c0a552e/.cache/python/lib/python3.10/site-packages/sqlalchemy/util/_concurrency_py3k.py", line 196, in greenlet_spawn
    value = await result
  File "/data/chats/fb49573987034a9b83c183f78c0a552e/.cache/python/lib/python3.10/site-packages/asyncpg/connection.py", line 2443, in connect
    return await connect_utils._connect(
  File "/data/chats/fb49573987034a9b83c183f78c0a552e/.cache/python/lib/python3.10/site-packages/asyncpg/connect_utils.py", line 1218, in _connect
    conn = await _connect_addr(
  File "/data/chats/fb49573987034a9b83c183f78c0a552e/.cache/python/lib/python3.10/site-packages/asyncpg/connect_utils.py", line 1050, in _connect_addr
    return await __connect_addr(params, False, *args)
  File "/data/chats/fb49573987034a9b83c183f78c0a552e/.cache/python/lib/python3.10/site-packages/asyncpg/connect_utils.py", line 1102, in __connect_addr
    await connected
asyncpg.exceptions.InvalidPasswordError: password authentication failed for user 'neondb_owner'
2026-03-31 10:20:06,334 - core.config - DEBUG - Read dynamic attribute oss_service_url from environment variable OSS_SERVICE_URL
2026-03-31 10:20:06,334 - core.config - DEBUG - Read dynamic attribute oss_api_key from environment variable OSS_API_KEY
2026-03-31 10:20:06,428 - httpcore.connection - DEBUG - connect_tcp.started host='atoms.dev' port=443 local_address=None timeout=120.0 socket_options=None
2026-03-31 10:20:06,446 - httpcore.connection - DEBUG - connect_tcp.complete return_value=<httpcore._backends.anyio.AnyIOStream object at 0x7f436439b580>
2026-03-31 10:20:06,446 - httpcore.connection - DEBUG - start_tls.started ssl_context=<ssl.SSLContext object at 0x7f43645036c0> server_hostname='atoms.dev' timeout=120.0
2026-03-31 10:20:06,458 - httpcore.connection - DEBUG - start_tls.complete return_value=<httpcore._backends.anyio.AnyIOStream object at 0x7f436439a470>
2026-03-31 10:20:06,458 - httpcore.http11 - DEBUG - send_request_headers.started request=<Request [b'GET']>
2026-03-31 10:20:06,459 - httpcore.http11 - DEBUG - send_request_headers.complete
2026-03-31 10:20:06,459 - httpcore.http11 - DEBUG - send_request_body.started request=<Request [b'GET']>
2026-03-31 10:20:06,459 - httpcore.http11 - DEBUG - send_request_body.complete
2026-03-31 10:20:06,459 - httpcore.http11 - DEBUG - receive_response_headers.started request=<Request [b'GET']>
2026-03-31 10:20:06,535 - httpcore.http11 - DEBUG - receive_response_headers.complete return_value=(b'HTTP/1.1', 200, b'OK', [(b'Date', b'Tue, 31 Mar 2026 17:20:06 GMT'), (b'Content-Type', b'application/json; charset=utf-8'), (b'Transfer-Encoding', b'chunked'), (b'Connection', b'keep-alive'), (b'Access-Control-Allow-Headers', b'Origin, Content-Type, Accept, Authorization'), (b'Access-Control-Allow-Methods', b'GET, POST, PUT, DELETE, OPTIONS'), (b'Access-Control-Allow-Origin', b'*'), (b'Access-Control-Max-Age', b'86400'), (b'X-Request-Id', b'98c0a76ce90b2f865aa36af777ee1d40'), (b'X-Trace-Id', b'415d2f67e7344b8ba66ee051917b7c54'), (b'Content-Security-Policy', b"frame-ancestors 'self' https://atoms.dev"), (b'Strict-Transport-Security', b'max-age=63072000; includeSubDomains; preload'), (b'X-Content-Type-Options', b'nosniff'), (b'X-XSS-Protection', b'1; mode=block'), (b'Referrer-Policy', b'strict-origin-when-cross-origin'), (b'cf-cache-status', b'DYNAMIC'), (b'Content-Encoding', b'gzip'), (b'Server', b'cloudflare'), (b'CF-RAY', b'9e5105d85e1f8901-LAX')])
2026-03-31 10:20:06,536 - httpx - INFO - HTTP Request: GET https://atoms.dev/api/v1/infra/client/oss/buckets "HTTP/1.1 200 OK"
2026-03-31 10:20:06,536 - httpcore.http11 - DEBUG - receive_response_body.started request=<Request [b'GET']>
2026-03-31 10:20:06,537 - httpcore.http11 - DEBUG - receive_response_body.complete
2026-03-31 10:20:06,537 - httpcore.http11 - DEBUG - response_closed.started
2026-03-31 10:20:06,538 - httpcore.http11 - DEBUG - response_closed.complete
2026-03-31 10:20:06,538 - httpcore.connection - DEBUG - close.started
2026-03-31 10:20:06,539 - httpcore.connection - DEBUG - close.complete
2026-03-31 10:20:06,539 - services.bucket_init - INFO - Bucket 'portal-images' already exists
2026-03-31 10:20:06,539 - main - INFO - === Application startup completed successfully ===
2026-03-31 10:22:19,606 - services.database - DEBUG - [DB_OP] Starting database close
2026-03-31 10:22:19,607 - core.database - INFO - Database connection closed and engine disposed
2026-03-31 10:22:19,607 - services.database - INFO - Database connections closed
2026-03-31 10:22:19,607 - services.database - DEBUG - [DB_OP] Database close completed in 0.0012s
