2026-03-15 07:43:39,592 - main - INFO - === Logging system initialized ===
2026-03-15 07:43:39,593 - main - INFO - Log file: logs/app_20260315_074339.log
2026-03-15 07:43:39,593 - main - INFO - Log level: INFO
2026-03-15 07:43:39,593 - main - INFO - Timestamp: 20260315_074339
2026-03-15 07:43:40,457 - main - INFO - Included router: routers.aihub.router
2026-03-15 07:43:40,515 - main - INFO - Included router: routers.announcements.router
2026-03-15 07:43:40,538 - main - INFO - Included router: routers.auth.router
2026-03-15 07:43:40,702 - main - INFO - Included router: routers.banners.router
2026-03-15 07:43:40,760 - main - INFO - Included router: routers.become_master_requests.router
2026-03-15 07:43:40,808 - main - INFO - Included router: routers.complaints.router
2026-03-15 07:43:40,857 - main - INFO - Included router: routers.directory_entries.router
2026-03-15 07:43:40,859 - main - INFO - Included router: routers.health.router
2026-03-15 07:43:40,914 - main - INFO - Included router: routers.jobs.router
2026-03-15 07:43:40,962 - main - INFO - Included router: routers.master_requests.router
2026-03-15 07:43:41,019 - main - INFO - Included router: routers.masters.router
2026-03-15 07:43:41,074 - main - INFO - Included router: routers.news.router
2026-03-15 07:43:41,114 - main - INFO - Included router: routers.question_answers.router
2026-03-15 07:43:41,163 - main - INFO - Included router: routers.questions.router
2026-03-15 07:43:41,185 - main - INFO - Included router: routers.settings.router
2026-03-15 07:43:41,221 - main - INFO - Included router: routers.storage.router
2026-03-15 07:43:41,237 - main - INFO - Included router: routers.user.router
2026-03-15 07:43:41,239 - main - INFO - === Application startup initiated ===
2026-03-15 07:43:41,239 - services.database - DEBUG - [DB_OP] Starting database initialization
2026-03-15 07:43:41,239 - services.database - INFO - 🔧 Starting database initialization...
2026-03-15 07:43:41,240 - core.database - INFO - Starting database initialization...
2026-03-15 07:43:41,240 - core.config - DEBUG - Read dynamic attribute database_url from environment variable DATABASE_URL
2026-03-15 07:43:41,240 - core.database - INFO - Normalizing database URL for async compatibility...
2026-03-15 07:43:41,241 - core.database - INFO - Creating async database engine...
2026-03-15 07:43:41,241 - core.database - INFO - Using QueuePool with connection pooling for non-Lambda environment
2026-03-15 07:43:41,309 - core.database - INFO - Database engine created successfully
2026-03-15 07:43:41,309 - core.database - INFO - Creating async session maker...
2026-03-15 07:43:41,309 - core.database - INFO - Async session maker created successfully
2026-03-15 07:43:41,309 - core.database - INFO - Database connection initialized successfully
2026-03-15 07:43:41,309 - services.database - INFO - 🔧 Database connection initialized, now creating tables if tables not exist...
2026-03-15 07:43:41,309 - core.database - DEBUG - [DB_OP] Starting create_tables
2026-03-15 07:43:41,309 - core.database - INFO - 🔧 Starting table creation...
2026-03-15 07:43:43,307 - core.database - INFO - Tables initialized successfully
2026-03-15 07:43:43,307 - core.database - DEBUG - [DB_OP] Create tables completed in 1.9979s
2026-03-15 07:43:43,367 - services.database - INFO - 🔧 Table creation completed
2026-03-15 07:43:43,368 - services.database - INFO - Database initialized successfully
2026-03-15 07:43:43,368 - services.database - DEBUG - [DB_OP] Database initialization completed in 2.1288s
2026-03-15 07:43:43,370 - services.mock_data - INFO - Processing mock data file announcements.json for table announcements
2026-03-15 07:43:43,370 - services.mock_data - INFO - Processing mock data file banners.json for table banners
2026-03-15 07:43:43,372 - services.mock_data - INFO - Processing mock data file complaints.json for table complaints
2026-03-15 07:43:43,374 - services.mock_data - INFO - Processing mock data file directory_entries.json for table directory_entries
2026-03-15 07:43:43,375 - services.mock_data - INFO - Processing mock data file jobs.json for table jobs
2026-03-15 07:43:45,535 - services.mock_data - INFO - Table banners already has 2 rows; skipping mock insert
2026-03-15 07:43:45,538 - services.mock_data - INFO - Table directory_entries already has 10 rows; skipping mock insert
2026-03-15 07:43:45,538 - services.mock_data - INFO - Table complaints already has 5 rows; skipping mock insert
2026-03-15 07:43:45,539 - services.mock_data - INFO - Table announcements already has 6 rows; skipping mock insert
2026-03-15 07:43:45,545 - services.mock_data - INFO - Table jobs already has 5 rows; skipping mock insert
2026-03-15 07:43:45,593 - services.mock_data - INFO - Processing mock data file master_requests.json for table master_requests
2026-03-15 07:43:45,597 - services.mock_data - INFO - Processing mock data file masters.json for table masters
2026-03-15 07:43:45,597 - services.mock_data - INFO - Processing mock data file news.json for table news
2026-03-15 07:43:45,598 - services.mock_data - INFO - Processing mock data file question_answers.json for table question_answers
2026-03-15 07:43:45,603 - services.mock_data - INFO - Processing mock data file questions.json for table questions
2026-03-15 07:43:46,544 - services.mock_data - INFO - Table news already has 5 rows; skipping mock insert
2026-03-15 07:43:46,595 - services.mock_data - INFO - Table master_requests already has 5 rows; skipping mock insert
2026-03-15 07:43:46,598 - services.mock_data - INFO - Table masters already has 8 rows; skipping mock insert
2026-03-15 07:43:46,599 - services.mock_data - INFO - Table question_answers already has 8 rows; skipping mock insert
2026-03-15 07:43:46,603 - services.mock_data - INFO - Table questions already has 6 rows; skipping mock insert
2026-03-15 07:43:46,661 - services.database - DEBUG - [DB_OP] Starting database initialization
2026-03-15 07:43:46,661 - services.database - INFO - 🔧 Starting database initialization...
2026-03-15 07:43:46,662 - core.database - INFO - Starting database initialization...
2026-03-15 07:43:46,662 - core.database - INFO - Database already initialized
2026-03-15 07:43:46,662 - services.database - INFO - 🔧 Database connection initialized, now creating tables if tables not exist...
2026-03-15 07:43:46,662 - core.database - DEBUG - [DB_OP] Starting create_tables
2026-03-15 07:43:46,662 - core.database - INFO - Tables already initialized
2026-03-15 07:43:46,662 - services.database - INFO - 🔧 Table creation completed
2026-03-15 07:43:46,662 - services.database - INFO - Database initialized successfully
2026-03-15 07:43:46,663 - services.database - DEBUG - [DB_OP] Database initialization completed in 0.0015s
2026-03-15 07:43:46,663 - core.config - DEBUG - Read dynamic attribute admin_user_id from environment variable ADMIN_USER_ID
2026-03-15 07:43:46,663 - core.config - DEBUG - Read dynamic attribute admin_user_email from environment variable ADMIN_USER_EMAIL
2026-03-15 07:43:47,031 - services.auth - DEBUG - Admin user 1029346 already exists
2026-03-15 07:43:47,090 - main - INFO - === Application startup completed successfully ===
2026-03-15 07:43:50,925 - core.database - DEBUG - [DB_OP] Starting get_db session creation
2026-03-15 07:43:50,925 - core.database - DEBUG - [DB_OP] Database session created successfully in 0.0008s
2026-03-15 07:43:50,926 - routers.banners - DEBUG - Querying bannerss: query={"active":true}, sort=None, skip=0, limit=2, fields=None
2026-03-15 07:43:50,933 - core.database - DEBUG - [DB_OP] Starting get_db session creation
2026-03-15 07:43:50,933 - core.database - DEBUG - [DB_OP] Database session created successfully in 0.0004s
2026-03-15 07:43:50,934 - routers.announcements - DEBUG - Querying announcementss: query={"active":true}, sort=-created_at, skip=0, limit=4, fields=None
2026-03-15 07:43:50,937 - core.database - DEBUG - [DB_OP] Starting get_db session creation
2026-03-15 07:43:50,938 - core.database - DEBUG - [DB_OP] Database session created successfully in 0.0002s
2026-03-15 07:43:50,938 - routers.complaints - DEBUG - Querying complaintss: query=None, sort=-created_at, skip=0, limit=4, fields=None
2026-03-15 07:43:50,941 - core.database - DEBUG - [DB_OP] Starting get_db session creation
2026-03-15 07:43:50,941 - core.database - DEBUG - [DB_OP] Database session created successfully in 0.0004s
2026-03-15 07:43:50,942 - routers.master_requests - DEBUG - Querying master_requestss: query=None, sort=-created_at, skip=0, limit=5, fields=None
2026-03-15 07:43:50,945 - core.database - DEBUG - [DB_OP] Starting get_db session creation
2026-03-15 07:43:50,945 - core.database - DEBUG - [DB_OP] Database session created successfully in 0.0002s
2026-03-15 07:43:50,945 - routers.jobs - DEBUG - Querying jobss: query={"active":true}, sort=-created_at, skip=0, limit=4, fields=None
2026-03-15 07:43:50,948 - core.database - DEBUG - [DB_OP] Starting get_db session creation
2026-03-15 07:43:50,948 - core.database - DEBUG - [DB_OP] Database session created successfully in 0.0002s
2026-03-15 07:43:50,948 - routers.directory_entries - DEBUG - Querying directory_entriess: query=None, sort=None, skip=0, limit=8, fields=None
2026-03-15 07:43:50,953 - core.database - DEBUG - [DB_OP] Starting get_db session creation
2026-03-15 07:43:50,953 - core.database - DEBUG - [DB_OP] Database session created successfully in 0.0002s
2026-03-15 07:43:50,954 - routers.news - DEBUG - Querying newss: query={"published":true}, sort=-created_at, skip=0, limit=4, fields=None
2026-03-15 07:43:50,958 - core.database - DEBUG - [DB_OP] Starting get_db session creation
2026-03-15 07:43:50,958 - core.database - DEBUG - [DB_OP] Database session created successfully in 0.0004s
2026-03-15 07:43:50,958 - routers.questions - DEBUG - Querying questionss: query=None, sort=-created_at, skip=0, limit=4, fields=None
2026-03-15 07:43:51,467 - routers.banners - DEBUG - Found 2 bannerss
2026-03-15 07:43:51,468 - core.database - DEBUG - [DB_OP] Database session cleanup after 0.5437s
2026-03-15 07:43:51,469 - routers.announcements - DEBUG - Found 6 announcementss
2026-03-15 07:43:51,470 - core.database - DEBUG - [DB_OP] Database session cleanup after 0.5374s
2026-03-15 07:43:51,474 - routers.master_requests - DEBUG - Found 5 master_requestss
2026-03-15 07:43:51,475 - core.database - DEBUG - [DB_OP] Database session cleanup after 0.5341s
2026-03-15 07:43:51,476 - routers.complaints - DEBUG - Found 5 complaintss
2026-03-15 07:43:51,477 - core.database - DEBUG - [DB_OP] Database session cleanup after 0.5392s
2026-03-15 07:43:51,478 - routers.jobs - DEBUG - Found 5 jobss
2026-03-15 07:43:51,479 - core.database - DEBUG - [DB_OP] Database session cleanup after 0.5338s
2026-03-15 07:43:51,654 - routers.directory_entries - DEBUG - Found 10 directory_entriess
2026-03-15 07:43:51,656 - core.database - DEBUG - [DB_OP] Database session cleanup after 0.7081s
2026-03-15 07:43:51,714 - routers.news - DEBUG - Found 5 newss
2026-03-15 07:43:51,715 - core.database - DEBUG - [DB_OP] Database session cleanup after 0.7621s
2026-03-15 07:43:51,717 - routers.questions - DEBUG - Found 6 questionss
2026-03-15 07:43:51,717 - core.database - DEBUG - [DB_OP] Database session cleanup after 0.7596s
2026-03-15 07:45:00,943 - core.database - DEBUG - [DB_OP] Starting get_db session creation
2026-03-15 07:45:00,944 - core.database - DEBUG - [DB_OP] Database session created successfully in 0.0010s
2026-03-15 07:45:00,944 - routers.jobs - DEBUG - Querying jobss: query={"active":true}, sort=-created_at, skip=0, limit=4, fields=None
2026-03-15 07:45:00,947 - core.database - DEBUG - [DB_OP] Starting get_db session creation
2026-03-15 07:45:00,948 - core.database - DEBUG - [DB_OP] Database session created successfully in 0.0007s
2026-03-15 07:45:00,949 - routers.announcements - DEBUG - Querying announcementss: query={"active":true}, sort=-created_at, skip=0, limit=4, fields=None
2026-03-15 07:45:00,951 - core.database - DEBUG - [DB_OP] Starting get_db session creation
2026-03-15 07:45:00,952 - core.database - DEBUG - [DB_OP] Database session created successfully in 0.0007s
2026-03-15 07:45:00,953 - routers.complaints - DEBUG - Querying complaintss: query=None, sort=-created_at, skip=0, limit=4, fields=None
2026-03-15 07:45:00,956 - core.database - DEBUG - [DB_OP] Starting get_db session creation
2026-03-15 07:45:00,956 - core.database - DEBUG - [DB_OP] Database session created successfully in 0.0007s
2026-03-15 07:45:00,957 - routers.directory_entries - DEBUG - Querying directory_entriess: query=None, sort=None, skip=0, limit=8, fields=None
2026-03-15 07:45:00,959 - core.database - DEBUG - [DB_OP] Starting get_db session creation
2026-03-15 07:45:00,959 - core.database - DEBUG - [DB_OP] Database session created successfully in 0.0004s
2026-03-15 07:45:00,960 - routers.banners - DEBUG - Querying bannerss: query={"active":true}, sort=None, skip=0, limit=2, fields=None
2026-03-15 07:45:00,963 - core.database - DEBUG - [DB_OP] Starting get_db session creation
2026-03-15 07:45:00,963 - core.database - DEBUG - [DB_OP] Database session created successfully in 0.0005s
2026-03-15 07:45:00,964 - routers.news - DEBUG - Querying newss: query={"published":true}, sort=-created_at, skip=0, limit=4, fields=None
2026-03-15 07:45:00,966 - core.database - DEBUG - [DB_OP] Starting get_db session creation
2026-03-15 07:45:00,966 - core.database - DEBUG - [DB_OP] Database session created successfully in 0.0004s
2026-03-15 07:45:00,967 - routers.questions - DEBUG - Querying questionss: query=None, sort=-created_at, skip=0, limit=4, fields=None
2026-03-15 07:45:00,968 - core.database - DEBUG - [DB_OP] Starting get_db session creation
2026-03-15 07:45:00,968 - core.database - DEBUG - [DB_OP] Database session created successfully in 0.0003s
2026-03-15 07:45:00,969 - routers.master_requests - DEBUG - Querying master_requestss: query=None, sort=-created_at, skip=0, limit=5, fields=None
2026-03-15 07:45:01,302 - routers.announcements - DEBUG - Found 6 announcementss
2026-03-15 07:45:01,303 - core.database - DEBUG - [DB_OP] Database session cleanup after 0.3558s
2026-03-15 07:45:01,307 - routers.complaints - DEBUG - Found 5 complaintss
2026-03-15 07:45:01,308 - core.database - DEBUG - [DB_OP] Database session cleanup after 0.3565s
2026-03-15 07:45:01,423 - routers.jobs - DEBUG - Found 5 jobss
2026-03-15 07:45:01,425 - core.database - DEBUG - [DB_OP] Database session cleanup after 0.4820s
2026-03-15 07:45:01,428 - routers.directory_entries - DEBUG - Found 10 directory_entriess
2026-03-15 07:45:01,430 - core.database - DEBUG - [DB_OP] Database session cleanup after 0.4741s
2026-03-15 07:45:01,433 - routers.banners - DEBUG - Found 2 bannerss
2026-03-15 07:45:01,434 - core.database - DEBUG - [DB_OP] Database session cleanup after 0.4757s
2026-03-15 07:45:01,494 - routers.news - DEBUG - Found 5 newss
2026-03-15 07:45:01,495 - core.database - DEBUG - [DB_OP] Database session cleanup after 0.5322s
2026-03-15 07:45:01,506 - routers.questions - DEBUG - Found 6 questionss
2026-03-15 07:45:01,507 - core.database - DEBUG - [DB_OP] Database session cleanup after 0.5411s
2026-03-15 07:45:01,508 - routers.master_requests - DEBUG - Found 5 master_requestss
2026-03-15 07:45:01,509 - core.database - DEBUG - [DB_OP] Database session cleanup after 0.5406s
2026-03-15 07:48:54,139 - services.database - DEBUG - [DB_OP] Starting database close
2026-03-15 07:48:54,639 - core.database - INFO - Database connection closed and engine disposed
2026-03-15 07:48:54,639 - services.database - INFO - Database connections closed
2026-03-15 07:48:54,639 - services.database - DEBUG - [DB_OP] Database close completed in 0.5000s
