2026-04-08 09:59:51,802 - main - INFO - === Logging system initialized ===
2026-04-08 09:59:51,802 - main - INFO - Log file: logs/app_20260408_095951.log
2026-04-08 09:59:51,802 - main - INFO - Log level: INFO
2026-04-08 09:59:51,802 - main - INFO - Timestamp: 20260408_095951
2026-04-08 09:59:51,810 - main - INFO - Included router: routers.admin_auth.router
2026-04-08 09:59:52,513 - main - INFO - Included router: routers.aihub.router
2026-04-08 09:59:52,578 - main - INFO - Included router: routers.announcements.router
2026-04-08 09:59:52,603 - main - INFO - Included router: routers.auth.router
2026-04-08 09:59:52,735 - main - INFO - Included router: routers.banners.router
2026-04-08 09:59:52,794 - main - INFO - Included router: routers.become_master_requests.router
2026-04-08 09:59:52,839 - main - INFO - Included router: routers.bus_notifications.router
2026-04-08 09:59:52,895 - main - INFO - Included router: routers.bus_routes.router
2026-04-08 09:59:52,938 - main - INFO - Included router: routers.bus_stops.router
2026-04-08 09:59:52,998 - main - INFO - Included router: routers.categories.router
2026-04-08 09:59:53,059 - main - INFO - Included router: routers.complaints.router
2026-04-08 09:59:53,117 - main - INFO - Included router: routers.couriers.router
2026-04-08 09:59:53,121 - main - INFO - Included router: routers.debug_schema.router
2026-04-08 09:59:53,175 - main - INFO - Included router: routers.directory_entries.router
2026-04-08 09:59:53,230 - main - INFO - Included router: routers.food_categories.router
2026-04-08 09:59:53,276 - main - INFO - Included router: routers.food_item_modifiers.router
2026-04-08 09:59:53,345 - main - INFO - Included router: routers.food_items.router
2026-04-08 09:59:53,394 - main - INFO - Included router: routers.food_modifiers.router
2026-04-08 09:59:53,564 - main - INFO - Included router: routers.food_orders.router
2026-04-08 09:59:53,617 - main - INFO - Included router: routers.food_settings.router
2026-04-08 09:59:53,653 - main - INFO - Included router: routers.frontpad.router
2026-04-08 09:59:53,691 - main - INFO - Included router: routers.frontpad_settings.router
2026-04-08 09:59:53,738 - main - INFO - Included router: routers.frontpad_sync_log.router
2026-04-08 09:59:53,741 - main - INFO - Included router: routers.health.router
2026-04-08 09:59:53,784 - main - INFO - Included router: routers.health_check.router
2026-04-08 09:59:53,833 - main - INFO - Included router: routers.history_events.router
2026-04-08 09:59:53,881 - main - INFO - Included router: routers.homepage_stats.router
2026-04-08 09:59:53,950 - main - INFO - Included router: routers.inspectors.router
2026-04-08 09:59:53,998 - main - INFO - Included router: routers.item_modifier_groups.router
2026-04-08 09:59:54,052 - main - INFO - Included router: routers.jobs.router
2026-04-08 09:59:54,118 - main - INFO - Included router: routers.master_requests.router
2026-04-08 09:59:54,196 - main - INFO - Included router: routers.masters.router
2026-04-08 09:59:54,412 - main - INFO - Included router: routers.modifier_groups.router
2026-04-08 09:59:54,491 - main - INFO - Included router: routers.modifier_options.router
2026-04-08 09:59:54,540 - main - INFO - Included router: routers.news.router
2026-04-08 09:59:54,607 - main - INFO - Included router: routers.park_orders.router
2026-04-08 09:59:54,652 - main - INFO - Included router: routers.park_points.router
2026-04-08 09:59:54,700 - main - INFO - Included router: routers.question_answers.router
2026-04-08 09:59:54,749 - main - INFO - Included router: routers.questions.router
2026-04-08 09:59:54,807 - main - INFO - Included router: routers.real_estate.router
2026-04-08 09:59:54,829 - main - INFO - Included router: routers.settings.router
2026-04-08 09:59:54,864 - main - INFO - Included router: routers.storage.router
2026-04-08 09:59:54,890 - main - INFO - Included router: routers.telegram.router
2026-04-08 09:59:54,900 - main - INFO - Included router: routers.user.router
2026-04-08 09:59:54,943 - main - INFO - Included router: routers.user_preferences.router
2026-04-08 09:59:54,945 - main - INFO - Included router: routers.weather.router
2026-04-08 09:59:54,948 - main - INFO - === Application startup initiated ===
2026-04-08 09:59:54,948 - services.database - INFO - Ignore creating tables
2026-04-08 09:59:54,948 - services.mock_data - INFO - Ignore initialize data
2026-04-08 09:59:54,948 - services.auth - INFO - Ignore initialize admin
2026-04-08 09:59:54,948 - core.database - WARNING - Database not initialized, attempting lazy initialization...
2026-04-08 09:59:54,948 - core.database - INFO - Starting database initialization...
2026-04-08 09:59:54,948 - core.config - DEBUG - Read dynamic attribute database_url from environment variable DATABASE_URL
2026-04-08 09:59:54,948 - core.database - INFO - Database init attempt 1/5...
2026-04-08 09:59:54,949 - core.database - INFO - Normalized database URL (masked): postgresql+asyncpg://neondb_owner:***@ep-cool-wave-ad8598va.c-2.us-east-1.aws.neon.tech/neondb?ssl=require
2026-04-08 09:59:54,949 - core.database - INFO - Using QueuePool with connection pooling
2026-04-08 09:59:56,313 - core.database - INFO - Database connection initialized successfully
2026-04-08 09:59:56,314 - core.database - DEBUG - [DB_OP] Starting create_tables
2026-04-08 09:59:56,314 - core.database - INFO - 🔧 Table creation attempt 1/3...
2026-04-08 09:59:56,314 - core.database - INFO - 🔧 Starting table structure repair...
2026-04-08 09:59:56,885 - core.database - INFO - 🔧 Repairing 40 existing tables...
2026-04-08 09:59:56,886 - core.database - DEBUG - Checking table structure for: users
2026-04-08 09:59:56,887 - core.database - DEBUG - Checking table structure for: oidc_states
2026-04-08 09:59:56,888 - core.database - DEBUG - Checking table structure for: admin_credentials
2026-04-08 09:59:56,889 - core.database - DEBUG - Checking table structure for: admin_login_attempts
2026-04-08 09:59:56,890 - core.database - DEBUG - Checking table structure for: admin_login_lockouts
2026-04-08 09:59:56,891 - core.database - DEBUG - Checking table structure for: announcements
2026-04-08 09:59:56,892 - core.database - DEBUG - Checking table structure for: banners
2026-04-08 09:59:56,893 - core.database - DEBUG - Checking table structure for: become_master_requests
2026-04-08 09:59:56,894 - core.database - DEBUG - Checking table structure for: bus_notifications
2026-04-08 09:59:56,895 - core.database - DEBUG - Checking table structure for: bus_routes
2026-04-08 09:59:57,602 - core.database - DEBUG - Table users structure is up to date
2026-04-08 09:59:57,603 - core.database - INFO - Table users repaired in 0.72s
2026-04-08 09:59:57,603 - core.database - DEBUG - Checking table structure for: bus_stops
2026-04-08 09:59:57,717 - core.database - DEBUG - Table banners structure is up to date
2026-04-08 09:59:57,717 - core.database - INFO - Table banners repaired in 0.83s
2026-04-08 09:59:57,717 - core.database - DEBUG - Checking table structure for: categories
2026-04-08 09:59:57,802 - core.database - DEBUG - Table become_master_requests structure is up to date
2026-04-08 09:59:57,802 - core.database - INFO - Table become_master_requests repaired in 0.91s
2026-04-08 09:59:57,803 - core.database - DEBUG - Checking table structure for: complaints
2026-04-08 09:59:57,807 - core.database - DEBUG - Table bus_notifications structure is up to date
2026-04-08 09:59:57,808 - core.database - INFO - Table bus_notifications repaired in 0.91s
2026-04-08 09:59:57,808 - core.database - DEBUG - Checking table structure for: couriers
2026-04-08 09:59:57,809 - core.database - DEBUG - Table admin_login_attempts structure is up to date
2026-04-08 09:59:57,809 - core.database - INFO - Table admin_login_attempts repaired in 0.92s
2026-04-08 09:59:57,809 - core.database - DEBUG - Checking table structure for: directory_entries
2026-04-08 09:59:57,810 - core.database - DEBUG - Table admin_login_lockouts structure is up to date
2026-04-08 09:59:57,810 - core.database - INFO - Table admin_login_lockouts repaired in 0.92s
2026-04-08 09:59:57,810 - core.database - DEBUG - Checking table structure for: food_categories
2026-04-08 09:59:57,823 - core.database - DEBUG - Table admin_credentials structure is up to date
2026-04-08 09:59:57,823 - core.database - INFO - Table admin_credentials repaired in 0.93s
2026-04-08 09:59:57,823 - core.database - DEBUG - Checking table structure for: food_item_modifiers
2026-04-08 09:59:57,826 - core.database - DEBUG - Table bus_routes structure is up to date
2026-04-08 09:59:57,826 - core.database - INFO - Table bus_routes repaired in 0.93s
2026-04-08 09:59:57,826 - core.database - DEBUG - Checking table structure for: food_items
2026-04-08 09:59:57,828 - core.database - DEBUG - Table announcements structure is up to date
2026-04-08 09:59:57,828 - core.database - INFO - Table announcements repaired in 0.94s
2026-04-08 09:59:57,828 - core.database - DEBUG - Table oidc_states structure is up to date
2026-04-08 09:59:57,828 - core.database - INFO - Table oidc_states repaired in 0.94s
2026-04-08 09:59:57,828 - core.database - DEBUG - Checking table structure for: food_modifiers
2026-04-08 09:59:57,828 - core.database - DEBUG - Checking table structure for: food_orders
2026-04-08 09:59:57,984 - core.database - DEBUG - Table bus_stops structure is up to date
2026-04-08 09:59:57,984 - core.database - INFO - Table bus_stops repaired in 1.09s
2026-04-08 09:59:57,984 - core.database - DEBUG - Checking table structure for: food_settings
2026-04-08 09:59:58,155 - core.database - DEBUG - Table categories structure is up to date
2026-04-08 09:59:58,155 - core.database - INFO - Table categories repaired in 1.26s
2026-04-08 09:59:58,155 - core.database - DEBUG - Checking table structure for: frontpad_settings
2026-04-08 09:59:58,240 - core.database - DEBUG - Table complaints structure is up to date
2026-04-08 09:59:58,241 - core.database - INFO - Table complaints repaired in 1.34s
2026-04-08 09:59:58,241 - core.database - DEBUG - Checking table structure for: frontpad_sync_log
2026-04-08 09:59:58,243 - core.database - DEBUG - Table couriers structure is up to date
2026-04-08 09:59:58,243 - core.database - INFO - Table couriers repaired in 1.35s
2026-04-08 09:59:58,243 - core.database - DEBUG - Checking table structure for: health_check
2026-04-08 09:59:58,245 - core.database - DEBUG - Table directory_entries structure is up to date
2026-04-08 09:59:58,245 - core.database - INFO - Table directory_entries repaired in 1.35s
2026-04-08 09:59:58,246 - core.database - DEBUG - Checking table structure for: history_events
2026-04-08 09:59:58,249 - core.database - DEBUG - Table food_categories structure is up to date
2026-04-08 09:59:58,251 - core.database - INFO - Table food_categories repaired in 1.35s
2026-04-08 09:59:58,251 - core.database - DEBUG - Checking table structure for: homepage_stats
2026-04-08 09:59:58,271 - core.database - DEBUG - Table food_item_modifiers structure is up to date
2026-04-08 09:59:58,271 - core.database - INFO - Table food_item_modifiers repaired in 1.38s
2026-04-08 09:59:58,272 - core.database - DEBUG - Checking table structure for: inspectors
2026-04-08 09:59:58,275 - core.database - DEBUG - Table food_modifiers structure is up to date
2026-04-08 09:59:58,275 - core.database - INFO - Table food_modifiers repaired in 1.38s
2026-04-08 09:59:58,275 - core.database - DEBUG - Checking table structure for: item_modifier_groups
2026-04-08 09:59:58,276 - core.database - DEBUG - Table food_orders structure is up to date
2026-04-08 09:59:58,276 - core.database - INFO - Table food_orders repaired in 1.38s
2026-04-08 09:59:58,276 - core.database - DEBUG - Checking table structure for: jobs
2026-04-08 09:59:58,334 - core.database - DEBUG - Table food_items structure is up to date
2026-04-08 09:59:58,334 - core.database - INFO - Table food_items repaired in 1.44s
2026-04-08 09:59:58,334 - core.database - DEBUG - Checking table structure for: master_requests
2026-04-08 09:59:58,363 - core.database - DEBUG - Table food_settings structure is up to date
2026-04-08 09:59:58,363 - core.database - INFO - Table food_settings repaired in 1.47s
2026-04-08 09:59:58,363 - core.database - DEBUG - Checking table structure for: masters
2026-04-08 09:59:58,531 - core.database - DEBUG - Table frontpad_settings structure is up to date
2026-04-08 09:59:58,531 - core.database - INFO - Table frontpad_settings repaired in 1.63s
2026-04-08 09:59:58,532 - core.database - DEBUG - Checking table structure for: modifier_groups
2026-04-08 09:59:58,618 - core.database - DEBUG - Table health_check structure is up to date
2026-04-08 09:59:58,619 - core.database - INFO - Table health_check repaired in 1.72s
2026-04-08 09:59:58,619 - core.database - DEBUG - Checking table structure for: modifier_options
2026-04-08 09:59:58,620 - core.database - DEBUG - Table history_events structure is up to date
2026-04-08 09:59:58,621 - core.database - INFO - Table history_events repaired in 1.72s
2026-04-08 09:59:58,621 - core.database - DEBUG - Checking table structure for: news
2026-04-08 09:59:58,642 - core.database - DEBUG - Table homepage_stats structure is up to date
2026-04-08 09:59:58,643 - core.database - INFO - Table homepage_stats repaired in 1.75s
2026-04-08 09:59:58,643 - core.database - DEBUG - Checking table structure for: park_orders
2026-04-08 09:59:58,658 - core.database - DEBUG - Table item_modifier_groups structure is up to date
2026-04-08 09:59:58,658 - core.database - INFO - Table item_modifier_groups repaired in 1.76s
2026-04-08 09:59:58,658 - core.database - DEBUG - Checking table structure for: park_points
2026-04-08 09:59:58,680 - core.database - DEBUG - Table frontpad_sync_log structure is up to date
2026-04-08 09:59:58,680 - core.database - INFO - Table frontpad_sync_log repaired in 1.78s
2026-04-08 09:59:58,681 - core.database - DEBUG - Checking table structure for: question_answers
2026-04-08 09:59:58,716 - core.database - DEBUG - Table inspectors structure is up to date
2026-04-08 09:59:58,717 - core.database - INFO - Table inspectors repaired in 1.82s
2026-04-08 09:59:58,717 - core.database - DEBUG - Checking table structure for: questions
2026-04-08 09:59:58,719 - core.database - DEBUG - Table master_requests structure is up to date
2026-04-08 09:59:58,720 - core.database - INFO - Table master_requests repaired in 1.82s
2026-04-08 09:59:58,720 - core.database - DEBUG - Checking table structure for: real_estate
2026-04-08 09:59:58,725 - core.database - DEBUG - Table jobs structure is up to date
2026-04-08 09:59:58,726 - core.database - INFO - Table jobs repaired in 1.83s
2026-04-08 09:59:58,726 - core.database - DEBUG - Checking table structure for: user_preferences
2026-04-08 09:59:58,807 - core.database - DEBUG - Table masters structure is up to date
2026-04-08 09:59:58,808 - core.database - INFO - Table masters repaired in 1.91s
2026-04-08 09:59:58,908 - core.database - DEBUG - Table modifier_groups structure is up to date
2026-04-08 09:59:58,908 - core.database - INFO - Table modifier_groups repaired in 2.01s
2026-04-08 09:59:58,995 - core.database - DEBUG - Table news structure is up to date
2026-04-08 09:59:58,995 - core.database - INFO - Table news repaired in 2.10s
2026-04-08 09:59:58,996 - core.database - DEBUG - Table modifier_options structure is up to date
2026-04-08 09:59:58,997 - core.database - INFO - Table modifier_options repaired in 2.10s
2026-04-08 09:59:59,041 - core.database - DEBUG - Table park_points structure is up to date
2026-04-08 09:59:59,042 - core.database - INFO - Table park_points repaired in 2.15s
2026-04-08 09:59:59,124 - core.database - DEBUG - Table question_answers structure is up to date
2026-04-08 09:59:59,125 - core.database - INFO - Table question_answers repaired in 2.23s
2026-04-08 09:59:59,152 - core.database - DEBUG - Table park_orders structure is up to date
2026-04-08 09:59:59,153 - core.database - INFO - Table park_orders repaired in 2.26s
2026-04-08 09:59:59,170 - core.database - DEBUG - Table real_estate structure is up to date
2026-04-08 09:59:59,171 - core.database - INFO - Table real_estate repaired in 2.27s
2026-04-08 09:59:59,174 - core.database - DEBUG - Table questions structure is up to date
2026-04-08 09:59:59,175 - core.database - INFO - Table questions repaired in 2.28s
2026-04-08 09:59:59,182 - core.database - DEBUG - Table user_preferences structure is up to date
2026-04-08 09:59:59,183 - core.database - INFO - Table user_preferences repaired in 2.29s
2026-04-08 09:59:59,183 - core.database - INFO - 🔧 Table structure repair completed in 2.8686s
2026-04-08 09:59:59,183 - core.database - INFO - 🔧 Table structure repair completed
2026-04-08 09:59:59,183 - core.database - INFO - 🔧 Starting table creation...
2026-04-08 10:00:02,024 - core.database - INFO - Tables initialized successfully
2026-04-08 10:00:02,024 - core.database - DEBUG - [DB_OP] Create tables completed in 5.7108s
2026-04-08 10:00:02,088 - core.database - INFO - Lazy database initialization completed successfully
2026-04-08 10:00:03,160 - routers.admin_auth - INFO - [Admin Auth] Pre-computed 4 alternative password hashes for 'admin' account
2026-04-08 10:00:04,019 - routers.admin_auth - INFO - [Admin Auth] Admin credentials reset (username: admin, password: Admin123@)
2026-04-08 10:00:04,519 - core.config - DEBUG - Read dynamic attribute oss_service_url from environment variable OSS_SERVICE_URL
2026-04-08 10:00:04,519 - core.config - DEBUG - Read dynamic attribute oss_api_key from environment variable OSS_API_KEY
2026-04-08 10:00:04,808 - httpcore.connection - DEBUG - connect_tcp.started host='atoms.dev' port=443 local_address=None timeout=120.0 socket_options=None
2026-04-08 10:00:04,827 - httpcore.connection - DEBUG - connect_tcp.complete return_value=<httpcore._backends.anyio.AnyIOStream object at 0x7f26fdf5c550>
2026-04-08 10:00:04,827 - httpcore.connection - DEBUG - start_tls.started ssl_context=<ssl.SSLContext object at 0x7f26fdf869c0> server_hostname='atoms.dev' timeout=120.0
2026-04-08 10:00:04,843 - httpcore.connection - DEBUG - start_tls.complete return_value=<httpcore._backends.anyio.AnyIOStream object at 0x7f26fdf27400>
2026-04-08 10:00:04,843 - httpcore.http11 - DEBUG - send_request_headers.started request=<Request [b'GET']>
2026-04-08 10:00:04,844 - httpcore.http11 - DEBUG - send_request_headers.complete
2026-04-08 10:00:04,845 - httpcore.http11 - DEBUG - send_request_body.started request=<Request [b'GET']>
2026-04-08 10:00:04,845 - httpcore.http11 - DEBUG - send_request_body.complete
2026-04-08 10:00:04,845 - httpcore.http11 - DEBUG - receive_response_headers.started request=<Request [b'GET']>
2026-04-08 10:00:04,891 - httpcore.http11 - DEBUG - receive_response_headers.complete return_value=(b'HTTP/1.1', 200, b'OK', [(b'Date', b'Wed, 08 Apr 2026 17:00:04 GMT'), (b'Content-Type', b'application/json; charset=utf-8'), (b'Transfer-Encoding', b'chunked'), (b'Connection', b'keep-alive'), (b'Access-Control-Allow-Headers', b'Origin, Content-Type, Accept, Authorization'), (b'Access-Control-Allow-Methods', b'GET, POST, PUT, DELETE, OPTIONS'), (b'Access-Control-Allow-Origin', b'*'), (b'Access-Control-Max-Age', b'86400'), (b'X-Request-Id', b'cddc121ed43f2f20933c6d0b782ce3cb'), (b'X-Trace-Id', b'e72b21a07e6648acbd155f3f12bd8339'), (b'Content-Security-Policy', b"frame-ancestors 'self' https://atoms.dev"), (b'Strict-Transport-Security', b'max-age=63072000; includeSubDomains; preload'), (b'X-Content-Type-Options', b'nosniff'), (b'X-XSS-Protection', b'1; mode=block'), (b'Referrer-Policy', b'strict-origin-when-cross-origin'), (b'cf-cache-status', b'DYNAMIC'), (b'Content-Encoding', b'gzip'), (b'Server', b'cloudflare'), (b'CF-RAY', b'9e92d380bf8eccd3-LAX')])
2026-04-08 10:00:04,893 - httpx - INFO - HTTP Request: GET https://atoms.dev/api/v1/infra/client/oss/buckets "HTTP/1.1 200 OK"
2026-04-08 10:00:04,893 - httpcore.http11 - DEBUG - receive_response_body.started request=<Request [b'GET']>
2026-04-08 10:00:04,893 - httpcore.http11 - DEBUG - receive_response_body.complete
2026-04-08 10:00:04,894 - httpcore.http11 - DEBUG - response_closed.started
2026-04-08 10:00:04,894 - httpcore.http11 - DEBUG - response_closed.complete
2026-04-08 10:00:04,894 - httpcore.connection - DEBUG - close.started
2026-04-08 10:00:04,895 - httpcore.connection - DEBUG - close.complete
2026-04-08 10:00:04,895 - services.bucket_init - INFO - Bucket 'portal-images' already exists
2026-04-08 10:00:04,895 - main - INFO - === Application startup completed ===
2026-04-08 10:02:12,092 - core.database - DEBUG - [DB_OP] Starting get_db session creation
2026-04-08 10:02:12,094 - core.database - DEBUG - [DB_OP] Database session created successfully in 0.0013s
2026-04-08 10:02:12,096 - routers.banners - DEBUG - Querying bannerss: query=None, sort=None, skip=0, limit=1, fields=None
2026-04-08 10:02:12,420 - core.database - DEBUG - [DB_OP] Starting get_db session creation
2026-04-08 10:02:12,420 - core.database - DEBUG - [DB_OP] Database session created successfully in 0.0004s
2026-04-08 10:02:12,421 - routers.homepage_stats - DEBUG - Querying homepage_statss: query=None, sort=None, skip=0, limit=1, fields=None
2026-04-08 10:02:12,427 - core.database - DEBUG - [DB_OP] Starting get_db session creation
2026-04-08 10:02:12,427 - core.database - DEBUG - [DB_OP] Database session created successfully in 0.0004s
2026-04-08 10:02:12,428 - routers.complaints - DEBUG - Querying complaintss: query=None, sort=-created_at, skip=0, limit=3, fields=None
2026-04-08 10:02:12,434 - core.database - DEBUG - [DB_OP] Starting get_db session creation
2026-04-08 10:02:12,436 - core.database - DEBUG - [DB_OP] Database session created successfully in 0.0017s
2026-04-08 10:02:12,437 - routers.jobs - DEBUG - Querying jobss: query={"active":true}, sort=-created_at, skip=0, limit=3, fields=None
2026-04-08 10:02:12,528 - httpcore.connection - DEBUG - connect_tcp.started host='api.openweathermap.org' port=443 local_address=None timeout=10.0 socket_options=None
2026-04-08 10:02:12,534 - core.database - DEBUG - [DB_OP] Starting get_db session creation
2026-04-08 10:02:12,535 - core.database - DEBUG - [DB_OP] Database session created successfully in 0.0008s
2026-04-08 10:02:12,536 - routers.banners - DEBUG - Querying bannerss: query={"active":true}, sort=None, skip=0, limit=4, fields=None
2026-04-08 10:02:12,571 - httpcore.connection - DEBUG - connect_tcp.complete return_value=<httpcore._backends.anyio.AnyIOStream object at 0x7f27046199f0>
2026-04-08 10:02:12,572 - httpcore.connection - DEBUG - start_tls.started ssl_context=<ssl.SSLContext object at 0x7f27045bfbc0> server_hostname='api.openweathermap.org' timeout=10.0
2026-04-08 10:02:12,609 - httpcore.connection - DEBUG - start_tls.complete return_value=<httpcore._backends.anyio.AnyIOStream object at 0x7f27046196c0>
2026-04-08 10:02:12,610 - httpcore.http11 - DEBUG - send_request_headers.started request=<Request [b'GET']>
2026-04-08 10:02:12,611 - httpcore.http11 - DEBUG - send_request_headers.complete
2026-04-08 10:02:12,611 - httpcore.http11 - DEBUG - send_request_body.started request=<Request [b'GET']>
2026-04-08 10:02:12,611 - httpcore.http11 - DEBUG - send_request_body.complete
2026-04-08 10:02:12,612 - httpcore.http11 - DEBUG - receive_response_headers.started request=<Request [b'GET']>
2026-04-08 10:02:12,648 - httpcore.http11 - DEBUG - receive_response_headers.complete return_value=(b'HTTP/1.1', 200, b'OK', [(b'Date', b'Wed, 08 Apr 2026 17:02:12 GMT'), (b'Content-Type', b'application/json; charset=utf-8'), (b'Content-Length', b'527'), (b'Connection', b'keep-alive'), (b'X-Cache-Key', b'/data/2.5/weather?lang=ru&q=karaganda&units=metric'), (b'Access-Control-Allow-Origin', b'*'), (b'Access-Control-Allow-Credentials', b'true'), (b'Access-Control-Allow-Methods', b'GET, POST')])
2026-04-08 10:02:12,649 - httpx - INFO - HTTP Request: GET https://api.openweathermap.org/data/2.5/weather?q=Karaganda&units=metric&lang=ru&appid=ae3471b8d67a2e46b753ece3875423c9 "HTTP/1.1 200 OK"
2026-04-08 10:02:12,649 - httpcore.http11 - DEBUG - receive_response_body.started request=<Request [b'GET']>
2026-04-08 10:02:12,649 - httpcore.http11 - DEBUG - receive_response_body.complete
2026-04-08 10:02:12,649 - httpcore.http11 - DEBUG - response_closed.started
2026-04-08 10:02:12,650 - httpcore.http11 - DEBUG - response_closed.complete
2026-04-08 10:02:12,650 - httpcore.connection - DEBUG - close.started
2026-04-08 10:02:12,650 - httpcore.connection - DEBUG - close.complete
2026-04-08 10:02:12,650 - routers.weather - INFO - [Weather] Fetched: 10°C, пасмурно
2026-04-08 10:02:12,659 - routers.banners - DEBUG - Found 2 bannerss
2026-04-08 10:02:12,660 - core.database - DEBUG - [DB_OP] Database session cleanup after 0.5681s
2026-04-08 10:02:12,982 - routers.jobs - DEBUG - Found 5 jobss
2026-04-08 10:02:12,983 - core.database - DEBUG - [DB_OP] Database session cleanup after 0.5493s
2026-04-08 10:02:12,992 - routers.complaints - DEBUG - Found 13 complaintss
2026-04-08 10:02:12,995 - core.database - DEBUG - [DB_OP] Database session cleanup after 0.5683s
2026-04-08 10:02:12,996 - routers.homepage_stats - DEBUG - Found 1 homepage_statss
2026-04-08 10:02:12,997 - core.database - DEBUG - [DB_OP] Database session cleanup after 0.5774s
2026-04-08 10:02:13,066 - routers.banners - DEBUG - Found 2 bannerss
2026-04-08 10:02:13,067 - core.database - DEBUG - [DB_OP] Database session cleanup after 0.5334s
2026-04-08 10:02:13,959 - core.database - DEBUG - [DB_OP] Starting get_db session creation
2026-04-08 10:02:13,959 - core.database - DEBUG - [DB_OP] Database session created successfully in 0.0004s
2026-04-08 10:02:13,960 - routers.news - DEBUG - Querying newss: query={"published":true}, sort=-created_at, skip=0, limit=6, fields=None
2026-04-08 10:02:14,463 - routers.news - DEBUG - Found 14 newss
2026-04-08 10:02:14,464 - core.database - DEBUG - [DB_OP] Database session cleanup after 0.5050s
2026-04-08 10:02:15,826 - core.database - DEBUG - [DB_OP] Starting get_db session creation
2026-04-08 10:02:15,826 - core.database - DEBUG - [DB_OP] Database session created successfully in 0.0005s
2026-04-08 10:02:15,827 - routers.food_categories - DEBUG - Querying food_categoriess: query=None, sort=sort_order, skip=0, limit=50, fields=None
2026-04-08 10:02:15,919 - core.database - DEBUG - [DB_OP] Starting get_db session creation
2026-04-08 10:02:15,919 - core.database - DEBUG - [DB_OP] Database session created successfully in 0.0005s
2026-04-08 10:02:15,920 - routers.masters - DEBUG - Querying masterss: query=None, sort=-rating, skip=0, limit=50, fields=None
2026-04-08 10:02:15,924 - core.database - DEBUG - [DB_OP] Starting get_db session creation
2026-04-08 10:02:15,924 - core.database - DEBUG - [DB_OP] Database session created successfully in 0.0003s
2026-04-08 10:02:15,925 - routers.food_items - DEBUG - Querying food_itemss: query=None, sort=sort_order, skip=0, limit=200, fields=None
2026-04-08 10:02:16,221 - core.database - DEBUG - [DB_OP] Starting get_db session creation
2026-04-08 10:02:16,221 - core.database - DEBUG - [DB_OP] Database session created successfully in 0.0004s
2026-04-08 10:02:16,222 - routers.announcements - DEBUG - Querying announcementss: query={"active":true,"status":"approved"}, sort=-created_at, skip=0, limit=50, fields=None
2026-04-08 10:02:16,414 - routers.food_categories - DEBUG - Found 18 food_categoriess
2026-04-08 10:02:16,415 - core.database - DEBUG - [DB_OP] Database session cleanup after 0.5896s
2026-04-08 10:02:16,489 - routers.masters - DEBUG - Found 8 masterss
2026-04-08 10:02:16,490 - core.database - DEBUG - [DB_OP] Database session cleanup after 0.5716s
2026-04-08 10:02:16,499 - routers.food_items - DEBUG - Found 96 food_itemss
2026-04-08 10:02:16,501 - core.database - DEBUG - [DB_OP] Database session cleanup after 0.5772s
2026-04-08 10:02:16,726 - routers.announcements - DEBUG - Found 1 announcementss
2026-04-08 10:02:16,727 - core.database - DEBUG - [DB_OP] Database session cleanup after 0.5067s
2026-04-08 10:02:19,145 - core.database - DEBUG - [DB_OP] Starting get_db session creation
2026-04-08 10:02:19,145 - core.database - DEBUG - [DB_OP] Database session created successfully in 0.0008s
2026-04-08 10:02:19,146 - routers.complaints - DEBUG - Querying complaintss: query=None, sort=-created_at, skip=0, limit=50, fields=None
2026-04-08 10:02:19,148 - core.database - DEBUG - [DB_OP] Starting get_db session creation
2026-04-08 10:02:19,149 - core.database - DEBUG - [DB_OP] Database session created successfully in 0.0002s
2026-04-08 10:02:19,149 - routers.news - DEBUG - Querying newss: query={"published":true}, sort=-created_at, skip=0, limit=50, fields=None
2026-04-08 10:02:19,151 - core.database - DEBUG - [DB_OP] Starting get_db session creation
2026-04-08 10:02:19,151 - core.database - DEBUG - [DB_OP] Database session created successfully in 0.0002s
2026-04-08 10:02:19,152 - routers.jobs - DEBUG - Querying jobss: query={"active":true}, sort=-created_at, skip=0, limit=50, fields=None
2026-04-08 10:02:19,653 - routers.jobs - DEBUG - Found 5 jobss
2026-04-08 10:02:19,654 - core.database - DEBUG - [DB_OP] Database session cleanup after 0.5033s
2026-04-08 10:02:19,706 - routers.complaints - DEBUG - Found 13 complaintss
2026-04-08 10:02:19,707 - core.database - DEBUG - [DB_OP] Database session cleanup after 0.5624s
2026-04-08 10:02:19,709 - routers.news - DEBUG - Found 14 newss
2026-04-08 10:02:19,709 - core.database - DEBUG - [DB_OP] Database session cleanup after 0.5611s
2026-04-08 10:02:22,185 - core.database - DEBUG - [DB_OP] Starting get_db session creation
2026-04-08 10:02:22,186 - core.database - DEBUG - [DB_OP] Database session created successfully in 0.0005s
2026-04-08 10:02:22,186 - routers.inspectors - DEBUG - Querying inspectorss: query=None, sort=precinct_number, skip=0, limit=100, fields=None
2026-04-08 10:02:22,223 - core.database - DEBUG - [DB_OP] Starting get_db session creation
2026-04-08 10:02:22,223 - core.database - DEBUG - [DB_OP] Database session created successfully in 0.0003s
2026-04-08 10:02:22,224 - routers.real_estate - DEBUG - Querying real_estates: query=None, sort=-created_at, skip=0, limit=100, fields=None
2026-04-08 10:02:22,725 - routers.real_estate - DEBUG - Found 0 real_estates
2026-04-08 10:02:22,726 - core.database - DEBUG - [DB_OP] Database session cleanup after 0.5033s
2026-04-08 10:02:22,762 - routers.inspectors - DEBUG - Found 8 inspectorss
2026-04-08 10:02:22,763 - core.database - DEBUG - [DB_OP] Database session cleanup after 0.5782s
2026-04-08 10:12:13,527 - httpcore.connection - DEBUG - connect_tcp.started host='api.openweathermap.org' port=443 local_address=None timeout=10.0 socket_options=None
2026-04-08 10:12:13,582 - httpcore.connection - DEBUG - connect_tcp.complete return_value=<httpcore._backends.anyio.AnyIOStream object at 0x7f27045ec310>
2026-04-08 10:12:13,582 - httpcore.connection - DEBUG - start_tls.started ssl_context=<ssl.SSLContext object at 0x7f26fd3b03c0> server_hostname='api.openweathermap.org' timeout=10.0
2026-04-08 10:12:13,617 - httpcore.connection - DEBUG - start_tls.complete return_value=<httpcore._backends.anyio.AnyIOStream object at 0x7f26fd33c8b0>
2026-04-08 10:12:13,618 - httpcore.http11 - DEBUG - send_request_headers.started request=<Request [b'GET']>
2026-04-08 10:12:13,618 - httpcore.http11 - DEBUG - send_request_headers.complete
2026-04-08 10:12:13,618 - httpcore.http11 - DEBUG - send_request_body.started request=<Request [b'GET']>
2026-04-08 10:12:13,619 - httpcore.http11 - DEBUG - send_request_body.complete
2026-04-08 10:12:13,619 - httpcore.http11 - DEBUG - receive_response_headers.started request=<Request [b'GET']>
2026-04-08 10:12:13,663 - httpcore.http11 - DEBUG - receive_response_headers.complete return_value=(b'HTTP/1.1', 200, b'OK', [(b'Date', b'Wed, 08 Apr 2026 17:12:13 GMT'), (b'Content-Type', b'application/json; charset=utf-8'), (b'Content-Length', b'527'), (b'Connection', b'keep-alive'), (b'X-Cache-Key', b'/data/2.5/weather?lang=ru&q=karaganda&units=metric'), (b'Access-Control-Allow-Origin', b'*'), (b'Access-Control-Allow-Credentials', b'true'), (b'Access-Control-Allow-Methods', b'GET, POST')])
2026-04-08 10:12:13,663 - httpx - INFO - HTTP Request: GET https://api.openweathermap.org/data/2.5/weather?q=Karaganda&units=metric&lang=ru&appid=ae3471b8d67a2e46b753ece3875423c9 "HTTP/1.1 200 OK"
2026-04-08 10:12:13,664 - httpcore.http11 - DEBUG - receive_response_body.started request=<Request [b'GET']>
2026-04-08 10:12:13,664 - httpcore.http11 - DEBUG - receive_response_body.complete
2026-04-08 10:12:13,664 - httpcore.http11 - DEBUG - response_closed.started
2026-04-08 10:12:13,664 - httpcore.http11 - DEBUG - response_closed.complete
2026-04-08 10:12:13,665 - httpcore.connection - DEBUG - close.started
2026-04-08 10:12:13,665 - httpcore.connection - DEBUG - close.complete
2026-04-08 10:12:13,666 - routers.weather - INFO - [Weather] Fetched: 10°C, пасмурно
2026-04-08 10:25:31,257 - services.database - DEBUG - [DB_OP] Starting database close
2026-04-08 10:25:31,258 - core.database - INFO - Database connection closed and engine disposed
2026-04-08 10:25:31,258 - services.database - INFO - Database connections closed
2026-04-08 10:25:31,259 - services.database - DEBUG - [DB_OP] Database close completed in 0.0021s
