2026-03-21 10:41:06,468 - main - INFO - === Logging system initialized ===
2026-03-21 10:41:06,468 - main - INFO - Log file: logs/app_20260321_104106.log
2026-03-21 10:41:06,468 - main - INFO - Log level: INFO
2026-03-21 10:41:06,469 - main - INFO - Timestamp: 20260321_104106
2026-03-21 10:41:07,707 - main - INFO - Included router: routers.aihub.router
2026-03-21 10:41:07,785 - main - INFO - Included router: routers.announcements.router
2026-03-21 10:41:07,811 - main - INFO - Included router: routers.auth.router
2026-03-21 10:41:07,861 - main - INFO - Included router: routers.banners.router
2026-03-21 10:41:08,000 - main - INFO - Included router: routers.become_master_requests.router
2026-03-21 10:41:08,106 - main - INFO - Included router: routers.categories.router
2026-03-21 10:41:08,166 - main - INFO - Included router: routers.complaints.router
2026-03-21 10:41:08,168 - main - WARNING - Failed to import module 'routers.debug_schema': cannot import name 'async_engine' from 'core.database' (/workspace/app/backend/core/database.py)
2026-03-21 10:41:08,225 - main - INFO - Included router: routers.directory_entries.router
2026-03-21 10:41:08,272 - main - INFO - Included router: routers.food_categories.router
2026-03-21 10:41:08,330 - main - INFO - Included router: routers.food_item_modifiers.router
2026-03-21 10:41:08,407 - main - INFO - Included router: routers.food_items.router
2026-03-21 10:41:08,459 - main - INFO - Included router: routers.food_modifiers.router
2026-03-21 10:41:08,509 - main - INFO - Included router: routers.food_orders.router
2026-03-21 10:41:08,563 - main - INFO - Included router: routers.food_settings.router
2026-03-21 10:41:08,568 - main - INFO - Included router: routers.health.router
2026-03-21 10:41:08,650 - main - INFO - Included router: routers.jobs.router
2026-03-21 10:41:08,723 - main - INFO - Included router: routers.master_requests.router
2026-03-21 10:41:08,910 - main - INFO - Included router: routers.masters.router
2026-03-21 10:41:08,983 - main - INFO - Included router: routers.news.router
2026-03-21 10:41:09,032 - main - INFO - Included router: routers.question_answers.router
2026-03-21 10:41:09,083 - main - INFO - Included router: routers.questions.router
2026-03-21 10:41:09,175 - main - INFO - Included router: routers.real_estate.router
2026-03-21 10:41:09,204 - main - INFO - Included router: routers.settings.router
2026-03-21 10:41:09,271 - main - INFO - Included router: routers.storage.router
2026-03-21 10:41:09,308 - main - INFO - Included router: routers.telegram.router
2026-03-21 10:41:09,333 - main - INFO - Included router: routers.user.router
2026-03-21 10:41:09,335 - main - INFO - === Application startup initiated ===
2026-03-21 10:41:09,335 - services.database - INFO - Ignore creating tables
2026-03-21 10:41:09,335 - services.mock_data - INFO - Ignore initialize data
2026-03-21 10:41:09,335 - services.auth - INFO - Ignore initialize admin
2026-03-21 10:41:09,335 - main - INFO - === Application startup completed successfully ===
2026-03-21 10:41:18,777 - services.database - DEBUG - [DB_OP] Starting database close
2026-03-21 10:41:18,778 - services.database - INFO - Database connections closed
2026-03-21 10:41:18,778 - services.database - DEBUG - [DB_OP] Database close completed in 0.0005s
