2026-04-07 10:34:16,907 - main - INFO - === Logging system initialized ===
2026-04-07 10:34:16,908 - main - INFO - Log file: logs/app_20260407_103416.log
2026-04-07 10:34:16,908 - main - INFO - Log level: INFO
2026-04-07 10:34:16,908 - main - INFO - Timestamp: 20260407_103416
2026-04-07 10:34:16,917 - main - INFO - Included router: routers.admin_auth.router
2026-04-07 10:34:17,762 - main - INFO - Included router: routers.aihub.router
2026-04-07 10:34:17,823 - main - INFO - Included router: routers.announcements.router
2026-04-07 10:34:17,846 - main - INFO - Included router: routers.auth.router
2026-04-07 10:34:18,009 - main - INFO - Included router: routers.banners.router
2026-04-07 10:34:18,079 - main - INFO - Included router: routers.become_master_requests.router
2026-04-07 10:34:18,131 - main - INFO - Included router: routers.bus_notifications.router
2026-04-07 10:34:18,182 - main - INFO - Included router: routers.bus_routes.router
2026-04-07 10:34:18,235 - main - INFO - Included router: routers.bus_stops.router
2026-04-07 10:34:18,282 - main - INFO - Included router: routers.categories.router
2026-04-07 10:34:18,332 - main - INFO - Included router: routers.complaints.router
2026-04-07 10:34:18,383 - main - INFO - Included router: routers.couriers.router
2026-04-07 10:34:18,387 - main - INFO - Included router: routers.debug_schema.router
2026-04-07 10:34:18,436 - main - INFO - Included router: routers.directory_entries.router
2026-04-07 10:34:18,478 - main - INFO - Included router: routers.food_categories.router
2026-04-07 10:34:18,519 - main - INFO - Included router: routers.food_item_modifiers.router
2026-04-07 10:34:18,568 - main - INFO - Included router: routers.food_items.router
2026-04-07 10:34:18,613 - main - INFO - Included router: routers.food_modifiers.router
2026-04-07 10:34:18,783 - main - INFO - Included router: routers.food_orders.router
2026-04-07 10:34:18,836 - main - INFO - Included router: routers.food_settings.router
2026-04-07 10:34:18,865 - main - INFO - Included router: routers.frontpad.router
2026-04-07 10:34:18,900 - main - INFO - Included router: routers.frontpad_settings.router
2026-04-07 10:34:18,939 - main - INFO - Included router: routers.frontpad_sync_log.router
2026-04-07 10:34:18,941 - main - INFO - Included router: routers.health.router
2026-04-07 10:34:18,975 - main - INFO - Included router: routers.health_check.router
2026-04-07 10:34:19,023 - main - INFO - Included router: routers.history_events.router
2026-04-07 10:34:19,074 - main - INFO - Included router: routers.homepage_stats.router
2026-04-07 10:34:19,128 - main - INFO - Included router: routers.inspectors.router
2026-04-07 10:34:19,167 - main - INFO - Included router: routers.item_modifier_groups.router
2026-04-07 10:34:19,229 - main - INFO - Included router: routers.jobs.router
2026-04-07 10:34:19,294 - main - INFO - Included router: routers.master_requests.router
2026-04-07 10:34:19,362 - main - INFO - Included router: routers.masters.router
2026-04-07 10:34:19,598 - main - INFO - Included router: routers.modifier_groups.router
2026-04-07 10:34:19,650 - main - INFO - Included router: routers.modifier_options.router
2026-04-07 10:34:19,708 - main - INFO - Included router: routers.news.router
2026-04-07 10:34:19,769 - main - INFO - Included router: routers.park_orders.router
2026-04-07 10:34:19,829 - main - INFO - Included router: routers.park_points.router
2026-04-07 10:34:19,874 - main - INFO - Included router: routers.question_answers.router
2026-04-07 10:34:19,924 - main - INFO - Included router: routers.questions.router
2026-04-07 10:34:19,989 - main - INFO - Included router: routers.real_estate.router
2026-04-07 10:34:20,016 - main - INFO - Included router: routers.settings.router
2026-04-07 10:34:20,069 - main - INFO - Included router: routers.storage.router
2026-04-07 10:34:20,101 - main - INFO - Included router: routers.telegram.router
2026-04-07 10:34:20,115 - main - INFO - Included router: routers.user.router
2026-04-07 10:34:20,162 - main - INFO - Included router: routers.user_preferences.router
2026-04-07 10:34:20,165 - main - INFO - Included router: routers.weather.router
2026-04-07 10:34:20,168 - main - INFO - === Application startup initiated ===
2026-04-07 10:34:20,168 - services.database - INFO - Ignore creating tables
2026-04-07 10:34:20,169 - services.mock_data - INFO - Ignore initialize data
2026-04-07 10:34:20,169 - services.auth - INFO - Ignore initialize admin
2026-04-07 10:34:20,169 - core.database - WARNING - Database not initialized, attempting lazy initialization...
2026-04-07 10:34:20,169 - core.database - INFO - Starting database initialization...
2026-04-07 10:34:20,169 - core.config - DEBUG - Read dynamic attribute database_url from environment variable DATABASE_URL
2026-04-07 10:34:20,169 - core.database - INFO - Database init attempt 1/5...
2026-04-07 10:34:20,170 - core.database - INFO - Normalized database URL (masked): postgresql+asyncpg://neondb_owner:***@ep-cool-wave-ad8598va.c-2.us-east-1.aws.neon.tech/neondb?ssl=require
2026-04-07 10:34:20,171 - core.database - INFO - Using QueuePool with connection pooling
2026-04-07 10:34:21,533 - core.database - INFO - Database connection initialized successfully
2026-04-07 10:34:21,534 - core.database - DEBUG - [DB_OP] Starting create_tables
2026-04-07 10:34:21,534 - core.database - INFO - 🔧 Table creation attempt 1/3...
2026-04-07 10:34:21,534 - core.database - INFO - 🔧 Starting table structure repair...
2026-04-07 10:34:22,100 - core.database - INFO - 🔧 Repairing 40 existing tables...
2026-04-07 10:34:22,100 - core.database - DEBUG - Checking table structure for: users
2026-04-07 10:34:22,101 - core.database - DEBUG - Checking table structure for: oidc_states
2026-04-07 10:34:22,102 - core.database - DEBUG - Checking table structure for: admin_credentials
2026-04-07 10:34:22,103 - core.database - DEBUG - Checking table structure for: admin_login_attempts
2026-04-07 10:34:22,104 - core.database - DEBUG - Checking table structure for: admin_login_lockouts
2026-04-07 10:34:22,105 - core.database - DEBUG - Checking table structure for: announcements
2026-04-07 10:34:22,106 - core.database - DEBUG - Checking table structure for: banners
2026-04-07 10:34:22,107 - core.database - DEBUG - Checking table structure for: become_master_requests
2026-04-07 10:34:22,108 - core.database - DEBUG - Checking table structure for: bus_notifications
2026-04-07 10:34:22,109 - core.database - DEBUG - Checking table structure for: bus_routes
2026-04-07 10:34:22,801 - core.database - DEBUG - Table users structure is up to date
2026-04-07 10:34:22,801 - core.database - INFO - Table users repaired in 0.70s
2026-04-07 10:34:22,802 - core.database - DEBUG - Checking table structure for: bus_stops
2026-04-07 10:34:22,914 - core.database - DEBUG - Table admin_login_attempts structure is up to date
2026-04-07 10:34:22,914 - core.database - INFO - Table admin_login_attempts repaired in 0.81s
2026-04-07 10:34:22,915 - core.database - DEBUG - Checking table structure for: categories
2026-04-07 10:34:23,007 - core.database - DEBUG - Table become_master_requests structure is up to date
2026-04-07 10:34:23,007 - core.database - INFO - Table become_master_requests repaired in 0.90s
2026-04-07 10:34:23,008 - core.database - DEBUG - Checking table structure for: complaints
2026-04-07 10:34:23,009 - core.database - DEBUG - Table bus_notifications structure is up to date
2026-04-07 10:34:23,010 - core.database - INFO - Table bus_notifications repaired in 0.90s
2026-04-07 10:34:23,010 - core.database - DEBUG - Checking table structure for: couriers
2026-04-07 10:34:23,010 - core.database - DEBUG - Table admin_credentials structure is up to date
2026-04-07 10:34:23,010 - core.database - INFO - Table admin_credentials repaired in 0.91s
2026-04-07 10:34:23,010 - core.database - DEBUG - Checking table structure for: directory_entries
2026-04-07 10:34:23,011 - core.database - DEBUG - Table banners structure is up to date
2026-04-07 10:34:23,011 - core.database - INFO - Table banners repaired in 0.91s
2026-04-07 10:34:23,011 - core.database - DEBUG - Checking table structure for: food_categories
2026-04-07 10:34:23,023 - core.database - DEBUG - Table admin_login_lockouts structure is up to date
2026-04-07 10:34:23,024 - core.database - INFO - Table admin_login_lockouts repaired in 0.92s
2026-04-07 10:34:23,024 - core.database - DEBUG - Checking table structure for: food_item_modifiers
2026-04-07 10:34:23,025 - core.database - DEBUG - Table oidc_states structure is up to date
2026-04-07 10:34:23,026 - core.database - INFO - Table oidc_states repaired in 0.92s
2026-04-07 10:34:23,026 - core.database - DEBUG - Checking table structure for: food_items
2026-04-07 10:34:23,026 - core.database - DEBUG - Table bus_routes structure is up to date
2026-04-07 10:34:23,026 - core.database - INFO - Table bus_routes repaired in 0.92s
2026-04-07 10:34:23,027 - core.database - DEBUG - Table announcements structure is up to date
2026-04-07 10:34:23,027 - core.database - INFO - Table announcements repaired in 0.92s
2026-04-07 10:34:23,027 - core.database - DEBUG - Checking table structure for: food_modifiers
2026-04-07 10:34:23,027 - core.database - DEBUG - Checking table structure for: food_orders
2026-04-07 10:34:23,194 - core.database - DEBUG - Table bus_stops structure is up to date
2026-04-07 10:34:23,195 - core.database - INFO - Table bus_stops repaired in 1.09s
2026-04-07 10:34:23,195 - core.database - DEBUG - Checking table structure for: food_settings
2026-04-07 10:34:23,351 - core.database - DEBUG - Table categories structure is up to date
2026-04-07 10:34:23,352 - core.database - INFO - Table categories repaired in 1.24s
2026-04-07 10:34:23,352 - core.database - DEBUG - Checking table structure for: frontpad_settings
2026-04-07 10:34:23,445 - core.database - DEBUG - Table complaints structure is up to date
2026-04-07 10:34:23,445 - core.database - INFO - Table complaints repaired in 1.34s
2026-04-07 10:34:23,445 - core.database - DEBUG - Checking table structure for: frontpad_sync_log
2026-04-07 10:34:23,447 - core.database - DEBUG - Table couriers structure is up to date
2026-04-07 10:34:23,447 - core.database - INFO - Table couriers repaired in 1.34s
2026-04-07 10:34:23,448 - core.database - DEBUG - Checking table structure for: health_check
2026-04-07 10:34:23,448 - core.database - DEBUG - Table directory_entries structure is up to date
2026-04-07 10:34:23,448 - core.database - INFO - Table directory_entries repaired in 1.34s
2026-04-07 10:34:23,448 - core.database - DEBUG - Checking table structure for: history_events
2026-04-07 10:34:23,451 - core.database - DEBUG - Table food_categories structure is up to date
2026-04-07 10:34:23,451 - core.database - INFO - Table food_categories repaired in 1.34s
2026-04-07 10:34:23,451 - core.database - DEBUG - Checking table structure for: homepage_stats
2026-04-07 10:34:23,463 - core.database - DEBUG - Table food_item_modifiers structure is up to date
2026-04-07 10:34:23,463 - core.database - INFO - Table food_item_modifiers repaired in 1.35s
2026-04-07 10:34:23,463 - core.database - DEBUG - Checking table structure for: inspectors
2026-04-07 10:34:23,467 - core.database - DEBUG - Table food_items structure is up to date
2026-04-07 10:34:23,467 - core.database - INFO - Table food_items repaired in 1.36s
2026-04-07 10:34:23,468 - core.database - DEBUG - Checking table structure for: item_modifier_groups
2026-04-07 10:34:23,470 - core.database - DEBUG - Table food_modifiers structure is up to date
2026-04-07 10:34:23,470 - core.database - INFO - Table food_modifiers repaired in 1.36s
2026-04-07 10:34:23,470 - core.database - DEBUG - Checking table structure for: jobs
2026-04-07 10:34:23,471 - core.database - DEBUG - Table food_orders structure is up to date
2026-04-07 10:34:23,471 - core.database - INFO - Table food_orders repaired in 1.36s
2026-04-07 10:34:23,471 - core.database - DEBUG - Checking table structure for: master_requests
2026-04-07 10:34:23,572 - core.database - DEBUG - Table food_settings structure is up to date
2026-04-07 10:34:23,572 - core.database - INFO - Table food_settings repaired in 1.46s
2026-04-07 10:34:23,572 - core.database - DEBUG - Checking table structure for: masters
2026-04-07 10:34:23,725 - core.database - DEBUG - Table frontpad_settings structure is up to date
2026-04-07 10:34:23,726 - core.database - INFO - Table frontpad_settings repaired in 1.62s
2026-04-07 10:34:23,726 - core.database - DEBUG - Checking table structure for: modifier_groups
2026-04-07 10:34:23,824 - core.database - DEBUG - Table health_check structure is up to date
2026-04-07 10:34:23,824 - core.database - INFO - Table health_check repaired in 1.71s
2026-04-07 10:34:23,824 - core.database - DEBUG - Checking table structure for: modifier_options
2026-04-07 10:34:23,825 - core.database - DEBUG - Table history_events structure is up to date
2026-04-07 10:34:23,825 - core.database - INFO - Table history_events repaired in 1.72s
2026-04-07 10:34:23,825 - core.database - DEBUG - Checking table structure for: news
2026-04-07 10:34:23,827 - core.database - DEBUG - Table homepage_stats structure is up to date
2026-04-07 10:34:23,827 - core.database - INFO - Table homepage_stats repaired in 1.72s
2026-04-07 10:34:23,827 - core.database - DEBUG - Checking table structure for: park_orders
2026-04-07 10:34:23,846 - core.database - DEBUG - Table item_modifier_groups structure is up to date
2026-04-07 10:34:23,846 - core.database - INFO - Table item_modifier_groups repaired in 1.74s
2026-04-07 10:34:23,846 - core.database - DEBUG - Checking table structure for: park_points
2026-04-07 10:34:23,852 - core.database - DEBUG - Table master_requests structure is up to date
2026-04-07 10:34:23,852 - core.database - INFO - Table master_requests repaired in 1.74s
2026-04-07 10:34:23,852 - core.database - DEBUG - Checking table structure for: question_answers
2026-04-07 10:34:23,881 - core.database - DEBUG - Table frontpad_sync_log structure is up to date
2026-04-07 10:34:23,881 - core.database - INFO - Table frontpad_sync_log repaired in 1.77s
2026-04-07 10:34:23,881 - core.database - DEBUG - Checking table structure for: questions
2026-04-07 10:34:23,908 - core.database - DEBUG - Table inspectors structure is up to date
2026-04-07 10:34:23,908 - core.database - INFO - Table inspectors repaired in 1.80s
2026-04-07 10:34:23,908 - core.database - DEBUG - Checking table structure for: real_estate
2026-04-07 10:34:23,913 - core.database - DEBUG - Table jobs structure is up to date
2026-04-07 10:34:23,913 - core.database - INFO - Table jobs repaired in 1.80s
2026-04-07 10:34:23,913 - core.database - DEBUG - Checking table structure for: user_preferences
2026-04-07 10:34:24,014 - core.database - DEBUG - Table masters structure is up to date
2026-04-07 10:34:24,015 - core.database - INFO - Table masters repaired in 1.91s
2026-04-07 10:34:24,099 - core.database - DEBUG - Table modifier_groups structure is up to date
2026-04-07 10:34:24,100 - core.database - INFO - Table modifier_groups repaired in 1.99s
2026-04-07 10:34:24,200 - core.database - DEBUG - Table modifier_options structure is up to date
2026-04-07 10:34:24,200 - core.database - INFO - Table modifier_options repaired in 2.09s
2026-04-07 10:34:24,201 - core.database - DEBUG - Table news structure is up to date
2026-04-07 10:34:24,201 - core.database - INFO - Table news repaired in 2.09s
2026-04-07 10:34:24,204 - core.database - DEBUG - Table park_orders structure is up to date
2026-04-07 10:34:24,205 - core.database - INFO - Table park_orders repaired in 2.10s
2026-04-07 10:34:24,289 - core.database - DEBUG - Table park_points structure is up to date
2026-04-07 10:34:24,290 - core.database - INFO - Table park_points repaired in 2.18s
2026-04-07 10:34:24,298 - core.database - DEBUG - Table question_answers structure is up to date
2026-04-07 10:34:24,298 - core.database - INFO - Table question_answers repaired in 2.19s
2026-04-07 10:34:24,319 - core.database - DEBUG - Table questions structure is up to date
2026-04-07 10:34:24,319 - core.database - INFO - Table questions repaired in 2.21s
2026-04-07 10:34:24,347 - core.database - DEBUG - Table real_estate structure is up to date
2026-04-07 10:34:24,347 - core.database - INFO - Table real_estate repaired in 2.24s
2026-04-07 10:34:24,354 - core.database - DEBUG - Table user_preferences structure is up to date
2026-04-07 10:34:24,354 - core.database - INFO - Table user_preferences repaired in 2.24s
2026-04-07 10:34:24,355 - core.database - INFO - 🔧 Table structure repair completed in 2.8203s
2026-04-07 10:34:24,355 - core.database - INFO - 🔧 Table structure repair completed
2026-04-07 10:34:24,355 - core.database - INFO - 🔧 Starting table creation...
2026-04-07 10:34:27,199 - core.database - INFO - Tables initialized successfully
2026-04-07 10:34:27,200 - core.database - DEBUG - [DB_OP] Create tables completed in 5.6663s
2026-04-07 10:34:27,263 - core.database - INFO - Lazy database initialization completed successfully
2026-04-07 10:34:28,317 - routers.admin_auth - INFO - [Admin Auth] Pre-computed 4 alternative password hashes for 'admin' account
2026-04-07 10:34:29,256 - routers.admin_auth - INFO - [Admin Auth] Admin credentials reset (username: admin, password: Admin123@)
2026-04-07 10:34:29,759 - core.config - DEBUG - Read dynamic attribute oss_service_url from environment variable OSS_SERVICE_URL
2026-04-07 10:34:29,759 - core.config - DEBUG - Read dynamic attribute oss_api_key from environment variable OSS_API_KEY
2026-04-07 10:34:30,116 - httpcore.connection - DEBUG - connect_tcp.started host='atoms.dev' port=443 local_address=None timeout=120.0 socket_options=None
2026-04-07 10:34:30,134 - httpcore.connection - DEBUG - connect_tcp.complete return_value=<httpcore._backends.anyio.AnyIOStream object at 0x7f8bab0fc550>
2026-04-07 10:34:30,135 - httpcore.connection - DEBUG - start_tls.started ssl_context=<ssl.SSLContext object at 0x7f8bab1269c0> server_hostname='atoms.dev' timeout=120.0
2026-04-07 10:34:30,146 - httpcore.connection - DEBUG - start_tls.complete return_value=<httpcore._backends.anyio.AnyIOStream object at 0x7f8bab0cb400>
2026-04-07 10:34:30,147 - httpcore.http11 - DEBUG - send_request_headers.started request=<Request [b'GET']>
2026-04-07 10:34:30,147 - httpcore.http11 - DEBUG - send_request_headers.complete
2026-04-07 10:34:30,147 - httpcore.http11 - DEBUG - send_request_body.started request=<Request [b'GET']>
2026-04-07 10:34:30,148 - httpcore.http11 - DEBUG - send_request_body.complete
2026-04-07 10:34:30,148 - httpcore.http11 - DEBUG - receive_response_headers.started request=<Request [b'GET']>
2026-04-07 10:34:30,607 - httpcore.http11 - DEBUG - receive_response_headers.complete return_value=(b'HTTP/1.1', 200, b'OK', [(b'Date', b'Tue, 07 Apr 2026 17:34:30 GMT'), (b'Content-Type', b'application/json; charset=utf-8'), (b'Transfer-Encoding', b'chunked'), (b'Connection', b'keep-alive'), (b'Access-Control-Allow-Headers', b'Origin, Content-Type, Accept, Authorization'), (b'Access-Control-Allow-Methods', b'GET, POST, PUT, DELETE, OPTIONS'), (b'Access-Control-Allow-Origin', b'*'), (b'Access-Control-Max-Age', b'86400'), (b'X-Request-Id', b'b20fe7e7df6293626a67a2537e98f684'), (b'X-Trace-Id', b'01a653de1f3d4c1f910a8c44195174c7'), (b'Content-Security-Policy', b"frame-ancestors 'self' https://atoms.dev"), (b'Strict-Transport-Security', b'max-age=63072000; includeSubDomains; preload'), (b'X-Content-Type-Options', b'nosniff'), (b'X-XSS-Protection', b'1; mode=block'), (b'Referrer-Policy', b'strict-origin-when-cross-origin'), (b'cf-cache-status', b'DYNAMIC'), (b'Content-Encoding', b'gzip'), (b'Server', b'cloudflare'), (b'CF-RAY', b'9e8ac88e6bda0d83-LAX')])
2026-04-07 10:34:30,608 - httpx - INFO - HTTP Request: GET https://atoms.dev/api/v1/infra/client/oss/buckets "HTTP/1.1 200 OK"
2026-04-07 10:34:30,608 - httpcore.http11 - DEBUG - receive_response_body.started request=<Request [b'GET']>
2026-04-07 10:34:30,609 - httpcore.http11 - DEBUG - receive_response_body.complete
2026-04-07 10:34:30,609 - httpcore.http11 - DEBUG - response_closed.started
2026-04-07 10:34:30,609 - httpcore.http11 - DEBUG - response_closed.complete
2026-04-07 10:34:30,610 - httpcore.connection - DEBUG - close.started
2026-04-07 10:34:30,610 - httpcore.connection - DEBUG - close.complete
2026-04-07 10:34:30,611 - services.bucket_init - INFO - Bucket 'portal-images' already exists
2026-04-07 10:34:30,611 - main - INFO - === Application startup completed ===
2026-04-07 10:34:30,712 - services.database - DEBUG - [DB_OP] Starting database close
2026-04-07 10:34:31,038 - core.database - INFO - Database connection closed and engine disposed
2026-04-07 10:34:31,038 - services.database - INFO - Database connections closed
2026-04-07 10:34:31,038 - services.database - DEBUG - [DB_OP] Database close completed in 0.3259s
