2026-03-18 07:16:11,878 - main - INFO - === Logging system initialized ===
2026-03-18 07:16:11,878 - main - INFO - Log file: logs/app_20260318_071611.log
2026-03-18 07:16:11,878 - main - INFO - Log level: INFO
2026-03-18 07:16:11,878 - main - INFO - Timestamp: 20260318_071611
2026-03-18 07:16:12,863 - main - INFO - Included router: routers.aihub.router
2026-03-18 07:16:12,926 - main - INFO - Included router: routers.announcements.router
2026-03-18 07:16:12,950 - main - INFO - Included router: routers.auth.router
2026-03-18 07:16:13,003 - main - INFO - Included router: routers.banners.router
2026-03-18 07:16:13,215 - main - INFO - Included router: routers.become_master_requests.router
2026-03-18 07:16:13,396 - main - INFO - Included router: routers.categories.router
2026-03-18 07:16:13,451 - main - INFO - Included router: routers.complaints.router
2026-03-18 07:16:13,453 - main - WARNING - Failed to import module 'routers.debug_schema': cannot import name 'async_engine' from 'core.database' (/workspace/app/backend/core/database.py)
2026-03-18 07:16:13,500 - main - INFO - Included router: routers.directory_entries.router
2026-03-18 07:16:13,503 - main - INFO - Included router: routers.health.router
2026-03-18 07:16:13,567 - main - INFO - Included router: routers.jobs.router
2026-03-18 07:16:13,627 - main - INFO - Included router: routers.master_requests.router
2026-03-18 07:16:13,704 - main - INFO - Included router: routers.masters.router
2026-03-18 07:16:13,774 - main - INFO - Included router: routers.news.router
2026-03-18 07:16:13,821 - main - INFO - Included router: routers.question_answers.router
2026-03-18 07:16:13,870 - main - INFO - Included router: routers.questions.router
2026-03-18 07:16:13,893 - main - INFO - Included router: routers.settings.router
2026-03-18 07:16:13,940 - main - INFO - Included router: routers.storage.router
2026-03-18 07:16:13,968 - main - INFO - Included router: routers.telegram.router
2026-03-18 07:16:13,979 - main - INFO - Included router: routers.user.router
2026-03-18 07:16:13,980 - main - INFO - === Application startup initiated ===
2026-03-18 07:16:13,980 - services.database - INFO - Ignore creating tables
2026-03-18 07:16:13,980 - services.mock_data - INFO - Ignore initialize data
2026-03-18 07:16:13,980 - services.auth - INFO - Ignore initialize admin
2026-03-18 07:16:13,981 - main - INFO - === Application startup completed successfully ===
2026-03-18 07:16:19,328 - core.database - DEBUG - [DB_OP] Starting get_db session creation
2026-03-18 07:16:19,328 - core.database - WARNING - Database session maker not available, attempting lazy initialization...
2026-03-18 07:16:19,328 - core.database - WARNING - Database not initialized, attempting lazy initialization...
2026-03-18 07:16:19,329 - core.database - INFO - Starting database initialization...
2026-03-18 07:16:19,329 - core.config - DEBUG - Read dynamic attribute database_url from environment variable DATABASE_URL
2026-03-18 07:16:19,329 - core.database - INFO - Normalizing database URL for async compatibility...
2026-03-18 07:16:19,330 - core.database - INFO - Creating async database engine...
2026-03-18 07:16:19,331 - core.database - INFO - Using QueuePool with connection pooling for non-Lambda environment
2026-03-18 07:16:19,533 - core.database - INFO - Database engine created successfully
2026-03-18 07:16:19,533 - core.database - INFO - Creating async session maker...
2026-03-18 07:16:19,534 - core.database - INFO - Async session maker created successfully
2026-03-18 07:16:19,534 - core.database - INFO - Database connection initialized successfully
2026-03-18 07:16:19,534 - core.database - DEBUG - [DB_OP] Starting create_tables
2026-03-18 07:16:19,534 - core.database - INFO - 🔧 Starting table creation...
2026-03-18 07:16:19,541 - core.database - DEBUG - [DB_OP] Starting get_db session creation
2026-03-18 07:16:19,542 - core.database - DEBUG - [DB_OP] Database session created successfully in 0.0009s
2026-03-18 07:16:19,542 - routers.announcements - DEBUG - Querying announcementss: query={"active":true,"status":"approved"}, sort=-created_at, skip=0, limit=4, fields=None
2026-03-18 07:16:19,548 - core.database - DEBUG - [DB_OP] Starting get_db session creation
2026-03-18 07:16:19,548 - core.database - DEBUG - [DB_OP] Database session created successfully in 0.0002s
2026-03-18 07:16:19,548 - routers.master_requests - DEBUG - Querying master_requestss: query=None, sort=-created_at, skip=0, limit=5, fields=None
2026-03-18 07:16:19,553 - core.database - DEBUG - [DB_OP] Starting get_db session creation
2026-03-18 07:16:19,554 - core.database - DEBUG - [DB_OP] Database session created successfully in 0.0013s
2026-03-18 07:16:19,555 - routers.complaints - DEBUG - Querying complaintss: query=None, sort=-created_at, skip=0, limit=4, fields=None
2026-03-18 07:16:19,559 - core.database - DEBUG - [DB_OP] Starting get_db session creation
2026-03-18 07:16:19,560 - core.database - DEBUG - [DB_OP] Database session created successfully in 0.0006s
2026-03-18 07:16:19,561 - routers.categories - DEBUG - Querying categoriess: query=None, sort=sort_order, skip=0, limit=200, fields=None
2026-03-18 07:16:19,567 - core.database - DEBUG - [DB_OP] Starting get_db session creation
2026-03-18 07:16:19,567 - core.database - DEBUG - [DB_OP] Database session created successfully in 0.0006s
2026-03-18 07:16:19,568 - routers.news - DEBUG - Querying newss: query={"published":true}, sort=-created_at, skip=0, limit=4, fields=None
2026-03-18 07:16:19,574 - core.database - DEBUG - [DB_OP] Starting get_db session creation
2026-03-18 07:16:19,574 - core.database - DEBUG - [DB_OP] Database session created successfully in 0.0005s
2026-03-18 07:16:19,575 - routers.jobs - DEBUG - Querying jobss: query={"active":true}, sort=-created_at, skip=0, limit=4, fields=None
2026-03-18 07:16:19,580 - core.database - DEBUG - [DB_OP] Starting get_db session creation
2026-03-18 07:16:19,581 - core.database - DEBUG - [DB_OP] Database session created successfully in 0.0004s
2026-03-18 07:16:19,581 - routers.banners - DEBUG - Querying bannerss: query={"active":true}, sort=None, skip=0, limit=2, fields=None
2026-03-18 07:16:19,588 - core.database - DEBUG - [DB_OP] Starting get_db session creation
2026-03-18 07:16:19,588 - core.database - DEBUG - [DB_OP] Database session created successfully in 0.0003s
2026-03-18 07:16:19,589 - routers.directory_entries - DEBUG - Querying directory_entriess: query=None, sort=None, skip=0, limit=8, fields=None
2026-03-18 07:16:21,032 - routers.directory_entries - DEBUG - Found 10 directory_entriess
2026-03-18 07:16:21,033 - core.database - DEBUG - [DB_OP] Database session cleanup after 1.4455s
2026-03-18 07:16:21,035 - routers.master_requests - DEBUG - Found 6 master_requestss
2026-03-18 07:16:21,035 - core.database - DEBUG - [DB_OP] Database session cleanup after 1.4877s
2026-03-18 07:16:21,057 - routers.announcements - DEBUG - Found 1 announcementss
2026-03-18 07:16:21,058 - core.database - DEBUG - [DB_OP] Database session cleanup after 1.5174s
2026-03-18 07:16:21,060 - routers.news - DEBUG - Found 6 newss
2026-03-18 07:16:21,060 - core.database - DEBUG - [DB_OP] Database session cleanup after 1.4935s
2026-03-18 07:16:21,061 - routers.banners - DEBUG - Found 2 bannerss
2026-03-18 07:16:21,063 - core.database - DEBUG - [DB_OP] Database session cleanup after 1.4821s
2026-03-18 07:16:21,064 - routers.complaints - DEBUG - Found 6 complaintss
2026-03-18 07:16:21,064 - core.database - DEBUG - [DB_OP] Database session cleanup after 1.5112s
2026-03-18 07:16:21,067 - routers.jobs - DEBUG - Found 5 jobss
2026-03-18 07:16:21,068 - core.database - DEBUG - [DB_OP] Database session cleanup after 1.4937s
2026-03-18 07:16:21,101 - routers.categories - DEBUG - Found 44 categoriess
2026-03-18 07:16:21,102 - core.database - DEBUG - [DB_OP] Database session cleanup after 1.5432s
2026-03-18 07:16:21,693 - core.database - INFO - Tables initialized successfully
2026-03-18 07:16:21,693 - core.database - DEBUG - [DB_OP] Create tables completed in 2.1595s
2026-03-18 07:16:21,754 - core.database - INFO - Lazy database initialization completed successfully
2026-03-18 07:16:21,755 - core.database - DEBUG - [DB_OP] Database session created successfully in 2.4267s
2026-03-18 07:16:21,755 - routers.questions - DEBUG - Querying questionss: query=None, sort=-created_at, skip=0, limit=4, fields=None
2026-03-18 07:16:22,294 - routers.questions - DEBUG - Found 8 questionss
2026-03-18 07:16:22,295 - core.database - DEBUG - [DB_OP] Database session cleanup after 2.9676s
2026-03-18 07:16:46,167 - core.database - DEBUG - [DB_OP] Starting get_db session creation
2026-03-18 07:16:46,168 - core.database - DEBUG - [DB_OP] Database session created successfully in 0.0008s
2026-03-18 07:16:46,169 - routers.announcements - DEBUG - Querying announcementss: query={"active":true,"status":"approved"}, sort=-created_at, skip=0, limit=50, fields=None
2026-03-18 07:16:46,714 - routers.announcements - DEBUG - Found 1 announcementss
2026-03-18 07:16:46,715 - core.database - DEBUG - [DB_OP] Database session cleanup after 0.5480s
2026-03-18 07:16:50,199 - core.database - DEBUG - [DB_OP] Starting get_db session creation
2026-03-18 07:16:50,200 - core.database - DEBUG - [DB_OP] Database session created successfully in 0.0006s
2026-03-18 07:16:50,200 - routers.jobs - DEBUG - Querying jobss: query={"active":true}, sort=-created_at, skip=0, limit=4, fields=None
2026-03-18 07:16:50,202 - core.database - DEBUG - [DB_OP] Starting get_db session creation
2026-03-18 07:16:50,203 - core.database - DEBUG - [DB_OP] Database session created successfully in 0.0003s
2026-03-18 07:16:50,203 - routers.categories - DEBUG - Querying categoriess: query=None, sort=sort_order, skip=0, limit=200, fields=None
2026-03-18 07:16:50,205 - core.database - DEBUG - [DB_OP] Starting get_db session creation
2026-03-18 07:16:50,205 - core.database - DEBUG - [DB_OP] Database session created successfully in 0.0002s
2026-03-18 07:16:50,205 - routers.announcements - DEBUG - Querying announcementss: query={"active":true,"status":"approved"}, sort=-created_at, skip=0, limit=4, fields=None
2026-03-18 07:16:50,207 - core.database - DEBUG - [DB_OP] Starting get_db session creation
2026-03-18 07:16:50,207 - core.database - DEBUG - [DB_OP] Database session created successfully in 0.0002s
2026-03-18 07:16:50,207 - routers.banners - DEBUG - Querying bannerss: query={"active":true}, sort=None, skip=0, limit=2, fields=None
2026-03-18 07:16:50,208 - core.database - DEBUG - [DB_OP] Starting get_db session creation
2026-03-18 07:16:50,209 - core.database - DEBUG - [DB_OP] Database session created successfully in 0.0006s
2026-03-18 07:16:50,209 - routers.questions - DEBUG - Querying questionss: query=None, sort=-created_at, skip=0, limit=4, fields=None
2026-03-18 07:16:50,211 - core.database - DEBUG - [DB_OP] Starting get_db session creation
2026-03-18 07:16:50,212 - core.database - DEBUG - [DB_OP] Database session created successfully in 0.0007s
2026-03-18 07:16:50,213 - routers.master_requests - DEBUG - Querying master_requestss: query=None, sort=-created_at, skip=0, limit=5, fields=None
2026-03-18 07:16:50,215 - core.database - DEBUG - [DB_OP] Starting get_db session creation
2026-03-18 07:16:50,215 - core.database - DEBUG - [DB_OP] Database session created successfully in 0.0003s
2026-03-18 07:16:50,216 - routers.directory_entries - DEBUG - Querying directory_entriess: query=None, sort=None, skip=0, limit=8, fields=None
2026-03-18 07:16:50,217 - core.database - DEBUG - [DB_OP] Starting get_db session creation
2026-03-18 07:16:50,217 - core.database - DEBUG - [DB_OP] Database session created successfully in 0.0003s
2026-03-18 07:16:50,218 - routers.complaints - DEBUG - Querying complaintss: query=None, sort=-created_at, skip=0, limit=4, fields=None
2026-03-18 07:16:50,219 - core.database - DEBUG - [DB_OP] Starting get_db session creation
2026-03-18 07:16:50,219 - core.database - DEBUG - [DB_OP] Database session created successfully in 0.0002s
2026-03-18 07:16:50,219 - routers.news - DEBUG - Querying newss: query={"published":true}, sort=-created_at, skip=0, limit=4, fields=None
2026-03-18 07:16:50,707 - routers.complaints - DEBUG - Found 6 complaintss
2026-03-18 07:16:50,708 - core.database - DEBUG - [DB_OP] Database session cleanup after 0.4908s
2026-03-18 07:16:50,711 - routers.news - DEBUG - Found 6 newss
2026-03-18 07:16:50,711 - core.database - DEBUG - [DB_OP] Database session cleanup after 0.4926s
2026-03-18 07:16:50,774 - routers.directory_entries - DEBUG - Found 10 directory_entriess
2026-03-18 07:16:50,775 - core.database - DEBUG - [DB_OP] Database session cleanup after 0.5605s
2026-03-18 07:16:50,777 - routers.master_requests - DEBUG - Found 6 master_requestss
2026-03-18 07:16:50,777 - core.database - DEBUG - [DB_OP] Database session cleanup after 0.5661s
2026-03-18 07:16:50,792 - routers.announcements - DEBUG - Found 1 announcementss
2026-03-18 07:16:50,793 - core.database - DEBUG - [DB_OP] Database session cleanup after 0.5884s
2026-03-18 07:16:50,794 - routers.banners - DEBUG - Found 2 bannerss
2026-03-18 07:16:50,795 - core.database - DEBUG - [DB_OP] Database session cleanup after 0.5883s
2026-03-18 07:16:50,796 - routers.jobs - DEBUG - Found 5 jobss
2026-03-18 07:16:50,797 - core.database - DEBUG - [DB_OP] Database session cleanup after 0.5974s
2026-03-18 07:16:50,807 - routers.questions - DEBUG - Found 8 questionss
2026-03-18 07:16:50,808 - core.database - DEBUG - [DB_OP] Database session cleanup after 0.6000s
2026-03-18 07:16:50,856 - routers.categories - DEBUG - Found 44 categoriess
2026-03-18 07:16:50,858 - core.database - DEBUG - [DB_OP] Database session cleanup after 0.6556s
2026-03-18 07:16:54,153 - core.database - DEBUG - [DB_OP] Starting get_db session creation
2026-03-18 07:16:54,154 - core.database - DEBUG - [DB_OP] Database session created successfully in 0.0009s
2026-03-18 07:16:54,154 - routers.jobs - DEBUG - Querying jobss: query={"status":"approved"}, sort=-created_at, skip=0, limit=50, fields=None
2026-03-18 07:16:54,635 - routers.jobs - DEBUG - Found 0 jobss
2026-03-18 07:16:54,636 - core.database - DEBUG - [DB_OP] Database session cleanup after 0.4834s
2026-03-18 07:17:00,448 - core.database - DEBUG - [DB_OP] Starting get_db session creation
2026-03-18 07:17:00,449 - core.database - DEBUG - [DB_OP] Database session created successfully in 0.0006s
2026-03-18 07:17:00,449 - routers.complaints - DEBUG - Querying complaintss: query=None, sort=-created_at, skip=0, limit=4, fields=None
2026-03-18 07:17:00,452 - core.database - DEBUG - [DB_OP] Starting get_db session creation
2026-03-18 07:17:00,452 - core.database - DEBUG - [DB_OP] Database session created successfully in 0.0003s
2026-03-18 07:17:00,453 - routers.categories - DEBUG - Querying categoriess: query=None, sort=sort_order, skip=0, limit=200, fields=None
2026-03-18 07:17:00,456 - core.database - DEBUG - [DB_OP] Starting get_db session creation
2026-03-18 07:17:00,456 - core.database - DEBUG - [DB_OP] Database session created successfully in 0.0004s
2026-03-18 07:17:00,457 - routers.master_requests - DEBUG - Querying master_requestss: query=None, sort=-created_at, skip=0, limit=5, fields=None
2026-03-18 07:17:00,459 - core.database - DEBUG - [DB_OP] Starting get_db session creation
2026-03-18 07:17:00,459 - core.database - DEBUG - [DB_OP] Database session created successfully in 0.0003s
2026-03-18 07:17:00,460 - routers.news - DEBUG - Querying newss: query={"published":true}, sort=-created_at, skip=0, limit=4, fields=None
2026-03-18 07:17:00,461 - core.database - DEBUG - [DB_OP] Starting get_db session creation
2026-03-18 07:17:00,461 - core.database - DEBUG - [DB_OP] Database session created successfully in 0.0002s
2026-03-18 07:17:00,462 - routers.announcements - DEBUG - Querying announcementss: query={"active":true,"status":"approved"}, sort=-created_at, skip=0, limit=4, fields=None
2026-03-18 07:17:00,464 - core.database - DEBUG - [DB_OP] Starting get_db session creation
2026-03-18 07:17:00,465 - core.database - DEBUG - [DB_OP] Database session created successfully in 0.0004s
2026-03-18 07:17:00,465 - routers.jobs - DEBUG - Querying jobss: query={"active":true}, sort=-created_at, skip=0, limit=4, fields=None
2026-03-18 07:17:00,468 - core.database - DEBUG - [DB_OP] Starting get_db session creation
2026-03-18 07:17:00,468 - core.database - DEBUG - [DB_OP] Database session created successfully in 0.0004s
2026-03-18 07:17:00,469 - routers.questions - DEBUG - Querying questionss: query=None, sort=-created_at, skip=0, limit=4, fields=None
2026-03-18 07:17:00,471 - core.database - DEBUG - [DB_OP] Starting get_db session creation
2026-03-18 07:17:00,471 - core.database - DEBUG - [DB_OP] Database session created successfully in 0.0002s
2026-03-18 07:17:00,471 - routers.directory_entries - DEBUG - Querying directory_entriess: query=None, sort=None, skip=0, limit=8, fields=None
2026-03-18 07:17:00,472 - core.database - DEBUG - [DB_OP] Starting get_db session creation
2026-03-18 07:17:00,472 - core.database - DEBUG - [DB_OP] Database session created successfully in 0.0002s
2026-03-18 07:17:00,473 - routers.banners - DEBUG - Querying bannerss: query={"active":true}, sort=None, skip=0, limit=2, fields=None
2026-03-18 07:17:00,860 - routers.master_requests - DEBUG - Found 6 master_requestss
2026-03-18 07:17:00,861 - core.database - DEBUG - [DB_OP] Database session cleanup after 0.4056s
2026-03-18 07:17:00,867 - routers.questions - DEBUG - Found 8 questionss
2026-03-18 07:17:00,868 - core.database - DEBUG - [DB_OP] Database session cleanup after 0.4003s
2026-03-18 07:17:00,894 - routers.announcements - DEBUG - Found 1 announcementss
2026-03-18 07:17:00,895 - core.database - DEBUG - [DB_OP] Database session cleanup after 0.4339s
2026-03-18 07:17:00,980 - routers.news - DEBUG - Found 6 newss
2026-03-18 07:17:00,981 - core.database - DEBUG - [DB_OP] Database session cleanup after 0.5222s
2026-03-18 07:17:00,986 - routers.jobs - DEBUG - Found 5 jobss
2026-03-18 07:17:00,988 - core.database - DEBUG - [DB_OP] Database session cleanup after 0.5233s
2026-03-18 07:17:01,012 - routers.banners - DEBUG - Found 2 bannerss
2026-03-18 07:17:01,014 - core.database - DEBUG - [DB_OP] Database session cleanup after 0.5412s
2026-03-18 07:17:01,038 - routers.complaints - DEBUG - Found 6 complaintss
2026-03-18 07:17:01,039 - core.database - DEBUG - [DB_OP] Database session cleanup after 0.5903s
2026-03-18 07:17:01,118 - routers.directory_entries - DEBUG - Found 10 directory_entriess
2026-03-18 07:17:01,119 - core.database - DEBUG - [DB_OP] Database session cleanup after 0.6488s
2026-03-18 07:17:01,147 - routers.categories - DEBUG - Found 44 categoriess
2026-03-18 07:17:01,149 - core.database - DEBUG - [DB_OP] Database session cleanup after 0.6967s
2026-03-18 07:17:26,156 - core.database - DEBUG - [DB_OP] Starting get_db session creation
2026-03-18 07:17:26,158 - core.database - DEBUG - [DB_OP] Database session created successfully in 0.0016s
2026-03-18 07:17:26,158 - routers.masters - DEBUG - Querying masterss: query={"category":"Двери"}, sort=-rating, skip=0, limit=50, fields=None
2026-03-18 07:17:26,698 - routers.masters - DEBUG - Found 0 masterss
2026-03-18 07:17:26,699 - core.database - DEBUG - [DB_OP] Database session cleanup after 0.5425s
2026-03-18 07:17:32,277 - core.database - DEBUG - [DB_OP] Starting get_db session creation
2026-03-18 07:17:32,278 - core.database - DEBUG - [DB_OP] Database session created successfully in 0.0010s
2026-03-18 07:17:32,280 - routers.categories - DEBUG - Querying categoriess: query=None, sort=sort_order, skip=0, limit=200, fields=None
2026-03-18 07:17:32,282 - core.database - DEBUG - [DB_OP] Starting get_db session creation
2026-03-18 07:17:32,282 - core.database - DEBUG - [DB_OP] Database session created successfully in 0.0005s
2026-03-18 07:17:32,284 - routers.jobs - DEBUG - Querying jobss: query={"active":true}, sort=-created_at, skip=0, limit=4, fields=None
2026-03-18 07:17:32,290 - core.database - DEBUG - [DB_OP] Starting get_db session creation
2026-03-18 07:17:32,291 - core.database - DEBUG - [DB_OP] Database session created successfully in 0.0009s
2026-03-18 07:17:32,291 - routers.master_requests - DEBUG - Querying master_requestss: query=None, sort=-created_at, skip=0, limit=5, fields=None
2026-03-18 07:17:32,294 - core.database - DEBUG - [DB_OP] Starting get_db session creation
2026-03-18 07:17:32,294 - core.database - DEBUG - [DB_OP] Database session created successfully in 0.0005s
2026-03-18 07:17:32,295 - routers.directory_entries - DEBUG - Querying directory_entriess: query=None, sort=None, skip=0, limit=8, fields=None
2026-03-18 07:17:32,296 - core.database - DEBUG - [DB_OP] Starting get_db session creation
2026-03-18 07:17:32,296 - core.database - DEBUG - [DB_OP] Database session created successfully in 0.0002s
2026-03-18 07:17:32,298 - routers.banners - DEBUG - Querying bannerss: query={"active":true}, sort=None, skip=0, limit=2, fields=None
2026-03-18 07:17:32,301 - core.database - DEBUG - [DB_OP] Starting get_db session creation
2026-03-18 07:17:32,302 - core.database - DEBUG - [DB_OP] Database session created successfully in 0.0004s
2026-03-18 07:17:32,302 - routers.news - DEBUG - Querying newss: query={"published":true}, sort=-created_at, skip=0, limit=4, fields=None
2026-03-18 07:17:32,303 - core.database - DEBUG - [DB_OP] Starting get_db session creation
2026-03-18 07:17:32,304 - core.database - DEBUG - [DB_OP] Database session created successfully in 0.0005s
2026-03-18 07:17:32,304 - routers.announcements - DEBUG - Querying announcementss: query={"active":true,"status":"approved"}, sort=-created_at, skip=0, limit=4, fields=None
2026-03-18 07:17:32,308 - core.database - DEBUG - [DB_OP] Starting get_db session creation
2026-03-18 07:17:32,309 - core.database - DEBUG - [DB_OP] Database session created successfully in 0.0006s
2026-03-18 07:17:32,309 - routers.questions - DEBUG - Querying questionss: query=None, sort=-created_at, skip=0, limit=4, fields=None
2026-03-18 07:17:32,310 - core.database - DEBUG - [DB_OP] Starting get_db session creation
2026-03-18 07:17:32,311 - core.database - DEBUG - [DB_OP] Database session created successfully in 0.0003s
2026-03-18 07:17:32,312 - routers.complaints - DEBUG - Querying complaintss: query=None, sort=-created_at, skip=0, limit=4, fields=None
2026-03-18 07:17:32,655 - routers.banners - DEBUG - Found 2 bannerss
2026-03-18 07:17:32,657 - core.database - DEBUG - [DB_OP] Database session cleanup after 0.3605s
2026-03-18 07:17:32,663 - routers.news - DEBUG - Found 6 newss
2026-03-18 07:17:32,664 - core.database - DEBUG - [DB_OP] Database session cleanup after 0.3630s
2026-03-18 07:17:32,678 - routers.jobs - DEBUG - Found 5 jobss
2026-03-18 07:17:32,679 - core.database - DEBUG - [DB_OP] Database session cleanup after 0.3974s
2026-03-18 07:17:32,712 - routers.categories - DEBUG - Found 44 categoriess
2026-03-18 07:17:32,715 - core.database - DEBUG - [DB_OP] Database session cleanup after 0.4375s
2026-03-18 07:17:32,793 - routers.questions - DEBUG - Found 8 questionss
2026-03-18 07:17:32,793 - core.database - DEBUG - [DB_OP] Database session cleanup after 0.4854s
2026-03-18 07:17:32,812 - routers.master_requests - DEBUG - Found 6 master_requestss
2026-03-18 07:17:32,812 - core.database - DEBUG - [DB_OP] Database session cleanup after 0.5226s
2026-03-18 07:17:32,816 - routers.directory_entries - DEBUG - Found 10 directory_entriess
2026-03-18 07:17:32,817 - core.database - DEBUG - [DB_OP] Database session cleanup after 0.5227s
2026-03-18 07:17:32,827 - routers.announcements - DEBUG - Found 1 announcementss
2026-03-18 07:17:32,828 - core.database - DEBUG - [DB_OP] Database session cleanup after 0.5248s
2026-03-18 07:17:32,843 - routers.complaints - DEBUG - Found 6 complaintss
2026-03-18 07:17:32,844 - core.database - DEBUG - [DB_OP] Database session cleanup after 0.5332s
2026-03-18 07:17:41,970 - services.database - DEBUG - [DB_OP] Starting database close
2026-03-18 07:17:42,559 - core.database - INFO - Database connection closed and engine disposed
2026-03-18 07:17:42,560 - services.database - INFO - Database connections closed
2026-03-18 07:17:42,560 - services.database - DEBUG - [DB_OP] Database close completed in 0.5901s
