2026-03-18 07:17:52,574 - main - INFO - === Logging system initialized ===
2026-03-18 07:17:52,574 - main - INFO - Log file: logs/app_20260318_071752.log
2026-03-18 07:17:52,574 - main - INFO - Log level: INFO
2026-03-18 07:17:52,574 - main - INFO - Timestamp: 20260318_071752
2026-03-18 07:17:53,937 - main - INFO - Included router: routers.aihub.router
2026-03-18 07:17:54,017 - main - INFO - Included router: routers.announcements.router
2026-03-18 07:17:54,064 - main - INFO - Included router: routers.auth.router
2026-03-18 07:17:54,117 - main - INFO - Included router: routers.banners.router
2026-03-18 07:17:54,272 - main - INFO - Included router: routers.become_master_requests.router
2026-03-18 07:17:54,329 - main - INFO - Included router: routers.categories.router
2026-03-18 07:17:54,383 - main - INFO - Included router: routers.complaints.router
2026-03-18 07:17:54,386 - main - WARNING - Failed to import module 'routers.debug_schema': cannot import name 'async_engine' from 'core.database' (/workspace/app/backend/core/database.py)
2026-03-18 07:17:54,435 - main - INFO - Included router: routers.directory_entries.router
2026-03-18 07:17:54,438 - main - INFO - Included router: routers.health.router
2026-03-18 07:17:54,498 - main - INFO - Included router: routers.jobs.router
2026-03-18 07:17:54,563 - main - INFO - Included router: routers.master_requests.router
2026-03-18 07:17:54,628 - main - INFO - Included router: routers.masters.router
2026-03-18 07:17:54,695 - main - INFO - Included router: routers.news.router
2026-03-18 07:17:54,742 - main - INFO - Included router: routers.question_answers.router
2026-03-18 07:17:54,788 - main - INFO - Included router: routers.questions.router
2026-03-18 07:17:54,812 - main - INFO - Included router: routers.settings.router
2026-03-18 07:17:54,852 - main - INFO - Included router: routers.storage.router
2026-03-18 07:17:54,885 - main - INFO - Included router: routers.telegram.router
2026-03-18 07:17:54,895 - main - INFO - Included router: routers.user.router
2026-03-18 07:17:54,896 - main - INFO - === Application startup initiated ===
2026-03-18 07:17:54,896 - services.database - INFO - Ignore creating tables
2026-03-18 07:17:54,896 - services.mock_data - INFO - Ignore initialize data
2026-03-18 07:17:54,896 - services.auth - INFO - Ignore initialize admin
2026-03-18 07:17:54,896 - main - INFO - === Application startup completed successfully ===
2026-03-18 07:17:54,997 - services.database - DEBUG - [DB_OP] Starting database close
2026-03-18 07:17:54,998 - services.database - INFO - Database connections closed
2026-03-18 07:17:54,998 - services.database - DEBUG - [DB_OP] Database close completed in 0.0008s
