2026-03-23 09:06:24,926 - main - INFO - === Logging system initialized ===
2026-03-23 09:06:24,926 - main - INFO - Log file: logs/app_20260323_090624.log
2026-03-23 09:06:24,926 - main - INFO - Log level: INFO
2026-03-23 09:06:24,927 - main - INFO - Timestamp: 20260323_090624
2026-03-23 09:06:24,932 - main - INFO - Included router: routers.admin_auth.router
2026-03-23 09:06:25,823 - main - INFO - Included router: routers.aihub.router
2026-03-23 09:06:25,903 - main - INFO - Included router: routers.announcements.router
2026-03-23 09:06:25,928 - main - INFO - Included router: routers.auth.router
2026-03-23 09:06:25,993 - main - INFO - Included router: routers.banners.router
2026-03-23 09:06:26,181 - main - INFO - Included router: routers.become_master_requests.router
2026-03-23 09:06:26,233 - main - INFO - Included router: routers.categories.router
2026-03-23 09:06:26,283 - main - INFO - Included router: routers.complaints.router
2026-03-23 09:06:26,285 - main - WARNING - Failed to import module 'routers.debug_schema': cannot import name 'async_engine' from 'core.database' (/workspace/app/backend/core/database.py)
2026-03-23 09:06:26,330 - main - INFO - Included router: routers.directory_entries.router
2026-03-23 09:06:26,372 - main - INFO - Included router: routers.food_categories.router
2026-03-23 09:06:26,410 - main - INFO - Included router: routers.food_item_modifiers.router
2026-03-23 09:06:26,459 - main - INFO - Included router: routers.food_items.router
2026-03-23 09:06:26,498 - main - INFO - Included router: routers.food_modifiers.router
2026-03-23 09:06:26,547 - main - INFO - Included router: routers.food_orders.router
2026-03-23 09:06:26,587 - main - INFO - Included router: routers.food_settings.router
2026-03-23 09:06:26,615 - main - INFO - Included router: routers.frontpad.router
2026-03-23 09:06:26,648 - main - INFO - Included router: routers.frontpad_settings.router
2026-03-23 09:06:26,696 - main - INFO - Included router: routers.frontpad_sync_log.router
2026-03-23 09:06:26,698 - main - INFO - Included router: routers.health.router
2026-03-23 09:06:26,811 - main - INFO - Included router: routers.history_events.router
2026-03-23 09:06:26,857 - main - INFO - Included router: routers.homepage_stats.router
2026-03-23 09:06:26,910 - main - INFO - Included router: routers.inspectors.router
2026-03-23 09:06:26,958 - main - INFO - Included router: routers.item_modifier_groups.router
2026-03-23 09:06:27,008 - main - INFO - Included router: routers.jobs.router
2026-03-23 09:06:27,082 - main - INFO - Included router: routers.master_requests.router
2026-03-23 09:06:27,135 - main - INFO - Included router: routers.masters.router
2026-03-23 09:06:27,183 - main - INFO - Included router: routers.modifier_groups.router
2026-03-23 09:06:27,225 - main - INFO - Included router: routers.modifier_options.router
2026-03-23 09:06:27,273 - main - INFO - Included router: routers.news.router
2026-03-23 09:06:27,332 - main - INFO - Included router: routers.question_answers.router
2026-03-23 09:06:27,392 - main - INFO - Included router: routers.questions.router
2026-03-23 09:06:27,550 - main - INFO - Included router: routers.real_estate.router
2026-03-23 09:06:27,571 - main - INFO - Included router: routers.settings.router
2026-03-23 09:06:27,610 - main - INFO - Included router: routers.storage.router
2026-03-23 09:06:27,633 - main - INFO - Included router: routers.telegram.router
2026-03-23 09:06:27,641 - main - INFO - Included router: routers.user.router
2026-03-23 09:06:27,685 - main - INFO - Included router: routers.user_preferences.router
2026-03-23 09:06:27,686 - main - INFO - === Application startup initiated ===
2026-03-23 09:06:27,686 - services.database - INFO - Ignore creating tables
2026-03-23 09:06:27,686 - services.mock_data - INFO - Ignore initialize data
2026-03-23 09:06:27,687 - services.auth - INFO - Ignore initialize admin
2026-03-23 09:06:27,687 - services.database - INFO - Ignore creating tables
