2026-04-01 05:17:17,624 - main - INFO - === Logging system initialized ===
2026-04-01 05:17:17,624 - main - INFO - Log file: logs/app_20260401_051717.log
2026-04-01 05:17:17,624 - main - INFO - Log level: INFO
2026-04-01 05:17:17,624 - main - INFO - Timestamp: 20260401_051717
2026-04-01 05:17:17,632 - main - INFO - Included router: routers.admin_auth.router
2026-04-01 05:17:18,538 - main - INFO - Included router: routers.aihub.router
2026-04-01 05:17:18,616 - main - INFO - Included router: routers.announcements.router
2026-04-01 05:17:18,649 - main - INFO - Included router: routers.auth.router
2026-04-01 05:17:18,703 - main - INFO - Included router: routers.banners.router
2026-04-01 05:17:18,922 - main - INFO - Included router: routers.become_master_requests.router
2026-04-01 05:17:18,975 - main - INFO - Included router: routers.bus_notifications.router
2026-04-01 05:17:19,039 - main - INFO - Included router: routers.bus_routes.router
2026-04-01 05:17:19,087 - main - INFO - Included router: routers.bus_stops.router
2026-04-01 05:17:19,150 - main - INFO - Included router: routers.categories.router
2026-04-01 05:17:19,206 - main - INFO - Included router: routers.complaints.router
2026-04-01 05:17:19,211 - main - INFO - Included router: routers.debug_schema.router
2026-04-01 05:17:19,259 - main - INFO - Included router: routers.directory_entries.router
2026-04-01 05:17:19,307 - main - INFO - Included router: routers.food_categories.router
2026-04-01 05:17:19,347 - main - INFO - Included router: routers.food_item_modifiers.router
2026-04-01 05:17:19,397 - main - INFO - Included router: routers.food_items.router
2026-04-01 05:17:19,448 - main - INFO - Included router: routers.food_modifiers.router
2026-04-01 05:17:19,497 - main - INFO - Included router: routers.food_orders.router
2026-04-01 05:17:19,709 - main - INFO - Included router: routers.food_settings.router
2026-04-01 05:17:19,763 - main - INFO - Included router: routers.frontpad.router
2026-04-01 05:17:19,806 - main - INFO - Included router: routers.frontpad_settings.router
2026-04-01 05:17:19,862 - main - INFO - Included router: routers.frontpad_sync_log.router
2026-04-01 05:17:19,864 - main - INFO - Included router: routers.health.router
2026-04-01 05:17:19,907 - main - INFO - Included router: routers.health_check.router
2026-04-01 05:17:19,968 - main - INFO - Included router: routers.history_events.router
2026-04-01 05:17:20,018 - main - INFO - Included router: routers.homepage_stats.router
2026-04-01 05:17:20,089 - main - INFO - Included router: routers.inspectors.router
2026-04-01 05:17:20,136 - main - INFO - Included router: routers.item_modifier_groups.router
2026-04-01 05:17:20,203 - main - INFO - Included router: routers.jobs.router
2026-04-01 05:17:20,253 - main - INFO - Included router: routers.master_requests.router
2026-04-01 05:17:20,314 - main - INFO - Included router: routers.masters.router
2026-04-01 05:17:20,364 - main - INFO - Included router: routers.modifier_groups.router
2026-04-01 05:17:20,627 - main - INFO - Included router: routers.modifier_options.router
2026-04-01 05:17:20,696 - main - INFO - Included router: routers.news.router
2026-04-01 05:17:20,744 - main - INFO - Included router: routers.question_answers.router
2026-04-01 05:17:20,787 - main - INFO - Included router: routers.questions.router
2026-04-01 05:17:20,850 - main - INFO - Included router: routers.real_estate.router
2026-04-01 05:17:20,873 - main - INFO - Included router: routers.settings.router
2026-04-01 05:17:20,906 - main - INFO - Included router: routers.storage.router
2026-04-01 05:17:20,939 - main - INFO - Included router: routers.telegram.router
2026-04-01 05:17:20,952 - main - INFO - Included router: routers.user.router
2026-04-01 05:17:21,016 - main - INFO - Included router: routers.user_preferences.router
2026-04-01 05:17:21,030 - main - INFO - Included router: routers.weather.router
2026-04-01 05:17:21,032 - main - INFO - === Application startup initiated ===
2026-04-01 05:17:21,032 - services.database - INFO - Ignore creating tables
2026-04-01 05:17:21,033 - services.mock_data - INFO - Ignore initialize data
2026-04-01 05:17:21,033 - services.auth - INFO - Ignore initialize admin
2026-04-01 05:17:21,033 - core.database - WARNING - Database not initialized, attempting lazy initialization...
2026-04-01 05:17:21,033 - core.database - INFO - Starting database initialization...
2026-04-01 05:17:21,033 - core.config - DEBUG - Read dynamic attribute database_url from environment variable DATABASE_URL
2026-04-01 05:17:21,034 - core.database - INFO - Database init attempt 1/5...
2026-04-01 05:17:21,035 - core.database - INFO - Normalized database URL (masked): postgresql+asyncpg://neondb_owner:***@ep-cool-wave-ad8598va.c-2.us-east-1.aws.neon.tech/neondb?ssl=require
2026-04-01 05:17:21,035 - core.database - INFO - Using QueuePool with connection pooling
2026-04-01 05:17:22,403 - core.database - INFO - Database connection initialized successfully
2026-04-01 05:17:22,404 - core.database - DEBUG - [DB_OP] Starting create_tables
2026-04-01 05:17:22,404 - core.database - INFO - 🔧 Table creation attempt 1/3...
2026-04-01 05:17:22,405 - core.database - INFO - 🔧 Starting table structure repair...
2026-04-01 05:17:22,908 - core.database - INFO - 🔧 Repairing 37 existing tables...
2026-04-01 05:17:22,909 - core.database - DEBUG - Checking table structure for: users
2026-04-01 05:17:22,909 - core.database - DEBUG - Checking table structure for: oidc_states
2026-04-01 05:17:22,910 - core.database - DEBUG - Checking table structure for: admin_credentials
2026-04-01 05:17:22,913 - core.database - DEBUG - Checking table structure for: admin_login_attempts
2026-04-01 05:17:22,914 - core.database - DEBUG - Checking table structure for: admin_login_lockouts
2026-04-01 05:17:22,915 - core.database - DEBUG - Checking table structure for: announcements
2026-04-01 05:17:22,916 - core.database - DEBUG - Checking table structure for: banners
2026-04-01 05:17:22,919 - core.database - DEBUG - Checking table structure for: become_master_requests
2026-04-01 05:17:22,920 - core.database - DEBUG - Checking table structure for: bus_notifications
2026-04-01 05:17:22,921 - core.database - DEBUG - Checking table structure for: bus_routes
2026-04-01 05:17:23,552 - core.database - DEBUG - Table users structure is up to date
2026-04-01 05:17:23,553 - core.database - INFO - Table users repaired in 0.64s
2026-04-01 05:17:23,553 - core.database - DEBUG - Checking table structure for: bus_stops
2026-04-01 05:17:23,750 - core.database - DEBUG - Table announcements structure is up to date
2026-04-01 05:17:23,751 - core.database - INFO - Table announcements repaired in 0.84s
2026-04-01 05:17:23,751 - core.database - DEBUG - Checking table structure for: categories
2026-04-01 05:17:23,838 - core.database - DEBUG - Table admin_credentials structure is up to date
2026-04-01 05:17:23,838 - core.database - INFO - Table admin_credentials repaired in 0.93s
2026-04-01 05:17:23,838 - core.database - DEBUG - Checking table structure for: complaints
2026-04-01 05:17:23,845 - core.database - DEBUG - Table admin_login_attempts structure is up to date
2026-04-01 05:17:23,845 - core.database - INFO - Table admin_login_attempts repaired in 0.93s
2026-04-01 05:17:23,846 - core.database - DEBUG - Checking table structure for: directory_entries
2026-04-01 05:17:23,849 - core.database - DEBUG - Table admin_login_lockouts structure is up to date
2026-04-01 05:17:23,850 - core.database - INFO - Table admin_login_lockouts repaired in 0.94s
2026-04-01 05:17:23,850 - core.database - DEBUG - Checking table structure for: food_categories
2026-04-01 05:17:23,854 - core.database - DEBUG - Table banners structure is up to date
2026-04-01 05:17:23,855 - core.database - INFO - Table banners repaired in 0.94s
2026-04-01 05:17:23,855 - core.database - DEBUG - Checking table structure for: food_item_modifiers
2026-04-01 05:17:23,857 - core.database - DEBUG - Table bus_routes structure is up to date
2026-04-01 05:17:23,858 - core.database - INFO - Table bus_routes repaired in 0.94s
2026-04-01 05:17:23,858 - core.database - DEBUG - Table bus_notifications structure is up to date
2026-04-01 05:17:23,858 - core.database - INFO - Table bus_notifications repaired in 0.94s
2026-04-01 05:17:23,858 - core.database - DEBUG - Checking table structure for: food_items
2026-04-01 05:17:23,859 - core.database - DEBUG - Checking table structure for: food_modifiers
2026-04-01 05:17:23,859 - core.database - DEBUG - Table become_master_requests structure is up to date
2026-04-01 05:17:23,859 - core.database - INFO - Table become_master_requests repaired in 0.94s
2026-04-01 05:17:23,859 - core.database - DEBUG - Checking table structure for: food_orders
2026-04-01 05:17:23,860 - core.database - DEBUG - Table oidc_states structure is up to date
2026-04-01 05:17:23,860 - core.database - INFO - Table oidc_states repaired in 0.95s
2026-04-01 05:17:23,860 - core.database - DEBUG - Checking table structure for: food_settings
2026-04-01 05:17:23,933 - core.database - DEBUG - Table bus_stops structure is up to date
2026-04-01 05:17:23,934 - core.database - INFO - Table bus_stops repaired in 1.01s
2026-04-01 05:17:23,934 - core.database - DEBUG - Checking table structure for: frontpad_settings
2026-04-01 05:17:24,187 - core.database - DEBUG - Table categories structure is up to date
2026-04-01 05:17:24,187 - core.database - INFO - Table categories repaired in 1.26s
2026-04-01 05:17:24,188 - core.database - DEBUG - Checking table structure for: frontpad_sync_log
2026-04-01 05:17:24,280 - core.database - DEBUG - Table complaints structure is up to date
2026-04-01 05:17:24,280 - core.database - INFO - Table complaints repaired in 1.36s
2026-04-01 05:17:24,281 - core.database - DEBUG - Checking table structure for: health_check
2026-04-01 05:17:24,284 - core.database - DEBUG - Table directory_entries structure is up to date
2026-04-01 05:17:24,284 - core.database - INFO - Table directory_entries repaired in 1.36s
2026-04-01 05:17:24,284 - core.database - DEBUG - Checking table structure for: history_events
2026-04-01 05:17:24,289 - core.database - DEBUG - Table food_categories structure is up to date
2026-04-01 05:17:24,289 - core.database - INFO - Table food_categories repaired in 1.37s
2026-04-01 05:17:24,290 - core.database - DEBUG - Checking table structure for: homepage_stats
2026-04-01 05:17:24,292 - core.database - DEBUG - Table food_item_modifiers structure is up to date
2026-04-01 05:17:24,292 - core.database - INFO - Table food_item_modifiers repaired in 1.37s
2026-04-01 05:17:24,292 - core.database - DEBUG - Checking table structure for: inspectors
2026-04-01 05:17:24,303 - core.database - DEBUG - Table food_items structure is up to date
2026-04-01 05:17:24,304 - core.database - INFO - Table food_items repaired in 1.38s
2026-04-01 05:17:24,304 - core.database - DEBUG - Checking table structure for: item_modifier_groups
2026-04-01 05:17:24,305 - core.database - DEBUG - Table food_orders structure is up to date
2026-04-01 05:17:24,305 - core.database - INFO - Table food_orders repaired in 1.38s
2026-04-01 05:17:24,306 - core.database - DEBUG - Checking table structure for: jobs
2026-04-01 05:17:24,307 - core.database - DEBUG - Table food_settings structure is up to date
2026-04-01 05:17:24,307 - core.database - INFO - Table food_settings repaired in 1.38s
2026-04-01 05:17:24,307 - core.database - DEBUG - Checking table structure for: master_requests
2026-04-01 05:17:24,310 - core.database - DEBUG - Table food_modifiers structure is up to date
2026-04-01 05:17:24,310 - core.database - INFO - Table food_modifiers repaired in 1.39s
2026-04-01 05:17:24,310 - core.database - DEBUG - Checking table structure for: masters
2026-04-01 05:17:24,311 - core.database - DEBUG - Table frontpad_settings structure is up to date
2026-04-01 05:17:24,311 - core.database - INFO - Table frontpad_settings repaired in 1.39s
2026-04-01 05:17:24,311 - core.database - DEBUG - Checking table structure for: modifier_groups
2026-04-01 05:17:24,563 - core.database - DEBUG - Table frontpad_sync_log structure is up to date
2026-04-01 05:17:24,564 - core.database - INFO - Table frontpad_sync_log repaired in 1.64s
2026-04-01 05:17:24,564 - core.database - DEBUG - Checking table structure for: modifier_options
2026-04-01 05:17:24,659 - core.database - DEBUG - Table health_check structure is up to date
2026-04-01 05:17:24,659 - core.database - INFO - Table health_check repaired in 1.74s
2026-04-01 05:17:24,659 - core.database - DEBUG - Checking table structure for: news
2026-04-01 05:17:24,660 - core.database - DEBUG - Table history_events structure is up to date
2026-04-01 05:17:24,660 - core.database - INFO - Table history_events repaired in 1.74s
2026-04-01 05:17:24,660 - core.database - DEBUG - Checking table structure for: question_answers
2026-04-01 05:17:24,667 - core.database - DEBUG - Table homepage_stats structure is up to date
2026-04-01 05:17:24,668 - core.database - INFO - Table homepage_stats repaired in 1.75s
2026-04-01 05:17:24,668 - core.database - DEBUG - Checking table structure for: questions
2026-04-01 05:17:24,688 - core.database - DEBUG - Table item_modifier_groups structure is up to date
2026-04-01 05:17:24,689 - core.database - INFO - Table item_modifier_groups repaired in 1.77s
2026-04-01 05:17:24,689 - core.database - DEBUG - Checking table structure for: real_estate
2026-04-01 05:17:24,691 - core.database - DEBUG - Table master_requests structure is up to date
2026-04-01 05:17:24,691 - core.database - INFO - Table master_requests repaired in 1.77s
2026-04-01 05:17:24,691 - core.database - DEBUG - Checking table structure for: user_preferences
2026-04-01 05:17:24,752 - core.database - DEBUG - Table jobs structure is up to date
2026-04-01 05:17:24,753 - core.database - INFO - Table jobs repaired in 1.83s
2026-04-01 05:17:24,754 - core.database - DEBUG - Table inspectors structure is up to date
2026-04-01 05:17:24,754 - core.database - INFO - Table inspectors repaired in 1.83s
2026-04-01 05:17:24,756 - core.database - DEBUG - Table modifier_groups structure is up to date
2026-04-01 05:17:24,757 - core.database - INFO - Table modifier_groups repaired in 1.83s
2026-04-01 05:17:24,760 - core.database - DEBUG - Table masters structure is up to date
2026-04-01 05:17:24,760 - core.database - INFO - Table masters repaired in 1.84s
2026-04-01 05:17:24,942 - core.database - DEBUG - Table modifier_options structure is up to date
2026-04-01 05:17:24,943 - core.database - INFO - Table modifier_options repaired in 2.02s
2026-04-01 05:17:25,103 - core.database - DEBUG - Table question_answers structure is up to date
2026-04-01 05:17:25,103 - core.database - INFO - Table question_answers repaired in 2.18s
2026-04-01 05:17:25,114 - core.database - DEBUG - Table questions structure is up to date
2026-04-01 05:17:25,114 - core.database - INFO - Table questions repaired in 2.19s
2026-04-01 05:17:25,140 - core.database - DEBUG - Table real_estate structure is up to date
2026-04-01 05:17:25,140 - core.database - INFO - Table real_estate repaired in 2.22s
2026-04-01 05:17:25,146 - core.database - DEBUG - Table user_preferences structure is up to date
2026-04-01 05:17:25,146 - core.database - INFO - Table user_preferences repaired in 2.22s
2026-04-01 05:17:25,169 - core.database - DEBUG - Table news structure is up to date
2026-04-01 05:17:25,170 - core.database - INFO - Table news repaired in 2.25s
2026-04-01 05:17:25,170 - core.database - INFO - 🔧 Table structure repair completed in 2.7654s
2026-04-01 05:17:25,170 - core.database - INFO - 🔧 Table structure repair completed
2026-04-01 05:17:25,170 - core.database - INFO - 🔧 Starting table creation...
2026-04-01 05:17:27,889 - core.database - INFO - Tables initialized successfully
2026-04-01 05:17:27,890 - core.database - DEBUG - [DB_OP] Create tables completed in 5.4855s
2026-04-01 05:17:27,953 - core.database - INFO - Lazy database initialization completed successfully
2026-04-01 05:17:28,757 - routers.admin_auth - INFO - [Admin Auth] Pre-computed 3 alternative password hashes for 'admin' account
2026-04-01 05:17:29,620 - routers.admin_auth - INFO - [Admin Auth] Admin credentials updated (username: admin)
2026-04-01 05:17:29,997 - routers.admin_auth - DEBUG - [Admin Auth] Legacy admin credentials already exist
2026-04-01 05:17:30,060 - core.config - DEBUG - Read dynamic attribute oss_service_url from environment variable OSS_SERVICE_URL
2026-04-01 05:17:30,060 - core.config - DEBUG - Read dynamic attribute oss_api_key from environment variable OSS_API_KEY
2026-04-01 05:17:30,163 - httpcore.connection - DEBUG - connect_tcp.started host='atoms.dev' port=443 local_address=None timeout=120.0 socket_options=None
2026-04-01 05:17:30,171 - httpcore.connection - DEBUG - connect_tcp.complete return_value=<httpcore._backends.anyio.AnyIOStream object at 0x7f9100d76350>
2026-04-01 05:17:30,171 - httpcore.connection - DEBUG - start_tls.started ssl_context=<ssl.SSLContext object at 0x7f9100e0f940> server_hostname='atoms.dev' timeout=120.0
2026-04-01 05:17:30,179 - httpcore.connection - DEBUG - start_tls.complete return_value=<httpcore._backends.anyio.AnyIOStream object at 0x7f9100d75240>
2026-04-01 05:17:30,179 - httpcore.http11 - DEBUG - send_request_headers.started request=<Request [b'GET']>
2026-04-01 05:17:30,180 - httpcore.http11 - DEBUG - send_request_headers.complete
2026-04-01 05:17:30,180 - httpcore.http11 - DEBUG - send_request_body.started request=<Request [b'GET']>
2026-04-01 05:17:30,180 - httpcore.http11 - DEBUG - send_request_body.complete
2026-04-01 05:17:30,180 - httpcore.http11 - DEBUG - receive_response_headers.started request=<Request [b'GET']>
2026-04-01 05:17:30,203 - httpcore.http11 - DEBUG - receive_response_headers.complete return_value=(b'HTTP/1.1', 200, b'OK', [(b'Date', b'Wed, 01 Apr 2026 12:17:30 GMT'), (b'Content-Type', b'application/json; charset=utf-8'), (b'Transfer-Encoding', b'chunked'), (b'Connection', b'keep-alive'), (b'Access-Control-Allow-Headers', b'Origin, Content-Type, Accept, Authorization'), (b'Access-Control-Allow-Methods', b'GET, POST, PUT, DELETE, OPTIONS'), (b'Access-Control-Allow-Origin', b'*'), (b'Access-Control-Max-Age', b'86400'), (b'X-Request-Id', b'e2ee7b2e7ae4b54d195d7f1562685d20'), (b'X-Trace-Id', b'847ae19234d7442a9b991a520bcc2123'), (b'Content-Security-Policy', b"frame-ancestors 'self' https://atoms.dev"), (b'Strict-Transport-Security', b'max-age=63072000; includeSubDomains; preload'), (b'X-Content-Type-Options', b'nosniff'), (b'X-XSS-Protection', b'1; mode=block'), (b'Referrer-Policy', b'strict-origin-when-cross-origin'), (b'cf-cache-status', b'DYNAMIC'), (b'Content-Encoding', b'gzip'), (b'Server', b'cloudflare'), (b'CF-RAY', b'9e5787f3afcc999a-LAX')])
2026-04-01 05:17:30,204 - httpx - INFO - HTTP Request: GET https://atoms.dev/api/v1/infra/client/oss/buckets "HTTP/1.1 200 OK"
2026-04-01 05:17:30,204 - httpcore.http11 - DEBUG - receive_response_body.started request=<Request [b'GET']>
2026-04-01 05:17:30,205 - httpcore.http11 - DEBUG - receive_response_body.complete
2026-04-01 05:17:30,205 - httpcore.http11 - DEBUG - response_closed.started
2026-04-01 05:17:30,205 - httpcore.http11 - DEBUG - response_closed.complete
2026-04-01 05:17:30,205 - httpcore.connection - DEBUG - close.started
2026-04-01 05:17:30,206 - httpcore.connection - DEBUG - close.complete
2026-04-01 05:17:30,206 - services.bucket_init - INFO - Bucket 'portal-images' already exists
2026-04-01 05:17:30,206 - main - INFO - === Application startup completed ===
2026-04-01 05:17:30,308 - services.database - DEBUG - [DB_OP] Starting database close
2026-04-01 05:17:30,636 - core.database - INFO - Database connection closed and engine disposed
2026-04-01 05:17:30,637 - services.database - INFO - Database connections closed
2026-04-01 05:17:30,637 - services.database - DEBUG - [DB_OP] Database close completed in 0.3293s
