2026-03-18 07:46:12,749 - main - INFO - === Logging system initialized ===
2026-03-18 07:46:12,750 - main - INFO - Log file: logs/app_20260318_074612.log
2026-03-18 07:46:12,750 - main - INFO - Log level: INFO
2026-03-18 07:46:12,750 - main - INFO - Timestamp: 20260318_074612
2026-03-18 07:46:13,603 - main - INFO - Included router: routers.aihub.router
2026-03-18 07:46:13,672 - main - INFO - Included router: routers.announcements.router
2026-03-18 07:46:13,703 - main - INFO - Included router: routers.auth.router
2026-03-18 07:46:13,765 - main - INFO - Included router: routers.banners.router
2026-03-18 07:46:13,931 - main - INFO - Included router: routers.become_master_requests.router
2026-03-18 07:46:14,008 - main - INFO - Included router: routers.categories.router
2026-03-18 07:46:14,093 - main - INFO - Included router: routers.complaints.router
2026-03-18 07:46:14,096 - main - WARNING - Failed to import module 'routers.debug_schema': cannot import name 'async_engine' from 'core.database' (/workspace/app/backend/core/database.py)
2026-03-18 07:46:14,159 - main - INFO - Included router: routers.directory_entries.router
2026-03-18 07:46:14,163 - main - INFO - Included router: routers.health.router
2026-03-18 07:46:14,225 - main - INFO - Included router: routers.jobs.router
2026-03-18 07:46:14,279 - main - INFO - Included router: routers.master_requests.router
2026-03-18 07:46:14,342 - main - INFO - Included router: routers.masters.router
2026-03-18 07:46:14,401 - main - INFO - Included router: routers.news.router
2026-03-18 07:46:14,456 - main - INFO - Included router: routers.question_answers.router
2026-03-18 07:46:14,513 - main - INFO - Included router: routers.questions.router
2026-03-18 07:46:14,554 - main - INFO - Included router: routers.settings.router
2026-03-18 07:46:14,606 - main - INFO - Included router: routers.storage.router
2026-03-18 07:46:14,641 - main - INFO - Included router: routers.telegram.router
2026-03-18 07:46:14,656 - main - INFO - Included router: routers.user.router
2026-03-18 07:46:14,660 - main - INFO - === Application startup initiated ===
2026-03-18 07:46:14,661 - services.database - INFO - Ignore creating tables
2026-03-18 07:46:14,662 - services.mock_data - INFO - Ignore initialize data
2026-03-18 07:46:14,663 - services.auth - INFO - Ignore initialize admin
2026-03-18 07:46:14,664 - main - INFO - === Application startup completed successfully ===
2026-03-18 07:46:19,840 - core.database - DEBUG - [DB_OP] Starting get_db session creation
2026-03-18 07:46:19,841 - core.database - WARNING - Database session maker not available, attempting lazy initialization...
2026-03-18 07:46:19,841 - core.database - WARNING - Database not initialized, attempting lazy initialization...
2026-03-18 07:46:19,841 - core.database - INFO - Starting database initialization...
2026-03-18 07:46:19,841 - core.config - DEBUG - Read dynamic attribute database_url from environment variable DATABASE_URL
2026-03-18 07:46:19,841 - core.database - INFO - Normalizing database URL for async compatibility...
2026-03-18 07:46:19,842 - core.database - INFO - Creating async database engine...
2026-03-18 07:46:19,843 - core.database - INFO - Using QueuePool with connection pooling for non-Lambda environment
2026-03-18 07:46:20,074 - core.database - INFO - Database engine created successfully
2026-03-18 07:46:20,074 - core.database - INFO - Creating async session maker...
2026-03-18 07:46:20,074 - core.database - INFO - Async session maker created successfully
2026-03-18 07:46:20,074 - core.database - INFO - Database connection initialized successfully
2026-03-18 07:46:20,074 - core.database - DEBUG - [DB_OP] Starting create_tables
2026-03-18 07:46:20,075 - core.database - INFO - 🔧 Starting table creation...
2026-03-18 07:46:20,082 - core.database - DEBUG - [DB_OP] Starting get_db session creation
2026-03-18 07:46:20,082 - core.database - DEBUG - [DB_OP] Database session created successfully in 0.0005s
2026-03-18 07:46:20,083 - routers.banners - DEBUG - Querying bannerss: query={"active":true}, sort=None, skip=0, limit=2, fields=None
2026-03-18 07:46:20,090 - core.database - DEBUG - [DB_OP] Starting get_db session creation
2026-03-18 07:46:20,091 - core.database - DEBUG - [DB_OP] Database session created successfully in 0.0008s
2026-03-18 07:46:20,091 - routers.master_requests - DEBUG - Querying master_requestss: query=None, sort=-created_at, skip=0, limit=5, fields=None
2026-03-18 07:46:20,097 - core.database - DEBUG - [DB_OP] Starting get_db session creation
2026-03-18 07:46:20,097 - core.database - DEBUG - [DB_OP] Database session created successfully in 0.0003s
2026-03-18 07:46:20,097 - routers.announcements - DEBUG - Querying announcementss: query={"active":true,"status":"approved"}, sort=-created_at, skip=0, limit=5, fields=None
2026-03-18 07:46:20,105 - core.database - DEBUG - [DB_OP] Starting get_db session creation
2026-03-18 07:46:20,106 - core.database - DEBUG - [DB_OP] Database session created successfully in 0.0009s
2026-03-18 07:46:20,107 - routers.jobs - DEBUG - Querying jobss: query={"active":true}, sort=-created_at, skip=0, limit=5, fields=None
2026-03-18 07:46:20,114 - core.database - DEBUG - [DB_OP] Starting get_db session creation
2026-03-18 07:46:20,115 - core.database - DEBUG - [DB_OP] Database session created successfully in 0.0004s
2026-03-18 07:46:20,115 - routers.complaints - DEBUG - Querying complaintss: query=None, sort=-created_at, skip=0, limit=5, fields=None
2026-03-18 07:46:20,122 - core.database - DEBUG - [DB_OP] Starting get_db session creation
2026-03-18 07:46:20,122 - core.database - DEBUG - [DB_OP] Database session created successfully in 0.0007s
2026-03-18 07:46:20,123 - routers.news - DEBUG - Querying newss: query={"published":true}, sort=-created_at, skip=0, limit=5, fields=None
2026-03-18 07:46:20,130 - core.database - DEBUG - [DB_OP] Starting get_db session creation
2026-03-18 07:46:20,130 - core.database - DEBUG - [DB_OP] Database session created successfully in 0.0007s
2026-03-18 07:46:20,131 - routers.directory_entries - DEBUG - Querying directory_entriess: query=None, sort=None, skip=0, limit=8, fields=None
2026-03-18 07:46:20,140 - core.database - DEBUG - [DB_OP] Starting get_db session creation
2026-03-18 07:46:20,141 - core.database - DEBUG - [DB_OP] Database session created successfully in 0.0008s
2026-03-18 07:46:20,142 - routers.questions - DEBUG - Querying questionss: query=None, sort=-created_at, skip=0, limit=5, fields=None
2026-03-18 07:46:21,638 - routers.announcements - DEBUG - Found 1 announcementss
2026-03-18 07:46:21,639 - core.database - DEBUG - [DB_OP] Database session cleanup after 1.5422s
2026-03-18 07:46:21,640 - services.news - ERROR - Error fetching news list: (sqlalchemy.dialects.postgresql.asyncpg.ProgrammingError) <class 'asyncpg.exceptions.UndefinedColumnError'>: column news.status does not exist
[SQL: SELECT news.id, news.title, news.content, news.short_description, news.category, news.image_url, news.gallery_images, news.youtube_url, news.published, news.status, news.created_at 
FROM news 
WHERE news.published = true ORDER BY news.created_at DESC 
 LIMIT $1::INTEGER OFFSET $2::INTEGER]
[parameters: (5, 0)]
(Background on this error at: https://sqlalche.me/e/20/f405)
2026-03-18 07:46:21,641 - routers.news - ERROR - Error querying newss: (sqlalchemy.dialects.postgresql.asyncpg.ProgrammingError) <class 'asyncpg.exceptions.UndefinedColumnError'>: column news.status does not exist
[SQL: SELECT news.id, news.title, news.content, news.short_description, news.category, news.image_url, news.gallery_images, news.youtube_url, news.published, news.status, news.created_at 
FROM news 
WHERE news.published = true ORDER BY news.created_at DESC 
 LIMIT $1::INTEGER OFFSET $2::INTEGER]
[parameters: (5, 0)]
(Background on this error at: https://sqlalche.me/e/20/f405)
Traceback (most recent call last):
  File "/data/chats/fb49573987034a9b83c183f78c0a552e/.cache/python/lib/python3.10/site-packages/sqlalchemy/dialects/postgresql/asyncpg.py", line 526, in _prepare_and_execute
    prepared_stmt, attributes = await adapt_connection._prepare(
  File "/data/chats/fb49573987034a9b83c183f78c0a552e/.cache/python/lib/python3.10/site-packages/sqlalchemy/dialects/postgresql/asyncpg.py", line 773, in _prepare
    prepared_stmt = await self._connection.prepare(
  File "/data/chats/fb49573987034a9b83c183f78c0a552e/.cache/python/lib/python3.10/site-packages/asyncpg/connection.py", line 638, in prepare
    return await self._prepare(
  File "/data/chats/fb49573987034a9b83c183f78c0a552e/.cache/python/lib/python3.10/site-packages/asyncpg/connection.py", line 657, in _prepare
    stmt = await self._get_statement(
  File "/data/chats/fb49573987034a9b83c183f78c0a552e/.cache/python/lib/python3.10/site-packages/asyncpg/connection.py", line 443, in _get_statement
    statement = await self._protocol.prepare(
  File "asyncpg/protocol/protocol.pyx", line 165, in prepare
asyncpg.exceptions.UndefinedColumnError: column news.status does not exist

The above exception was the direct cause of the following exception:

Traceback (most recent call last):
  File "/data/chats/fb49573987034a9b83c183f78c0a552e/.cache/python/lib/python3.10/site-packages/sqlalchemy/engine/base.py", line 1967, in _exec_single_context
    self.dialect.do_execute(
  File "/data/chats/fb49573987034a9b83c183f78c0a552e/.cache/python/lib/python3.10/site-packages/sqlalchemy/engine/default.py", line 952, in do_execute
    cursor.execute(statement, parameters)
  File "/data/chats/fb49573987034a9b83c183f78c0a552e/.cache/python/lib/python3.10/site-packages/sqlalchemy/dialects/postgresql/asyncpg.py", line 585, in execute
    self._adapt_connection.await_(
  File "/data/chats/fb49573987034a9b83c183f78c0a552e/.cache/python/lib/python3.10/site-packages/sqlalchemy/util/_concurrency_py3k.py", line 132, in await_only
    return current.parent.switch(awaitable)  # type: ignore[no-any-return,attr-defined] # noqa: E501
  File "/data/chats/fb49573987034a9b83c183f78c0a552e/.cache/python/lib/python3.10/site-packages/sqlalchemy/util/_concurrency_py3k.py", line 196, in greenlet_spawn
    value = await result
  File "/data/chats/fb49573987034a9b83c183f78c0a552e/.cache/python/lib/python3.10/site-packages/sqlalchemy/dialects/postgresql/asyncpg.py", line 563, in _prepare_and_execute
    self._handle_exception(error)
  File "/data/chats/fb49573987034a9b83c183f78c0a552e/.cache/python/lib/python3.10/site-packages/sqlalchemy/dialects/postgresql/asyncpg.py", line 513, in _handle_exception
    self._adapt_connection._handle_exception(error)
  File "/data/chats/fb49573987034a9b83c183f78c0a552e/.cache/python/lib/python3.10/site-packages/sqlalchemy/dialects/postgresql/asyncpg.py", line 797, in _handle_exception
    raise translated_error from error
sqlalchemy.dialects.postgresql.asyncpg.AsyncAdapt_asyncpg_dbapi.ProgrammingError: <class 'asyncpg.exceptions.UndefinedColumnError'>: column news.status does not exist

The above exception was the direct cause of the following exception:

Traceback (most recent call last):
  File "/workspace/app/backend/routers/news.py", line 125, in query_newss
    result = await service.get_list(
  File "/workspace/app/backend/services/news.py", line 75, in get_list
    result = await self.db.execute(query.offset(skip).limit(limit))
  File "/data/chats/fb49573987034a9b83c183f78c0a552e/.cache/python/lib/python3.10/site-packages/sqlalchemy/ext/asyncio/session.py", line 449, in execute
    result = await greenlet_spawn(
  File "/data/chats/fb49573987034a9b83c183f78c0a552e/.cache/python/lib/python3.10/site-packages/sqlalchemy/util/_concurrency_py3k.py", line 201, in greenlet_spawn
    result = context.throw(*sys.exc_info())
  File "/data/chats/fb49573987034a9b83c183f78c0a552e/.cache/python/lib/python3.10/site-packages/sqlalchemy/orm/session.py", line 2351, in execute
    return self._execute_internal(
  File "/data/chats/fb49573987034a9b83c183f78c0a552e/.cache/python/lib/python3.10/site-packages/sqlalchemy/orm/session.py", line 2249, in _execute_internal
    result: Result[Any] = compile_state_cls.orm_execute_statement(
  File "/data/chats/fb49573987034a9b83c183f78c0a552e/.cache/python/lib/python3.10/site-packages/sqlalchemy/orm/context.py", line 306, in orm_execute_statement
    result = conn.execute(
  File "/data/chats/fb49573987034a9b83c183f78c0a552e/.cache/python/lib/python3.10/site-packages/sqlalchemy/engine/base.py", line 1419, in execute
    return meth(
  File "/data/chats/fb49573987034a9b83c183f78c0a552e/.cache/python/lib/python3.10/site-packages/sqlalchemy/sql/elements.py", line 527, in _execute_on_connection
    return connection._execute_clauseelement(
  File "/data/chats/fb49573987034a9b83c183f78c0a552e/.cache/python/lib/python3.10/site-packages/sqlalchemy/engine/base.py", line 1641, in _execute_clauseelement
    ret = self._execute_context(
  File "/data/chats/fb49573987034a9b83c183f78c0a552e/.cache/python/lib/python3.10/site-packages/sqlalchemy/engine/base.py", line 1846, in _execute_context
    return self._exec_single_context(
  File "/data/chats/fb49573987034a9b83c183f78c0a552e/.cache/python/lib/python3.10/site-packages/sqlalchemy/engine/base.py", line 1986, in _exec_single_context
    self._handle_dbapi_exception(
  File "/data/chats/fb49573987034a9b83c183f78c0a552e/.cache/python/lib/python3.10/site-packages/sqlalchemy/engine/base.py", line 2363, in _handle_dbapi_exception
    raise sqlalchemy_exception.with_traceback(exc_info[2]) from e
  File "/data/chats/fb49573987034a9b83c183f78c0a552e/.cache/python/lib/python3.10/site-packages/sqlalchemy/engine/base.py", line 1967, in _exec_single_context
    self.dialect.do_execute(
  File "/data/chats/fb49573987034a9b83c183f78c0a552e/.cache/python/lib/python3.10/site-packages/sqlalchemy/engine/default.py", line 952, in do_execute
    cursor.execute(statement, parameters)
  File "/data/chats/fb49573987034a9b83c183f78c0a552e/.cache/python/lib/python3.10/site-packages/sqlalchemy/dialects/postgresql/asyncpg.py", line 585, in execute
    self._adapt_connection.await_(
  File "/data/chats/fb49573987034a9b83c183f78c0a552e/.cache/python/lib/python3.10/site-packages/sqlalchemy/util/_concurrency_py3k.py", line 132, in await_only
    return current.parent.switch(awaitable)  # type: ignore[no-any-return,attr-defined] # noqa: E501
  File "/data/chats/fb49573987034a9b83c183f78c0a552e/.cache/python/lib/python3.10/site-packages/sqlalchemy/util/_concurrency_py3k.py", line 196, in greenlet_spawn
    value = await result
  File "/data/chats/fb49573987034a9b83c183f78c0a552e/.cache/python/lib/python3.10/site-packages/sqlalchemy/dialects/postgresql/asyncpg.py", line 563, in _prepare_and_execute
    self._handle_exception(error)
  File "/data/chats/fb49573987034a9b83c183f78c0a552e/.cache/python/lib/python3.10/site-packages/sqlalchemy/dialects/postgresql/asyncpg.py", line 513, in _handle_exception
    self._adapt_connection._handle_exception(error)
  File "/data/chats/fb49573987034a9b83c183f78c0a552e/.cache/python/lib/python3.10/site-packages/sqlalchemy/dialects/postgresql/asyncpg.py", line 797, in _handle_exception
    raise translated_error from error
sqlalchemy.exc.ProgrammingError: (sqlalchemy.dialects.postgresql.asyncpg.ProgrammingError) <class 'asyncpg.exceptions.UndefinedColumnError'>: column news.status does not exist
[SQL: SELECT news.id, news.title, news.content, news.short_description, news.category, news.image_url, news.gallery_images, news.youtube_url, news.published, news.status, news.created_at 
FROM news 
WHERE news.published = true ORDER BY news.created_at DESC 
 LIMIT $1::INTEGER OFFSET $2::INTEGER]
[parameters: (5, 0)]
(Background on this error at: https://sqlalche.me/e/20/f405)
2026-03-18 07:46:21,665 - core.database - ERROR - Database session error: 500: Internal server error: (sqlalchemy.dialects.postgresql.asyncpg.ProgrammingError) <class 'asyncpg.exceptions.UndefinedColumnError'>: column news.status does not exist
[SQL: SELECT news.id, news.title, news.content, news.short_description, news.category, news.image_url, news.gallery_images, news.youtube_url, news.published, news.status, news.created_at 
FROM news 
WHERE news.published = true ORDER BY news.created_at DESC 
 LIMIT $1::INTEGER OFFSET $2::INTEGER]
[parameters: (5, 0)]
(Background on this error at: https://sqlalche.me/e/20/f405)
Traceback (most recent call last):
  File "/data/chats/fb49573987034a9b83c183f78c0a552e/.cache/python/lib/python3.10/site-packages/sqlalchemy/dialects/postgresql/asyncpg.py", line 526, in _prepare_and_execute
    prepared_stmt, attributes = await adapt_connection._prepare(
  File "/data/chats/fb49573987034a9b83c183f78c0a552e/.cache/python/lib/python3.10/site-packages/sqlalchemy/dialects/postgresql/asyncpg.py", line 773, in _prepare
    prepared_stmt = await self._connection.prepare(
  File "/data/chats/fb49573987034a9b83c183f78c0a552e/.cache/python/lib/python3.10/site-packages/asyncpg/connection.py", line 638, in prepare
    return await self._prepare(
  File "/data/chats/fb49573987034a9b83c183f78c0a552e/.cache/python/lib/python3.10/site-packages/asyncpg/connection.py", line 657, in _prepare
    stmt = await self._get_statement(
  File "/data/chats/fb49573987034a9b83c183f78c0a552e/.cache/python/lib/python3.10/site-packages/asyncpg/connection.py", line 443, in _get_statement
    statement = await self._protocol.prepare(
  File "asyncpg/protocol/protocol.pyx", line 165, in prepare
asyncpg.exceptions.UndefinedColumnError: column news.status does not exist

The above exception was the direct cause of the following exception:

Traceback (most recent call last):
  File "/data/chats/fb49573987034a9b83c183f78c0a552e/.cache/python/lib/python3.10/site-packages/sqlalchemy/engine/base.py", line 1967, in _exec_single_context
    self.dialect.do_execute(
  File "/data/chats/fb49573987034a9b83c183f78c0a552e/.cache/python/lib/python3.10/site-packages/sqlalchemy/engine/default.py", line 952, in do_execute
    cursor.execute(statement, parameters)
  File "/data/chats/fb49573987034a9b83c183f78c0a552e/.cache/python/lib/python3.10/site-packages/sqlalchemy/dialects/postgresql/asyncpg.py", line 585, in execute
    self._adapt_connection.await_(
  File "/data/chats/fb49573987034a9b83c183f78c0a552e/.cache/python/lib/python3.10/site-packages/sqlalchemy/util/_concurrency_py3k.py", line 132, in await_only
    return current.parent.switch(awaitable)  # type: ignore[no-any-return,attr-defined] # noqa: E501
  File "/data/chats/fb49573987034a9b83c183f78c0a552e/.cache/python/lib/python3.10/site-packages/sqlalchemy/util/_concurrency_py3k.py", line 196, in greenlet_spawn
    value = await result
  File "/data/chats/fb49573987034a9b83c183f78c0a552e/.cache/python/lib/python3.10/site-packages/sqlalchemy/dialects/postgresql/asyncpg.py", line 563, in _prepare_and_execute
    self._handle_exception(error)
  File "/data/chats/fb49573987034a9b83c183f78c0a552e/.cache/python/lib/python3.10/site-packages/sqlalchemy/dialects/postgresql/asyncpg.py", line 513, in _handle_exception
    self._adapt_connection._handle_exception(error)
  File "/data/chats/fb49573987034a9b83c183f78c0a552e/.cache/python/lib/python3.10/site-packages/sqlalchemy/dialects/postgresql/asyncpg.py", line 797, in _handle_exception
    raise translated_error from error
sqlalchemy.dialects.postgresql.asyncpg.AsyncAdapt_asyncpg_dbapi.ProgrammingError: <class 'asyncpg.exceptions.UndefinedColumnError'>: column news.status does not exist

The above exception was the direct cause of the following exception:

Traceback (most recent call last):
  File "/workspace/app/backend/routers/news.py", line 125, in query_newss
    result = await service.get_list(
  File "/workspace/app/backend/services/news.py", line 75, in get_list
    result = await self.db.execute(query.offset(skip).limit(limit))
  File "/data/chats/fb49573987034a9b83c183f78c0a552e/.cache/python/lib/python3.10/site-packages/sqlalchemy/ext/asyncio/session.py", line 449, in execute
    result = await greenlet_spawn(
  File "/data/chats/fb49573987034a9b83c183f78c0a552e/.cache/python/lib/python3.10/site-packages/sqlalchemy/util/_concurrency_py3k.py", line 201, in greenlet_spawn
    result = context.throw(*sys.exc_info())
  File "/data/chats/fb49573987034a9b83c183f78c0a552e/.cache/python/lib/python3.10/site-packages/sqlalchemy/orm/session.py", line 2351, in execute
    return self._execute_internal(
  File "/data/chats/fb49573987034a9b83c183f78c0a552e/.cache/python/lib/python3.10/site-packages/sqlalchemy/orm/session.py", line 2249, in _execute_internal
    result: Result[Any] = compile_state_cls.orm_execute_statement(
  File "/data/chats/fb49573987034a9b83c183f78c0a552e/.cache/python/lib/python3.10/site-packages/sqlalchemy/orm/context.py", line 306, in orm_execute_statement
    result = conn.execute(
  File "/data/chats/fb49573987034a9b83c183f78c0a552e/.cache/python/lib/python3.10/site-packages/sqlalchemy/engine/base.py", line 1419, in execute
    return meth(
  File "/data/chats/fb49573987034a9b83c183f78c0a552e/.cache/python/lib/python3.10/site-packages/sqlalchemy/sql/elements.py", line 527, in _execute_on_connection
    return connection._execute_clauseelement(
  File "/data/chats/fb49573987034a9b83c183f78c0a552e/.cache/python/lib/python3.10/site-packages/sqlalchemy/engine/base.py", line 1641, in _execute_clauseelement
    ret = self._execute_context(
  File "/data/chats/fb49573987034a9b83c183f78c0a552e/.cache/python/lib/python3.10/site-packages/sqlalchemy/engine/base.py", line 1846, in _execute_context
    return self._exec_single_context(
  File "/data/chats/fb49573987034a9b83c183f78c0a552e/.cache/python/lib/python3.10/site-packages/sqlalchemy/engine/base.py", line 1986, in _exec_single_context
    self._handle_dbapi_exception(
  File "/data/chats/fb49573987034a9b83c183f78c0a552e/.cache/python/lib/python3.10/site-packages/sqlalchemy/engine/base.py", line 2363, in _handle_dbapi_exception
    raise sqlalchemy_exception.with_traceback(exc_info[2]) from e
  File "/data/chats/fb49573987034a9b83c183f78c0a552e/.cache/python/lib/python3.10/site-packages/sqlalchemy/engine/base.py", line 1967, in _exec_single_context
    self.dialect.do_execute(
  File "/data/chats/fb49573987034a9b83c183f78c0a552e/.cache/python/lib/python3.10/site-packages/sqlalchemy/engine/default.py", line 952, in do_execute
    cursor.execute(statement, parameters)
  File "/data/chats/fb49573987034a9b83c183f78c0a552e/.cache/python/lib/python3.10/site-packages/sqlalchemy/dialects/postgresql/asyncpg.py", line 585, in execute
    self._adapt_connection.await_(
  File "/data/chats/fb49573987034a9b83c183f78c0a552e/.cache/python/lib/python3.10/site-packages/sqlalchemy/util/_concurrency_py3k.py", line 132, in await_only
    return current.parent.switch(awaitable)  # type: ignore[no-any-return,attr-defined] # noqa: E501
  File "/data/chats/fb49573987034a9b83c183f78c0a552e/.cache/python/lib/python3.10/site-packages/sqlalchemy/util/_concurrency_py3k.py", line 196, in greenlet_spawn
    value = await result
  File "/data/chats/fb49573987034a9b83c183f78c0a552e/.cache/python/lib/python3.10/site-packages/sqlalchemy/dialects/postgresql/asyncpg.py", line 563, in _prepare_and_execute
    self._handle_exception(error)
  File "/data/chats/fb49573987034a9b83c183f78c0a552e/.cache/python/lib/python3.10/site-packages/sqlalchemy/dialects/postgresql/asyncpg.py", line 513, in _handle_exception
    self._adapt_connection._handle_exception(error)
  File "/data/chats/fb49573987034a9b83c183f78c0a552e/.cache/python/lib/python3.10/site-packages/sqlalchemy/dialects/postgresql/asyncpg.py", line 797, in _handle_exception
    raise translated_error from error
sqlalchemy.exc.ProgrammingError: (sqlalchemy.dialects.postgresql.asyncpg.ProgrammingError) <class 'asyncpg.exceptions.UndefinedColumnError'>: column news.status does not exist
[SQL: SELECT news.id, news.title, news.content, news.short_description, news.category, news.image_url, news.gallery_images, news.youtube_url, news.published, news.status, news.created_at 
FROM news 
WHERE news.published = true ORDER BY news.created_at DESC 
 LIMIT $1::INTEGER OFFSET $2::INTEGER]
[parameters: (5, 0)]
(Background on this error at: https://sqlalche.me/e/20/f405)

During handling of the above exception, another exception occurred:

Traceback (most recent call last):
  File "/workspace/app/backend/core/database.py", line 534, in get_db
    yield session
  File "/data/chats/fb49573987034a9b83c183f78c0a552e/.cache/python/lib/python3.10/site-packages/fastapi/routing.py", line 116, in app
    response = await f(request)
  File "/data/chats/fb49573987034a9b83c183f78c0a552e/.cache/python/lib/python3.10/site-packages/fastapi/routing.py", line 670, in app
    raw_response = await run_endpoint_function(
  File "/data/chats/fb49573987034a9b83c183f78c0a552e/.cache/python/lib/python3.10/site-packages/fastapi/routing.py", line 324, in run_endpoint_function
    return await dependant.call(**values)
  File "/workspace/app/backend/routers/news.py", line 137, in query_newss
    raise HTTPException(status_code=500, detail=f"Internal server error: {str(e)}")
fastapi.exceptions.HTTPException: 500: Internal server error: (sqlalchemy.dialects.postgresql.asyncpg.ProgrammingError) <class 'asyncpg.exceptions.UndefinedColumnError'>: column news.status does not exist
[SQL: SELECT news.id, news.title, news.content, news.short_description, news.category, news.image_url, news.gallery_images, news.youtube_url, news.published, news.status, news.created_at 
FROM news 
WHERE news.published = true ORDER BY news.created_at DESC 
 LIMIT $1::INTEGER OFFSET $2::INTEGER]
[parameters: (5, 0)]
(Background on this error at: https://sqlalche.me/e/20/f405)
2026-03-18 07:46:21,670 - core.database - DEBUG - [DB_OP] Database session cleanup after 1.5483s
2026-03-18 07:46:21,671 - routers.questions - DEBUG - Found 11 questionss
2026-03-18 07:46:21,672 - core.database - DEBUG - [DB_OP] Database session cleanup after 1.5318s
2026-03-18 07:46:21,673 - routers.complaints - DEBUG - Found 11 complaintss
2026-03-18 07:46:21,673 - core.database - DEBUG - [DB_OP] Database session cleanup after 1.5589s
2026-03-18 07:46:21,674 - routers.directory_entries - DEBUG - Found 14 directory_entriess
2026-03-18 07:46:21,676 - core.database - DEBUG - [DB_OP] Database session cleanup after 1.5461s
2026-03-18 07:46:21,677 - routers.master_requests - DEBUG - Found 11 master_requestss
2026-03-18 07:46:21,678 - core.database - DEBUG - [DB_OP] Database session cleanup after 1.5874s
2026-03-18 07:46:21,678 - routers.banners - DEBUG - Found 2 bannerss
2026-03-18 07:46:21,679 - core.database - DEBUG - [DB_OP] Database session cleanup after 1.5973s
2026-03-18 07:46:21,680 - routers.jobs - DEBUG - Found 5 jobss
2026-03-18 07:46:21,681 - core.database - DEBUG - [DB_OP] Database session cleanup after 1.5762s
2026-03-18 07:46:21,742 - core.database - ERROR - Failed to create database session: 500: Internal server error: (sqlalchemy.dialects.postgresql.asyncpg.ProgrammingError) <class 'asyncpg.exceptions.UndefinedColumnError'>: column news.status does not exist
[SQL: SELECT news.id, news.title, news.content, news.short_description, news.category, news.image_url, news.gallery_images, news.youtube_url, news.published, news.status, news.created_at 
FROM news 
WHERE news.published = true ORDER BY news.created_at DESC 
 LIMIT $1::INTEGER OFFSET $2::INTEGER]
[parameters: (5, 0)]
(Background on this error at: https://sqlalche.me/e/20/f405)
Traceback (most recent call last):
  File "/data/chats/fb49573987034a9b83c183f78c0a552e/.cache/python/lib/python3.10/site-packages/sqlalchemy/dialects/postgresql/asyncpg.py", line 526, in _prepare_and_execute
    prepared_stmt, attributes = await adapt_connection._prepare(
  File "/data/chats/fb49573987034a9b83c183f78c0a552e/.cache/python/lib/python3.10/site-packages/sqlalchemy/dialects/postgresql/asyncpg.py", line 773, in _prepare
    prepared_stmt = await self._connection.prepare(
  File "/data/chats/fb49573987034a9b83c183f78c0a552e/.cache/python/lib/python3.10/site-packages/asyncpg/connection.py", line 638, in prepare
    return await self._prepare(
  File "/data/chats/fb49573987034a9b83c183f78c0a552e/.cache/python/lib/python3.10/site-packages/asyncpg/connection.py", line 657, in _prepare
    stmt = await self._get_statement(
  File "/data/chats/fb49573987034a9b83c183f78c0a552e/.cache/python/lib/python3.10/site-packages/asyncpg/connection.py", line 443, in _get_statement
    statement = await self._protocol.prepare(
  File "asyncpg/protocol/protocol.pyx", line 165, in prepare
asyncpg.exceptions.UndefinedColumnError: column news.status does not exist

The above exception was the direct cause of the following exception:

Traceback (most recent call last):
  File "/data/chats/fb49573987034a9b83c183f78c0a552e/.cache/python/lib/python3.10/site-packages/sqlalchemy/engine/base.py", line 1967, in _exec_single_context
    self.dialect.do_execute(
  File "/data/chats/fb49573987034a9b83c183f78c0a552e/.cache/python/lib/python3.10/site-packages/sqlalchemy/engine/default.py", line 952, in do_execute
    cursor.execute(statement, parameters)
  File "/data/chats/fb49573987034a9b83c183f78c0a552e/.cache/python/lib/python3.10/site-packages/sqlalchemy/dialects/postgresql/asyncpg.py", line 585, in execute
    self._adapt_connection.await_(
  File "/data/chats/fb49573987034a9b83c183f78c0a552e/.cache/python/lib/python3.10/site-packages/sqlalchemy/util/_concurrency_py3k.py", line 132, in await_only
    return current.parent.switch(awaitable)  # type: ignore[no-any-return,attr-defined] # noqa: E501
  File "/data/chats/fb49573987034a9b83c183f78c0a552e/.cache/python/lib/python3.10/site-packages/sqlalchemy/util/_concurrency_py3k.py", line 196, in greenlet_spawn
    value = await result
  File "/data/chats/fb49573987034a9b83c183f78c0a552e/.cache/python/lib/python3.10/site-packages/sqlalchemy/dialects/postgresql/asyncpg.py", line 563, in _prepare_and_execute
    self._handle_exception(error)
  File "/data/chats/fb49573987034a9b83c183f78c0a552e/.cache/python/lib/python3.10/site-packages/sqlalchemy/dialects/postgresql/asyncpg.py", line 513, in _handle_exception
    self._adapt_connection._handle_exception(error)
  File "/data/chats/fb49573987034a9b83c183f78c0a552e/.cache/python/lib/python3.10/site-packages/sqlalchemy/dialects/postgresql/asyncpg.py", line 797, in _handle_exception
    raise translated_error from error
sqlalchemy.dialects.postgresql.asyncpg.AsyncAdapt_asyncpg_dbapi.ProgrammingError: <class 'asyncpg.exceptions.UndefinedColumnError'>: column news.status does not exist

The above exception was the direct cause of the following exception:

Traceback (most recent call last):
  File "/workspace/app/backend/routers/news.py", line 125, in query_newss
    result = await service.get_list(
  File "/workspace/app/backend/services/news.py", line 75, in get_list
    result = await self.db.execute(query.offset(skip).limit(limit))
  File "/data/chats/fb49573987034a9b83c183f78c0a552e/.cache/python/lib/python3.10/site-packages/sqlalchemy/ext/asyncio/session.py", line 449, in execute
    result = await greenlet_spawn(
  File "/data/chats/fb49573987034a9b83c183f78c0a552e/.cache/python/lib/python3.10/site-packages/sqlalchemy/util/_concurrency_py3k.py", line 201, in greenlet_spawn
    result = context.throw(*sys.exc_info())
  File "/data/chats/fb49573987034a9b83c183f78c0a552e/.cache/python/lib/python3.10/site-packages/sqlalchemy/orm/session.py", line 2351, in execute
    return self._execute_internal(
  File "/data/chats/fb49573987034a9b83c183f78c0a552e/.cache/python/lib/python3.10/site-packages/sqlalchemy/orm/session.py", line 2249, in _execute_internal
    result: Result[Any] = compile_state_cls.orm_execute_statement(
  File "/data/chats/fb49573987034a9b83c183f78c0a552e/.cache/python/lib/python3.10/site-packages/sqlalchemy/orm/context.py", line 306, in orm_execute_statement
    result = conn.execute(
  File "/data/chats/fb49573987034a9b83c183f78c0a552e/.cache/python/lib/python3.10/site-packages/sqlalchemy/engine/base.py", line 1419, in execute
    return meth(
  File "/data/chats/fb49573987034a9b83c183f78c0a552e/.cache/python/lib/python3.10/site-packages/sqlalchemy/sql/elements.py", line 527, in _execute_on_connection
    return connection._execute_clauseelement(
  File "/data/chats/fb49573987034a9b83c183f78c0a552e/.cache/python/lib/python3.10/site-packages/sqlalchemy/engine/base.py", line 1641, in _execute_clauseelement
    ret = self._execute_context(
  File "/data/chats/fb49573987034a9b83c183f78c0a552e/.cache/python/lib/python3.10/site-packages/sqlalchemy/engine/base.py", line 1846, in _execute_context
    return self._exec_single_context(
  File "/data/chats/fb49573987034a9b83c183f78c0a552e/.cache/python/lib/python3.10/site-packages/sqlalchemy/engine/base.py", line 1986, in _exec_single_context
    self._handle_dbapi_exception(
  File "/data/chats/fb49573987034a9b83c183f78c0a552e/.cache/python/lib/python3.10/site-packages/sqlalchemy/engine/base.py", line 2363, in _handle_dbapi_exception
    raise sqlalchemy_exception.with_traceback(exc_info[2]) from e
  File "/data/chats/fb49573987034a9b83c183f78c0a552e/.cache/python/lib/python3.10/site-packages/sqlalchemy/engine/base.py", line 1967, in _exec_single_context
    self.dialect.do_execute(
  File "/data/chats/fb49573987034a9b83c183f78c0a552e/.cache/python/lib/python3.10/site-packages/sqlalchemy/engine/default.py", line 952, in do_execute
    cursor.execute(statement, parameters)
  File "/data/chats/fb49573987034a9b83c183f78c0a552e/.cache/python/lib/python3.10/site-packages/sqlalchemy/dialects/postgresql/asyncpg.py", line 585, in execute
    self._adapt_connection.await_(
  File "/data/chats/fb49573987034a9b83c183f78c0a552e/.cache/python/lib/python3.10/site-packages/sqlalchemy/util/_concurrency_py3k.py", line 132, in await_only
    return current.parent.switch(awaitable)  # type: ignore[no-any-return,attr-defined] # noqa: E501
  File "/data/chats/fb49573987034a9b83c183f78c0a552e/.cache/python/lib/python3.10/site-packages/sqlalchemy/util/_concurrency_py3k.py", line 196, in greenlet_spawn
    value = await result
  File "/data/chats/fb49573987034a9b83c183f78c0a552e/.cache/python/lib/python3.10/site-packages/sqlalchemy/dialects/postgresql/asyncpg.py", line 563, in _prepare_and_execute
    self._handle_exception(error)
  File "/data/chats/fb49573987034a9b83c183f78c0a552e/.cache/python/lib/python3.10/site-packages/sqlalchemy/dialects/postgresql/asyncpg.py", line 513, in _handle_exception
    self._adapt_connection._handle_exception(error)
  File "/data/chats/fb49573987034a9b83c183f78c0a552e/.cache/python/lib/python3.10/site-packages/sqlalchemy/dialects/postgresql/asyncpg.py", line 797, in _handle_exception
    raise translated_error from error
sqlalchemy.exc.ProgrammingError: (sqlalchemy.dialects.postgresql.asyncpg.ProgrammingError) <class 'asyncpg.exceptions.UndefinedColumnError'>: column news.status does not exist
[SQL: SELECT news.id, news.title, news.content, news.short_description, news.category, news.image_url, news.gallery_images, news.youtube_url, news.published, news.status, news.created_at 
FROM news 
WHERE news.published = true ORDER BY news.created_at DESC 
 LIMIT $1::INTEGER OFFSET $2::INTEGER]
[parameters: (5, 0)]
(Background on this error at: https://sqlalche.me/e/20/f405)

During handling of the above exception, another exception occurred:

Traceback (most recent call last):
  File "/workspace/app/backend/core/database.py", line 534, in get_db
    yield session
  File "/data/chats/fb49573987034a9b83c183f78c0a552e/.cache/python/lib/python3.10/site-packages/fastapi/routing.py", line 116, in app
    response = await f(request)
  File "/data/chats/fb49573987034a9b83c183f78c0a552e/.cache/python/lib/python3.10/site-packages/fastapi/routing.py", line 670, in app
    raw_response = await run_endpoint_function(
  File "/data/chats/fb49573987034a9b83c183f78c0a552e/.cache/python/lib/python3.10/site-packages/fastapi/routing.py", line 324, in run_endpoint_function
    return await dependant.call(**values)
  File "/workspace/app/backend/routers/news.py", line 137, in query_newss
    raise HTTPException(status_code=500, detail=f"Internal server error: {str(e)}")
fastapi.exceptions.HTTPException: 500: Internal server error: (sqlalchemy.dialects.postgresql.asyncpg.ProgrammingError) <class 'asyncpg.exceptions.UndefinedColumnError'>: column news.status does not exist
[SQL: SELECT news.id, news.title, news.content, news.short_description, news.category, news.image_url, news.gallery_images, news.youtube_url, news.published, news.status, news.created_at 
FROM news 
WHERE news.published = true ORDER BY news.created_at DESC 
 LIMIT $1::INTEGER OFFSET $2::INTEGER]
[parameters: (5, 0)]
(Background on this error at: https://sqlalche.me/e/20/f405)
2026-03-18 07:46:22,330 - core.database - INFO - Tables initialized successfully
2026-03-18 07:46:22,331 - core.database - DEBUG - [DB_OP] Create tables completed in 2.2563s
2026-03-18 07:46:22,394 - core.database - INFO - Lazy database initialization completed successfully
2026-03-18 07:46:22,395 - core.database - DEBUG - [DB_OP] Database session created successfully in 2.5544s
2026-03-18 07:46:22,395 - routers.categories - DEBUG - Querying categoriess: query=None, sort=sort_order, skip=0, limit=200, fields=None
2026-03-18 07:46:22,996 - routers.categories - DEBUG - Found 44 categoriess
2026-03-18 07:46:22,998 - core.database - DEBUG - [DB_OP] Database session cleanup after 3.1579s
2026-03-18 07:46:23,695 - core.database - DEBUG - [DB_OP] Starting get_db session creation
2026-03-18 07:46:23,695 - core.database - DEBUG - [DB_OP] Database session created successfully in 0.0006s
2026-03-18 07:46:23,696 - routers.news - DEBUG - Querying newss: query={"published":true}, sort=-created_at, skip=0, limit=5, fields=None
2026-03-18 07:46:24,175 - services.news - ERROR - Error fetching news list: (sqlalchemy.dialects.postgresql.asyncpg.ProgrammingError) <class 'asyncpg.exceptions.UndefinedColumnError'>: column news.status does not exist
[SQL: SELECT news.id, news.title, news.content, news.short_description, news.category, news.image_url, news.gallery_images, news.youtube_url, news.published, news.status, news.created_at 
FROM news 
WHERE news.published = true ORDER BY news.created_at DESC 
 LIMIT $1::INTEGER OFFSET $2::INTEGER]
[parameters: (5, 0)]
(Background on this error at: https://sqlalche.me/e/20/f405)
2026-03-18 07:46:24,176 - routers.news - ERROR - Error querying newss: (sqlalchemy.dialects.postgresql.asyncpg.ProgrammingError) <class 'asyncpg.exceptions.UndefinedColumnError'>: column news.status does not exist
[SQL: SELECT news.id, news.title, news.content, news.short_description, news.category, news.image_url, news.gallery_images, news.youtube_url, news.published, news.status, news.created_at 
FROM news 
WHERE news.published = true ORDER BY news.created_at DESC 
 LIMIT $1::INTEGER OFFSET $2::INTEGER]
[parameters: (5, 0)]
(Background on this error at: https://sqlalche.me/e/20/f405)
Traceback (most recent call last):
  File "/data/chats/fb49573987034a9b83c183f78c0a552e/.cache/python/lib/python3.10/site-packages/sqlalchemy/dialects/postgresql/asyncpg.py", line 526, in _prepare_and_execute
    prepared_stmt, attributes = await adapt_connection._prepare(
  File "/data/chats/fb49573987034a9b83c183f78c0a552e/.cache/python/lib/python3.10/site-packages/sqlalchemy/dialects/postgresql/asyncpg.py", line 773, in _prepare
    prepared_stmt = await self._connection.prepare(
  File "/data/chats/fb49573987034a9b83c183f78c0a552e/.cache/python/lib/python3.10/site-packages/asyncpg/connection.py", line 638, in prepare
    return await self._prepare(
  File "/data/chats/fb49573987034a9b83c183f78c0a552e/.cache/python/lib/python3.10/site-packages/asyncpg/connection.py", line 657, in _prepare
    stmt = await self._get_statement(
  File "/data/chats/fb49573987034a9b83c183f78c0a552e/.cache/python/lib/python3.10/site-packages/asyncpg/connection.py", line 443, in _get_statement
    statement = await self._protocol.prepare(
  File "asyncpg/protocol/protocol.pyx", line 165, in prepare
asyncpg.exceptions.UndefinedColumnError: column news.status does not exist

The above exception was the direct cause of the following exception:

Traceback (most recent call last):
  File "/data/chats/fb49573987034a9b83c183f78c0a552e/.cache/python/lib/python3.10/site-packages/sqlalchemy/engine/base.py", line 1967, in _exec_single_context
    self.dialect.do_execute(
  File "/data/chats/fb49573987034a9b83c183f78c0a552e/.cache/python/lib/python3.10/site-packages/sqlalchemy/engine/default.py", line 952, in do_execute
    cursor.execute(statement, parameters)
  File "/data/chats/fb49573987034a9b83c183f78c0a552e/.cache/python/lib/python3.10/site-packages/sqlalchemy/dialects/postgresql/asyncpg.py", line 585, in execute
    self._adapt_connection.await_(
  File "/data/chats/fb49573987034a9b83c183f78c0a552e/.cache/python/lib/python3.10/site-packages/sqlalchemy/util/_concurrency_py3k.py", line 132, in await_only
    return current.parent.switch(awaitable)  # type: ignore[no-any-return,attr-defined] # noqa: E501
  File "/data/chats/fb49573987034a9b83c183f78c0a552e/.cache/python/lib/python3.10/site-packages/sqlalchemy/util/_concurrency_py3k.py", line 196, in greenlet_spawn
    value = await result
  File "/data/chats/fb49573987034a9b83c183f78c0a552e/.cache/python/lib/python3.10/site-packages/sqlalchemy/dialects/postgresql/asyncpg.py", line 563, in _prepare_and_execute
    self._handle_exception(error)
  File "/data/chats/fb49573987034a9b83c183f78c0a552e/.cache/python/lib/python3.10/site-packages/sqlalchemy/dialects/postgresql/asyncpg.py", line 513, in _handle_exception
    self._adapt_connection._handle_exception(error)
  File "/data/chats/fb49573987034a9b83c183f78c0a552e/.cache/python/lib/python3.10/site-packages/sqlalchemy/dialects/postgresql/asyncpg.py", line 797, in _handle_exception
    raise translated_error from error
sqlalchemy.dialects.postgresql.asyncpg.AsyncAdapt_asyncpg_dbapi.ProgrammingError: <class 'asyncpg.exceptions.UndefinedColumnError'>: column news.status does not exist

The above exception was the direct cause of the following exception:

Traceback (most recent call last):
  File "/workspace/app/backend/routers/news.py", line 125, in query_newss
    result = await service.get_list(
  File "/workspace/app/backend/services/news.py", line 75, in get_list
    result = await self.db.execute(query.offset(skip).limit(limit))
  File "/data/chats/fb49573987034a9b83c183f78c0a552e/.cache/python/lib/python3.10/site-packages/sqlalchemy/ext/asyncio/session.py", line 449, in execute
    result = await greenlet_spawn(
  File "/data/chats/fb49573987034a9b83c183f78c0a552e/.cache/python/lib/python3.10/site-packages/sqlalchemy/util/_concurrency_py3k.py", line 201, in greenlet_spawn
    result = context.throw(*sys.exc_info())
  File "/data/chats/fb49573987034a9b83c183f78c0a552e/.cache/python/lib/python3.10/site-packages/sqlalchemy/orm/session.py", line 2351, in execute
    return self._execute_internal(
  File "/data/chats/fb49573987034a9b83c183f78c0a552e/.cache/python/lib/python3.10/site-packages/sqlalchemy/orm/session.py", line 2249, in _execute_internal
    result: Result[Any] = compile_state_cls.orm_execute_statement(
  File "/data/chats/fb49573987034a9b83c183f78c0a552e/.cache/python/lib/python3.10/site-packages/sqlalchemy/orm/context.py", line 306, in orm_execute_statement
    result = conn.execute(
  File "/data/chats/fb49573987034a9b83c183f78c0a552e/.cache/python/lib/python3.10/site-packages/sqlalchemy/engine/base.py", line 1419, in execute
    return meth(
  File "/data/chats/fb49573987034a9b83c183f78c0a552e/.cache/python/lib/python3.10/site-packages/sqlalchemy/sql/elements.py", line 527, in _execute_on_connection
    return connection._execute_clauseelement(
  File "/data/chats/fb49573987034a9b83c183f78c0a552e/.cache/python/lib/python3.10/site-packages/sqlalchemy/engine/base.py", line 1641, in _execute_clauseelement
    ret = self._execute_context(
  File "/data/chats/fb49573987034a9b83c183f78c0a552e/.cache/python/lib/python3.10/site-packages/sqlalchemy/engine/base.py", line 1846, in _execute_context
    return self._exec_single_context(
  File "/data/chats/fb49573987034a9b83c183f78c0a552e/.cache/python/lib/python3.10/site-packages/sqlalchemy/engine/base.py", line 1986, in _exec_single_context
    self._handle_dbapi_exception(
  File "/data/chats/fb49573987034a9b83c183f78c0a552e/.cache/python/lib/python3.10/site-packages/sqlalchemy/engine/base.py", line 2363, in _handle_dbapi_exception
    raise sqlalchemy_exception.with_traceback(exc_info[2]) from e
  File "/data/chats/fb49573987034a9b83c183f78c0a552e/.cache/python/lib/python3.10/site-packages/sqlalchemy/engine/base.py", line 1967, in _exec_single_context
    self.dialect.do_execute(
  File "/data/chats/fb49573987034a9b83c183f78c0a552e/.cache/python/lib/python3.10/site-packages/sqlalchemy/engine/default.py", line 952, in do_execute
    cursor.execute(statement, parameters)
  File "/data/chats/fb49573987034a9b83c183f78c0a552e/.cache/python/lib/python3.10/site-packages/sqlalchemy/dialects/postgresql/asyncpg.py", line 585, in execute
    self._adapt_connection.await_(
  File "/data/chats/fb49573987034a9b83c183f78c0a552e/.cache/python/lib/python3.10/site-packages/sqlalchemy/util/_concurrency_py3k.py", line 132, in await_only
    return current.parent.switch(awaitable)  # type: ignore[no-any-return,attr-defined] # noqa: E501
  File "/data/chats/fb49573987034a9b83c183f78c0a552e/.cache/python/lib/python3.10/site-packages/sqlalchemy/util/_concurrency_py3k.py", line 196, in greenlet_spawn
    value = await result
  File "/data/chats/fb49573987034a9b83c183f78c0a552e/.cache/python/lib/python3.10/site-packages/sqlalchemy/dialects/postgresql/asyncpg.py", line 563, in _prepare_and_execute
    self._handle_exception(error)
  File "/data/chats/fb49573987034a9b83c183f78c0a552e/.cache/python/lib/python3.10/site-packages/sqlalchemy/dialects/postgresql/asyncpg.py", line 513, in _handle_exception
    self._adapt_connection._handle_exception(error)
  File "/data/chats/fb49573987034a9b83c183f78c0a552e/.cache/python/lib/python3.10/site-packages/sqlalchemy/dialects/postgresql/asyncpg.py", line 797, in _handle_exception
    raise translated_error from error
sqlalchemy.exc.ProgrammingError: (sqlalchemy.dialects.postgresql.asyncpg.ProgrammingError) <class 'asyncpg.exceptions.UndefinedColumnError'>: column news.status does not exist
[SQL: SELECT news.id, news.title, news.content, news.short_description, news.category, news.image_url, news.gallery_images, news.youtube_url, news.published, news.status, news.created_at 
FROM news 
WHERE news.published = true ORDER BY news.created_at DESC 
 LIMIT $1::INTEGER OFFSET $2::INTEGER]
[parameters: (5, 0)]
(Background on this error at: https://sqlalche.me/e/20/f405)
2026-03-18 07:46:24,180 - core.database - ERROR - Database session error: 500: Internal server error: (sqlalchemy.dialects.postgresql.asyncpg.ProgrammingError) <class 'asyncpg.exceptions.UndefinedColumnError'>: column news.status does not exist
[SQL: SELECT news.id, news.title, news.content, news.short_description, news.category, news.image_url, news.gallery_images, news.youtube_url, news.published, news.status, news.created_at 
FROM news 
WHERE news.published = true ORDER BY news.created_at DESC 
 LIMIT $1::INTEGER OFFSET $2::INTEGER]
[parameters: (5, 0)]
(Background on this error at: https://sqlalche.me/e/20/f405)
Traceback (most recent call last):
  File "/data/chats/fb49573987034a9b83c183f78c0a552e/.cache/python/lib/python3.10/site-packages/sqlalchemy/dialects/postgresql/asyncpg.py", line 526, in _prepare_and_execute
    prepared_stmt, attributes = await adapt_connection._prepare(
  File "/data/chats/fb49573987034a9b83c183f78c0a552e/.cache/python/lib/python3.10/site-packages/sqlalchemy/dialects/postgresql/asyncpg.py", line 773, in _prepare
    prepared_stmt = await self._connection.prepare(
  File "/data/chats/fb49573987034a9b83c183f78c0a552e/.cache/python/lib/python3.10/site-packages/asyncpg/connection.py", line 638, in prepare
    return await self._prepare(
  File "/data/chats/fb49573987034a9b83c183f78c0a552e/.cache/python/lib/python3.10/site-packages/asyncpg/connection.py", line 657, in _prepare
    stmt = await self._get_statement(
  File "/data/chats/fb49573987034a9b83c183f78c0a552e/.cache/python/lib/python3.10/site-packages/asyncpg/connection.py", line 443, in _get_statement
    statement = await self._protocol.prepare(
  File "asyncpg/protocol/protocol.pyx", line 165, in prepare
asyncpg.exceptions.UndefinedColumnError: column news.status does not exist

The above exception was the direct cause of the following exception:

Traceback (most recent call last):
  File "/data/chats/fb49573987034a9b83c183f78c0a552e/.cache/python/lib/python3.10/site-packages/sqlalchemy/engine/base.py", line 1967, in _exec_single_context
    self.dialect.do_execute(
  File "/data/chats/fb49573987034a9b83c183f78c0a552e/.cache/python/lib/python3.10/site-packages/sqlalchemy/engine/default.py", line 952, in do_execute
    cursor.execute(statement, parameters)
  File "/data/chats/fb49573987034a9b83c183f78c0a552e/.cache/python/lib/python3.10/site-packages/sqlalchemy/dialects/postgresql/asyncpg.py", line 585, in execute
    self._adapt_connection.await_(
  File "/data/chats/fb49573987034a9b83c183f78c0a552e/.cache/python/lib/python3.10/site-packages/sqlalchemy/util/_concurrency_py3k.py", line 132, in await_only
    return current.parent.switch(awaitable)  # type: ignore[no-any-return,attr-defined] # noqa: E501
  File "/data/chats/fb49573987034a9b83c183f78c0a552e/.cache/python/lib/python3.10/site-packages/sqlalchemy/util/_concurrency_py3k.py", line 196, in greenlet_spawn
    value = await result
  File "/data/chats/fb49573987034a9b83c183f78c0a552e/.cache/python/lib/python3.10/site-packages/sqlalchemy/dialects/postgresql/asyncpg.py", line 563, in _prepare_and_execute
    self._handle_exception(error)
  File "/data/chats/fb49573987034a9b83c183f78c0a552e/.cache/python/lib/python3.10/site-packages/sqlalchemy/dialects/postgresql/asyncpg.py", line 513, in _handle_exception
    self._adapt_connection._handle_exception(error)
  File "/data/chats/fb49573987034a9b83c183f78c0a552e/.cache/python/lib/python3.10/site-packages/sqlalchemy/dialects/postgresql/asyncpg.py", line 797, in _handle_exception
    raise translated_error from error
sqlalchemy.dialects.postgresql.asyncpg.AsyncAdapt_asyncpg_dbapi.ProgrammingError: <class 'asyncpg.exceptions.UndefinedColumnError'>: column news.status does not exist

The above exception was the direct cause of the following exception:

Traceback (most recent call last):
  File "/workspace/app/backend/routers/news.py", line 125, in query_newss
    result = await service.get_list(
  File "/workspace/app/backend/services/news.py", line 75, in get_list
    result = await self.db.execute(query.offset(skip).limit(limit))
  File "/data/chats/fb49573987034a9b83c183f78c0a552e/.cache/python/lib/python3.10/site-packages/sqlalchemy/ext/asyncio/session.py", line 449, in execute
    result = await greenlet_spawn(
  File "/data/chats/fb49573987034a9b83c183f78c0a552e/.cache/python/lib/python3.10/site-packages/sqlalchemy/util/_concurrency_py3k.py", line 201, in greenlet_spawn
    result = context.throw(*sys.exc_info())
  File "/data/chats/fb49573987034a9b83c183f78c0a552e/.cache/python/lib/python3.10/site-packages/sqlalchemy/orm/session.py", line 2351, in execute
    return self._execute_internal(
  File "/data/chats/fb49573987034a9b83c183f78c0a552e/.cache/python/lib/python3.10/site-packages/sqlalchemy/orm/session.py", line 2249, in _execute_internal
    result: Result[Any] = compile_state_cls.orm_execute_statement(
  File "/data/chats/fb49573987034a9b83c183f78c0a552e/.cache/python/lib/python3.10/site-packages/sqlalchemy/orm/context.py", line 306, in orm_execute_statement
    result = conn.execute(
  File "/data/chats/fb49573987034a9b83c183f78c0a552e/.cache/python/lib/python3.10/site-packages/sqlalchemy/engine/base.py", line 1419, in execute
    return meth(
  File "/data/chats/fb49573987034a9b83c183f78c0a552e/.cache/python/lib/python3.10/site-packages/sqlalchemy/sql/elements.py", line 527, in _execute_on_connection
    return connection._execute_clauseelement(
  File "/data/chats/fb49573987034a9b83c183f78c0a552e/.cache/python/lib/python3.10/site-packages/sqlalchemy/engine/base.py", line 1641, in _execute_clauseelement
    ret = self._execute_context(
  File "/data/chats/fb49573987034a9b83c183f78c0a552e/.cache/python/lib/python3.10/site-packages/sqlalchemy/engine/base.py", line 1846, in _execute_context
    return self._exec_single_context(
  File "/data/chats/fb49573987034a9b83c183f78c0a552e/.cache/python/lib/python3.10/site-packages/sqlalchemy/engine/base.py", line 1986, in _exec_single_context
    self._handle_dbapi_exception(
  File "/data/chats/fb49573987034a9b83c183f78c0a552e/.cache/python/lib/python3.10/site-packages/sqlalchemy/engine/base.py", line 2363, in _handle_dbapi_exception
    raise sqlalchemy_exception.with_traceback(exc_info[2]) from e
  File "/data/chats/fb49573987034a9b83c183f78c0a552e/.cache/python/lib/python3.10/site-packages/sqlalchemy/engine/base.py", line 1967, in _exec_single_context
    self.dialect.do_execute(
  File "/data/chats/fb49573987034a9b83c183f78c0a552e/.cache/python/lib/python3.10/site-packages/sqlalchemy/engine/default.py", line 952, in do_execute
    cursor.execute(statement, parameters)
  File "/data/chats/fb49573987034a9b83c183f78c0a552e/.cache/python/lib/python3.10/site-packages/sqlalchemy/dialects/postgresql/asyncpg.py", line 585, in execute
    self._adapt_connection.await_(
  File "/data/chats/fb49573987034a9b83c183f78c0a552e/.cache/python/lib/python3.10/site-packages/sqlalchemy/util/_concurrency_py3k.py", line 132, in await_only
    return current.parent.switch(awaitable)  # type: ignore[no-any-return,attr-defined] # noqa: E501
  File "/data/chats/fb49573987034a9b83c183f78c0a552e/.cache/python/lib/python3.10/site-packages/sqlalchemy/util/_concurrency_py3k.py", line 196, in greenlet_spawn
    value = await result
  File "/data/chats/fb49573987034a9b83c183f78c0a552e/.cache/python/lib/python3.10/site-packages/sqlalchemy/dialects/postgresql/asyncpg.py", line 563, in _prepare_and_execute
    self._handle_exception(error)
  File "/data/chats/fb49573987034a9b83c183f78c0a552e/.cache/python/lib/python3.10/site-packages/sqlalchemy/dialects/postgresql/asyncpg.py", line 513, in _handle_exception
    self._adapt_connection._handle_exception(error)
  File "/data/chats/fb49573987034a9b83c183f78c0a552e/.cache/python/lib/python3.10/site-packages/sqlalchemy/dialects/postgresql/asyncpg.py", line 797, in _handle_exception
    raise translated_error from error
sqlalchemy.exc.ProgrammingError: (sqlalchemy.dialects.postgresql.asyncpg.ProgrammingError) <class 'asyncpg.exceptions.UndefinedColumnError'>: column news.status does not exist
[SQL: SELECT news.id, news.title, news.content, news.short_description, news.category, news.image_url, news.gallery_images, news.youtube_url, news.published, news.status, news.created_at 
FROM news 
WHERE news.published = true ORDER BY news.created_at DESC 
 LIMIT $1::INTEGER OFFSET $2::INTEGER]
[parameters: (5, 0)]
(Background on this error at: https://sqlalche.me/e/20/f405)

During handling of the above exception, another exception occurred:

Traceback (most recent call last):
  File "/workspace/app/backend/core/database.py", line 534, in get_db
    yield session
  File "/data/chats/fb49573987034a9b83c183f78c0a552e/.cache/python/lib/python3.10/site-packages/fastapi/routing.py", line 116, in app
    response = await f(request)
  File "/data/chats/fb49573987034a9b83c183f78c0a552e/.cache/python/lib/python3.10/site-packages/fastapi/routing.py", line 670, in app
    raw_response = await run_endpoint_function(
  File "/data/chats/fb49573987034a9b83c183f78c0a552e/.cache/python/lib/python3.10/site-packages/fastapi/routing.py", line 324, in run_endpoint_function
    return await dependant.call(**values)
  File "/workspace/app/backend/routers/news.py", line 137, in query_newss
    raise HTTPException(status_code=500, detail=f"Internal server error: {str(e)}")
fastapi.exceptions.HTTPException: 500: Internal server error: (sqlalchemy.dialects.postgresql.asyncpg.ProgrammingError) <class 'asyncpg.exceptions.UndefinedColumnError'>: column news.status does not exist
[SQL: SELECT news.id, news.title, news.content, news.short_description, news.category, news.image_url, news.gallery_images, news.youtube_url, news.published, news.status, news.created_at 
FROM news 
WHERE news.published = true ORDER BY news.created_at DESC 
 LIMIT $1::INTEGER OFFSET $2::INTEGER]
[parameters: (5, 0)]
(Background on this error at: https://sqlalche.me/e/20/f405)
2026-03-18 07:46:24,181 - core.database - DEBUG - [DB_OP] Database session cleanup after 0.4865s
2026-03-18 07:46:24,242 - core.database - ERROR - Failed to create database session: 500: Internal server error: (sqlalchemy.dialects.postgresql.asyncpg.ProgrammingError) <class 'asyncpg.exceptions.UndefinedColumnError'>: column news.status does not exist
[SQL: SELECT news.id, news.title, news.content, news.short_description, news.category, news.image_url, news.gallery_images, news.youtube_url, news.published, news.status, news.created_at 
FROM news 
WHERE news.published = true ORDER BY news.created_at DESC 
 LIMIT $1::INTEGER OFFSET $2::INTEGER]
[parameters: (5, 0)]
(Background on this error at: https://sqlalche.me/e/20/f405)
Traceback (most recent call last):
  File "/data/chats/fb49573987034a9b83c183f78c0a552e/.cache/python/lib/python3.10/site-packages/sqlalchemy/dialects/postgresql/asyncpg.py", line 526, in _prepare_and_execute
    prepared_stmt, attributes = await adapt_connection._prepare(
  File "/data/chats/fb49573987034a9b83c183f78c0a552e/.cache/python/lib/python3.10/site-packages/sqlalchemy/dialects/postgresql/asyncpg.py", line 773, in _prepare
    prepared_stmt = await self._connection.prepare(
  File "/data/chats/fb49573987034a9b83c183f78c0a552e/.cache/python/lib/python3.10/site-packages/asyncpg/connection.py", line 638, in prepare
    return await self._prepare(
  File "/data/chats/fb49573987034a9b83c183f78c0a552e/.cache/python/lib/python3.10/site-packages/asyncpg/connection.py", line 657, in _prepare
    stmt = await self._get_statement(
  File "/data/chats/fb49573987034a9b83c183f78c0a552e/.cache/python/lib/python3.10/site-packages/asyncpg/connection.py", line 443, in _get_statement
    statement = await self._protocol.prepare(
  File "asyncpg/protocol/protocol.pyx", line 165, in prepare
asyncpg.exceptions.UndefinedColumnError: column news.status does not exist

The above exception was the direct cause of the following exception:

Traceback (most recent call last):
  File "/data/chats/fb49573987034a9b83c183f78c0a552e/.cache/python/lib/python3.10/site-packages/sqlalchemy/engine/base.py", line 1967, in _exec_single_context
    self.dialect.do_execute(
  File "/data/chats/fb49573987034a9b83c183f78c0a552e/.cache/python/lib/python3.10/site-packages/sqlalchemy/engine/default.py", line 952, in do_execute
    cursor.execute(statement, parameters)
  File "/data/chats/fb49573987034a9b83c183f78c0a552e/.cache/python/lib/python3.10/site-packages/sqlalchemy/dialects/postgresql/asyncpg.py", line 585, in execute
    self._adapt_connection.await_(
  File "/data/chats/fb49573987034a9b83c183f78c0a552e/.cache/python/lib/python3.10/site-packages/sqlalchemy/util/_concurrency_py3k.py", line 132, in await_only
    return current.parent.switch(awaitable)  # type: ignore[no-any-return,attr-defined] # noqa: E501
  File "/data/chats/fb49573987034a9b83c183f78c0a552e/.cache/python/lib/python3.10/site-packages/sqlalchemy/util/_concurrency_py3k.py", line 196, in greenlet_spawn
    value = await result
  File "/data/chats/fb49573987034a9b83c183f78c0a552e/.cache/python/lib/python3.10/site-packages/sqlalchemy/dialects/postgresql/asyncpg.py", line 563, in _prepare_and_execute
    self._handle_exception(error)
  File "/data/chats/fb49573987034a9b83c183f78c0a552e/.cache/python/lib/python3.10/site-packages/sqlalchemy/dialects/postgresql/asyncpg.py", line 513, in _handle_exception
    self._adapt_connection._handle_exception(error)
  File "/data/chats/fb49573987034a9b83c183f78c0a552e/.cache/python/lib/python3.10/site-packages/sqlalchemy/dialects/postgresql/asyncpg.py", line 797, in _handle_exception
    raise translated_error from error
sqlalchemy.dialects.postgresql.asyncpg.AsyncAdapt_asyncpg_dbapi.ProgrammingError: <class 'asyncpg.exceptions.UndefinedColumnError'>: column news.status does not exist

The above exception was the direct cause of the following exception:

Traceback (most recent call last):
  File "/workspace/app/backend/routers/news.py", line 125, in query_newss
    result = await service.get_list(
  File "/workspace/app/backend/services/news.py", line 75, in get_list
    result = await self.db.execute(query.offset(skip).limit(limit))
  File "/data/chats/fb49573987034a9b83c183f78c0a552e/.cache/python/lib/python3.10/site-packages/sqlalchemy/ext/asyncio/session.py", line 449, in execute
    result = await greenlet_spawn(
  File "/data/chats/fb49573987034a9b83c183f78c0a552e/.cache/python/lib/python3.10/site-packages/sqlalchemy/util/_concurrency_py3k.py", line 201, in greenlet_spawn
    result = context.throw(*sys.exc_info())
  File "/data/chats/fb49573987034a9b83c183f78c0a552e/.cache/python/lib/python3.10/site-packages/sqlalchemy/orm/session.py", line 2351, in execute
    return self._execute_internal(
  File "/data/chats/fb49573987034a9b83c183f78c0a552e/.cache/python/lib/python3.10/site-packages/sqlalchemy/orm/session.py", line 2249, in _execute_internal
    result: Result[Any] = compile_state_cls.orm_execute_statement(
  File "/data/chats/fb49573987034a9b83c183f78c0a552e/.cache/python/lib/python3.10/site-packages/sqlalchemy/orm/context.py", line 306, in orm_execute_statement
    result = conn.execute(
  File "/data/chats/fb49573987034a9b83c183f78c0a552e/.cache/python/lib/python3.10/site-packages/sqlalchemy/engine/base.py", line 1419, in execute
    return meth(
  File "/data/chats/fb49573987034a9b83c183f78c0a552e/.cache/python/lib/python3.10/site-packages/sqlalchemy/sql/elements.py", line 527, in _execute_on_connection
    return connection._execute_clauseelement(
  File "/data/chats/fb49573987034a9b83c183f78c0a552e/.cache/python/lib/python3.10/site-packages/sqlalchemy/engine/base.py", line 1641, in _execute_clauseelement
    ret = self._execute_context(
  File "/data/chats/fb49573987034a9b83c183f78c0a552e/.cache/python/lib/python3.10/site-packages/sqlalchemy/engine/base.py", line 1846, in _execute_context
    return self._exec_single_context(
  File "/data/chats/fb49573987034a9b83c183f78c0a552e/.cache/python/lib/python3.10/site-packages/sqlalchemy/engine/base.py", line 1986, in _exec_single_context
    self._handle_dbapi_exception(
  File "/data/chats/fb49573987034a9b83c183f78c0a552e/.cache/python/lib/python3.10/site-packages/sqlalchemy/engine/base.py", line 2363, in _handle_dbapi_exception
    raise sqlalchemy_exception.with_traceback(exc_info[2]) from e
  File "/data/chats/fb49573987034a9b83c183f78c0a552e/.cache/python/lib/python3.10/site-packages/sqlalchemy/engine/base.py", line 1967, in _exec_single_context
    self.dialect.do_execute(
  File "/data/chats/fb49573987034a9b83c183f78c0a552e/.cache/python/lib/python3.10/site-packages/sqlalchemy/engine/default.py", line 952, in do_execute
    cursor.execute(statement, parameters)
  File "/data/chats/fb49573987034a9b83c183f78c0a552e/.cache/python/lib/python3.10/site-packages/sqlalchemy/dialects/postgresql/asyncpg.py", line 585, in execute
    self._adapt_connection.await_(
  File "/data/chats/fb49573987034a9b83c183f78c0a552e/.cache/python/lib/python3.10/site-packages/sqlalchemy/util/_concurrency_py3k.py", line 132, in await_only
    return current.parent.switch(awaitable)  # type: ignore[no-any-return,attr-defined] # noqa: E501
  File "/data/chats/fb49573987034a9b83c183f78c0a552e/.cache/python/lib/python3.10/site-packages/sqlalchemy/util/_concurrency_py3k.py", line 196, in greenlet_spawn
    value = await result
  File "/data/chats/fb49573987034a9b83c183f78c0a552e/.cache/python/lib/python3.10/site-packages/sqlalchemy/dialects/postgresql/asyncpg.py", line 563, in _prepare_and_execute
    self._handle_exception(error)
  File "/data/chats/fb49573987034a9b83c183f78c0a552e/.cache/python/lib/python3.10/site-packages/sqlalchemy/dialects/postgresql/asyncpg.py", line 513, in _handle_exception
    self._adapt_connection._handle_exception(error)
  File "/data/chats/fb49573987034a9b83c183f78c0a552e/.cache/python/lib/python3.10/site-packages/sqlalchemy/dialects/postgresql/asyncpg.py", line 797, in _handle_exception
    raise translated_error from error
sqlalchemy.exc.ProgrammingError: (sqlalchemy.dialects.postgresql.asyncpg.ProgrammingError) <class 'asyncpg.exceptions.UndefinedColumnError'>: column news.status does not exist
[SQL: SELECT news.id, news.title, news.content, news.short_description, news.category, news.image_url, news.gallery_images, news.youtube_url, news.published, news.status, news.created_at 
FROM news 
WHERE news.published = true ORDER BY news.created_at DESC 
 LIMIT $1::INTEGER OFFSET $2::INTEGER]
[parameters: (5, 0)]
(Background on this error at: https://sqlalche.me/e/20/f405)

During handling of the above exception, another exception occurred:

Traceback (most recent call last):
  File "/workspace/app/backend/core/database.py", line 534, in get_db
    yield session
  File "/data/chats/fb49573987034a9b83c183f78c0a552e/.cache/python/lib/python3.10/site-packages/fastapi/routing.py", line 116, in app
    response = await f(request)
  File "/data/chats/fb49573987034a9b83c183f78c0a552e/.cache/python/lib/python3.10/site-packages/fastapi/routing.py", line 670, in app
    raw_response = await run_endpoint_function(
  File "/data/chats/fb49573987034a9b83c183f78c0a552e/.cache/python/lib/python3.10/site-packages/fastapi/routing.py", line 324, in run_endpoint_function
    return await dependant.call(**values)
  File "/workspace/app/backend/routers/news.py", line 137, in query_newss
    raise HTTPException(status_code=500, detail=f"Internal server error: {str(e)}")
fastapi.exceptions.HTTPException: 500: Internal server error: (sqlalchemy.dialects.postgresql.asyncpg.ProgrammingError) <class 'asyncpg.exceptions.UndefinedColumnError'>: column news.status does not exist
[SQL: SELECT news.id, news.title, news.content, news.short_description, news.category, news.image_url, news.gallery_images, news.youtube_url, news.published, news.status, news.created_at 
FROM news 
WHERE news.published = true ORDER BY news.created_at DESC 
 LIMIT $1::INTEGER OFFSET $2::INTEGER]
[parameters: (5, 0)]
(Background on this error at: https://sqlalche.me/e/20/f405)
2026-03-18 07:46:26,025 - services.database - DEBUG - [DB_OP] Starting database close
2026-03-18 07:46:26,617 - core.database - INFO - Database connection closed and engine disposed
2026-03-18 07:46:26,617 - services.database - INFO - Database connections closed
2026-03-18 07:46:26,617 - services.database - DEBUG - [DB_OP] Database close completed in 0.5925s
