2026-04-10 07:09:05,705 - main - INFO - === Logging system initialized ===
2026-04-10 07:09:05,705 - main - INFO - Log file: logs/app_20260410_070905.log
2026-04-10 07:09:05,710 - main - INFO - Log level: INFO
2026-04-10 07:09:05,710 - main - INFO - Timestamp: 20260410_070905
2026-04-10 07:09:05,720 - main - INFO - Included router: routers.admin_auth.router
2026-04-10 07:09:06,676 - main - INFO - Included router: routers.aihub.router
2026-04-10 07:09:06,748 - main - INFO - Included router: routers.announcements.router
2026-04-10 07:09:06,776 - main - INFO - Included router: routers.auth.router
2026-04-10 07:09:06,904 - main - INFO - Included router: routers.banners.router
2026-04-10 07:09:06,953 - main - INFO - Included router: routers.become_master_requests.router
2026-04-10 07:09:06,998 - main - INFO - Included router: routers.bus_notifications.router
2026-04-10 07:09:07,087 - main - INFO - Included router: routers.bus_routes.router
2026-04-10 07:09:07,135 - main - INFO - Included router: routers.bus_stops.router
2026-04-10 07:09:07,196 - main - INFO - Included router: routers.categories.router
2026-04-10 07:09:07,253 - main - INFO - Included router: routers.complaints.router
2026-04-10 07:09:07,305 - main - INFO - Included router: routers.couriers.router
2026-04-10 07:09:07,312 - main - INFO - Included router: routers.debug_schema.router
2026-04-10 07:09:07,361 - main - INFO - Included router: routers.directory_entries.router
2026-04-10 07:09:07,415 - main - INFO - Included router: routers.food_categories.router
2026-04-10 07:09:07,464 - main - INFO - Included router: routers.food_item_modifiers.router
2026-04-10 07:09:07,514 - main - INFO - Included router: routers.food_items.router
2026-04-10 07:09:07,563 - main - INFO - Included router: routers.food_modifiers.router
2026-04-10 07:09:07,728 - main - INFO - Included router: routers.food_orders.router
2026-04-10 07:09:07,782 - main - INFO - Included router: routers.food_settings.router
2026-04-10 07:09:07,829 - main - INFO - Included router: routers.frontpad.router
2026-04-10 07:09:07,873 - main - INFO - Included router: routers.frontpad_settings.router
2026-04-10 07:09:07,929 - main - INFO - Included router: routers.frontpad_sync_log.router
2026-04-10 07:09:07,933 - main - INFO - Included router: routers.health.router
2026-04-10 07:09:07,972 - main - INFO - Included router: routers.health_check.router
2026-04-10 07:09:08,086 - main - INFO - Included router: routers.history_events.router
2026-04-10 07:09:08,139 - main - INFO - Included router: routers.homepage_stats.router
2026-04-10 07:09:08,200 - main - INFO - Included router: routers.inspectors.router
2026-04-10 07:09:08,254 - main - INFO - Included router: routers.item_modifier_groups.router
2026-04-10 07:09:08,313 - main - INFO - Included router: routers.jobs.router
2026-04-10 07:09:08,367 - main - INFO - Included router: routers.master_requests.router
2026-04-10 07:09:08,427 - main - INFO - Included router: routers.masters.router
2026-04-10 07:09:08,679 - main - INFO - Included router: routers.modifier_groups.router
2026-04-10 07:09:08,723 - main - INFO - Included router: routers.modifier_options.router
2026-04-10 07:09:08,780 - main - INFO - Included router: routers.news.router
2026-04-10 07:09:08,846 - main - INFO - Included router: routers.park_orders.router
2026-04-10 07:09:08,919 - main - INFO - Included router: routers.park_points.router
2026-04-10 07:09:08,962 - main - INFO - Included router: routers.question_answers.router
2026-04-10 07:09:09,004 - main - INFO - Included router: routers.questions.router
2026-04-10 07:09:09,101 - main - INFO - Included router: routers.real_estate.router
2026-04-10 07:09:09,124 - main - INFO - Included router: routers.settings.router
2026-04-10 07:09:09,156 - main - INFO - Included router: routers.storage.router
2026-04-10 07:09:09,180 - main - INFO - Included router: routers.telegram.router
2026-04-10 07:09:09,191 - main - INFO - Included router: routers.user.router
2026-04-10 07:09:09,246 - main - INFO - Included router: routers.user_preferences.router
2026-04-10 07:09:09,250 - main - INFO - Included router: routers.weather.router
2026-04-10 07:09:09,255 - main - INFO - === Application startup initiated ===
2026-04-10 07:09:09,255 - services.database - INFO - Ignore creating tables
2026-04-10 07:09:09,255 - services.mock_data - INFO - Ignore initialize data
2026-04-10 07:09:09,256 - services.auth - INFO - Ignore initialize admin
2026-04-10 07:09:09,256 - core.database - WARNING - Database not initialized, attempting lazy initialization...
2026-04-10 07:09:09,256 - core.database - INFO - Starting database initialization...
2026-04-10 07:09:09,256 - core.config - DEBUG - Read dynamic attribute database_url from environment variable DATABASE_URL
2026-04-10 07:09:09,257 - core.database - INFO - Database init attempt 1/5...
2026-04-10 07:09:09,258 - core.database - INFO - Normalized database URL (masked): postgresql+asyncpg://neondb_owner:***@ep-cool-wave-ad8598va.c-2.us-east-1.aws.neon.tech/neondb?ssl=require
2026-04-10 07:09:09,258 - core.database - INFO - Using QueuePool with connection pooling
2026-04-10 07:09:10,608 - core.database - INFO - Database connection initialized successfully
2026-04-10 07:09:10,611 - core.database - DEBUG - [DB_OP] Starting create_tables
2026-04-10 07:09:10,611 - core.database - INFO - 🔧 Table creation attempt 1/3...
2026-04-10 07:09:10,612 - core.database - INFO - 🔧 Starting table structure repair...
2026-04-10 07:09:11,175 - core.database - INFO - 🔧 Repairing 40 existing tables...
2026-04-10 07:09:11,176 - core.database - DEBUG - Checking table structure for: users
2026-04-10 07:09:11,176 - core.database - DEBUG - Checking table structure for: oidc_states
2026-04-10 07:09:11,177 - core.database - DEBUG - Checking table structure for: admin_credentials
2026-04-10 07:09:11,178 - core.database - DEBUG - Checking table structure for: admin_login_attempts
2026-04-10 07:09:11,179 - core.database - DEBUG - Checking table structure for: admin_login_lockouts
2026-04-10 07:09:11,180 - core.database - DEBUG - Checking table structure for: announcements
2026-04-10 07:09:11,181 - core.database - DEBUG - Checking table structure for: banners
2026-04-10 07:09:11,182 - core.database - DEBUG - Checking table structure for: become_master_requests
2026-04-10 07:09:11,183 - core.database - DEBUG - Checking table structure for: bus_notifications
2026-04-10 07:09:11,184 - core.database - DEBUG - Checking table structure for: bus_routes
2026-04-10 07:09:11,880 - core.database - DEBUG - Table users structure is up to date
2026-04-10 07:09:11,880 - core.database - INFO - Table users repaired in 0.70s
2026-04-10 07:09:11,880 - core.database - DEBUG - Checking table structure for: bus_stops
2026-04-10 07:09:11,995 - core.database - DEBUG - Table oidc_states structure is up to date
2026-04-10 07:09:11,996 - core.database - INFO - Table oidc_states repaired in 0.82s
2026-04-10 07:09:11,996 - core.database - DEBUG - Checking table structure for: categories
2026-04-10 07:09:12,069 - core.database - DEBUG - Table banners structure is up to date
2026-04-10 07:09:12,070 - core.database - INFO - Table banners repaired in 0.89s
2026-04-10 07:09:12,070 - core.database - DEBUG - Checking table structure for: complaints
2026-04-10 07:09:12,087 - core.database - DEBUG - Table bus_notifications structure is up to date
2026-04-10 07:09:12,087 - core.database - INFO - Table bus_notifications repaired in 0.90s
2026-04-10 07:09:12,087 - core.database - DEBUG - Checking table structure for: couriers
2026-04-10 07:09:12,092 - core.database - DEBUG - Table become_master_requests structure is up to date
2026-04-10 07:09:12,092 - core.database - INFO - Table become_master_requests repaired in 0.91s
2026-04-10 07:09:12,093 - core.database - DEBUG - Checking table structure for: directory_entries
2026-04-10 07:09:12,093 - core.database - DEBUG - Table admin_login_attempts structure is up to date
2026-04-10 07:09:12,093 - core.database - INFO - Table admin_login_attempts repaired in 0.91s
2026-04-10 07:09:12,094 - core.database - DEBUG - Checking table structure for: food_categories
2026-04-10 07:09:12,100 - core.database - DEBUG - Table announcements structure is up to date
2026-04-10 07:09:12,101 - core.database - INFO - Table announcements repaired in 0.92s
2026-04-10 07:09:12,101 - core.database - DEBUG - Checking table structure for: food_item_modifiers
2026-04-10 07:09:12,102 - core.database - DEBUG - Table bus_routes structure is up to date
2026-04-10 07:09:12,102 - core.database - INFO - Table bus_routes repaired in 0.92s
2026-04-10 07:09:12,102 - core.database - DEBUG - Checking table structure for: food_items
2026-04-10 07:09:12,103 - core.database - DEBUG - Table admin_login_lockouts structure is up to date
2026-04-10 07:09:12,103 - core.database - INFO - Table admin_login_lockouts repaired in 0.92s
2026-04-10 07:09:12,103 - core.database - DEBUG - Checking table structure for: food_modifiers
2026-04-10 07:09:12,104 - core.database - DEBUG - Table admin_credentials structure is up to date
2026-04-10 07:09:12,104 - core.database - INFO - Table admin_credentials repaired in 0.93s
2026-04-10 07:09:12,104 - core.database - DEBUG - Checking table structure for: food_orders
2026-04-10 07:09:12,259 - core.database - DEBUG - Table bus_stops structure is up to date
2026-04-10 07:09:12,259 - core.database - INFO - Table bus_stops repaired in 1.07s
2026-04-10 07:09:12,259 - core.database - DEBUG - Checking table structure for: food_settings
2026-04-10 07:09:12,448 - core.database - DEBUG - Table categories structure is up to date
2026-04-10 07:09:12,448 - core.database - INFO - Table categories repaired in 1.26s
2026-04-10 07:09:12,448 - core.database - DEBUG - Checking table structure for: frontpad_settings
2026-04-10 07:09:12,510 - core.database - DEBUG - Table complaints structure is up to date
2026-04-10 07:09:12,511 - core.database - INFO - Table complaints repaired in 1.32s
2026-04-10 07:09:12,511 - core.database - DEBUG - Checking table structure for: frontpad_sync_log
2026-04-10 07:09:12,530 - core.database - DEBUG - Table directory_entries structure is up to date
2026-04-10 07:09:12,531 - core.database - INFO - Table directory_entries repaired in 1.34s
2026-04-10 07:09:12,531 - core.database - DEBUG - Checking table structure for: health_check
2026-04-10 07:09:12,533 - core.database - DEBUG - Table couriers structure is up to date
2026-04-10 07:09:12,533 - core.database - INFO - Table couriers repaired in 1.35s
2026-04-10 07:09:12,533 - core.database - DEBUG - Checking table structure for: history_events
2026-04-10 07:09:12,534 - core.database - DEBUG - Table food_categories structure is up to date
2026-04-10 07:09:12,534 - core.database - INFO - Table food_categories repaired in 1.35s
2026-04-10 07:09:12,534 - core.database - DEBUG - Checking table structure for: homepage_stats
2026-04-10 07:09:12,538 - core.database - DEBUG - Table food_item_modifiers structure is up to date
2026-04-10 07:09:12,539 - core.database - INFO - Table food_item_modifiers repaired in 1.35s
2026-04-10 07:09:12,540 - core.database - DEBUG - Checking table structure for: inspectors
2026-04-10 07:09:12,546 - core.database - DEBUG - Table food_modifiers structure is up to date
2026-04-10 07:09:12,546 - core.database - INFO - Table food_modifiers repaired in 1.36s
2026-04-10 07:09:12,547 - core.database - DEBUG - Checking table structure for: item_modifier_groups
2026-04-10 07:09:12,547 - core.database - DEBUG - Table food_orders structure is up to date
2026-04-10 07:09:12,548 - core.database - INFO - Table food_orders repaired in 1.36s
2026-04-10 07:09:12,548 - core.database - DEBUG - Checking table structure for: jobs
2026-04-10 07:09:12,607 - core.database - DEBUG - Table food_items structure is up to date
2026-04-10 07:09:12,607 - core.database - INFO - Table food_items repaired in 1.42s
2026-04-10 07:09:12,607 - core.database - DEBUG - Checking table structure for: master_requests
2026-04-10 07:09:12,637 - core.database - DEBUG - Table food_settings structure is up to date
2026-04-10 07:09:12,638 - core.database - INFO - Table food_settings repaired in 1.45s
2026-04-10 07:09:12,638 - core.database - DEBUG - Checking table structure for: masters
2026-04-10 07:09:12,825 - core.database - DEBUG - Table frontpad_settings structure is up to date
2026-04-10 07:09:12,826 - core.database - INFO - Table frontpad_settings repaired in 1.64s
2026-04-10 07:09:12,826 - core.database - DEBUG - Checking table structure for: modifier_groups
2026-04-10 07:09:12,912 - core.database - DEBUG - Table health_check structure is up to date
2026-04-10 07:09:12,912 - core.database - INFO - Table health_check repaired in 1.73s
2026-04-10 07:09:12,912 - core.database - DEBUG - Checking table structure for: modifier_options
2026-04-10 07:09:12,913 - core.database - DEBUG - Table homepage_stats structure is up to date
2026-04-10 07:09:12,913 - core.database - INFO - Table homepage_stats repaired in 1.73s
2026-04-10 07:09:12,913 - core.database - DEBUG - Checking table structure for: news
2026-04-10 07:09:12,914 - core.database - DEBUG - Table history_events structure is up to date
2026-04-10 07:09:12,914 - core.database - INFO - Table history_events repaired in 1.73s
2026-04-10 07:09:12,915 - core.database - DEBUG - Checking table structure for: park_orders
2026-04-10 07:09:12,926 - core.database - DEBUG - Table item_modifier_groups structure is up to date
2026-04-10 07:09:12,926 - core.database - INFO - Table item_modifier_groups repaired in 1.74s
2026-04-10 07:09:12,927 - core.database - DEBUG - Checking table structure for: park_points
2026-04-10 07:09:12,948 - core.database - DEBUG - Table frontpad_sync_log structure is up to date
2026-04-10 07:09:12,948 - core.database - INFO - Table frontpad_sync_log repaired in 1.76s
2026-04-10 07:09:12,948 - core.database - DEBUG - Checking table structure for: question_answers
2026-04-10 07:09:12,978 - core.database - DEBUG - Table inspectors structure is up to date
2026-04-10 07:09:12,978 - core.database - INFO - Table inspectors repaired in 1.79s
2026-04-10 07:09:12,978 - core.database - DEBUG - Checking table structure for: questions
2026-04-10 07:09:12,988 - core.database - DEBUG - Table jobs structure is up to date
2026-04-10 07:09:12,989 - core.database - INFO - Table jobs repaired in 1.80s
2026-04-10 07:09:12,989 - core.database - DEBUG - Checking table structure for: real_estate
2026-04-10 07:09:12,990 - core.database - DEBUG - Table master_requests structure is up to date
2026-04-10 07:09:12,990 - core.database - INFO - Table master_requests repaired in 1.80s
2026-04-10 07:09:12,990 - core.database - DEBUG - Checking table structure for: user_preferences
2026-04-10 07:09:13,074 - core.database - DEBUG - Table masters structure is up to date
2026-04-10 07:09:13,074 - core.database - INFO - Table masters repaired in 1.89s
2026-04-10 07:09:13,266 - core.database - DEBUG - Table modifier_groups structure is up to date
2026-04-10 07:09:13,266 - core.database - INFO - Table modifier_groups repaired in 2.08s
2026-04-10 07:09:13,294 - core.database - DEBUG - Table modifier_options structure is up to date
2026-04-10 07:09:13,295 - core.database - INFO - Table modifier_options repaired in 2.11s
2026-04-10 07:09:13,325 - core.database - DEBUG - Table question_answers structure is up to date
2026-04-10 07:09:13,325 - core.database - INFO - Table question_answers repaired in 2.14s
2026-04-10 07:09:13,355 - core.database - DEBUG - Table news structure is up to date
2026-04-10 07:09:13,356 - core.database - INFO - Table news repaired in 2.17s
2026-04-10 07:09:13,424 - core.database - DEBUG - Table questions structure is up to date
2026-04-10 07:09:13,424 - core.database - INFO - Table questions repaired in 2.24s
2026-04-10 07:09:13,425 - core.database - DEBUG - Table park_orders structure is up to date
2026-04-10 07:09:13,425 - core.database - INFO - Table park_orders repaired in 2.24s
2026-04-10 07:09:13,433 - core.database - DEBUG - Table real_estate structure is up to date
2026-04-10 07:09:13,433 - core.database - INFO - Table real_estate repaired in 2.25s
2026-04-10 07:09:13,436 - core.database - DEBUG - Table user_preferences structure is up to date
2026-04-10 07:09:13,437 - core.database - INFO - Table user_preferences repaired in 2.25s
2026-04-10 07:09:13,442 - core.database - DEBUG - Table park_points structure is up to date
2026-04-10 07:09:13,443 - core.database - INFO - Table park_points repaired in 2.26s
2026-04-10 07:09:13,443 - core.database - INFO - 🔧 Table structure repair completed in 2.8310s
2026-04-10 07:09:13,443 - core.database - INFO - 🔧 Table structure repair completed
2026-04-10 07:09:13,443 - core.database - INFO - 🔧 Starting table creation...
2026-04-10 07:09:16,287 - core.database - INFO - Tables initialized successfully
2026-04-10 07:09:16,288 - core.database - DEBUG - [DB_OP] Create tables completed in 5.6775s
2026-04-10 07:09:16,351 - core.database - INFO - Lazy database initialization completed successfully
2026-04-10 07:09:17,442 - routers.admin_auth - INFO - [Admin Auth] Pre-computed 4 alternative password hashes for 'admin' account
2026-04-10 07:09:18,304 - routers.admin_auth - INFO - [Admin Auth] Admin credentials reset (username: admin, password: Admin123@)
2026-04-10 07:09:18,810 - core.config - DEBUG - Read dynamic attribute oss_service_url from environment variable OSS_SERVICE_URL
2026-04-10 07:09:18,810 - core.config - DEBUG - Read dynamic attribute oss_api_key from environment variable OSS_API_KEY
2026-04-10 07:09:19,163 - httpcore.connection - DEBUG - connect_tcp.started host='atoms.dev' port=443 local_address=None timeout=120.0 socket_options=None
2026-04-10 07:09:19,176 - httpcore.connection - DEBUG - connect_tcp.complete return_value=<httpcore._backends.anyio.AnyIOStream object at 0x7f805f250550>
2026-04-10 07:09:19,176 - httpcore.connection - DEBUG - start_tls.started ssl_context=<ssl.SSLContext object at 0x7f805f27a9c0> server_hostname='atoms.dev' timeout=120.0
2026-04-10 07:09:19,185 - httpcore.connection - DEBUG - start_tls.complete return_value=<httpcore._backends.anyio.AnyIOStream object at 0x7f805f21f400>
2026-04-10 07:09:19,185 - httpcore.http11 - DEBUG - send_request_headers.started request=<Request [b'GET']>
2026-04-10 07:09:19,186 - httpcore.http11 - DEBUG - send_request_headers.complete
2026-04-10 07:09:19,186 - httpcore.http11 - DEBUG - send_request_body.started request=<Request [b'GET']>
2026-04-10 07:09:19,187 - httpcore.http11 - DEBUG - send_request_body.complete
2026-04-10 07:09:19,187 - httpcore.http11 - DEBUG - receive_response_headers.started request=<Request [b'GET']>
2026-04-10 07:09:19,212 - httpcore.http11 - DEBUG - receive_response_headers.complete return_value=(b'HTTP/1.1', 200, b'OK', [(b'Date', b'Fri, 10 Apr 2026 14:09:19 GMT'), (b'Content-Type', b'application/json; charset=utf-8'), (b'Transfer-Encoding', b'chunked'), (b'Connection', b'keep-alive'), (b'Access-Control-Allow-Headers', b'Origin, Content-Type, Accept, Authorization'), (b'Access-Control-Allow-Methods', b'GET, POST, PUT, DELETE, OPTIONS'), (b'Access-Control-Allow-Origin', b'*'), (b'Access-Control-Max-Age', b'86400'), (b'X-Request-Id', b'af0d093b66359e9a28e20567cb91fc4c'), (b'X-Trace-Id', b'd404de3a81fd48dd837fdea082f68940'), (b'Content-Security-Policy', b"frame-ancestors 'self' https://atoms.dev"), (b'Strict-Transport-Security', b'max-age=63072000; includeSubDomains; preload'), (b'X-Content-Type-Options', b'nosniff'), (b'X-XSS-Protection', b'1; mode=block'), (b'Referrer-Policy', b'strict-origin-when-cross-origin'), (b'cf-cache-status', b'DYNAMIC'), (b'Content-Encoding', b'gzip'), (b'Server', b'cloudflare'), (b'CF-RAY', b'9ea2541eee3ecb9b-LAX')])
2026-04-10 07:09:19,213 - httpx - INFO - HTTP Request: GET https://atoms.dev/api/v1/infra/client/oss/buckets "HTTP/1.1 200 OK"
2026-04-10 07:09:19,214 - httpcore.http11 - DEBUG - receive_response_body.started request=<Request [b'GET']>
2026-04-10 07:09:19,214 - httpcore.http11 - DEBUG - receive_response_body.complete
2026-04-10 07:09:19,215 - httpcore.http11 - DEBUG - response_closed.started
2026-04-10 07:09:19,216 - httpcore.http11 - DEBUG - response_closed.complete
2026-04-10 07:09:19,217 - httpcore.connection - DEBUG - close.started
2026-04-10 07:09:19,217 - httpcore.connection - DEBUG - close.complete
2026-04-10 07:09:19,217 - services.bucket_init - INFO - Bucket 'portal-images' already exists
2026-04-10 07:09:19,218 - main - INFO - === Application startup completed ===
2026-04-10 07:09:23,683 - core.database - DEBUG - [DB_OP] Starting get_db session creation
2026-04-10 07:09:23,683 - core.database - DEBUG - [DB_OP] Database session created successfully in 0.0008s
2026-04-10 07:09:23,684 - routers.banners - DEBUG - Querying bannerss: query=None, sort=None, skip=0, limit=1, fields=None
2026-04-10 07:09:23,763 - core.database - DEBUG - [DB_OP] Starting get_db session creation
2026-04-10 07:09:23,764 - core.database - DEBUG - [DB_OP] Database session created successfully in 0.0003s
2026-04-10 07:09:23,765 - routers.homepage_stats - DEBUG - Querying homepage_statss: query=None, sort=None, skip=0, limit=1, fields=None
2026-04-10 07:09:23,772 - core.database - DEBUG - [DB_OP] Starting get_db session creation
2026-04-10 07:09:23,773 - core.database - DEBUG - [DB_OP] Database session created successfully in 0.0008s
2026-04-10 07:09:23,774 - routers.news - DEBUG - Querying newss: query={"published":true}, sort=-created_at, skip=0, limit=6, fields=None
2026-04-10 07:09:23,775 - core.database - DEBUG - [DB_OP] Starting get_db session creation
2026-04-10 07:09:23,776 - core.database - DEBUG - [DB_OP] Database session created successfully in 0.0002s
2026-04-10 07:09:23,776 - routers.banners - DEBUG - Querying bannerss: query={"active":true}, sort=None, skip=0, limit=4, fields=None
2026-04-10 07:09:23,780 - core.database - DEBUG - [DB_OP] Starting get_db session creation
2026-04-10 07:09:23,780 - core.database - DEBUG - [DB_OP] Database session created successfully in 0.0002s
2026-04-10 07:09:23,780 - routers.jobs - DEBUG - Querying jobss: query={"active":true}, sort=-created_at, skip=0, limit=3, fields=None
2026-04-10 07:09:23,784 - core.database - DEBUG - [DB_OP] Starting get_db session creation
2026-04-10 07:09:23,784 - core.database - DEBUG - [DB_OP] Database session created successfully in 0.0002s
2026-04-10 07:09:23,784 - routers.complaints - DEBUG - Querying complaintss: query=None, sort=-created_at, skip=0, limit=3, fields=None
2026-04-10 07:09:24,202 - routers.banners - DEBUG - Found 2 bannerss
2026-04-10 07:09:24,204 - core.database - DEBUG - [DB_OP] Database session cleanup after 0.5213s
2026-04-10 07:09:24,275 - routers.news - DEBUG - Found 14 newss
2026-04-10 07:09:24,277 - core.database - DEBUG - [DB_OP] Database session cleanup after 0.5046s
2026-04-10 07:09:24,279 - routers.banners - DEBUG - Found 2 bannerss
2026-04-10 07:09:24,279 - core.database - DEBUG - [DB_OP] Database session cleanup after 0.5039s
2026-04-10 07:09:24,281 - routers.homepage_stats - DEBUG - Found 1 homepage_statss
2026-04-10 07:09:24,281 - core.database - DEBUG - [DB_OP] Database session cleanup after 0.5180s
2026-04-10 07:09:24,282 - routers.jobs - DEBUG - Found 5 jobss
2026-04-10 07:09:24,283 - core.database - DEBUG - [DB_OP] Database session cleanup after 0.5027s
2026-04-10 07:09:24,524 - routers.complaints - DEBUG - Found 13 complaintss
2026-04-10 07:09:24,525 - core.database - DEBUG - [DB_OP] Database session cleanup after 0.7412s
2026-04-10 07:09:26,753 - httpcore.connection - DEBUG - connect_tcp.started host='api.openweathermap.org' port=443 local_address=None timeout=10.0 socket_options=None
2026-04-10 07:09:26,957 - httpcore.connection - DEBUG - connect_tcp.complete return_value=<httpcore._backends.anyio.AnyIOStream object at 0x7f8065904e50>
2026-04-10 07:09:26,958 - httpcore.connection - DEBUG - start_tls.started ssl_context=<ssl.SSLContext object at 0x7f806591c9c0> server_hostname='api.openweathermap.org' timeout=10.0
2026-04-10 07:09:27,012 - httpcore.connection - DEBUG - start_tls.complete return_value=<httpcore._backends.anyio.AnyIOStream object at 0x7f8065904760>
2026-04-10 07:09:27,013 - httpcore.http11 - DEBUG - send_request_headers.started request=<Request [b'GET']>
2026-04-10 07:09:27,014 - httpcore.http11 - DEBUG - send_request_headers.complete
2026-04-10 07:09:27,014 - httpcore.http11 - DEBUG - send_request_body.started request=<Request [b'GET']>
2026-04-10 07:09:27,018 - httpcore.http11 - DEBUG - send_request_body.complete
2026-04-10 07:09:27,018 - httpcore.http11 - DEBUG - receive_response_headers.started request=<Request [b'GET']>
2026-04-10 07:09:27,064 - httpcore.http11 - DEBUG - receive_response_headers.complete return_value=(b'HTTP/1.1', 200, b'OK', [(b'Date', b'Fri, 10 Apr 2026 14:09:26 GMT'), (b'Content-Type', b'application/json; charset=utf-8'), (b'Content-Length', b'525'), (b'Connection', b'keep-alive'), (b'X-Cache-Key', b'/data/2.5/weather?lang=ru&q=karaganda&units=metric'), (b'Access-Control-Allow-Origin', b'*'), (b'Access-Control-Allow-Credentials', b'true'), (b'Access-Control-Allow-Methods', b'GET, POST')])
2026-04-10 07:09:27,065 - httpx - INFO - HTTP Request: GET https://api.openweathermap.org/data/2.5/weather?q=Karaganda&units=metric&lang=ru&appid=ae3471b8d67a2e46b753ece3875423c9 "HTTP/1.1 200 OK"
2026-04-10 07:09:27,065 - httpcore.http11 - DEBUG - receive_response_body.started request=<Request [b'GET']>
2026-04-10 07:09:27,065 - httpcore.http11 - DEBUG - receive_response_body.complete
2026-04-10 07:09:27,065 - httpcore.http11 - DEBUG - response_closed.started
2026-04-10 07:09:27,066 - httpcore.http11 - DEBUG - response_closed.complete
2026-04-10 07:09:27,066 - httpcore.connection - DEBUG - close.started
2026-04-10 07:09:27,066 - httpcore.connection - DEBUG - close.complete
2026-04-10 07:09:27,067 - routers.weather - INFO - [Weather] Fetched: 7°C, пасмурно
2026-04-10 07:20:23,793 - services.database - DEBUG - [DB_OP] Starting database close
2026-04-10 07:20:23,795 - core.database - INFO - Database connection closed and engine disposed
2026-04-10 07:20:23,795 - services.database - INFO - Database connections closed
2026-04-10 07:20:23,796 - services.database - DEBUG - [DB_OP] Database close completed in 0.0025s
