2026-03-31 08:38:44,224 - main - INFO - === Logging system initialized ===
2026-03-31 08:38:44,225 - main - INFO - Log file: logs/app_20260331_083844.log
2026-03-31 08:38:44,225 - main - INFO - Log level: INFO
2026-03-31 08:38:44,225 - main - INFO - Timestamp: 20260331_083844
2026-03-31 08:38:44,229 - main - INFO - Included router: routers.admin_auth.router
2026-03-31 08:38:44,900 - main - INFO - Included router: routers.aihub.router
2026-03-31 08:38:44,964 - main - INFO - Included router: routers.announcements.router
2026-03-31 08:38:44,982 - main - INFO - Included router: routers.auth.router
2026-03-31 08:38:45,028 - main - INFO - Included router: routers.banners.router
2026-03-31 08:38:45,161 - main - INFO - Included router: routers.become_master_requests.router
2026-03-31 08:38:45,216 - main - INFO - Included router: routers.categories.router
2026-03-31 08:38:45,264 - main - INFO - Included router: routers.complaints.router
2026-03-31 08:38:45,267 - main - WARNING - Failed to import module 'routers.debug_schema': cannot import name 'async_engine' from 'core.database' (/workspace/app/backend/core/database.py)
2026-03-31 08:38:45,310 - main - INFO - Included router: routers.directory_entries.router
2026-03-31 08:38:45,353 - main - INFO - Included router: routers.food_categories.router
2026-03-31 08:38:45,391 - main - INFO - Included router: routers.food_item_modifiers.router
2026-03-31 08:38:45,439 - main - INFO - Included router: routers.food_items.router
2026-03-31 08:38:45,480 - main - INFO - Included router: routers.food_modifiers.router
2026-03-31 08:38:45,526 - main - INFO - Included router: routers.food_orders.router
2026-03-31 08:38:45,564 - main - INFO - Included router: routers.food_settings.router
2026-03-31 08:38:45,593 - main - INFO - Included router: routers.frontpad.router
2026-03-31 08:38:45,625 - main - INFO - Included router: routers.frontpad_settings.router
2026-03-31 08:38:45,663 - main - INFO - Included router: routers.frontpad_sync_log.router
2026-03-31 08:38:45,665 - main - INFO - Included router: routers.health.router
2026-03-31 08:38:45,829 - main - INFO - Included router: routers.history_events.router
2026-03-31 08:38:45,895 - main - INFO - Included router: routers.homepage_stats.router
2026-03-31 08:38:45,951 - main - INFO - Included router: routers.inspectors.router
2026-03-31 08:38:45,996 - main - INFO - Included router: routers.item_modifier_groups.router
2026-03-31 08:38:46,071 - main - INFO - Included router: routers.jobs.router
2026-03-31 08:38:46,131 - main - INFO - Included router: routers.master_requests.router
2026-03-31 08:38:46,192 - main - INFO - Included router: routers.masters.router
2026-03-31 08:38:46,251 - main - INFO - Included router: routers.modifier_groups.router
2026-03-31 08:38:46,296 - main - INFO - Included router: routers.modifier_options.router
2026-03-31 08:38:46,354 - main - INFO - Included router: routers.news.router
2026-03-31 08:38:46,400 - main - INFO - Included router: routers.question_answers.router
2026-03-31 08:38:46,450 - main - INFO - Included router: routers.questions.router
2026-03-31 08:38:46,703 - main - INFO - Included router: routers.real_estate.router
2026-03-31 08:38:46,729 - main - INFO - Included router: routers.settings.router
2026-03-31 08:38:46,751 - main - INFO - Included router: routers.storage.router
2026-03-31 08:38:46,775 - main - INFO - Included router: routers.telegram.router
2026-03-31 08:38:46,783 - main - INFO - Included router: routers.user.router
2026-03-31 08:38:46,826 - main - INFO - Included router: routers.user_preferences.router
2026-03-31 08:38:46,827 - main - INFO - === Application startup initiated ===
2026-03-31 08:38:46,827 - services.database - INFO - Ignore creating tables
2026-03-31 08:38:46,828 - services.mock_data - INFO - Ignore initialize data
2026-03-31 08:38:46,828 - services.auth - INFO - Ignore initialize admin
2026-03-31 08:38:46,828 - core.database - WARNING - Database not initialized, attempting lazy initialization...
2026-03-31 08:38:46,828 - core.database - INFO - Starting database initialization...
2026-03-31 08:38:46,828 - core.config - DEBUG - Read dynamic attribute database_url from environment variable DATABASE_URL
2026-03-31 08:38:46,829 - core.database - INFO - Normalizing database URL for async compatibility...
2026-03-31 08:38:46,830 - core.database - INFO - Creating async database engine...
2026-03-31 08:38:46,830 - core.database - INFO - Using QueuePool with connection pooling for non-Lambda environment
2026-03-31 08:38:46,883 - core.database - INFO - Database engine created successfully
2026-03-31 08:38:46,883 - core.database - INFO - Creating async session maker...
2026-03-31 08:38:46,884 - core.database - INFO - Async session maker created successfully
2026-03-31 08:38:46,884 - core.database - INFO - Database connection initialized successfully
2026-03-31 08:38:46,884 - core.database - DEBUG - [DB_OP] Starting create_tables
2026-03-31 08:38:46,884 - core.database - INFO - 🔧 Starting table structure repair...
2026-03-31 08:38:48,204 - core.database - INFO - 🔧 Repairing 33 existing tables...
2026-03-31 08:38:48,205 - core.database - DEBUG - Checking table structure for: users
2026-03-31 08:38:48,205 - core.database - DEBUG - Checking table structure for: oidc_states
2026-03-31 08:38:48,207 - core.database - DEBUG - Checking table structure for: admin_credentials
2026-03-31 08:38:48,208 - core.database - DEBUG - Checking table structure for: admin_login_attempts
2026-03-31 08:38:48,209 - core.database - DEBUG - Checking table structure for: admin_login_lockouts
2026-03-31 08:38:48,210 - core.database - DEBUG - Checking table structure for: announcements
2026-03-31 08:38:48,210 - core.database - DEBUG - Checking table structure for: banners
2026-03-31 08:38:48,211 - core.database - DEBUG - Checking table structure for: become_master_requests
2026-03-31 08:38:48,212 - core.database - DEBUG - Checking table structure for: categories
2026-03-31 08:38:48,213 - core.database - DEBUG - Checking table structure for: complaints
2026-03-31 08:38:48,898 - core.database - DEBUG - Table users structure is up to date
2026-03-31 08:38:48,899 - core.database - INFO - Table users repaired in 0.69s
2026-03-31 08:38:48,899 - core.database - DEBUG - Checking table structure for: directory_entries
2026-03-31 08:38:49,046 - core.database - DEBUG - Table admin_credentials structure is up to date
2026-03-31 08:38:49,047 - core.database - INFO - Table admin_credentials repaired in 0.84s
2026-03-31 08:38:49,047 - core.database - DEBUG - Checking table structure for: food_categories
2026-03-31 08:38:49,112 - core.database - DEBUG - Table become_master_requests structure is up to date
2026-03-31 08:38:49,113 - core.database - INFO - Table become_master_requests repaired in 0.90s
2026-03-31 08:38:49,113 - core.database - DEBUG - Checking table structure for: food_item_modifiers
2026-03-31 08:38:49,113 - core.database - DEBUG - Table oidc_states structure is up to date
2026-03-31 08:38:49,114 - core.database - INFO - Table oidc_states repaired in 0.91s
2026-03-31 08:38:49,114 - core.database - DEBUG - Checking table structure for: food_items
2026-03-31 08:38:49,118 - core.database - DEBUG - Table admin_login_attempts structure is up to date
2026-03-31 08:38:49,118 - core.database - INFO - Table admin_login_attempts repaired in 0.91s
2026-03-31 08:38:49,118 - core.database - DEBUG - Checking table structure for: food_modifiers
2026-03-31 08:38:49,120 - core.database - DEBUG - Table categories structure is up to date
2026-03-31 08:38:49,120 - core.database - INFO - Table categories repaired in 0.91s
2026-03-31 08:38:49,120 - core.database - DEBUG - Checking table structure for: food_orders
2026-03-31 08:38:49,126 - core.database - DEBUG - Table admin_login_lockouts structure is up to date
2026-03-31 08:38:49,126 - core.database - INFO - Table admin_login_lockouts repaired in 0.92s
2026-03-31 08:38:49,126 - core.database - DEBUG - Checking table structure for: food_settings
2026-03-31 08:38:49,127 - core.database - DEBUG - Table complaints structure is up to date
2026-03-31 08:38:49,127 - core.database - INFO - Table complaints repaired in 0.91s
2026-03-31 08:38:49,128 - core.database - DEBUG - Checking table structure for: frontpad_settings
2026-03-31 08:38:49,129 - core.database - DEBUG - Table banners structure is up to date
2026-03-31 08:38:49,129 - core.database - INFO - Table banners repaired in 0.92s
2026-03-31 08:38:49,129 - core.database - DEBUG - Checking table structure for: frontpad_sync_log
2026-03-31 08:38:49,242 - core.database - DEBUG - Table announcements structure is up to date
2026-03-31 08:38:49,243 - core.database - INFO - Table announcements repaired in 1.03s
2026-03-31 08:38:49,243 - core.database - DEBUG - Checking table structure for: history_events
2026-03-31 08:38:49,287 - core.database - DEBUG - Table directory_entries structure is up to date
2026-03-31 08:38:49,288 - core.database - INFO - Table directory_entries repaired in 1.07s
2026-03-31 08:38:49,288 - core.database - DEBUG - Checking table structure for: homepage_stats
2026-03-31 08:38:49,486 - core.database - DEBUG - Table food_categories structure is up to date
2026-03-31 08:38:49,486 - core.database - INFO - Table food_categories repaired in 1.27s
2026-03-31 08:38:49,486 - core.database - DEBUG - Checking table structure for: inspectors
2026-03-31 08:38:49,550 - core.database - DEBUG - Table food_item_modifiers structure is up to date
2026-03-31 08:38:49,551 - core.database - INFO - Table food_item_modifiers repaired in 1.34s
2026-03-31 08:38:49,551 - core.database - DEBUG - Checking table structure for: item_modifier_groups
2026-03-31 08:38:49,556 - core.database - DEBUG - Table food_modifiers structure is up to date
2026-03-31 08:38:49,556 - core.database - INFO - Table food_modifiers repaired in 1.34s
2026-03-31 08:38:49,556 - core.database - DEBUG - Checking table structure for: jobs
2026-03-31 08:38:49,558 - core.database - DEBUG - Table food_items structure is up to date
2026-03-31 08:38:49,558 - core.database - INFO - Table food_items repaired in 1.34s
2026-03-31 08:38:49,558 - core.database - DEBUG - Checking table structure for: master_requests
2026-03-31 08:38:49,565 - core.database - DEBUG - Table food_settings structure is up to date
2026-03-31 08:38:49,566 - core.database - INFO - Table food_settings repaired in 1.35s
2026-03-31 08:38:49,566 - core.database - DEBUG - Checking table structure for: masters
2026-03-31 08:38:49,567 - core.database - DEBUG - Table food_orders structure is up to date
2026-03-31 08:38:49,567 - core.database - INFO - Table food_orders repaired in 1.35s
2026-03-31 08:38:49,567 - core.database - DEBUG - Checking table structure for: modifier_groups
2026-03-31 08:38:49,575 - core.database - DEBUG - Table frontpad_settings structure is up to date
2026-03-31 08:38:49,576 - core.database - INFO - Table frontpad_settings repaired in 1.36s
2026-03-31 08:38:49,576 - core.database - DEBUG - Checking table structure for: modifier_options
2026-03-31 08:38:49,577 - core.database - DEBUG - Table frontpad_sync_log structure is up to date
2026-03-31 08:38:49,577 - core.database - INFO - Table frontpad_sync_log repaired in 1.36s
2026-03-31 08:38:49,577 - core.database - DEBUG - Checking table structure for: news
2026-03-31 08:38:49,664 - core.database - DEBUG - Table homepage_stats structure is up to date
2026-03-31 08:38:49,665 - core.database - INFO - Table homepage_stats repaired in 1.45s
2026-03-31 08:38:49,665 - core.database - DEBUG - Checking table structure for: question_answers
2026-03-31 08:38:49,682 - core.database - DEBUG - Table history_events structure is up to date
2026-03-31 08:38:49,682 - core.database - INFO - Table history_events repaired in 1.47s
2026-03-31 08:38:49,682 - core.database - DEBUG - Checking table structure for: questions
2026-03-31 08:38:49,922 - core.database - DEBUG - Table inspectors structure is up to date
2026-03-31 08:38:49,923 - core.database - INFO - Table inspectors repaired in 1.71s
2026-03-31 08:38:49,923 - core.database - DEBUG - Checking table structure for: real_estate
2026-03-31 08:38:49,928 - core.database - DEBUG - Table item_modifier_groups structure is up to date
2026-03-31 08:38:49,928 - core.database - INFO - Table item_modifier_groups repaired in 1.71s
2026-03-31 08:38:49,928 - core.database - DEBUG - Checking table structure for: user_preferences
2026-03-31 08:38:49,961 - core.database - DEBUG - Table modifier_options structure is up to date
2026-03-31 08:38:49,962 - core.database - INFO - Table modifier_options repaired in 1.75s
2026-03-31 08:38:49,993 - core.database - DEBUG - Table jobs structure is up to date
2026-03-31 08:38:49,994 - core.database - INFO - Table jobs repaired in 1.78s
2026-03-31 08:38:49,998 - core.database - DEBUG - Table master_requests structure is up to date
2026-03-31 08:38:49,999 - core.database - INFO - Table master_requests repaired in 1.78s
2026-03-31 08:38:50,002 - core.database - DEBUG - Table modifier_groups structure is up to date
2026-03-31 08:38:50,003 - core.database - INFO - Table modifier_groups repaired in 1.79s
2026-03-31 08:38:50,005 - core.database - DEBUG - Table masters structure is up to date
2026-03-31 08:38:50,006 - core.database - INFO - Table masters repaired in 1.79s
2026-03-31 08:38:50,022 - core.database - DEBUG - Table news structure is up to date
2026-03-31 08:38:50,023 - core.database - INFO - Table news repaired in 1.81s
2026-03-31 08:38:50,043 - core.database - DEBUG - Table question_answers structure is up to date
2026-03-31 08:38:50,043 - core.database - INFO - Table question_answers repaired in 1.83s
2026-03-31 08:38:50,058 - core.database - DEBUG - Table questions structure is up to date
2026-03-31 08:38:50,058 - core.database - INFO - Table questions repaired in 1.84s
2026-03-31 08:38:50,298 - core.database - DEBUG - Table real_estate structure is up to date
2026-03-31 08:38:50,299 - core.database - INFO - Table real_estate repaired in 2.08s
2026-03-31 08:38:50,305 - core.database - DEBUG - Table user_preferences structure is up to date
2026-03-31 08:38:50,305 - core.database - INFO - Table user_preferences repaired in 2.09s
2026-03-31 08:38:50,305 - core.database - INFO - 🔧 Table structure repair completed in 3.4211s
2026-03-31 08:38:50,305 - core.database - INFO - 🔧 Table structure repair completed
2026-03-31 08:38:50,306 - core.database - INFO - 🔧 Starting table creation...
2026-03-31 08:38:52,726 - core.database - INFO - Tables initialized successfully
2026-03-31 08:38:52,727 - core.database - DEBUG - [DB_OP] Create tables completed in 5.8430s
2026-03-31 08:38:52,792 - core.database - INFO - Lazy database initialization completed successfully
2026-03-31 08:38:53,189 - routers.admin_auth - DEBUG - [Admin Auth] Admin credentials already exist
2026-03-31 08:38:53,252 - core.config - DEBUG - Read dynamic attribute oss_service_url from environment variable OSS_SERVICE_URL
2026-03-31 08:38:53,253 - core.config - DEBUG - Read dynamic attribute oss_api_key from environment variable OSS_API_KEY
2026-03-31 08:38:53,358 - httpcore.connection - DEBUG - connect_tcp.started host='atoms.dev' port=443 local_address=None timeout=120.0 socket_options=None
2026-03-31 08:38:53,371 - httpcore.connection - DEBUG - connect_tcp.complete return_value=<httpcore._backends.anyio.AnyIOStream object at 0x7fe23c2a1180>
2026-03-31 08:38:53,372 - httpcore.connection - DEBUG - start_tls.started ssl_context=<ssl.SSLContext object at 0x7fe23c2f7440> server_hostname='atoms.dev' timeout=120.0
2026-03-31 08:38:53,379 - httpcore.connection - DEBUG - start_tls.complete return_value=<httpcore._backends.anyio.AnyIOStream object at 0x7fe23c2a0070>
2026-03-31 08:38:53,379 - httpcore.http11 - DEBUG - send_request_headers.started request=<Request [b'GET']>
2026-03-31 08:38:53,380 - httpcore.http11 - DEBUG - send_request_headers.complete
2026-03-31 08:38:53,380 - httpcore.http11 - DEBUG - send_request_body.started request=<Request [b'GET']>
2026-03-31 08:38:53,381 - httpcore.http11 - DEBUG - send_request_body.complete
2026-03-31 08:38:53,381 - httpcore.http11 - DEBUG - receive_response_headers.started request=<Request [b'GET']>
2026-03-31 08:38:53,410 - httpcore.http11 - DEBUG - receive_response_headers.complete return_value=(b'HTTP/1.1', 200, b'OK', [(b'Date', b'Tue, 31 Mar 2026 15:38:53 GMT'), (b'Content-Type', b'application/json; charset=utf-8'), (b'Transfer-Encoding', b'chunked'), (b'Connection', b'keep-alive'), (b'Access-Control-Allow-Headers', b'Origin, Content-Type, Accept, Authorization'), (b'Access-Control-Allow-Methods', b'GET, POST, PUT, DELETE, OPTIONS'), (b'Access-Control-Allow-Origin', b'*'), (b'Access-Control-Max-Age', b'86400'), (b'X-Request-Id', b'ee8497db9871ad44039921f94e291c69'), (b'X-Trace-Id', b'e8f6706d08b748cd8649a9a132e6ce78'), (b'Content-Security-Policy', b"frame-ancestors 'self' https://atoms.dev"), (b'Strict-Transport-Security', b'max-age=63072000; includeSubDomains; preload'), (b'X-Content-Type-Options', b'nosniff'), (b'X-XSS-Protection', b'1; mode=block'), (b'Referrer-Policy', b'strict-origin-when-cross-origin'), (b'cf-cache-status', b'DYNAMIC'), (b'Content-Encoding', b'gzip'), (b'Server', b'cloudflare'), (b'CF-RAY', b'9e507193ad793511-LAX')])
2026-03-31 08:38:53,411 - httpx - INFO - HTTP Request: GET https://atoms.dev/api/v1/infra/client/oss/buckets "HTTP/1.1 200 OK"
2026-03-31 08:38:53,411 - httpcore.http11 - DEBUG - receive_response_body.started request=<Request [b'GET']>
2026-03-31 08:38:53,412 - httpcore.http11 - DEBUG - receive_response_body.complete
2026-03-31 08:38:53,412 - httpcore.http11 - DEBUG - response_closed.started
2026-03-31 08:38:53,412 - httpcore.http11 - DEBUG - response_closed.complete
2026-03-31 08:38:53,413 - httpcore.connection - DEBUG - close.started
2026-03-31 08:38:53,414 - httpcore.connection - DEBUG - close.complete
2026-03-31 08:38:53,414 - services.bucket_init - INFO - Bucket 'portal-images' already exists
2026-03-31 08:38:53,414 - main - INFO - === Application startup completed successfully ===
2026-03-31 08:43:04,896 - services.database - DEBUG - [DB_OP] Starting database close
2026-03-31 08:43:05,558 - core.database - INFO - Database connection closed and engine disposed
2026-03-31 08:43:05,558 - services.database - INFO - Database connections closed
2026-03-31 08:43:05,558 - services.database - DEBUG - [DB_OP] Database close completed in 0.6620s
