2026-03-15 11:04:37,142 - main - INFO - === Logging system initialized ===
2026-03-15 11:04:37,142 - main - INFO - Log file: logs/app_20260315_110437.log
2026-03-15 11:04:37,142 - main - INFO - Log level: INFO
2026-03-15 11:04:37,142 - main - INFO - Timestamp: 20260315_110437
2026-03-15 11:04:37,742 - main - INFO - Included router: routers.aihub.router
2026-03-15 11:04:37,792 - main - INFO - Included router: routers.announcements.router
2026-03-15 11:04:37,806 - main - INFO - Included router: routers.auth.router
2026-03-15 11:04:37,908 - main - INFO - Included router: routers.banners.router
2026-03-15 11:04:37,958 - main - INFO - Included router: routers.become_master_requests.router
2026-03-15 11:04:38,000 - main - INFO - Included router: routers.complaints.router
2026-03-15 11:04:38,032 - main - WARNING - Failed to import module 'routers.debug_schema': cannot import name 'async_engine' from 'core.database' (/workspace/app/backend/core/database.py)
2026-03-15 11:04:38,070 - main - INFO - Included router: routers.directory_entries.router
2026-03-15 11:04:38,072 - main - INFO - Included router: routers.health.router
2026-03-15 11:04:38,116 - main - INFO - Included router: routers.jobs.router
2026-03-15 11:04:38,156 - main - INFO - Included router: routers.master_requests.router
2026-03-15 11:04:38,205 - main - INFO - Included router: routers.masters.router
2026-03-15 11:04:38,248 - main - INFO - Included router: routers.news.router
2026-03-15 11:04:38,285 - main - INFO - Included router: routers.question_answers.router
2026-03-15 11:04:38,322 - main - INFO - Included router: routers.questions.router
2026-03-15 11:04:38,347 - main - INFO - Included router: routers.settings.router
2026-03-15 11:04:38,383 - main - INFO - Included router: routers.storage.router
2026-03-15 11:04:38,414 - main - INFO - Included router: routers.telegram.router
2026-03-15 11:04:38,424 - main - INFO - Included router: routers.user.router
2026-03-15 11:04:38,426 - main - INFO - === Application startup initiated ===
2026-03-15 11:04:38,426 - services.database - DEBUG - [DB_OP] Starting database initialization
2026-03-15 11:04:38,427 - services.database - INFO - 🔧 Starting database initialization...
2026-03-15 11:04:38,427 - core.database - INFO - Starting database initialization...
2026-03-15 11:04:38,427 - core.config - DEBUG - Read dynamic attribute database_url from environment variable DATABASE_URL
2026-03-15 11:04:38,428 - core.database - INFO - Normalizing database URL for async compatibility...
2026-03-15 11:04:38,429 - core.database - INFO - Creating async database engine...
2026-03-15 11:04:38,429 - core.database - INFO - Using QueuePool with connection pooling for non-Lambda environment
2026-03-15 11:04:38,577 - core.database - INFO - Database engine created successfully
2026-03-15 11:04:38,578 - core.database - INFO - Creating async session maker...
2026-03-15 11:04:38,578 - core.database - INFO - Async session maker created successfully
2026-03-15 11:04:38,578 - core.database - INFO - Database connection initialized successfully
2026-03-15 11:04:38,578 - services.database - INFO - 🔧 Database connection initialized, now creating tables if tables not exist...
2026-03-15 11:04:38,578 - core.database - DEBUG - [DB_OP] Starting create_tables
2026-03-15 11:04:38,578 - core.database - INFO - 🔧 Starting table creation...
2026-03-15 11:04:40,431 - core.database - INFO - Tables initialized successfully
2026-03-15 11:04:40,431 - core.database - DEBUG - [DB_OP] Create tables completed in 1.8532s
2026-03-15 11:04:40,490 - services.database - INFO - 🔧 Table creation completed
2026-03-15 11:04:40,490 - services.database - INFO - Database initialized successfully
2026-03-15 11:04:40,490 - services.database - DEBUG - [DB_OP] Database initialization completed in 2.0638s
2026-03-15 11:04:40,491 - services.mock_data - INFO - Processing mock data file announcements.json for table announcements
2026-03-15 11:04:40,492 - services.mock_data - INFO - Processing mock data file banners.json for table banners
2026-03-15 11:04:40,492 - services.mock_data - INFO - Processing mock data file complaints.json for table complaints
2026-03-15 11:04:40,493 - services.mock_data - INFO - Processing mock data file directory_entries.json for table directory_entries
2026-03-15 11:04:40,495 - services.mock_data - INFO - Processing mock data file jobs.json for table jobs
2026-03-15 11:04:42,506 - services.mock_data - INFO - Table announcements already has 8 rows; skipping mock insert
2026-03-15 11:04:42,560 - services.mock_data - INFO - Table banners already has 2 rows; skipping mock insert
2026-03-15 11:04:42,564 - services.mock_data - INFO - Processing mock data file master_requests.json for table master_requests
2026-03-15 11:04:42,618 - services.mock_data - INFO - Table complaints already has 6 rows; skipping mock insert
2026-03-15 11:04:42,618 - services.mock_data - INFO - Processing mock data file masters.json for table masters
2026-03-15 11:04:42,624 - services.mock_data - INFO - Table jobs already has 5 rows; skipping mock insert
2026-03-15 11:04:42,662 - services.mock_data - INFO - Table directory_entries already has 10 rows; skipping mock insert
2026-03-15 11:04:42,676 - services.mock_data - INFO - Processing mock data file news.json for table news
2026-03-15 11:04:42,682 - services.mock_data - INFO - Processing mock data file question_answers.json for table question_answers
2026-03-15 11:04:42,720 - services.mock_data - INFO - Processing mock data file questions.json for table questions
2026-03-15 11:04:43,505 - services.mock_data - INFO - Table master_requests already has 6 rows; skipping mock insert
2026-03-15 11:04:43,625 - services.mock_data - INFO - Table masters already has 8 rows; skipping mock insert
2026-03-15 11:04:43,683 - services.mock_data - INFO - Table news already has 6 rows; skipping mock insert
2026-03-15 11:04:43,685 - services.mock_data - INFO - Table question_answers already has 10 rows; skipping mock insert
2026-03-15 11:04:43,718 - services.mock_data - INFO - Table questions already has 7 rows; skipping mock insert
2026-03-15 11:04:43,776 - services.database - DEBUG - [DB_OP] Starting database initialization
2026-03-15 11:04:43,777 - services.database - INFO - 🔧 Starting database initialization...
2026-03-15 11:04:43,777 - core.database - INFO - Starting database initialization...
2026-03-15 11:04:43,777 - core.database - INFO - Database already initialized
2026-03-15 11:04:43,777 - services.database - INFO - 🔧 Database connection initialized, now creating tables if tables not exist...
2026-03-15 11:04:43,777 - core.database - DEBUG - [DB_OP] Starting create_tables
2026-03-15 11:04:43,777 - core.database - INFO - Tables already initialized
2026-03-15 11:04:43,777 - services.database - INFO - 🔧 Table creation completed
2026-03-15 11:04:43,777 - services.database - INFO - Database initialized successfully
2026-03-15 11:04:43,777 - services.database - DEBUG - [DB_OP] Database initialization completed in 0.0010s
2026-03-15 11:04:43,778 - core.config - DEBUG - Read dynamic attribute admin_user_id from environment variable ADMIN_USER_ID
2026-03-15 11:04:43,778 - core.config - DEBUG - Read dynamic attribute admin_user_email from environment variable ADMIN_USER_EMAIL
2026-03-15 11:04:44,138 - services.auth - DEBUG - Admin user 1029346 already exists
2026-03-15 11:04:44,196 - main - INFO - === Application startup completed successfully ===
2026-03-15 11:04:49,221 - core.database - DEBUG - [DB_OP] Starting get_db session creation
2026-03-15 11:04:49,221 - core.database - DEBUG - [DB_OP] Database session created successfully in 0.0003s
2026-03-15 11:04:49,221 - routers.jobs - DEBUG - Querying jobss: query={"active":true}, sort=-created_at, skip=0, limit=4, fields=None
2026-03-15 11:04:49,226 - core.database - DEBUG - [DB_OP] Starting get_db session creation
2026-03-15 11:04:49,226 - core.database - DEBUG - [DB_OP] Database session created successfully in 0.0002s
2026-03-15 11:04:49,226 - routers.banners - DEBUG - Querying bannerss: query={"active":true}, sort=None, skip=0, limit=2, fields=None
2026-03-15 11:04:49,229 - core.database - DEBUG - [DB_OP] Starting get_db session creation
2026-03-15 11:04:49,229 - core.database - DEBUG - [DB_OP] Database session created successfully in 0.0002s
2026-03-15 11:04:49,229 - routers.master_requests - DEBUG - Querying master_requestss: query=None, sort=-created_at, skip=0, limit=5, fields=None
2026-03-15 11:04:49,231 - core.database - DEBUG - [DB_OP] Starting get_db session creation
2026-03-15 11:04:49,232 - core.database - DEBUG - [DB_OP] Database session created successfully in 0.0001s
2026-03-15 11:04:49,232 - routers.announcements - DEBUG - Querying announcementss: query={"active":true,"status":"approved"}, sort=-created_at, skip=0, limit=4, fields=None
2026-03-15 11:04:49,234 - core.database - DEBUG - [DB_OP] Starting get_db session creation
2026-03-15 11:04:49,234 - core.database - DEBUG - [DB_OP] Database session created successfully in 0.0002s
2026-03-15 11:04:49,235 - routers.directory_entries - DEBUG - Querying directory_entriess: query=None, sort=None, skip=0, limit=8, fields=None
2026-03-15 11:04:49,239 - core.database - DEBUG - [DB_OP] Starting get_db session creation
2026-03-15 11:04:49,239 - core.database - DEBUG - [DB_OP] Database session created successfully in 0.0004s
2026-03-15 11:04:49,240 - routers.news - DEBUG - Querying newss: query={"published":true}, sort=-created_at, skip=0, limit=4, fields=None
2026-03-15 11:04:49,244 - core.database - DEBUG - [DB_OP] Starting get_db session creation
2026-03-15 11:04:49,244 - core.database - DEBUG - [DB_OP] Database session created successfully in 0.0002s
2026-03-15 11:04:49,244 - routers.questions - DEBUG - Querying questionss: query=None, sort=-created_at, skip=0, limit=4, fields=None
2026-03-15 11:04:49,248 - core.database - DEBUG - [DB_OP] Starting get_db session creation
2026-03-15 11:04:49,248 - core.database - DEBUG - [DB_OP] Database session created successfully in 0.0002s
2026-03-15 11:04:49,248 - routers.complaints - DEBUG - Querying complaintss: query=None, sort=-created_at, skip=0, limit=4, fields=None
2026-03-15 11:04:49,746 - routers.banners - DEBUG - Found 2 bannerss
2026-03-15 11:04:49,747 - core.database - DEBUG - [DB_OP] Database session cleanup after 0.5210s
2026-03-15 11:04:49,748 - routers.jobs - DEBUG - Found 5 jobss
2026-03-15 11:04:49,748 - core.database - DEBUG - [DB_OP] Database session cleanup after 0.5277s
2026-03-15 11:04:49,749 - routers.master_requests - DEBUG - Found 6 master_requestss
2026-03-15 11:04:49,749 - core.database - DEBUG - [DB_OP] Database session cleanup after 0.5205s
2026-03-15 11:04:49,750 - routers.directory_entries - DEBUG - Found 10 directory_entriess
2026-03-15 11:04:49,751 - core.database - DEBUG - [DB_OP] Database session cleanup after 0.5165s
2026-03-15 11:04:49,751 - routers.announcements - DEBUG - Found 1 announcementss
2026-03-15 11:04:49,751 - core.database - DEBUG - [DB_OP] Database session cleanup after 0.5201s
2026-03-15 11:04:49,926 - routers.news - DEBUG - Found 6 newss
2026-03-15 11:04:49,927 - core.database - DEBUG - [DB_OP] Database session cleanup after 0.6882s
2026-03-15 11:04:49,989 - routers.complaints - DEBUG - Found 6 complaintss
2026-03-15 11:04:49,990 - core.database - DEBUG - [DB_OP] Database session cleanup after 0.7427s
2026-03-15 11:04:49,992 - routers.questions - DEBUG - Found 7 questionss
2026-03-15 11:04:49,992 - core.database - DEBUG - [DB_OP] Database session cleanup after 0.7485s
2026-03-15 11:08:57,343 - core.database - DEBUG - [DB_OP] Starting get_db session creation
2026-03-15 11:08:57,344 - core.database - DEBUG - [DB_OP] Database session created successfully in 0.0005s
2026-03-15 11:08:57,344 - routers.master_requests - DEBUG - Querying master_requestss: query=None, sort=-created_at, skip=0, limit=5, fields=None
2026-03-15 11:08:57,345 - core.database - DEBUG - [DB_OP] Starting get_db session creation
2026-03-15 11:08:57,345 - core.database - DEBUG - [DB_OP] Database session created successfully in 0.0001s
2026-03-15 11:08:57,345 - routers.news - DEBUG - Querying newss: query={"published":true}, sort=-created_at, skip=0, limit=4, fields=None
2026-03-15 11:08:57,346 - core.database - DEBUG - [DB_OP] Starting get_db session creation
2026-03-15 11:08:57,346 - core.database - DEBUG - [DB_OP] Database session created successfully in 0.0002s
2026-03-15 11:08:57,346 - routers.complaints - DEBUG - Querying complaintss: query=None, sort=-created_at, skip=0, limit=4, fields=None
2026-03-15 11:08:57,348 - core.database - DEBUG - [DB_OP] Starting get_db session creation
2026-03-15 11:08:57,348 - core.database - DEBUG - [DB_OP] Database session created successfully in 0.0001s
2026-03-15 11:08:57,348 - routers.announcements - DEBUG - Querying announcementss: query={"active":true,"status":"approved"}, sort=-created_at, skip=0, limit=4, fields=None
2026-03-15 11:08:57,349 - core.database - DEBUG - [DB_OP] Starting get_db session creation
2026-03-15 11:08:57,349 - core.database - DEBUG - [DB_OP] Database session created successfully in 0.0001s
2026-03-15 11:08:57,349 - routers.jobs - DEBUG - Querying jobss: query={"active":true}, sort=-created_at, skip=0, limit=4, fields=None
2026-03-15 11:08:57,350 - core.database - DEBUG - [DB_OP] Starting get_db session creation
2026-03-15 11:08:57,350 - core.database - DEBUG - [DB_OP] Database session created successfully in 0.0001s
2026-03-15 11:08:57,350 - routers.questions - DEBUG - Querying questionss: query=None, sort=-created_at, skip=0, limit=4, fields=None
2026-03-15 11:08:57,705 - routers.announcements - DEBUG - Found 1 announcementss
2026-03-15 11:08:57,705 - core.database - DEBUG - [DB_OP] Database session cleanup after 0.3576s
2026-03-15 11:08:57,706 - routers.jobs - DEBUG - Found 5 jobss
2026-03-15 11:08:57,707 - core.database - DEBUG - [DB_OP] Database session cleanup after 0.3577s
2026-03-15 11:08:57,719 - core.database - DEBUG - [DB_OP] Starting get_db session creation
2026-03-15 11:08:57,719 - core.database - DEBUG - [DB_OP] Database session created successfully in 0.0003s
2026-03-15 11:08:57,720 - routers.directory_entries - DEBUG - Querying directory_entriess: query=None, sort=None, skip=0, limit=8, fields=None
2026-03-15 11:08:57,721 - core.database - DEBUG - [DB_OP] Starting get_db session creation
2026-03-15 11:08:57,721 - core.database - DEBUG - [DB_OP] Database session created successfully in 0.0001s
2026-03-15 11:08:57,721 - routers.banners - DEBUG - Querying bannerss: query={"active":true}, sort=None, skip=0, limit=2, fields=None
2026-03-15 11:08:57,811 - routers.master_requests - DEBUG - Found 6 master_requestss
2026-03-15 11:08:57,812 - core.database - DEBUG - [DB_OP] Database session cleanup after 0.4692s
2026-03-15 11:08:57,813 - routers.news - DEBUG - Found 6 newss
2026-03-15 11:08:57,814 - core.database - DEBUG - [DB_OP] Database session cleanup after 0.4685s
2026-03-15 11:08:57,820 - routers.complaints - DEBUG - Found 6 complaintss
2026-03-15 11:08:57,821 - core.database - DEBUG - [DB_OP] Database session cleanup after 0.4751s
2026-03-15 11:08:57,878 - routers.questions - DEBUG - Found 7 questionss
2026-03-15 11:08:57,878 - core.database - DEBUG - [DB_OP] Database session cleanup after 0.5284s
2026-03-15 11:08:58,251 - routers.banners - DEBUG - Found 2 bannerss
2026-03-15 11:08:58,252 - core.database - DEBUG - [DB_OP] Database session cleanup after 0.5309s
2026-03-15 11:08:58,310 - routers.directory_entries - DEBUG - Found 10 directory_entriess
2026-03-15 11:08:58,311 - core.database - DEBUG - [DB_OP] Database session cleanup after 0.5917s
2026-03-15 11:09:41,162 - services.database - DEBUG - [DB_OP] Starting database close
2026-03-15 11:09:41,655 - core.database - INFO - Database connection closed and engine disposed
2026-03-15 11:09:41,655 - services.database - INFO - Database connections closed
2026-03-15 11:09:41,655 - services.database - DEBUG - [DB_OP] Database close completed in 0.4932s
