2026-03-22 10:26:00,388 - main - INFO - === Logging system initialized ===
2026-03-22 10:26:00,389 - main - INFO - Log file: logs/app_20260322_102600.log
2026-03-22 10:26:00,389 - main - INFO - Log level: INFO
2026-03-22 10:26:00,389 - main - INFO - Timestamp: 20260322_102600
2026-03-22 10:26:01,416 - main - INFO - Included router: routers.aihub.router
2026-03-22 10:26:01,473 - main - INFO - Included router: routers.announcements.router
2026-03-22 10:26:01,494 - main - INFO - Included router: routers.auth.router
2026-03-22 10:26:01,547 - main - INFO - Included router: routers.banners.router
2026-03-22 10:26:01,704 - main - INFO - Included router: routers.become_master_requests.router
2026-03-22 10:26:01,789 - main - INFO - Included router: routers.categories.router
2026-03-22 10:26:01,847 - main - INFO - Included router: routers.complaints.router
2026-03-22 10:26:01,850 - main - WARNING - Failed to import module 'routers.debug_schema': cannot import name 'async_engine' from 'core.database' (/workspace/app/backend/core/database.py)
2026-03-22 10:26:01,904 - main - INFO - Included router: routers.directory_entries.router
2026-03-22 10:26:01,960 - main - INFO - Included router: routers.food_categories.router
2026-03-22 10:26:02,012 - main - INFO - Included router: routers.food_item_modifiers.router
2026-03-22 10:26:02,086 - main - INFO - Included router: routers.food_items.router
2026-03-22 10:26:02,132 - main - INFO - Included router: routers.food_modifiers.router
2026-03-22 10:26:02,181 - main - INFO - Included router: routers.food_orders.router
2026-03-22 10:26:02,223 - main - INFO - Included router: routers.food_settings.router
2026-03-22 10:26:02,227 - main - INFO - Included router: routers.health.router
2026-03-22 10:26:02,287 - main - INFO - Included router: routers.inspectors.router
2026-03-22 10:26:02,397 - main - INFO - Included router: routers.item_modifier_groups.router
2026-03-22 10:26:02,457 - main - INFO - Included router: routers.jobs.router
2026-03-22 10:26:02,635 - main - INFO - Included router: routers.master_requests.router
2026-03-22 10:26:02,691 - main - INFO - Included router: routers.masters.router
2026-03-22 10:26:02,808 - main - INFO - Included router: routers.modifier_groups.router
2026-03-22 10:26:02,908 - main - INFO - Included router: routers.modifier_options.router
2026-03-22 10:26:02,961 - main - INFO - Included router: routers.news.router
2026-03-22 10:26:03,002 - main - INFO - Included router: routers.question_answers.router
2026-03-22 10:26:03,078 - main - INFO - Included router: routers.questions.router
2026-03-22 10:26:03,139 - main - INFO - Included router: routers.real_estate.router
2026-03-22 10:26:03,160 - main - INFO - Included router: routers.settings.router
2026-03-22 10:26:03,199 - main - INFO - Included router: routers.storage.router
2026-03-22 10:26:03,229 - main - INFO - Included router: routers.telegram.router
2026-03-22 10:26:03,238 - main - INFO - Included router: routers.user.router
2026-03-22 10:26:03,291 - main - INFO - Included router: routers.user_preferences.router
2026-03-22 10:26:03,293 - main - INFO - === Application startup initiated ===
2026-03-22 10:26:03,293 - services.database - INFO - Ignore creating tables
2026-03-22 10:26:03,293 - services.mock_data - INFO - Ignore initialize data
2026-03-22 10:26:03,293 - services.auth - INFO - Ignore initialize admin
2026-03-22 10:26:03,293 - main - INFO - === Application startup completed successfully ===
2026-03-22 10:26:09,715 - core.database - DEBUG - [DB_OP] Starting get_db session creation
2026-03-22 10:26:09,715 - core.database - WARNING - Database session maker not available, attempting lazy initialization...
2026-03-22 10:26:09,715 - core.database - WARNING - Database not initialized, attempting lazy initialization...
2026-03-22 10:26:09,715 - core.database - INFO - Starting database initialization...
2026-03-22 10:26:09,716 - core.config - DEBUG - Read dynamic attribute database_url from environment variable DATABASE_URL
2026-03-22 10:26:09,716 - core.database - INFO - Normalizing database URL for async compatibility...
2026-03-22 10:26:09,717 - core.database - INFO - Creating async database engine...
2026-03-22 10:26:09,717 - core.database - INFO - Using QueuePool with connection pooling for non-Lambda environment
2026-03-22 10:26:09,970 - core.database - INFO - Database engine created successfully
2026-03-22 10:26:09,971 - core.database - INFO - Creating async session maker...
2026-03-22 10:26:09,971 - core.database - INFO - Async session maker created successfully
2026-03-22 10:26:09,972 - core.database - INFO - Database connection initialized successfully
2026-03-22 10:26:09,972 - core.database - DEBUG - [DB_OP] Starting create_tables
2026-03-22 10:26:09,972 - core.database - INFO - 🔧 Starting table creation...
2026-03-22 10:26:09,979 - core.database - DEBUG - [DB_OP] Starting get_db session creation
2026-03-22 10:26:09,979 - core.database - DEBUG - [DB_OP] Database session created successfully in 0.0005s
2026-03-22 10:26:09,979 - routers.jobs - DEBUG - Querying jobss: query={"active":true}, sort=-created_at, skip=0, limit=6, fields=None
2026-03-22 10:26:09,984 - core.database - DEBUG - [DB_OP] Starting get_db session creation
2026-03-22 10:26:09,985 - core.database - DEBUG - [DB_OP] Database session created successfully in 0.0003s
2026-03-22 10:26:09,985 - routers.announcements - DEBUG - Querying announcementss: query={"active":true,"status":"approved"}, sort=-created_at, skip=0, limit=6, fields=None
2026-03-22 10:26:09,991 - core.database - DEBUG - [DB_OP] Starting get_db session creation
2026-03-22 10:26:09,991 - core.database - DEBUG - [DB_OP] Database session created successfully in 0.0003s
2026-03-22 10:26:09,991 - routers.complaints - DEBUG - Querying complaintss: query=None, sort=-created_at, skip=0, limit=6, fields=None
2026-03-22 10:26:09,996 - core.database - DEBUG - [DB_OP] Starting get_db session creation
2026-03-22 10:26:09,996 - core.database - DEBUG - [DB_OP] Database session created successfully in 0.0003s
2026-03-22 10:26:09,997 - routers.master_requests - DEBUG - Querying master_requestss: query=None, sort=-created_at, skip=0, limit=6, fields=None
2026-03-22 10:26:10,031 - core.database - DEBUG - [DB_OP] Starting get_db session creation
2026-03-22 10:26:10,031 - core.database - DEBUG - [DB_OP] Database session created successfully in 0.0003s
2026-03-22 10:26:10,031 - routers.categories - DEBUG - Querying categoriess: query=None, sort=sort_order, skip=0, limit=200, fields=None
2026-03-22 10:26:10,036 - core.database - DEBUG - [DB_OP] Starting get_db session creation
2026-03-22 10:26:10,036 - core.database - DEBUG - [DB_OP] Database session created successfully in 0.0004s
2026-03-22 10:26:10,037 - routers.news - DEBUG - Querying newss: query={"published":true}, sort=-created_at, skip=0, limit=6, fields=None
2026-03-22 10:26:11,410 - routers.complaints - DEBUG - Found 11 complaintss
2026-03-22 10:26:11,411 - core.database - DEBUG - [DB_OP] Database session cleanup after 1.4206s
2026-03-22 10:26:11,414 - routers.master_requests - DEBUG - Found 12 master_requestss
2026-03-22 10:26:11,415 - core.database - DEBUG - [DB_OP] Database session cleanup after 1.4186s
2026-03-22 10:26:11,420 - routers.news - DEBUG - Found 10 newss
2026-03-22 10:26:11,421 - core.database - DEBUG - [DB_OP] Database session cleanup after 1.3851s
2026-03-22 10:26:11,423 - routers.jobs - DEBUG - Found 5 jobss
2026-03-22 10:26:11,423 - core.database - DEBUG - [DB_OP] Database session cleanup after 1.4449s
2026-03-22 10:26:11,435 - routers.announcements - DEBUG - Found 1 announcementss
2026-03-22 10:26:11,436 - core.database - DEBUG - [DB_OP] Database session cleanup after 1.4517s
2026-03-22 10:26:11,475 - routers.categories - DEBUG - Found 45 categoriess
2026-03-22 10:26:11,476 - core.database - DEBUG - [DB_OP] Database session cleanup after 1.4454s
2026-03-22 10:26:12,784 - core.database - INFO - Tables initialized successfully
2026-03-22 10:26:12,784 - core.database - DEBUG - [DB_OP] Create tables completed in 2.8123s
2026-03-22 10:26:12,844 - core.database - INFO - Lazy database initialization completed successfully
2026-03-22 10:26:12,845 - core.database - DEBUG - [DB_OP] Database session created successfully in 3.1301s
2026-03-22 10:26:12,845 - routers.banners - DEBUG - Querying bannerss: query={"active":true}, sort=None, skip=0, limit=4, fields=None
2026-03-22 10:26:13,373 - routers.banners - DEBUG - Found 2 bannerss
2026-03-22 10:26:13,374 - core.database - DEBUG - [DB_OP] Database session cleanup after 3.6595s
2026-03-22 10:26:17,220 - core.database - DEBUG - [DB_OP] Starting get_db session creation
2026-03-22 10:26:17,220 - core.database - DEBUG - [DB_OP] Database session created successfully in 0.0005s
2026-03-22 10:26:17,221 - routers.food_items - DEBUG - Querying food_itemss: query=None, sort=sort_order, skip=0, limit=200, fields=None
2026-03-22 10:26:17,229 - core.database - DEBUG - [DB_OP] Starting get_db session creation
2026-03-22 10:26:17,229 - core.database - DEBUG - [DB_OP] Database session created successfully in 0.0006s
2026-03-22 10:26:17,230 - routers.food_categories - DEBUG - Querying food_categoriess: query=None, sort=sort_order, skip=0, limit=50, fields=None
2026-03-22 10:26:17,236 - core.database - DEBUG - [DB_OP] Starting get_db session creation
2026-03-22 10:26:17,236 - core.database - DEBUG - [DB_OP] Database session created successfully in 0.0004s
2026-03-22 10:26:17,237 - routers.item_modifier_groups - DEBUG - Querying item_modifier_groupss: query=None, sort=None, skip=0, limit=500, fields=None
2026-03-22 10:26:17,241 - core.database - DEBUG - [DB_OP] Starting get_db session creation
2026-03-22 10:26:17,241 - core.database - DEBUG - [DB_OP] Database session created successfully in 0.0004s
2026-03-22 10:26:17,242 - routers.modifier_groups - DEBUG - Querying modifier_groupss: query=None, sort=sort_order, skip=0, limit=100, fields=None
2026-03-22 10:26:17,250 - core.database - DEBUG - [DB_OP] Starting get_db session creation
2026-03-22 10:26:17,251 - core.database - DEBUG - [DB_OP] Database session created successfully in 0.0005s
2026-03-22 10:26:17,251 - routers.modifier_options - DEBUG - Querying modifier_optionss: query=None, sort=sort_order, skip=0, limit=500, fields=None
2026-03-22 10:26:17,259 - core.database - DEBUG - [DB_OP] Starting get_db session creation
2026-03-22 10:26:17,259 - core.database - DEBUG - [DB_OP] Database session created successfully in 0.0004s
2026-03-22 10:26:17,259 - routers.food_settings - DEBUG - Querying food_settingss: query=None, sort=None, skip=0, limit=50, fields=None
2026-03-22 10:26:17,762 - routers.food_categories - DEBUG - Found 6 food_categoriess
2026-03-22 10:26:17,763 - core.database - DEBUG - [DB_OP] Database session cleanup after 0.5347s
2026-03-22 10:26:17,769 - routers.item_modifier_groups - DEBUG - Found 0 item_modifier_groupss
2026-03-22 10:26:17,769 - core.database - DEBUG - [DB_OP] Database session cleanup after 0.5335s
2026-03-22 10:26:17,779 - routers.modifier_groups - DEBUG - Found 0 modifier_groupss
2026-03-22 10:26:17,780 - core.database - DEBUG - [DB_OP] Database session cleanup after 0.5389s
2026-03-22 10:26:17,788 - routers.modifier_options - DEBUG - Found 0 modifier_optionss
2026-03-22 10:26:17,788 - core.database - DEBUG - [DB_OP] Database session cleanup after 0.5380s
2026-03-22 10:26:17,801 - routers.food_settings - DEBUG - Found 6 food_settingss
2026-03-22 10:26:17,802 - core.database - DEBUG - [DB_OP] Database session cleanup after 0.5435s
2026-03-22 10:26:17,812 - routers.food_items - DEBUG - Found 13 food_itemss
2026-03-22 10:26:17,813 - core.database - DEBUG - [DB_OP] Database session cleanup after 0.5930s
2026-03-22 10:26:49,338 - core.database - DEBUG - [DB_OP] Starting get_db session creation
2026-03-22 10:26:49,339 - core.database - DEBUG - [DB_OP] Database session created successfully in 0.0005s
2026-03-22 10:26:49,339 - routers.news - DEBUG - Querying newss: query=None, sort=-created_at, skip=0, limit=100, fields=None
2026-03-22 10:26:49,866 - routers.news - DEBUG - Found 10 newss
2026-03-22 10:26:49,867 - core.database - DEBUG - [DB_OP] Database session cleanup after 0.5287s
2026-03-22 10:26:50,268 - core.config - DEBUG - Read dynamic attribute jwt_secret_key from environment variable JWT_SECRET_KEY
2026-03-22 10:26:50,268 - core.config - DEBUG - Read dynamic attribute jwt_algorithm from environment variable JWT_ALGORITHM
2026-03-22 10:26:50,281 - core.auth - DEBUG - Authentication token validated for user hash: 1b536645
2026-03-22 10:26:50,282 - core.config - DEBUG - Read dynamic attribute oss_service_url from environment variable OSS_SERVICE_URL
2026-03-22 10:26:50,282 - core.config - DEBUG - Read dynamic attribute oss_api_key from environment variable OSS_API_KEY
2026-03-22 10:26:50,385 - httpcore.connection - DEBUG - connect_tcp.started host='atoms.dev' port=443 local_address=None timeout=120.0 socket_options=None
2026-03-22 10:26:50,387 - core.auth - DEBUG - Authentication token validated for user hash: 1b536645
2026-03-22 10:26:50,421 - httpcore.connection - DEBUG - connect_tcp.started host='atoms.dev' port=443 local_address=None timeout=120.0 socket_options=None
2026-03-22 10:26:50,423 - core.auth - DEBUG - Authentication token validated for user hash: 1b536645
2026-03-22 10:26:50,454 - httpcore.connection - DEBUG - connect_tcp.started host='atoms.dev' port=443 local_address=None timeout=120.0 socket_options=None
2026-03-22 10:26:50,458 - httpcore.connection - DEBUG - connect_tcp.complete return_value=<httpcore._backends.anyio.AnyIOStream object at 0x7f076ea6aaa0>
2026-03-22 10:26:50,459 - httpcore.connection - DEBUG - start_tls.started ssl_context=<ssl.SSLContext object at 0x7f0768446ac0> server_hostname='atoms.dev' timeout=120.0
2026-03-22 10:26:50,461 - httpcore.connection - DEBUG - connect_tcp.complete return_value=<httpcore._backends.anyio.AnyIOStream object at 0x7f076ea90cd0>
2026-03-22 10:26:50,461 - httpcore.connection - DEBUG - start_tls.started ssl_context=<ssl.SSLContext object at 0x7f0768446b40> server_hostname='atoms.dev' timeout=120.0
2026-03-22 10:26:50,467 - httpcore.connection - DEBUG - start_tls.complete return_value=<httpcore._backends.anyio.AnyIOStream object at 0x7f076ea69ed0>
2026-03-22 10:26:50,469 - httpcore.http11 - DEBUG - send_request_headers.started request=<Request [b'POST']>
2026-03-22 10:26:50,472 - httpcore.connection - DEBUG - connect_tcp.complete return_value=<httpcore._backends.anyio.AnyIOStream object at 0x7f076ea926b0>
2026-03-22 10:26:50,472 - httpcore.connection - DEBUG - start_tls.started ssl_context=<ssl.SSLContext object at 0x7f0768446cc0> server_hostname='atoms.dev' timeout=120.0
2026-03-22 10:26:50,473 - httpcore.http11 - DEBUG - send_request_headers.complete
2026-03-22 10:26:50,473 - httpcore.http11 - DEBUG - send_request_body.started request=<Request [b'POST']>
2026-03-22 10:26:50,474 - httpcore.connection - DEBUG - start_tls.complete return_value=<httpcore._backends.anyio.AnyIOStream object at 0x7f076ea90130>
2026-03-22 10:26:50,474 - httpcore.http11 - DEBUG - send_request_body.complete
2026-03-22 10:26:50,475 - httpcore.http11 - DEBUG - receive_response_headers.started request=<Request [b'POST']>
2026-03-22 10:26:50,475 - httpcore.http11 - DEBUG - send_request_headers.started request=<Request [b'POST']>
2026-03-22 10:26:50,475 - httpcore.http11 - DEBUG - send_request_headers.complete
2026-03-22 10:26:50,475 - httpcore.http11 - DEBUG - send_request_body.started request=<Request [b'POST']>
2026-03-22 10:26:50,475 - httpcore.http11 - DEBUG - send_request_body.complete
2026-03-22 10:26:50,476 - httpcore.http11 - DEBUG - receive_response_headers.started request=<Request [b'POST']>
2026-03-22 10:26:50,483 - httpcore.connection - DEBUG - start_tls.complete return_value=<httpcore._backends.anyio.AnyIOStream object at 0x7f076ea92440>
2026-03-22 10:26:50,483 - httpcore.http11 - DEBUG - send_request_headers.started request=<Request [b'POST']>
2026-03-22 10:26:50,484 - httpcore.http11 - DEBUG - send_request_headers.complete
2026-03-22 10:26:50,484 - httpcore.http11 - DEBUG - send_request_body.started request=<Request [b'POST']>
2026-03-22 10:26:50,485 - httpcore.http11 - DEBUG - send_request_body.complete
2026-03-22 10:26:50,485 - httpcore.http11 - DEBUG - receive_response_headers.started request=<Request [b'POST']>
2026-03-22 10:26:50,503 - httpcore.http11 - DEBUG - receive_response_headers.complete return_value=(b'HTTP/1.1', 200, b'OK', [(b'Date', b'Sun, 22 Mar 2026 17:26:50 GMT'), (b'Content-Type', b'application/json; charset=utf-8'), (b'Transfer-Encoding', b'chunked'), (b'Connection', b'keep-alive'), (b'Access-Control-Allow-Headers', b'Origin, Content-Type, Accept, Authorization'), (b'Access-Control-Allow-Methods', b'GET, POST, PUT, DELETE, OPTIONS'), (b'Access-Control-Allow-Origin', b'*'), (b'Access-Control-Max-Age', b'86400'), (b'X-Request-Id', b'657a85cbb98a56fad047866a7ba6674b'), (b'X-Trace-Id', b'e6360e37ede447548154cb8b0d8a2492'), (b'Content-Security-Policy', b"frame-ancestors 'self' https://atoms.dev"), (b'Strict-Transport-Security', b'max-age=63072000; includeSubDomains; preload'), (b'X-Content-Type-Options', b'nosniff'), (b'X-XSS-Protection', b'1; mode=block'), (b'Referrer-Policy', b'strict-origin-when-cross-origin'), (b'cf-cache-status', b'DYNAMIC'), (b'Content-Encoding', b'gzip'), (b'Server', b'cloudflare'), (b'CF-RAY', b'9e06e75579d4e66c-LAX')])
2026-03-22 10:26:50,504 - httpx - INFO - HTTP Request: POST https://atoms.dev/api/v1/infra/client/oss/buckets/portal-images/objects/download_url "HTTP/1.1 200 OK"
2026-03-22 10:26:50,504 - httpcore.http11 - DEBUG - receive_response_body.started request=<Request [b'POST']>
2026-03-22 10:26:50,505 - httpcore.http11 - DEBUG - receive_response_body.complete
2026-03-22 10:26:50,505 - httpcore.http11 - DEBUG - response_closed.started
2026-03-22 10:26:50,505 - httpcore.http11 - DEBUG - response_closed.complete
2026-03-22 10:26:50,505 - httpcore.connection - DEBUG - close.started
2026-03-22 10:26:50,505 - httpcore.connection - DEBUG - close.complete
2026-03-22 10:26:50,508 - httpcore.http11 - DEBUG - receive_response_headers.complete return_value=(b'HTTP/1.1', 200, b'OK', [(b'Date', b'Sun, 22 Mar 2026 17:26:50 GMT'), (b'Content-Type', b'application/json; charset=utf-8'), (b'Transfer-Encoding', b'chunked'), (b'Connection', b'keep-alive'), (b'Access-Control-Allow-Headers', b'Origin, Content-Type, Accept, Authorization'), (b'Access-Control-Allow-Methods', b'GET, POST, PUT, DELETE, OPTIONS'), (b'Access-Control-Allow-Origin', b'*'), (b'Access-Control-Max-Age', b'86400'), (b'X-Request-Id', b'649cb5913ae0838ee81dae79714eaec8'), (b'X-Trace-Id', b'4adf80b7170c42f5a694062ae61d68e4'), (b'Content-Security-Policy', b"frame-ancestors 'self' https://atoms.dev"), (b'Strict-Transport-Security', b'max-age=63072000; includeSubDomains; preload'), (b'X-Content-Type-Options', b'nosniff'), (b'X-XSS-Protection', b'1; mode=block'), (b'Referrer-Policy', b'strict-origin-when-cross-origin'), (b'cf-cache-status', b'DYNAMIC'), (b'Content-Encoding', b'gzip'), (b'Server', b'cloudflare'), (b'CF-RAY', b'9e06e7557be22f62-LAX')])
2026-03-22 10:26:50,509 - httpx - INFO - HTTP Request: POST https://atoms.dev/api/v1/infra/client/oss/buckets/portal-images/objects/download_url "HTTP/1.1 200 OK"
2026-03-22 10:26:50,509 - httpcore.http11 - DEBUG - receive_response_body.started request=<Request [b'POST']>
2026-03-22 10:26:50,509 - httpcore.http11 - DEBUG - receive_response_body.complete
2026-03-22 10:26:50,509 - httpcore.http11 - DEBUG - response_closed.started
2026-03-22 10:26:50,510 - httpcore.http11 - DEBUG - response_closed.complete
2026-03-22 10:26:50,510 - httpcore.connection - DEBUG - close.started
2026-03-22 10:26:50,510 - httpcore.connection - DEBUG - close.complete
2026-03-22 10:26:50,514 - httpcore.http11 - DEBUG - receive_response_headers.complete return_value=(b'HTTP/1.1', 200, b'OK', [(b'Date', b'Sun, 22 Mar 2026 17:26:50 GMT'), (b'Content-Type', b'application/json; charset=utf-8'), (b'Transfer-Encoding', b'chunked'), (b'Connection', b'keep-alive'), (b'Access-Control-Allow-Headers', b'Origin, Content-Type, Accept, Authorization'), (b'Access-Control-Allow-Methods', b'GET, POST, PUT, DELETE, OPTIONS'), (b'Access-Control-Allow-Origin', b'*'), (b'Access-Control-Max-Age', b'86400'), (b'X-Request-Id', b'859b9d40875594ae8828d0a385df3c7b'), (b'X-Trace-Id', b'03f603ede56641fd9517cd8fcf59e75b'), (b'Content-Security-Policy', b"frame-ancestors 'self' https://atoms.dev"), (b'Strict-Transport-Security', b'max-age=63072000; includeSubDomains; preload'), (b'X-Content-Type-Options', b'nosniff'), (b'X-XSS-Protection', b'1; mode=block'), (b'Referrer-Policy', b'strict-origin-when-cross-origin'), (b'cf-cache-status', b'DYNAMIC'), (b'Content-Encoding', b'gzip'), (b'Server', b'cloudflare'), (b'CF-RAY', b'9e06e7558f7c2ef0-LAX')])
2026-03-22 10:26:50,514 - httpx - INFO - HTTP Request: POST https://atoms.dev/api/v1/infra/client/oss/buckets/portal-images/objects/download_url "HTTP/1.1 200 OK"
2026-03-22 10:26:50,515 - httpcore.http11 - DEBUG - receive_response_body.started request=<Request [b'POST']>
2026-03-22 10:26:50,515 - httpcore.http11 - DEBUG - receive_response_body.complete
2026-03-22 10:26:50,515 - httpcore.http11 - DEBUG - response_closed.started
2026-03-22 10:26:50,515 - httpcore.http11 - DEBUG - response_closed.complete
2026-03-22 10:26:50,515 - httpcore.connection - DEBUG - close.started
2026-03-22 10:26:50,516 - httpcore.connection - DEBUG - close.complete
2026-03-22 10:26:53,716 - core.database - DEBUG - [DB_OP] Starting get_db session creation
2026-03-22 10:26:53,716 - core.database - DEBUG - [DB_OP] Database session created successfully in 0.0007s
2026-03-22 10:26:53,717 - routers.item_modifier_groups - DEBUG - Querying item_modifier_groupss: query=None, sort=None, skip=0, limit=500, fields=None
2026-03-22 10:26:53,723 - core.database - DEBUG - [DB_OP] Starting get_db session creation
2026-03-22 10:26:53,724 - core.database - DEBUG - [DB_OP] Database session created successfully in 0.0003s
2026-03-22 10:26:53,724 - routers.food_categories - DEBUG - Querying food_categoriess: query=None, sort=sort_order, skip=0, limit=100, fields=None
2026-03-22 10:26:53,725 - core.database - DEBUG - [DB_OP] Starting get_db session creation
2026-03-22 10:26:53,725 - core.database - DEBUG - [DB_OP] Database session created successfully in 0.0002s
2026-03-22 10:26:53,725 - routers.food_items - DEBUG - Querying food_itemss: query=None, sort=sort_order, skip=0, limit=200, fields=None
2026-03-22 10:26:53,730 - core.database - DEBUG - [DB_OP] Starting get_db session creation
2026-03-22 10:26:53,731 - core.database - DEBUG - [DB_OP] Database session created successfully in 0.0004s
2026-03-22 10:26:53,731 - routers.modifier_groups - DEBUG - Querying modifier_groupss: query=None, sort=sort_order, skip=0, limit=100, fields=None
2026-03-22 10:26:53,978 - core.database - DEBUG - [DB_OP] Starting get_db session creation
2026-03-22 10:26:53,978 - core.database - DEBUG - [DB_OP] Database session created successfully in 0.0005s
2026-03-22 10:26:53,979 - routers.modifier_options - DEBUG - Querying modifier_optionss: query=None, sort=sort_order, skip=0, limit=500, fields=None
2026-03-22 10:26:54,189 - routers.item_modifier_groups - DEBUG - Found 0 item_modifier_groupss
2026-03-22 10:26:54,190 - core.database - DEBUG - [DB_OP] Database session cleanup after 0.4739s
2026-03-22 10:26:54,193 - routers.food_categories - DEBUG - Found 6 food_categoriess
2026-03-22 10:26:54,194 - core.database - DEBUG - [DB_OP] Database session cleanup after 0.4708s
2026-03-22 10:26:54,201 - routers.modifier_groups - DEBUG - Found 0 modifier_groupss
2026-03-22 10:26:54,202 - core.database - DEBUG - [DB_OP] Database session cleanup after 0.4717s
2026-03-22 10:26:54,256 - routers.food_items - DEBUG - Found 13 food_itemss
2026-03-22 10:26:54,257 - core.database - DEBUG - [DB_OP] Database session cleanup after 0.5322s
2026-03-22 10:26:54,459 - routers.modifier_options - DEBUG - Found 0 modifier_optionss
2026-03-22 10:26:54,459 - core.database - DEBUG - [DB_OP] Database session cleanup after 0.4817s
2026-03-22 10:27:13,658 - core.database - DEBUG - [DB_OP] Starting get_db session creation
2026-03-22 10:27:13,659 - core.database - DEBUG - [DB_OP] Database session created successfully in 0.0004s
2026-03-22 10:27:13,659 - routers.food_settings - DEBUG - Querying food_settingss: query=None, sort=None, skip=0, limit=50, fields=None
2026-03-22 10:27:14,134 - routers.food_settings - DEBUG - Found 6 food_settingss
2026-03-22 10:27:14,135 - core.database - DEBUG - [DB_OP] Database session cleanup after 0.4764s
2026-03-22 10:27:16,962 - core.database - DEBUG - [DB_OP] Starting get_db session creation
2026-03-22 10:27:16,962 - core.database - DEBUG - [DB_OP] Database session created successfully in 0.0004s
2026-03-22 10:27:16,963 - routers.food_orders - DEBUG - Querying food_orderss: query=None, sort=-created_at, skip=0, limit=100, fields=None
2026-03-22 10:27:17,439 - routers.food_orders - DEBUG - Found 1 food_orderss
2026-03-22 10:27:17,440 - core.database - DEBUG - [DB_OP] Database session cleanup after 0.4777s
2026-03-22 10:27:18,636 - core.database - DEBUG - [DB_OP] Starting get_db session creation
2026-03-22 10:27:18,637 - core.database - DEBUG - [DB_OP] Database session created successfully in 0.0005s
2026-03-22 10:27:18,637 - routers.food_items - DEBUG - Querying food_itemss: query=None, sort=sort_order, skip=0, limit=200, fields=None
2026-03-22 10:27:18,639 - core.database - DEBUG - [DB_OP] Starting get_db session creation
2026-03-22 10:27:18,639 - core.database - DEBUG - [DB_OP] Database session created successfully in 0.0002s
2026-03-22 10:27:18,639 - routers.modifier_options - DEBUG - Querying modifier_optionss: query=None, sort=sort_order, skip=0, limit=500, fields=None
2026-03-22 10:27:18,641 - core.database - DEBUG - [DB_OP] Starting get_db session creation
2026-03-22 10:27:18,641 - core.database - DEBUG - [DB_OP] Database session created successfully in 0.0005s
2026-03-22 10:27:18,642 - routers.modifier_groups - DEBUG - Querying modifier_groupss: query=None, sort=sort_order, skip=0, limit=100, fields=None
2026-03-22 10:27:18,643 - core.database - DEBUG - [DB_OP] Starting get_db session creation
2026-03-22 10:27:18,643 - core.database - DEBUG - [DB_OP] Database session created successfully in 0.0001s
2026-03-22 10:27:18,644 - routers.item_modifier_groups - DEBUG - Querying item_modifier_groupss: query=None, sort=None, skip=0, limit=500, fields=None
2026-03-22 10:27:18,644 - core.database - DEBUG - [DB_OP] Starting get_db session creation
2026-03-22 10:27:18,645 - core.database - DEBUG - [DB_OP] Database session created successfully in 0.0001s
2026-03-22 10:27:18,645 - routers.food_categories - DEBUG - Querying food_categoriess: query=None, sort=sort_order, skip=0, limit=100, fields=None
2026-03-22 10:27:18,991 - routers.modifier_groups - DEBUG - Found 0 modifier_groupss
2026-03-22 10:27:18,992 - core.database - DEBUG - [DB_OP] Database session cleanup after 0.3514s
2026-03-22 10:27:19,112 - routers.modifier_options - DEBUG - Found 0 modifier_optionss
2026-03-22 10:27:19,112 - core.database - DEBUG - [DB_OP] Database session cleanup after 0.4734s
2026-03-22 10:27:19,116 - routers.item_modifier_groups - DEBUG - Found 0 item_modifier_groupss
2026-03-22 10:27:19,116 - core.database - DEBUG - [DB_OP] Database session cleanup after 0.4732s
2026-03-22 10:27:19,122 - routers.food_categories - DEBUG - Found 6 food_categoriess
2026-03-22 10:27:19,123 - core.database - DEBUG - [DB_OP] Database session cleanup after 0.4787s
2026-03-22 10:27:19,171 - routers.food_items - DEBUG - Found 13 food_itemss
2026-03-22 10:27:19,172 - core.database - DEBUG - [DB_OP] Database session cleanup after 0.5359s
2026-03-22 10:27:51,031 - core.database - DEBUG - [DB_OP] Starting get_db session creation
2026-03-22 10:27:51,032 - core.database - DEBUG - [DB_OP] Database session created successfully in 0.0005s
2026-03-22 10:27:51,032 - routers.banners - DEBUG - Querying bannerss: query=None, sort=-created_at, skip=0, limit=50, fields=None
2026-03-22 10:27:51,508 - routers.banners - DEBUG - Found 2 bannerss
2026-03-22 10:27:51,508 - core.database - DEBUG - [DB_OP] Database session cleanup after 0.4772s
2026-03-22 10:27:53,001 - core.database - DEBUG - [DB_OP] Starting get_db session creation
2026-03-22 10:27:53,001 - core.database - DEBUG - [DB_OP] Database session created successfully in 0.0004s
2026-03-22 10:27:53,001 - routers.inspectors - DEBUG - Querying inspectorss: query=None, sort=precinct_number, skip=0, limit=200, fields=None
2026-03-22 10:27:53,475 - routers.inspectors - DEBUG - Found 1 inspectorss
2026-03-22 10:27:53,476 - core.database - DEBUG - [DB_OP] Database session cleanup after 0.4756s
2026-03-22 10:27:55,420 - core.database - DEBUG - [DB_OP] Starting get_db session creation
2026-03-22 10:27:55,421 - core.database - DEBUG - [DB_OP] Database session created successfully in 0.0003s
2026-03-22 10:27:55,421 - routers.directory_entries - DEBUG - Querying directory_entriess: query=None, sort=-created_at, skip=0, limit=200, fields=None
2026-03-22 10:27:55,951 - routers.directory_entries - DEBUG - Found 14 directory_entriess
2026-03-22 10:27:55,952 - core.database - DEBUG - [DB_OP] Database session cleanup after 0.5318s
2026-03-22 10:28:01,454 - core.database - DEBUG - [DB_OP] Starting get_db session creation
2026-03-22 10:28:01,454 - core.database - DEBUG - [DB_OP] Database session created successfully in 0.0004s
2026-03-22 10:28:01,455 - routers.masters - DEBUG - Querying masterss: query=None, sort=-created_at, skip=0, limit=200, fields=None
2026-03-22 10:28:01,929 - routers.masters - DEBUG - Found 8 masterss
2026-03-22 10:28:01,930 - core.database - DEBUG - [DB_OP] Database session cleanup after 0.4760s
2026-03-22 10:28:05,008 - core.database - DEBUG - [DB_OP] Starting get_db session creation
2026-03-22 10:28:05,008 - core.database - DEBUG - [DB_OP] Database session created successfully in 0.0004s
2026-03-22 10:28:05,009 - routers.real_estate - DEBUG - Querying real_estates: query={}, sort=-created_at, skip=0, limit=200, fields=None
2026-03-22 10:28:05,490 - routers.real_estate - DEBUG - Found 0 real_estates
2026-03-22 10:28:05,491 - core.database - DEBUG - [DB_OP] Database session cleanup after 0.4827s
2026-03-22 10:28:08,262 - core.database - DEBUG - [DB_OP] Starting get_db session creation
2026-03-22 10:28:08,263 - core.database - DEBUG - [DB_OP] Database session created successfully in 0.0004s
2026-03-22 10:28:08,263 - routers.master_requests - DEBUG - Querying master_requestss: query=None, sort=-created_at, skip=0, limit=6, fields=None
2026-03-22 10:28:08,265 - core.database - DEBUG - [DB_OP] Starting get_db session creation
2026-03-22 10:28:08,265 - core.database - DEBUG - [DB_OP] Database session created successfully in 0.0002s
2026-03-22 10:28:08,265 - routers.jobs - DEBUG - Querying jobss: query={"active":true}, sort=-created_at, skip=0, limit=6, fields=None
2026-03-22 10:28:08,268 - core.database - DEBUG - [DB_OP] Starting get_db session creation
2026-03-22 10:28:08,268 - core.database - DEBUG - [DB_OP] Database session created successfully in 0.0003s
2026-03-22 10:28:08,268 - routers.banners - DEBUG - Querying bannerss: query={"active":true}, sort=None, skip=0, limit=4, fields=None
2026-03-22 10:28:08,270 - core.database - DEBUG - [DB_OP] Starting get_db session creation
2026-03-22 10:28:08,270 - core.database - DEBUG - [DB_OP] Database session created successfully in 0.0002s
2026-03-22 10:28:08,270 - routers.categories - DEBUG - Querying categoriess: query=None, sort=sort_order, skip=0, limit=200, fields=None
2026-03-22 10:28:08,271 - core.database - DEBUG - [DB_OP] Starting get_db session creation
2026-03-22 10:28:08,272 - core.database - DEBUG - [DB_OP] Database session created successfully in 0.0004s
2026-03-22 10:28:08,272 - routers.news - DEBUG - Querying newss: query={"published":true}, sort=-created_at, skip=0, limit=6, fields=None
2026-03-22 10:28:08,273 - core.database - DEBUG - [DB_OP] Starting get_db session creation
2026-03-22 10:28:08,273 - core.database - DEBUG - [DB_OP] Database session created successfully in 0.0002s
2026-03-22 10:28:08,273 - routers.complaints - DEBUG - Querying complaintss: query=None, sort=-created_at, skip=0, limit=6, fields=None
2026-03-22 10:28:08,284 - core.database - DEBUG - [DB_OP] Starting get_db session creation
2026-03-22 10:28:08,284 - core.database - DEBUG - [DB_OP] Database session created successfully in 0.0004s
2026-03-22 10:28:08,284 - routers.announcements - DEBUG - Querying announcementss: query={"active":true,"status":"approved"}, sort=-created_at, skip=0, limit=6, fields=None
2026-03-22 10:28:08,641 - routers.announcements - DEBUG - Found 1 announcementss
2026-03-22 10:28:08,642 - core.database - DEBUG - [DB_OP] Database session cleanup after 0.3580s
2026-03-22 10:28:08,736 - routers.jobs - DEBUG - Found 5 jobss
2026-03-22 10:28:08,737 - core.database - DEBUG - [DB_OP] Database session cleanup after 0.4723s
2026-03-22 10:28:08,744 - routers.news - DEBUG - Found 10 newss
2026-03-22 10:28:08,745 - core.database - DEBUG - [DB_OP] Database session cleanup after 0.4737s
2026-03-22 10:28:08,745 - routers.complaints - DEBUG - Found 11 complaintss
2026-03-22 10:28:08,746 - core.database - DEBUG - [DB_OP] Database session cleanup after 0.4728s
2026-03-22 10:28:08,746 - routers.master_requests - DEBUG - Found 12 master_requestss
2026-03-22 10:28:08,746 - core.database - DEBUG - [DB_OP] Database session cleanup after 0.4843s
2026-03-22 10:28:08,747 - routers.banners - DEBUG - Found 2 bannerss
2026-03-22 10:28:08,747 - core.database - DEBUG - [DB_OP] Database session cleanup after 0.4794s
2026-03-22 10:28:08,793 - routers.categories - DEBUG - Found 45 categoriess
2026-03-22 10:28:08,794 - core.database - DEBUG - [DB_OP] Database session cleanup after 0.5247s
2026-03-22 10:28:11,909 - core.database - DEBUG - [DB_OP] Starting get_db session creation
2026-03-22 10:28:11,909 - core.database - DEBUG - [DB_OP] Database session created successfully in 0.0004s
2026-03-22 10:28:11,910 - routers.real_estate - DEBUG - Querying real_estates: query={}, sort=-created_at, skip=0, limit=50, fields=None
2026-03-22 10:28:12,264 - routers.real_estate - DEBUG - Found 0 real_estates
2026-03-22 10:28:12,265 - core.database - DEBUG - [DB_OP] Database session cleanup after 0.3558s
2026-03-22 10:28:14,594 - core.database - DEBUG - [DB_OP] Starting get_db session creation
2026-03-22 10:28:14,594 - core.database - DEBUG - [DB_OP] Database session created successfully in 0.0004s
2026-03-22 10:28:14,595 - routers.real_estate - DEBUG - Querying real_estates: query={"re_type":"sell_apartment"}, sort=-created_at, skip=0, limit=50, fields=None
2026-03-22 10:28:15,069 - routers.real_estate - DEBUG - Found 0 real_estates
2026-03-22 10:28:15,069 - core.database - DEBUG - [DB_OP] Database session cleanup after 0.4755s
2026-03-22 10:28:15,320 - core.database - DEBUG - [DB_OP] Starting get_db session creation
2026-03-22 10:28:15,320 - core.database - DEBUG - [DB_OP] Database session created successfully in 0.0005s
2026-03-22 10:28:15,321 - routers.real_estate - DEBUG - Querying real_estates: query={"re_type":"rent_apartment"}, sort=-created_at, skip=0, limit=50, fields=None
2026-03-22 10:28:15,790 - routers.real_estate - DEBUG - Found 0 real_estates
2026-03-22 10:28:15,791 - core.database - DEBUG - [DB_OP] Database session cleanup after 0.4708s
2026-03-22 10:28:15,984 - core.database - DEBUG - [DB_OP] Starting get_db session creation
2026-03-22 10:28:15,985 - core.database - DEBUG - [DB_OP] Database session created successfully in 0.0005s
2026-03-22 10:28:15,985 - routers.real_estate - DEBUG - Querying real_estates: query={"re_type":"need_apartment"}, sort=-created_at, skip=0, limit=50, fields=None
2026-03-22 10:28:16,457 - routers.real_estate - DEBUG - Found 0 real_estates
2026-03-22 10:28:16,458 - core.database - DEBUG - [DB_OP] Database session cleanup after 0.4735s
2026-03-22 10:28:16,840 - core.database - DEBUG - [DB_OP] Starting get_db session creation
2026-03-22 10:28:16,840 - core.database - DEBUG - [DB_OP] Database session created successfully in 0.0003s
2026-03-22 10:28:16,840 - routers.real_estate - DEBUG - Querying real_estates: query={}, sort=-created_at, skip=0, limit=50, fields=None
2026-03-22 10:28:17,310 - routers.real_estate - DEBUG - Found 0 real_estates
2026-03-22 10:28:17,311 - core.database - DEBUG - [DB_OP] Database session cleanup after 0.4710s
2026-03-22 10:39:09,917 - core.database - DEBUG - [DB_OP] Starting get_db session creation
2026-03-22 10:39:09,917 - core.database - DEBUG - [DB_OP] Database session created successfully in 0.0006s
2026-03-22 10:39:09,917 - routers.real_estate - DEBUG - Querying real_estates: query=None, sort=-created_at, skip=0, limit=100, fields=None
2026-03-22 10:39:11,049 - routers.real_estate - DEBUG - Found 0 real_estates
2026-03-22 10:39:11,053 - core.database - DEBUG - [DB_OP] Database session cleanup after 1.1361s
2026-03-22 10:39:37,613 - core.database - DEBUG - [DB_OP] Starting get_db session creation
2026-03-22 10:39:37,614 - core.database - DEBUG - [DB_OP] Database session created successfully in 0.0005s
2026-03-22 10:39:37,614 - routers.categories - DEBUG - Querying categoriess: query=None, sort=sort_order, skip=0, limit=200, fields=None
2026-03-22 10:39:37,616 - core.database - DEBUG - [DB_OP] Starting get_db session creation
2026-03-22 10:39:37,616 - core.database - DEBUG - [DB_OP] Database session created successfully in 0.0003s
2026-03-22 10:39:37,617 - routers.master_requests - DEBUG - Querying master_requestss: query=None, sort=-created_at, skip=0, limit=6, fields=None
2026-03-22 10:39:37,619 - core.database - DEBUG - [DB_OP] Starting get_db session creation
2026-03-22 10:39:37,620 - core.database - DEBUG - [DB_OP] Database session created successfully in 0.0011s
2026-03-22 10:39:37,621 - routers.news - DEBUG - Querying newss: query={"published":true}, sort=-created_at, skip=0, limit=6, fields=None
2026-03-22 10:39:37,624 - core.database - DEBUG - [DB_OP] Starting get_db session creation
2026-03-22 10:39:37,624 - core.database - DEBUG - [DB_OP] Database session created successfully in 0.0003s
2026-03-22 10:39:37,624 - routers.complaints - DEBUG - Querying complaintss: query=None, sort=-created_at, skip=0, limit=6, fields=None
2026-03-22 10:39:37,626 - core.database - DEBUG - [DB_OP] Starting get_db session creation
2026-03-22 10:39:37,627 - core.database - DEBUG - [DB_OP] Database session created successfully in 0.0003s
2026-03-22 10:39:37,627 - routers.announcements - DEBUG - Querying announcementss: query={"active":true,"status":"approved"}, sort=-created_at, skip=0, limit=6, fields=None
2026-03-22 10:39:37,630 - core.database - DEBUG - [DB_OP] Starting get_db session creation
2026-03-22 10:39:37,630 - core.database - DEBUG - [DB_OP] Database session created successfully in 0.0003s
2026-03-22 10:39:37,630 - routers.jobs - DEBUG - Querying jobss: query={"active":true}, sort=-created_at, skip=0, limit=6, fields=None
2026-03-22 10:39:38,415 - routers.news - DEBUG - Found 10 newss
2026-03-22 10:39:38,417 - core.database - DEBUG - [DB_OP] Database session cleanup after 0.7978s
2026-03-22 10:39:38,421 - core.database - DEBUG - [DB_OP] Starting get_db session creation
2026-03-22 10:39:38,421 - core.database - DEBUG - [DB_OP] Database session created successfully in 0.0003s
2026-03-22 10:39:38,422 - routers.banners - DEBUG - Querying bannerss: query={"active":true}, sort=None, skip=0, limit=4, fields=None
2026-03-22 10:39:38,460 - routers.master_requests - DEBUG - Found 12 master_requestss
2026-03-22 10:39:38,461 - core.database - DEBUG - [DB_OP] Database session cleanup after 0.8451s
2026-03-22 10:39:38,462 - routers.complaints - DEBUG - Found 11 complaintss
2026-03-22 10:39:38,463 - core.database - DEBUG - [DB_OP] Database session cleanup after 0.8388s
2026-03-22 10:39:38,463 - routers.jobs - DEBUG - Found 5 jobss
2026-03-22 10:39:38,463 - core.database - DEBUG - [DB_OP] Database session cleanup after 0.8336s
2026-03-22 10:39:38,480 - routers.announcements - DEBUG - Found 1 announcementss
2026-03-22 10:39:38,481 - core.database - DEBUG - [DB_OP] Database session cleanup after 0.8544s
2026-03-22 10:39:38,525 - routers.categories - DEBUG - Found 45 categoriess
2026-03-22 10:39:38,526 - core.database - DEBUG - [DB_OP] Database session cleanup after 0.9131s
2026-03-22 10:39:38,952 - routers.banners - DEBUG - Found 2 bannerss
2026-03-22 10:39:38,953 - core.database - DEBUG - [DB_OP] Database session cleanup after 0.5318s
2026-03-22 10:40:09,999 - core.database - DEBUG - [DB_OP] Starting get_db session creation
2026-03-22 10:40:09,999 - core.database - DEBUG - [DB_OP] Database session created successfully in 0.0004s
2026-03-22 10:40:10,000 - routers.categories - DEBUG - Querying categoriess: query=None, sort=sort_order, skip=0, limit=200, fields=None
2026-03-22 10:40:10,001 - core.database - DEBUG - [DB_OP] Starting get_db session creation
2026-03-22 10:40:10,001 - core.database - DEBUG - [DB_OP] Database session created successfully in 0.0001s
2026-03-22 10:40:10,002 - routers.master_requests - DEBUG - Querying master_requestss: query=None, sort=-created_at, skip=0, limit=6, fields=None
2026-03-22 10:40:10,003 - core.database - DEBUG - [DB_OP] Starting get_db session creation
2026-03-22 10:40:10,003 - core.database - DEBUG - [DB_OP] Database session created successfully in 0.0001s
2026-03-22 10:40:10,003 - routers.news - DEBUG - Querying newss: query={"published":true}, sort=-created_at, skip=0, limit=6, fields=None
2026-03-22 10:40:10,006 - core.database - DEBUG - [DB_OP] Starting get_db session creation
2026-03-22 10:40:10,006 - core.database - DEBUG - [DB_OP] Database session created successfully in 0.0003s
2026-03-22 10:40:10,007 - routers.complaints - DEBUG - Querying complaintss: query=None, sort=-created_at, skip=0, limit=6, fields=None
2026-03-22 10:40:10,008 - core.database - DEBUG - [DB_OP] Starting get_db session creation
2026-03-22 10:40:10,008 - core.database - DEBUG - [DB_OP] Database session created successfully in 0.0002s
2026-03-22 10:40:10,008 - routers.announcements - DEBUG - Querying announcementss: query={"active":true,"status":"approved"}, sort=-created_at, skip=0, limit=6, fields=None
2026-03-22 10:40:10,010 - core.database - DEBUG - [DB_OP] Starting get_db session creation
2026-03-22 10:40:10,010 - core.database - DEBUG - [DB_OP] Database session created successfully in 0.0002s
2026-03-22 10:40:10,010 - routers.jobs - DEBUG - Querying jobss: query={"active":true}, sort=-created_at, skip=0, limit=6, fields=None
2026-03-22 10:40:10,410 - routers.master_requests - DEBUG - Found 12 master_requestss
2026-03-22 10:40:10,411 - core.database - DEBUG - [DB_OP] Database session cleanup after 0.4101s
2026-03-22 10:40:10,414 - routers.complaints - DEBUG - Found 11 complaintss
2026-03-22 10:40:10,415 - core.database - DEBUG - [DB_OP] Database session cleanup after 0.4091s
2026-03-22 10:40:10,421 - core.database - DEBUG - [DB_OP] Starting get_db session creation
2026-03-22 10:40:10,422 - core.database - DEBUG - [DB_OP] Database session created successfully in 0.0006s
2026-03-22 10:40:10,422 - routers.banners - DEBUG - Querying bannerss: query={"active":true}, sort=None, skip=0, limit=4, fields=None
2026-03-22 10:40:10,426 - routers.announcements - DEBUG - Found 1 announcementss
2026-03-22 10:40:10,427 - core.database - DEBUG - [DB_OP] Database session cleanup after 0.4193s
2026-03-22 10:40:10,530 - routers.news - DEBUG - Found 10 newss
2026-03-22 10:40:10,531 - core.database - DEBUG - [DB_OP] Database session cleanup after 0.5288s
2026-03-22 10:40:10,536 - routers.jobs - DEBUG - Found 5 jobss
2026-03-22 10:40:10,537 - core.database - DEBUG - [DB_OP] Database session cleanup after 0.5276s
2026-03-22 10:40:10,587 - routers.categories - DEBUG - Found 45 categoriess
2026-03-22 10:40:10,589 - core.database - DEBUG - [DB_OP] Database session cleanup after 0.5895s
2026-03-22 10:40:10,775 - routers.banners - DEBUG - Found 2 bannerss
2026-03-22 10:40:10,776 - core.database - DEBUG - [DB_OP] Database session cleanup after 0.3552s
2026-03-22 10:40:27,805 - core.database - DEBUG - [DB_OP] Starting get_db session creation
2026-03-22 10:40:27,806 - core.database - DEBUG - [DB_OP] Database session created successfully in 0.0005s
2026-03-22 10:40:27,806 - routers.master_requests - DEBUG - Querying master_requestss: query=None, sort=-created_at, skip=0, limit=6, fields=None
2026-03-22 10:40:27,808 - core.database - DEBUG - [DB_OP] Starting get_db session creation
2026-03-22 10:40:27,808 - core.database - DEBUG - [DB_OP] Database session created successfully in 0.0002s
2026-03-22 10:40:27,808 - routers.news - DEBUG - Querying newss: query={"published":true}, sort=-created_at, skip=0, limit=6, fields=None
2026-03-22 10:40:27,809 - core.database - DEBUG - [DB_OP] Starting get_db session creation
2026-03-22 10:40:27,809 - core.database - DEBUG - [DB_OP] Database session created successfully in 0.0002s
2026-03-22 10:40:27,810 - routers.categories - DEBUG - Querying categoriess: query=None, sort=sort_order, skip=0, limit=200, fields=None
2026-03-22 10:40:27,819 - core.database - DEBUG - [DB_OP] Starting get_db session creation
2026-03-22 10:40:27,820 - core.database - DEBUG - [DB_OP] Database session created successfully in 0.0005s
2026-03-22 10:40:27,820 - routers.complaints - DEBUG - Querying complaintss: query=None, sort=-created_at, skip=0, limit=6, fields=None
2026-03-22 10:40:27,828 - core.database - DEBUG - [DB_OP] Starting get_db session creation
2026-03-22 10:40:27,828 - core.database - DEBUG - [DB_OP] Database session created successfully in 0.0004s
2026-03-22 10:40:27,829 - routers.jobs - DEBUG - Querying jobss: query={"active":true}, sort=-created_at, skip=0, limit=6, fields=None
2026-03-22 10:40:27,832 - core.database - DEBUG - [DB_OP] Starting get_db session creation
2026-03-22 10:40:27,832 - core.database - DEBUG - [DB_OP] Database session created successfully in 0.0002s
2026-03-22 10:40:27,833 - routers.banners - DEBUG - Querying bannerss: query={"active":true}, sort=None, skip=0, limit=4, fields=None
2026-03-22 10:40:27,834 - core.database - DEBUG - [DB_OP] Starting get_db session creation
2026-03-22 10:40:27,834 - core.database - DEBUG - [DB_OP] Database session created successfully in 0.0002s
2026-03-22 10:40:27,835 - routers.announcements - DEBUG - Querying announcementss: query={"active":true,"status":"approved"}, sort=-created_at, skip=0, limit=6, fields=None
2026-03-22 10:40:28,156 - routers.master_requests - DEBUG - Found 12 master_requestss
2026-03-22 10:40:28,158 - core.database - DEBUG - [DB_OP] Database session cleanup after 0.3521s
2026-03-22 10:40:28,181 - routers.jobs - DEBUG - Found 5 jobss
2026-03-22 10:40:28,181 - core.database - DEBUG - [DB_OP] Database session cleanup after 0.3535s
2026-03-22 10:40:28,276 - routers.news - DEBUG - Found 10 newss
2026-03-22 10:40:28,277 - core.database - DEBUG - [DB_OP] Database session cleanup after 0.4687s
2026-03-22 10:40:28,283 - routers.complaints - DEBUG - Found 11 complaintss
2026-03-22 10:40:28,284 - core.database - DEBUG - [DB_OP] Database session cleanup after 0.4650s
2026-03-22 10:40:28,297 - routers.banners - DEBUG - Found 2 bannerss
2026-03-22 10:40:28,298 - core.database - DEBUG - [DB_OP] Database session cleanup after 0.4661s
2026-03-22 10:40:28,299 - routers.announcements - DEBUG - Found 1 announcementss
2026-03-22 10:40:28,299 - core.database - DEBUG - [DB_OP] Database session cleanup after 0.4652s
2026-03-22 10:40:28,346 - routers.categories - DEBUG - Found 45 categoriess
2026-03-22 10:40:28,347 - core.database - DEBUG - [DB_OP] Database session cleanup after 0.5378s
2026-03-22 10:40:56,137 - core.database - DEBUG - [DB_OP] Starting get_db session creation
2026-03-22 10:40:56,138 - core.database - DEBUG - [DB_OP] Database session created successfully in 0.0005s
2026-03-22 10:40:56,138 - routers.categories - DEBUG - Querying categoriess: query=None, sort=sort_order, skip=0, limit=200, fields=None
2026-03-22 10:40:56,140 - core.database - DEBUG - [DB_OP] Starting get_db session creation
2026-03-22 10:40:56,140 - core.database - DEBUG - [DB_OP] Database session created successfully in 0.0002s
2026-03-22 10:40:56,140 - routers.master_requests - DEBUG - Querying master_requestss: query=None, sort=-created_at, skip=0, limit=6, fields=None
2026-03-22 10:40:56,141 - core.database - DEBUG - [DB_OP] Starting get_db session creation
2026-03-22 10:40:56,141 - core.database - DEBUG - [DB_OP] Database session created successfully in 0.0002s
2026-03-22 10:40:56,142 - routers.news - DEBUG - Querying newss: query={"published":true}, sort=-created_at, skip=0, limit=6, fields=None
2026-03-22 10:40:56,143 - core.database - DEBUG - [DB_OP] Starting get_db session creation
2026-03-22 10:40:56,143 - core.database - DEBUG - [DB_OP] Database session created successfully in 0.0004s
2026-03-22 10:40:56,144 - routers.complaints - DEBUG - Querying complaintss: query=None, sort=-created_at, skip=0, limit=6, fields=None
2026-03-22 10:40:56,145 - core.database - DEBUG - [DB_OP] Starting get_db session creation
2026-03-22 10:40:56,145 - core.database - DEBUG - [DB_OP] Database session created successfully in 0.0001s
2026-03-22 10:40:56,145 - routers.announcements - DEBUG - Querying announcementss: query={"active":true,"status":"approved"}, sort=-created_at, skip=0, limit=6, fields=None
2026-03-22 10:40:56,146 - core.database - DEBUG - [DB_OP] Starting get_db session creation
2026-03-22 10:40:56,146 - core.database - DEBUG - [DB_OP] Database session created successfully in 0.0001s
2026-03-22 10:40:56,147 - routers.jobs - DEBUG - Querying jobss: query={"active":true}, sort=-created_at, skip=0, limit=6, fields=None
2026-03-22 10:40:56,489 - routers.news - DEBUG - Found 10 newss
2026-03-22 10:40:56,490 - core.database - DEBUG - [DB_OP] Database session cleanup after 0.3488s
2026-03-22 10:40:56,492 - routers.complaints - DEBUG - Found 11 complaintss
2026-03-22 10:40:56,492 - core.database - DEBUG - [DB_OP] Database session cleanup after 0.3492s
2026-03-22 10:40:56,498 - core.database - DEBUG - [DB_OP] Starting get_db session creation
2026-03-22 10:40:56,498 - core.database - DEBUG - [DB_OP] Database session created successfully in 0.0004s
2026-03-22 10:40:56,498 - routers.banners - DEBUG - Querying bannerss: query={"active":true}, sort=None, skip=0, limit=4, fields=None
2026-03-22 10:40:56,609 - routers.master_requests - DEBUG - Found 12 master_requestss
2026-03-22 10:40:56,610 - core.database - DEBUG - [DB_OP] Database session cleanup after 0.4702s
2026-03-22 10:40:56,610 - routers.announcements - DEBUG - Found 1 announcementss
2026-03-22 10:40:56,611 - core.database - DEBUG - [DB_OP] Database session cleanup after 0.4661s
2026-03-22 10:40:56,613 - routers.jobs - DEBUG - Found 5 jobss
2026-03-22 10:40:56,613 - core.database - DEBUG - [DB_OP] Database session cleanup after 0.4670s
2026-03-22 10:40:56,660 - routers.categories - DEBUG - Found 45 categoriess
2026-03-22 10:40:56,661 - core.database - DEBUG - [DB_OP] Database session cleanup after 0.5238s
2026-03-22 10:40:56,976 - routers.banners - DEBUG - Found 2 bannerss
2026-03-22 10:40:56,977 - core.database - DEBUG - [DB_OP] Database session cleanup after 0.4789s
2026-03-22 10:41:01,884 - core.database - DEBUG - [DB_OP] Starting get_db session creation
2026-03-22 10:41:01,885 - core.database - DEBUG - [DB_OP] Database session created successfully in 0.0008s
2026-03-22 10:41:01,885 - routers.real_estate - DEBUG - Querying real_estates: query=None, sort=-created_at, skip=0, limit=100, fields=None
2026-03-22 10:41:02,352 - routers.real_estate - DEBUG - Found 0 real_estates
2026-03-22 10:41:02,352 - core.database - DEBUG - [DB_OP] Database session cleanup after 0.4681s
2026-03-22 10:41:33,598 - core.database - DEBUG - [DB_OP] Starting get_db session creation
2026-03-22 10:41:33,598 - core.database - DEBUG - [DB_OP] Database session created successfully in 0.0004s
2026-03-22 10:41:33,599 - routers.announcements - DEBUG - Querying announcementss: query={"active":true,"status":"approved"}, sort=-created_at, skip=0, limit=6, fields=None
2026-03-22 10:41:33,600 - core.database - DEBUG - [DB_OP] Starting get_db session creation
2026-03-22 10:41:33,600 - core.database - DEBUG - [DB_OP] Database session created successfully in 0.0001s
2026-03-22 10:41:33,601 - routers.news - DEBUG - Querying newss: query={"published":true}, sort=-created_at, skip=0, limit=6, fields=None
2026-03-22 10:41:33,602 - core.database - DEBUG - [DB_OP] Starting get_db session creation
2026-03-22 10:41:33,602 - core.database - DEBUG - [DB_OP] Database session created successfully in 0.0002s
2026-03-22 10:41:33,603 - routers.master_requests - DEBUG - Querying master_requestss: query=None, sort=-created_at, skip=0, limit=6, fields=None
2026-03-22 10:41:33,605 - core.database - DEBUG - [DB_OP] Starting get_db session creation
2026-03-22 10:41:33,605 - core.database - DEBUG - [DB_OP] Database session created successfully in 0.0002s
2026-03-22 10:41:33,605 - routers.categories - DEBUG - Querying categoriess: query=None, sort=sort_order, skip=0, limit=200, fields=None
2026-03-22 10:41:33,606 - core.database - DEBUG - [DB_OP] Starting get_db session creation
2026-03-22 10:41:33,606 - core.database - DEBUG - [DB_OP] Database session created successfully in 0.0001s
2026-03-22 10:41:33,607 - routers.complaints - DEBUG - Querying complaintss: query=None, sort=-created_at, skip=0, limit=6, fields=None
2026-03-22 10:41:33,608 - core.database - DEBUG - [DB_OP] Starting get_db session creation
2026-03-22 10:41:33,608 - core.database - DEBUG - [DB_OP] Database session created successfully in 0.0002s
2026-03-22 10:41:33,608 - routers.banners - DEBUG - Querying bannerss: query={"active":true}, sort=None, skip=0, limit=4, fields=None
2026-03-22 10:41:33,609 - core.database - DEBUG - [DB_OP] Starting get_db session creation
2026-03-22 10:41:33,610 - core.database - DEBUG - [DB_OP] Database session created successfully in 0.0001s
2026-03-22 10:41:33,610 - routers.jobs - DEBUG - Querying jobss: query={"active":true}, sort=-created_at, skip=0, limit=6, fields=None
2026-03-22 10:41:33,950 - routers.news - DEBUG - Found 10 newss
2026-03-22 10:41:33,951 - core.database - DEBUG - [DB_OP] Database session cleanup after 0.3505s
2026-03-22 10:41:33,953 - routers.master_requests - DEBUG - Found 12 master_requestss
2026-03-22 10:41:33,953 - core.database - DEBUG - [DB_OP] Database session cleanup after 0.3516s
2026-03-22 10:41:33,965 - routers.banners - DEBUG - Found 2 bannerss
2026-03-22 10:41:33,965 - core.database - DEBUG - [DB_OP] Database session cleanup after 0.3573s
2026-03-22 10:41:34,069 - routers.announcements - DEBUG - Found 1 announcementss
2026-03-22 10:41:34,070 - core.database - DEBUG - [DB_OP] Database session cleanup after 0.4721s
2026-03-22 10:41:34,071 - routers.complaints - DEBUG - Found 11 complaintss
2026-03-22 10:41:34,072 - core.database - DEBUG - [DB_OP] Database session cleanup after 0.4656s
2026-03-22 10:41:34,072 - routers.jobs - DEBUG - Found 5 jobss
2026-03-22 10:41:34,073 - core.database - DEBUG - [DB_OP] Database session cleanup after 0.4633s
2026-03-22 10:41:34,128 - routers.categories - DEBUG - Found 45 categoriess
2026-03-22 10:41:34,129 - core.database - DEBUG - [DB_OP] Database session cleanup after 0.5246s
2026-03-22 10:41:36,373 - core.database - DEBUG - [DB_OP] Starting get_db session creation
2026-03-22 10:41:36,373 - core.database - DEBUG - [DB_OP] Database session created successfully in 0.0006s
2026-03-22 10:41:36,374 - routers.masters - DEBUG - Querying masterss: query={}, sort=-rating, skip=0, limit=50, fields=None
2026-03-22 10:41:36,849 - routers.masters - DEBUG - Found 8 masterss
2026-03-22 10:41:36,849 - core.database - DEBUG - [DB_OP] Database session cleanup after 0.4765s
2026-03-22 10:41:40,207 - core.database - DEBUG - [DB_OP] Starting get_db session creation
2026-03-22 10:41:40,207 - core.database - DEBUG - [DB_OP] Database session created successfully in 0.0005s
2026-03-22 10:41:40,207 - routers.announcements - DEBUG - Querying announcementss: query={"active":true,"status":"approved"}, sort=-created_at, skip=0, limit=6, fields=None
2026-03-22 10:41:40,209 - core.database - DEBUG - [DB_OP] Starting get_db session creation
2026-03-22 10:41:40,210 - core.database - DEBUG - [DB_OP] Database session created successfully in 0.0002s
2026-03-22 10:41:40,210 - routers.master_requests - DEBUG - Querying master_requestss: query=None, sort=-created_at, skip=0, limit=6, fields=None
2026-03-22 10:41:40,211 - core.database - DEBUG - [DB_OP] Starting get_db session creation
2026-03-22 10:41:40,211 - core.database - DEBUG - [DB_OP] Database session created successfully in 0.0005s
2026-03-22 10:41:40,211 - routers.banners - DEBUG - Querying bannerss: query={"active":true}, sort=None, skip=0, limit=4, fields=None
2026-03-22 10:41:40,212 - core.database - DEBUG - [DB_OP] Starting get_db session creation
2026-03-22 10:41:40,212 - core.database - DEBUG - [DB_OP] Database session created successfully in 0.0002s
2026-03-22 10:41:40,213 - routers.complaints - DEBUG - Querying complaintss: query=None, sort=-created_at, skip=0, limit=6, fields=None
2026-03-22 10:41:40,214 - core.database - DEBUG - [DB_OP] Starting get_db session creation
2026-03-22 10:41:40,214 - core.database - DEBUG - [DB_OP] Database session created successfully in 0.0002s
2026-03-22 10:41:40,215 - routers.news - DEBUG - Querying newss: query={"published":true}, sort=-created_at, skip=0, limit=6, fields=None
2026-03-22 10:41:40,218 - core.database - DEBUG - [DB_OP] Starting get_db session creation
2026-03-22 10:41:40,218 - core.database - DEBUG - [DB_OP] Database session created successfully in 0.0002s
2026-03-22 10:41:40,218 - routers.jobs - DEBUG - Querying jobss: query={"active":true}, sort=-created_at, skip=0, limit=6, fields=None
2026-03-22 10:41:40,219 - core.database - DEBUG - [DB_OP] Starting get_db session creation
2026-03-22 10:41:40,219 - core.database - DEBUG - [DB_OP] Database session created successfully in 0.0002s
2026-03-22 10:41:40,220 - routers.categories - DEBUG - Querying categoriess: query=None, sort=sort_order, skip=0, limit=200, fields=None
2026-03-22 10:41:40,560 - routers.complaints - DEBUG - Found 11 complaintss
2026-03-22 10:41:40,561 - core.database - DEBUG - [DB_OP] Database session cleanup after 0.3483s
2026-03-22 10:41:40,563 - routers.news - DEBUG - Found 10 newss
2026-03-22 10:41:40,564 - core.database - DEBUG - [DB_OP] Database session cleanup after 0.3498s
2026-03-22 10:41:40,566 - routers.jobs - DEBUG - Found 5 jobss
2026-03-22 10:41:40,567 - core.database - DEBUG - [DB_OP] Database session cleanup after 0.3489s
2026-03-22 10:41:40,622 - routers.categories - DEBUG - Found 45 categoriess
2026-03-22 10:41:40,623 - core.database - DEBUG - [DB_OP] Database session cleanup after 0.4040s
2026-03-22 10:41:40,683 - routers.banners - DEBUG - Found 2 bannerss
2026-03-22 10:41:40,684 - core.database - DEBUG - [DB_OP] Database session cleanup after 0.4730s
2026-03-22 10:41:40,684 - routers.announcements - DEBUG - Found 1 announcementss
2026-03-22 10:41:40,685 - core.database - DEBUG - [DB_OP] Database session cleanup after 0.4783s
2026-03-22 10:41:40,686 - routers.master_requests - DEBUG - Found 12 master_requestss
2026-03-22 10:41:40,686 - core.database - DEBUG - [DB_OP] Database session cleanup after 0.4767s
2026-03-22 10:41:45,920 - core.database - DEBUG - [DB_OP] Starting get_db session creation
2026-03-22 10:41:45,921 - core.database - DEBUG - [DB_OP] Database session created successfully in 0.0006s
2026-03-22 10:41:45,921 - routers.complaints - DEBUG - Querying complaintss: query=None, sort=-created_at, skip=0, limit=50, fields=None
2026-03-22 10:41:46,331 - routers.complaints - DEBUG - Found 11 complaintss
2026-03-22 10:41:46,332 - core.database - DEBUG - [DB_OP] Database session cleanup after 0.4117s
2026-03-22 10:41:47,140 - services.database - DEBUG - [DB_OP] Starting database close
2026-03-22 10:41:47,567 - core.database - INFO - Database connection closed and engine disposed
2026-03-22 10:41:47,567 - services.database - INFO - Database connections closed
2026-03-22 10:41:47,567 - services.database - DEBUG - [DB_OP] Database close completed in 0.4275s
