2026-04-13 05:31:44,914 - main - INFO - === Logging system initialized ===
2026-04-13 05:31:44,914 - main - INFO - Log file: logs/app_20260413_053144.log
2026-04-13 05:31:44,914 - main - INFO - Log level: INFO
2026-04-13 05:31:44,915 - main - INFO - Timestamp: 20260413_053144
2026-04-13 05:31:44,922 - main - INFO - Included router: routers.admin_auth.router
2026-04-13 05:31:45,888 - main - INFO - Included router: routers.aihub.router
2026-04-13 05:31:45,960 - main - INFO - Included router: routers.announcements.router
2026-04-13 05:31:45,987 - main - INFO - Included router: routers.auth.router
2026-04-13 05:31:46,157 - main - INFO - Included router: routers.banners.router
2026-04-13 05:31:46,205 - main - INFO - Included router: routers.become_master_requests.router
2026-04-13 05:31:46,254 - main - INFO - Included router: routers.bus_notifications.router
2026-04-13 05:31:46,309 - main - INFO - Included router: routers.bus_routes.router
2026-04-13 05:31:46,358 - main - INFO - Included router: routers.bus_stops.router
2026-04-13 05:31:46,417 - main - INFO - Included router: routers.categories.router
2026-04-13 05:31:46,474 - main - INFO - Included router: routers.complaints.router
2026-04-13 05:31:46,524 - main - INFO - Included router: routers.couriers.router
2026-04-13 05:31:46,530 - main - INFO - Included router: routers.debug_schema.router
2026-04-13 05:31:46,581 - main - INFO - Included router: routers.directory_entries.router
2026-04-13 05:31:46,626 - main - INFO - Included router: routers.food_categories.router
2026-04-13 05:31:46,683 - main - INFO - Included router: routers.food_item_modifiers.router
2026-04-13 05:31:46,737 - main - INFO - Included router: routers.food_items.router
2026-04-13 05:31:46,789 - main - INFO - Included router: routers.food_modifiers.router
2026-04-13 05:31:47,001 - main - INFO - Included router: routers.food_orders.router
2026-04-13 05:31:47,081 - main - INFO - Included router: routers.food_settings.router
2026-04-13 05:31:47,121 - main - INFO - Included router: routers.frontpad.router
2026-04-13 05:31:47,160 - main - INFO - Included router: routers.frontpad_settings.router
2026-04-13 05:31:47,220 - main - INFO - Included router: routers.frontpad_sync_log.router
2026-04-13 05:31:47,224 - main - INFO - Included router: routers.health.router
2026-04-13 05:31:47,268 - main - INFO - Included router: routers.health_check.router
2026-04-13 05:31:47,326 - main - INFO - Included router: routers.history_events.router
2026-04-13 05:31:47,387 - main - INFO - Included router: routers.homepage_stats.router
2026-04-13 05:31:47,446 - main - INFO - Included router: routers.inspectors.router
2026-04-13 05:31:47,493 - main - INFO - Included router: routers.item_modifier_groups.router
2026-04-13 05:31:47,548 - main - INFO - Included router: routers.jobs.router
2026-04-13 05:31:47,597 - main - INFO - Included router: routers.master_requests.router
2026-04-13 05:31:47,657 - main - INFO - Included router: routers.masters.router
2026-04-13 05:31:47,930 - main - INFO - Included router: routers.modifier_groups.router
2026-04-13 05:31:47,976 - main - INFO - Included router: routers.modifier_options.router
2026-04-13 05:31:48,030 - main - INFO - Included router: routers.news.router
2026-04-13 05:31:48,101 - main - INFO - Included router: routers.park_orders.router
2026-04-13 05:31:48,152 - main - INFO - Included router: routers.park_points.router
2026-04-13 05:31:48,210 - main - INFO - Included router: routers.question_answers.router
2026-04-13 05:31:48,257 - main - INFO - Included router: routers.questions.router
2026-04-13 05:31:48,327 - main - INFO - Included router: routers.real_estate.router
2026-04-13 05:31:48,351 - main - INFO - Included router: routers.settings.router
2026-04-13 05:31:48,387 - main - INFO - Included router: routers.storage.router
2026-04-13 05:31:48,413 - main - INFO - Included router: routers.telegram.router
2026-04-13 05:31:48,424 - main - INFO - Included router: routers.user.router
2026-04-13 05:31:48,469 - main - INFO - Included router: routers.user_preferences.router
2026-04-13 05:31:48,473 - main - INFO - Included router: routers.weather.router
2026-04-13 05:31:48,478 - main - INFO - === Application startup initiated ===
2026-04-13 05:31:48,478 - services.database - INFO - Ignore creating tables
2026-04-13 05:31:48,478 - services.mock_data - INFO - Ignore initialize data
2026-04-13 05:31:48,478 - services.auth - INFO - Ignore initialize admin
2026-04-13 05:31:48,478 - core.database - WARNING - Database not initialized, attempting lazy initialization...
2026-04-13 05:31:48,478 - core.database - INFO - Starting database initialization...
2026-04-13 05:31:48,478 - core.config - DEBUG - Read dynamic attribute database_url from environment variable DATABASE_URL
2026-04-13 05:31:48,479 - core.database - INFO - Database init attempt 1/5...
2026-04-13 05:31:48,480 - core.database - INFO - Normalized database URL (masked): postgresql+asyncpg://neondb_owner:***@ep-cool-wave-ad8598va.c-2.us-east-1.aws.neon.tech/neondb?ssl=require
2026-04-13 05:31:48,480 - core.database - INFO - Using QueuePool with connection pooling
2026-04-13 05:31:49,907 - core.database - INFO - Database connection initialized successfully
2026-04-13 05:31:49,907 - core.database - DEBUG - [DB_OP] Starting create_tables
2026-04-13 05:31:49,908 - core.database - INFO - 🔧 Table creation attempt 1/3...
2026-04-13 05:31:49,908 - core.database - INFO - 🔧 Starting table structure repair...
2026-04-13 05:31:50,477 - core.database - INFO - 🔧 Repairing 40 existing tables...
2026-04-13 05:31:50,479 - core.database - DEBUG - Checking table structure for: users
2026-04-13 05:31:50,479 - core.database - DEBUG - Checking table structure for: oidc_states
2026-04-13 05:31:50,481 - core.database - DEBUG - Checking table structure for: admin_credentials
2026-04-13 05:31:50,482 - core.database - DEBUG - Checking table structure for: admin_login_attempts
2026-04-13 05:31:50,483 - core.database - DEBUG - Checking table structure for: admin_login_lockouts
2026-04-13 05:31:50,484 - core.database - DEBUG - Checking table structure for: announcements
2026-04-13 05:31:50,485 - core.database - DEBUG - Checking table structure for: banners
2026-04-13 05:31:50,486 - core.database - DEBUG - Checking table structure for: become_master_requests
2026-04-13 05:31:50,487 - core.database - DEBUG - Checking table structure for: bus_notifications
2026-04-13 05:31:50,488 - core.database - DEBUG - Checking table structure for: bus_routes
2026-04-13 05:31:51,105 - core.database - DEBUG - Table users structure is up to date
2026-04-13 05:31:51,105 - core.database - INFO - Table users repaired in 0.63s
2026-04-13 05:31:51,106 - core.database - DEBUG - Checking table structure for: bus_stops
2026-04-13 05:31:51,311 - core.database - DEBUG - Table oidc_states structure is up to date
2026-04-13 05:31:51,311 - core.database - INFO - Table oidc_states repaired in 0.83s
2026-04-13 05:31:51,311 - core.database - DEBUG - Checking table structure for: categories
2026-04-13 05:31:51,389 - core.database - DEBUG - Table bus_routes structure is up to date
2026-04-13 05:31:51,389 - core.database - INFO - Table bus_routes repaired in 0.90s
2026-04-13 05:31:51,390 - core.database - DEBUG - Checking table structure for: complaints
2026-04-13 05:31:51,393 - core.database - DEBUG - Table announcements structure is up to date
2026-04-13 05:31:51,394 - core.database - INFO - Table announcements repaired in 0.91s
2026-04-13 05:31:51,394 - core.database - DEBUG - Checking table structure for: couriers
2026-04-13 05:31:51,409 - core.database - DEBUG - Table admin_login_attempts structure is up to date
2026-04-13 05:31:51,409 - core.database - INFO - Table admin_login_attempts repaired in 0.93s
2026-04-13 05:31:51,410 - core.database - DEBUG - Checking table structure for: directory_entries
2026-04-13 05:31:51,411 - core.database - DEBUG - Table admin_login_lockouts structure is up to date
2026-04-13 05:31:51,411 - core.database - INFO - Table admin_login_lockouts repaired in 0.93s
2026-04-13 05:31:51,412 - core.database - DEBUG - Table banners structure is up to date
2026-04-13 05:31:51,412 - core.database - INFO - Table banners repaired in 0.93s
2026-04-13 05:31:51,412 - core.database - DEBUG - Checking table structure for: food_categories
2026-04-13 05:31:51,412 - core.database - DEBUG - Checking table structure for: food_item_modifiers
2026-04-13 05:31:51,413 - core.database - DEBUG - Table become_master_requests structure is up to date
2026-04-13 05:31:51,413 - core.database - INFO - Table become_master_requests repaired in 0.93s
2026-04-13 05:31:51,413 - core.database - DEBUG - Checking table structure for: food_items
2026-04-13 05:31:51,414 - core.database - DEBUG - Table bus_notifications structure is up to date
2026-04-13 05:31:51,414 - core.database - INFO - Table bus_notifications repaired in 0.93s
2026-04-13 05:31:51,415 - core.database - DEBUG - Table admin_credentials structure is up to date
2026-04-13 05:31:51,415 - core.database - INFO - Table admin_credentials repaired in 0.93s
2026-04-13 05:31:51,415 - core.database - DEBUG - Checking table structure for: food_modifiers
2026-04-13 05:31:51,416 - core.database - DEBUG - Checking table structure for: food_orders
2026-04-13 05:31:51,488 - core.database - DEBUG - Table bus_stops structure is up to date
2026-04-13 05:31:51,489 - core.database - INFO - Table bus_stops repaired in 1.00s
2026-04-13 05:31:51,489 - core.database - DEBUG - Checking table structure for: food_settings
2026-04-13 05:31:51,749 - core.database - DEBUG - Table categories structure is up to date
2026-04-13 05:31:51,750 - core.database - INFO - Table categories repaired in 1.26s
2026-04-13 05:31:51,750 - core.database - DEBUG - Checking table structure for: frontpad_settings
2026-04-13 05:31:51,827 - core.database - DEBUG - Table complaints structure is up to date
2026-04-13 05:31:51,827 - core.database - INFO - Table complaints repaired in 1.34s
2026-04-13 05:31:51,828 - core.database - DEBUG - Checking table structure for: frontpad_sync_log
2026-04-13 05:31:51,835 - core.database - DEBUG - Table couriers structure is up to date
2026-04-13 05:31:51,836 - core.database - INFO - Table couriers repaired in 1.35s
2026-04-13 05:31:51,836 - core.database - DEBUG - Checking table structure for: health_check
2026-04-13 05:31:51,848 - core.database - DEBUG - Table directory_entries structure is up to date
2026-04-13 05:31:51,848 - core.database - INFO - Table directory_entries repaired in 1.36s
2026-04-13 05:31:51,849 - core.database - DEBUG - Checking table structure for: history_events
2026-04-13 05:31:51,851 - core.database - DEBUG - Table food_item_modifiers structure is up to date
2026-04-13 05:31:51,851 - core.database - INFO - Table food_item_modifiers repaired in 1.36s
2026-04-13 05:31:51,851 - core.database - DEBUG - Checking table structure for: homepage_stats
2026-04-13 05:31:51,853 - core.database - DEBUG - Table food_categories structure is up to date
2026-04-13 05:31:51,854 - core.database - INFO - Table food_categories repaired in 1.37s
2026-04-13 05:31:51,854 - core.database - DEBUG - Checking table structure for: inspectors
2026-04-13 05:31:51,856 - core.database - DEBUG - Table food_items structure is up to date
2026-04-13 05:31:51,856 - core.database - INFO - Table food_items repaired in 1.37s
2026-04-13 05:31:51,857 - core.database - DEBUG - Checking table structure for: item_modifier_groups
2026-04-13 05:31:51,859 - core.database - DEBUG - Table food_modifiers structure is up to date
2026-04-13 05:31:51,860 - core.database - INFO - Table food_modifiers repaired in 1.37s
2026-04-13 05:31:51,860 - core.database - DEBUG - Checking table structure for: jobs
2026-04-13 05:31:51,865 - core.database - DEBUG - Table food_orders structure is up to date
2026-04-13 05:31:51,865 - core.database - INFO - Table food_orders repaired in 1.38s
2026-04-13 05:31:51,866 - core.database - DEBUG - Checking table structure for: master_requests
2026-04-13 05:31:51,867 - core.database - DEBUG - Table food_settings structure is up to date
2026-04-13 05:31:51,867 - core.database - INFO - Table food_settings repaired in 1.38s
2026-04-13 05:31:51,867 - core.database - DEBUG - Checking table structure for: masters
2026-04-13 05:31:52,124 - core.database - DEBUG - Table frontpad_settings structure is up to date
2026-04-13 05:31:52,124 - core.database - INFO - Table frontpad_settings repaired in 1.64s
2026-04-13 05:31:52,125 - core.database - DEBUG - Checking table structure for: modifier_groups
2026-04-13 05:31:52,202 - core.database - DEBUG - Table frontpad_sync_log structure is up to date
2026-04-13 05:31:52,203 - core.database - INFO - Table frontpad_sync_log repaired in 1.71s
2026-04-13 05:31:52,203 - core.database - DEBUG - Checking table structure for: modifier_options
2026-04-13 05:31:52,215 - core.database - DEBUG - Table health_check structure is up to date
2026-04-13 05:31:52,216 - core.database - INFO - Table health_check repaired in 1.73s
2026-04-13 05:31:52,216 - core.database - DEBUG - Checking table structure for: news
2026-04-13 05:31:52,225 - core.database - DEBUG - Table history_events structure is up to date
2026-04-13 05:31:52,225 - core.database - INFO - Table history_events repaired in 1.74s
2026-04-13 05:31:52,226 - core.database - DEBUG - Checking table structure for: park_orders
2026-04-13 05:31:52,228 - core.database - DEBUG - Table homepage_stats structure is up to date
2026-04-13 05:31:52,228 - core.database - INFO - Table homepage_stats repaired in 1.74s
2026-04-13 05:31:52,229 - core.database - DEBUG - Checking table structure for: park_points
2026-04-13 05:31:52,233 - core.database - DEBUG - Table item_modifier_groups structure is up to date
2026-04-13 05:31:52,233 - core.database - INFO - Table item_modifier_groups repaired in 1.74s
2026-04-13 05:31:52,234 - core.database - DEBUG - Checking table structure for: question_answers
2026-04-13 05:31:52,241 - core.database - DEBUG - Table jobs structure is up to date
2026-04-13 05:31:52,242 - core.database - INFO - Table jobs repaired in 1.75s
2026-04-13 05:31:52,242 - core.database - DEBUG - Checking table structure for: questions
2026-04-13 05:31:52,246 - core.database - DEBUG - Table masters structure is up to date
2026-04-13 05:31:52,246 - core.database - INFO - Table masters repaired in 1.76s
2026-04-13 05:31:52,246 - core.database - DEBUG - Checking table structure for: real_estate
2026-04-13 05:31:52,251 - core.database - DEBUG - Table master_requests structure is up to date
2026-04-13 05:31:52,251 - core.database - INFO - Table master_requests repaired in 1.76s
2026-04-13 05:31:52,252 - core.database - DEBUG - Checking table structure for: user_preferences
2026-04-13 05:31:52,294 - core.database - DEBUG - Table inspectors structure is up to date
2026-04-13 05:31:52,295 - core.database - INFO - Table inspectors repaired in 1.81s
2026-04-13 05:31:52,560 - core.database - DEBUG - Table modifier_groups structure is up to date
2026-04-13 05:31:52,560 - core.database - INFO - Table modifier_groups repaired in 2.07s
2026-04-13 05:31:52,578 - core.database - DEBUG - Table modifier_options structure is up to date
2026-04-13 05:31:52,579 - core.database - INFO - Table modifier_options repaired in 2.09s
2026-04-13 05:31:52,596 - core.database - DEBUG - Table news structure is up to date
2026-04-13 05:31:52,597 - core.database - INFO - Table news repaired in 2.11s
2026-04-13 05:31:52,603 - core.database - DEBUG - Table park_orders structure is up to date
2026-04-13 05:31:52,603 - core.database - INFO - Table park_orders repaired in 2.11s
2026-04-13 05:31:52,682 - core.database - DEBUG - Table question_answers structure is up to date
2026-04-13 05:31:52,683 - core.database - INFO - Table question_answers repaired in 2.19s
2026-04-13 05:31:52,693 - core.database - DEBUG - Table questions structure is up to date
2026-04-13 05:31:52,693 - core.database - INFO - Table questions repaired in 2.20s
2026-04-13 05:31:52,695 - core.database - DEBUG - Table real_estate structure is up to date
2026-04-13 05:31:52,695 - core.database - INFO - Table real_estate repaired in 2.21s
2026-04-13 05:31:52,705 - core.database - DEBUG - Table user_preferences structure is up to date
2026-04-13 05:31:52,705 - core.database - INFO - Table user_preferences repaired in 2.22s
2026-04-13 05:31:52,733 - core.database - DEBUG - Table park_points structure is up to date
2026-04-13 05:31:52,733 - core.database - INFO - Table park_points repaired in 2.24s
2026-04-13 05:31:52,734 - core.database - INFO - 🔧 Table structure repair completed in 2.8257s
2026-04-13 05:31:52,734 - core.database - INFO - 🔧 Table structure repair completed
2026-04-13 05:31:52,734 - core.database - INFO - 🔧 Starting table creation...
2026-04-13 05:31:55,713 - core.database - INFO - Tables initialized successfully
2026-04-13 05:31:55,750 - core.database - DEBUG - [DB_OP] Create tables completed in 5.8427s
2026-04-13 05:31:55,850 - core.database - INFO - Lazy database initialization completed successfully
2026-04-13 05:31:58,887 - routers.admin_auth - INFO - [Admin Auth] Pre-computed 4 alternative password hashes for 'admin' account
2026-04-13 05:32:00,316 - routers.admin_auth - INFO - [Admin Auth] Admin credentials reset (username: admin, password: Admin123@)
2026-04-13 05:32:00,876 - core.config - DEBUG - Read dynamic attribute oss_service_url from environment variable OSS_SERVICE_URL
2026-04-13 05:32:00,876 - core.config - DEBUG - Read dynamic attribute oss_api_key from environment variable OSS_API_KEY
2026-04-13 05:32:01,228 - httpcore.connection - DEBUG - connect_tcp.started host='atoms.dev' port=443 local_address=None timeout=120.0 socket_options=None
2026-04-13 05:32:01,241 - httpcore.connection - DEBUG - connect_tcp.complete return_value=<httpcore._backends.anyio.AnyIOStream object at 0x7f349d48beb0>
2026-04-13 05:32:01,241 - httpcore.connection - DEBUG - start_tls.started ssl_context=<ssl.SSLContext object at 0x7f349d4e66c0> server_hostname='atoms.dev' timeout=120.0
2026-04-13 05:32:01,252 - httpcore.connection - DEBUG - start_tls.complete return_value=<httpcore._backends.anyio.AnyIOStream object at 0x7f349d48ada0>
2026-04-13 05:32:01,253 - httpcore.http11 - DEBUG - send_request_headers.started request=<Request [b'GET']>
2026-04-13 05:32:01,254 - httpcore.http11 - DEBUG - send_request_headers.complete
2026-04-13 05:32:01,255 - httpcore.http11 - DEBUG - send_request_body.started request=<Request [b'GET']>
2026-04-13 05:32:01,255 - httpcore.http11 - DEBUG - send_request_body.complete
2026-04-13 05:32:01,256 - httpcore.http11 - DEBUG - receive_response_headers.started request=<Request [b'GET']>
2026-04-13 05:32:01,280 - httpcore.http11 - DEBUG - receive_response_headers.complete return_value=(b'HTTP/1.1', 200, b'OK', [(b'Date', b'Mon, 13 Apr 2026 12:32:01 GMT'), (b'Content-Type', b'application/json; charset=utf-8'), (b'Transfer-Encoding', b'chunked'), (b'Connection', b'keep-alive'), (b'Access-Control-Allow-Headers', b'Origin, Content-Type, Accept, Authorization'), (b'Access-Control-Allow-Methods', b'GET, POST, PUT, DELETE, OPTIONS'), (b'Access-Control-Allow-Origin', b'*'), (b'Access-Control-Max-Age', b'86400'), (b'X-Request-Id', b'9c0f97ee9908a95d03515ff9e88df6d2'), (b'X-Trace-Id', b'c8452e901c8d4598b18f7a96379ae584'), (b'Content-Security-Policy', b"frame-ancestors 'self' https://atoms.dev"), (b'Strict-Transport-Security', b'max-age=63072000; includeSubDomains; preload'), (b'X-Content-Type-Options', b'nosniff'), (b'X-XSS-Protection', b'1; mode=block'), (b'Referrer-Policy', b'strict-origin-when-cross-origin'), (b'cf-cache-status', b'DYNAMIC'), (b'Content-Encoding', b'gzip'), (b'Server', b'cloudflare'), (b'CF-RAY', b'9eba7db7db3cc8c1-LAX')])
2026-04-13 05:32:01,282 - httpx - INFO - HTTP Request: GET https://atoms.dev/api/v1/infra/client/oss/buckets "HTTP/1.1 200 OK"
2026-04-13 05:32:01,283 - httpcore.http11 - DEBUG - receive_response_body.started request=<Request [b'GET']>
2026-04-13 05:32:01,285 - httpcore.http11 - DEBUG - receive_response_body.complete
2026-04-13 05:32:01,286 - httpcore.http11 - DEBUG - response_closed.started
2026-04-13 05:32:01,286 - httpcore.http11 - DEBUG - response_closed.complete
2026-04-13 05:32:01,286 - httpcore.connection - DEBUG - close.started
2026-04-13 05:32:01,287 - httpcore.connection - DEBUG - close.complete
2026-04-13 05:32:01,288 - services.bucket_init - INFO - Bucket 'portal-images' already exists
2026-04-13 05:32:01,288 - main - INFO - === Application startup completed ===
2026-04-13 05:32:07,911 - services.database - DEBUG - [DB_OP] Starting database close
2026-04-13 05:32:08,239 - core.database - INFO - Database connection closed and engine disposed
2026-04-13 05:32:08,240 - services.database - INFO - Database connections closed
2026-04-13 05:32:08,240 - services.database - DEBUG - [DB_OP] Database close completed in 0.3293s
