2026-04-01 02:33:26,543 - main - INFO - === Logging system initialized ===
2026-04-01 02:33:26,543 - main - INFO - Log file: logs/app_20260401_023326.log
2026-04-01 02:33:26,543 - main - INFO - Log level: INFO
2026-04-01 02:33:26,543 - main - INFO - Timestamp: 20260401_023326
2026-04-01 02:33:26,550 - main - INFO - Included router: routers.admin_auth.router
2026-04-01 02:33:27,281 - main - INFO - Included router: routers.aihub.router
2026-04-01 02:33:27,344 - main - INFO - Included router: routers.announcements.router
2026-04-01 02:33:27,368 - main - INFO - Included router: routers.auth.router
2026-04-01 02:33:27,417 - main - INFO - Included router: routers.banners.router
2026-04-01 02:33:27,537 - main - INFO - Included router: routers.become_master_requests.router
2026-04-01 02:33:27,590 - main - INFO - Included router: routers.bus_notifications.router
2026-04-01 02:33:27,643 - main - INFO - Included router: routers.bus_routes.router
2026-04-01 02:33:27,684 - main - INFO - Included router: routers.bus_stops.router
2026-04-01 02:33:27,730 - main - INFO - Included router: routers.categories.router
2026-04-01 02:33:27,781 - main - INFO - Included router: routers.complaints.router
2026-04-01 02:33:27,786 - main - INFO - Included router: routers.debug_schema.router
2026-04-01 02:33:27,829 - main - INFO - Included router: routers.directory_entries.router
2026-04-01 02:33:27,868 - main - INFO - Included router: routers.food_categories.router
2026-04-01 02:33:27,911 - main - INFO - Included router: routers.food_item_modifiers.router
2026-04-01 02:33:27,969 - main - INFO - Included router: routers.food_items.router
2026-04-01 02:33:28,010 - main - INFO - Included router: routers.food_modifiers.router
2026-04-01 02:33:28,078 - main - INFO - Included router: routers.food_orders.router
2026-04-01 02:33:28,278 - main - INFO - Included router: routers.food_settings.router
2026-04-01 02:33:28,320 - main - INFO - Included router: routers.frontpad.router
2026-04-01 02:33:28,361 - main - INFO - Included router: routers.frontpad_settings.router
2026-04-01 02:33:28,401 - main - INFO - Included router: routers.frontpad_sync_log.router
2026-04-01 02:33:28,405 - main - INFO - Included router: routers.health.router
2026-04-01 02:33:28,440 - main - INFO - Included router: routers.health_check.router
2026-04-01 02:33:28,485 - main - INFO - Included router: routers.history_events.router
2026-04-01 02:33:28,527 - main - INFO - Included router: routers.homepage_stats.router
2026-04-01 02:33:28,583 - main - INFO - Included router: routers.inspectors.router
2026-04-01 02:33:28,624 - main - INFO - Included router: routers.item_modifier_groups.router
2026-04-01 02:33:28,679 - main - INFO - Included router: routers.jobs.router
2026-04-01 02:33:28,726 - main - INFO - Included router: routers.master_requests.router
2026-04-01 02:33:28,784 - main - INFO - Included router: routers.masters.router
2026-04-01 02:33:28,830 - main - INFO - Included router: routers.modifier_groups.router
2026-04-01 02:33:29,063 - main - INFO - Included router: routers.modifier_options.router
2026-04-01 02:33:29,136 - main - INFO - Included router: routers.news.router
2026-04-01 02:33:29,183 - main - INFO - Included router: routers.question_answers.router
2026-04-01 02:33:29,224 - main - INFO - Included router: routers.questions.router
2026-04-01 02:33:29,286 - main - INFO - Included router: routers.real_estate.router
2026-04-01 02:33:29,308 - main - INFO - Included router: routers.settings.router
2026-04-01 02:33:29,342 - main - INFO - Included router: routers.storage.router
2026-04-01 02:33:29,367 - main - INFO - Included router: routers.telegram.router
2026-04-01 02:33:29,375 - main - INFO - Included router: routers.user.router
2026-04-01 02:33:29,420 - main - INFO - Included router: routers.user_preferences.router
2026-04-01 02:33:29,423 - main - INFO - Included router: routers.weather.router
2026-04-01 02:33:29,425 - main - INFO - === Application startup initiated ===
2026-04-01 02:33:29,425 - services.database - INFO - Ignore creating tables
2026-04-01 02:33:29,425 - services.mock_data - INFO - Ignore initialize data
2026-04-01 02:33:29,425 - services.auth - INFO - Ignore initialize admin
2026-04-01 02:33:29,425 - core.database - WARNING - Database not initialized, attempting lazy initialization...
2026-04-01 02:33:29,425 - core.database - INFO - Starting database initialization...
2026-04-01 02:33:29,425 - core.config - DEBUG - Read dynamic attribute database_url from environment variable DATABASE_URL
2026-04-01 02:33:29,425 - core.database - INFO - Database init attempt 1/5...
2026-04-01 02:33:29,427 - core.database - INFO - Normalized database URL (masked): postgresql+asyncpg://neondb_owner:***@ep-cool-wave-ad8598va.c-2.us-east-1.aws.neon.tech/neondb?ssl=require
2026-04-01 02:33:29,427 - core.database - INFO - Using QueuePool with connection pooling
2026-04-01 02:33:30,802 - core.database - INFO - Database connection initialized successfully
2026-04-01 02:33:30,803 - core.database - DEBUG - [DB_OP] Starting create_tables
2026-04-01 02:33:30,803 - core.database - INFO - 🔧 Table creation attempt 1/3...
2026-04-01 02:33:30,803 - core.database - INFO - 🔧 Starting table structure repair...
2026-04-01 02:33:31,312 - core.database - INFO - 🔧 Repairing 37 existing tables...
2026-04-01 02:33:31,312 - core.database - DEBUG - Checking table structure for: users
2026-04-01 02:33:31,313 - core.database - DEBUG - Checking table structure for: oidc_states
2026-04-01 02:33:31,314 - core.database - DEBUG - Checking table structure for: admin_credentials
2026-04-01 02:33:31,315 - core.database - DEBUG - Checking table structure for: admin_login_attempts
2026-04-01 02:33:31,316 - core.database - DEBUG - Checking table structure for: admin_login_lockouts
2026-04-01 02:33:31,317 - core.database - DEBUG - Checking table structure for: announcements
2026-04-01 02:33:31,318 - core.database - DEBUG - Checking table structure for: banners
2026-04-01 02:33:31,319 - core.database - DEBUG - Checking table structure for: become_master_requests
2026-04-01 02:33:31,321 - core.database - DEBUG - Checking table structure for: bus_notifications
2026-04-01 02:33:31,322 - core.database - DEBUG - Checking table structure for: bus_routes
2026-04-01 02:33:31,971 - core.database - DEBUG - Table users structure is up to date
2026-04-01 02:33:31,971 - core.database - INFO - Table users repaired in 0.66s
2026-04-01 02:33:31,971 - core.database - DEBUG - Checking table structure for: bus_stops
2026-04-01 02:33:32,127 - core.database - DEBUG - Table admin_credentials structure is up to date
2026-04-01 02:33:32,127 - core.database - INFO - Table admin_credentials repaired in 0.81s
2026-04-01 02:33:32,128 - core.database - DEBUG - Checking table structure for: categories
2026-04-01 02:33:32,224 - core.database - DEBUG - Table oidc_states structure is up to date
2026-04-01 02:33:32,224 - core.database - INFO - Table oidc_states repaired in 0.91s
2026-04-01 02:33:32,225 - core.database - DEBUG - Checking table structure for: complaints
2026-04-01 02:33:32,226 - core.database - DEBUG - Table banners structure is up to date
2026-04-01 02:33:32,227 - core.database - INFO - Table banners repaired in 0.91s
2026-04-01 02:33:32,227 - core.database - DEBUG - Checking table structure for: directory_entries
2026-04-01 02:33:32,228 - core.database - DEBUG - Table admin_login_lockouts structure is up to date
2026-04-01 02:33:32,228 - core.database - INFO - Table admin_login_lockouts repaired in 0.91s
2026-04-01 02:33:32,228 - core.database - DEBUG - Checking table structure for: food_categories
2026-04-01 02:33:32,228 - core.database - DEBUG - Table become_master_requests structure is up to date
2026-04-01 02:33:32,228 - core.database - INFO - Table become_master_requests repaired in 0.91s
2026-04-01 02:33:32,229 - core.database - DEBUG - Checking table structure for: food_item_modifiers
2026-04-01 02:33:32,229 - core.database - DEBUG - Table bus_notifications structure is up to date
2026-04-01 02:33:32,229 - core.database - INFO - Table bus_notifications repaired in 0.91s
2026-04-01 02:33:32,230 - core.database - DEBUG - Checking table structure for: food_items
2026-04-01 02:33:32,230 - core.database - DEBUG - Table announcements structure is up to date
2026-04-01 02:33:32,230 - core.database - INFO - Table announcements repaired in 0.91s
2026-04-01 02:33:32,231 - core.database - DEBUG - Checking table structure for: food_modifiers
2026-04-01 02:33:32,333 - core.database - DEBUG - Table admin_login_attempts structure is up to date
2026-04-01 02:33:32,333 - core.database - INFO - Table admin_login_attempts repaired in 1.02s
2026-04-01 02:33:32,334 - core.database - DEBUG - Checking table structure for: food_orders
2026-04-01 02:33:32,379 - core.database - DEBUG - Table bus_stops structure is up to date
2026-04-01 02:33:32,380 - core.database - INFO - Table bus_stops repaired in 1.06s
2026-04-01 02:33:32,380 - core.database - DEBUG - Checking table structure for: food_settings
2026-04-01 02:33:32,404 - core.database - DEBUG - Table bus_routes structure is up to date
2026-04-01 02:33:32,405 - core.database - INFO - Table bus_routes repaired in 1.08s
2026-04-01 02:33:32,405 - core.database - DEBUG - Checking table structure for: frontpad_settings
2026-04-01 02:33:32,570 - core.database - DEBUG - Table categories structure is up to date
2026-04-01 02:33:32,570 - core.database - INFO - Table categories repaired in 1.25s
2026-04-01 02:33:32,570 - core.database - DEBUG - Checking table structure for: frontpad_sync_log
2026-04-01 02:33:32,665 - core.database - DEBUG - Table food_categories structure is up to date
2026-04-01 02:33:32,665 - core.database - INFO - Table food_categories repaired in 1.34s
2026-04-01 02:33:32,666 - core.database - DEBUG - Checking table structure for: health_check
2026-04-01 02:33:32,667 - core.database - DEBUG - Table directory_entries structure is up to date
2026-04-01 02:33:32,667 - core.database - INFO - Table directory_entries repaired in 1.34s
2026-04-01 02:33:32,667 - core.database - DEBUG - Checking table structure for: history_events
2026-04-01 02:33:32,669 - core.database - DEBUG - Table food_item_modifiers structure is up to date
2026-04-01 02:33:32,670 - core.database - INFO - Table food_item_modifiers repaired in 1.35s
2026-04-01 02:33:32,670 - core.database - DEBUG - Checking table structure for: homepage_stats
2026-04-01 02:33:32,671 - core.database - DEBUG - Table complaints structure is up to date
2026-04-01 02:33:32,671 - core.database - INFO - Table complaints repaired in 1.35s
2026-04-01 02:33:32,672 - core.database - DEBUG - Checking table structure for: inspectors
2026-04-01 02:33:32,673 - core.database - DEBUG - Table food_modifiers structure is up to date
2026-04-01 02:33:32,673 - core.database - INFO - Table food_modifiers repaired in 1.35s
2026-04-01 02:33:32,673 - core.database - DEBUG - Checking table structure for: item_modifier_groups
2026-04-01 02:33:32,675 - core.database - DEBUG - Table food_items structure is up to date
2026-04-01 02:33:32,675 - core.database - INFO - Table food_items repaired in 1.35s
2026-04-01 02:33:32,675 - core.database - DEBUG - Checking table structure for: jobs
2026-04-01 02:33:32,760 - core.database - DEBUG - Table food_settings structure is up to date
2026-04-01 02:33:32,760 - core.database - INFO - Table food_settings repaired in 1.44s
2026-04-01 02:33:32,760 - core.database - DEBUG - Checking table structure for: master_requests
2026-04-01 02:33:32,776 - core.database - DEBUG - Table food_orders structure is up to date
2026-04-01 02:33:32,777 - core.database - INFO - Table food_orders repaired in 1.45s
2026-04-01 02:33:32,777 - core.database - DEBUG - Checking table structure for: masters
2026-04-01 02:33:32,847 - core.database - DEBUG - Table frontpad_settings structure is up to date
2026-04-01 02:33:32,848 - core.database - INFO - Table frontpad_settings repaired in 1.52s
2026-04-01 02:33:32,848 - core.database - DEBUG - Checking table structure for: modifier_groups
2026-04-01 02:33:32,947 - core.database - DEBUG - Table frontpad_sync_log structure is up to date
2026-04-01 02:33:32,947 - core.database - INFO - Table frontpad_sync_log repaired in 1.62s
2026-04-01 02:33:32,948 - core.database - DEBUG - Checking table structure for: modifier_options
2026-04-01 02:33:33,040 - core.database - DEBUG - Table health_check structure is up to date
2026-04-01 02:33:33,041 - core.database - INFO - Table health_check repaired in 1.72s
2026-04-01 02:33:33,041 - core.database - DEBUG - Checking table structure for: news
2026-04-01 02:33:33,049 - core.database - DEBUG - Table homepage_stats structure is up to date
2026-04-01 02:33:33,049 - core.database - INFO - Table homepage_stats repaired in 1.73s
2026-04-01 02:33:33,049 - core.database - DEBUG - Checking table structure for: question_answers
2026-04-01 02:33:33,051 - core.database - DEBUG - Table item_modifier_groups structure is up to date
2026-04-01 02:33:33,052 - core.database - INFO - Table item_modifier_groups repaired in 1.73s
2026-04-01 02:33:33,052 - core.database - DEBUG - Checking table structure for: questions
2026-04-01 02:33:33,101 - core.database - DEBUG - Table history_events structure is up to date
2026-04-01 02:33:33,101 - core.database - INFO - Table history_events repaired in 1.78s
2026-04-01 02:33:33,102 - core.database - DEBUG - Checking table structure for: real_estate
2026-04-01 02:33:33,113 - core.database - DEBUG - Table inspectors structure is up to date
2026-04-01 02:33:33,113 - core.database - INFO - Table inspectors repaired in 1.79s
2026-04-01 02:33:33,113 - core.database - DEBUG - Checking table structure for: user_preferences
2026-04-01 02:33:33,119 - core.database - DEBUG - Table jobs structure is up to date
2026-04-01 02:33:33,119 - core.database - INFO - Table jobs repaired in 1.80s
2026-04-01 02:33:33,201 - core.database - DEBUG - Table master_requests structure is up to date
2026-04-01 02:33:33,201 - core.database - INFO - Table master_requests repaired in 1.88s
2026-04-01 02:33:33,218 - core.database - DEBUG - Table masters structure is up to date
2026-04-01 02:33:33,219 - core.database - INFO - Table masters repaired in 1.90s
2026-04-01 02:33:33,289 - core.database - DEBUG - Table modifier_groups structure is up to date
2026-04-01 02:33:33,289 - core.database - INFO - Table modifier_groups repaired in 1.97s
2026-04-01 02:33:33,325 - core.database - DEBUG - Table modifier_options structure is up to date
2026-04-01 02:33:33,325 - core.database - INFO - Table modifier_options repaired in 2.00s
2026-04-01 02:33:33,494 - core.database - DEBUG - Table question_answers structure is up to date
2026-04-01 02:33:33,495 - core.database - INFO - Table question_answers repaired in 2.17s
2026-04-01 02:33:33,500 - core.database - DEBUG - Table questions structure is up to date
2026-04-01 02:33:33,501 - core.database - INFO - Table questions repaired in 2.18s
2026-04-01 02:33:33,543 - core.database - DEBUG - Table real_estate structure is up to date
2026-04-01 02:33:33,543 - core.database - INFO - Table real_estate repaired in 2.22s
2026-04-01 02:33:33,544 - core.database - DEBUG - Table news structure is up to date
2026-04-01 02:33:33,544 - core.database - INFO - Table news repaired in 2.22s
2026-04-01 02:33:33,556 - core.database - DEBUG - Table user_preferences structure is up to date
2026-04-01 02:33:33,556 - core.database - INFO - Table user_preferences repaired in 2.23s
2026-04-01 02:33:33,557 - core.database - INFO - 🔧 Table structure repair completed in 2.7531s
2026-04-01 02:33:33,557 - core.database - INFO - 🔧 Table structure repair completed
2026-04-01 02:33:33,557 - core.database - INFO - 🔧 Starting table creation...
2026-04-01 02:33:36,243 - core.database - INFO - Tables initialized successfully
2026-04-01 02:33:36,244 - core.database - DEBUG - [DB_OP] Create tables completed in 5.4406s
2026-04-01 02:33:36,307 - core.database - INFO - Lazy database initialization completed successfully
2026-04-01 02:33:36,711 - routers.admin_auth - DEBUG - [Admin Auth] Admin credentials already exist
2026-04-01 02:33:36,775 - core.config - DEBUG - Read dynamic attribute oss_service_url from environment variable OSS_SERVICE_URL
2026-04-01 02:33:36,775 - core.config - DEBUG - Read dynamic attribute oss_api_key from environment variable OSS_API_KEY
2026-04-01 02:33:36,884 - httpcore.connection - DEBUG - connect_tcp.started host='atoms.dev' port=443 local_address=None timeout=120.0 socket_options=None
2026-04-01 02:33:36,918 - httpcore.connection - DEBUG - connect_tcp.complete return_value=<httpcore._backends.anyio.AnyIOStream object at 0x7fec8ef38fd0>
2026-04-01 02:33:36,918 - httpcore.connection - DEBUG - start_tls.started ssl_context=<ssl.SSLContext object at 0x7fec8efbf740> server_hostname='atoms.dev' timeout=120.0
2026-04-01 02:33:36,925 - httpcore.connection - DEBUG - start_tls.complete return_value=<httpcore._backends.anyio.AnyIOStream object at 0x7fec8ef07e80>
2026-04-01 02:33:36,925 - httpcore.http11 - DEBUG - send_request_headers.started request=<Request [b'GET']>
2026-04-01 02:33:36,926 - httpcore.http11 - DEBUG - send_request_headers.complete
2026-04-01 02:33:36,926 - httpcore.http11 - DEBUG - send_request_body.started request=<Request [b'GET']>
2026-04-01 02:33:36,926 - httpcore.http11 - DEBUG - send_request_body.complete
2026-04-01 02:33:36,926 - httpcore.http11 - DEBUG - receive_response_headers.started request=<Request [b'GET']>
2026-04-01 02:33:36,948 - httpcore.http11 - DEBUG - receive_response_headers.complete return_value=(b'HTTP/1.1', 200, b'OK', [(b'Date', b'Wed, 01 Apr 2026 09:33:36 GMT'), (b'Content-Type', b'application/json; charset=utf-8'), (b'Transfer-Encoding', b'chunked'), (b'Connection', b'keep-alive'), (b'Access-Control-Allow-Headers', b'Origin, Content-Type, Accept, Authorization'), (b'Access-Control-Allow-Methods', b'GET, POST, PUT, DELETE, OPTIONS'), (b'Access-Control-Allow-Origin', b'*'), (b'Access-Control-Max-Age', b'86400'), (b'X-Request-Id', b'6b12abf0bd1d45b2faeccc1f7c2682c4'), (b'X-Trace-Id', b'fc624098ca0544eabd86e4a63a1ff5c6'), (b'Content-Security-Policy', b"frame-ancestors 'self' https://atoms.dev"), (b'Strict-Transport-Security', b'max-age=63072000; includeSubDomains; preload'), (b'X-Content-Type-Options', b'nosniff'), (b'X-XSS-Protection', b'1; mode=block'), (b'Referrer-Policy', b'strict-origin-when-cross-origin'), (b'cf-cache-status', b'DYNAMIC'), (b'Content-Encoding', b'gzip'), (b'Server', b'cloudflare'), (b'CF-RAY', b'9e5697e1cffd2590-LAX')])
2026-04-01 02:33:36,949 - httpx - INFO - HTTP Request: GET https://atoms.dev/api/v1/infra/client/oss/buckets "HTTP/1.1 200 OK"
2026-04-01 02:33:36,949 - httpcore.http11 - DEBUG - receive_response_body.started request=<Request [b'GET']>
2026-04-01 02:33:36,949 - httpcore.http11 - DEBUG - receive_response_body.complete
2026-04-01 02:33:36,950 - httpcore.http11 - DEBUG - response_closed.started
2026-04-01 02:33:36,950 - httpcore.http11 - DEBUG - response_closed.complete
2026-04-01 02:33:36,950 - httpcore.connection - DEBUG - close.started
2026-04-01 02:33:36,950 - httpcore.connection - DEBUG - close.complete
2026-04-01 02:33:36,951 - services.bucket_init - INFO - Bucket 'portal-images' already exists
2026-04-01 02:33:36,951 - main - INFO - === Application startup completed ===
2026-04-01 02:35:06,699 - services.database - DEBUG - [DB_OP] Starting database close
2026-04-01 02:35:07,029 - core.database - INFO - Database connection closed and engine disposed
2026-04-01 02:35:07,029 - services.database - INFO - Database connections closed
2026-04-01 02:35:07,029 - services.database - DEBUG - [DB_OP] Database close completed in 0.3305s
