2026-03-15 10:00:14,909 - main - INFO - === Logging system initialized ===
2026-03-15 10:00:14,909 - main - INFO - Log file: logs/app_20260315_100014.log
2026-03-15 10:00:14,909 - main - INFO - Log level: INFO
2026-03-15 10:00:14,909 - main - INFO - Timestamp: 20260315_100014
2026-03-15 10:00:15,623 - main - INFO - Included router: routers.aihub.router
2026-03-15 10:00:15,675 - main - INFO - Included router: routers.announcements.router
2026-03-15 10:00:15,691 - main - INFO - Included router: routers.auth.router
2026-03-15 10:00:15,803 - main - INFO - Included router: routers.banners.router
2026-03-15 10:00:15,847 - main - INFO - Included router: routers.become_master_requests.router
2026-03-15 10:00:15,892 - main - INFO - Included router: routers.complaints.router
2026-03-15 10:00:15,930 - main - INFO - Included router: routers.directory_entries.router
2026-03-15 10:00:15,933 - main - INFO - Included router: routers.health.router
2026-03-15 10:00:16,162 - main - INFO - Included router: routers.jobs.router
2026-03-15 10:00:16,206 - main - INFO - Included router: routers.master_requests.router
2026-03-15 10:00:16,254 - main - INFO - Included router: routers.masters.router
2026-03-15 10:00:16,297 - main - INFO - Included router: routers.news.router
2026-03-15 10:00:16,333 - main - INFO - Included router: routers.question_answers.router
2026-03-15 10:00:16,369 - main - INFO - Included router: routers.questions.router
2026-03-15 10:00:16,388 - main - INFO - Included router: routers.settings.router
2026-03-15 10:00:16,421 - main - INFO - Included router: routers.storage.router
2026-03-15 10:00:16,448 - main - INFO - Included router: routers.telegram.router
2026-03-15 10:00:16,455 - main - INFO - Included router: routers.user.router
2026-03-15 10:00:16,456 - main - INFO - === Application startup initiated ===
2026-03-15 10:00:16,456 - services.database - DEBUG - [DB_OP] Starting database initialization
2026-03-15 10:00:16,456 - services.database - INFO - 🔧 Starting database initialization...
2026-03-15 10:00:16,456 - core.database - INFO - Starting database initialization...
2026-03-15 10:00:16,456 - core.config - DEBUG - Read dynamic attribute database_url from environment variable DATABASE_URL
2026-03-15 10:00:16,457 - core.database - INFO - Normalizing database URL for async compatibility...
2026-03-15 10:00:16,457 - core.database - INFO - Creating async database engine...
2026-03-15 10:00:16,458 - core.database - INFO - Using QueuePool with connection pooling for non-Lambda environment
2026-03-15 10:00:16,580 - core.database - INFO - Database engine created successfully
2026-03-15 10:00:16,580 - core.database - INFO - Creating async session maker...
2026-03-15 10:00:16,580 - core.database - INFO - Async session maker created successfully
2026-03-15 10:00:16,580 - core.database - INFO - Database connection initialized successfully
2026-03-15 10:00:16,580 - services.database - INFO - 🔧 Database connection initialized, now creating tables if tables not exist...
2026-03-15 10:00:16,580 - core.database - DEBUG - [DB_OP] Starting create_tables
2026-03-15 10:00:16,580 - core.database - INFO - 🔧 Starting table creation...
2026-03-15 10:00:18,437 - core.database - INFO - Tables initialized successfully
2026-03-15 10:00:18,438 - core.database - DEBUG - [DB_OP] Create tables completed in 1.8572s
2026-03-15 10:00:18,496 - services.database - INFO - 🔧 Table creation completed
2026-03-15 10:00:18,497 - services.database - INFO - Database initialized successfully
2026-03-15 10:00:18,497 - services.database - DEBUG - [DB_OP] Database initialization completed in 2.0409s
2026-03-15 10:00:18,498 - services.mock_data - INFO - Processing mock data file announcements.json for table announcements
2026-03-15 10:00:18,499 - services.mock_data - INFO - Processing mock data file banners.json for table banners
2026-03-15 10:00:18,500 - services.mock_data - INFO - Processing mock data file complaints.json for table complaints
2026-03-15 10:00:18,501 - services.mock_data - INFO - Processing mock data file directory_entries.json for table directory_entries
2026-03-15 10:00:18,502 - services.mock_data - INFO - Processing mock data file jobs.json for table jobs
2026-03-15 10:00:20,522 - services.mock_data - INFO - Table announcements already has 7 rows; skipping mock insert
2026-03-15 10:00:20,573 - services.mock_data - INFO - Table jobs already has 5 rows; skipping mock insert
2026-03-15 10:00:20,580 - services.mock_data - INFO - Processing mock data file master_requests.json for table master_requests
2026-03-15 10:00:20,631 - services.mock_data - INFO - Processing mock data file masters.json for table masters
2026-03-15 10:00:20,645 - services.mock_data - INFO - Table complaints already has 6 rows; skipping mock insert
2026-03-15 10:00:20,652 - services.mock_data - INFO - Table banners already has 2 rows; skipping mock insert
2026-03-15 10:00:20,704 - services.mock_data - INFO - Processing mock data file news.json for table news
2026-03-15 10:00:20,710 - services.mock_data - INFO - Processing mock data file question_answers.json for table question_answers
2026-03-15 10:00:20,734 - services.mock_data - INFO - Table directory_entries already has 10 rows; skipping mock insert
2026-03-15 10:00:20,792 - services.mock_data - INFO - Processing mock data file questions.json for table questions
2026-03-15 10:00:21,522 - services.mock_data - INFO - Table master_requests already has 6 rows; skipping mock insert
2026-03-15 10:00:21,628 - services.mock_data - INFO - Table masters already has 8 rows; skipping mock insert
2026-03-15 10:00:21,713 - services.mock_data - INFO - Table question_answers already has 10 rows; skipping mock insert
2026-03-15 10:00:21,716 - services.mock_data - INFO - Table news already has 5 rows; skipping mock insert
2026-03-15 10:00:21,794 - services.mock_data - INFO - Table questions already has 7 rows; skipping mock insert
2026-03-15 10:00:21,853 - services.database - DEBUG - [DB_OP] Starting database initialization
2026-03-15 10:00:21,853 - services.database - INFO - 🔧 Starting database initialization...
2026-03-15 10:00:21,853 - core.database - INFO - Starting database initialization...
2026-03-15 10:00:21,854 - core.database - INFO - Database already initialized
2026-03-15 10:00:21,854 - services.database - INFO - 🔧 Database connection initialized, now creating tables if tables not exist...
2026-03-15 10:00:21,854 - core.database - DEBUG - [DB_OP] Starting create_tables
2026-03-15 10:00:21,854 - core.database - INFO - Tables already initialized
2026-03-15 10:00:21,854 - services.database - INFO - 🔧 Table creation completed
2026-03-15 10:00:21,854 - services.database - INFO - Database initialized successfully
2026-03-15 10:00:21,854 - services.database - DEBUG - [DB_OP] Database initialization completed in 0.0013s
2026-03-15 10:00:21,854 - core.config - DEBUG - Read dynamic attribute admin_user_id from environment variable ADMIN_USER_ID
2026-03-15 10:00:21,854 - core.config - DEBUG - Read dynamic attribute admin_user_email from environment variable ADMIN_USER_EMAIL
2026-03-15 10:00:22,217 - services.auth - DEBUG - Admin user 1029346 already exists
2026-03-15 10:00:22,276 - main - INFO - === Application startup completed successfully ===
2026-03-15 10:00:28,292 - services.database - DEBUG - [DB_OP] Starting database close
2026-03-15 10:00:28,599 - core.database - INFO - Database connection closed and engine disposed
2026-03-15 10:00:28,599 - services.database - INFO - Database connections closed
2026-03-15 10:00:28,599 - services.database - DEBUG - [DB_OP] Database close completed in 0.3072s
