2026-03-22 09:40:48,499 - main - INFO - === Logging system initialized ===
2026-03-22 09:40:48,499 - main - INFO - Log file: logs/app_20260322_094048.log
2026-03-22 09:40:48,499 - main - INFO - Log level: INFO
2026-03-22 09:40:48,499 - main - INFO - Timestamp: 20260322_094048
2026-03-22 09:40:49,277 - main - INFO - Included router: routers.aihub.router
2026-03-22 09:40:49,334 - main - INFO - Included router: routers.announcements.router
2026-03-22 09:40:49,354 - main - INFO - Included router: routers.auth.router
2026-03-22 09:40:49,410 - main - INFO - Included router: routers.banners.router
2026-03-22 09:40:49,553 - main - INFO - Included router: routers.become_master_requests.router
2026-03-22 09:40:49,610 - main - INFO - Included router: routers.categories.router
2026-03-22 09:40:49,665 - main - INFO - Included router: routers.complaints.router
2026-03-22 09:40:49,666 - main - WARNING - Failed to import module 'routers.debug_schema': cannot import name 'async_engine' from 'core.database' (/workspace/app/backend/core/database.py)
2026-03-22 09:40:49,714 - main - INFO - Included router: routers.directory_entries.router
2026-03-22 09:40:49,756 - main - INFO - Included router: routers.food_categories.router
2026-03-22 09:40:49,801 - main - INFO - Included router: routers.food_item_modifiers.router
2026-03-22 09:40:49,851 - main - INFO - Included router: routers.food_items.router
2026-03-22 09:40:49,903 - main - INFO - Included router: routers.food_modifiers.router
2026-03-22 09:40:49,949 - main - INFO - Included router: routers.food_orders.router
2026-03-22 09:40:49,994 - main - INFO - Included router: routers.food_settings.router
2026-03-22 09:40:49,996 - main - INFO - Included router: routers.health.router
2026-03-22 09:40:50,052 - main - INFO - Included router: routers.inspectors.router
2026-03-22 09:40:50,111 - main - INFO - Included router: routers.jobs.router
2026-03-22 09:40:50,156 - main - INFO - Included router: routers.master_requests.router
2026-03-22 09:40:50,371 - main - INFO - Included router: routers.masters.router
2026-03-22 09:40:50,445 - main - INFO - Included router: routers.news.router
2026-03-22 09:40:50,486 - main - INFO - Included router: routers.question_answers.router
2026-03-22 09:40:50,527 - main - INFO - Included router: routers.questions.router
2026-03-22 09:40:50,580 - main - INFO - Included router: routers.real_estate.router
2026-03-22 09:40:50,600 - main - INFO - Included router: routers.settings.router
2026-03-22 09:40:50,637 - main - INFO - Included router: routers.storage.router
2026-03-22 09:40:50,659 - main - INFO - Included router: routers.telegram.router
2026-03-22 09:40:50,666 - main - INFO - Included router: routers.user.router
2026-03-22 09:40:50,707 - main - INFO - Included router: routers.user_preferences.router
2026-03-22 09:40:50,708 - main - INFO - === Application startup initiated ===
2026-03-22 09:40:50,709 - services.database - INFO - Ignore creating tables
2026-03-22 09:40:50,709 - services.mock_data - INFO - Ignore initialize data
2026-03-22 09:40:50,709 - services.auth - INFO - Ignore initialize admin
2026-03-22 09:40:50,709 - main - INFO - === Application startup completed successfully ===
2026-03-22 09:40:55,321 - services.database - DEBUG - [DB_OP] Starting database close
2026-03-22 09:40:55,322 - services.database - INFO - Database connections closed
2026-03-22 09:40:55,322 - services.database - DEBUG - [DB_OP] Database close completed in 0.0005s
