2026-04-08 09:56:35,169 - main - INFO - === Logging system initialized ===
2026-04-08 09:56:35,170 - main - INFO - Log file: logs/app_20260408_095635.log
2026-04-08 09:56:35,170 - main - INFO - Log level: INFO
2026-04-08 09:56:35,170 - main - INFO - Timestamp: 20260408_095635
2026-04-08 09:56:35,175 - main - INFO - Included router: routers.admin_auth.router
2026-04-08 09:56:36,044 - main - INFO - Included router: routers.aihub.router
2026-04-08 09:56:36,103 - main - INFO - Included router: routers.announcements.router
2026-04-08 09:56:36,122 - main - INFO - Included router: routers.auth.router
2026-04-08 09:56:36,244 - main - INFO - Included router: routers.banners.router
2026-04-08 09:56:36,300 - main - INFO - Included router: routers.become_master_requests.router
2026-04-08 09:56:36,344 - main - INFO - Included router: routers.bus_notifications.router
2026-04-08 09:56:36,401 - main - INFO - Included router: routers.bus_routes.router
2026-04-08 09:56:36,447 - main - INFO - Included router: routers.bus_stops.router
2026-04-08 09:56:36,497 - main - INFO - Included router: routers.categories.router
2026-04-08 09:56:36,548 - main - INFO - Included router: routers.complaints.router
2026-04-08 09:56:36,593 - main - INFO - Included router: routers.couriers.router
2026-04-08 09:56:36,596 - main - INFO - Included router: routers.debug_schema.router
2026-04-08 09:56:36,641 - main - INFO - Included router: routers.directory_entries.router
2026-04-08 09:56:36,687 - main - INFO - Included router: routers.food_categories.router
2026-04-08 09:56:36,727 - main - INFO - Included router: routers.food_item_modifiers.router
2026-04-08 09:56:36,782 - main - INFO - Included router: routers.food_items.router
2026-04-08 09:56:36,829 - main - INFO - Included router: routers.food_modifiers.router
2026-04-08 09:56:36,984 - main - INFO - Included router: routers.food_orders.router
2026-04-08 09:56:37,029 - main - INFO - Included router: routers.food_settings.router
2026-04-08 09:56:37,065 - main - INFO - Included router: routers.frontpad.router
2026-04-08 09:56:37,103 - main - INFO - Included router: routers.frontpad_settings.router
2026-04-08 09:56:37,144 - main - INFO - Included router: routers.frontpad_sync_log.router
2026-04-08 09:56:37,147 - main - INFO - Included router: routers.health.router
2026-04-08 09:56:37,195 - main - INFO - Included router: routers.health_check.router
2026-04-08 09:56:37,241 - main - INFO - Included router: routers.history_events.router
2026-04-08 09:56:37,291 - main - INFO - Included router: routers.homepage_stats.router
2026-04-08 09:56:37,355 - main - INFO - Included router: routers.inspectors.router
2026-04-08 09:56:37,398 - main - INFO - Included router: routers.item_modifier_groups.router
2026-04-08 09:56:37,451 - main - INFO - Included router: routers.jobs.router
2026-04-08 09:56:37,503 - main - INFO - Included router: routers.master_requests.router
2026-04-08 09:56:37,564 - main - INFO - Included router: routers.masters.router
2026-04-08 09:56:37,778 - main - INFO - Included router: routers.modifier_groups.router
2026-04-08 09:56:37,843 - main - INFO - Included router: routers.modifier_options.router
2026-04-08 09:56:37,901 - main - INFO - Included router: routers.news.router
2026-04-08 09:56:37,963 - main - INFO - Included router: routers.park_orders.router
2026-04-08 09:56:38,016 - main - INFO - Included router: routers.park_points.router
2026-04-08 09:56:38,062 - main - INFO - Included router: routers.question_answers.router
2026-04-08 09:56:38,110 - main - INFO - Included router: routers.questions.router
2026-04-08 09:56:38,173 - main - INFO - Included router: routers.real_estate.router
2026-04-08 09:56:38,197 - main - INFO - Included router: routers.settings.router
2026-04-08 09:56:38,229 - main - INFO - Included router: routers.storage.router
2026-04-08 09:56:38,258 - main - INFO - Included router: routers.telegram.router
2026-04-08 09:56:38,300 - main - INFO - Included router: routers.user.router
2026-04-08 09:56:38,347 - main - INFO - Included router: routers.user_preferences.router
2026-04-08 09:56:38,350 - main - INFO - Included router: routers.weather.router
2026-04-08 09:56:38,353 - main - INFO - === Application startup initiated ===
2026-04-08 09:56:38,353 - services.database - INFO - Ignore creating tables
2026-04-08 09:56:38,354 - services.mock_data - INFO - Ignore initialize data
2026-04-08 09:56:38,354 - services.auth - INFO - Ignore initialize admin
2026-04-08 09:56:38,354 - core.database - WARNING - Database not initialized, attempting lazy initialization...
2026-04-08 09:56:38,354 - core.database - INFO - Starting database initialization...
2026-04-08 09:56:38,354 - core.config - DEBUG - Read dynamic attribute database_url from environment variable DATABASE_URL
2026-04-08 09:56:38,354 - core.database - INFO - Database init attempt 1/5...
2026-04-08 09:56:38,356 - core.database - INFO - Normalized database URL (masked): postgresql+asyncpg://neondb_owner:***@ep-cool-wave-ad8598va.c-2.us-east-1.aws.neon.tech/neondb?ssl=require
2026-04-08 09:56:38,356 - core.database - INFO - Using QueuePool with connection pooling
2026-04-08 09:56:39,694 - core.database - INFO - Database connection initialized successfully
2026-04-08 09:56:39,694 - core.database - DEBUG - [DB_OP] Starting create_tables
2026-04-08 09:56:39,694 - core.database - INFO - 🔧 Table creation attempt 1/3...
2026-04-08 09:56:39,694 - core.database - INFO - 🔧 Starting table structure repair...
2026-04-08 09:56:40,265 - core.database - INFO - 🔧 Repairing 40 existing tables...
2026-04-08 09:56:40,266 - core.database - DEBUG - Checking table structure for: users
2026-04-08 09:56:40,267 - core.database - DEBUG - Checking table structure for: oidc_states
2026-04-08 09:56:40,268 - core.database - DEBUG - Checking table structure for: admin_credentials
2026-04-08 09:56:40,270 - core.database - DEBUG - Checking table structure for: admin_login_attempts
2026-04-08 09:56:40,271 - core.database - DEBUG - Checking table structure for: admin_login_lockouts
2026-04-08 09:56:40,272 - core.database - DEBUG - Checking table structure for: announcements
2026-04-08 09:56:40,274 - core.database - DEBUG - Checking table structure for: banners
2026-04-08 09:56:40,275 - core.database - DEBUG - Checking table structure for: become_master_requests
2026-04-08 09:56:40,276 - core.database - DEBUG - Checking table structure for: bus_notifications
2026-04-08 09:56:40,277 - core.database - DEBUG - Checking table structure for: bus_routes
2026-04-08 09:56:40,980 - core.database - DEBUG - Table users structure is up to date
2026-04-08 09:56:40,981 - core.database - INFO - Table users repaired in 0.71s
2026-04-08 09:56:40,981 - core.database - DEBUG - Checking table structure for: bus_stops
2026-04-08 09:56:41,099 - core.database - DEBUG - Table announcements structure is up to date
2026-04-08 09:56:41,099 - core.database - INFO - Table announcements repaired in 0.83s
2026-04-08 09:56:41,100 - core.database - DEBUG - Checking table structure for: categories
2026-04-08 09:56:41,101 - core.database - DEBUG - Table become_master_requests structure is up to date
2026-04-08 09:56:41,101 - core.database - INFO - Table become_master_requests repaired in 0.83s
2026-04-08 09:56:41,101 - core.database - DEBUG - Checking table structure for: complaints
2026-04-08 09:56:41,178 - core.database - DEBUG - Table bus_routes structure is up to date
2026-04-08 09:56:41,178 - core.database - INFO - Table bus_routes repaired in 0.90s
2026-04-08 09:56:41,178 - core.database - DEBUG - Checking table structure for: couriers
2026-04-08 09:56:41,199 - core.database - DEBUG - Table oidc_states structure is up to date
2026-04-08 09:56:41,199 - core.database - INFO - Table oidc_states repaired in 0.93s
2026-04-08 09:56:41,200 - core.database - DEBUG - Checking table structure for: directory_entries
2026-04-08 09:56:41,200 - core.database - DEBUG - Table admin_login_attempts structure is up to date
2026-04-08 09:56:41,200 - core.database - INFO - Table admin_login_attempts repaired in 0.93s
2026-04-08 09:56:41,201 - core.database - DEBUG - Checking table structure for: food_categories
2026-04-08 09:56:41,201 - core.database - DEBUG - Table admin_credentials structure is up to date
2026-04-08 09:56:41,201 - core.database - INFO - Table admin_credentials repaired in 0.93s
2026-04-08 09:56:41,202 - core.database - DEBUG - Checking table structure for: food_item_modifiers
2026-04-08 09:56:41,203 - core.database - DEBUG - Table admin_login_lockouts structure is up to date
2026-04-08 09:56:41,203 - core.database - INFO - Table admin_login_lockouts repaired in 0.93s
2026-04-08 09:56:41,203 - core.database - DEBUG - Checking table structure for: food_items
2026-04-08 09:56:41,205 - core.database - DEBUG - Table banners structure is up to date
2026-04-08 09:56:41,205 - core.database - INFO - Table banners repaired in 0.93s
2026-04-08 09:56:41,205 - core.database - DEBUG - Checking table structure for: food_modifiers
2026-04-08 09:56:41,206 - core.database - DEBUG - Table bus_notifications structure is up to date
2026-04-08 09:56:41,207 - core.database - INFO - Table bus_notifications repaired in 0.93s
2026-04-08 09:56:41,207 - core.database - DEBUG - Checking table structure for: food_orders
2026-04-08 09:56:41,356 - core.database - DEBUG - Table bus_stops structure is up to date
2026-04-08 09:56:41,357 - core.database - INFO - Table bus_stops repaired in 1.08s
2026-04-08 09:56:41,357 - core.database - DEBUG - Checking table structure for: food_settings
2026-04-08 09:56:41,540 - core.database - DEBUG - Table complaints structure is up to date
2026-04-08 09:56:41,541 - core.database - INFO - Table complaints repaired in 1.26s
2026-04-08 09:56:41,541 - core.database - DEBUG - Checking table structure for: frontpad_settings
2026-04-08 09:56:41,542 - core.database - DEBUG - Table categories structure is up to date
2026-04-08 09:56:41,542 - core.database - INFO - Table categories repaired in 1.26s
2026-04-08 09:56:41,543 - core.database - DEBUG - Checking table structure for: frontpad_sync_log
2026-04-08 09:56:41,615 - core.database - DEBUG - Table couriers structure is up to date
2026-04-08 09:56:41,615 - core.database - INFO - Table couriers repaired in 1.34s
2026-04-08 09:56:41,615 - core.database - DEBUG - Checking table structure for: health_check
2026-04-08 09:56:41,639 - core.database - DEBUG - Table directory_entries structure is up to date
2026-04-08 09:56:41,640 - core.database - INFO - Table directory_entries repaired in 1.36s
2026-04-08 09:56:41,640 - core.database - DEBUG - Checking table structure for: history_events
2026-04-08 09:56:41,644 - core.database - DEBUG - Table food_item_modifiers structure is up to date
2026-04-08 09:56:41,644 - core.database - INFO - Table food_item_modifiers repaired in 1.37s
2026-04-08 09:56:41,644 - core.database - DEBUG - Checking table structure for: homepage_stats
2026-04-08 09:56:41,645 - core.database - DEBUG - Table food_categories structure is up to date
2026-04-08 09:56:41,645 - core.database - INFO - Table food_categories repaired in 1.37s
2026-04-08 09:56:41,645 - core.database - DEBUG - Checking table structure for: inspectors
2026-04-08 09:56:41,649 - core.database - DEBUG - Table food_items structure is up to date
2026-04-08 09:56:41,649 - core.database - INFO - Table food_items repaired in 1.37s
2026-04-08 09:56:41,650 - core.database - DEBUG - Checking table structure for: item_modifier_groups
2026-04-08 09:56:41,651 - core.database - DEBUG - Table food_orders structure is up to date
2026-04-08 09:56:41,651 - core.database - INFO - Table food_orders repaired in 1.37s
2026-04-08 09:56:41,651 - core.database - DEBUG - Checking table structure for: jobs
2026-04-08 09:56:41,653 - core.database - DEBUG - Table food_modifiers structure is up to date
2026-04-08 09:56:41,653 - core.database - INFO - Table food_modifiers repaired in 1.38s
2026-04-08 09:56:41,653 - core.database - DEBUG - Checking table structure for: master_requests
2026-04-08 09:56:41,732 - core.database - DEBUG - Table food_settings structure is up to date
2026-04-08 09:56:41,732 - core.database - INFO - Table food_settings repaired in 1.45s
2026-04-08 09:56:41,733 - core.database - DEBUG - Checking table structure for: masters
2026-04-08 09:56:41,918 - core.database - DEBUG - Table frontpad_settings structure is up to date
2026-04-08 09:56:41,918 - core.database - INFO - Table frontpad_settings repaired in 1.64s
2026-04-08 09:56:41,918 - core.database - DEBUG - Checking table structure for: modifier_groups
2026-04-08 09:56:41,920 - core.database - DEBUG - Table frontpad_sync_log structure is up to date
2026-04-08 09:56:41,920 - core.database - INFO - Table frontpad_sync_log repaired in 1.64s
2026-04-08 09:56:41,920 - core.database - DEBUG - Checking table structure for: modifier_options
2026-04-08 09:56:41,988 - core.database - DEBUG - Table health_check structure is up to date
2026-04-08 09:56:41,988 - core.database - INFO - Table health_check repaired in 1.71s
2026-04-08 09:56:41,988 - core.database - DEBUG - Checking table structure for: news
2026-04-08 09:56:42,018 - core.database - DEBUG - Table history_events structure is up to date
2026-04-08 09:56:42,018 - core.database - INFO - Table history_events repaired in 1.74s
2026-04-08 09:56:42,019 - core.database - DEBUG - Checking table structure for: park_orders
2026-04-08 09:56:42,026 - core.database - DEBUG - Table homepage_stats structure is up to date
2026-04-08 09:56:42,027 - core.database - INFO - Table homepage_stats repaired in 1.75s
2026-04-08 09:56:42,027 - core.database - DEBUG - Checking table structure for: park_points
2026-04-08 09:56:42,034 - core.database - DEBUG - Table item_modifier_groups structure is up to date
2026-04-08 09:56:42,034 - core.database - INFO - Table item_modifier_groups repaired in 1.76s
2026-04-08 09:56:42,034 - core.database - DEBUG - Checking table structure for: question_answers
2026-04-08 09:56:42,036 - core.database - DEBUG - Table master_requests structure is up to date
2026-04-08 09:56:42,036 - core.database - INFO - Table master_requests repaired in 1.76s
2026-04-08 09:56:42,036 - core.database - DEBUG - Checking table structure for: questions
2026-04-08 09:56:42,085 - core.database - DEBUG - Table inspectors structure is up to date
2026-04-08 09:56:42,086 - core.database - INFO - Table inspectors repaired in 1.81s
2026-04-08 09:56:42,086 - core.database - DEBUG - Checking table structure for: real_estate
2026-04-08 09:56:42,095 - core.database - DEBUG - Table jobs structure is up to date
2026-04-08 09:56:42,095 - core.database - INFO - Table jobs repaired in 1.82s
2026-04-08 09:56:42,095 - core.database - DEBUG - Checking table structure for: user_preferences
2026-04-08 09:56:42,169 - core.database - DEBUG - Table masters structure is up to date
2026-04-08 09:56:42,170 - core.database - INFO - Table masters repaired in 1.89s
2026-04-08 09:56:42,296 - core.database - DEBUG - Table modifier_options structure is up to date
2026-04-08 09:56:42,296 - core.database - INFO - Table modifier_options repaired in 2.02s
2026-04-08 09:56:42,297 - core.database - DEBUG - Table modifier_groups structure is up to date
2026-04-08 09:56:42,297 - core.database - INFO - Table modifier_groups repaired in 2.02s
2026-04-08 09:56:42,361 - core.database - DEBUG - Table news structure is up to date
2026-04-08 09:56:42,362 - core.database - INFO - Table news repaired in 2.08s
2026-04-08 09:56:42,396 - core.database - DEBUG - Table park_orders structure is up to date
2026-04-08 09:56:42,396 - core.database - INFO - Table park_orders repaired in 2.12s
2026-04-08 09:56:42,482 - core.database - DEBUG - Table question_answers structure is up to date
2026-04-08 09:56:42,483 - core.database - INFO - Table question_answers repaired in 2.20s
2026-04-08 09:56:42,484 - core.database - DEBUG - Table questions structure is up to date
2026-04-08 09:56:42,485 - core.database - INFO - Table questions repaired in 2.21s
2026-04-08 09:56:42,486 - core.database - DEBUG - Table park_points structure is up to date
2026-04-08 09:56:42,486 - core.database - INFO - Table park_points repaired in 2.21s
2026-04-08 09:56:42,530 - core.database - DEBUG - Table real_estate structure is up to date
2026-04-08 09:56:42,531 - core.database - INFO - Table real_estate repaired in 2.25s
2026-04-08 09:56:42,544 - core.database - DEBUG - Table user_preferences structure is up to date
2026-04-08 09:56:42,544 - core.database - INFO - Table user_preferences repaired in 2.27s
2026-04-08 09:56:42,545 - core.database - INFO - 🔧 Table structure repair completed in 2.8500s
2026-04-08 09:56:42,545 - core.database - INFO - 🔧 Table structure repair completed
2026-04-08 09:56:42,545 - core.database - INFO - 🔧 Starting table creation...
2026-04-08 09:56:45,363 - core.database - INFO - Tables initialized successfully
2026-04-08 09:56:45,364 - core.database - DEBUG - [DB_OP] Create tables completed in 5.6703s
2026-04-08 09:56:45,429 - core.database - INFO - Lazy database initialization completed successfully
2026-04-08 09:56:46,502 - routers.admin_auth - INFO - [Admin Auth] Pre-computed 4 alternative password hashes for 'admin' account
2026-04-08 09:56:47,377 - routers.admin_auth - INFO - [Admin Auth] Admin credentials reset (username: admin, password: Admin123@)
2026-04-08 09:56:47,882 - core.config - DEBUG - Read dynamic attribute oss_service_url from environment variable OSS_SERVICE_URL
2026-04-08 09:56:47,882 - core.config - DEBUG - Read dynamic attribute oss_api_key from environment variable OSS_API_KEY
2026-04-08 09:56:48,163 - httpcore.connection - DEBUG - connect_tcp.started host='atoms.dev' port=443 local_address=None timeout=120.0 socket_options=None
2026-04-08 09:56:48,172 - httpcore.connection - DEBUG - connect_tcp.complete return_value=<httpcore._backends.anyio.AnyIOStream object at 0x7f836b644550>
2026-04-08 09:56:48,173 - httpcore.connection - DEBUG - start_tls.started ssl_context=<ssl.SSLContext object at 0x7f836d8769c0> server_hostname='atoms.dev' timeout=120.0
2026-04-08 09:56:48,183 - httpcore.connection - DEBUG - start_tls.complete return_value=<httpcore._backends.anyio.AnyIOStream object at 0x7f836b60f400>
2026-04-08 09:56:48,184 - httpcore.http11 - DEBUG - send_request_headers.started request=<Request [b'GET']>
2026-04-08 09:56:48,185 - httpcore.http11 - DEBUG - send_request_headers.complete
2026-04-08 09:56:48,185 - httpcore.http11 - DEBUG - send_request_body.started request=<Request [b'GET']>
2026-04-08 09:56:48,185 - httpcore.http11 - DEBUG - send_request_body.complete
2026-04-08 09:56:48,185 - httpcore.http11 - DEBUG - receive_response_headers.started request=<Request [b'GET']>
2026-04-08 09:56:48,217 - httpcore.http11 - DEBUG - receive_response_headers.complete return_value=(b'HTTP/1.1', 200, b'OK', [(b'Date', b'Wed, 08 Apr 2026 16:56:47 GMT'), (b'Content-Type', b'application/json; charset=utf-8'), (b'Transfer-Encoding', b'chunked'), (b'Connection', b'keep-alive'), (b'Access-Control-Allow-Headers', b'Origin, Content-Type, Accept, Authorization'), (b'Access-Control-Allow-Methods', b'GET, POST, PUT, DELETE, OPTIONS'), (b'Access-Control-Allow-Origin', b'*'), (b'Access-Control-Max-Age', b'86400'), (b'X-Request-Id', b'd1ea27c8511caebe789b984f52a3788a'), (b'X-Trace-Id', b'92a1a6934bd743de9a2653f49394abd5'), (b'Content-Security-Policy', b"frame-ancestors 'self' https://atoms.dev"), (b'Strict-Transport-Security', b'max-age=63072000; includeSubDomains; preload'), (b'X-Content-Type-Options', b'nosniff'), (b'X-XSS-Protection', b'1; mode=block'), (b'Referrer-Policy', b'strict-origin-when-cross-origin'), (b'cf-cache-status', b'DYNAMIC'), (b'Content-Encoding', b'gzip'), (b'Server', b'cloudflare'), (b'CF-RAY', b'9e92ceb39e406a29-LAX')])
2026-04-08 09:56:48,219 - httpx - INFO - HTTP Request: GET https://atoms.dev/api/v1/infra/client/oss/buckets "HTTP/1.1 200 OK"
2026-04-08 09:56:48,219 - httpcore.http11 - DEBUG - receive_response_body.started request=<Request [b'GET']>
2026-04-08 09:56:48,221 - httpcore.http11 - DEBUG - receive_response_body.complete
2026-04-08 09:56:48,221 - httpcore.http11 - DEBUG - response_closed.started
2026-04-08 09:56:48,221 - httpcore.http11 - DEBUG - response_closed.complete
2026-04-08 09:56:48,222 - httpcore.connection - DEBUG - close.started
2026-04-08 09:56:48,222 - httpcore.connection - DEBUG - close.complete
2026-04-08 09:56:48,223 - services.bucket_init - INFO - Bucket 'portal-images' already exists
2026-04-08 09:56:48,223 - main - INFO - === Application startup completed ===
2026-04-08 09:57:01,204 - core.database - DEBUG - [DB_OP] Starting get_db session creation
2026-04-08 09:57:01,205 - core.database - DEBUG - [DB_OP] Database session created successfully in 0.0004s
2026-04-08 09:57:01,205 - routers.banners - DEBUG - Querying bannerss: query=None, sort=None, skip=0, limit=1, fields=None
2026-04-08 09:57:01,302 - core.database - DEBUG - [DB_OP] Starting get_db session creation
2026-04-08 09:57:01,302 - core.database - DEBUG - [DB_OP] Database session created successfully in 0.0005s
2026-04-08 09:57:01,303 - routers.banners - DEBUG - Querying bannerss: query={"active":true}, sort=None, skip=0, limit=4, fields=None
2026-04-08 09:57:01,502 - httpcore.connection - DEBUG - connect_tcp.started host='api.openweathermap.org' port=443 local_address=None timeout=10.0 socket_options=None
2026-04-08 09:57:01,506 - core.database - DEBUG - [DB_OP] Starting get_db session creation
2026-04-08 09:57:01,506 - core.database - DEBUG - [DB_OP] Database session created successfully in 0.0003s
2026-04-08 09:57:01,507 - routers.complaints - DEBUG - Querying complaintss: query=None, sort=-created_at, skip=0, limit=3, fields=None
2026-04-08 09:57:01,512 - core.database - DEBUG - [DB_OP] Starting get_db session creation
2026-04-08 09:57:01,513 - core.database - DEBUG - [DB_OP] Database session created successfully in 0.0007s
2026-04-08 09:57:01,514 - routers.news - DEBUG - Querying newss: query={"published":true}, sort=-created_at, skip=0, limit=6, fields=None
2026-04-08 09:57:01,519 - core.database - DEBUG - [DB_OP] Starting get_db session creation
2026-04-08 09:57:01,520 - core.database - DEBUG - [DB_OP] Database session created successfully in 0.0005s
2026-04-08 09:57:01,520 - routers.homepage_stats - DEBUG - Querying homepage_statss: query=None, sort=None, skip=0, limit=1, fields=None
2026-04-08 09:57:01,524 - core.database - DEBUG - [DB_OP] Starting get_db session creation
2026-04-08 09:57:01,525 - core.database - DEBUG - [DB_OP] Database session created successfully in 0.0006s
2026-04-08 09:57:01,526 - routers.jobs - DEBUG - Querying jobss: query={"active":true}, sort=-created_at, skip=0, limit=3, fields=None
2026-04-08 09:57:01,737 - httpcore.connection - DEBUG - connect_tcp.complete return_value=<httpcore._backends.anyio.AnyIOStream object at 0x7f836b6de140>
2026-04-08 09:57:01,737 - httpcore.connection - DEBUG - start_tls.started ssl_context=<ssl.SSLContext object at 0x7f836b60a4c0> server_hostname='api.openweathermap.org' timeout=10.0
2026-04-08 09:57:01,885 - routers.banners - DEBUG - Found 2 bannerss
2026-04-08 09:57:01,886 - core.database - DEBUG - [DB_OP] Database session cleanup after 0.6817s
2026-04-08 09:57:01,947 - httpcore.connection - DEBUG - start_tls.complete return_value=<httpcore._backends.anyio.AnyIOStream object at 0x7f836b6ddea0>
2026-04-08 09:57:01,948 - httpcore.http11 - DEBUG - send_request_headers.started request=<Request [b'GET']>
2026-04-08 09:57:01,948 - httpcore.http11 - DEBUG - send_request_headers.complete
2026-04-08 09:57:01,948 - httpcore.http11 - DEBUG - send_request_body.started request=<Request [b'GET']>
2026-04-08 09:57:01,948 - httpcore.http11 - DEBUG - send_request_body.complete
2026-04-08 09:57:01,949 - httpcore.http11 - DEBUG - receive_response_headers.started request=<Request [b'GET']>
2026-04-08 09:57:01,950 - routers.banners - DEBUG - Found 2 bannerss
2026-04-08 09:57:01,951 - core.database - DEBUG - [DB_OP] Database session cleanup after 0.6488s
2026-04-08 09:57:02,010 - routers.complaints - DEBUG - Found 13 complaintss
2026-04-08 09:57:02,011 - core.database - DEBUG - [DB_OP] Database session cleanup after 0.5058s
2026-04-08 09:57:02,021 - routers.news - DEBUG - Found 14 newss
2026-04-08 09:57:02,022 - core.database - DEBUG - [DB_OP] Database session cleanup after 0.5102s
2026-04-08 09:57:02,025 - routers.homepage_stats - DEBUG - Found 1 homepage_statss
2026-04-08 09:57:02,025 - core.database - DEBUG - [DB_OP] Database session cleanup after 0.5064s
2026-04-08 09:57:02,157 - httpcore.http11 - DEBUG - receive_response_headers.complete return_value=(b'HTTP/1.1', 200, b'OK', [(b'Date', b'Wed, 08 Apr 2026 16:57:01 GMT'), (b'Content-Type', b'application/json; charset=utf-8'), (b'Content-Length', b'557'), (b'Connection', b'keep-alive'), (b'X-Cache-Key', b'/data/2.5/weather?lang=ru&q=karaganda&units=metric'), (b'Access-Control-Allow-Origin', b'*'), (b'Access-Control-Allow-Credentials', b'true'), (b'Access-Control-Allow-Methods', b'GET, POST')])
2026-04-08 09:57:02,157 - httpx - INFO - HTTP Request: GET https://api.openweathermap.org/data/2.5/weather?q=Karaganda&units=metric&lang=ru&appid=ae3471b8d67a2e46b753ece3875423c9 "HTTP/1.1 200 OK"
2026-04-08 09:57:02,158 - httpcore.http11 - DEBUG - receive_response_body.started request=<Request [b'GET']>
2026-04-08 09:57:02,158 - httpcore.http11 - DEBUG - receive_response_body.complete
2026-04-08 09:57:02,158 - httpcore.http11 - DEBUG - response_closed.started
2026-04-08 09:57:02,158 - httpcore.http11 - DEBUG - response_closed.complete
2026-04-08 09:57:02,159 - httpcore.connection - DEBUG - close.started
2026-04-08 09:57:02,160 - httpcore.connection - DEBUG - close.complete
2026-04-08 09:57:02,160 - routers.weather - INFO - [Weather] Fetched: 10°C, небольшой дождь
2026-04-08 09:57:02,260 - routers.jobs - DEBUG - Found 5 jobss
2026-04-08 09:57:02,262 - core.database - DEBUG - [DB_OP] Database session cleanup after 0.7371s
2026-04-08 09:57:03,233 - core.database - DEBUG - [DB_OP] Starting get_db session creation
2026-04-08 09:57:03,234 - core.database - DEBUG - [DB_OP] Database session created successfully in 0.0007s
2026-04-08 09:57:03,235 - routers.food_items - DEBUG - Querying food_itemss: query=None, sort=sort_order, skip=0, limit=200, fields=None
2026-04-08 09:57:03,239 - core.database - DEBUG - [DB_OP] Starting get_db session creation
2026-04-08 09:57:03,240 - core.database - DEBUG - [DB_OP] Database session created successfully in 0.0006s
2026-04-08 09:57:03,240 - routers.masters - DEBUG - Querying masterss: query=None, sort=-rating, skip=0, limit=50, fields=None
2026-04-08 09:57:03,245 - core.database - DEBUG - [DB_OP] Starting get_db session creation
2026-04-08 09:57:03,246 - core.database - DEBUG - [DB_OP] Database session created successfully in 0.0007s
2026-04-08 09:57:03,246 - routers.announcements - DEBUG - Querying announcementss: query={"active":true,"status":"approved"}, sort=-created_at, skip=0, limit=50, fields=None
2026-04-08 09:57:03,253 - core.database - DEBUG - [DB_OP] Starting get_db session creation
2026-04-08 09:57:03,254 - core.database - DEBUG - [DB_OP] Database session created successfully in 0.0007s
2026-04-08 09:57:03,255 - routers.food_categories - DEBUG - Querying food_categoriess: query=None, sort=sort_order, skip=0, limit=50, fields=None
2026-04-08 09:57:03,748 - routers.announcements - DEBUG - Found 1 announcementss
2026-04-08 09:57:03,749 - core.database - DEBUG - [DB_OP] Database session cleanup after 0.5034s
2026-04-08 09:57:03,757 - routers.food_categories - DEBUG - Found 18 food_categoriess
2026-04-08 09:57:03,758 - core.database - DEBUG - [DB_OP] Database session cleanup after 0.5049s
2026-04-08 09:57:03,804 - routers.food_items - DEBUG - Found 96 food_itemss
2026-04-08 09:57:03,806 - core.database - DEBUG - [DB_OP] Database session cleanup after 0.5731s
2026-04-08 09:57:03,807 - routers.masters - DEBUG - Found 8 masterss
2026-04-08 09:57:03,808 - core.database - DEBUG - [DB_OP] Database session cleanup after 0.5687s
2026-04-08 09:57:06,206 - core.database - DEBUG - [DB_OP] Starting get_db session creation
2026-04-08 09:57:06,206 - core.database - DEBUG - [DB_OP] Database session created successfully in 0.0005s
2026-04-08 09:57:06,207 - routers.news - DEBUG - Querying newss: query={"published":true}, sort=-created_at, skip=0, limit=50, fields=None
2026-04-08 09:57:06,209 - core.database - DEBUG - [DB_OP] Starting get_db session creation
2026-04-08 09:57:06,209 - core.database - DEBUG - [DB_OP] Database session created successfully in 0.0002s
2026-04-08 09:57:06,209 - routers.complaints - DEBUG - Querying complaintss: query=None, sort=-created_at, skip=0, limit=50, fields=None
2026-04-08 09:57:06,210 - core.database - DEBUG - [DB_OP] Starting get_db session creation
2026-04-08 09:57:06,210 - core.database - DEBUG - [DB_OP] Database session created successfully in 0.0001s
2026-04-08 09:57:06,210 - routers.jobs - DEBUG - Querying jobss: query={"active":true}, sort=-created_at, skip=0, limit=50, fields=None
2026-04-08 09:57:06,651 - routers.complaints - DEBUG - Found 13 complaintss
2026-04-08 09:57:06,652 - core.database - DEBUG - [DB_OP] Database session cleanup after 0.4435s
2026-04-08 09:57:06,716 - routers.jobs - DEBUG - Found 5 jobss
2026-04-08 09:57:06,717 - core.database - DEBUG - [DB_OP] Database session cleanup after 0.5070s
2026-04-08 09:57:06,777 - routers.news - DEBUG - Found 14 newss
2026-04-08 09:57:06,779 - core.database - DEBUG - [DB_OP] Database session cleanup after 0.5727s
2026-04-08 09:57:08,727 - core.database - DEBUG - [DB_OP] Starting get_db session creation
2026-04-08 09:57:08,727 - core.database - DEBUG - [DB_OP] Database session created successfully in 0.0006s
2026-04-08 09:57:08,728 - routers.inspectors - DEBUG - Querying inspectorss: query=None, sort=precinct_number, skip=0, limit=100, fields=None
2026-04-08 09:57:08,735 - core.database - DEBUG - [DB_OP] Starting get_db session creation
2026-04-08 09:57:08,736 - core.database - DEBUG - [DB_OP] Database session created successfully in 0.0010s
2026-04-08 09:57:08,737 - routers.real_estate - DEBUG - Querying real_estates: query=None, sort=-created_at, skip=0, limit=100, fields=None
2026-04-08 09:57:09,247 - routers.real_estate - DEBUG - Found 0 real_estates
2026-04-08 09:57:09,248 - core.database - DEBUG - [DB_OP] Database session cleanup after 0.5133s
2026-04-08 09:57:09,293 - routers.inspectors - DEBUG - Found 8 inspectorss
2026-04-08 09:57:09,294 - core.database - DEBUG - [DB_OP] Database session cleanup after 0.5675s
2026-04-08 09:58:31,313 - core.database - DEBUG - [DB_OP] Starting get_db session creation
2026-04-08 09:58:31,314 - core.database - DEBUG - [DB_OP] Database session created successfully in 0.0005s
2026-04-08 09:58:31,314 - routers.banners - DEBUG - Querying bannerss: query=None, sort=None, skip=0, limit=1, fields=None
2026-04-08 09:58:31,381 - core.database - DEBUG - [DB_OP] Starting get_db session creation
2026-04-08 09:58:31,381 - core.database - DEBUG - [DB_OP] Database session created successfully in 0.0005s
2026-04-08 09:58:31,381 - routers.jobs - DEBUG - Querying jobss: query={"active":true}, sort=-created_at, skip=0, limit=3, fields=None
2026-04-08 09:58:31,384 - core.database - DEBUG - [DB_OP] Starting get_db session creation
2026-04-08 09:58:31,384 - core.database - DEBUG - [DB_OP] Database session created successfully in 0.0003s
2026-04-08 09:58:31,385 - routers.news - DEBUG - Querying newss: query={"published":true}, sort=-created_at, skip=0, limit=6, fields=None
2026-04-08 09:58:31,387 - core.database - DEBUG - [DB_OP] Starting get_db session creation
2026-04-08 09:58:31,387 - core.database - DEBUG - [DB_OP] Database session created successfully in 0.0003s
2026-04-08 09:58:31,387 - routers.homepage_stats - DEBUG - Querying homepage_statss: query=None, sort=None, skip=0, limit=1, fields=None
2026-04-08 09:58:31,388 - core.database - DEBUG - [DB_OP] Starting get_db session creation
2026-04-08 09:58:31,388 - core.database - DEBUG - [DB_OP] Database session created successfully in 0.0002s
2026-04-08 09:58:31,389 - routers.complaints - DEBUG - Querying complaintss: query=None, sort=-created_at, skip=0, limit=3, fields=None
2026-04-08 09:58:31,439 - core.database - DEBUG - [DB_OP] Starting get_db session creation
2026-04-08 09:58:31,440 - core.database - DEBUG - [DB_OP] Database session created successfully in 0.0004s
2026-04-08 09:58:31,440 - routers.banners - DEBUG - Querying bannerss: query={"active":true}, sort=None, skip=0, limit=4, fields=None
2026-04-08 09:58:31,768 - routers.jobs - DEBUG - Found 5 jobss
2026-04-08 09:58:31,769 - core.database - DEBUG - [DB_OP] Database session cleanup after 0.3883s
2026-04-08 09:58:31,769 - routers.news - DEBUG - Found 14 newss
2026-04-08 09:58:31,770 - core.database - DEBUG - [DB_OP] Database session cleanup after 0.3863s
2026-04-08 09:58:31,828 - routers.banners - DEBUG - Found 2 bannerss
2026-04-08 09:58:31,829 - core.database - DEBUG - [DB_OP] Database session cleanup after 0.5161s
2026-04-08 09:58:31,892 - routers.complaints - DEBUG - Found 13 complaintss
2026-04-08 09:58:31,893 - core.database - DEBUG - [DB_OP] Database session cleanup after 0.5046s
2026-04-08 09:58:31,896 - routers.homepage_stats - DEBUG - Found 1 homepage_statss
2026-04-08 09:58:31,897 - core.database - DEBUG - [DB_OP] Database session cleanup after 0.5102s
2026-04-08 09:58:32,191 - routers.banners - DEBUG - Found 2 bannerss
2026-04-08 09:58:32,192 - core.database - DEBUG - [DB_OP] Database session cleanup after 0.7531s
2026-04-08 09:59:39,951 - services.database - DEBUG - [DB_OP] Starting database close
2026-04-08 09:59:40,277 - core.database - INFO - Database connection closed and engine disposed
2026-04-08 09:59:40,277 - services.database - INFO - Database connections closed
2026-04-08 09:59:40,277 - services.database - DEBUG - [DB_OP] Database close completed in 0.3266s
