2026-03-22 11:10:39,687 - main - INFO - === Logging system initialized ===
2026-03-22 11:10:39,687 - main - INFO - Log file: logs/app_20260322_111039.log
2026-03-22 11:10:39,688 - main - INFO - Log level: INFO
2026-03-22 11:10:39,688 - main - INFO - Timestamp: 20260322_111039
2026-03-22 11:10:40,460 - main - INFO - Included router: routers.aihub.router
2026-03-22 11:10:40,514 - main - INFO - Included router: routers.announcements.router
2026-03-22 11:10:40,534 - main - INFO - Included router: routers.auth.router
2026-03-22 11:10:40,578 - main - INFO - Included router: routers.banners.router
2026-03-22 11:10:40,722 - main - INFO - Included router: routers.become_master_requests.router
2026-03-22 11:10:40,777 - main - INFO - Included router: routers.categories.router
2026-03-22 11:10:40,839 - main - INFO - Included router: routers.complaints.router
2026-03-22 11:10:40,840 - main - WARNING - Failed to import module 'routers.debug_schema': cannot import name 'async_engine' from 'core.database' (/workspace/app/backend/core/database.py)
2026-03-22 11:10:40,886 - main - INFO - Included router: routers.directory_entries.router
2026-03-22 11:10:40,926 - main - INFO - Included router: routers.food_categories.router
2026-03-22 11:10:40,970 - main - INFO - Included router: routers.food_item_modifiers.router
2026-03-22 11:10:41,016 - main - INFO - Included router: routers.food_items.router
2026-03-22 11:10:41,066 - main - INFO - Included router: routers.food_modifiers.router
2026-03-22 11:10:41,111 - main - INFO - Included router: routers.food_orders.router
2026-03-22 11:10:41,149 - main - INFO - Included router: routers.food_settings.router
2026-03-22 11:10:41,151 - main - INFO - Included router: routers.health.router
2026-03-22 11:10:41,200 - main - INFO - Included router: routers.inspectors.router
2026-03-22 11:10:41,246 - main - INFO - Included router: routers.item_modifier_groups.router
2026-03-22 11:10:41,297 - main - INFO - Included router: routers.jobs.router
2026-03-22 11:10:41,460 - main - INFO - Included router: routers.master_requests.router
2026-03-22 11:10:41,509 - main - INFO - Included router: routers.masters.router
2026-03-22 11:10:41,554 - main - INFO - Included router: routers.modifier_groups.router
2026-03-22 11:10:41,595 - main - INFO - Included router: routers.modifier_options.router
2026-03-22 11:10:41,643 - main - INFO - Included router: routers.news.router
2026-03-22 11:10:41,680 - main - INFO - Included router: routers.question_answers.router
2026-03-22 11:10:41,717 - main - INFO - Included router: routers.questions.router
2026-03-22 11:10:41,767 - main - INFO - Included router: routers.real_estate.router
2026-03-22 11:10:41,785 - main - INFO - Included router: routers.settings.router
2026-03-22 11:10:41,818 - main - INFO - Included router: routers.storage.router
2026-03-22 11:10:41,839 - main - INFO - Included router: routers.telegram.router
2026-03-22 11:10:41,846 - main - INFO - Included router: routers.user.router
2026-03-22 11:10:41,885 - main - INFO - Included router: routers.user_preferences.router
2026-03-22 11:10:41,886 - main - INFO - === Application startup initiated ===
2026-03-22 11:10:41,886 - services.database - INFO - Ignore creating tables
2026-03-22 11:10:41,887 - services.mock_data - INFO - Ignore initialize data
2026-03-22 11:10:41,887 - services.auth - INFO - Ignore initialize admin
2026-03-22 11:10:41,887 - main - INFO - === Application startup completed successfully ===
2026-03-22 11:10:48,042 - core.database - DEBUG - [DB_OP] Starting get_db session creation
2026-03-22 11:10:48,042 - core.database - WARNING - Database session maker not available, attempting lazy initialization...
2026-03-22 11:10:48,042 - core.database - WARNING - Database not initialized, attempting lazy initialization...
2026-03-22 11:10:48,042 - core.database - INFO - Starting database initialization...
2026-03-22 11:10:48,043 - core.config - DEBUG - Read dynamic attribute database_url from environment variable DATABASE_URL
2026-03-22 11:10:48,043 - core.database - INFO - Normalizing database URL for async compatibility...
2026-03-22 11:10:48,044 - core.database - INFO - Creating async database engine...
2026-03-22 11:10:48,044 - core.database - INFO - Using QueuePool with connection pooling for non-Lambda environment
2026-03-22 11:10:48,209 - core.database - INFO - Database engine created successfully
2026-03-22 11:10:48,209 - core.database - INFO - Creating async session maker...
2026-03-22 11:10:48,210 - core.database - INFO - Async session maker created successfully
2026-03-22 11:10:48,210 - core.database - INFO - Database connection initialized successfully
2026-03-22 11:10:48,210 - core.database - DEBUG - [DB_OP] Starting create_tables
2026-03-22 11:10:48,210 - core.database - INFO - 🔧 Starting table creation...
2026-03-22 11:10:48,216 - core.database - DEBUG - [DB_OP] Starting get_db session creation
2026-03-22 11:10:48,216 - core.database - DEBUG - [DB_OP] Database session created successfully in 0.0004s
2026-03-22 11:10:48,217 - routers.categories - DEBUG - Querying categoriess: query=None, sort=sort_order, skip=0, limit=200, fields=None
2026-03-22 11:10:48,222 - core.database - DEBUG - [DB_OP] Starting get_db session creation
2026-03-22 11:10:48,222 - core.database - DEBUG - [DB_OP] Database session created successfully in 0.0003s
2026-03-22 11:10:48,223 - routers.banners - DEBUG - Querying bannerss: query={"active":true}, sort=None, skip=0, limit=4, fields=None
2026-03-22 11:10:48,228 - core.database - DEBUG - [DB_OP] Starting get_db session creation
2026-03-22 11:10:48,228 - core.database - DEBUG - [DB_OP] Database session created successfully in 0.0005s
2026-03-22 11:10:48,228 - routers.master_requests - DEBUG - Querying master_requestss: query=None, sort=-created_at, skip=0, limit=6, fields=None
2026-03-22 11:10:48,232 - core.database - DEBUG - [DB_OP] Starting get_db session creation
2026-03-22 11:10:48,233 - core.database - DEBUG - [DB_OP] Database session created successfully in 0.0002s
2026-03-22 11:10:48,233 - routers.announcements - DEBUG - Querying announcementss: query={"active":true,"status":"approved"}, sort=-created_at, skip=0, limit=6, fields=None
2026-03-22 11:10:48,238 - core.database - DEBUG - [DB_OP] Starting get_db session creation
2026-03-22 11:10:48,238 - core.database - DEBUG - [DB_OP] Database session created successfully in 0.0003s
2026-03-22 11:10:48,239 - routers.complaints - DEBUG - Querying complaintss: query=None, sort=-created_at, skip=0, limit=6, fields=None
2026-03-22 11:10:48,243 - core.database - DEBUG - [DB_OP] Starting get_db session creation
2026-03-22 11:10:48,243 - core.database - DEBUG - [DB_OP] Database session created successfully in 0.0003s
2026-03-22 11:10:48,243 - routers.jobs - DEBUG - Querying jobss: query={"active":true}, sort=-created_at, skip=0, limit=6, fields=None
2026-03-22 11:10:49,626 - routers.banners - DEBUG - Found 2 bannerss
2026-03-22 11:10:49,628 - core.database - DEBUG - [DB_OP] Database session cleanup after 1.4055s
2026-03-22 11:10:49,632 - routers.jobs - DEBUG - Found 5 jobss
2026-03-22 11:10:49,633 - core.database - DEBUG - [DB_OP] Database session cleanup after 1.3902s
2026-03-22 11:10:49,634 - routers.complaints - DEBUG - Found 11 complaintss
2026-03-22 11:10:49,634 - core.database - DEBUG - [DB_OP] Database session cleanup after 1.3965s
2026-03-22 11:10:49,635 - routers.announcements - DEBUG - Found 1 announcementss
2026-03-22 11:10:49,635 - core.database - DEBUG - [DB_OP] Database session cleanup after 1.4030s
2026-03-22 11:10:49,636 - routers.master_requests - DEBUG - Found 12 master_requestss
2026-03-22 11:10:49,636 - core.database - DEBUG - [DB_OP] Database session cleanup after 1.4087s
2026-03-22 11:10:49,696 - routers.categories - DEBUG - Found 45 categoriess
2026-03-22 11:10:49,697 - core.database - DEBUG - [DB_OP] Database session cleanup after 1.4811s
2026-03-22 11:10:50,987 - core.database - INFO - Tables initialized successfully
2026-03-22 11:10:50,987 - core.database - DEBUG - [DB_OP] Create tables completed in 2.7772s
2026-03-22 11:10:51,047 - core.database - INFO - Lazy database initialization completed successfully
2026-03-22 11:10:51,047 - core.database - DEBUG - [DB_OP] Database session created successfully in 3.0056s
2026-03-22 11:10:51,048 - routers.news - DEBUG - Querying newss: query={"published":true}, sort=-created_at, skip=0, limit=6, fields=None
2026-03-22 11:10:51,575 - routers.news - DEBUG - Found 10 newss
2026-03-22 11:10:51,576 - core.database - DEBUG - [DB_OP] Database session cleanup after 3.5345s
2026-03-22 11:12:13,313 - core.database - DEBUG - [DB_OP] Starting get_db session creation
2026-03-22 11:12:13,313 - core.database - DEBUG - [DB_OP] Database session created successfully in 0.0005s
2026-03-22 11:12:13,314 - routers.complaints - DEBUG - Querying complaintss: query=None, sort=-created_at, skip=0, limit=6, fields=None
2026-03-22 11:12:13,316 - core.database - DEBUG - [DB_OP] Starting get_db session creation
2026-03-22 11:12:13,316 - core.database - DEBUG - [DB_OP] Database session created successfully in 0.0003s
2026-03-22 11:12:13,316 - routers.categories - DEBUG - Querying categoriess: query=None, sort=sort_order, skip=0, limit=200, fields=None
2026-03-22 11:12:13,318 - core.database - DEBUG - [DB_OP] Starting get_db session creation
2026-03-22 11:12:13,318 - core.database - DEBUG - [DB_OP] Database session created successfully in 0.0002s
2026-03-22 11:12:13,319 - routers.news - DEBUG - Querying newss: query={"published":true}, sort=-created_at, skip=0, limit=6, fields=None
2026-03-22 11:12:13,320 - core.database - DEBUG - [DB_OP] Starting get_db session creation
2026-03-22 11:12:13,320 - core.database - DEBUG - [DB_OP] Database session created successfully in 0.0002s
2026-03-22 11:12:13,320 - routers.announcements - DEBUG - Querying announcementss: query={"active":true,"status":"approved"}, sort=-created_at, skip=0, limit=6, fields=None
2026-03-22 11:12:13,322 - core.database - DEBUG - [DB_OP] Starting get_db session creation
2026-03-22 11:12:13,322 - core.database - DEBUG - [DB_OP] Database session created successfully in 0.0002s
2026-03-22 11:12:13,322 - routers.banners - DEBUG - Querying bannerss: query={"active":true}, sort=None, skip=0, limit=4, fields=None
2026-03-22 11:12:13,324 - core.database - DEBUG - [DB_OP] Starting get_db session creation
2026-03-22 11:12:13,324 - core.database - DEBUG - [DB_OP] Database session created successfully in 0.0002s
2026-03-22 11:12:13,324 - routers.master_requests - DEBUG - Querying master_requestss: query=None, sort=-created_at, skip=0, limit=6, fields=None
2026-03-22 11:12:13,326 - core.database - DEBUG - [DB_OP] Starting get_db session creation
2026-03-22 11:12:13,326 - core.database - DEBUG - [DB_OP] Database session created successfully in 0.0002s
2026-03-22 11:12:13,326 - routers.jobs - DEBUG - Querying jobss: query={"active":true}, sort=-created_at, skip=0, limit=6, fields=None
2026-03-22 11:12:13,791 - routers.jobs - DEBUG - Found 5 jobss
2026-03-22 11:12:13,792 - core.database - DEBUG - [DB_OP] Database session cleanup after 0.4660s
2026-03-22 11:12:13,834 - routers.complaints - DEBUG - Found 11 complaintss
2026-03-22 11:12:13,836 - core.database - DEBUG - [DB_OP] Database session cleanup after 0.5229s
2026-03-22 11:12:13,839 - routers.news - DEBUG - Found 10 newss
2026-03-22 11:12:13,840 - core.database - DEBUG - [DB_OP] Database session cleanup after 0.5221s
2026-03-22 11:12:13,841 - routers.announcements - DEBUG - Found 1 announcementss
2026-03-22 11:12:13,842 - core.database - DEBUG - [DB_OP] Database session cleanup after 0.5217s
2026-03-22 11:12:13,852 - routers.banners - DEBUG - Found 2 bannerss
2026-03-22 11:12:13,853 - core.database - DEBUG - [DB_OP] Database session cleanup after 0.5312s
2026-03-22 11:12:13,856 - routers.master_requests - DEBUG - Found 12 master_requestss
2026-03-22 11:12:13,857 - core.database - DEBUG - [DB_OP] Database session cleanup after 0.5327s
2026-03-22 11:12:13,894 - routers.categories - DEBUG - Found 45 categoriess
2026-03-22 11:12:13,895 - core.database - DEBUG - [DB_OP] Database session cleanup after 0.5797s
2026-03-22 11:13:19,820 - core.database - DEBUG - [DB_OP] Starting get_db session creation
2026-03-22 11:13:19,820 - core.database - DEBUG - [DB_OP] Database session created successfully in 0.0005s
2026-03-22 11:13:19,821 - routers.banners - DEBUG - Querying bannerss: query={"active":true}, sort=None, skip=0, limit=4, fields=None
2026-03-22 11:13:19,823 - core.database - DEBUG - [DB_OP] Starting get_db session creation
2026-03-22 11:13:19,823 - core.database - DEBUG - [DB_OP] Database session created successfully in 0.0003s
2026-03-22 11:13:19,823 - routers.complaints - DEBUG - Querying complaintss: query=None, sort=-created_at, skip=0, limit=6, fields=None
2026-03-22 11:13:19,824 - core.database - DEBUG - [DB_OP] Starting get_db session creation
2026-03-22 11:13:19,825 - core.database - DEBUG - [DB_OP] Database session created successfully in 0.0002s
2026-03-22 11:13:19,825 - routers.master_requests - DEBUG - Querying master_requestss: query=None, sort=-created_at, skip=0, limit=6, fields=None
2026-03-22 11:13:19,826 - core.database - DEBUG - [DB_OP] Starting get_db session creation
2026-03-22 11:13:19,826 - core.database - DEBUG - [DB_OP] Database session created successfully in 0.0003s
2026-03-22 11:13:19,827 - routers.categories - DEBUG - Querying categoriess: query=None, sort=sort_order, skip=0, limit=200, fields=None
2026-03-22 11:13:19,827 - core.database - DEBUG - [DB_OP] Starting get_db session creation
2026-03-22 11:13:19,828 - core.database - DEBUG - [DB_OP] Database session created successfully in 0.0002s
2026-03-22 11:13:19,828 - routers.announcements - DEBUG - Querying announcementss: query={"active":true,"status":"approved"}, sort=-created_at, skip=0, limit=6, fields=None
2026-03-22 11:13:19,829 - core.database - DEBUG - [DB_OP] Starting get_db session creation
2026-03-22 11:13:19,829 - core.database - DEBUG - [DB_OP] Database session created successfully in 0.0002s
2026-03-22 11:13:19,830 - routers.news - DEBUG - Querying newss: query={"published":true}, sort=-created_at, skip=0, limit=6, fields=None
2026-03-22 11:13:19,831 - core.database - DEBUG - [DB_OP] Starting get_db session creation
2026-03-22 11:13:19,831 - core.database - DEBUG - [DB_OP] Database session created successfully in 0.0002s
2026-03-22 11:13:19,831 - routers.jobs - DEBUG - Querying jobss: query={"active":true}, sort=-created_at, skip=0, limit=6, fields=None
2026-03-22 11:13:20,172 - routers.banners - DEBUG - Found 2 bannerss
2026-03-22 11:13:20,173 - core.database - DEBUG - [DB_OP] Database session cleanup after 0.3533s
2026-03-22 11:13:20,174 - routers.complaints - DEBUG - Found 11 complaintss
2026-03-22 11:13:20,175 - core.database - DEBUG - [DB_OP] Database session cleanup after 0.3522s
2026-03-22 11:13:20,296 - routers.jobs - DEBUG - Found 5 jobss
2026-03-22 11:13:20,297 - core.database - DEBUG - [DB_OP] Database session cleanup after 0.4666s
2026-03-22 11:13:20,300 - routers.master_requests - DEBUG - Found 12 master_requestss
2026-03-22 11:13:20,301 - core.database - DEBUG - [DB_OP] Database session cleanup after 0.4766s
2026-03-22 11:13:20,302 - routers.news - DEBUG - Found 10 newss
2026-03-22 11:13:20,303 - core.database - DEBUG - [DB_OP] Database session cleanup after 0.4734s
2026-03-22 11:13:20,303 - routers.announcements - DEBUG - Found 1 announcementss
2026-03-22 11:13:20,304 - core.database - DEBUG - [DB_OP] Database session cleanup after 0.4762s
2026-03-22 11:13:20,359 - routers.categories - DEBUG - Found 45 categoriess
2026-03-22 11:13:20,361 - core.database - DEBUG - [DB_OP] Database session cleanup after 0.5350s
2026-03-22 11:25:35,075 - services.database - DEBUG - [DB_OP] Starting database close
2026-03-22 11:25:35,076 - core.database - INFO - Database connection closed and engine disposed
2026-03-22 11:25:35,076 - services.database - INFO - Database connections closed
2026-03-22 11:25:35,076 - services.database - DEBUG - [DB_OP] Database close completed in 0.0018s
