2026-03-23 08:57:46,897 - main - INFO - === Logging system initialized ===
2026-03-23 08:57:46,897 - main - INFO - Log file: logs/app_20260323_085746.log
2026-03-23 08:57:46,897 - main - INFO - Log level: INFO
2026-03-23 08:57:46,897 - main - INFO - Timestamp: 20260323_085746
2026-03-23 08:57:46,902 - main - INFO - Included router: routers.admin_auth.router
2026-03-23 08:57:47,604 - main - INFO - Included router: routers.aihub.router
2026-03-23 08:57:47,660 - main - INFO - Included router: routers.announcements.router
2026-03-23 08:57:47,681 - main - INFO - Included router: routers.auth.router
2026-03-23 08:57:47,734 - main - INFO - Included router: routers.banners.router
2026-03-23 08:57:47,909 - main - INFO - Included router: routers.become_master_requests.router
2026-03-23 08:57:47,958 - main - INFO - Included router: routers.categories.router
2026-03-23 08:57:48,003 - main - INFO - Included router: routers.complaints.router
2026-03-23 08:57:48,028 - main - WARNING - Failed to import module 'routers.debug_schema': cannot import name 'async_engine' from 'core.database' (/workspace/app/backend/core/database.py)
2026-03-23 08:57:48,073 - main - INFO - Included router: routers.directory_entries.router
2026-03-23 08:57:48,115 - main - INFO - Included router: routers.food_categories.router
2026-03-23 08:57:48,150 - main - INFO - Included router: routers.food_item_modifiers.router
2026-03-23 08:57:48,196 - main - INFO - Included router: routers.food_items.router
2026-03-23 08:57:48,239 - main - INFO - Included router: routers.food_modifiers.router
2026-03-23 08:57:48,281 - main - INFO - Included router: routers.food_orders.router
2026-03-23 08:57:48,327 - main - INFO - Included router: routers.food_settings.router
2026-03-23 08:57:48,365 - main - INFO - Included router: routers.frontpad.router
2026-03-23 08:57:48,401 - main - INFO - Included router: routers.frontpad_settings.router
2026-03-23 08:57:48,443 - main - INFO - Included router: routers.frontpad_sync_log.router
2026-03-23 08:57:48,445 - main - INFO - Included router: routers.health.router
2026-03-23 08:57:48,559 - main - INFO - Included router: routers.history_events.router
2026-03-23 08:57:48,601 - main - INFO - Included router: routers.homepage_stats.router
2026-03-23 08:57:48,657 - main - INFO - Included router: routers.inspectors.router
2026-03-23 08:57:48,697 - main - INFO - Included router: routers.item_modifier_groups.router
2026-03-23 08:57:48,749 - main - INFO - Included router: routers.jobs.router
2026-03-23 08:57:48,808 - main - INFO - Included router: routers.master_requests.router
2026-03-23 08:57:48,863 - main - INFO - Included router: routers.masters.router
2026-03-23 08:57:48,908 - main - INFO - Included router: routers.modifier_groups.router
2026-03-23 08:57:48,951 - main - INFO - Included router: routers.modifier_options.router
2026-03-23 08:57:48,995 - main - INFO - Included router: routers.news.router
2026-03-23 08:57:49,037 - main - INFO - Included router: routers.question_answers.router
2026-03-23 08:57:49,078 - main - INFO - Included router: routers.questions.router
2026-03-23 08:57:49,226 - main - INFO - Included router: routers.real_estate.router
2026-03-23 08:57:49,258 - main - INFO - Included router: routers.settings.router
2026-03-23 08:57:49,294 - main - INFO - Included router: routers.storage.router
2026-03-23 08:57:49,316 - main - INFO - Included router: routers.telegram.router
2026-03-23 08:57:49,326 - main - INFO - Included router: routers.user.router
2026-03-23 08:57:49,368 - main - INFO - Included router: routers.user_preferences.router
2026-03-23 08:57:49,369 - main - INFO - === Application startup initiated ===
2026-03-23 08:57:49,369 - services.database - INFO - Ignore creating tables
2026-03-23 08:57:49,369 - services.mock_data - INFO - Ignore initialize data
2026-03-23 08:57:49,369 - services.auth - INFO - Ignore initialize admin
2026-03-23 08:57:49,369 - services.database - INFO - Ignore creating tables
