2026-04-01 00:13:01,574 - main - INFO - === Logging system initialized ===
2026-04-01 00:13:01,575 - main - INFO - Log file: logs/app_20260401_001301.log
2026-04-01 00:13:01,575 - main - INFO - Log level: INFO
2026-04-01 00:13:01,575 - main - INFO - Timestamp: 20260401_001301
2026-04-01 00:13:01,581 - main - INFO - Included router: routers.admin_auth.router
2026-04-01 00:13:15,648 - main - INFO - Included router: routers.aihub.router
2026-04-01 00:13:15,770 - main - INFO - Included router: routers.announcements.router
2026-04-01 00:13:15,953 - main - INFO - Included router: routers.auth.router
2026-04-01 00:13:16,072 - main - INFO - Included router: routers.banners.router
2026-04-01 00:13:16,232 - main - INFO - Included router: routers.become_master_requests.router
2026-04-01 00:13:16,344 - main - INFO - Included router: routers.bus_notifications.router
2026-04-01 00:13:16,439 - main - INFO - Included router: routers.bus_routes.router
2026-04-01 00:13:16,525 - main - INFO - Included router: routers.bus_stops.router
2026-04-01 00:13:16,621 - main - INFO - Included router: routers.categories.router
2026-04-01 00:13:16,746 - main - INFO - Included router: routers.complaints.router
2026-04-01 00:13:16,778 - main - INFO - Included router: routers.debug_schema.router
2026-04-01 00:13:16,892 - main - INFO - Included router: routers.directory_entries.router
2026-04-01 00:13:17,002 - main - INFO - Included router: routers.food_categories.router
2026-04-01 00:13:17,126 - main - INFO - Included router: routers.food_item_modifiers.router
2026-04-01 00:13:17,209 - main - INFO - Included router: routers.food_items.router
2026-04-01 00:13:17,304 - main - INFO - Included router: routers.food_modifiers.router
2026-04-01 00:13:17,400 - main - INFO - Included router: routers.food_orders.router
2026-04-01 00:13:17,744 - main - INFO - Included router: routers.food_settings.router
2026-04-01 00:13:18,000 - main - INFO - Included router: routers.frontpad.router
2026-04-01 00:13:18,094 - main - INFO - Included router: routers.frontpad_settings.router
2026-04-01 00:13:18,179 - main - INFO - Included router: routers.frontpad_sync_log.router
2026-04-01 00:13:18,206 - main - INFO - Included router: routers.health.router
2026-04-01 00:13:18,310 - main - INFO - Included router: routers.health_check.router
2026-04-01 00:13:18,402 - main - INFO - Included router: routers.history_events.router
2026-04-01 00:13:18,543 - main - INFO - Included router: routers.homepage_stats.router
2026-04-01 00:13:18,617 - main - INFO - Included router: routers.inspectors.router
2026-04-01 00:13:18,692 - main - INFO - Included router: routers.item_modifier_groups.router
2026-04-01 00:13:18,843 - main - INFO - Included router: routers.jobs.router
2026-04-01 00:13:18,964 - main - INFO - Included router: routers.master_requests.router
2026-04-01 00:13:19,086 - main - INFO - Included router: routers.masters.router
2026-04-01 00:13:19,192 - main - INFO - Included router: routers.modifier_groups.router
2026-04-01 00:13:19,469 - main - INFO - Included router: routers.modifier_options.router
2026-04-01 00:13:19,574 - main - INFO - Included router: routers.news.router
2026-04-01 00:13:19,664 - main - INFO - Included router: routers.question_answers.router
2026-04-01 00:13:19,774 - main - INFO - Included router: routers.questions.router
2026-04-01 00:13:19,926 - main - INFO - Included router: routers.real_estate.router
2026-04-01 00:13:20,003 - main - INFO - Included router: routers.settings.router
2026-04-01 00:13:20,092 - main - INFO - Included router: routers.storage.router
2026-04-01 00:13:20,178 - main - INFO - Included router: routers.telegram.router
2026-04-01 00:13:20,226 - main - INFO - Included router: routers.user.router
2026-04-01 00:13:20,321 - main - INFO - Included router: routers.user_preferences.router
2026-04-01 00:13:20,344 - main - INFO - Included router: routers.weather.router
2026-04-01 00:13:20,347 - main - INFO - === Application startup initiated ===
2026-04-01 00:13:20,347 - services.database - INFO - Ignore creating tables
2026-04-01 00:13:20,347 - services.mock_data - INFO - Ignore initialize data
2026-04-01 00:13:20,348 - services.auth - INFO - Ignore initialize admin
2026-04-01 00:13:20,349 - core.database - WARNING - Database not initialized, attempting lazy initialization...
2026-04-01 00:13:20,349 - core.database - INFO - Starting database initialization...
2026-04-01 00:13:20,350 - core.config - DEBUG - Read dynamic attribute database_url from environment variable DATABASE_URL
2026-04-01 00:13:20,350 - core.database - INFO - Database init attempt 1/5...
2026-04-01 00:13:20,352 - core.database - INFO - Normalized database URL (masked): postgresql+asyncpg://neondb_owner:***@ep-cool-wave-ad8598va.c-2.us-east-1.aws.neon.tech/neondb?ssl=require
2026-04-01 00:13:20,352 - core.database - INFO - Using QueuePool with connection pooling
2026-04-01 00:13:21,695 - core.database - INFO - Database connection initialized successfully
2026-04-01 00:13:21,695 - core.database - DEBUG - [DB_OP] Starting create_tables
2026-04-01 00:13:21,695 - core.database - INFO - 🔧 Table creation attempt 1/3...
2026-04-01 00:13:21,696 - core.database - INFO - 🔧 Starting table structure repair...
2026-04-01 00:13:22,194 - core.database - INFO - 🔧 Repairing 37 existing tables...
2026-04-01 00:13:22,194 - core.database - DEBUG - Checking table structure for: users
2026-04-01 00:13:22,195 - core.database - DEBUG - Checking table structure for: oidc_states
2026-04-01 00:13:22,196 - core.database - DEBUG - Checking table structure for: admin_credentials
2026-04-01 00:13:22,198 - core.database - DEBUG - Checking table structure for: admin_login_attempts
2026-04-01 00:13:22,199 - core.database - DEBUG - Checking table structure for: admin_login_lockouts
2026-04-01 00:13:22,200 - core.database - DEBUG - Checking table structure for: announcements
2026-04-01 00:13:22,201 - core.database - DEBUG - Checking table structure for: banners
2026-04-01 00:13:22,202 - core.database - DEBUG - Checking table structure for: become_master_requests
2026-04-01 00:13:22,203 - core.database - DEBUG - Checking table structure for: bus_notifications
2026-04-01 00:13:22,204 - core.database - DEBUG - Checking table structure for: bus_routes
2026-04-01 00:13:22,807 - core.database - DEBUG - Table users structure is up to date
2026-04-01 00:13:22,807 - core.database - INFO - Table users repaired in 0.61s
2026-04-01 00:13:22,808 - core.database - DEBUG - Checking table structure for: bus_stops
2026-04-01 00:13:23,004 - core.database - DEBUG - Table admin_login_lockouts structure is up to date
2026-04-01 00:13:23,004 - core.database - INFO - Table admin_login_lockouts repaired in 0.81s
2026-04-01 00:13:23,005 - core.database - DEBUG - Checking table structure for: categories
2026-04-01 00:13:23,082 - core.database - DEBUG - Table bus_routes structure is up to date
2026-04-01 00:13:23,082 - core.database - INFO - Table bus_routes repaired in 0.88s
2026-04-01 00:13:23,082 - core.database - DEBUG - Checking table structure for: complaints
2026-04-01 00:13:23,086 - core.database - DEBUG - Table announcements structure is up to date
2026-04-01 00:13:23,086 - core.database - INFO - Table announcements repaired in 0.89s
2026-04-01 00:13:23,086 - core.database - DEBUG - Checking table structure for: directory_entries
2026-04-01 00:13:23,094 - core.database - DEBUG - Table admin_credentials structure is up to date
2026-04-01 00:13:23,095 - core.database - INFO - Table admin_credentials repaired in 0.90s
2026-04-01 00:13:23,095 - core.database - DEBUG - Checking table structure for: food_categories
2026-04-01 00:13:23,097 - core.database - DEBUG - Table bus_notifications structure is up to date
2026-04-01 00:13:23,097 - core.database - INFO - Table bus_notifications repaired in 0.89s
2026-04-01 00:13:23,097 - core.database - DEBUG - Checking table structure for: food_item_modifiers
2026-04-01 00:13:23,110 - core.database - DEBUG - Table become_master_requests structure is up to date
2026-04-01 00:13:23,111 - core.database - INFO - Table become_master_requests repaired in 0.91s
2026-04-01 00:13:23,111 - core.database - DEBUG - Checking table structure for: food_items
2026-04-01 00:13:23,114 - core.database - DEBUG - Table banners structure is up to date
2026-04-01 00:13:23,114 - core.database - INFO - Table banners repaired in 0.91s
2026-04-01 00:13:23,114 - core.database - DEBUG - Checking table structure for: food_modifiers
2026-04-01 00:13:23,115 - core.database - DEBUG - Table oidc_states structure is up to date
2026-04-01 00:13:23,115 - core.database - INFO - Table oidc_states repaired in 0.92s
2026-04-01 00:13:23,115 - core.database - DEBUG - Checking table structure for: food_orders
2026-04-01 00:13:23,116 - core.database - DEBUG - Table admin_login_attempts structure is up to date
2026-04-01 00:13:23,116 - core.database - INFO - Table admin_login_attempts repaired in 0.92s
2026-04-01 00:13:23,116 - core.database - DEBUG - Checking table structure for: food_settings
2026-04-01 00:13:23,185 - core.database - DEBUG - Table bus_stops structure is up to date
2026-04-01 00:13:23,185 - core.database - INFO - Table bus_stops repaired in 0.98s
2026-04-01 00:13:23,185 - core.database - DEBUG - Checking table structure for: frontpad_settings
2026-04-01 00:13:23,445 - core.database - DEBUG - Table categories structure is up to date
2026-04-01 00:13:23,445 - core.database - INFO - Table categories repaired in 1.24s
2026-04-01 00:13:23,446 - core.database - DEBUG - Checking table structure for: frontpad_sync_log
2026-04-01 00:13:23,520 - core.database - DEBUG - Table complaints structure is up to date
2026-04-01 00:13:23,521 - core.database - INFO - Table complaints repaired in 1.31s
2026-04-01 00:13:23,521 - core.database - DEBUG - Checking table structure for: health_check
2026-04-01 00:13:23,522 - core.database - DEBUG - Table directory_entries structure is up to date
2026-04-01 00:13:23,522 - core.database - INFO - Table directory_entries repaired in 1.32s
2026-04-01 00:13:23,523 - core.database - DEBUG - Checking table structure for: history_events
2026-04-01 00:13:23,534 - core.database - DEBUG - Table food_categories structure is up to date
2026-04-01 00:13:23,535 - core.database - INFO - Table food_categories repaired in 1.33s
2026-04-01 00:13:23,535 - core.database - DEBUG - Checking table structure for: homepage_stats
2026-04-01 00:13:23,536 - core.database - DEBUG - Table food_item_modifiers structure is up to date
2026-04-01 00:13:23,536 - core.database - INFO - Table food_item_modifiers repaired in 1.33s
2026-04-01 00:13:23,536 - core.database - DEBUG - Checking table structure for: inspectors
2026-04-01 00:13:23,550 - core.database - DEBUG - Table food_items structure is up to date
2026-04-01 00:13:23,550 - core.database - INFO - Table food_items repaired in 1.34s
2026-04-01 00:13:23,550 - core.database - DEBUG - Checking table structure for: item_modifier_groups
2026-04-01 00:13:23,558 - core.database - DEBUG - Table food_modifiers structure is up to date
2026-04-01 00:13:23,559 - core.database - INFO - Table food_modifiers repaired in 1.35s
2026-04-01 00:13:23,559 - core.database - DEBUG - Checking table structure for: jobs
2026-04-01 00:13:23,559 - core.database - DEBUG - Table frontpad_settings structure is up to date
2026-04-01 00:13:23,559 - core.database - INFO - Table frontpad_settings repaired in 1.35s
2026-04-01 00:13:23,560 - core.database - DEBUG - Checking table structure for: master_requests
2026-04-01 00:13:23,561 - core.database - DEBUG - Table food_orders structure is up to date
2026-04-01 00:13:23,561 - core.database - INFO - Table food_orders repaired in 1.36s
2026-04-01 00:13:23,562 - core.database - DEBUG - Checking table structure for: masters
2026-04-01 00:13:23,564 - core.database - DEBUG - Table food_settings structure is up to date
2026-04-01 00:13:23,564 - core.database - INFO - Table food_settings repaired in 1.36s
2026-04-01 00:13:23,564 - core.database - DEBUG - Checking table structure for: modifier_groups
2026-04-01 00:13:23,821 - core.database - DEBUG - Table frontpad_sync_log structure is up to date
2026-04-01 00:13:23,822 - core.database - INFO - Table frontpad_sync_log repaired in 1.62s
2026-04-01 00:13:23,822 - core.database - DEBUG - Checking table structure for: modifier_options
2026-04-01 00:13:23,898 - core.database - DEBUG - Table health_check structure is up to date
2026-04-01 00:13:23,898 - core.database - INFO - Table health_check repaired in 1.69s
2026-04-01 00:13:23,898 - core.database - DEBUG - Checking table structure for: news
2026-04-01 00:13:23,915 - core.database - DEBUG - Table homepage_stats structure is up to date
2026-04-01 00:13:23,916 - core.database - INFO - Table homepage_stats repaired in 1.71s
2026-04-01 00:13:23,916 - core.database - DEBUG - Checking table structure for: question_answers
2026-04-01 00:13:23,926 - core.database - DEBUG - Table item_modifier_groups structure is up to date
2026-04-01 00:13:23,926 - core.database - INFO - Table item_modifier_groups repaired in 1.72s
2026-04-01 00:13:23,926 - core.database - DEBUG - Checking table structure for: questions
2026-04-01 00:13:23,951 - core.database - DEBUG - Table modifier_groups structure is up to date
2026-04-01 00:13:23,951 - core.database - INFO - Table modifier_groups repaired in 1.75s
2026-04-01 00:13:23,951 - core.database - DEBUG - Checking table structure for: real_estate
2026-04-01 00:13:23,958 - core.database - DEBUG - Table history_events structure is up to date
2026-04-01 00:13:23,959 - core.database - INFO - Table history_events repaired in 1.75s
2026-04-01 00:13:23,959 - core.database - DEBUG - Checking table structure for: user_preferences
2026-04-01 00:13:23,975 - core.database - DEBUG - Table inspectors structure is up to date
2026-04-01 00:13:23,975 - core.database - INFO - Table inspectors repaired in 1.77s
2026-04-01 00:13:23,998 - core.database - DEBUG - Table master_requests structure is up to date
2026-04-01 00:13:23,998 - core.database - INFO - Table master_requests repaired in 1.79s
2026-04-01 00:13:23,999 - core.database - DEBUG - Table jobs structure is up to date
2026-04-01 00:13:23,999 - core.database - INFO - Table jobs repaired in 1.79s
2026-04-01 00:13:24,004 - core.database - DEBUG - Table masters structure is up to date
2026-04-01 00:13:24,004 - core.database - INFO - Table masters repaired in 1.80s
2026-04-01 00:13:24,198 - core.database - DEBUG - Table modifier_options structure is up to date
2026-04-01 00:13:24,198 - core.database - INFO - Table modifier_options repaired in 1.99s
2026-04-01 00:13:24,337 - core.database - DEBUG - Table news structure is up to date
2026-04-01 00:13:24,337 - core.database - INFO - Table news repaired in 2.13s
2026-04-01 00:13:24,359 - core.database - DEBUG - Table question_answers structure is up to date
2026-04-01 00:13:24,360 - core.database - INFO - Table question_answers repaired in 2.15s
2026-04-01 00:13:24,367 - core.database - DEBUG - Table questions structure is up to date
2026-04-01 00:13:24,367 - core.database - INFO - Table questions repaired in 2.16s
2026-04-01 00:13:24,398 - core.database - DEBUG - Table user_preferences structure is up to date
2026-04-01 00:13:24,398 - core.database - INFO - Table user_preferences repaired in 2.19s
2026-04-01 00:13:24,467 - core.database - DEBUG - Table real_estate structure is up to date
2026-04-01 00:13:24,468 - core.database - INFO - Table real_estate repaired in 2.26s
2026-04-01 00:13:24,468 - core.database - INFO - 🔧 Table structure repair completed in 2.7723s
2026-04-01 00:13:24,468 - core.database - INFO - 🔧 Table structure repair completed
2026-04-01 00:13:24,468 - core.database - INFO - 🔧 Starting table creation...
2026-04-01 00:13:27,110 - core.database - INFO - Tables initialized successfully
2026-04-01 00:13:27,111 - core.database - DEBUG - [DB_OP] Create tables completed in 5.4153s
2026-04-01 00:13:27,174 - core.database - INFO - Lazy database initialization completed successfully
2026-04-01 00:13:27,575 - routers.admin_auth - DEBUG - [Admin Auth] Admin credentials already exist
2026-04-01 00:13:27,638 - core.config - DEBUG - Read dynamic attribute oss_service_url from environment variable OSS_SERVICE_URL
2026-04-01 00:13:27,638 - core.config - DEBUG - Read dynamic attribute oss_api_key from environment variable OSS_API_KEY
2026-04-01 00:13:28,875 - httpcore.connection - DEBUG - connect_tcp.started host='atoms.dev' port=443 local_address=None timeout=120.0 socket_options=None
2026-04-01 00:13:28,883 - httpcore.connection - DEBUG - connect_tcp.complete return_value=<httpcore._backends.anyio.AnyIOStream object at 0x7fb27d0e7b80>
2026-04-01 00:13:28,884 - httpcore.connection - DEBUG - start_tls.started ssl_context=<ssl.SSLContext object at 0x7fb27f3a35c0> server_hostname='atoms.dev' timeout=120.0
2026-04-01 00:13:28,892 - httpcore.connection - DEBUG - start_tls.complete return_value=<httpcore._backends.anyio.AnyIOStream object at 0x7fb27d0e6a70>
2026-04-01 00:13:28,892 - httpcore.http11 - DEBUG - send_request_headers.started request=<Request [b'GET']>
2026-04-01 00:13:28,893 - httpcore.http11 - DEBUG - send_request_headers.complete
2026-04-01 00:13:28,893 - httpcore.http11 - DEBUG - send_request_body.started request=<Request [b'GET']>
2026-04-01 00:13:28,894 - httpcore.http11 - DEBUG - send_request_body.complete
2026-04-01 00:13:28,894 - httpcore.http11 - DEBUG - receive_response_headers.started request=<Request [b'GET']>
2026-04-01 00:13:28,917 - httpcore.http11 - DEBUG - receive_response_headers.complete return_value=(b'HTTP/1.1', 200, b'OK', [(b'Date', b'Wed, 01 Apr 2026 07:13:28 GMT'), (b'Content-Type', b'application/json; charset=utf-8'), (b'Transfer-Encoding', b'chunked'), (b'Connection', b'keep-alive'), (b'Access-Control-Allow-Headers', b'Origin, Content-Type, Accept, Authorization'), (b'Access-Control-Allow-Methods', b'GET, POST, PUT, DELETE, OPTIONS'), (b'Access-Control-Allow-Origin', b'*'), (b'Access-Control-Max-Age', b'86400'), (b'X-Request-Id', b'7863c1548ec85ba26873c3b69267fc53'), (b'X-Trace-Id', b'ab43b001d2d646d2a431ac4c5a240f18'), (b'Content-Security-Policy', b"frame-ancestors 'self' https://atoms.dev"), (b'Strict-Transport-Security', b'max-age=63072000; includeSubDomains; preload'), (b'X-Content-Type-Options', b'nosniff'), (b'X-XSS-Protection', b'1; mode=block'), (b'Referrer-Policy', b'strict-origin-when-cross-origin'), (b'cf-cache-status', b'DYNAMIC'), (b'Content-Encoding', b'gzip'), (b'Server', b'cloudflare'), (b'CF-RAY', b'9e55ca9b993a816b-LAX')])
2026-04-01 00:13:28,918 - httpx - INFO - HTTP Request: GET https://atoms.dev/api/v1/infra/client/oss/buckets "HTTP/1.1 200 OK"
2026-04-01 00:13:28,919 - httpcore.http11 - DEBUG - receive_response_body.started request=<Request [b'GET']>
2026-04-01 00:13:28,920 - httpcore.http11 - DEBUG - receive_response_body.complete
2026-04-01 00:13:28,920 - httpcore.http11 - DEBUG - response_closed.started
2026-04-01 00:13:28,921 - httpcore.http11 - DEBUG - response_closed.complete
2026-04-01 00:13:28,921 - httpcore.connection - DEBUG - close.started
2026-04-01 00:13:28,922 - httpcore.connection - DEBUG - close.complete
2026-04-01 00:13:28,922 - services.bucket_init - INFO - Bucket 'portal-images' already exists
2026-04-01 00:13:28,922 - main - INFO - === Application startup completed ===
2026-04-01 00:13:36,426 - core.database - DEBUG - [DB_OP] Starting get_db session creation
2026-04-01 00:13:36,427 - core.database - DEBUG - [DB_OP] Database session created successfully in 0.0005s
2026-04-01 00:13:36,427 - routers.categories - DEBUG - Querying categoriess: query=None, sort=None, skip=0, limit=1, fields=None
2026-04-01 00:13:36,572 - httpcore.connection - DEBUG - connect_tcp.started host='api.openweathermap.org' port=443 local_address=None timeout=10.0 socket_options=None
2026-04-01 00:13:36,617 - httpcore.connection - DEBUG - connect_tcp.complete return_value=<httpcore._backends.anyio.AnyIOStream object at 0x7fb27d19e1d0>
2026-04-01 00:13:36,617 - httpcore.connection - DEBUG - start_tls.started ssl_context=<ssl.SSLContext object at 0x7fb27d128dc0> server_hostname='api.openweathermap.org' timeout=10.0
2026-04-01 00:13:36,652 - httpcore.connection - DEBUG - start_tls.complete return_value=<httpcore._backends.anyio.AnyIOStream object at 0x7fb27d19df60>
2026-04-01 00:13:36,652 - httpcore.http11 - DEBUG - send_request_headers.started request=<Request [b'GET']>
2026-04-01 00:13:36,653 - httpcore.http11 - DEBUG - send_request_headers.complete
2026-04-01 00:13:36,653 - httpcore.http11 - DEBUG - send_request_body.started request=<Request [b'GET']>
2026-04-01 00:13:36,653 - httpcore.http11 - DEBUG - send_request_body.complete
2026-04-01 00:13:36,653 - httpcore.http11 - DEBUG - receive_response_headers.started request=<Request [b'GET']>
2026-04-01 00:13:36,690 - httpcore.http11 - DEBUG - receive_response_headers.complete return_value=(b'HTTP/1.1', 200, b'OK', [(b'Date', b'Wed, 01 Apr 2026 07:13:36 GMT'), (b'Content-Type', b'application/json; charset=utf-8'), (b'Content-Length', b'554'), (b'Connection', b'keep-alive'), (b'X-Cache-Key', b'/data/2.5/weather?lang=ru&q=karaganda&units=metric'), (b'Access-Control-Allow-Origin', b'*'), (b'Access-Control-Allow-Credentials', b'true'), (b'Access-Control-Allow-Methods', b'GET, POST')])
2026-04-01 00:13:36,690 - httpx - INFO - HTTP Request: GET https://api.openweathermap.org/data/2.5/weather?q=Karaganda&units=metric&lang=ru&appid=ae3471b8d67a2e46b753ece3875423c9 "HTTP/1.1 200 OK"
2026-04-01 00:13:36,691 - httpcore.http11 - DEBUG - receive_response_body.started request=<Request [b'GET']>
2026-04-01 00:13:36,691 - httpcore.http11 - DEBUG - receive_response_body.complete
2026-04-01 00:13:36,691 - httpcore.http11 - DEBUG - response_closed.started
2026-04-01 00:13:36,691 - httpcore.http11 - DEBUG - response_closed.complete
2026-04-01 00:13:36,692 - httpcore.connection - DEBUG - close.started
2026-04-01 00:13:36,692 - httpcore.connection - DEBUG - close.complete
2026-04-01 00:13:36,692 - routers.weather - INFO - [Weather] Fetched: 20°C, переменная облачность
2026-04-01 00:13:36,957 - routers.categories - DEBUG - Found 45 categoriess
2026-04-01 00:13:36,958 - core.database - DEBUG - [DB_OP] Database session cleanup after 0.5315s
2026-04-01 00:13:37,418 - core.database - DEBUG - [DB_OP] Starting get_db session creation
2026-04-01 00:13:37,419 - core.database - DEBUG - [DB_OP] Database session created successfully in 0.0004s
2026-04-01 00:13:37,420 - routers.jobs - DEBUG - Querying jobss: query={"active":true}, sort=-created_at, skip=0, limit=3, fields=None
2026-04-01 00:13:37,446 - core.database - DEBUG - [DB_OP] Starting get_db session creation
2026-04-01 00:13:37,447 - core.database - DEBUG - [DB_OP] Database session created successfully in 0.0005s
2026-04-01 00:13:37,447 - routers.complaints - DEBUG - Querying complaintss: query=None, sort=-created_at, skip=0, limit=3, fields=None
2026-04-01 00:13:37,497 - core.database - DEBUG - [DB_OP] Starting get_db session creation
2026-04-01 00:13:37,498 - core.database - DEBUG - [DB_OP] Database session created successfully in 0.0008s
2026-04-01 00:13:37,499 - routers.news - DEBUG - Querying newss: query={"published":true}, sort=-created_at, skip=0, limit=6, fields=None
2026-04-01 00:13:37,947 - routers.complaints - DEBUG - Found 12 complaintss
2026-04-01 00:13:37,948 - core.database - DEBUG - [DB_OP] Database session cleanup after 0.5020s
2026-04-01 00:13:37,949 - routers.jobs - DEBUG - Found 5 jobss
2026-04-01 00:13:37,950 - core.database - DEBUG - [DB_OP] Database session cleanup after 0.5313s
2026-04-01 00:13:38,007 - routers.news - DEBUG - Found 10 newss
2026-04-01 00:13:38,008 - core.database - DEBUG - [DB_OP] Database session cleanup after 0.5109s
2026-04-01 00:13:38,599 - core.database - DEBUG - [DB_OP] Starting get_db session creation
2026-04-01 00:13:38,599 - core.database - DEBUG - [DB_OP] Database session created successfully in 0.0005s
2026-04-01 00:13:38,600 - routers.homepage_stats - DEBUG - Querying homepage_statss: query=None, sort=None, skip=0, limit=1, fields=None
2026-04-01 00:13:38,666 - core.database - DEBUG - [DB_OP] Starting get_db session creation
2026-04-01 00:13:38,667 - core.database - DEBUG - [DB_OP] Database session created successfully in 0.0005s
2026-04-01 00:13:38,668 - routers.banners - DEBUG - Querying bannerss: query={"active":true}, sort=None, skip=0, limit=4, fields=None
2026-04-01 00:13:39,110 - routers.homepage_stats - DEBUG - Found 1 homepage_statss
2026-04-01 00:13:39,111 - core.database - DEBUG - [DB_OP] Database session cleanup after 0.5121s
2026-04-01 00:13:39,182 - routers.banners - DEBUG - Found 2 bannerss
2026-04-01 00:13:39,183 - core.database - DEBUG - [DB_OP] Database session cleanup after 0.5170s
2026-04-01 00:13:39,624 - core.config - DEBUG - Read dynamic attribute jwt_secret_key from environment variable JWT_SECRET_KEY
2026-04-01 00:13:39,624 - core.config - DEBUG - Read dynamic attribute jwt_algorithm from environment variable JWT_ALGORITHM
2026-04-01 00:13:39,740 - core.auth - DEBUG - Authentication token validated for user hash: 1b536645
2026-04-01 00:13:39,772 - httpcore.connection - DEBUG - connect_tcp.started host='atoms.dev' port=443 local_address=None timeout=120.0 socket_options=None
2026-04-01 00:13:39,794 - core.database - DEBUG - [DB_OP] Starting get_db session creation
2026-04-01 00:13:39,794 - core.database - DEBUG - [DB_OP] Database session created successfully in 0.0005s
2026-04-01 00:13:39,795 - routers.food_items - DEBUG - Querying food_itemss: query=None, sort=sort_order, skip=0, limit=200, fields=None
2026-04-01 00:13:39,827 - core.database - DEBUG - [DB_OP] Starting get_db session creation
2026-04-01 00:13:39,828 - core.database - DEBUG - [DB_OP] Database session created successfully in 0.0005s
2026-04-01 00:13:39,828 - routers.food_categories - DEBUG - Querying food_categoriess: query=None, sort=sort_order, skip=0, limit=50, fields=None
2026-04-01 00:13:39,832 - core.auth - DEBUG - Authentication token validated for user hash: 1b536645
2026-04-01 00:13:39,867 - httpcore.connection - DEBUG - connect_tcp.started host='atoms.dev' port=443 local_address=None timeout=120.0 socket_options=None
2026-04-01 00:13:39,891 - core.database - DEBUG - [DB_OP] Starting get_db session creation
2026-04-01 00:13:39,892 - core.database - DEBUG - [DB_OP] Database session created successfully in 0.0004s
2026-04-01 00:13:39,892 - routers.masters - DEBUG - Querying masterss: query=None, sort=-rating, skip=0, limit=50, fields=None
2026-04-01 00:13:39,924 - core.database - DEBUG - [DB_OP] Starting get_db session creation
2026-04-01 00:13:39,924 - core.database - DEBUG - [DB_OP] Database session created successfully in 0.0008s
2026-04-01 00:13:39,925 - routers.announcements - DEBUG - Querying announcementss: query={"active":true,"status":"approved"}, sort=-created_at, skip=0, limit=50, fields=None
2026-04-01 00:13:39,928 - core.auth - DEBUG - Authentication token validated for user hash: 1b536645
2026-04-01 00:13:39,958 - httpcore.connection - DEBUG - connect_tcp.started host='atoms.dev' port=443 local_address=None timeout=120.0 socket_options=None
2026-04-01 00:13:39,959 - httpcore.connection - DEBUG - connect_tcp.complete return_value=<httpcore._backends.anyio.AnyIOStream object at 0x7fb27c54c430>
2026-04-01 00:13:39,959 - httpcore.connection - DEBUG - start_tls.started ssl_context=<ssl.SSLContext object at 0x7fb283553340> server_hostname='atoms.dev' timeout=120.0
2026-04-01 00:13:39,961 - httpcore.connection - DEBUG - connect_tcp.complete return_value=<httpcore._backends.anyio.AnyIOStream object at 0x7fb27c5715a0>
2026-04-01 00:13:39,962 - httpcore.connection - DEBUG - start_tls.started ssl_context=<ssl.SSLContext object at 0x7fb2835534c0> server_hostname='atoms.dev' timeout=120.0
2026-04-01 00:13:39,965 - httpcore.connection - DEBUG - connect_tcp.complete return_value=<httpcore._backends.anyio.AnyIOStream object at 0x7fb27c573d90>
2026-04-01 00:13:39,965 - httpcore.connection - DEBUG - start_tls.started ssl_context=<ssl.SSLContext object at 0x7fb27c551740> server_hostname='atoms.dev' timeout=120.0
2026-04-01 00:13:39,968 - httpcore.connection - DEBUG - start_tls.complete return_value=<httpcore._backends.anyio.AnyIOStream object at 0x7fb27c54e800>
2026-04-01 00:13:39,968 - httpcore.http11 - DEBUG - send_request_headers.started request=<Request [b'POST']>
2026-04-01 00:13:39,971 - httpcore.http11 - DEBUG - send_request_headers.complete
2026-04-01 00:13:39,971 - httpcore.http11 - DEBUG - send_request_body.started request=<Request [b'POST']>
2026-04-01 00:13:39,971 - httpcore.connection - DEBUG - start_tls.complete return_value=<httpcore._backends.anyio.AnyIOStream object at 0x7fb27c54c190>
2026-04-01 00:13:39,972 - httpcore.http11 - DEBUG - send_request_body.complete
2026-04-01 00:13:39,972 - httpcore.http11 - DEBUG - receive_response_headers.started request=<Request [b'POST']>
2026-04-01 00:13:39,972 - httpcore.http11 - DEBUG - send_request_headers.started request=<Request [b'POST']>
2026-04-01 00:13:39,974 - httpcore.http11 - DEBUG - send_request_headers.complete
2026-04-01 00:13:39,975 - httpcore.http11 - DEBUG - send_request_body.started request=<Request [b'POST']>
2026-04-01 00:13:39,975 - httpcore.connection - DEBUG - start_tls.complete return_value=<httpcore._backends.anyio.AnyIOStream object at 0x7fb27c58eef0>
2026-04-01 00:13:39,975 - httpcore.http11 - DEBUG - send_request_body.complete
2026-04-01 00:13:39,976 - httpcore.http11 - DEBUG - receive_response_headers.started request=<Request [b'POST']>
2026-04-01 00:13:39,976 - httpcore.http11 - DEBUG - send_request_headers.started request=<Request [b'POST']>
2026-04-01 00:13:39,977 - httpcore.http11 - DEBUG - send_request_headers.complete
2026-04-01 00:13:39,977 - httpcore.http11 - DEBUG - send_request_body.started request=<Request [b'POST']>
2026-04-01 00:13:39,978 - httpcore.http11 - DEBUG - send_request_body.complete
2026-04-01 00:13:39,978 - httpcore.http11 - DEBUG - receive_response_headers.started request=<Request [b'POST']>
2026-04-01 00:13:39,998 - httpcore.http11 - DEBUG - receive_response_headers.complete return_value=(b'HTTP/1.1', 200, b'OK', [(b'Date', b'Wed, 01 Apr 2026 07:13:39 GMT'), (b'Content-Type', b'application/json; charset=utf-8'), (b'Transfer-Encoding', b'chunked'), (b'Connection', b'keep-alive'), (b'Access-Control-Allow-Headers', b'Origin, Content-Type, Accept, Authorization'), (b'Access-Control-Allow-Methods', b'GET, POST, PUT, DELETE, OPTIONS'), (b'Access-Control-Allow-Origin', b'*'), (b'Access-Control-Max-Age', b'86400'), (b'X-Request-Id', b'c520f0bb1af462d0da2e457d047aa19a'), (b'X-Trace-Id', b'5b16592b7c95498c93b36b64801e8370'), (b'Content-Security-Policy', b"frame-ancestors 'self' https://atoms.dev"), (b'Strict-Transport-Security', b'max-age=63072000; includeSubDomains; preload'), (b'X-Content-Type-Options', b'nosniff'), (b'X-XSS-Protection', b'1; mode=block'), (b'Referrer-Policy', b'strict-origin-when-cross-origin'), (b'cf-cache-status', b'DYNAMIC'), (b'Content-Encoding', b'gzip'), (b'Server', b'cloudflare'), (b'CF-RAY', b'9e55cae0db6df472-LAX')])
2026-04-01 00:13:39,999 - httpx - INFO - HTTP Request: POST https://atoms.dev/api/v1/infra/client/oss/buckets/portal-images/objects/download_url "HTTP/1.1 200 OK"
2026-04-01 00:13:39,999 - httpcore.http11 - DEBUG - receive_response_body.started request=<Request [b'POST']>
2026-04-01 00:13:40,001 - httpcore.http11 - DEBUG - receive_response_body.complete
2026-04-01 00:13:40,001 - httpcore.http11 - DEBUG - response_closed.started
2026-04-01 00:13:40,002 - httpcore.http11 - DEBUG - response_closed.complete
2026-04-01 00:13:40,002 - httpcore.connection - DEBUG - close.started
2026-04-01 00:13:40,003 - httpcore.connection - DEBUG - close.complete
2026-04-01 00:13:40,007 - httpcore.http11 - DEBUG - receive_response_headers.complete return_value=(b'HTTP/1.1', 200, b'OK', [(b'Date', b'Wed, 01 Apr 2026 07:13:40 GMT'), (b'Content-Type', b'application/json; charset=utf-8'), (b'Transfer-Encoding', b'chunked'), (b'Connection', b'keep-alive'), (b'Access-Control-Allow-Headers', b'Origin, Content-Type, Accept, Authorization'), (b'Access-Control-Allow-Methods', b'GET, POST, PUT, DELETE, OPTIONS'), (b'Access-Control-Allow-Origin', b'*'), (b'Access-Control-Max-Age', b'86400'), (b'X-Request-Id', b'e6fe48f4c688292e46e82b7300265482'), (b'X-Trace-Id', b'be53f7a7258541c1bc066d781018f56c'), (b'Content-Security-Policy', b"frame-ancestors 'self' https://atoms.dev"), (b'Strict-Transport-Security', b'max-age=63072000; includeSubDomains; preload'), (b'X-Content-Type-Options', b'nosniff'), (b'X-XSS-Protection', b'1; mode=block'), (b'Referrer-Policy', b'strict-origin-when-cross-origin'), (b'cf-cache-status', b'DYNAMIC'), (b'Content-Encoding', b'gzip'), (b'Server', b'cloudflare'), (b'CF-RAY', b'9e55cae0dd5fb82e-LAX')])
2026-04-01 00:13:40,009 - httpx - INFO - HTTP Request: POST https://atoms.dev/api/v1/infra/client/oss/buckets/portal-images/objects/download_url "HTTP/1.1 200 OK"
2026-04-01 00:13:40,010 - httpcore.http11 - DEBUG - receive_response_body.started request=<Request [b'POST']>
2026-04-01 00:13:40,010 - httpcore.http11 - DEBUG - receive_response_body.complete
2026-04-01 00:13:40,011 - httpcore.http11 - DEBUG - response_closed.started
2026-04-01 00:13:40,011 - httpcore.http11 - DEBUG - response_closed.complete
2026-04-01 00:13:40,011 - httpcore.connection - DEBUG - close.started
2026-04-01 00:13:40,012 - httpcore.http11 - DEBUG - receive_response_headers.complete return_value=(b'HTTP/1.1', 200, b'OK', [(b'Date', b'Wed, 01 Apr 2026 07:13:40 GMT'), (b'Content-Type', b'application/json; charset=utf-8'), (b'Transfer-Encoding', b'chunked'), (b'Connection', b'keep-alive'), (b'Access-Control-Allow-Headers', b'Origin, Content-Type, Accept, Authorization'), (b'Access-Control-Allow-Methods', b'GET, POST, PUT, DELETE, OPTIONS'), (b'Access-Control-Allow-Origin', b'*'), (b'Access-Control-Max-Age', b'86400'), (b'X-Request-Id', b'ab49525b3deed7a020ba2879a22c7c85'), (b'X-Trace-Id', b'6db5f4986e68410eaa98a6edc26ac933'), (b'Content-Security-Policy', b"frame-ancestors 'self' https://atoms.dev"), (b'Strict-Transport-Security', b'max-age=63072000; includeSubDomains; preload'), (b'X-Content-Type-Options', b'nosniff'), (b'X-XSS-Protection', b'1; mode=block'), (b'Referrer-Policy', b'strict-origin-when-cross-origin'), (b'cf-cache-status', b'DYNAMIC'), (b'Content-Encoding', b'gzip'), (b'Server', b'cloudflare'), (b'CF-RAY', b'9e55cae0daa41d3e-LAX')])
2026-04-01 00:13:40,013 - httpx - INFO - HTTP Request: POST https://atoms.dev/api/v1/infra/client/oss/buckets/portal-images/objects/download_url "HTTP/1.1 200 OK"
2026-04-01 00:13:40,013 - httpcore.http11 - DEBUG - receive_response_body.started request=<Request [b'POST']>
2026-04-01 00:13:40,013 - httpcore.http11 - DEBUG - receive_response_body.complete
2026-04-01 00:13:40,014 - httpcore.http11 - DEBUG - response_closed.started
2026-04-01 00:13:40,014 - httpcore.connection - DEBUG - close.complete
2026-04-01 00:13:40,014 - httpcore.http11 - DEBUG - response_closed.complete
2026-04-01 00:13:40,015 - httpcore.connection - DEBUG - close.started
2026-04-01 00:13:40,016 - httpcore.connection - DEBUG - close.complete
2026-04-01 00:13:40,346 - routers.food_items - DEBUG - Found 13 food_itemss
2026-04-01 00:13:40,347 - core.database - DEBUG - [DB_OP] Database session cleanup after 0.5535s
2026-04-01 00:13:40,370 - routers.food_categories - DEBUG - Found 6 food_categoriess
2026-04-01 00:13:40,372 - core.database - DEBUG - [DB_OP] Database session cleanup after 0.5445s
2026-04-01 00:13:40,414 - routers.masters - DEBUG - Found 8 masterss
2026-04-01 00:13:40,416 - core.database - DEBUG - [DB_OP] Database session cleanup after 0.5243s
2026-04-01 00:13:40,428 - routers.announcements - DEBUG - Found 1 announcementss
2026-04-01 00:13:40,429 - core.database - DEBUG - [DB_OP] Database session cleanup after 0.5056s
2026-04-01 00:13:42,513 - core.database - DEBUG - [DB_OP] Starting get_db session creation
2026-04-01 00:13:42,513 - core.database - DEBUG - [DB_OP] Database session created successfully in 0.0004s
2026-04-01 00:13:42,514 - routers.complaints - DEBUG - Querying complaintss: query=None, sort=-created_at, skip=0, limit=50, fields=None
2026-04-01 00:13:42,518 - core.database - DEBUG - [DB_OP] Starting get_db session creation
2026-04-01 00:13:42,518 - core.database - DEBUG - [DB_OP] Database session created successfully in 0.0003s
2026-04-01 00:13:42,518 - routers.jobs - DEBUG - Querying jobss: query={"active":true}, sort=-created_at, skip=0, limit=50, fields=None
2026-04-01 00:13:42,774 - core.database - DEBUG - [DB_OP] Starting get_db session creation
2026-04-01 00:13:42,774 - core.database - DEBUG - [DB_OP] Database session created successfully in 0.0004s
2026-04-01 00:13:42,775 - routers.news - DEBUG - Querying newss: query={"published":true}, sort=-created_at, skip=0, limit=50, fields=None
2026-04-01 00:13:43,017 - routers.jobs - DEBUG - Found 5 jobss
2026-04-01 00:13:43,018 - core.database - DEBUG - [DB_OP] Database session cleanup after 0.5005s
2026-04-01 00:13:43,020 - routers.complaints - DEBUG - Found 12 complaintss
2026-04-01 00:13:43,021 - core.database - DEBUG - [DB_OP] Database session cleanup after 0.5076s
2026-04-01 00:13:43,342 - routers.news - DEBUG - Found 10 newss
2026-04-01 00:13:43,343 - core.database - DEBUG - [DB_OP] Database session cleanup after 0.5691s
2026-04-01 00:13:45,598 - core.database - DEBUG - [DB_OP] Starting get_db session creation
2026-04-01 00:13:45,599 - core.database - DEBUG - [DB_OP] Database session created successfully in 0.0004s
2026-04-01 00:13:45,599 - routers.inspectors - DEBUG - Querying inspectorss: query=None, sort=precinct_number, skip=0, limit=100, fields=None
2026-04-01 00:13:45,633 - core.database - DEBUG - [DB_OP] Starting get_db session creation
2026-04-01 00:13:45,634 - core.database - DEBUG - [DB_OP] Database session created successfully in 0.0003s
2026-04-01 00:13:45,634 - routers.real_estate - DEBUG - Querying real_estates: query=None, sort=-created_at, skip=0, limit=100, fields=None
2026-04-01 00:13:46,103 - routers.inspectors - DEBUG - Found 1 inspectorss
2026-04-01 00:13:46,104 - core.database - DEBUG - [DB_OP] Database session cleanup after 0.5060s
2026-04-01 00:13:46,134 - routers.real_estate - DEBUG - Found 0 real_estates
2026-04-01 00:13:46,134 - core.database - DEBUG - [DB_OP] Database session cleanup after 0.5009s
2026-04-01 00:14:07,431 - core.database - DEBUG - [DB_OP] Starting get_db session creation
2026-04-01 00:14:07,432 - core.database - DEBUG - [DB_OP] Database session created successfully in 0.0006s
2026-04-01 00:14:07,432 - routers.categories - DEBUG - Querying categoriess: query=None, sort=None, skip=0, limit=1, fields=None
2026-04-01 00:14:07,811 - routers.categories - DEBUG - Found 45 categoriess
2026-04-01 00:14:07,812 - core.database - DEBUG - [DB_OP] Database session cleanup after 0.3805s
2026-04-01 00:14:08,197 - core.database - DEBUG - [DB_OP] Starting get_db session creation
2026-04-01 00:14:08,197 - core.database - DEBUG - [DB_OP] Database session created successfully in 0.0007s
2026-04-01 00:14:08,198 - routers.news - DEBUG - Querying newss: query={"published":true}, sort=-created_at, skip=0, limit=6, fields=None
2026-04-01 00:14:08,200 - core.database - DEBUG - [DB_OP] Starting get_db session creation
2026-04-01 00:14:08,200 - core.database - DEBUG - [DB_OP] Database session created successfully in 0.0002s
2026-04-01 00:14:08,201 - routers.jobs - DEBUG - Querying jobss: query={"active":true}, sort=-created_at, skip=0, limit=3, fields=None
2026-04-01 00:14:08,201 - core.database - DEBUG - [DB_OP] Starting get_db session creation
2026-04-01 00:14:08,202 - core.database - DEBUG - [DB_OP] Database session created successfully in 0.0002s
2026-04-01 00:14:08,202 - routers.complaints - DEBUG - Querying complaintss: query=None, sort=-created_at, skip=0, limit=3, fields=None
2026-04-01 00:14:08,344 - core.database - DEBUG - [DB_OP] Starting get_db session creation
2026-04-01 00:14:08,344 - core.database - DEBUG - [DB_OP] Database session created successfully in 0.0003s
2026-04-01 00:14:08,344 - routers.homepage_stats - DEBUG - Querying homepage_statss: query=None, sort=None, skip=0, limit=1, fields=None
2026-04-01 00:14:08,354 - core.database - DEBUG - [DB_OP] Starting get_db session creation
2026-04-01 00:14:08,354 - core.database - DEBUG - [DB_OP] Database session created successfully in 0.0004s
2026-04-01 00:14:08,355 - routers.banners - DEBUG - Querying bannerss: query={"active":true}, sort=None, skip=0, limit=4, fields=None
2026-04-01 00:14:08,384 - core.auth - DEBUG - Authentication token validated for user hash: 1b536645
2026-04-01 00:14:08,417 - httpcore.connection - DEBUG - connect_tcp.started host='atoms.dev' port=443 local_address=None timeout=120.0 socket_options=None
2026-04-01 00:14:08,421 - core.auth - DEBUG - Authentication token validated for user hash: 1b536645
2026-04-01 00:14:08,449 - httpcore.connection - DEBUG - connect_tcp.started host='atoms.dev' port=443 local_address=None timeout=120.0 socket_options=None
2026-04-01 00:14:08,452 - core.auth - DEBUG - Authentication token validated for user hash: 1b536645
2026-04-01 00:14:08,479 - httpcore.connection - DEBUG - connect_tcp.started host='atoms.dev' port=443 local_address=None timeout=120.0 socket_options=None
2026-04-01 00:14:08,482 - httpcore.connection - DEBUG - connect_tcp.complete return_value=<httpcore._backends.anyio.AnyIOStream object at 0x7fb27c63bb20>
2026-04-01 00:14:08,482 - httpcore.connection - DEBUG - start_tls.started ssl_context=<ssl.SSLContext object at 0x7fb27c5ff1c0> server_hostname='atoms.dev' timeout=120.0
2026-04-01 00:14:08,482 - httpcore.connection - DEBUG - connect_tcp.complete return_value=<httpcore._backends.anyio.AnyIOStream object at 0x7fb27c63bd00>
2026-04-01 00:14:08,482 - httpcore.connection - DEBUG - start_tls.started ssl_context=<ssl.SSLContext object at 0x7fb27c5ff940> server_hostname='atoms.dev' timeout=120.0
2026-04-01 00:14:08,491 - httpcore.connection - DEBUG - start_tls.complete return_value=<httpcore._backends.anyio.AnyIOStream object at 0x7fb27c63ae90>
2026-04-01 00:14:08,494 - httpcore.http11 - DEBUG - send_request_headers.started request=<Request [b'POST']>
2026-04-01 00:14:08,495 - httpcore.connection - DEBUG - start_tls.complete return_value=<httpcore._backends.anyio.AnyIOStream object at 0x7fb27c44d690>
2026-04-01 00:14:08,495 - httpcore.http11 - DEBUG - send_request_headers.complete
2026-04-01 00:14:08,496 - httpcore.http11 - DEBUG - send_request_body.started request=<Request [b'POST']>
2026-04-01 00:14:08,496 - httpcore.http11 - DEBUG - send_request_headers.started request=<Request [b'POST']>
2026-04-01 00:14:08,497 - httpcore.http11 - DEBUG - send_request_body.complete
2026-04-01 00:14:08,497 - httpcore.http11 - DEBUG - receive_response_headers.started request=<Request [b'POST']>
2026-04-01 00:14:08,497 - httpcore.http11 - DEBUG - send_request_headers.complete
2026-04-01 00:14:08,498 - httpcore.http11 - DEBUG - send_request_body.started request=<Request [b'POST']>
2026-04-01 00:14:08,498 - httpcore.http11 - DEBUG - send_request_body.complete
2026-04-01 00:14:08,498 - httpcore.http11 - DEBUG - receive_response_headers.started request=<Request [b'POST']>
2026-04-01 00:14:08,500 - httpcore.connection - DEBUG - connect_tcp.complete return_value=<httpcore._backends.anyio.AnyIOStream object at 0x7fb27c44fca0>
2026-04-01 00:14:08,500 - httpcore.connection - DEBUG - start_tls.started ssl_context=<ssl.SSLContext object at 0x7fb27c5ff9c0> server_hostname='atoms.dev' timeout=120.0
2026-04-01 00:14:08,510 - httpcore.connection - DEBUG - start_tls.complete return_value=<httpcore._backends.anyio.AnyIOStream object at 0x7fb27c44fa30>
2026-04-01 00:14:08,511 - httpcore.http11 - DEBUG - send_request_headers.started request=<Request [b'POST']>
2026-04-01 00:14:08,511 - httpcore.http11 - DEBUG - send_request_headers.complete
2026-04-01 00:14:08,512 - httpcore.http11 - DEBUG - send_request_body.started request=<Request [b'POST']>
2026-04-01 00:14:08,512 - httpcore.http11 - DEBUG - send_request_body.complete
2026-04-01 00:14:08,513 - httpcore.http11 - DEBUG - receive_response_headers.started request=<Request [b'POST']>
2026-04-01 00:14:08,532 - httpcore.http11 - DEBUG - receive_response_headers.complete return_value=(b'HTTP/1.1', 200, b'OK', [(b'Date', b'Wed, 01 Apr 2026 07:14:08 GMT'), (b'Content-Type', b'application/json; charset=utf-8'), (b'Transfer-Encoding', b'chunked'), (b'Connection', b'keep-alive'), (b'Access-Control-Allow-Headers', b'Origin, Content-Type, Accept, Authorization'), (b'Access-Control-Allow-Methods', b'GET, POST, PUT, DELETE, OPTIONS'), (b'Access-Control-Allow-Origin', b'*'), (b'Access-Control-Max-Age', b'86400'), (b'X-Request-Id', b'1b6d744e04d84483c2110f761b887e6d'), (b'X-Trace-Id', b'1457381543144aaeb7a45204a5a9779e'), (b'Content-Security-Policy', b"frame-ancestors 'self' https://atoms.dev"), (b'Strict-Transport-Security', b'max-age=63072000; includeSubDomains; preload'), (b'X-Content-Type-Options', b'nosniff'), (b'X-XSS-Protection', b'1; mode=block'), (b'Referrer-Policy', b'strict-origin-when-cross-origin'), (b'cf-cache-status', b'DYNAMIC'), (b'Content-Encoding', b'gzip'), (b'Server', b'cloudflare'), (b'CF-RAY', b'9e55cb931c3c2b9e-LAX')])
2026-04-01 00:14:08,533 - httpx - INFO - HTTP Request: POST https://atoms.dev/api/v1/infra/client/oss/buckets/portal-images/objects/download_url "HTTP/1.1 200 OK"
2026-04-01 00:14:08,534 - httpcore.http11 - DEBUG - receive_response_body.started request=<Request [b'POST']>
2026-04-01 00:14:08,534 - httpcore.http11 - DEBUG - receive_response_body.complete
2026-04-01 00:14:08,535 - httpcore.http11 - DEBUG - response_closed.started
2026-04-01 00:14:08,536 - httpcore.http11 - DEBUG - response_closed.complete
2026-04-01 00:14:08,537 - httpcore.connection - DEBUG - close.started
2026-04-01 00:14:08,538 - httpcore.http11 - DEBUG - receive_response_headers.complete return_value=(b'HTTP/1.1', 200, b'OK', [(b'Date', b'Wed, 01 Apr 2026 07:14:08 GMT'), (b'Content-Type', b'application/json; charset=utf-8'), (b'Transfer-Encoding', b'chunked'), (b'Connection', b'keep-alive'), (b'Access-Control-Allow-Headers', b'Origin, Content-Type, Accept, Authorization'), (b'Access-Control-Allow-Methods', b'GET, POST, PUT, DELETE, OPTIONS'), (b'Access-Control-Allow-Origin', b'*'), (b'Access-Control-Max-Age', b'86400'), (b'X-Request-Id', b'4da7db098e06986ee2e793788e8afd2f'), (b'X-Trace-Id', b'8042d4707865452da6b5aade1aa6f567'), (b'Content-Security-Policy', b"frame-ancestors 'self' https://atoms.dev"), (b'Strict-Transport-Security', b'max-age=63072000; includeSubDomains; preload'), (b'X-Content-Type-Options', b'nosniff'), (b'X-XSS-Protection', b'1; mode=block'), (b'Referrer-Policy', b'strict-origin-when-cross-origin'), (b'cf-cache-status', b'DYNAMIC'), (b'Content-Encoding', b'gzip'), (b'Server', b'cloudflare'), (b'CF-RAY', b'9e55cb931c4178e5-LAX')])
2026-04-01 00:14:08,538 - httpx - INFO - HTTP Request: POST https://atoms.dev/api/v1/infra/client/oss/buckets/portal-images/objects/download_url "HTTP/1.1 200 OK"
2026-04-01 00:14:08,539 - httpcore.http11 - DEBUG - receive_response_body.started request=<Request [b'POST']>
2026-04-01 00:14:08,539 - httpcore.http11 - DEBUG - receive_response_body.complete
2026-04-01 00:14:08,540 - httpcore.http11 - DEBUG - response_closed.started
2026-04-01 00:14:08,540 - httpcore.connection - DEBUG - close.complete
2026-04-01 00:14:08,541 - httpcore.http11 - DEBUG - response_closed.complete
2026-04-01 00:14:08,542 - httpcore.connection - DEBUG - close.started
2026-04-01 00:14:08,543 - httpcore.http11 - DEBUG - receive_response_headers.complete return_value=(b'HTTP/1.1', 200, b'OK', [(b'Date', b'Wed, 01 Apr 2026 07:14:08 GMT'), (b'Content-Type', b'application/json; charset=utf-8'), (b'Transfer-Encoding', b'chunked'), (b'Connection', b'keep-alive'), (b'Access-Control-Allow-Headers', b'Origin, Content-Type, Accept, Authorization'), (b'Access-Control-Allow-Methods', b'GET, POST, PUT, DELETE, OPTIONS'), (b'Access-Control-Allow-Origin', b'*'), (b'Access-Control-Max-Age', b'86400'), (b'X-Request-Id', b'021612482eb0fb888b71af1806123314'), (b'X-Trace-Id', b'bca941ac3c4e49fd812770d938feb921'), (b'Content-Security-Policy', b"frame-ancestors 'self' https://atoms.dev"), (b'Strict-Transport-Security', b'max-age=63072000; includeSubDomains; preload'), (b'X-Content-Type-Options', b'nosniff'), (b'X-XSS-Protection', b'1; mode=block'), (b'Referrer-Policy', b'strict-origin-when-cross-origin'), (b'cf-cache-status', b'DYNAMIC'), (b'Content-Encoding', b'gzip'), (b'Server', b'cloudflare'), (b'CF-RAY', b'9e55cb933d5ca425-LAX')])
2026-04-01 00:14:08,543 - httpx - INFO - HTTP Request: POST https://atoms.dev/api/v1/infra/client/oss/buckets/portal-images/objects/download_url "HTTP/1.1 200 OK"
2026-04-01 00:14:08,544 - httpcore.http11 - DEBUG - receive_response_body.started request=<Request [b'POST']>
2026-04-01 00:14:08,544 - httpcore.http11 - DEBUG - receive_response_body.complete
2026-04-01 00:14:08,544 - httpcore.http11 - DEBUG - response_closed.started
2026-04-01 00:14:08,545 - httpcore.connection - DEBUG - close.complete
2026-04-01 00:14:08,546 - httpcore.http11 - DEBUG - response_closed.complete
2026-04-01 00:14:08,546 - httpcore.connection - DEBUG - close.started
2026-04-01 00:14:08,547 - httpcore.connection - DEBUG - close.complete
2026-04-01 00:14:08,639 - routers.jobs - DEBUG - Found 5 jobss
2026-04-01 00:14:08,640 - core.database - DEBUG - [DB_OP] Database session cleanup after 0.4395s
2026-04-01 00:14:08,761 - routers.homepage_stats - DEBUG - Found 1 homepage_statss
2026-04-01 00:14:08,762 - core.database - DEBUG - [DB_OP] Database session cleanup after 0.4187s
2026-04-01 00:14:08,764 - routers.news - DEBUG - Found 10 newss
2026-04-01 00:14:08,765 - core.database - DEBUG - [DB_OP] Database session cleanup after 0.5684s
2026-04-01 00:14:08,766 - routers.complaints - DEBUG - Found 12 complaintss
2026-04-01 00:14:08,767 - core.database - DEBUG - [DB_OP] Database session cleanup after 0.5651s
2026-04-01 00:14:08,801 - routers.banners - DEBUG - Found 2 bannerss
2026-04-01 00:14:08,802 - core.database - DEBUG - [DB_OP] Database session cleanup after 0.4476s
2026-04-01 00:21:29,306 - core.database - DEBUG - [DB_OP] Starting get_db session creation
2026-04-01 00:21:29,306 - core.database - DEBUG - [DB_OP] Database session created successfully in 0.0004s
2026-04-01 00:21:29,307 - routers.directory_entries - DEBUG - Querying directory_entriess: query={}, sort=category, skip=0, limit=50, fields=None
2026-04-01 00:21:30,769 - routers.directory_entries - DEBUG - Found 14 directory_entriess
2026-04-01 00:21:30,770 - core.database - DEBUG - [DB_OP] Database session cleanup after 1.4644s
2026-04-01 00:26:52,447 - core.database - DEBUG - [DB_OP] Starting get_db session creation
2026-04-01 00:26:52,447 - core.database - DEBUG - [DB_OP] Database session created successfully in 0.0007s
2026-04-01 00:26:52,448 - routers.categories - DEBUG - Querying categoriess: query=None, sort=None, skip=0, limit=1, fields=None
2026-04-01 00:26:53,206 - routers.categories - DEBUG - Found 45 categoriess
2026-04-01 00:26:53,207 - core.database - DEBUG - [DB_OP] Database session cleanup after 0.7601s
2026-04-01 00:26:53,527 - core.database - DEBUG - [DB_OP] Starting get_db session creation
2026-04-01 00:26:53,527 - core.database - DEBUG - [DB_OP] Database session created successfully in 0.0005s
2026-04-01 00:26:53,529 - routers.directory_entries - DEBUG - Querying directory_entriess: query={}, sort=category, skip=0, limit=50, fields=None
2026-04-01 00:26:54,342 - routers.directory_entries - DEBUG - Found 14 directory_entriess
2026-04-01 00:26:54,344 - core.database - DEBUG - [DB_OP] Database session cleanup after 0.8168s
2026-04-01 00:30:03,722 - core.database - DEBUG - [DB_OP] Starting get_db session creation
2026-04-01 00:30:03,722 - core.database - DEBUG - [DB_OP] Database session created successfully in 0.0006s
2026-04-01 00:30:03,723 - routers.categories - DEBUG - Querying categoriess: query=None, sort=None, skip=0, limit=1, fields=None
2026-04-01 00:30:03,780 - httpcore.connection - DEBUG - connect_tcp.started host='api.openweathermap.org' port=443 local_address=None timeout=10.0 socket_options=None
2026-04-01 00:30:03,824 - httpcore.connection - DEBUG - connect_tcp.complete return_value=<httpcore._backends.anyio.AnyIOStream object at 0x7fb27c618520>
2026-04-01 00:30:03,825 - httpcore.connection - DEBUG - start_tls.started ssl_context=<ssl.SSLContext object at 0x7fb27c5516c0> server_hostname='api.openweathermap.org' timeout=10.0
2026-04-01 00:30:03,863 - httpcore.connection - DEBUG - start_tls.complete return_value=<httpcore._backends.anyio.AnyIOStream object at 0x7fb27c54ce50>
2026-04-01 00:30:03,863 - httpcore.http11 - DEBUG - send_request_headers.started request=<Request [b'GET']>
2026-04-01 00:30:03,864 - httpcore.http11 - DEBUG - send_request_headers.complete
2026-04-01 00:30:03,864 - httpcore.http11 - DEBUG - send_request_body.started request=<Request [b'GET']>
2026-04-01 00:30:03,864 - httpcore.http11 - DEBUG - send_request_body.complete
2026-04-01 00:30:03,864 - httpcore.http11 - DEBUG - receive_response_headers.started request=<Request [b'GET']>
2026-04-01 00:30:03,908 - httpcore.http11 - DEBUG - receive_response_headers.complete return_value=(b'HTTP/1.1', 200, b'OK', [(b'Date', b'Wed, 01 Apr 2026 07:30:03 GMT'), (b'Content-Type', b'application/json; charset=utf-8'), (b'Content-Length', b'553'), (b'Connection', b'keep-alive'), (b'X-Cache-Key', b'/data/2.5/weather?lang=ru&q=karaganda&units=metric'), (b'Access-Control-Allow-Origin', b'*'), (b'Access-Control-Allow-Credentials', b'true'), (b'Access-Control-Allow-Methods', b'GET, POST')])
2026-04-01 00:30:03,908 - httpx - INFO - HTTP Request: GET https://api.openweathermap.org/data/2.5/weather?q=Karaganda&units=metric&lang=ru&appid=ae3471b8d67a2e46b753ece3875423c9 "HTTP/1.1 200 OK"
2026-04-01 00:30:03,909 - httpcore.http11 - DEBUG - receive_response_body.started request=<Request [b'GET']>
2026-04-01 00:30:03,909 - httpcore.http11 - DEBUG - receive_response_body.complete
2026-04-01 00:30:03,909 - httpcore.http11 - DEBUG - response_closed.started
2026-04-01 00:30:03,909 - httpcore.http11 - DEBUG - response_closed.complete
2026-04-01 00:30:03,910 - httpcore.connection - DEBUG - close.started
2026-04-01 00:30:03,910 - httpcore.connection - DEBUG - close.complete
2026-04-01 00:30:03,910 - routers.weather - INFO - [Weather] Fetched: 20°C, переменная облачность
2026-04-01 00:30:04,480 - routers.categories - DEBUG - Found 45 categoriess
2026-04-01 00:30:04,480 - core.database - DEBUG - [DB_OP] Database session cleanup after 0.7586s
2026-04-01 00:30:04,799 - core.database - DEBUG - [DB_OP] Starting get_db session creation
2026-04-01 00:30:04,800 - core.database - DEBUG - [DB_OP] Database session created successfully in 0.0007s
2026-04-01 00:30:04,800 - routers.complaints - DEBUG - Querying complaintss: query=None, sort=-created_at, skip=0, limit=3, fields=None
2026-04-01 00:30:04,803 - core.database - DEBUG - [DB_OP] Starting get_db session creation
2026-04-01 00:30:04,803 - core.database - DEBUG - [DB_OP] Database session created successfully in 0.0004s
2026-04-01 00:30:04,804 - routers.news - DEBUG - Querying newss: query={"published":true}, sort=-created_at, skip=0, limit=6, fields=None
2026-04-01 00:30:04,809 - core.database - DEBUG - [DB_OP] Starting get_db session creation
2026-04-01 00:30:04,809 - core.database - DEBUG - [DB_OP] Database session created successfully in 0.0003s
2026-04-01 00:30:04,810 - routers.jobs - DEBUG - Querying jobss: query={"active":true}, sort=-created_at, skip=0, limit=3, fields=None
2026-04-01 00:30:05,464 - routers.news - DEBUG - Found 10 newss
2026-04-01 00:30:05,465 - core.database - DEBUG - [DB_OP] Database session cleanup after 0.6626s
2026-04-01 00:30:05,466 - routers.jobs - DEBUG - Found 5 jobss
2026-04-01 00:30:05,467 - core.database - DEBUG - [DB_OP] Database session cleanup after 0.6578s
2026-04-01 00:30:05,557 - routers.complaints - DEBUG - Found 12 complaintss
2026-04-01 00:30:05,558 - core.database - DEBUG - [DB_OP] Database session cleanup after 0.7590s
2026-04-01 00:30:06,347 - core.database - DEBUG - [DB_OP] Starting get_db session creation
2026-04-01 00:30:06,348 - core.database - DEBUG - [DB_OP] Database session created successfully in 0.0006s
2026-04-01 00:30:06,348 - routers.banners - DEBUG - Querying bannerss: query={"active":true}, sort=None, skip=0, limit=4, fields=None
2026-04-01 00:30:06,351 - core.database - DEBUG - [DB_OP] Starting get_db session creation
2026-04-01 00:30:06,351 - core.database - DEBUG - [DB_OP] Database session created successfully in 0.0003s
2026-04-01 00:30:06,351 - routers.homepage_stats - DEBUG - Querying homepage_statss: query=None, sort=None, skip=0, limit=1, fields=None
2026-04-01 00:30:06,924 - routers.banners - DEBUG - Found 2 bannerss
2026-04-01 00:30:06,925 - core.database - DEBUG - [DB_OP] Database session cleanup after 0.5781s
2026-04-01 00:30:06,943 - routers.homepage_stats - DEBUG - Found 1 homepage_statss
2026-04-01 00:30:06,944 - core.database - DEBUG - [DB_OP] Database session cleanup after 0.5937s
2026-04-01 00:30:07,286 - core.auth - DEBUG - Authentication token validated for user hash: 1b536645
2026-04-01 00:30:07,344 - httpcore.connection - DEBUG - connect_tcp.started host='atoms.dev' port=443 local_address=None timeout=120.0 socket_options=None
2026-04-01 00:30:07,347 - core.auth - DEBUG - Authentication token validated for user hash: 1b536645
2026-04-01 00:30:07,391 - httpcore.connection - DEBUG - connect_tcp.started host='atoms.dev' port=443 local_address=None timeout=120.0 socket_options=None
2026-04-01 00:30:07,394 - core.auth - DEBUG - Authentication token validated for user hash: 1b536645
2026-04-01 00:30:07,434 - httpcore.connection - DEBUG - connect_tcp.started host='atoms.dev' port=443 local_address=None timeout=120.0 socket_options=None
2026-04-01 00:30:07,438 - httpcore.connection - DEBUG - connect_tcp.complete return_value=<httpcore._backends.anyio.AnyIOStream object at 0x7fb27f30b6a0>
2026-04-01 00:30:07,439 - httpcore.connection - DEBUG - start_tls.started ssl_context=<ssl.SSLContext object at 0x7fb283513040> server_hostname='atoms.dev' timeout=120.0
2026-04-01 00:30:07,446 - httpcore.connection - DEBUG - start_tls.complete return_value=<httpcore._backends.anyio.AnyIOStream object at 0x7fb27f3665f0>
2026-04-01 00:30:07,447 - httpcore.http11 - DEBUG - send_request_headers.started request=<Request [b'POST']>
2026-04-01 00:30:07,447 - httpcore.http11 - DEBUG - send_request_headers.complete
2026-04-01 00:30:07,448 - httpcore.http11 - DEBUG - send_request_body.started request=<Request [b'POST']>
2026-04-01 00:30:07,448 - httpcore.http11 - DEBUG - send_request_body.complete
2026-04-01 00:30:07,448 - httpcore.http11 - DEBUG - receive_response_headers.started request=<Request [b'POST']>
2026-04-01 00:30:07,454 - httpcore.connection - DEBUG - connect_tcp.complete return_value=<httpcore._backends.anyio.AnyIOStream object at 0x7fb27c618910>
2026-04-01 00:30:07,455 - httpcore.connection - DEBUG - start_tls.started ssl_context=<ssl.SSLContext object at 0x7fb27f3a0140> server_hostname='atoms.dev' timeout=120.0
2026-04-01 00:30:07,456 - httpcore.connection - DEBUG - connect_tcp.complete return_value=<httpcore._backends.anyio.AnyIOStream object at 0x7fb27c571f60>
2026-04-01 00:30:07,456 - httpcore.connection - DEBUG - start_tls.started ssl_context=<ssl.SSLContext object at 0x7fb27c5ddf40> server_hostname='atoms.dev' timeout=120.0
2026-04-01 00:30:07,464 - httpcore.connection - DEBUG - start_tls.complete return_value=<httpcore._backends.anyio.AnyIOStream object at 0x7fb27c61baf0>
2026-04-01 00:30:07,465 - httpcore.connection - DEBUG - start_tls.complete return_value=<httpcore._backends.anyio.AnyIOStream object at 0x7fb27c61b610>
2026-04-01 00:30:07,465 - httpcore.http11 - DEBUG - send_request_headers.started request=<Request [b'POST']>
2026-04-01 00:30:07,466 - httpcore.http11 - DEBUG - send_request_headers.started request=<Request [b'POST']>
2026-04-01 00:30:07,466 - httpcore.http11 - DEBUG - send_request_headers.complete
2026-04-01 00:30:07,466 - httpcore.http11 - DEBUG - send_request_body.started request=<Request [b'POST']>
2026-04-01 00:30:07,467 - httpcore.http11 - DEBUG - send_request_headers.complete
2026-04-01 00:30:07,467 - httpcore.http11 - DEBUG - send_request_body.started request=<Request [b'POST']>
2026-04-01 00:30:07,467 - httpcore.http11 - DEBUG - send_request_body.complete
2026-04-01 00:30:07,467 - httpcore.http11 - DEBUG - receive_response_headers.started request=<Request [b'POST']>
2026-04-01 00:30:07,467 - httpcore.http11 - DEBUG - send_request_body.complete
2026-04-01 00:30:07,467 - httpcore.http11 - DEBUG - receive_response_headers.started request=<Request [b'POST']>
2026-04-01 00:30:07,474 - httpcore.http11 - DEBUG - receive_response_headers.complete return_value=(b'HTTP/1.1', 200, b'OK', [(b'Date', b'Wed, 01 Apr 2026 07:30:07 GMT'), (b'Content-Type', b'application/json; charset=utf-8'), (b'Transfer-Encoding', b'chunked'), (b'Connection', b'keep-alive'), (b'Access-Control-Allow-Headers', b'Origin, Content-Type, Accept, Authorization'), (b'Access-Control-Allow-Methods', b'GET, POST, PUT, DELETE, OPTIONS'), (b'Access-Control-Allow-Origin', b'*'), (b'Access-Control-Max-Age', b'86400'), (b'X-Request-Id', b'df199f91fa981e4a9cf009eef2198cb8'), (b'X-Trace-Id', b'42cb018d27cc465b90c247b2ed6107e6'), (b'Content-Security-Policy', b"frame-ancestors 'self' https://atoms.dev"), (b'Strict-Transport-Security', b'max-age=63072000; includeSubDomains; preload'), (b'X-Content-Type-Options', b'nosniff'), (b'X-XSS-Protection', b'1; mode=block'), (b'Referrer-Policy', b'strict-origin-when-cross-origin'), (b'cf-cache-status', b'DYNAMIC'), (b'Content-Encoding', b'gzip'), (b'Server', b'cloudflare'), (b'CF-RAY', b'9e55e2fc8e093385-LAX')])
2026-04-01 00:30:07,474 - httpx - INFO - HTTP Request: POST https://atoms.dev/api/v1/infra/client/oss/buckets/portal-images/objects/download_url "HTTP/1.1 200 OK"
2026-04-01 00:30:07,475 - httpcore.http11 - DEBUG - receive_response_body.started request=<Request [b'POST']>
2026-04-01 00:30:07,475 - httpcore.http11 - DEBUG - receive_response_body.complete
2026-04-01 00:30:07,475 - httpcore.http11 - DEBUG - response_closed.started
2026-04-01 00:30:07,475 - httpcore.http11 - DEBUG - response_closed.complete
2026-04-01 00:30:07,476 - httpcore.connection - DEBUG - close.started
2026-04-01 00:30:07,476 - httpcore.connection - DEBUG - close.complete
2026-04-01 00:30:07,488 - httpcore.http11 - DEBUG - receive_response_headers.complete return_value=(b'HTTP/1.1', 200, b'OK', [(b'Date', b'Wed, 01 Apr 2026 07:30:07 GMT'), (b'Content-Type', b'application/json; charset=utf-8'), (b'Transfer-Encoding', b'chunked'), (b'Connection', b'keep-alive'), (b'Access-Control-Allow-Headers', b'Origin, Content-Type, Accept, Authorization'), (b'Access-Control-Allow-Methods', b'GET, POST, PUT, DELETE, OPTIONS'), (b'Access-Control-Allow-Origin', b'*'), (b'Access-Control-Max-Age', b'86400'), (b'X-Request-Id', b'aa82cb1e3ba47a9cc75c3adc661efcd1'), (b'X-Trace-Id', b'd13f6fb7dc47468291e749e58e1c1616'), (b'Content-Security-Policy', b"frame-ancestors 'self' https://atoms.dev"), (b'Strict-Transport-Security', b'max-age=63072000; includeSubDomains; preload'), (b'X-Content-Type-Options', b'nosniff'), (b'X-XSS-Protection', b'1; mode=block'), (b'Referrer-Policy', b'strict-origin-when-cross-origin'), (b'cf-cache-status', b'DYNAMIC'), (b'Content-Encoding', b'gzip'), (b'Server', b'cloudflare'), (b'CF-RAY', b'9e55e2fcaced6d31-LAX')])
2026-04-01 00:30:07,489 - httpx - INFO - HTTP Request: POST https://atoms.dev/api/v1/infra/client/oss/buckets/portal-images/objects/download_url "HTTP/1.1 200 OK"
2026-04-01 00:30:07,490 - httpcore.http11 - DEBUG - receive_response_body.started request=<Request [b'POST']>
2026-04-01 00:30:07,492 - httpcore.http11 - DEBUG - receive_response_body.complete
2026-04-01 00:30:07,493 - httpcore.http11 - DEBUG - response_closed.started
2026-04-01 00:30:07,493 - httpcore.http11 - DEBUG - response_closed.complete
2026-04-01 00:30:07,493 - httpcore.connection - DEBUG - close.started
2026-04-01 00:30:07,494 - httpcore.connection - DEBUG - close.complete
2026-04-01 00:30:07,496 - httpcore.http11 - DEBUG - receive_response_headers.complete return_value=(b'HTTP/1.1', 200, b'OK', [(b'Date', b'Wed, 01 Apr 2026 07:30:07 GMT'), (b'Content-Type', b'application/json; charset=utf-8'), (b'Transfer-Encoding', b'chunked'), (b'Connection', b'keep-alive'), (b'Access-Control-Allow-Headers', b'Origin, Content-Type, Accept, Authorization'), (b'Access-Control-Allow-Methods', b'GET, POST, PUT, DELETE, OPTIONS'), (b'Access-Control-Allow-Origin', b'*'), (b'Access-Control-Max-Age', b'86400'), (b'X-Request-Id', b'85debe2d017b3c33d2f7834cb17bc0cb'), (b'X-Trace-Id', b'b8d26b9d0ed041b08adceb222798932f'), (b'Content-Security-Policy', b"frame-ancestors 'self' https://atoms.dev"), (b'Strict-Transport-Security', b'max-age=63072000; includeSubDomains; preload'), (b'X-Content-Type-Options', b'nosniff'), (b'X-XSS-Protection', b'1; mode=block'), (b'Referrer-Policy', b'strict-origin-when-cross-origin'), (b'cf-cache-status', b'DYNAMIC'), (b'Content-Encoding', b'gzip'), (b'Server', b'cloudflare'), (b'CF-RAY', b'9e55e2fcacc4f7dd-LAX')])
2026-04-01 00:30:07,498 - httpx - INFO - HTTP Request: POST https://atoms.dev/api/v1/infra/client/oss/buckets/portal-images/objects/download_url "HTTP/1.1 200 OK"
2026-04-01 00:30:07,498 - httpcore.http11 - DEBUG - receive_response_body.started request=<Request [b'POST']>
2026-04-01 00:30:07,499 - httpcore.http11 - DEBUG - receive_response_body.complete
2026-04-01 00:30:07,499 - httpcore.http11 - DEBUG - response_closed.started
2026-04-01 00:30:07,499 - httpcore.http11 - DEBUG - response_closed.complete
2026-04-01 00:30:07,500 - httpcore.connection - DEBUG - close.started
2026-04-01 00:30:07,500 - httpcore.connection - DEBUG - close.complete
2026-04-01 00:30:21,481 - core.database - DEBUG - [DB_OP] Starting get_db session creation
2026-04-01 00:30:21,481 - core.database - DEBUG - [DB_OP] Database session created successfully in 0.0006s
2026-04-01 00:30:21,482 - routers.inspectors - DEBUG - Querying inspectorss: query=None, sort=precinct_number, skip=0, limit=100, fields=None
2026-04-01 00:30:21,485 - core.database - DEBUG - [DB_OP] Starting get_db session creation
2026-04-01 00:30:21,485 - core.database - DEBUG - [DB_OP] Database session created successfully in 0.0006s
2026-04-01 00:30:21,486 - routers.news - DEBUG - Querying newss: query={"published":true}, sort=-created_at, skip=0, limit=50, fields=None
2026-04-01 00:30:21,488 - core.database - DEBUG - [DB_OP] Starting get_db session creation
2026-04-01 00:30:21,488 - core.database - DEBUG - [DB_OP] Database session created successfully in 0.0003s
2026-04-01 00:30:21,489 - routers.food_categories - DEBUG - Querying food_categoriess: query=None, sort=sort_order, skip=0, limit=50, fields=None
2026-04-01 00:30:21,496 - core.database - DEBUG - [DB_OP] Starting get_db session creation
2026-04-01 00:30:21,497 - core.database - DEBUG - [DB_OP] Database session created successfully in 0.0007s
2026-04-01 00:30:21,498 - routers.masters - DEBUG - Querying masterss: query=None, sort=-rating, skip=0, limit=50, fields=None
2026-04-01 00:30:21,500 - core.database - DEBUG - [DB_OP] Starting get_db session creation
2026-04-01 00:30:21,501 - core.database - DEBUG - [DB_OP] Database session created successfully in 0.0006s
2026-04-01 00:30:21,502 - routers.food_items - DEBUG - Querying food_itemss: query=None, sort=sort_order, skip=0, limit=200, fields=None
2026-04-01 00:30:21,504 - core.database - DEBUG - [DB_OP] Starting get_db session creation
2026-04-01 00:30:21,504 - core.database - DEBUG - [DB_OP] Database session created successfully in 0.0002s
2026-04-01 00:30:21,504 - routers.complaints - DEBUG - Querying complaintss: query=None, sort=-created_at, skip=0, limit=50, fields=None
2026-04-01 00:30:21,506 - core.database - DEBUG - [DB_OP] Starting get_db session creation
2026-04-01 00:30:21,507 - core.database - DEBUG - [DB_OP] Database session created successfully in 0.0002s
2026-04-01 00:30:21,507 - routers.jobs - DEBUG - Querying jobss: query={"active":true}, sort=-created_at, skip=0, limit=50, fields=None
2026-04-01 00:30:21,512 - core.database - DEBUG - [DB_OP] Starting get_db session creation
2026-04-01 00:30:21,513 - core.database - DEBUG - [DB_OP] Database session created successfully in 0.0004s
2026-04-01 00:30:21,513 - routers.announcements - DEBUG - Querying announcementss: query={"active":true,"status":"approved"}, sort=-created_at, skip=0, limit=50, fields=None
2026-04-01 00:30:21,516 - core.database - DEBUG - [DB_OP] Starting get_db session creation
2026-04-01 00:30:21,516 - core.database - DEBUG - [DB_OP] Database session created successfully in 0.0002s
2026-04-01 00:30:21,516 - routers.real_estate - DEBUG - Querying real_estates: query=None, sort=-created_at, skip=0, limit=100, fields=None
2026-04-01 00:30:22,329 - routers.masters - DEBUG - Found 8 masterss
2026-04-01 00:30:22,331 - core.database - DEBUG - [DB_OP] Database session cleanup after 0.8341s
2026-04-01 00:30:22,331 - routers.inspectors - DEBUG - Found 1 inspectorss
2026-04-01 00:30:22,332 - core.database - DEBUG - [DB_OP] Database session cleanup after 0.8516s
2026-04-01 00:30:22,392 - routers.news - DEBUG - Found 10 newss
2026-04-01 00:30:22,394 - core.database - DEBUG - [DB_OP] Database session cleanup after 0.9087s
2026-04-01 00:30:22,395 - routers.food_items - DEBUG - Found 13 food_itemss
2026-04-01 00:30:22,396 - core.database - DEBUG - [DB_OP] Database session cleanup after 0.8956s
2026-04-01 00:30:22,398 - routers.food_categories - DEBUG - Found 6 food_categoriess
2026-04-01 00:30:22,399 - core.database - DEBUG - [DB_OP] Database session cleanup after 0.9104s
2026-04-01 00:30:22,523 - routers.complaints - DEBUG - Found 12 complaintss
2026-04-01 00:30:22,524 - core.database - DEBUG - [DB_OP] Database session cleanup after 1.0202s
2026-04-01 00:30:22,531 - routers.jobs - DEBUG - Found 5 jobss
2026-04-01 00:30:22,532 - core.database - DEBUG - [DB_OP] Database session cleanup after 1.0257s
2026-04-01 00:30:22,605 - routers.real_estate - DEBUG - Found 0 real_estates
2026-04-01 00:30:22,606 - core.database - DEBUG - [DB_OP] Database session cleanup after 1.0902s
2026-04-01 00:30:22,619 - routers.announcements - DEBUG - Found 1 announcementss
2026-04-01 00:30:22,621 - core.database - DEBUG - [DB_OP] Database session cleanup after 1.1081s
2026-04-01 00:37:11,980 - core.database - DEBUG - [DB_OP] Starting get_db session creation
2026-04-01 00:37:11,980 - core.database - DEBUG - [DB_OP] Database session created successfully in 0.0004s
2026-04-01 00:37:11,980 - routers.bus_routes - DEBUG - Querying bus_routess: query=None, sort=sort_order, skip=0, limit=50, fields=None
2026-04-01 00:37:13,329 - routers.bus_routes - DEBUG - Found 4 bus_routess
2026-04-01 00:37:13,330 - core.database - DEBUG - [DB_OP] Database session cleanup after 1.3505s
2026-04-01 00:40:04,069 - httpcore.connection - DEBUG - connect_tcp.started host='api.openweathermap.org' port=443 local_address=None timeout=10.0 socket_options=None
2026-04-01 00:40:04,256 - httpcore.connection - DEBUG - connect_tcp.complete return_value=<httpcore._backends.anyio.AnyIOStream object at 0x7fb27c6397b0>
2026-04-01 00:40:04,256 - httpcore.connection - DEBUG - start_tls.started ssl_context=<ssl.SSLContext object at 0x7fb27c5b9940> server_hostname='api.openweathermap.org' timeout=10.0
2026-04-01 00:40:04,291 - httpcore.connection - DEBUG - start_tls.complete return_value=<httpcore._backends.anyio.AnyIOStream object at 0x7fb283503610>
2026-04-01 00:40:04,292 - httpcore.http11 - DEBUG - send_request_headers.started request=<Request [b'GET']>
2026-04-01 00:40:04,292 - httpcore.http11 - DEBUG - send_request_headers.complete
2026-04-01 00:40:04,292 - httpcore.http11 - DEBUG - send_request_body.started request=<Request [b'GET']>
2026-04-01 00:40:04,293 - httpcore.http11 - DEBUG - send_request_body.complete
2026-04-01 00:40:04,293 - httpcore.http11 - DEBUG - receive_response_headers.started request=<Request [b'GET']>
2026-04-01 00:40:04,329 - httpcore.http11 - DEBUG - receive_response_headers.complete return_value=(b'HTTP/1.1', 200, b'OK', [(b'Date', b'Wed, 01 Apr 2026 07:40:04 GMT'), (b'Content-Type', b'application/json; charset=utf-8'), (b'Content-Length', b'553'), (b'Connection', b'keep-alive'), (b'X-Cache-Key', b'/data/2.5/weather?lang=ru&q=karaganda&units=metric'), (b'Access-Control-Allow-Origin', b'*'), (b'Access-Control-Allow-Credentials', b'true'), (b'Access-Control-Allow-Methods', b'GET, POST')])
2026-04-01 00:40:04,330 - httpx - INFO - HTTP Request: GET https://api.openweathermap.org/data/2.5/weather?q=Karaganda&units=metric&lang=ru&appid=ae3471b8d67a2e46b753ece3875423c9 "HTTP/1.1 200 OK"
2026-04-01 00:40:04,330 - httpcore.http11 - DEBUG - receive_response_body.started request=<Request [b'GET']>
2026-04-01 00:40:04,330 - httpcore.http11 - DEBUG - receive_response_body.complete
2026-04-01 00:40:04,331 - httpcore.http11 - DEBUG - response_closed.started
2026-04-01 00:40:04,331 - httpcore.http11 - DEBUG - response_closed.complete
2026-04-01 00:40:04,331 - httpcore.connection - DEBUG - close.started
2026-04-01 00:40:04,332 - httpcore.connection - DEBUG - close.complete
2026-04-01 00:40:04,332 - routers.weather - INFO - [Weather] Fetched: 20°C, переменная облачность
2026-04-01 00:52:14,258 - core.database - DEBUG - [DB_OP] Starting get_db session creation
2026-04-01 00:52:14,259 - core.database - DEBUG - [DB_OP] Database session created successfully in 0.0009s
2026-04-01 00:52:14,260 - routers.categories - DEBUG - Querying categoriess: query=None, sort=None, skip=0, limit=1, fields=None
2026-04-01 00:52:14,429 - httpcore.connection - DEBUG - connect_tcp.started host='api.openweathermap.org' port=443 local_address=None timeout=10.0 socket_options=None
2026-04-01 00:52:14,699 - httpcore.connection - DEBUG - connect_tcp.complete return_value=<httpcore._backends.anyio.AnyIOStream object at 0x7fb27c63af80>
2026-04-01 00:52:14,700 - httpcore.connection - DEBUG - start_tls.started ssl_context=<ssl.SSLContext object at 0x7fb2835130c0> server_hostname='api.openweathermap.org' timeout=10.0
2026-04-01 00:52:14,960 - httpcore.connection - DEBUG - start_tls.complete return_value=<httpcore._backends.anyio.AnyIOStream object at 0x7fb27d19d630>
2026-04-01 00:52:14,961 - httpcore.http11 - DEBUG - send_request_headers.started request=<Request [b'GET']>
2026-04-01 00:52:14,961 - httpcore.http11 - DEBUG - send_request_headers.complete
2026-04-01 00:52:14,961 - httpcore.http11 - DEBUG - send_request_body.started request=<Request [b'GET']>
2026-04-01 00:52:14,962 - httpcore.http11 - DEBUG - send_request_body.complete
2026-04-01 00:52:14,962 - httpcore.http11 - DEBUG - receive_response_headers.started request=<Request [b'GET']>
2026-04-01 00:52:15,226 - httpcore.http11 - DEBUG - receive_response_headers.complete return_value=(b'HTTP/1.1', 200, b'OK', [(b'Date', b'Wed, 01 Apr 2026 07:52:15 GMT'), (b'Content-Type', b'application/json; charset=utf-8'), (b'Content-Length', b'553'), (b'Connection', b'keep-alive'), (b'X-Cache-Key', b'/data/2.5/weather?lang=ru&q=karaganda&units=metric'), (b'Access-Control-Allow-Origin', b'*'), (b'Access-Control-Allow-Credentials', b'true'), (b'Access-Control-Allow-Methods', b'GET, POST')])
2026-04-01 00:52:15,226 - httpx - INFO - HTTP Request: GET https://api.openweathermap.org/data/2.5/weather?q=Karaganda&units=metric&lang=ru&appid=ae3471b8d67a2e46b753ece3875423c9 "HTTP/1.1 200 OK"
2026-04-01 00:52:15,227 - httpcore.http11 - DEBUG - receive_response_body.started request=<Request [b'GET']>
2026-04-01 00:52:15,227 - httpcore.http11 - DEBUG - receive_response_body.complete
2026-04-01 00:52:15,227 - httpcore.http11 - DEBUG - response_closed.started
2026-04-01 00:52:15,227 - httpcore.http11 - DEBUG - response_closed.complete
2026-04-01 00:52:15,228 - httpcore.connection - DEBUG - close.started
2026-04-01 00:52:15,228 - httpcore.connection - DEBUG - close.complete
2026-04-01 00:52:15,228 - routers.weather - INFO - [Weather] Fetched: 19°C, переменная облачность
2026-04-01 00:52:15,615 - routers.categories - DEBUG - Found 45 categoriess
2026-04-01 00:52:15,616 - core.database - DEBUG - [DB_OP] Database session cleanup after 1.3575s
2026-04-01 00:52:16,006 - core.database - DEBUG - [DB_OP] Starting get_db session creation
2026-04-01 00:52:16,007 - core.database - DEBUG - [DB_OP] Database session created successfully in 0.0006s
2026-04-01 00:52:16,007 - routers.news - DEBUG - Querying newss: query={"published":true}, sort=-created_at, skip=0, limit=6, fields=None
2026-04-01 00:52:16,009 - core.database - DEBUG - [DB_OP] Starting get_db session creation
2026-04-01 00:52:16,009 - core.database - DEBUG - [DB_OP] Database session created successfully in 0.0002s
2026-04-01 00:52:16,010 - routers.complaints - DEBUG - Querying complaintss: query=None, sort=-created_at, skip=0, limit=3, fields=None
2026-04-01 00:52:16,016 - core.database - DEBUG - [DB_OP] Starting get_db session creation
2026-04-01 00:52:16,016 - core.database - DEBUG - [DB_OP] Database session created successfully in 0.0002s
2026-04-01 00:52:16,016 - routers.jobs - DEBUG - Querying jobss: query={"active":true}, sort=-created_at, skip=0, limit=3, fields=None
2026-04-01 00:52:16,761 - routers.complaints - DEBUG - Found 12 complaintss
2026-04-01 00:52:16,762 - core.database - DEBUG - [DB_OP] Database session cleanup after 0.7530s
2026-04-01 00:52:16,831 - routers.news - DEBUG - Found 10 newss
2026-04-01 00:52:16,833 - core.database - DEBUG - [DB_OP] Database session cleanup after 0.8266s
2026-04-01 00:52:16,838 - routers.jobs - DEBUG - Found 5 jobss
2026-04-01 00:52:16,838 - core.database - DEBUG - [DB_OP] Database session cleanup after 0.8224s
2026-04-01 00:52:17,396 - core.database - DEBUG - [DB_OP] Starting get_db session creation
2026-04-01 00:52:17,396 - core.database - DEBUG - [DB_OP] Database session created successfully in 0.0005s
2026-04-01 00:52:17,397 - routers.banners - DEBUG - Querying bannerss: query={"active":true}, sort=None, skip=0, limit=4, fields=None
2026-04-01 00:52:17,402 - core.database - DEBUG - [DB_OP] Starting get_db session creation
2026-04-01 00:52:17,403 - core.database - DEBUG - [DB_OP] Database session created successfully in 0.0003s
2026-04-01 00:52:17,403 - routers.homepage_stats - DEBUG - Querying homepage_statss: query=None, sort=None, skip=0, limit=1, fields=None
2026-04-01 00:52:18,175 - routers.banners - DEBUG - Found 2 bannerss
2026-04-01 00:52:18,176 - core.database - DEBUG - [DB_OP] Database session cleanup after 0.7801s
2026-04-01 00:52:18,252 - routers.homepage_stats - DEBUG - Found 1 homepage_statss
2026-04-01 00:52:18,253 - core.database - DEBUG - [DB_OP] Database session cleanup after 0.8504s
2026-04-01 00:52:18,852 - core.auth - DEBUG - Authentication token validated for user hash: 1b536645
2026-04-01 00:52:18,896 - httpcore.connection - DEBUG - connect_tcp.started host='atoms.dev' port=443 local_address=None timeout=120.0 socket_options=None
2026-04-01 00:52:18,899 - core.auth - DEBUG - Authentication token validated for user hash: 1b536645
2026-04-01 00:52:18,926 - httpcore.connection - DEBUG - connect_tcp.started host='atoms.dev' port=443 local_address=None timeout=120.0 socket_options=None
2026-04-01 00:52:18,929 - core.auth - DEBUG - Authentication token validated for user hash: 1b536645
2026-04-01 00:52:18,955 - httpcore.connection - DEBUG - connect_tcp.started host='atoms.dev' port=443 local_address=None timeout=120.0 socket_options=None
2026-04-01 00:52:18,959 - httpcore.connection - DEBUG - connect_tcp.complete return_value=<httpcore._backends.anyio.AnyIOStream object at 0x7fb27c639e40>
2026-04-01 00:52:18,959 - httpcore.connection - DEBUG - start_tls.started ssl_context=<ssl.SSLContext object at 0x7fb27c5ddec0> server_hostname='atoms.dev' timeout=120.0
2026-04-01 00:52:18,960 - httpcore.connection - DEBUG - connect_tcp.complete return_value=<httpcore._backends.anyio.AnyIOStream object at 0x7fb27c6184c0>
2026-04-01 00:52:18,960 - httpcore.connection - DEBUG - start_tls.started ssl_context=<ssl.SSLContext object at 0x7fb2834e4040> server_hostname='atoms.dev' timeout=120.0
2026-04-01 00:52:18,969 - httpcore.connection - DEBUG - start_tls.complete return_value=<httpcore._backends.anyio.AnyIOStream object at 0x7fb27c63add0>
2026-04-01 00:52:18,974 - httpcore.http11 - DEBUG - send_request_headers.started request=<Request [b'POST']>
2026-04-01 00:52:18,975 - httpcore.connection - DEBUG - start_tls.complete return_value=<httpcore._backends.anyio.AnyIOStream object at 0x7fb27c618730>
2026-04-01 00:52:18,976 - httpcore.http11 - DEBUG - send_request_headers.complete
2026-04-01 00:52:18,976 - httpcore.http11 - DEBUG - send_request_body.started request=<Request [b'POST']>
2026-04-01 00:52:18,976 - httpcore.http11 - DEBUG - send_request_headers.started request=<Request [b'POST']>
2026-04-01 00:52:18,977 - httpcore.http11 - DEBUG - send_request_body.complete
2026-04-01 00:52:18,977 - httpcore.http11 - DEBUG - receive_response_headers.started request=<Request [b'POST']>
2026-04-01 00:52:18,978 - httpcore.http11 - DEBUG - send_request_headers.complete
2026-04-01 00:52:18,978 - httpcore.http11 - DEBUG - send_request_body.started request=<Request [b'POST']>
2026-04-01 00:52:18,978 - httpcore.http11 - DEBUG - send_request_body.complete
2026-04-01 00:52:18,978 - httpcore.http11 - DEBUG - receive_response_headers.started request=<Request [b'POST']>
2026-04-01 00:52:18,981 - httpcore.connection - DEBUG - connect_tcp.complete return_value=<httpcore._backends.anyio.AnyIOStream object at 0x7fb27c63b1c0>
2026-04-01 00:52:18,981 - httpcore.connection - DEBUG - start_tls.started ssl_context=<ssl.SSLContext object at 0x7fb27c5dd140> server_hostname='atoms.dev' timeout=120.0
2026-04-01 00:52:18,992 - httpcore.connection - DEBUG - start_tls.complete return_value=<httpcore._backends.anyio.AnyIOStream object at 0x7fb27f365150>
2026-04-01 00:52:18,993 - httpcore.http11 - DEBUG - send_request_headers.started request=<Request [b'POST']>
2026-04-01 00:52:18,993 - httpcore.http11 - DEBUG - send_request_headers.complete
2026-04-01 00:52:18,993 - httpcore.http11 - DEBUG - send_request_body.started request=<Request [b'POST']>
2026-04-01 00:52:18,994 - httpcore.http11 - DEBUG - send_request_body.complete
2026-04-01 00:52:18,994 - httpcore.http11 - DEBUG - receive_response_headers.started request=<Request [b'POST']>
2026-04-01 00:52:19,009 - httpcore.http11 - DEBUG - receive_response_headers.complete return_value=(b'HTTP/1.1', 200, b'OK', [(b'Date', b'Wed, 01 Apr 2026 07:52:19 GMT'), (b'Content-Type', b'application/json; charset=utf-8'), (b'Transfer-Encoding', b'chunked'), (b'Connection', b'keep-alive'), (b'Access-Control-Allow-Headers', b'Origin, Content-Type, Accept, Authorization'), (b'Access-Control-Allow-Methods', b'GET, POST, PUT, DELETE, OPTIONS'), (b'Access-Control-Allow-Origin', b'*'), (b'Access-Control-Max-Age', b'86400'), (b'X-Request-Id', b'256f6543d01e8ba7bbfae819514035ab'), (b'X-Trace-Id', b'6b80d26c8a714c7baab1b18d8a820d1f'), (b'Content-Security-Policy', b"frame-ancestors 'self' https://atoms.dev"), (b'Strict-Transport-Security', b'max-age=63072000; includeSubDomains; preload'), (b'X-Content-Type-Options', b'nosniff'), (b'X-XSS-Protection', b'1; mode=block'), (b'Referrer-Policy', b'strict-origin-when-cross-origin'), (b'cf-cache-status', b'DYNAMIC'), (b'Content-Encoding', b'gzip'), (b'Server', b'cloudflare'), (b'CF-RAY', b'9e56037e9bca3c7e-LAX')])
2026-04-01 00:52:19,010 - httpx - INFO - HTTP Request: POST https://atoms.dev/api/v1/infra/client/oss/buckets/portal-images/objects/download_url "HTTP/1.1 200 OK"
2026-04-01 00:52:19,010 - httpcore.http11 - DEBUG - receive_response_body.started request=<Request [b'POST']>
2026-04-01 00:52:19,011 - httpcore.http11 - DEBUG - receive_response_body.complete
2026-04-01 00:52:19,011 - httpcore.http11 - DEBUG - response_closed.started
2026-04-01 00:52:19,011 - httpcore.http11 - DEBUG - receive_response_headers.complete return_value=(b'HTTP/1.1', 200, b'OK', [(b'Date', b'Wed, 01 Apr 2026 07:52:19 GMT'), (b'Content-Type', b'application/json; charset=utf-8'), (b'Transfer-Encoding', b'chunked'), (b'Connection', b'keep-alive'), (b'Access-Control-Allow-Headers', b'Origin, Content-Type, Accept, Authorization'), (b'Access-Control-Allow-Methods', b'GET, POST, PUT, DELETE, OPTIONS'), (b'Access-Control-Allow-Origin', b'*'), (b'Access-Control-Max-Age', b'86400'), (b'X-Request-Id', b'b21c120281cc1c80be98e44e39d18ad7'), (b'X-Trace-Id', b'05f95d6158b147438a47365919bb72cf'), (b'Content-Security-Policy', b"frame-ancestors 'self' https://atoms.dev"), (b'Strict-Transport-Security', b'max-age=63072000; includeSubDomains; preload'), (b'X-Content-Type-Options', b'nosniff'), (b'X-XSS-Protection', b'1; mode=block'), (b'Referrer-Policy', b'strict-origin-when-cross-origin'), (b'cf-cache-status', b'DYNAMIC'), (b'Content-Encoding', b'gzip'), (b'Server', b'cloudflare'), (b'CF-RAY', b'9e56037e9f05c4d5-LAX')])
2026-04-01 00:52:19,012 - httpx - INFO - HTTP Request: POST https://atoms.dev/api/v1/infra/client/oss/buckets/portal-images/objects/download_url "HTTP/1.1 200 OK"
2026-04-01 00:52:19,012 - httpcore.http11 - DEBUG - receive_response_body.started request=<Request [b'POST']>
2026-04-01 00:52:19,013 - httpcore.http11 - DEBUG - receive_response_body.complete
2026-04-01 00:52:19,013 - httpcore.http11 - DEBUG - response_closed.started
2026-04-01 00:52:19,013 - httpcore.http11 - DEBUG - response_closed.complete
2026-04-01 00:52:19,014 - httpcore.connection - DEBUG - close.started
2026-04-01 00:52:19,014 - httpcore.http11 - DEBUG - response_closed.complete
2026-04-01 00:52:19,015 - httpcore.connection - DEBUG - close.started
2026-04-01 00:52:19,015 - httpcore.connection - DEBUG - close.complete
2026-04-01 00:52:19,016 - httpcore.connection - DEBUG - close.complete
2026-04-01 00:52:19,021 - httpcore.http11 - DEBUG - receive_response_headers.complete return_value=(b'HTTP/1.1', 200, b'OK', [(b'Date', b'Wed, 01 Apr 2026 07:52:19 GMT'), (b'Content-Type', b'application/json; charset=utf-8'), (b'Transfer-Encoding', b'chunked'), (b'Connection', b'keep-alive'), (b'Access-Control-Allow-Headers', b'Origin, Content-Type, Accept, Authorization'), (b'Access-Control-Allow-Methods', b'GET, POST, PUT, DELETE, OPTIONS'), (b'Access-Control-Allow-Origin', b'*'), (b'Access-Control-Max-Age', b'86400'), (b'X-Request-Id', b'1dc5d87eab9610a262f1ba6b53f78857'), (b'X-Trace-Id', b'3ba6c4d7802648b4965bd70ec6fcbfb4'), (b'Content-Security-Policy', b"frame-ancestors 'self' https://atoms.dev"), (b'Strict-Transport-Security', b'max-age=63072000; includeSubDomains; preload'), (b'X-Content-Type-Options', b'nosniff'), (b'X-XSS-Protection', b'1; mode=block'), (b'Referrer-Policy', b'strict-origin-when-cross-origin'), (b'cf-cache-status', b'DYNAMIC'), (b'Content-Encoding', b'gzip'), (b'Server', b'cloudflare'), (b'CF-RAY', b'9e56037ebc03e9e0-LAX')])
2026-04-01 00:52:19,022 - httpx - INFO - HTTP Request: POST https://atoms.dev/api/v1/infra/client/oss/buckets/portal-images/objects/download_url "HTTP/1.1 200 OK"
2026-04-01 00:52:19,022 - httpcore.http11 - DEBUG - receive_response_body.started request=<Request [b'POST']>
2026-04-01 00:52:19,023 - httpcore.http11 - DEBUG - receive_response_body.complete
2026-04-01 00:52:19,023 - httpcore.http11 - DEBUG - response_closed.started
2026-04-01 00:52:19,023 - httpcore.http11 - DEBUG - response_closed.complete
2026-04-01 00:52:19,024 - httpcore.connection - DEBUG - close.started
2026-04-01 00:52:19,024 - httpcore.connection - DEBUG - close.complete
2026-04-01 00:52:23,806 - core.database - DEBUG - [DB_OP] Starting get_db session creation
2026-04-01 00:52:23,807 - core.database - DEBUG - [DB_OP] Database session created successfully in 0.0005s
2026-04-01 00:52:23,807 - routers.food_items - DEBUG - Querying food_itemss: query=None, sort=sort_order, skip=0, limit=200, fields=None
2026-04-01 00:52:23,810 - core.database - DEBUG - [DB_OP] Starting get_db session creation
2026-04-01 00:52:23,810 - core.database - DEBUG - [DB_OP] Database session created successfully in 0.0002s
2026-04-01 00:52:23,810 - routers.masters - DEBUG - Querying masterss: query=None, sort=-rating, skip=0, limit=50, fields=None
2026-04-01 00:52:23,811 - core.database - DEBUG - [DB_OP] Starting get_db session creation
2026-04-01 00:52:23,812 - core.database - DEBUG - [DB_OP] Database session created successfully in 0.0003s
2026-04-01 00:52:23,812 - routers.food_categories - DEBUG - Querying food_categoriess: query=None, sort=sort_order, skip=0, limit=50, fields=None
2026-04-01 00:52:23,817 - core.database - DEBUG - [DB_OP] Starting get_db session creation
2026-04-01 00:52:23,817 - core.database - DEBUG - [DB_OP] Database session created successfully in 0.0002s
2026-04-01 00:52:23,817 - routers.announcements - DEBUG - Querying announcementss: query={"active":true,"status":"approved"}, sort=-created_at, skip=0, limit=50, fields=None
2026-04-01 00:52:24,420 - routers.announcements - DEBUG - Found 1 announcementss
2026-04-01 00:52:24,421 - core.database - DEBUG - [DB_OP] Database session cleanup after 0.6039s
2026-04-01 00:52:24,625 - routers.masters - DEBUG - Found 8 masterss
2026-04-01 00:52:24,626 - core.database - DEBUG - [DB_OP] Database session cleanup after 0.8165s
2026-04-01 00:52:24,693 - routers.food_items - DEBUG - Found 13 food_itemss
2026-04-01 00:52:24,694 - core.database - DEBUG - [DB_OP] Database session cleanup after 0.8877s
2026-04-01 00:52:24,694 - routers.food_categories - DEBUG - Found 6 food_categoriess
2026-04-01 00:52:24,695 - core.database - DEBUG - [DB_OP] Database session cleanup after 0.8841s
2026-04-01 00:52:26,801 - core.database - DEBUG - [DB_OP] Starting get_db session creation
2026-04-01 00:52:26,802 - core.database - DEBUG - [DB_OP] Database session created successfully in 0.0005s
2026-04-01 00:52:26,802 - routers.news - DEBUG - Querying newss: query={"published":true}, sort=-created_at, skip=0, limit=50, fields=None
2026-04-01 00:52:26,804 - core.database - DEBUG - [DB_OP] Starting get_db session creation
2026-04-01 00:52:26,804 - core.database - DEBUG - [DB_OP] Database session created successfully in 0.0002s
2026-04-01 00:52:26,804 - routers.jobs - DEBUG - Querying jobss: query={"active":true}, sort=-created_at, skip=0, limit=50, fields=None
2026-04-01 00:52:26,805 - core.database - DEBUG - [DB_OP] Starting get_db session creation
2026-04-01 00:52:26,805 - core.database - DEBUG - [DB_OP] Database session created successfully in 0.0002s
2026-04-01 00:52:26,806 - routers.complaints - DEBUG - Querying complaintss: query=None, sort=-created_at, skip=0, limit=50, fields=None
2026-04-01 00:52:27,307 - routers.jobs - DEBUG - Found 5 jobss
2026-04-01 00:52:27,307 - core.database - DEBUG - [DB_OP] Database session cleanup after 0.5037s
2026-04-01 00:52:27,429 - routers.complaints - DEBUG - Found 12 complaintss
2026-04-01 00:52:27,430 - core.database - DEBUG - [DB_OP] Database session cleanup after 0.6245s
2026-04-01 00:52:27,431 - routers.news - DEBUG - Found 10 newss
2026-04-01 00:52:27,432 - core.database - DEBUG - [DB_OP] Database session cleanup after 0.6312s
2026-04-01 00:52:29,822 - core.database - DEBUG - [DB_OP] Starting get_db session creation
2026-04-01 00:52:29,823 - core.database - DEBUG - [DB_OP] Database session created successfully in 0.0004s
2026-04-01 00:52:29,823 - routers.real_estate - DEBUG - Querying real_estates: query=None, sort=-created_at, skip=0, limit=100, fields=None
2026-04-01 00:52:29,827 - core.database - DEBUG - [DB_OP] Starting get_db session creation
2026-04-01 00:52:29,827 - core.database - DEBUG - [DB_OP] Database session created successfully in 0.0002s
2026-04-01 00:52:29,828 - routers.inspectors - DEBUG - Querying inspectorss: query=None, sort=precinct_number, skip=0, limit=100, fields=None
2026-04-01 00:52:30,400 - routers.real_estate - DEBUG - Found 0 real_estates
2026-04-01 00:52:30,401 - core.database - DEBUG - [DB_OP] Database session cleanup after 0.5784s
2026-04-01 00:52:30,406 - routers.inspectors - DEBUG - Found 1 inspectorss
2026-04-01 00:52:30,407 - core.database - DEBUG - [DB_OP] Database session cleanup after 0.5800s
2026-04-01 00:56:37,828 - services.database - DEBUG - [DB_OP] Starting database close
2026-04-01 00:56:38,157 - core.database - INFO - Database connection closed and engine disposed
2026-04-01 00:56:38,158 - services.database - INFO - Database connections closed
2026-04-01 00:56:38,158 - services.database - DEBUG - [DB_OP] Database close completed in 0.3307s
