2026-04-21 11:42:56,510 - main - INFO - === Logging system initialized ===
2026-04-21 11:42:56,510 - main - INFO - Log file: logs/app_20260421_114256.log
2026-04-21 11:42:56,510 - main - INFO - Log level: INFO
2026-04-21 11:42:56,510 - main - INFO - Timestamp: 20260421_114256
2026-04-21 11:42:56,518 - main - INFO - Included router: routers.admin_auth.router
2026-04-21 11:42:58,138 - main - INFO - Included router: routers.aihub.router
2026-04-21 11:42:58,194 - main - INFO - Included router: routers.announcements.router
2026-04-21 11:42:58,214 - main - INFO - Included router: routers.auth.router
2026-04-21 11:42:58,265 - main - INFO - Included router: routers.banners.router
2026-04-21 11:42:58,425 - main - INFO - Included router: routers.become_master_requests.router
2026-04-21 11:42:58,478 - main - INFO - Included router: routers.bus_notifications.router
2026-04-21 11:42:58,540 - main - INFO - Included router: routers.bus_routes.router
2026-04-21 11:42:58,586 - main - INFO - Included router: routers.bus_stops.router
2026-04-21 11:42:58,637 - main - INFO - Included router: routers.categories.router
2026-04-21 11:42:58,694 - main - INFO - Included router: routers.complaints.router
2026-04-21 11:42:58,739 - main - INFO - Included router: routers.couriers.router
2026-04-21 11:42:58,745 - main - INFO - Included router: routers.debug_schema.router
2026-04-21 11:42:58,787 - main - INFO - Included router: routers.directory_entries.router
2026-04-21 11:42:58,834 - main - INFO - Included router: routers.food_categories.router
2026-04-21 11:42:58,892 - main - INFO - Included router: routers.food_item_modifiers.router
2026-04-21 11:42:58,942 - main - INFO - Included router: routers.food_items.router
2026-04-21 11:42:58,983 - main - INFO - Included router: routers.food_modifiers.router
2026-04-21 11:42:59,201 - main - INFO - Included router: routers.food_orders.router
2026-04-21 11:42:59,253 - main - INFO - Included router: routers.food_settings.router
2026-04-21 11:42:59,295 - main - INFO - Included router: routers.frontpad.router
2026-04-21 11:42:59,346 - main - INFO - Included router: routers.frontpad_settings.router
2026-04-21 11:42:59,400 - main - INFO - Included router: routers.frontpad_sync_log.router
2026-04-21 11:42:59,405 - main - INFO - Included router: routers.health.router
2026-04-21 11:42:59,447 - main - INFO - Included router: routers.health_check.router
2026-04-21 11:42:59,500 - main - INFO - Included router: routers.history_events.router
2026-04-21 11:42:59,551 - main - INFO - Included router: routers.homepage_stats.router
2026-04-21 11:42:59,620 - main - INFO - Included router: routers.inspectors.router
2026-04-21 11:42:59,675 - main - INFO - Included router: routers.item_modifier_groups.router
2026-04-21 11:42:59,752 - main - INFO - Included router: routers.jobs.router
2026-04-21 11:42:59,817 - main - INFO - Included router: routers.master_requests.router
2026-04-21 11:43:00,119 - main - INFO - Included router: routers.masters.router
2026-04-21 11:43:00,327 - main - INFO - Included router: routers.modifier_groups.router
2026-04-21 11:43:00,377 - main - INFO - Included router: routers.modifier_options.router
2026-04-21 11:43:00,436 - main - INFO - Included router: routers.news.router
2026-04-21 11:43:00,488 - main - INFO - Included router: routers.park_orders.router
2026-04-21 11:43:00,540 - main - INFO - Included router: routers.park_points.router
2026-04-21 11:43:00,584 - main - INFO - Included router: routers.question_answers.router
2026-04-21 11:43:00,627 - main - INFO - Included router: routers.questions.router
2026-04-21 11:43:00,707 - main - INFO - Included router: routers.real_estate.router
2026-04-21 11:43:00,735 - main - INFO - Included router: routers.settings.router
2026-04-21 11:43:00,769 - main - INFO - Included router: routers.storage.router
2026-04-21 11:43:00,793 - main - INFO - Included router: routers.telegram.router
2026-04-21 11:43:00,803 - main - INFO - Included router: routers.user.router
2026-04-21 11:43:00,853 - main - INFO - Included router: routers.user_preferences.router
2026-04-21 11:43:00,857 - main - INFO - Included router: routers.weather.router
2026-04-21 11:43:00,859 - main - INFO - === Application startup initiated ===
2026-04-21 11:43:00,860 - services.database - INFO - Ignore creating tables
2026-04-21 11:43:00,860 - services.mock_data - INFO - Ignore initialize data
2026-04-21 11:43:00,860 - services.auth - INFO - Ignore initialize admin
2026-04-21 11:43:00,860 - core.database - WARNING - Database not initialized, attempting lazy initialization...
2026-04-21 11:43:00,860 - core.database - INFO - Starting database initialization...
2026-04-21 11:43:00,860 - core.config - DEBUG - Read dynamic attribute database_url from environment variable DATABASE_URL
2026-04-21 11:43:00,860 - core.database - INFO - Database init attempt 1/5...
2026-04-21 11:43:00,862 - core.database - INFO - Normalized database URL (masked): postgresql+asyncpg://neondb_owner:***@ep-cool-wave-ad8598va.c-2.us-east-1.aws.neon.tech/neondb?ssl=require
2026-04-21 11:43:00,862 - core.database - INFO - Using QueuePool with connection pooling
2026-04-21 11:43:02,207 - core.database - INFO - Database connection initialized successfully
2026-04-21 11:43:02,207 - core.database - DEBUG - [DB_OP] Starting create_tables
2026-04-21 11:43:02,207 - core.database - INFO - 🔧 Table creation attempt 1/3...
2026-04-21 11:43:02,208 - core.database - INFO - 🔧 Starting table structure repair...
2026-04-21 11:43:02,769 - core.database - INFO - 🔧 Repairing 40 existing tables...
2026-04-21 11:43:02,770 - core.database - DEBUG - Checking table structure for: users
2026-04-21 11:43:02,770 - core.database - DEBUG - Checking table structure for: oidc_states
2026-04-21 11:43:02,775 - core.database - DEBUG - Checking table structure for: admin_credentials
2026-04-21 11:43:02,777 - core.database - DEBUG - Checking table structure for: admin_login_attempts
2026-04-21 11:43:02,778 - core.database - DEBUG - Checking table structure for: admin_login_lockouts
2026-04-21 11:43:02,779 - core.database - DEBUG - Checking table structure for: announcements
2026-04-21 11:43:02,782 - core.database - DEBUG - Checking table structure for: banners
2026-04-21 11:43:02,783 - core.database - DEBUG - Checking table structure for: become_master_requests
2026-04-21 11:43:02,784 - core.database - DEBUG - Checking table structure for: bus_notifications
2026-04-21 11:43:02,785 - core.database - DEBUG - Checking table structure for: bus_routes
2026-04-21 11:43:03,449 - core.database - DEBUG - Table users structure is up to date
2026-04-21 11:43:03,450 - core.database - INFO - Table users repaired in 0.68s
2026-04-21 11:43:03,450 - core.database - DEBUG - Checking table structure for: bus_stops
2026-04-21 11:43:03,652 - core.database - DEBUG - Table become_master_requests structure is up to date
2026-04-21 11:43:03,653 - core.database - INFO - Table become_master_requests repaired in 0.87s
2026-04-21 11:43:03,653 - core.database - DEBUG - Checking table structure for: categories
2026-04-21 11:43:03,728 - core.database - DEBUG - Table announcements structure is up to date
2026-04-21 11:43:03,728 - core.database - INFO - Table announcements repaired in 0.95s
2026-04-21 11:43:03,729 - core.database - DEBUG - Checking table structure for: complaints
2026-04-21 11:43:03,738 - core.database - DEBUG - Table bus_routes structure is up to date
2026-04-21 11:43:03,739 - core.database - INFO - Table bus_routes repaired in 0.95s
2026-04-21 11:43:03,739 - core.database - DEBUG - Checking table structure for: couriers
2026-04-21 11:43:03,740 - core.database - DEBUG - Table banners structure is up to date
2026-04-21 11:43:03,741 - core.database - INFO - Table banners repaired in 0.96s
2026-04-21 11:43:03,741 - core.database - DEBUG - Checking table structure for: directory_entries
2026-04-21 11:43:03,757 - core.database - DEBUG - Table admin_login_attempts structure is up to date
2026-04-21 11:43:03,757 - core.database - INFO - Table admin_login_attempts repaired in 0.98s
2026-04-21 11:43:03,758 - core.database - DEBUG - Checking table structure for: food_categories
2026-04-21 11:43:03,759 - core.database - DEBUG - Table admin_credentials structure is up to date
2026-04-21 11:43:03,759 - core.database - INFO - Table admin_credentials repaired in 0.98s
2026-04-21 11:43:03,760 - core.database - DEBUG - Checking table structure for: food_item_modifiers
2026-04-21 11:43:03,761 - core.database - DEBUG - Table admin_login_lockouts structure is up to date
2026-04-21 11:43:03,761 - core.database - INFO - Table admin_login_lockouts repaired in 0.98s
2026-04-21 11:43:03,761 - core.database - DEBUG - Table oidc_states structure is up to date
2026-04-21 11:43:03,761 - core.database - INFO - Table oidc_states repaired in 0.99s
2026-04-21 11:43:03,762 - core.database - DEBUG - Checking table structure for: food_items
2026-04-21 11:43:03,762 - core.database - DEBUG - Checking table structure for: food_modifiers
2026-04-21 11:43:03,762 - core.database - DEBUG - Table bus_notifications structure is up to date
2026-04-21 11:43:03,763 - core.database - INFO - Table bus_notifications repaired in 0.98s
2026-04-21 11:43:03,763 - core.database - DEBUG - Checking table structure for: food_orders
2026-04-21 11:43:03,827 - core.database - DEBUG - Table bus_stops structure is up to date
2026-04-21 11:43:03,828 - core.database - INFO - Table bus_stops repaired in 1.04s
2026-04-21 11:43:03,828 - core.database - DEBUG - Checking table structure for: food_settings
2026-04-21 11:43:04,093 - core.database - DEBUG - Table categories structure is up to date
2026-04-21 11:43:04,093 - core.database - INFO - Table categories repaired in 1.31s
2026-04-21 11:43:04,093 - core.database - DEBUG - Checking table structure for: frontpad_settings
2026-04-21 11:43:04,168 - core.database - DEBUG - Table complaints structure is up to date
2026-04-21 11:43:04,169 - core.database - INFO - Table complaints repaired in 1.38s
2026-04-21 11:43:04,169 - core.database - DEBUG - Checking table structure for: frontpad_sync_log
2026-04-21 11:43:04,180 - core.database - DEBUG - Table couriers structure is up to date
2026-04-21 11:43:04,180 - core.database - INFO - Table couriers repaired in 1.39s
2026-04-21 11:43:04,180 - core.database - DEBUG - Checking table structure for: health_check
2026-04-21 11:43:04,182 - core.database - DEBUG - Table directory_entries structure is up to date
2026-04-21 11:43:04,183 - core.database - INFO - Table directory_entries repaired in 1.39s
2026-04-21 11:43:04,183 - core.database - DEBUG - Checking table structure for: history_events
2026-04-21 11:43:04,204 - core.database - DEBUG - Table food_categories structure is up to date
2026-04-21 11:43:04,205 - core.database - INFO - Table food_categories repaired in 1.42s
2026-04-21 11:43:04,205 - core.database - DEBUG - Checking table structure for: homepage_stats
2026-04-21 11:43:04,207 - core.database - DEBUG - Table food_settings structure is up to date
2026-04-21 11:43:04,207 - core.database - INFO - Table food_settings repaired in 1.42s
2026-04-21 11:43:04,207 - core.database - DEBUG - Checking table structure for: inspectors
2026-04-21 11:43:04,212 - core.database - DEBUG - Table food_items structure is up to date
2026-04-21 11:43:04,212 - core.database - INFO - Table food_items repaired in 1.42s
2026-04-21 11:43:04,212 - core.database - DEBUG - Checking table structure for: item_modifier_groups
2026-04-21 11:43:04,213 - core.database - DEBUG - Table food_item_modifiers structure is up to date
2026-04-21 11:43:04,213 - core.database - INFO - Table food_item_modifiers repaired in 1.43s
2026-04-21 11:43:04,214 - core.database - DEBUG - Checking table structure for: jobs
2026-04-21 11:43:04,214 - core.database - DEBUG - Table food_modifiers structure is up to date
2026-04-21 11:43:04,214 - core.database - INFO - Table food_modifiers repaired in 1.43s
2026-04-21 11:43:04,214 - core.database - DEBUG - Checking table structure for: master_requests
2026-04-21 11:43:04,217 - core.database - DEBUG - Table food_orders structure is up to date
2026-04-21 11:43:04,217 - core.database - INFO - Table food_orders repaired in 1.43s
2026-04-21 11:43:04,217 - core.database - DEBUG - Checking table structure for: masters
2026-04-21 11:43:04,468 - core.database - DEBUG - Table frontpad_settings structure is up to date
2026-04-21 11:43:04,468 - core.database - INFO - Table frontpad_settings repaired in 1.68s
2026-04-21 11:43:04,468 - core.database - DEBUG - Checking table structure for: modifier_groups
2026-04-21 11:43:04,544 - core.database - DEBUG - Table frontpad_sync_log structure is up to date
2026-04-21 11:43:04,545 - core.database - INFO - Table frontpad_sync_log repaired in 1.76s
2026-04-21 11:43:04,545 - core.database - DEBUG - Checking table structure for: modifier_options
2026-04-21 11:43:04,559 - core.database - DEBUG - Table health_check structure is up to date
2026-04-21 11:43:04,559 - core.database - INFO - Table health_check repaired in 1.77s
2026-04-21 11:43:04,560 - core.database - DEBUG - Checking table structure for: news
2026-04-21 11:43:04,583 - core.database - DEBUG - Table inspectors structure is up to date
2026-04-21 11:43:04,584 - core.database - INFO - Table inspectors repaired in 1.80s
2026-04-21 11:43:04,584 - core.database - DEBUG - Checking table structure for: park_orders
2026-04-21 11:43:04,584 - core.database - DEBUG - Table homepage_stats structure is up to date
2026-04-21 11:43:04,584 - core.database - INFO - Table homepage_stats repaired in 1.80s
2026-04-21 11:43:04,584 - core.database - DEBUG - Checking table structure for: park_points
2026-04-21 11:43:04,594 - core.database - DEBUG - Table item_modifier_groups structure is up to date
2026-04-21 11:43:04,594 - core.database - INFO - Table item_modifier_groups repaired in 1.81s
2026-04-21 11:43:04,594 - core.database - DEBUG - Checking table structure for: question_answers
2026-04-21 11:43:04,598 - core.database - DEBUG - Table jobs structure is up to date
2026-04-21 11:43:04,599 - core.database - INFO - Table jobs repaired in 1.81s
2026-04-21 11:43:04,599 - core.database - DEBUG - Checking table structure for: questions
2026-04-21 11:43:04,601 - core.database - DEBUG - Table master_requests structure is up to date
2026-04-21 11:43:04,602 - core.database - INFO - Table master_requests repaired in 1.81s
2026-04-21 11:43:04,602 - core.database - DEBUG - Checking table structure for: real_estate
2026-04-21 11:43:04,621 - core.database - DEBUG - Table history_events structure is up to date
2026-04-21 11:43:04,622 - core.database - INFO - Table history_events repaired in 1.83s
2026-04-21 11:43:04,622 - core.database - DEBUG - Checking table structure for: user_preferences
2026-04-21 11:43:04,666 - core.database - DEBUG - Table masters structure is up to date
2026-04-21 11:43:04,666 - core.database - INFO - Table masters repaired in 1.88s
2026-04-21 11:43:04,848 - core.database - DEBUG - Table modifier_groups structure is up to date
2026-04-21 11:43:04,849 - core.database - INFO - Table modifier_groups repaired in 2.06s
2026-04-21 11:43:04,922 - core.database - DEBUG - Table modifier_options structure is up to date
2026-04-21 11:43:04,922 - core.database - INFO - Table modifier_options repaired in 2.13s
2026-04-21 11:43:04,938 - core.database - DEBUG - Table news structure is up to date
2026-04-21 11:43:04,939 - core.database - INFO - Table news repaired in 2.15s
2026-04-21 11:43:04,960 - core.database - DEBUG - Table park_orders structure is up to date
2026-04-21 11:43:04,960 - core.database - INFO - Table park_orders repaired in 2.17s
2026-04-21 11:43:05,045 - core.database - DEBUG - Table question_answers structure is up to date
2026-04-21 11:43:05,045 - core.database - INFO - Table question_answers repaired in 2.26s
2026-04-21 11:43:05,048 - core.database - DEBUG - Table questions structure is up to date
2026-04-21 11:43:05,048 - core.database - INFO - Table questions repaired in 2.26s
2026-04-21 11:43:05,064 - core.database - DEBUG - Table user_preferences structure is up to date
2026-04-21 11:43:05,065 - core.database - INFO - Table user_preferences repaired in 2.28s
2026-04-21 11:43:05,091 - core.database - DEBUG - Table park_points structure is up to date
2026-04-21 11:43:05,092 - core.database - INFO - Table park_points repaired in 2.30s
2026-04-21 11:43:05,112 - core.database - DEBUG - Table real_estate structure is up to date
2026-04-21 11:43:05,112 - core.database - INFO - Table real_estate repaired in 2.32s
2026-04-21 11:43:05,113 - core.database - INFO - 🔧 Table structure repair completed in 2.9051s
2026-04-21 11:43:05,113 - core.database - INFO - 🔧 Table structure repair completed
2026-04-21 11:43:05,113 - core.database - INFO - 🔧 Starting table creation...
2026-04-21 11:43:07,995 - core.database - INFO - Tables initialized successfully
2026-04-21 11:43:07,995 - core.database - DEBUG - [DB_OP] Create tables completed in 5.7881s
2026-04-21 11:43:08,059 - core.database - INFO - Lazy database initialization completed successfully
2026-04-21 11:43:09,140 - routers.admin_auth - INFO - [Admin Auth] Pre-computed 4 alternative password hashes for 'admin' account
2026-04-21 11:43:10,008 - routers.admin_auth - INFO - [Admin Auth] Admin credentials reset (username: admin, password: Admin123@)
2026-04-21 11:43:10,511 - core.config - DEBUG - Read dynamic attribute oss_service_url from environment variable OSS_SERVICE_URL
2026-04-21 11:43:10,512 - core.config - DEBUG - Read dynamic attribute oss_api_key from environment variable OSS_API_KEY
2026-04-21 11:43:10,624 - httpcore.connection - DEBUG - connect_tcp.started host='atoms.dev' port=443 local_address=None timeout=120.0 socket_options=None
2026-04-21 11:43:10,658 - httpcore.connection - DEBUG - connect_tcp.complete return_value=<httpcore._backends.anyio.AnyIOStream object at 0x7ffacee7d030>
2026-04-21 11:43:10,659 - httpcore.connection - DEBUG - start_tls.started ssl_context=<ssl.SSLContext object at 0x7ffaceeebb40> server_hostname='atoms.dev' timeout=120.0
2026-04-21 11:43:10,669 - httpcore.connection - DEBUG - start_tls.complete return_value=<httpcore._backends.anyio.AnyIOStream object at 0x7ffacee7c070>
2026-04-21 11:43:10,670 - httpcore.http11 - DEBUG - send_request_headers.started request=<Request [b'GET']>
2026-04-21 11:43:10,671 - httpcore.http11 - DEBUG - send_request_headers.complete
2026-04-21 11:43:10,672 - httpcore.http11 - DEBUG - send_request_body.started request=<Request [b'GET']>
2026-04-21 11:43:10,673 - httpcore.http11 - DEBUG - send_request_body.complete
2026-04-21 11:43:10,673 - httpcore.http11 - DEBUG - receive_response_headers.started request=<Request [b'GET']>
2026-04-21 11:43:10,703 - httpcore.http11 - DEBUG - receive_response_headers.complete return_value=(b'HTTP/1.1', 200, b'OK', [(b'Date', b'Tue, 21 Apr 2026 18:43:10 GMT'), (b'Content-Type', b'application/json; charset=utf-8'), (b'Transfer-Encoding', b'chunked'), (b'Connection', b'keep-alive'), (b'Access-Control-Allow-Headers', b'Origin, Content-Type, Accept, Authorization'), (b'Access-Control-Allow-Methods', b'GET, POST, PUT, DELETE, OPTIONS'), (b'Access-Control-Allow-Origin', b'*'), (b'Access-Control-Max-Age', b'86400'), (b'X-Request-Id', b'a6cf3f43c6ce9110db2c5cf59094aa8e'), (b'X-Trace-Id', b'c30388ca89a54b868617b299edf8cb74'), (b'Content-Security-Policy', b"frame-ancestors 'self' https://atoms.dev"), (b'Strict-Transport-Security', b'max-age=63072000; includeSubDomains; preload'), (b'X-Content-Type-Options', b'nosniff'), (b'X-XSS-Protection', b'1; mode=block'), (b'Referrer-Policy', b'strict-origin-when-cross-origin'), (b'cf-cache-status', b'DYNAMIC'), (b'Content-Encoding', b'gzip'), (b'Server', b'cloudflare'), (b'CF-RAY', b'9efe8867b940dcfa-LAX')])
2026-04-21 11:43:10,705 - httpx - INFO - HTTP Request: GET https://atoms.dev/api/v1/infra/client/oss/buckets "HTTP/1.1 200 OK"
2026-04-21 11:43:10,706 - httpcore.http11 - DEBUG - receive_response_body.started request=<Request [b'GET']>
2026-04-21 11:43:10,707 - httpcore.http11 - DEBUG - receive_response_body.complete
2026-04-21 11:43:10,707 - httpcore.http11 - DEBUG - response_closed.started
2026-04-21 11:43:10,707 - httpcore.http11 - DEBUG - response_closed.complete
2026-04-21 11:43:10,708 - httpcore.connection - DEBUG - close.started
2026-04-21 11:43:10,709 - httpcore.connection - DEBUG - close.complete
2026-04-21 11:43:10,710 - services.bucket_init - INFO - Bucket 'portal-images' already exists
2026-04-21 11:43:10,710 - main - INFO - === Application startup completed ===
