2026-03-15 09:52:14,320 - main - INFO - === Logging system initialized ===
2026-03-15 09:52:14,320 - main - INFO - Log file: logs/app_20260315_095214.log
2026-03-15 09:52:14,320 - main - INFO - Log level: INFO
2026-03-15 09:52:14,320 - main - INFO - Timestamp: 20260315_095214
2026-03-15 09:52:14,985 - main - INFO - Included router: routers.aihub.router
2026-03-15 09:52:15,044 - main - INFO - Included router: routers.announcements.router
2026-03-15 09:52:15,062 - main - INFO - Included router: routers.auth.router
2026-03-15 09:52:15,173 - main - INFO - Included router: routers.banners.router
2026-03-15 09:52:15,219 - main - INFO - Included router: routers.become_master_requests.router
2026-03-15 09:52:15,273 - main - INFO - Included router: routers.complaints.router
2026-03-15 09:52:15,317 - main - INFO - Included router: routers.directory_entries.router
2026-03-15 09:52:15,319 - main - INFO - Included router: routers.health.router
2026-03-15 09:52:15,361 - main - INFO - Included router: routers.jobs.router
2026-03-15 09:52:15,400 - main - INFO - Included router: routers.master_requests.router
2026-03-15 09:52:15,452 - main - INFO - Included router: routers.masters.router
2026-03-15 09:52:15,500 - main - INFO - Included router: routers.news.router
2026-03-15 09:52:15,542 - main - INFO - Included router: routers.question_answers.router
2026-03-15 09:52:15,584 - main - INFO - Included router: routers.questions.router
2026-03-15 09:52:15,607 - main - INFO - Included router: routers.settings.router
2026-03-15 09:52:15,645 - main - INFO - Included router: routers.storage.router
2026-03-15 09:52:15,677 - main - INFO - Included router: routers.telegram.router
2026-03-15 09:52:15,686 - main - INFO - Included router: routers.user.router
2026-03-15 09:52:15,687 - main - INFO - === Application startup initiated ===
2026-03-15 09:52:15,687 - services.database - DEBUG - [DB_OP] Starting database initialization
2026-03-15 09:52:15,687 - services.database - INFO - 🔧 Starting database initialization...
2026-03-15 09:52:15,688 - core.database - INFO - Starting database initialization...
2026-03-15 09:52:15,688 - core.config - DEBUG - Read dynamic attribute database_url from environment variable DATABASE_URL
2026-03-15 09:52:15,688 - core.database - INFO - Normalizing database URL for async compatibility...
2026-03-15 09:52:15,689 - core.database - INFO - Creating async database engine...
2026-03-15 09:52:15,689 - core.database - INFO - Using QueuePool with connection pooling for non-Lambda environment
2026-03-15 09:52:15,842 - core.database - INFO - Database engine created successfully
2026-03-15 09:52:15,842 - core.database - INFO - Creating async session maker...
2026-03-15 09:52:15,843 - core.database - INFO - Async session maker created successfully
2026-03-15 09:52:15,843 - core.database - INFO - Database connection initialized successfully
2026-03-15 09:52:15,843 - services.database - INFO - 🔧 Database connection initialized, now creating tables if tables not exist...
2026-03-15 09:52:15,843 - core.database - DEBUG - [DB_OP] Starting create_tables
2026-03-15 09:52:15,843 - core.database - INFO - 🔧 Starting table creation...
2026-03-15 09:52:17,762 - core.database - INFO - Tables initialized successfully
2026-03-15 09:52:17,762 - core.database - DEBUG - [DB_OP] Create tables completed in 1.9193s
2026-03-15 09:52:17,822 - services.database - INFO - 🔧 Table creation completed
2026-03-15 09:52:17,823 - services.database - INFO - Database initialized successfully
2026-03-15 09:52:17,823 - services.database - DEBUG - [DB_OP] Database initialization completed in 2.1354s
2026-03-15 09:52:17,824 - services.mock_data - INFO - Processing mock data file announcements.json for table announcements
2026-03-15 09:52:17,825 - services.mock_data - INFO - Processing mock data file banners.json for table banners
2026-03-15 09:52:17,826 - services.mock_data - INFO - Processing mock data file complaints.json for table complaints
2026-03-15 09:52:17,828 - services.mock_data - INFO - Processing mock data file directory_entries.json for table directory_entries
2026-03-15 09:52:17,830 - services.mock_data - INFO - Processing mock data file jobs.json for table jobs
2026-03-15 09:52:19,915 - services.mock_data - INFO - Table complaints already has 6 rows; skipping mock insert
2026-03-15 09:52:19,918 - services.mock_data - INFO - Table announcements already has 7 rows; skipping mock insert
2026-03-15 09:52:19,939 - services.mock_data - INFO - Table directory_entries already has 10 rows; skipping mock insert
2026-03-15 09:52:19,940 - services.mock_data - INFO - Table jobs already has 5 rows; skipping mock insert
2026-03-15 09:52:19,950 - services.mock_data - INFO - Table banners already has 2 rows; skipping mock insert
2026-03-15 09:52:19,974 - services.mock_data - INFO - Processing mock data file master_requests.json for table master_requests
2026-03-15 09:52:19,978 - services.mock_data - INFO - Processing mock data file masters.json for table masters
2026-03-15 09:52:19,998 - services.mock_data - INFO - Processing mock data file news.json for table news
2026-03-15 09:52:19,999 - services.mock_data - INFO - Processing mock data file question_answers.json for table question_answers
2026-03-15 09:52:20,009 - services.mock_data - INFO - Processing mock data file questions.json for table questions
2026-03-15 09:52:20,943 - services.mock_data - INFO - Table masters already has 8 rows; skipping mock insert
2026-03-15 09:52:20,977 - services.mock_data - INFO - Table master_requests already has 6 rows; skipping mock insert
2026-03-15 09:52:20,989 - services.mock_data - INFO - Table news already has 5 rows; skipping mock insert
2026-03-15 09:52:20,994 - services.mock_data - INFO - Table question_answers already has 10 rows; skipping mock insert
2026-03-15 09:52:21,011 - services.mock_data - INFO - Table questions already has 7 rows; skipping mock insert
2026-03-15 09:52:21,070 - services.database - DEBUG - [DB_OP] Starting database initialization
2026-03-15 09:52:21,070 - services.database - INFO - 🔧 Starting database initialization...
2026-03-15 09:52:21,070 - core.database - INFO - Starting database initialization...
2026-03-15 09:52:21,070 - core.database - INFO - Database already initialized
2026-03-15 09:52:21,070 - services.database - INFO - 🔧 Database connection initialized, now creating tables if tables not exist...
2026-03-15 09:52:21,070 - core.database - DEBUG - [DB_OP] Starting create_tables
2026-03-15 09:52:21,070 - core.database - INFO - Tables already initialized
2026-03-15 09:52:21,070 - services.database - INFO - 🔧 Table creation completed
2026-03-15 09:52:21,071 - services.database - INFO - Database initialized successfully
2026-03-15 09:52:21,071 - services.database - DEBUG - [DB_OP] Database initialization completed in 0.0012s
2026-03-15 09:52:21,071 - core.config - DEBUG - Read dynamic attribute admin_user_id from environment variable ADMIN_USER_ID
2026-03-15 09:52:21,071 - core.config - DEBUG - Read dynamic attribute admin_user_email from environment variable ADMIN_USER_EMAIL
2026-03-15 09:52:21,443 - services.auth - DEBUG - Admin user 1029346 already exists
2026-03-15 09:52:21,503 - main - INFO - === Application startup completed successfully ===
2026-03-15 09:52:21,515 - core.database - DEBUG - [DB_OP] Starting get_db session creation
2026-03-15 09:52:21,516 - core.database - DEBUG - [DB_OP] Database session created successfully in 0.0003s
2026-03-15 09:52:21,516 - routers.jobs - DEBUG - Querying jobss: query={"active":true}, sort=-created_at, skip=0, limit=50, fields=None
2026-03-15 09:52:21,520 - core.database - DEBUG - [DB_OP] Starting get_db session creation
2026-03-15 09:52:21,520 - core.database - DEBUG - [DB_OP] Database session created successfully in 0.0003s
2026-03-15 09:52:21,520 - routers.news - DEBUG - Querying newss: query={"published":true}, sort=-created_at, skip=0, limit=4, fields=None
2026-03-15 09:52:21,523 - core.database - DEBUG - [DB_OP] Starting get_db session creation
2026-03-15 09:52:21,523 - core.database - DEBUG - [DB_OP] Database session created successfully in 0.0001s
2026-03-15 09:52:21,523 - routers.master_requests - DEBUG - Querying master_requestss: query=None, sort=-created_at, skip=0, limit=5, fields=None
2026-03-15 09:52:21,526 - core.database - DEBUG - [DB_OP] Starting get_db session creation
2026-03-15 09:52:21,526 - core.database - DEBUG - [DB_OP] Database session created successfully in 0.0001s
2026-03-15 09:52:21,526 - routers.complaints - DEBUG - Querying complaintss: query=None, sort=-created_at, skip=0, limit=4, fields=None
2026-03-15 09:52:21,528 - core.database - DEBUG - [DB_OP] Starting get_db session creation
2026-03-15 09:52:21,528 - core.database - DEBUG - [DB_OP] Database session created successfully in 0.0001s
2026-03-15 09:52:21,528 - routers.announcements - DEBUG - Querying announcementss: query={"active":true,"status":"approved"}, sort=-created_at, skip=0, limit=4, fields=None
2026-03-15 09:52:21,529 - core.database - DEBUG - [DB_OP] Starting get_db session creation
2026-03-15 09:52:21,529 - core.database - DEBUG - [DB_OP] Database session created successfully in 0.0002s
2026-03-15 09:52:21,530 - routers.jobs - DEBUG - Querying jobss: query={"active":true}, sort=-created_at, skip=0, limit=4, fields=None
2026-03-15 09:52:21,533 - core.database - DEBUG - [DB_OP] Starting get_db session creation
2026-03-15 09:52:21,533 - core.database - DEBUG - [DB_OP] Database session created successfully in 0.0002s
2026-03-15 09:52:21,533 - routers.questions - DEBUG - Querying questionss: query=None, sort=-created_at, skip=0, limit=4, fields=None
2026-03-15 09:52:21,536 - core.database - DEBUG - [DB_OP] Starting get_db session creation
2026-03-15 09:52:21,537 - core.database - DEBUG - [DB_OP] Database session created successfully in 0.0002s
2026-03-15 09:52:21,537 - routers.banners - DEBUG - Querying bannerss: query={"active":true}, sort=None, skip=0, limit=2, fields=None
2026-03-15 09:52:21,540 - core.database - DEBUG - [DB_OP] Starting get_db session creation
2026-03-15 09:52:21,540 - core.database - DEBUG - [DB_OP] Database session created successfully in 0.0002s
2026-03-15 09:52:21,540 - routers.directory_entries - DEBUG - Querying directory_entriess: query=None, sort=None, skip=0, limit=8, fields=None
2026-03-15 09:52:22,081 - routers.master_requests - DEBUG - Found 6 master_requestss
2026-03-15 09:52:22,082 - core.database - DEBUG - [DB_OP] Database session cleanup after 0.5591s
2026-03-15 09:52:22,083 - services.news - ERROR - Error fetching news list: (sqlalchemy.dialects.postgresql.asyncpg.ProgrammingError) <class 'asyncpg.exceptions.UndefinedColumnError'>: column news.news_title does not exist
[SQL: SELECT news.id, news.news_title, news.content, news.short_description, news.category, news.image_url, news.gallery_images, news.youtube_url, news.published, news.status, news.created_at 
FROM news 
WHERE news.published = true ORDER BY news.created_at DESC 
 LIMIT $1::INTEGER OFFSET $2::INTEGER]
[parameters: (4, 0)]
(Background on this error at: https://sqlalche.me/e/20/f405)
2026-03-15 09:52:22,083 - routers.news - ERROR - Error querying newss: (sqlalchemy.dialects.postgresql.asyncpg.ProgrammingError) <class 'asyncpg.exceptions.UndefinedColumnError'>: column news.news_title does not exist
[SQL: SELECT news.id, news.news_title, news.content, news.short_description, news.category, news.image_url, news.gallery_images, news.youtube_url, news.published, news.status, news.created_at 
FROM news 
WHERE news.published = true ORDER BY news.created_at DESC 
 LIMIT $1::INTEGER OFFSET $2::INTEGER]
[parameters: (4, 0)]
(Background on this error at: https://sqlalche.me/e/20/f405)
Traceback (most recent call last):
  File "/data/.cache/python/lib/python3.10/site-packages/sqlalchemy/dialects/postgresql/asyncpg.py", line 526, in _prepare_and_execute
    prepared_stmt, attributes = await adapt_connection._prepare(
  File "/data/.cache/python/lib/python3.10/site-packages/sqlalchemy/dialects/postgresql/asyncpg.py", line 773, in _prepare
    prepared_stmt = await self._connection.prepare(
  File "/data/.cache/python/lib/python3.10/site-packages/asyncpg/connection.py", line 638, in prepare
    return await self._prepare(
  File "/data/.cache/python/lib/python3.10/site-packages/asyncpg/connection.py", line 657, in _prepare
    stmt = await self._get_statement(
  File "/data/.cache/python/lib/python3.10/site-packages/asyncpg/connection.py", line 443, in _get_statement
    statement = await self._protocol.prepare(
  File "asyncpg/protocol/protocol.pyx", line 165, in prepare
asyncpg.exceptions.UndefinedColumnError: column news.news_title does not exist

The above exception was the direct cause of the following exception:

Traceback (most recent call last):
  File "/data/.cache/python/lib/python3.10/site-packages/sqlalchemy/engine/base.py", line 1967, in _exec_single_context
    self.dialect.do_execute(
  File "/data/.cache/python/lib/python3.10/site-packages/sqlalchemy/engine/default.py", line 952, in do_execute
    cursor.execute(statement, parameters)
  File "/data/.cache/python/lib/python3.10/site-packages/sqlalchemy/dialects/postgresql/asyncpg.py", line 585, in execute
    self._adapt_connection.await_(
  File "/data/.cache/python/lib/python3.10/site-packages/sqlalchemy/util/_concurrency_py3k.py", line 132, in await_only
    return current.parent.switch(awaitable)  # type: ignore[no-any-return,attr-defined] # noqa: E501
  File "/data/.cache/python/lib/python3.10/site-packages/sqlalchemy/util/_concurrency_py3k.py", line 196, in greenlet_spawn
    value = await result
  File "/data/.cache/python/lib/python3.10/site-packages/sqlalchemy/dialects/postgresql/asyncpg.py", line 563, in _prepare_and_execute
    self._handle_exception(error)
  File "/data/.cache/python/lib/python3.10/site-packages/sqlalchemy/dialects/postgresql/asyncpg.py", line 513, in _handle_exception
    self._adapt_connection._handle_exception(error)
  File "/data/.cache/python/lib/python3.10/site-packages/sqlalchemy/dialects/postgresql/asyncpg.py", line 797, in _handle_exception
    raise translated_error from error
sqlalchemy.dialects.postgresql.asyncpg.AsyncAdapt_asyncpg_dbapi.ProgrammingError: <class 'asyncpg.exceptions.UndefinedColumnError'>: column news.news_title does not exist

The above exception was the direct cause of the following exception:

Traceback (most recent call last):
  File "/workspace/app/backend/routers/news.py", line 119, in query_newss
    result = await service.get_list(
  File "/workspace/app/backend/services/news.py", line 75, in get_list
    result = await self.db.execute(query.offset(skip).limit(limit))
  File "/data/.cache/python/lib/python3.10/site-packages/sqlalchemy/ext/asyncio/session.py", line 449, in execute
    result = await greenlet_spawn(
  File "/data/.cache/python/lib/python3.10/site-packages/sqlalchemy/util/_concurrency_py3k.py", line 201, in greenlet_spawn
    result = context.throw(*sys.exc_info())
  File "/data/.cache/python/lib/python3.10/site-packages/sqlalchemy/orm/session.py", line 2351, in execute
    return self._execute_internal(
  File "/data/.cache/python/lib/python3.10/site-packages/sqlalchemy/orm/session.py", line 2249, in _execute_internal
    result: Result[Any] = compile_state_cls.orm_execute_statement(
  File "/data/.cache/python/lib/python3.10/site-packages/sqlalchemy/orm/context.py", line 306, in orm_execute_statement
    result = conn.execute(
  File "/data/.cache/python/lib/python3.10/site-packages/sqlalchemy/engine/base.py", line 1419, in execute
    return meth(
  File "/data/.cache/python/lib/python3.10/site-packages/sqlalchemy/sql/elements.py", line 527, in _execute_on_connection
    return connection._execute_clauseelement(
  File "/data/.cache/python/lib/python3.10/site-packages/sqlalchemy/engine/base.py", line 1641, in _execute_clauseelement
    ret = self._execute_context(
  File "/data/.cache/python/lib/python3.10/site-packages/sqlalchemy/engine/base.py", line 1846, in _execute_context
    return self._exec_single_context(
  File "/data/.cache/python/lib/python3.10/site-packages/sqlalchemy/engine/base.py", line 1986, in _exec_single_context
    self._handle_dbapi_exception(
  File "/data/.cache/python/lib/python3.10/site-packages/sqlalchemy/engine/base.py", line 2363, in _handle_dbapi_exception
    raise sqlalchemy_exception.with_traceback(exc_info[2]) from e
  File "/data/.cache/python/lib/python3.10/site-packages/sqlalchemy/engine/base.py", line 1967, in _exec_single_context
    self.dialect.do_execute(
  File "/data/.cache/python/lib/python3.10/site-packages/sqlalchemy/engine/default.py", line 952, in do_execute
    cursor.execute(statement, parameters)
  File "/data/.cache/python/lib/python3.10/site-packages/sqlalchemy/dialects/postgresql/asyncpg.py", line 585, in execute
    self._adapt_connection.await_(
  File "/data/.cache/python/lib/python3.10/site-packages/sqlalchemy/util/_concurrency_py3k.py", line 132, in await_only
    return current.parent.switch(awaitable)  # type: ignore[no-any-return,attr-defined] # noqa: E501
  File "/data/.cache/python/lib/python3.10/site-packages/sqlalchemy/util/_concurrency_py3k.py", line 196, in greenlet_spawn
    value = await result
  File "/data/.cache/python/lib/python3.10/site-packages/sqlalchemy/dialects/postgresql/asyncpg.py", line 563, in _prepare_and_execute
    self._handle_exception(error)
  File "/data/.cache/python/lib/python3.10/site-packages/sqlalchemy/dialects/postgresql/asyncpg.py", line 513, in _handle_exception
    self._adapt_connection._handle_exception(error)
  File "/data/.cache/python/lib/python3.10/site-packages/sqlalchemy/dialects/postgresql/asyncpg.py", line 797, in _handle_exception
    raise translated_error from error
sqlalchemy.exc.ProgrammingError: (sqlalchemy.dialects.postgresql.asyncpg.ProgrammingError) <class 'asyncpg.exceptions.UndefinedColumnError'>: column news.news_title does not exist
[SQL: SELECT news.id, news.news_title, news.content, news.short_description, news.category, news.image_url, news.gallery_images, news.youtube_url, news.published, news.status, news.created_at 
FROM news 
WHERE news.published = true ORDER BY news.created_at DESC 
 LIMIT $1::INTEGER OFFSET $2::INTEGER]
[parameters: (4, 0)]
(Background on this error at: https://sqlalche.me/e/20/f405)
2026-03-15 09:52:22,112 - core.database - ERROR - Database session error: 500: Internal server error: (sqlalchemy.dialects.postgresql.asyncpg.ProgrammingError) <class 'asyncpg.exceptions.UndefinedColumnError'>: column news.news_title does not exist
[SQL: SELECT news.id, news.news_title, news.content, news.short_description, news.category, news.image_url, news.gallery_images, news.youtube_url, news.published, news.status, news.created_at 
FROM news 
WHERE news.published = true ORDER BY news.created_at DESC 
 LIMIT $1::INTEGER OFFSET $2::INTEGER]
[parameters: (4, 0)]
(Background on this error at: https://sqlalche.me/e/20/f405)
Traceback (most recent call last):
  File "/data/.cache/python/lib/python3.10/site-packages/sqlalchemy/dialects/postgresql/asyncpg.py", line 526, in _prepare_and_execute
    prepared_stmt, attributes = await adapt_connection._prepare(
  File "/data/.cache/python/lib/python3.10/site-packages/sqlalchemy/dialects/postgresql/asyncpg.py", line 773, in _prepare
    prepared_stmt = await self._connection.prepare(
  File "/data/.cache/python/lib/python3.10/site-packages/asyncpg/connection.py", line 638, in prepare
    return await self._prepare(
  File "/data/.cache/python/lib/python3.10/site-packages/asyncpg/connection.py", line 657, in _prepare
    stmt = await self._get_statement(
  File "/data/.cache/python/lib/python3.10/site-packages/asyncpg/connection.py", line 443, in _get_statement
    statement = await self._protocol.prepare(
  File "asyncpg/protocol/protocol.pyx", line 165, in prepare
asyncpg.exceptions.UndefinedColumnError: column news.news_title does not exist

The above exception was the direct cause of the following exception:

Traceback (most recent call last):
  File "/data/.cache/python/lib/python3.10/site-packages/sqlalchemy/engine/base.py", line 1967, in _exec_single_context
    self.dialect.do_execute(
  File "/data/.cache/python/lib/python3.10/site-packages/sqlalchemy/engine/default.py", line 952, in do_execute
    cursor.execute(statement, parameters)
  File "/data/.cache/python/lib/python3.10/site-packages/sqlalchemy/dialects/postgresql/asyncpg.py", line 585, in execute
    self._adapt_connection.await_(
  File "/data/.cache/python/lib/python3.10/site-packages/sqlalchemy/util/_concurrency_py3k.py", line 132, in await_only
    return current.parent.switch(awaitable)  # type: ignore[no-any-return,attr-defined] # noqa: E501
  File "/data/.cache/python/lib/python3.10/site-packages/sqlalchemy/util/_concurrency_py3k.py", line 196, in greenlet_spawn
    value = await result
  File "/data/.cache/python/lib/python3.10/site-packages/sqlalchemy/dialects/postgresql/asyncpg.py", line 563, in _prepare_and_execute
    self._handle_exception(error)
  File "/data/.cache/python/lib/python3.10/site-packages/sqlalchemy/dialects/postgresql/asyncpg.py", line 513, in _handle_exception
    self._adapt_connection._handle_exception(error)
  File "/data/.cache/python/lib/python3.10/site-packages/sqlalchemy/dialects/postgresql/asyncpg.py", line 797, in _handle_exception
    raise translated_error from error
sqlalchemy.dialects.postgresql.asyncpg.AsyncAdapt_asyncpg_dbapi.ProgrammingError: <class 'asyncpg.exceptions.UndefinedColumnError'>: column news.news_title does not exist

The above exception was the direct cause of the following exception:

Traceback (most recent call last):
  File "/workspace/app/backend/routers/news.py", line 119, in query_newss
    result = await service.get_list(
  File "/workspace/app/backend/services/news.py", line 75, in get_list
    result = await self.db.execute(query.offset(skip).limit(limit))
  File "/data/.cache/python/lib/python3.10/site-packages/sqlalchemy/ext/asyncio/session.py", line 449, in execute
    result = await greenlet_spawn(
  File "/data/.cache/python/lib/python3.10/site-packages/sqlalchemy/util/_concurrency_py3k.py", line 201, in greenlet_spawn
    result = context.throw(*sys.exc_info())
  File "/data/.cache/python/lib/python3.10/site-packages/sqlalchemy/orm/session.py", line 2351, in execute
    return self._execute_internal(
  File "/data/.cache/python/lib/python3.10/site-packages/sqlalchemy/orm/session.py", line 2249, in _execute_internal
    result: Result[Any] = compile_state_cls.orm_execute_statement(
  File "/data/.cache/python/lib/python3.10/site-packages/sqlalchemy/orm/context.py", line 306, in orm_execute_statement
    result = conn.execute(
  File "/data/.cache/python/lib/python3.10/site-packages/sqlalchemy/engine/base.py", line 1419, in execute
    return meth(
  File "/data/.cache/python/lib/python3.10/site-packages/sqlalchemy/sql/elements.py", line 527, in _execute_on_connection
    return connection._execute_clauseelement(
  File "/data/.cache/python/lib/python3.10/site-packages/sqlalchemy/engine/base.py", line 1641, in _execute_clauseelement
    ret = self._execute_context(
  File "/data/.cache/python/lib/python3.10/site-packages/sqlalchemy/engine/base.py", line 1846, in _execute_context
    return self._exec_single_context(
  File "/data/.cache/python/lib/python3.10/site-packages/sqlalchemy/engine/base.py", line 1986, in _exec_single_context
    self._handle_dbapi_exception(
  File "/data/.cache/python/lib/python3.10/site-packages/sqlalchemy/engine/base.py", line 2363, in _handle_dbapi_exception
    raise sqlalchemy_exception.with_traceback(exc_info[2]) from e
  File "/data/.cache/python/lib/python3.10/site-packages/sqlalchemy/engine/base.py", line 1967, in _exec_single_context
    self.dialect.do_execute(
  File "/data/.cache/python/lib/python3.10/site-packages/sqlalchemy/engine/default.py", line 952, in do_execute
    cursor.execute(statement, parameters)
  File "/data/.cache/python/lib/python3.10/site-packages/sqlalchemy/dialects/postgresql/asyncpg.py", line 585, in execute
    self._adapt_connection.await_(
  File "/data/.cache/python/lib/python3.10/site-packages/sqlalchemy/util/_concurrency_py3k.py", line 132, in await_only
    return current.parent.switch(awaitable)  # type: ignore[no-any-return,attr-defined] # noqa: E501
  File "/data/.cache/python/lib/python3.10/site-packages/sqlalchemy/util/_concurrency_py3k.py", line 196, in greenlet_spawn
    value = await result
  File "/data/.cache/python/lib/python3.10/site-packages/sqlalchemy/dialects/postgresql/asyncpg.py", line 563, in _prepare_and_execute
    self._handle_exception(error)
  File "/data/.cache/python/lib/python3.10/site-packages/sqlalchemy/dialects/postgresql/asyncpg.py", line 513, in _handle_exception
    self._adapt_connection._handle_exception(error)
  File "/data/.cache/python/lib/python3.10/site-packages/sqlalchemy/dialects/postgresql/asyncpg.py", line 797, in _handle_exception
    raise translated_error from error
sqlalchemy.exc.ProgrammingError: (sqlalchemy.dialects.postgresql.asyncpg.ProgrammingError) <class 'asyncpg.exceptions.UndefinedColumnError'>: column news.news_title does not exist
[SQL: SELECT news.id, news.news_title, news.content, news.short_description, news.category, news.image_url, news.gallery_images, news.youtube_url, news.published, news.status, news.created_at 
FROM news 
WHERE news.published = true ORDER BY news.created_at DESC 
 LIMIT $1::INTEGER OFFSET $2::INTEGER]
[parameters: (4, 0)]
(Background on this error at: https://sqlalche.me/e/20/f405)

During handling of the above exception, another exception occurred:

Traceback (most recent call last):
  File "/workspace/app/backend/core/database.py", line 534, in get_db
    yield session
  File "/data/.cache/python/lib/python3.10/site-packages/fastapi/routing.py", line 116, in app
    response = await f(request)
  File "/data/.cache/python/lib/python3.10/site-packages/fastapi/routing.py", line 670, in app
    raw_response = await run_endpoint_function(
  File "/data/.cache/python/lib/python3.10/site-packages/fastapi/routing.py", line 324, in run_endpoint_function
    return await dependant.call(**values)
  File "/workspace/app/backend/routers/news.py", line 131, in query_newss
    raise HTTPException(status_code=500, detail=f"Internal server error: {str(e)}")
fastapi.exceptions.HTTPException: 500: Internal server error: (sqlalchemy.dialects.postgresql.asyncpg.ProgrammingError) <class 'asyncpg.exceptions.UndefinedColumnError'>: column news.news_title does not exist
[SQL: SELECT news.id, news.news_title, news.content, news.short_description, news.category, news.image_url, news.gallery_images, news.youtube_url, news.published, news.status, news.created_at 
FROM news 
WHERE news.published = true ORDER BY news.created_at DESC 
 LIMIT $1::INTEGER OFFSET $2::INTEGER]
[parameters: (4, 0)]
(Background on this error at: https://sqlalche.me/e/20/f405)
2026-03-15 09:52:22,115 - core.database - DEBUG - [DB_OP] Database session cleanup after 0.5956s
2026-03-15 09:52:22,116 - services.announcements - ERROR - Error fetching announcements list: (sqlalchemy.dialects.postgresql.asyncpg.ProgrammingError) <class 'asyncpg.exceptions.UndefinedColumnError'>: column announcements.ann_title does not exist
HINT:  Perhaps you meant to reference the column "announcements.ann_type".
[SQL: SELECT announcements.id, announcements.ann_type, announcements.ann_title, announcements.description, announcements.price, announcements.address, announcements.image_url, announcements.gallery_images, announcements.phone, announcements.whatsapp, announcements.author_name, announcements.active, announcements.status, announcements.created_at 
FROM announcements 
WHERE announcements.active = true AND announcements.status = $1::VARCHAR ORDER BY announcements.created_at DESC 
 LIMIT $2::INTEGER OFFSET $3::INTEGER]
[parameters: ('approved', 4, 0)]
(Background on this error at: https://sqlalche.me/e/20/f405)
2026-03-15 09:52:22,117 - routers.announcements - ERROR - Error querying announcementss: (sqlalchemy.dialects.postgresql.asyncpg.ProgrammingError) <class 'asyncpg.exceptions.UndefinedColumnError'>: column announcements.ann_title does not exist
HINT:  Perhaps you meant to reference the column "announcements.ann_type".
[SQL: SELECT announcements.id, announcements.ann_type, announcements.ann_title, announcements.description, announcements.price, announcements.address, announcements.image_url, announcements.gallery_images, announcements.phone, announcements.whatsapp, announcements.author_name, announcements.active, announcements.status, announcements.created_at 
FROM announcements 
WHERE announcements.active = true AND announcements.status = $1::VARCHAR ORDER BY announcements.created_at DESC 
 LIMIT $2::INTEGER OFFSET $3::INTEGER]
[parameters: ('approved', 4, 0)]
(Background on this error at: https://sqlalche.me/e/20/f405)
Traceback (most recent call last):
  File "/data/.cache/python/lib/python3.10/site-packages/sqlalchemy/dialects/postgresql/asyncpg.py", line 526, in _prepare_and_execute
    prepared_stmt, attributes = await adapt_connection._prepare(
  File "/data/.cache/python/lib/python3.10/site-packages/sqlalchemy/dialects/postgresql/asyncpg.py", line 773, in _prepare
    prepared_stmt = await self._connection.prepare(
  File "/data/.cache/python/lib/python3.10/site-packages/asyncpg/connection.py", line 638, in prepare
    return await self._prepare(
  File "/data/.cache/python/lib/python3.10/site-packages/asyncpg/connection.py", line 657, in _prepare
    stmt = await self._get_statement(
  File "/data/.cache/python/lib/python3.10/site-packages/asyncpg/connection.py", line 443, in _get_statement
    statement = await self._protocol.prepare(
  File "asyncpg/protocol/protocol.pyx", line 165, in prepare
asyncpg.exceptions.UndefinedColumnError: column announcements.ann_title does not exist
HINT:  Perhaps you meant to reference the column "announcements.ann_type".

The above exception was the direct cause of the following exception:

Traceback (most recent call last):
  File "/data/.cache/python/lib/python3.10/site-packages/sqlalchemy/engine/base.py", line 1967, in _exec_single_context
    self.dialect.do_execute(
  File "/data/.cache/python/lib/python3.10/site-packages/sqlalchemy/engine/default.py", line 952, in do_execute
    cursor.execute(statement, parameters)
  File "/data/.cache/python/lib/python3.10/site-packages/sqlalchemy/dialects/postgresql/asyncpg.py", line 585, in execute
    self._adapt_connection.await_(
  File "/data/.cache/python/lib/python3.10/site-packages/sqlalchemy/util/_concurrency_py3k.py", line 132, in await_only
    return current.parent.switch(awaitable)  # type: ignore[no-any-return,attr-defined] # noqa: E501
  File "/data/.cache/python/lib/python3.10/site-packages/sqlalchemy/util/_concurrency_py3k.py", line 196, in greenlet_spawn
    value = await result
  File "/data/.cache/python/lib/python3.10/site-packages/sqlalchemy/dialects/postgresql/asyncpg.py", line 563, in _prepare_and_execute
    self._handle_exception(error)
  File "/data/.cache/python/lib/python3.10/site-packages/sqlalchemy/dialects/postgresql/asyncpg.py", line 513, in _handle_exception
    self._adapt_connection._handle_exception(error)
  File "/data/.cache/python/lib/python3.10/site-packages/sqlalchemy/dialects/postgresql/asyncpg.py", line 797, in _handle_exception
    raise translated_error from error
sqlalchemy.dialects.postgresql.asyncpg.AsyncAdapt_asyncpg_dbapi.ProgrammingError: <class 'asyncpg.exceptions.UndefinedColumnError'>: column announcements.ann_title does not exist
HINT:  Perhaps you meant to reference the column "announcements.ann_type".

The above exception was the direct cause of the following exception:

Traceback (most recent call last):
  File "/workspace/app/backend/routers/announcements.py", line 128, in query_announcementss
    result = await service.get_list(
  File "/workspace/app/backend/services/announcements.py", line 75, in get_list
    result = await self.db.execute(query.offset(skip).limit(limit))
  File "/data/.cache/python/lib/python3.10/site-packages/sqlalchemy/ext/asyncio/session.py", line 449, in execute
    result = await greenlet_spawn(
  File "/data/.cache/python/lib/python3.10/site-packages/sqlalchemy/util/_concurrency_py3k.py", line 201, in greenlet_spawn
    result = context.throw(*sys.exc_info())
  File "/data/.cache/python/lib/python3.10/site-packages/sqlalchemy/orm/session.py", line 2351, in execute
    return self._execute_internal(
  File "/data/.cache/python/lib/python3.10/site-packages/sqlalchemy/orm/session.py", line 2249, in _execute_internal
    result: Result[Any] = compile_state_cls.orm_execute_statement(
  File "/data/.cache/python/lib/python3.10/site-packages/sqlalchemy/orm/context.py", line 306, in orm_execute_statement
    result = conn.execute(
  File "/data/.cache/python/lib/python3.10/site-packages/sqlalchemy/engine/base.py", line 1419, in execute
    return meth(
  File "/data/.cache/python/lib/python3.10/site-packages/sqlalchemy/sql/elements.py", line 527, in _execute_on_connection
    return connection._execute_clauseelement(
  File "/data/.cache/python/lib/python3.10/site-packages/sqlalchemy/engine/base.py", line 1641, in _execute_clauseelement
    ret = self._execute_context(
  File "/data/.cache/python/lib/python3.10/site-packages/sqlalchemy/engine/base.py", line 1846, in _execute_context
    return self._exec_single_context(
  File "/data/.cache/python/lib/python3.10/site-packages/sqlalchemy/engine/base.py", line 1986, in _exec_single_context
    self._handle_dbapi_exception(
  File "/data/.cache/python/lib/python3.10/site-packages/sqlalchemy/engine/base.py", line 2363, in _handle_dbapi_exception
    raise sqlalchemy_exception.with_traceback(exc_info[2]) from e
  File "/data/.cache/python/lib/python3.10/site-packages/sqlalchemy/engine/base.py", line 1967, in _exec_single_context
    self.dialect.do_execute(
  File "/data/.cache/python/lib/python3.10/site-packages/sqlalchemy/engine/default.py", line 952, in do_execute
    cursor.execute(statement, parameters)
  File "/data/.cache/python/lib/python3.10/site-packages/sqlalchemy/dialects/postgresql/asyncpg.py", line 585, in execute
    self._adapt_connection.await_(
  File "/data/.cache/python/lib/python3.10/site-packages/sqlalchemy/util/_concurrency_py3k.py", line 132, in await_only
    return current.parent.switch(awaitable)  # type: ignore[no-any-return,attr-defined] # noqa: E501
  File "/data/.cache/python/lib/python3.10/site-packages/sqlalchemy/util/_concurrency_py3k.py", line 196, in greenlet_spawn
    value = await result
  File "/data/.cache/python/lib/python3.10/site-packages/sqlalchemy/dialects/postgresql/asyncpg.py", line 563, in _prepare_and_execute
    self._handle_exception(error)
  File "/data/.cache/python/lib/python3.10/site-packages/sqlalchemy/dialects/postgresql/asyncpg.py", line 513, in _handle_exception
    self._adapt_connection._handle_exception(error)
  File "/data/.cache/python/lib/python3.10/site-packages/sqlalchemy/dialects/postgresql/asyncpg.py", line 797, in _handle_exception
    raise translated_error from error
sqlalchemy.exc.ProgrammingError: (sqlalchemy.dialects.postgresql.asyncpg.ProgrammingError) <class 'asyncpg.exceptions.UndefinedColumnError'>: column announcements.ann_title does not exist
HINT:  Perhaps you meant to reference the column "announcements.ann_type".
[SQL: SELECT announcements.id, announcements.ann_type, announcements.ann_title, announcements.description, announcements.price, announcements.address, announcements.image_url, announcements.gallery_images, announcements.phone, announcements.whatsapp, announcements.author_name, announcements.active, announcements.status, announcements.created_at 
FROM announcements 
WHERE announcements.active = true AND announcements.status = $1::VARCHAR ORDER BY announcements.created_at DESC 
 LIMIT $2::INTEGER OFFSET $3::INTEGER]
[parameters: ('approved', 4, 0)]
(Background on this error at: https://sqlalche.me/e/20/f405)
2026-03-15 09:52:22,118 - core.database - ERROR - Database session error: 500: Internal server error: (sqlalchemy.dialects.postgresql.asyncpg.ProgrammingError) <class 'asyncpg.exceptions.UndefinedColumnError'>: column announcements.ann_title does not exist
HINT:  Perhaps you meant to reference the column "announcements.ann_type".
[SQL: SELECT announcements.id, announcements.ann_type, announcements.ann_title, announcements.description, announcements.price, announcements.address, announcements.image_url, announcements.gallery_images, announcements.phone, announcements.whatsapp, announcements.author_name, announcements.active, announcements.status, announcements.created_at 
FROM announcements 
WHERE announcements.active = true AND announcements.status = $1::VARCHAR ORDER BY announcements.created_at DESC 
 LIMIT $2::INTEGER OFFSET $3::INTEGER]
[parameters: ('approved', 4, 0)]
(Background on this error at: https://sqlalche.me/e/20/f405)
Traceback (most recent call last):
  File "/data/.cache/python/lib/python3.10/site-packages/sqlalchemy/dialects/postgresql/asyncpg.py", line 526, in _prepare_and_execute
    prepared_stmt, attributes = await adapt_connection._prepare(
  File "/data/.cache/python/lib/python3.10/site-packages/sqlalchemy/dialects/postgresql/asyncpg.py", line 773, in _prepare
    prepared_stmt = await self._connection.prepare(
  File "/data/.cache/python/lib/python3.10/site-packages/asyncpg/connection.py", line 638, in prepare
    return await self._prepare(
  File "/data/.cache/python/lib/python3.10/site-packages/asyncpg/connection.py", line 657, in _prepare
    stmt = await self._get_statement(
  File "/data/.cache/python/lib/python3.10/site-packages/asyncpg/connection.py", line 443, in _get_statement
    statement = await self._protocol.prepare(
  File "asyncpg/protocol/protocol.pyx", line 165, in prepare
asyncpg.exceptions.UndefinedColumnError: column announcements.ann_title does not exist
HINT:  Perhaps you meant to reference the column "announcements.ann_type".

The above exception was the direct cause of the following exception:

Traceback (most recent call last):
  File "/data/.cache/python/lib/python3.10/site-packages/sqlalchemy/engine/base.py", line 1967, in _exec_single_context
    self.dialect.do_execute(
  File "/data/.cache/python/lib/python3.10/site-packages/sqlalchemy/engine/default.py", line 952, in do_execute
    cursor.execute(statement, parameters)
  File "/data/.cache/python/lib/python3.10/site-packages/sqlalchemy/dialects/postgresql/asyncpg.py", line 585, in execute
    self._adapt_connection.await_(
  File "/data/.cache/python/lib/python3.10/site-packages/sqlalchemy/util/_concurrency_py3k.py", line 132, in await_only
    return current.parent.switch(awaitable)  # type: ignore[no-any-return,attr-defined] # noqa: E501
  File "/data/.cache/python/lib/python3.10/site-packages/sqlalchemy/util/_concurrency_py3k.py", line 196, in greenlet_spawn
    value = await result
  File "/data/.cache/python/lib/python3.10/site-packages/sqlalchemy/dialects/postgresql/asyncpg.py", line 563, in _prepare_and_execute
    self._handle_exception(error)
  File "/data/.cache/python/lib/python3.10/site-packages/sqlalchemy/dialects/postgresql/asyncpg.py", line 513, in _handle_exception
    self._adapt_connection._handle_exception(error)
  File "/data/.cache/python/lib/python3.10/site-packages/sqlalchemy/dialects/postgresql/asyncpg.py", line 797, in _handle_exception
    raise translated_error from error
sqlalchemy.dialects.postgresql.asyncpg.AsyncAdapt_asyncpg_dbapi.ProgrammingError: <class 'asyncpg.exceptions.UndefinedColumnError'>: column announcements.ann_title does not exist
HINT:  Perhaps you meant to reference the column "announcements.ann_type".

The above exception was the direct cause of the following exception:

Traceback (most recent call last):
  File "/workspace/app/backend/routers/announcements.py", line 128, in query_announcementss
    result = await service.get_list(
  File "/workspace/app/backend/services/announcements.py", line 75, in get_list
    result = await self.db.execute(query.offset(skip).limit(limit))
  File "/data/.cache/python/lib/python3.10/site-packages/sqlalchemy/ext/asyncio/session.py", line 449, in execute
    result = await greenlet_spawn(
  File "/data/.cache/python/lib/python3.10/site-packages/sqlalchemy/util/_concurrency_py3k.py", line 201, in greenlet_spawn
    result = context.throw(*sys.exc_info())
  File "/data/.cache/python/lib/python3.10/site-packages/sqlalchemy/orm/session.py", line 2351, in execute
    return self._execute_internal(
  File "/data/.cache/python/lib/python3.10/site-packages/sqlalchemy/orm/session.py", line 2249, in _execute_internal
    result: Result[Any] = compile_state_cls.orm_execute_statement(
  File "/data/.cache/python/lib/python3.10/site-packages/sqlalchemy/orm/context.py", line 306, in orm_execute_statement
    result = conn.execute(
  File "/data/.cache/python/lib/python3.10/site-packages/sqlalchemy/engine/base.py", line 1419, in execute
    return meth(
  File "/data/.cache/python/lib/python3.10/site-packages/sqlalchemy/sql/elements.py", line 527, in _execute_on_connection
    return connection._execute_clauseelement(
  File "/data/.cache/python/lib/python3.10/site-packages/sqlalchemy/engine/base.py", line 1641, in _execute_clauseelement
    ret = self._execute_context(
  File "/data/.cache/python/lib/python3.10/site-packages/sqlalchemy/engine/base.py", line 1846, in _execute_context
    return self._exec_single_context(
  File "/data/.cache/python/lib/python3.10/site-packages/sqlalchemy/engine/base.py", line 1986, in _exec_single_context
    self._handle_dbapi_exception(
  File "/data/.cache/python/lib/python3.10/site-packages/sqlalchemy/engine/base.py", line 2363, in _handle_dbapi_exception
    raise sqlalchemy_exception.with_traceback(exc_info[2]) from e
  File "/data/.cache/python/lib/python3.10/site-packages/sqlalchemy/engine/base.py", line 1967, in _exec_single_context
    self.dialect.do_execute(
  File "/data/.cache/python/lib/python3.10/site-packages/sqlalchemy/engine/default.py", line 952, in do_execute
    cursor.execute(statement, parameters)
  File "/data/.cache/python/lib/python3.10/site-packages/sqlalchemy/dialects/postgresql/asyncpg.py", line 585, in execute
    self._adapt_connection.await_(
  File "/data/.cache/python/lib/python3.10/site-packages/sqlalchemy/util/_concurrency_py3k.py", line 132, in await_only
    return current.parent.switch(awaitable)  # type: ignore[no-any-return,attr-defined] # noqa: E501
  File "/data/.cache/python/lib/python3.10/site-packages/sqlalchemy/util/_concurrency_py3k.py", line 196, in greenlet_spawn
    value = await result
  File "/data/.cache/python/lib/python3.10/site-packages/sqlalchemy/dialects/postgresql/asyncpg.py", line 563, in _prepare_and_execute
    self._handle_exception(error)
  File "/data/.cache/python/lib/python3.10/site-packages/sqlalchemy/dialects/postgresql/asyncpg.py", line 513, in _handle_exception
    self._adapt_connection._handle_exception(error)
  File "/data/.cache/python/lib/python3.10/site-packages/sqlalchemy/dialects/postgresql/asyncpg.py", line 797, in _handle_exception
    raise translated_error from error
sqlalchemy.exc.ProgrammingError: (sqlalchemy.dialects.postgresql.asyncpg.ProgrammingError) <class 'asyncpg.exceptions.UndefinedColumnError'>: column announcements.ann_title does not exist
HINT:  Perhaps you meant to reference the column "announcements.ann_type".
[SQL: SELECT announcements.id, announcements.ann_type, announcements.ann_title, announcements.description, announcements.price, announcements.address, announcements.image_url, announcements.gallery_images, announcements.phone, announcements.whatsapp, announcements.author_name, announcements.active, announcements.status, announcements.created_at 
FROM announcements 
WHERE announcements.active = true AND announcements.status = $1::VARCHAR ORDER BY announcements.created_at DESC 
 LIMIT $2::INTEGER OFFSET $3::INTEGER]
[parameters: ('approved', 4, 0)]
(Background on this error at: https://sqlalche.me/e/20/f405)

During handling of the above exception, another exception occurred:

Traceback (most recent call last):
  File "/workspace/app/backend/core/database.py", line 534, in get_db
    yield session
  File "/data/.cache/python/lib/python3.10/site-packages/fastapi/routing.py", line 116, in app
    response = await f(request)
  File "/data/.cache/python/lib/python3.10/site-packages/fastapi/routing.py", line 670, in app
    raw_response = await run_endpoint_function(
  File "/data/.cache/python/lib/python3.10/site-packages/fastapi/routing.py", line 324, in run_endpoint_function
    return await dependant.call(**values)
  File "/workspace/app/backend/routers/announcements.py", line 140, in query_announcementss
    raise HTTPException(status_code=500, detail=f"Internal server error: {str(e)}")
fastapi.exceptions.HTTPException: 500: Internal server error: (sqlalchemy.dialects.postgresql.asyncpg.ProgrammingError) <class 'asyncpg.exceptions.UndefinedColumnError'>: column announcements.ann_title does not exist
HINT:  Perhaps you meant to reference the column "announcements.ann_type".
[SQL: SELECT announcements.id, announcements.ann_type, announcements.ann_title, announcements.description, announcements.price, announcements.address, announcements.image_url, announcements.gallery_images, announcements.phone, announcements.whatsapp, announcements.author_name, announcements.active, announcements.status, announcements.created_at 
FROM announcements 
WHERE announcements.active = true AND announcements.status = $1::VARCHAR ORDER BY announcements.created_at DESC 
 LIMIT $2::INTEGER OFFSET $3::INTEGER]
[parameters: ('approved', 4, 0)]
(Background on this error at: https://sqlalche.me/e/20/f405)
2026-03-15 09:52:22,119 - core.database - DEBUG - [DB_OP] Database session cleanup after 0.5910s
2026-03-15 09:52:22,120 - routers.jobs - DEBUG - Found 5 jobss
2026-03-15 09:52:22,121 - core.database - DEBUG - [DB_OP] Database session cleanup after 0.6056s
2026-03-15 09:52:22,122 - routers.complaints - DEBUG - Found 6 complaintss
2026-03-15 09:52:22,122 - core.database - DEBUG - [DB_OP] Database session cleanup after 0.5966s
2026-03-15 09:52:22,180 - core.database - ERROR - Failed to create database session: 500: Internal server error: (sqlalchemy.dialects.postgresql.asyncpg.ProgrammingError) <class 'asyncpg.exceptions.UndefinedColumnError'>: column news.news_title does not exist
[SQL: SELECT news.id, news.news_title, news.content, news.short_description, news.category, news.image_url, news.gallery_images, news.youtube_url, news.published, news.status, news.created_at 
FROM news 
WHERE news.published = true ORDER BY news.created_at DESC 
 LIMIT $1::INTEGER OFFSET $2::INTEGER]
[parameters: (4, 0)]
(Background on this error at: https://sqlalche.me/e/20/f405)
Traceback (most recent call last):
  File "/data/.cache/python/lib/python3.10/site-packages/sqlalchemy/dialects/postgresql/asyncpg.py", line 526, in _prepare_and_execute
    prepared_stmt, attributes = await adapt_connection._prepare(
  File "/data/.cache/python/lib/python3.10/site-packages/sqlalchemy/dialects/postgresql/asyncpg.py", line 773, in _prepare
    prepared_stmt = await self._connection.prepare(
  File "/data/.cache/python/lib/python3.10/site-packages/asyncpg/connection.py", line 638, in prepare
    return await self._prepare(
  File "/data/.cache/python/lib/python3.10/site-packages/asyncpg/connection.py", line 657, in _prepare
    stmt = await self._get_statement(
  File "/data/.cache/python/lib/python3.10/site-packages/asyncpg/connection.py", line 443, in _get_statement
    statement = await self._protocol.prepare(
  File "asyncpg/protocol/protocol.pyx", line 165, in prepare
asyncpg.exceptions.UndefinedColumnError: column news.news_title does not exist

The above exception was the direct cause of the following exception:

Traceback (most recent call last):
  File "/data/.cache/python/lib/python3.10/site-packages/sqlalchemy/engine/base.py", line 1967, in _exec_single_context
    self.dialect.do_execute(
  File "/data/.cache/python/lib/python3.10/site-packages/sqlalchemy/engine/default.py", line 952, in do_execute
    cursor.execute(statement, parameters)
  File "/data/.cache/python/lib/python3.10/site-packages/sqlalchemy/dialects/postgresql/asyncpg.py", line 585, in execute
    self._adapt_connection.await_(
  File "/data/.cache/python/lib/python3.10/site-packages/sqlalchemy/util/_concurrency_py3k.py", line 132, in await_only
    return current.parent.switch(awaitable)  # type: ignore[no-any-return,attr-defined] # noqa: E501
  File "/data/.cache/python/lib/python3.10/site-packages/sqlalchemy/util/_concurrency_py3k.py", line 196, in greenlet_spawn
    value = await result
  File "/data/.cache/python/lib/python3.10/site-packages/sqlalchemy/dialects/postgresql/asyncpg.py", line 563, in _prepare_and_execute
    self._handle_exception(error)
  File "/data/.cache/python/lib/python3.10/site-packages/sqlalchemy/dialects/postgresql/asyncpg.py", line 513, in _handle_exception
    self._adapt_connection._handle_exception(error)
  File "/data/.cache/python/lib/python3.10/site-packages/sqlalchemy/dialects/postgresql/asyncpg.py", line 797, in _handle_exception
    raise translated_error from error
sqlalchemy.dialects.postgresql.asyncpg.AsyncAdapt_asyncpg_dbapi.ProgrammingError: <class 'asyncpg.exceptions.UndefinedColumnError'>: column news.news_title does not exist

The above exception was the direct cause of the following exception:

Traceback (most recent call last):
  File "/workspace/app/backend/routers/news.py", line 119, in query_newss
    result = await service.get_list(
  File "/workspace/app/backend/services/news.py", line 75, in get_list
    result = await self.db.execute(query.offset(skip).limit(limit))
  File "/data/.cache/python/lib/python3.10/site-packages/sqlalchemy/ext/asyncio/session.py", line 449, in execute
    result = await greenlet_spawn(
  File "/data/.cache/python/lib/python3.10/site-packages/sqlalchemy/util/_concurrency_py3k.py", line 201, in greenlet_spawn
    result = context.throw(*sys.exc_info())
  File "/data/.cache/python/lib/python3.10/site-packages/sqlalchemy/orm/session.py", line 2351, in execute
    return self._execute_internal(
  File "/data/.cache/python/lib/python3.10/site-packages/sqlalchemy/orm/session.py", line 2249, in _execute_internal
    result: Result[Any] = compile_state_cls.orm_execute_statement(
  File "/data/.cache/python/lib/python3.10/site-packages/sqlalchemy/orm/context.py", line 306, in orm_execute_statement
    result = conn.execute(
  File "/data/.cache/python/lib/python3.10/site-packages/sqlalchemy/engine/base.py", line 1419, in execute
    return meth(
  File "/data/.cache/python/lib/python3.10/site-packages/sqlalchemy/sql/elements.py", line 527, in _execute_on_connection
    return connection._execute_clauseelement(
  File "/data/.cache/python/lib/python3.10/site-packages/sqlalchemy/engine/base.py", line 1641, in _execute_clauseelement
    ret = self._execute_context(
  File "/data/.cache/python/lib/python3.10/site-packages/sqlalchemy/engine/base.py", line 1846, in _execute_context
    return self._exec_single_context(
  File "/data/.cache/python/lib/python3.10/site-packages/sqlalchemy/engine/base.py", line 1986, in _exec_single_context
    self._handle_dbapi_exception(
  File "/data/.cache/python/lib/python3.10/site-packages/sqlalchemy/engine/base.py", line 2363, in _handle_dbapi_exception
    raise sqlalchemy_exception.with_traceback(exc_info[2]) from e
  File "/data/.cache/python/lib/python3.10/site-packages/sqlalchemy/engine/base.py", line 1967, in _exec_single_context
    self.dialect.do_execute(
  File "/data/.cache/python/lib/python3.10/site-packages/sqlalchemy/engine/default.py", line 952, in do_execute
    cursor.execute(statement, parameters)
  File "/data/.cache/python/lib/python3.10/site-packages/sqlalchemy/dialects/postgresql/asyncpg.py", line 585, in execute
    self._adapt_connection.await_(
  File "/data/.cache/python/lib/python3.10/site-packages/sqlalchemy/util/_concurrency_py3k.py", line 132, in await_only
    return current.parent.switch(awaitable)  # type: ignore[no-any-return,attr-defined] # noqa: E501
  File "/data/.cache/python/lib/python3.10/site-packages/sqlalchemy/util/_concurrency_py3k.py", line 196, in greenlet_spawn
    value = await result
  File "/data/.cache/python/lib/python3.10/site-packages/sqlalchemy/dialects/postgresql/asyncpg.py", line 563, in _prepare_and_execute
    self._handle_exception(error)
  File "/data/.cache/python/lib/python3.10/site-packages/sqlalchemy/dialects/postgresql/asyncpg.py", line 513, in _handle_exception
    self._adapt_connection._handle_exception(error)
  File "/data/.cache/python/lib/python3.10/site-packages/sqlalchemy/dialects/postgresql/asyncpg.py", line 797, in _handle_exception
    raise translated_error from error
sqlalchemy.exc.ProgrammingError: (sqlalchemy.dialects.postgresql.asyncpg.ProgrammingError) <class 'asyncpg.exceptions.UndefinedColumnError'>: column news.news_title does not exist
[SQL: SELECT news.id, news.news_title, news.content, news.short_description, news.category, news.image_url, news.gallery_images, news.youtube_url, news.published, news.status, news.created_at 
FROM news 
WHERE news.published = true ORDER BY news.created_at DESC 
 LIMIT $1::INTEGER OFFSET $2::INTEGER]
[parameters: (4, 0)]
(Background on this error at: https://sqlalche.me/e/20/f405)

During handling of the above exception, another exception occurred:

Traceback (most recent call last):
  File "/workspace/app/backend/core/database.py", line 534, in get_db
    yield session
  File "/data/.cache/python/lib/python3.10/site-packages/fastapi/routing.py", line 116, in app
    response = await f(request)
  File "/data/.cache/python/lib/python3.10/site-packages/fastapi/routing.py", line 670, in app
    raw_response = await run_endpoint_function(
  File "/data/.cache/python/lib/python3.10/site-packages/fastapi/routing.py", line 324, in run_endpoint_function
    return await dependant.call(**values)
  File "/workspace/app/backend/routers/news.py", line 131, in query_newss
    raise HTTPException(status_code=500, detail=f"Internal server error: {str(e)}")
fastapi.exceptions.HTTPException: 500: Internal server error: (sqlalchemy.dialects.postgresql.asyncpg.ProgrammingError) <class 'asyncpg.exceptions.UndefinedColumnError'>: column news.news_title does not exist
[SQL: SELECT news.id, news.news_title, news.content, news.short_description, news.category, news.image_url, news.gallery_images, news.youtube_url, news.published, news.status, news.created_at 
FROM news 
WHERE news.published = true ORDER BY news.created_at DESC 
 LIMIT $1::INTEGER OFFSET $2::INTEGER]
[parameters: (4, 0)]
(Background on this error at: https://sqlalche.me/e/20/f405)
2026-03-15 09:52:22,182 - core.database - ERROR - Failed to create database session: 500: Internal server error: (sqlalchemy.dialects.postgresql.asyncpg.ProgrammingError) <class 'asyncpg.exceptions.UndefinedColumnError'>: column announcements.ann_title does not exist
HINT:  Perhaps you meant to reference the column "announcements.ann_type".
[SQL: SELECT announcements.id, announcements.ann_type, announcements.ann_title, announcements.description, announcements.price, announcements.address, announcements.image_url, announcements.gallery_images, announcements.phone, announcements.whatsapp, announcements.author_name, announcements.active, announcements.status, announcements.created_at 
FROM announcements 
WHERE announcements.active = true AND announcements.status = $1::VARCHAR ORDER BY announcements.created_at DESC 
 LIMIT $2::INTEGER OFFSET $3::INTEGER]
[parameters: ('approved', 4, 0)]
(Background on this error at: https://sqlalche.me/e/20/f405)
Traceback (most recent call last):
  File "/data/.cache/python/lib/python3.10/site-packages/sqlalchemy/dialects/postgresql/asyncpg.py", line 526, in _prepare_and_execute
    prepared_stmt, attributes = await adapt_connection._prepare(
  File "/data/.cache/python/lib/python3.10/site-packages/sqlalchemy/dialects/postgresql/asyncpg.py", line 773, in _prepare
    prepared_stmt = await self._connection.prepare(
  File "/data/.cache/python/lib/python3.10/site-packages/asyncpg/connection.py", line 638, in prepare
    return await self._prepare(
  File "/data/.cache/python/lib/python3.10/site-packages/asyncpg/connection.py", line 657, in _prepare
    stmt = await self._get_statement(
  File "/data/.cache/python/lib/python3.10/site-packages/asyncpg/connection.py", line 443, in _get_statement
    statement = await self._protocol.prepare(
  File "asyncpg/protocol/protocol.pyx", line 165, in prepare
asyncpg.exceptions.UndefinedColumnError: column announcements.ann_title does not exist
HINT:  Perhaps you meant to reference the column "announcements.ann_type".

The above exception was the direct cause of the following exception:

Traceback (most recent call last):
  File "/data/.cache/python/lib/python3.10/site-packages/sqlalchemy/engine/base.py", line 1967, in _exec_single_context
    self.dialect.do_execute(
  File "/data/.cache/python/lib/python3.10/site-packages/sqlalchemy/engine/default.py", line 952, in do_execute
    cursor.execute(statement, parameters)
  File "/data/.cache/python/lib/python3.10/site-packages/sqlalchemy/dialects/postgresql/asyncpg.py", line 585, in execute
    self._adapt_connection.await_(
  File "/data/.cache/python/lib/python3.10/site-packages/sqlalchemy/util/_concurrency_py3k.py", line 132, in await_only
    return current.parent.switch(awaitable)  # type: ignore[no-any-return,attr-defined] # noqa: E501
  File "/data/.cache/python/lib/python3.10/site-packages/sqlalchemy/util/_concurrency_py3k.py", line 196, in greenlet_spawn
    value = await result
  File "/data/.cache/python/lib/python3.10/site-packages/sqlalchemy/dialects/postgresql/asyncpg.py", line 563, in _prepare_and_execute
    self._handle_exception(error)
  File "/data/.cache/python/lib/python3.10/site-packages/sqlalchemy/dialects/postgresql/asyncpg.py", line 513, in _handle_exception
    self._adapt_connection._handle_exception(error)
  File "/data/.cache/python/lib/python3.10/site-packages/sqlalchemy/dialects/postgresql/asyncpg.py", line 797, in _handle_exception
    raise translated_error from error
sqlalchemy.dialects.postgresql.asyncpg.AsyncAdapt_asyncpg_dbapi.ProgrammingError: <class 'asyncpg.exceptions.UndefinedColumnError'>: column announcements.ann_title does not exist
HINT:  Perhaps you meant to reference the column "announcements.ann_type".

The above exception was the direct cause of the following exception:

Traceback (most recent call last):
  File "/workspace/app/backend/routers/announcements.py", line 128, in query_announcementss
    result = await service.get_list(
  File "/workspace/app/backend/services/announcements.py", line 75, in get_list
    result = await self.db.execute(query.offset(skip).limit(limit))
  File "/data/.cache/python/lib/python3.10/site-packages/sqlalchemy/ext/asyncio/session.py", line 449, in execute
    result = await greenlet_spawn(
  File "/data/.cache/python/lib/python3.10/site-packages/sqlalchemy/util/_concurrency_py3k.py", line 201, in greenlet_spawn
    result = context.throw(*sys.exc_info())
  File "/data/.cache/python/lib/python3.10/site-packages/sqlalchemy/orm/session.py", line 2351, in execute
    return self._execute_internal(
  File "/data/.cache/python/lib/python3.10/site-packages/sqlalchemy/orm/session.py", line 2249, in _execute_internal
    result: Result[Any] = compile_state_cls.orm_execute_statement(
  File "/data/.cache/python/lib/python3.10/site-packages/sqlalchemy/orm/context.py", line 306, in orm_execute_statement
    result = conn.execute(
  File "/data/.cache/python/lib/python3.10/site-packages/sqlalchemy/engine/base.py", line 1419, in execute
    return meth(
  File "/data/.cache/python/lib/python3.10/site-packages/sqlalchemy/sql/elements.py", line 527, in _execute_on_connection
    return connection._execute_clauseelement(
  File "/data/.cache/python/lib/python3.10/site-packages/sqlalchemy/engine/base.py", line 1641, in _execute_clauseelement
    ret = self._execute_context(
  File "/data/.cache/python/lib/python3.10/site-packages/sqlalchemy/engine/base.py", line 1846, in _execute_context
    return self._exec_single_context(
  File "/data/.cache/python/lib/python3.10/site-packages/sqlalchemy/engine/base.py", line 1986, in _exec_single_context
    self._handle_dbapi_exception(
  File "/data/.cache/python/lib/python3.10/site-packages/sqlalchemy/engine/base.py", line 2363, in _handle_dbapi_exception
    raise sqlalchemy_exception.with_traceback(exc_info[2]) from e
  File "/data/.cache/python/lib/python3.10/site-packages/sqlalchemy/engine/base.py", line 1967, in _exec_single_context
    self.dialect.do_execute(
  File "/data/.cache/python/lib/python3.10/site-packages/sqlalchemy/engine/default.py", line 952, in do_execute
    cursor.execute(statement, parameters)
  File "/data/.cache/python/lib/python3.10/site-packages/sqlalchemy/dialects/postgresql/asyncpg.py", line 585, in execute
    self._adapt_connection.await_(
  File "/data/.cache/python/lib/python3.10/site-packages/sqlalchemy/util/_concurrency_py3k.py", line 132, in await_only
    return current.parent.switch(awaitable)  # type: ignore[no-any-return,attr-defined] # noqa: E501
  File "/data/.cache/python/lib/python3.10/site-packages/sqlalchemy/util/_concurrency_py3k.py", line 196, in greenlet_spawn
    value = await result
  File "/data/.cache/python/lib/python3.10/site-packages/sqlalchemy/dialects/postgresql/asyncpg.py", line 563, in _prepare_and_execute
    self._handle_exception(error)
  File "/data/.cache/python/lib/python3.10/site-packages/sqlalchemy/dialects/postgresql/asyncpg.py", line 513, in _handle_exception
    self._adapt_connection._handle_exception(error)
  File "/data/.cache/python/lib/python3.10/site-packages/sqlalchemy/dialects/postgresql/asyncpg.py", line 797, in _handle_exception
    raise translated_error from error
sqlalchemy.exc.ProgrammingError: (sqlalchemy.dialects.postgresql.asyncpg.ProgrammingError) <class 'asyncpg.exceptions.UndefinedColumnError'>: column announcements.ann_title does not exist
HINT:  Perhaps you meant to reference the column "announcements.ann_type".
[SQL: SELECT announcements.id, announcements.ann_type, announcements.ann_title, announcements.description, announcements.price, announcements.address, announcements.image_url, announcements.gallery_images, announcements.phone, announcements.whatsapp, announcements.author_name, announcements.active, announcements.status, announcements.created_at 
FROM announcements 
WHERE announcements.active = true AND announcements.status = $1::VARCHAR ORDER BY announcements.created_at DESC 
 LIMIT $2::INTEGER OFFSET $3::INTEGER]
[parameters: ('approved', 4, 0)]
(Background on this error at: https://sqlalche.me/e/20/f405)

During handling of the above exception, another exception occurred:

Traceback (most recent call last):
  File "/workspace/app/backend/core/database.py", line 534, in get_db
    yield session
  File "/data/.cache/python/lib/python3.10/site-packages/fastapi/routing.py", line 116, in app
    response = await f(request)
  File "/data/.cache/python/lib/python3.10/site-packages/fastapi/routing.py", line 670, in app
    raw_response = await run_endpoint_function(
  File "/data/.cache/python/lib/python3.10/site-packages/fastapi/routing.py", line 324, in run_endpoint_function
    return await dependant.call(**values)
  File "/workspace/app/backend/routers/announcements.py", line 140, in query_announcementss
    raise HTTPException(status_code=500, detail=f"Internal server error: {str(e)}")
fastapi.exceptions.HTTPException: 500: Internal server error: (sqlalchemy.dialects.postgresql.asyncpg.ProgrammingError) <class 'asyncpg.exceptions.UndefinedColumnError'>: column announcements.ann_title does not exist
HINT:  Perhaps you meant to reference the column "announcements.ann_type".
[SQL: SELECT announcements.id, announcements.ann_type, announcements.ann_title, announcements.description, announcements.price, announcements.address, announcements.image_url, announcements.gallery_images, announcements.phone, announcements.whatsapp, announcements.author_name, announcements.active, announcements.status, announcements.created_at 
FROM announcements 
WHERE announcements.active = true AND announcements.status = $1::VARCHAR ORDER BY announcements.created_at DESC 
 LIMIT $2::INTEGER OFFSET $3::INTEGER]
[parameters: ('approved', 4, 0)]
(Background on this error at: https://sqlalche.me/e/20/f405)
2026-03-15 09:52:22,308 - services.banners - ERROR - Error fetching banners list: (sqlalchemy.dialects.postgresql.asyncpg.ProgrammingError) <class 'asyncpg.exceptions.UndefinedColumnError'>: column banners.banner_title does not exist
[SQL: SELECT banners.id, banners.banner_title, banners.banner_text, banners.image_url, banners.link_url, banners.banner_type, banners.active, banners.sort_order, banners.created_at 
FROM banners 
WHERE banners.active = true ORDER BY banners.id DESC 
 LIMIT $1::INTEGER OFFSET $2::INTEGER]
[parameters: (2, 0)]
(Background on this error at: https://sqlalche.me/e/20/f405)
2026-03-15 09:52:22,309 - routers.banners - ERROR - Error querying bannerss: (sqlalchemy.dialects.postgresql.asyncpg.ProgrammingError) <class 'asyncpg.exceptions.UndefinedColumnError'>: column banners.banner_title does not exist
[SQL: SELECT banners.id, banners.banner_title, banners.banner_text, banners.image_url, banners.link_url, banners.banner_type, banners.active, banners.sort_order, banners.created_at 
FROM banners 
WHERE banners.active = true ORDER BY banners.id DESC 
 LIMIT $1::INTEGER OFFSET $2::INTEGER]
[parameters: (2, 0)]
(Background on this error at: https://sqlalche.me/e/20/f405)
Traceback (most recent call last):
  File "/data/.cache/python/lib/python3.10/site-packages/sqlalchemy/dialects/postgresql/asyncpg.py", line 526, in _prepare_and_execute
    prepared_stmt, attributes = await adapt_connection._prepare(
  File "/data/.cache/python/lib/python3.10/site-packages/sqlalchemy/dialects/postgresql/asyncpg.py", line 773, in _prepare
    prepared_stmt = await self._connection.prepare(
  File "/data/.cache/python/lib/python3.10/site-packages/asyncpg/connection.py", line 638, in prepare
    return await self._prepare(
  File "/data/.cache/python/lib/python3.10/site-packages/asyncpg/connection.py", line 657, in _prepare
    stmt = await self._get_statement(
  File "/data/.cache/python/lib/python3.10/site-packages/asyncpg/connection.py", line 443, in _get_statement
    statement = await self._protocol.prepare(
  File "asyncpg/protocol/protocol.pyx", line 165, in prepare
asyncpg.exceptions.UndefinedColumnError: column banners.banner_title does not exist

The above exception was the direct cause of the following exception:

Traceback (most recent call last):
  File "/data/.cache/python/lib/python3.10/site-packages/sqlalchemy/engine/base.py", line 1967, in _exec_single_context
    self.dialect.do_execute(
  File "/data/.cache/python/lib/python3.10/site-packages/sqlalchemy/engine/default.py", line 952, in do_execute
    cursor.execute(statement, parameters)
  File "/data/.cache/python/lib/python3.10/site-packages/sqlalchemy/dialects/postgresql/asyncpg.py", line 585, in execute
    self._adapt_connection.await_(
  File "/data/.cache/python/lib/python3.10/site-packages/sqlalchemy/util/_concurrency_py3k.py", line 132, in await_only
    return current.parent.switch(awaitable)  # type: ignore[no-any-return,attr-defined] # noqa: E501
  File "/data/.cache/python/lib/python3.10/site-packages/sqlalchemy/util/_concurrency_py3k.py", line 196, in greenlet_spawn
    value = await result
  File "/data/.cache/python/lib/python3.10/site-packages/sqlalchemy/dialects/postgresql/asyncpg.py", line 563, in _prepare_and_execute
    self._handle_exception(error)
  File "/data/.cache/python/lib/python3.10/site-packages/sqlalchemy/dialects/postgresql/asyncpg.py", line 513, in _handle_exception
    self._adapt_connection._handle_exception(error)
  File "/data/.cache/python/lib/python3.10/site-packages/sqlalchemy/dialects/postgresql/asyncpg.py", line 797, in _handle_exception
    raise translated_error from error
sqlalchemy.dialects.postgresql.asyncpg.AsyncAdapt_asyncpg_dbapi.ProgrammingError: <class 'asyncpg.exceptions.UndefinedColumnError'>: column banners.banner_title does not exist

The above exception was the direct cause of the following exception:

Traceback (most recent call last):
  File "/workspace/app/backend/routers/banners.py", line 113, in query_bannerss
    result = await service.get_list(
  File "/workspace/app/backend/services/banners.py", line 75, in get_list
    result = await self.db.execute(query.offset(skip).limit(limit))
  File "/data/.cache/python/lib/python3.10/site-packages/sqlalchemy/ext/asyncio/session.py", line 449, in execute
    result = await greenlet_spawn(
  File "/data/.cache/python/lib/python3.10/site-packages/sqlalchemy/util/_concurrency_py3k.py", line 201, in greenlet_spawn
    result = context.throw(*sys.exc_info())
  File "/data/.cache/python/lib/python3.10/site-packages/sqlalchemy/orm/session.py", line 2351, in execute
    return self._execute_internal(
  File "/data/.cache/python/lib/python3.10/site-packages/sqlalchemy/orm/session.py", line 2249, in _execute_internal
    result: Result[Any] = compile_state_cls.orm_execute_statement(
  File "/data/.cache/python/lib/python3.10/site-packages/sqlalchemy/orm/context.py", line 306, in orm_execute_statement
    result = conn.execute(
  File "/data/.cache/python/lib/python3.10/site-packages/sqlalchemy/engine/base.py", line 1419, in execute
    return meth(
  File "/data/.cache/python/lib/python3.10/site-packages/sqlalchemy/sql/elements.py", line 527, in _execute_on_connection
    return connection._execute_clauseelement(
  File "/data/.cache/python/lib/python3.10/site-packages/sqlalchemy/engine/base.py", line 1641, in _execute_clauseelement
    ret = self._execute_context(
  File "/data/.cache/python/lib/python3.10/site-packages/sqlalchemy/engine/base.py", line 1846, in _execute_context
    return self._exec_single_context(
  File "/data/.cache/python/lib/python3.10/site-packages/sqlalchemy/engine/base.py", line 1986, in _exec_single_context
    self._handle_dbapi_exception(
  File "/data/.cache/python/lib/python3.10/site-packages/sqlalchemy/engine/base.py", line 2363, in _handle_dbapi_exception
    raise sqlalchemy_exception.with_traceback(exc_info[2]) from e
  File "/data/.cache/python/lib/python3.10/site-packages/sqlalchemy/engine/base.py", line 1967, in _exec_single_context
    self.dialect.do_execute(
  File "/data/.cache/python/lib/python3.10/site-packages/sqlalchemy/engine/default.py", line 952, in do_execute
    cursor.execute(statement, parameters)
  File "/data/.cache/python/lib/python3.10/site-packages/sqlalchemy/dialects/postgresql/asyncpg.py", line 585, in execute
    self._adapt_connection.await_(
  File "/data/.cache/python/lib/python3.10/site-packages/sqlalchemy/util/_concurrency_py3k.py", line 132, in await_only
    return current.parent.switch(awaitable)  # type: ignore[no-any-return,attr-defined] # noqa: E501
  File "/data/.cache/python/lib/python3.10/site-packages/sqlalchemy/util/_concurrency_py3k.py", line 196, in greenlet_spawn
    value = await result
  File "/data/.cache/python/lib/python3.10/site-packages/sqlalchemy/dialects/postgresql/asyncpg.py", line 563, in _prepare_and_execute
    self._handle_exception(error)
  File "/data/.cache/python/lib/python3.10/site-packages/sqlalchemy/dialects/postgresql/asyncpg.py", line 513, in _handle_exception
    self._adapt_connection._handle_exception(error)
  File "/data/.cache/python/lib/python3.10/site-packages/sqlalchemy/dialects/postgresql/asyncpg.py", line 797, in _handle_exception
    raise translated_error from error
sqlalchemy.exc.ProgrammingError: (sqlalchemy.dialects.postgresql.asyncpg.ProgrammingError) <class 'asyncpg.exceptions.UndefinedColumnError'>: column banners.banner_title does not exist
[SQL: SELECT banners.id, banners.banner_title, banners.banner_text, banners.image_url, banners.link_url, banners.banner_type, banners.active, banners.sort_order, banners.created_at 
FROM banners 
WHERE banners.active = true ORDER BY banners.id DESC 
 LIMIT $1::INTEGER OFFSET $2::INTEGER]
[parameters: (2, 0)]
(Background on this error at: https://sqlalche.me/e/20/f405)
2026-03-15 09:52:22,311 - core.database - ERROR - Database session error: 500: Internal server error: (sqlalchemy.dialects.postgresql.asyncpg.ProgrammingError) <class 'asyncpg.exceptions.UndefinedColumnError'>: column banners.banner_title does not exist
[SQL: SELECT banners.id, banners.banner_title, banners.banner_text, banners.image_url, banners.link_url, banners.banner_type, banners.active, banners.sort_order, banners.created_at 
FROM banners 
WHERE banners.active = true ORDER BY banners.id DESC 
 LIMIT $1::INTEGER OFFSET $2::INTEGER]
[parameters: (2, 0)]
(Background on this error at: https://sqlalche.me/e/20/f405)
Traceback (most recent call last):
  File "/data/.cache/python/lib/python3.10/site-packages/sqlalchemy/dialects/postgresql/asyncpg.py", line 526, in _prepare_and_execute
    prepared_stmt, attributes = await adapt_connection._prepare(
  File "/data/.cache/python/lib/python3.10/site-packages/sqlalchemy/dialects/postgresql/asyncpg.py", line 773, in _prepare
    prepared_stmt = await self._connection.prepare(
  File "/data/.cache/python/lib/python3.10/site-packages/asyncpg/connection.py", line 638, in prepare
    return await self._prepare(
  File "/data/.cache/python/lib/python3.10/site-packages/asyncpg/connection.py", line 657, in _prepare
    stmt = await self._get_statement(
  File "/data/.cache/python/lib/python3.10/site-packages/asyncpg/connection.py", line 443, in _get_statement
    statement = await self._protocol.prepare(
  File "asyncpg/protocol/protocol.pyx", line 165, in prepare
asyncpg.exceptions.UndefinedColumnError: column banners.banner_title does not exist

The above exception was the direct cause of the following exception:

Traceback (most recent call last):
  File "/data/.cache/python/lib/python3.10/site-packages/sqlalchemy/engine/base.py", line 1967, in _exec_single_context
    self.dialect.do_execute(
  File "/data/.cache/python/lib/python3.10/site-packages/sqlalchemy/engine/default.py", line 952, in do_execute
    cursor.execute(statement, parameters)
  File "/data/.cache/python/lib/python3.10/site-packages/sqlalchemy/dialects/postgresql/asyncpg.py", line 585, in execute
    self._adapt_connection.await_(
  File "/data/.cache/python/lib/python3.10/site-packages/sqlalchemy/util/_concurrency_py3k.py", line 132, in await_only
    return current.parent.switch(awaitable)  # type: ignore[no-any-return,attr-defined] # noqa: E501
  File "/data/.cache/python/lib/python3.10/site-packages/sqlalchemy/util/_concurrency_py3k.py", line 196, in greenlet_spawn
    value = await result
  File "/data/.cache/python/lib/python3.10/site-packages/sqlalchemy/dialects/postgresql/asyncpg.py", line 563, in _prepare_and_execute
    self._handle_exception(error)
  File "/data/.cache/python/lib/python3.10/site-packages/sqlalchemy/dialects/postgresql/asyncpg.py", line 513, in _handle_exception
    self._adapt_connection._handle_exception(error)
  File "/data/.cache/python/lib/python3.10/site-packages/sqlalchemy/dialects/postgresql/asyncpg.py", line 797, in _handle_exception
    raise translated_error from error
sqlalchemy.dialects.postgresql.asyncpg.AsyncAdapt_asyncpg_dbapi.ProgrammingError: <class 'asyncpg.exceptions.UndefinedColumnError'>: column banners.banner_title does not exist

The above exception was the direct cause of the following exception:

Traceback (most recent call last):
  File "/workspace/app/backend/routers/banners.py", line 113, in query_bannerss
    result = await service.get_list(
  File "/workspace/app/backend/services/banners.py", line 75, in get_list
    result = await self.db.execute(query.offset(skip).limit(limit))
  File "/data/.cache/python/lib/python3.10/site-packages/sqlalchemy/ext/asyncio/session.py", line 449, in execute
    result = await greenlet_spawn(
  File "/data/.cache/python/lib/python3.10/site-packages/sqlalchemy/util/_concurrency_py3k.py", line 201, in greenlet_spawn
    result = context.throw(*sys.exc_info())
  File "/data/.cache/python/lib/python3.10/site-packages/sqlalchemy/orm/session.py", line 2351, in execute
    return self._execute_internal(
  File "/data/.cache/python/lib/python3.10/site-packages/sqlalchemy/orm/session.py", line 2249, in _execute_internal
    result: Result[Any] = compile_state_cls.orm_execute_statement(
  File "/data/.cache/python/lib/python3.10/site-packages/sqlalchemy/orm/context.py", line 306, in orm_execute_statement
    result = conn.execute(
  File "/data/.cache/python/lib/python3.10/site-packages/sqlalchemy/engine/base.py", line 1419, in execute
    return meth(
  File "/data/.cache/python/lib/python3.10/site-packages/sqlalchemy/sql/elements.py", line 527, in _execute_on_connection
    return connection._execute_clauseelement(
  File "/data/.cache/python/lib/python3.10/site-packages/sqlalchemy/engine/base.py", line 1641, in _execute_clauseelement
    ret = self._execute_context(
  File "/data/.cache/python/lib/python3.10/site-packages/sqlalchemy/engine/base.py", line 1846, in _execute_context
    return self._exec_single_context(
  File "/data/.cache/python/lib/python3.10/site-packages/sqlalchemy/engine/base.py", line 1986, in _exec_single_context
    self._handle_dbapi_exception(
  File "/data/.cache/python/lib/python3.10/site-packages/sqlalchemy/engine/base.py", line 2363, in _handle_dbapi_exception
    raise sqlalchemy_exception.with_traceback(exc_info[2]) from e
  File "/data/.cache/python/lib/python3.10/site-packages/sqlalchemy/engine/base.py", line 1967, in _exec_single_context
    self.dialect.do_execute(
  File "/data/.cache/python/lib/python3.10/site-packages/sqlalchemy/engine/default.py", line 952, in do_execute
    cursor.execute(statement, parameters)
  File "/data/.cache/python/lib/python3.10/site-packages/sqlalchemy/dialects/postgresql/asyncpg.py", line 585, in execute
    self._adapt_connection.await_(
  File "/data/.cache/python/lib/python3.10/site-packages/sqlalchemy/util/_concurrency_py3k.py", line 132, in await_only
    return current.parent.switch(awaitable)  # type: ignore[no-any-return,attr-defined] # noqa: E501
  File "/data/.cache/python/lib/python3.10/site-packages/sqlalchemy/util/_concurrency_py3k.py", line 196, in greenlet_spawn
    value = await result
  File "/data/.cache/python/lib/python3.10/site-packages/sqlalchemy/dialects/postgresql/asyncpg.py", line 563, in _prepare_and_execute
    self._handle_exception(error)
  File "/data/.cache/python/lib/python3.10/site-packages/sqlalchemy/dialects/postgresql/asyncpg.py", line 513, in _handle_exception
    self._adapt_connection._handle_exception(error)
  File "/data/.cache/python/lib/python3.10/site-packages/sqlalchemy/dialects/postgresql/asyncpg.py", line 797, in _handle_exception
    raise translated_error from error
sqlalchemy.exc.ProgrammingError: (sqlalchemy.dialects.postgresql.asyncpg.ProgrammingError) <class 'asyncpg.exceptions.UndefinedColumnError'>: column banners.banner_title does not exist
[SQL: SELECT banners.id, banners.banner_title, banners.banner_text, banners.image_url, banners.link_url, banners.banner_type, banners.active, banners.sort_order, banners.created_at 
FROM banners 
WHERE banners.active = true ORDER BY banners.id DESC 
 LIMIT $1::INTEGER OFFSET $2::INTEGER]
[parameters: (2, 0)]
(Background on this error at: https://sqlalche.me/e/20/f405)

During handling of the above exception, another exception occurred:

Traceback (most recent call last):
  File "/workspace/app/backend/core/database.py", line 534, in get_db
    yield session
  File "/data/.cache/python/lib/python3.10/site-packages/fastapi/routing.py", line 116, in app
    response = await f(request)
  File "/data/.cache/python/lib/python3.10/site-packages/fastapi/routing.py", line 670, in app
    raw_response = await run_endpoint_function(
  File "/data/.cache/python/lib/python3.10/site-packages/fastapi/routing.py", line 324, in run_endpoint_function
    return await dependant.call(**values)
  File "/workspace/app/backend/routers/banners.py", line 125, in query_bannerss
    raise HTTPException(status_code=500, detail=f"Internal server error: {str(e)}")
fastapi.exceptions.HTTPException: 500: Internal server error: (sqlalchemy.dialects.postgresql.asyncpg.ProgrammingError) <class 'asyncpg.exceptions.UndefinedColumnError'>: column banners.banner_title does not exist
[SQL: SELECT banners.id, banners.banner_title, banners.banner_text, banners.image_url, banners.link_url, banners.banner_type, banners.active, banners.sort_order, banners.created_at 
FROM banners 
WHERE banners.active = true ORDER BY banners.id DESC 
 LIMIT $1::INTEGER OFFSET $2::INTEGER]
[parameters: (2, 0)]
(Background on this error at: https://sqlalche.me/e/20/f405)
2026-03-15 09:52:22,311 - core.database - DEBUG - [DB_OP] Database session cleanup after 0.7748s
2026-03-15 09:52:22,353 - routers.jobs - DEBUG - Found 5 jobss
2026-03-15 09:52:22,354 - core.database - DEBUG - [DB_OP] Database session cleanup after 0.8243s
2026-03-15 09:52:22,371 - routers.directory_entries - DEBUG - Found 10 directory_entriess
2026-03-15 09:52:22,372 - core.database - DEBUG - [DB_OP] Database session cleanup after 0.8321s
2026-03-15 09:52:22,372 - core.database - ERROR - Failed to create database session: 500: Internal server error: (sqlalchemy.dialects.postgresql.asyncpg.ProgrammingError) <class 'asyncpg.exceptions.UndefinedColumnError'>: column banners.banner_title does not exist
[SQL: SELECT banners.id, banners.banner_title, banners.banner_text, banners.image_url, banners.link_url, banners.banner_type, banners.active, banners.sort_order, banners.created_at 
FROM banners 
WHERE banners.active = true ORDER BY banners.id DESC 
 LIMIT $1::INTEGER OFFSET $2::INTEGER]
[parameters: (2, 0)]
(Background on this error at: https://sqlalche.me/e/20/f405)
Traceback (most recent call last):
  File "/data/.cache/python/lib/python3.10/site-packages/sqlalchemy/dialects/postgresql/asyncpg.py", line 526, in _prepare_and_execute
    prepared_stmt, attributes = await adapt_connection._prepare(
  File "/data/.cache/python/lib/python3.10/site-packages/sqlalchemy/dialects/postgresql/asyncpg.py", line 773, in _prepare
    prepared_stmt = await self._connection.prepare(
  File "/data/.cache/python/lib/python3.10/site-packages/asyncpg/connection.py", line 638, in prepare
    return await self._prepare(
  File "/data/.cache/python/lib/python3.10/site-packages/asyncpg/connection.py", line 657, in _prepare
    stmt = await self._get_statement(
  File "/data/.cache/python/lib/python3.10/site-packages/asyncpg/connection.py", line 443, in _get_statement
    statement = await self._protocol.prepare(
  File "asyncpg/protocol/protocol.pyx", line 165, in prepare
asyncpg.exceptions.UndefinedColumnError: column banners.banner_title does not exist

The above exception was the direct cause of the following exception:

Traceback (most recent call last):
  File "/data/.cache/python/lib/python3.10/site-packages/sqlalchemy/engine/base.py", line 1967, in _exec_single_context
    self.dialect.do_execute(
  File "/data/.cache/python/lib/python3.10/site-packages/sqlalchemy/engine/default.py", line 952, in do_execute
    cursor.execute(statement, parameters)
  File "/data/.cache/python/lib/python3.10/site-packages/sqlalchemy/dialects/postgresql/asyncpg.py", line 585, in execute
    self._adapt_connection.await_(
  File "/data/.cache/python/lib/python3.10/site-packages/sqlalchemy/util/_concurrency_py3k.py", line 132, in await_only
    return current.parent.switch(awaitable)  # type: ignore[no-any-return,attr-defined] # noqa: E501
  File "/data/.cache/python/lib/python3.10/site-packages/sqlalchemy/util/_concurrency_py3k.py", line 196, in greenlet_spawn
    value = await result
  File "/data/.cache/python/lib/python3.10/site-packages/sqlalchemy/dialects/postgresql/asyncpg.py", line 563, in _prepare_and_execute
    self._handle_exception(error)
  File "/data/.cache/python/lib/python3.10/site-packages/sqlalchemy/dialects/postgresql/asyncpg.py", line 513, in _handle_exception
    self._adapt_connection._handle_exception(error)
  File "/data/.cache/python/lib/python3.10/site-packages/sqlalchemy/dialects/postgresql/asyncpg.py", line 797, in _handle_exception
    raise translated_error from error
sqlalchemy.dialects.postgresql.asyncpg.AsyncAdapt_asyncpg_dbapi.ProgrammingError: <class 'asyncpg.exceptions.UndefinedColumnError'>: column banners.banner_title does not exist

The above exception was the direct cause of the following exception:

Traceback (most recent call last):
  File "/workspace/app/backend/routers/banners.py", line 113, in query_bannerss
    result = await service.get_list(
  File "/workspace/app/backend/services/banners.py", line 75, in get_list
    result = await self.db.execute(query.offset(skip).limit(limit))
  File "/data/.cache/python/lib/python3.10/site-packages/sqlalchemy/ext/asyncio/session.py", line 449, in execute
    result = await greenlet_spawn(
  File "/data/.cache/python/lib/python3.10/site-packages/sqlalchemy/util/_concurrency_py3k.py", line 201, in greenlet_spawn
    result = context.throw(*sys.exc_info())
  File "/data/.cache/python/lib/python3.10/site-packages/sqlalchemy/orm/session.py", line 2351, in execute
    return self._execute_internal(
  File "/data/.cache/python/lib/python3.10/site-packages/sqlalchemy/orm/session.py", line 2249, in _execute_internal
    result: Result[Any] = compile_state_cls.orm_execute_statement(
  File "/data/.cache/python/lib/python3.10/site-packages/sqlalchemy/orm/context.py", line 306, in orm_execute_statement
    result = conn.execute(
  File "/data/.cache/python/lib/python3.10/site-packages/sqlalchemy/engine/base.py", line 1419, in execute
    return meth(
  File "/data/.cache/python/lib/python3.10/site-packages/sqlalchemy/sql/elements.py", line 527, in _execute_on_connection
    return connection._execute_clauseelement(
  File "/data/.cache/python/lib/python3.10/site-packages/sqlalchemy/engine/base.py", line 1641, in _execute_clauseelement
    ret = self._execute_context(
  File "/data/.cache/python/lib/python3.10/site-packages/sqlalchemy/engine/base.py", line 1846, in _execute_context
    return self._exec_single_context(
  File "/data/.cache/python/lib/python3.10/site-packages/sqlalchemy/engine/base.py", line 1986, in _exec_single_context
    self._handle_dbapi_exception(
  File "/data/.cache/python/lib/python3.10/site-packages/sqlalchemy/engine/base.py", line 2363, in _handle_dbapi_exception
    raise sqlalchemy_exception.with_traceback(exc_info[2]) from e
  File "/data/.cache/python/lib/python3.10/site-packages/sqlalchemy/engine/base.py", line 1967, in _exec_single_context
    self.dialect.do_execute(
  File "/data/.cache/python/lib/python3.10/site-packages/sqlalchemy/engine/default.py", line 952, in do_execute
    cursor.execute(statement, parameters)
  File "/data/.cache/python/lib/python3.10/site-packages/sqlalchemy/dialects/postgresql/asyncpg.py", line 585, in execute
    self._adapt_connection.await_(
  File "/data/.cache/python/lib/python3.10/site-packages/sqlalchemy/util/_concurrency_py3k.py", line 132, in await_only
    return current.parent.switch(awaitable)  # type: ignore[no-any-return,attr-defined] # noqa: E501
  File "/data/.cache/python/lib/python3.10/site-packages/sqlalchemy/util/_concurrency_py3k.py", line 196, in greenlet_spawn
    value = await result
  File "/data/.cache/python/lib/python3.10/site-packages/sqlalchemy/dialects/postgresql/asyncpg.py", line 563, in _prepare_and_execute
    self._handle_exception(error)
  File "/data/.cache/python/lib/python3.10/site-packages/sqlalchemy/dialects/postgresql/asyncpg.py", line 513, in _handle_exception
    self._adapt_connection._handle_exception(error)
  File "/data/.cache/python/lib/python3.10/site-packages/sqlalchemy/dialects/postgresql/asyncpg.py", line 797, in _handle_exception
    raise translated_error from error
sqlalchemy.exc.ProgrammingError: (sqlalchemy.dialects.postgresql.asyncpg.ProgrammingError) <class 'asyncpg.exceptions.UndefinedColumnError'>: column banners.banner_title does not exist
[SQL: SELECT banners.id, banners.banner_title, banners.banner_text, banners.image_url, banners.link_url, banners.banner_type, banners.active, banners.sort_order, banners.created_at 
FROM banners 
WHERE banners.active = true ORDER BY banners.id DESC 
 LIMIT $1::INTEGER OFFSET $2::INTEGER]
[parameters: (2, 0)]
(Background on this error at: https://sqlalche.me/e/20/f405)

During handling of the above exception, another exception occurred:

Traceback (most recent call last):
  File "/workspace/app/backend/core/database.py", line 534, in get_db
    yield session
  File "/data/.cache/python/lib/python3.10/site-packages/fastapi/routing.py", line 116, in app
    response = await f(request)
  File "/data/.cache/python/lib/python3.10/site-packages/fastapi/routing.py", line 670, in app
    raw_response = await run_endpoint_function(
  File "/data/.cache/python/lib/python3.10/site-packages/fastapi/routing.py", line 324, in run_endpoint_function
    return await dependant.call(**values)
  File "/workspace/app/backend/routers/banners.py", line 125, in query_bannerss
    raise HTTPException(status_code=500, detail=f"Internal server error: {str(e)}")
fastapi.exceptions.HTTPException: 500: Internal server error: (sqlalchemy.dialects.postgresql.asyncpg.ProgrammingError) <class 'asyncpg.exceptions.UndefinedColumnError'>: column banners.banner_title does not exist
[SQL: SELECT banners.id, banners.banner_title, banners.banner_text, banners.image_url, banners.link_url, banners.banner_type, banners.active, banners.sort_order, banners.created_at 
FROM banners 
WHERE banners.active = true ORDER BY banners.id DESC 
 LIMIT $1::INTEGER OFFSET $2::INTEGER]
[parameters: (2, 0)]
(Background on this error at: https://sqlalche.me/e/20/f405)
2026-03-15 09:52:22,374 - routers.questions - DEBUG - Found 7 questionss
2026-03-15 09:52:22,375 - core.database - DEBUG - [DB_OP] Database session cleanup after 0.8423s
2026-03-15 09:52:24,462 - services.database - DEBUG - [DB_OP] Starting database close
2026-03-15 09:52:25,013 - core.database - INFO - Database connection closed and engine disposed
2026-03-15 09:52:25,013 - services.database - INFO - Database connections closed
2026-03-15 09:52:25,013 - services.database - DEBUG - [DB_OP] Database close completed in 0.5515s
