2026-03-15 07:48:56,771 - main - INFO - === Logging system initialized ===
2026-03-15 07:48:56,772 - main - INFO - Log file: logs/app_20260315_074856.log
2026-03-15 07:48:56,772 - main - INFO - Log level: INFO
2026-03-15 07:48:56,772 - main - INFO - Timestamp: 20260315_074856
2026-03-15 07:48:57,739 - main - INFO - Included router: routers.aihub.router
2026-03-15 07:48:57,808 - main - INFO - Included router: routers.announcements.router
2026-03-15 07:48:57,833 - main - INFO - Included router: routers.auth.router
2026-03-15 07:48:58,010 - main - INFO - Included router: routers.banners.router
2026-03-15 07:48:58,108 - main - INFO - Included router: routers.become_master_requests.router
2026-03-15 07:48:58,179 - main - INFO - Included router: routers.complaints.router
2026-03-15 07:48:58,233 - main - INFO - Included router: routers.directory_entries.router
2026-03-15 07:48:58,236 - main - INFO - Included router: routers.health.router
2026-03-15 07:48:58,295 - main - INFO - Included router: routers.jobs.router
2026-03-15 07:48:58,356 - main - INFO - Included router: routers.master_requests.router
2026-03-15 07:48:58,418 - main - INFO - Included router: routers.masters.router
2026-03-15 07:48:58,462 - main - INFO - Included router: routers.news.router
2026-03-15 07:48:58,503 - main - INFO - Included router: routers.question_answers.router
2026-03-15 07:48:58,544 - main - INFO - Included router: routers.questions.router
2026-03-15 07:48:58,572 - main - INFO - Included router: routers.settings.router
2026-03-15 07:48:58,614 - main - INFO - Included router: routers.storage.router
2026-03-15 07:48:58,628 - main - INFO - Included router: routers.user.router
2026-03-15 07:48:58,631 - main - INFO - === Application startup initiated ===
2026-03-15 07:48:58,631 - services.database - DEBUG - [DB_OP] Starting database initialization
2026-03-15 07:48:58,631 - services.database - INFO - 🔧 Starting database initialization...
2026-03-15 07:48:58,632 - core.database - INFO - Starting database initialization...
2026-03-15 07:48:58,632 - core.config - DEBUG - Read dynamic attribute database_url from environment variable DATABASE_URL
2026-03-15 07:48:58,632 - core.database - INFO - Normalizing database URL for async compatibility...
2026-03-15 07:48:58,633 - core.database - INFO - Creating async database engine...
2026-03-15 07:48:58,633 - core.database - INFO - Using QueuePool with connection pooling for non-Lambda environment
2026-03-15 07:48:58,699 - core.database - INFO - Database engine created successfully
2026-03-15 07:48:58,699 - core.database - INFO - Creating async session maker...
2026-03-15 07:48:58,701 - core.database - INFO - Async session maker created successfully
2026-03-15 07:48:58,701 - core.database - INFO - Database connection initialized successfully
2026-03-15 07:48:58,702 - services.database - INFO - 🔧 Database connection initialized, now creating tables if tables not exist...
2026-03-15 07:48:58,702 - core.database - DEBUG - [DB_OP] Starting create_tables
2026-03-15 07:48:58,702 - core.database - INFO - 🔧 Starting table creation...
2026-03-15 07:49:00,693 - core.database - INFO - Tables initialized successfully
2026-03-15 07:49:00,694 - core.database - DEBUG - [DB_OP] Create tables completed in 1.9920s
2026-03-15 07:49:00,753 - services.database - INFO - 🔧 Table creation completed
2026-03-15 07:49:00,753 - services.database - INFO - Database initialized successfully
2026-03-15 07:49:00,753 - services.database - DEBUG - [DB_OP] Database initialization completed in 2.1223s
2026-03-15 07:49:00,757 - services.mock_data - INFO - Processing mock data file announcements.json for table announcements
2026-03-15 07:49:00,757 - services.mock_data - INFO - Processing mock data file banners.json for table banners
2026-03-15 07:49:00,759 - services.mock_data - INFO - Processing mock data file complaints.json for table complaints
2026-03-15 07:49:00,760 - services.mock_data - INFO - Processing mock data file directory_entries.json for table directory_entries
2026-03-15 07:49:00,761 - services.mock_data - INFO - Processing mock data file jobs.json for table jobs
2026-03-15 07:49:02,865 - services.mock_data - INFO - Table announcements already has 6 rows; skipping mock insert
2026-03-15 07:49:02,867 - services.mock_data - INFO - Table complaints already has 5 rows; skipping mock insert
2026-03-15 07:49:02,925 - services.mock_data - INFO - Processing mock data file master_requests.json for table master_requests
2026-03-15 07:49:02,926 - services.mock_data - INFO - Processing mock data file masters.json for table masters
2026-03-15 07:49:02,930 - services.mock_data - INFO - Table banners already has 2 rows; skipping mock insert
2026-03-15 07:49:02,982 - services.mock_data - INFO - Table jobs already has 5 rows; skipping mock insert
2026-03-15 07:49:02,989 - services.mock_data - INFO - Table directory_entries already has 10 rows; skipping mock insert
2026-03-15 07:49:02,990 - services.mock_data - INFO - Processing mock data file news.json for table news
2026-03-15 07:49:03,042 - services.mock_data - INFO - Processing mock data file question_answers.json for table question_answers
2026-03-15 07:49:03,049 - services.mock_data - INFO - Processing mock data file questions.json for table questions
2026-03-15 07:49:03,879 - services.mock_data - INFO - Table master_requests already has 5 rows; skipping mock insert
2026-03-15 07:49:03,941 - services.mock_data - INFO - Table masters already has 8 rows; skipping mock insert
2026-03-15 07:49:03,999 - services.mock_data - INFO - Table news already has 5 rows; skipping mock insert
2026-03-15 07:49:04,057 - services.mock_data - INFO - Table question_answers already has 8 rows; skipping mock insert
2026-03-15 07:49:04,067 - services.mock_data - INFO - Table questions already has 6 rows; skipping mock insert
2026-03-15 07:49:04,126 - services.database - DEBUG - [DB_OP] Starting database initialization
2026-03-15 07:49:04,126 - services.database - INFO - 🔧 Starting database initialization...
2026-03-15 07:49:04,127 - core.database - INFO - Starting database initialization...
2026-03-15 07:49:04,127 - core.database - INFO - Database already initialized
2026-03-15 07:49:04,127 - services.database - INFO - 🔧 Database connection initialized, now creating tables if tables not exist...
2026-03-15 07:49:04,127 - core.database - DEBUG - [DB_OP] Starting create_tables
2026-03-15 07:49:04,128 - core.database - INFO - Tables already initialized
2026-03-15 07:49:04,128 - services.database - INFO - 🔧 Table creation completed
2026-03-15 07:49:04,128 - services.database - INFO - Database initialized successfully
2026-03-15 07:49:04,128 - services.database - DEBUG - [DB_OP] Database initialization completed in 0.0017s
2026-03-15 07:49:04,128 - core.config - DEBUG - Read dynamic attribute admin_user_id from environment variable ADMIN_USER_ID
2026-03-15 07:49:04,128 - core.config - DEBUG - Read dynamic attribute admin_user_email from environment variable ADMIN_USER_EMAIL
2026-03-15 07:49:04,496 - services.auth - DEBUG - Admin user 1029346 already exists
2026-03-15 07:49:04,555 - main - INFO - === Application startup completed successfully ===
2026-03-15 07:49:06,963 - services.database - DEBUG - [DB_OP] Starting database close
2026-03-15 07:49:07,272 - core.database - INFO - Database connection closed and engine disposed
2026-03-15 07:49:07,272 - services.database - INFO - Database connections closed
2026-03-15 07:49:07,272 - services.database - DEBUG - [DB_OP] Database close completed in 0.3092s
