2026-03-18 07:17:44,306 - main - INFO - === Logging system initialized ===
2026-03-18 07:17:44,307 - main - INFO - Log file: logs/app_20260318_071744.log
2026-03-18 07:17:44,307 - main - INFO - Log level: INFO
2026-03-18 07:17:44,307 - main - INFO - Timestamp: 20260318_071744
2026-03-18 07:17:45,366 - main - INFO - Included router: routers.aihub.router
2026-03-18 07:17:45,444 - main - INFO - Included router: routers.announcements.router
2026-03-18 07:17:45,473 - main - INFO - Included router: routers.auth.router
2026-03-18 07:17:45,523 - main - INFO - Included router: routers.banners.router
2026-03-18 07:17:45,685 - main - INFO - Included router: routers.become_master_requests.router
2026-03-18 07:17:45,740 - main - INFO - Included router: routers.categories.router
2026-03-18 07:17:45,881 - main - INFO - Included router: routers.complaints.router
2026-03-18 07:17:45,884 - main - WARNING - Failed to import module 'routers.debug_schema': cannot import name 'async_engine' from 'core.database' (/workspace/app/backend/core/database.py)
2026-03-18 07:17:45,940 - main - INFO - Included router: routers.directory_entries.router
2026-03-18 07:17:45,942 - main - INFO - Included router: routers.health.router
2026-03-18 07:17:46,001 - main - INFO - Included router: routers.jobs.router
2026-03-18 07:17:46,097 - main - INFO - Included router: routers.master_requests.router
2026-03-18 07:17:46,173 - main - INFO - Included router: routers.masters.router
2026-03-18 07:17:46,261 - main - INFO - Included router: routers.news.router
2026-03-18 07:17:46,313 - main - INFO - Included router: routers.question_answers.router
2026-03-18 07:17:46,373 - main - INFO - Included router: routers.questions.router
2026-03-18 07:17:46,404 - main - INFO - Included router: routers.settings.router
2026-03-18 07:17:46,451 - main - INFO - Included router: routers.storage.router
2026-03-18 07:17:46,477 - main - INFO - Included router: routers.telegram.router
2026-03-18 07:17:46,489 - main - INFO - Included router: routers.user.router
2026-03-18 07:17:46,490 - main - INFO - === Application startup initiated ===
2026-03-18 07:17:46,490 - services.database - INFO - Ignore creating tables
2026-03-18 07:17:46,491 - services.mock_data - INFO - Ignore initialize data
2026-03-18 07:17:46,491 - services.auth - INFO - Ignore initialize admin
2026-03-18 07:17:46,491 - main - INFO - === Application startup completed successfully ===
2026-03-18 07:17:46,593 - services.database - DEBUG - [DB_OP] Starting database close
2026-03-18 07:17:46,593 - services.database - INFO - Database connections closed
2026-03-18 07:17:46,593 - services.database - DEBUG - [DB_OP] Database close completed in 0.0010s
