2026-03-23 08:32:52,487 - main - INFO - === Logging system initialized ===
2026-03-23 08:32:52,488 - main - INFO - Log file: logs/app_20260323_083252.log
2026-03-23 08:32:52,488 - main - INFO - Log level: INFO
2026-03-23 08:32:52,488 - main - INFO - Timestamp: 20260323_083252
2026-03-23 08:32:52,492 - main - INFO - Included router: routers.admin_auth.router
2026-03-23 08:32:53,906 - main - INFO - Included router: routers.aihub.router
2026-03-23 08:32:53,966 - main - INFO - Included router: routers.announcements.router
2026-03-23 08:32:53,986 - main - INFO - Included router: routers.auth.router
2026-03-23 08:32:54,033 - main - INFO - Included router: routers.banners.router
2026-03-23 08:32:54,226 - main - INFO - Included router: routers.become_master_requests.router
2026-03-23 08:32:54,288 - main - INFO - Included router: routers.categories.router
2026-03-23 08:32:54,344 - main - INFO - Included router: routers.complaints.router
2026-03-23 08:32:54,347 - main - WARNING - Failed to import module 'routers.debug_schema': cannot import name 'async_engine' from 'core.database' (/workspace/app/backend/core/database.py)
2026-03-23 08:32:54,391 - main - INFO - Included router: routers.directory_entries.router
2026-03-23 08:32:54,430 - main - INFO - Included router: routers.food_categories.router
2026-03-23 08:32:54,473 - main - INFO - Included router: routers.food_item_modifiers.router
2026-03-23 08:32:54,520 - main - INFO - Included router: routers.food_items.router
2026-03-23 08:32:54,566 - main - INFO - Included router: routers.food_modifiers.router
2026-03-23 08:32:54,614 - main - INFO - Included router: routers.food_orders.router
2026-03-23 08:32:54,656 - main - INFO - Included router: routers.food_settings.router
2026-03-23 08:32:54,687 - main - INFO - Included router: routers.frontpad.router
2026-03-23 08:32:54,723 - main - INFO - Included router: routers.frontpad_settings.router
2026-03-23 08:32:54,765 - main - INFO - Included router: routers.frontpad_sync_log.router
2026-03-23 08:32:54,767 - main - INFO - Included router: routers.health.router
2026-03-23 08:32:54,879 - main - INFO - Included router: routers.history_events.router
2026-03-23 08:32:54,920 - main - INFO - Included router: routers.homepage_stats.router
2026-03-23 08:32:54,968 - main - INFO - Included router: routers.inspectors.router
2026-03-23 08:32:55,010 - main - INFO - Included router: routers.item_modifier_groups.router
2026-03-23 08:32:55,086 - main - INFO - Included router: routers.jobs.router
2026-03-23 08:32:55,130 - main - INFO - Included router: routers.master_requests.router
2026-03-23 08:32:55,189 - main - INFO - Included router: routers.masters.router
2026-03-23 08:32:55,240 - main - INFO - Included router: routers.modifier_groups.router
2026-03-23 08:32:55,283 - main - INFO - Included router: routers.modifier_options.router
2026-03-23 08:32:55,330 - main - INFO - Included router: routers.news.router
2026-03-23 08:32:55,374 - main - INFO - Included router: routers.question_answers.router
2026-03-23 08:32:55,415 - main - INFO - Included router: routers.questions.router
2026-03-23 08:32:55,654 - main - INFO - Included router: routers.real_estate.router
2026-03-23 08:32:55,687 - main - INFO - Included router: routers.settings.router
2026-03-23 08:32:55,730 - main - INFO - Included router: routers.storage.router
2026-03-23 08:32:55,755 - main - INFO - Included router: routers.telegram.router
2026-03-23 08:32:55,763 - main - INFO - Included router: routers.user.router
2026-03-23 08:32:55,808 - main - INFO - Included router: routers.user_preferences.router
2026-03-23 08:32:55,809 - main - INFO - === Application startup initiated ===
2026-03-23 08:32:55,809 - services.database - INFO - Ignore creating tables
2026-03-23 08:32:55,809 - services.mock_data - INFO - Ignore initialize data
2026-03-23 08:32:55,809 - services.auth - INFO - Ignore initialize admin
2026-03-23 08:32:55,809 - services.database - INFO - Ignore creating tables
