2026-03-31 09:32:56,594 - main - INFO - === Logging system initialized ===
2026-03-31 09:32:56,594 - main - INFO - Log file: logs/app_20260331_093256.log
2026-03-31 09:32:56,594 - main - INFO - Log level: INFO
2026-03-31 09:32:56,595 - main - INFO - Timestamp: 20260331_093256
2026-03-31 09:32:56,601 - main - INFO - Included router: routers.admin_auth.router
2026-03-31 09:32:57,312 - main - INFO - Included router: routers.aihub.router
2026-03-31 09:32:57,547 - main - INFO - Included router: routers.announcements.router
2026-03-31 09:32:57,568 - main - INFO - Included router: routers.auth.router
2026-03-31 09:32:57,616 - main - INFO - Included router: routers.banners.router
2026-03-31 09:32:57,756 - main - INFO - Included router: routers.become_master_requests.router
2026-03-31 09:32:57,809 - main - INFO - Included router: routers.categories.router
2026-03-31 09:32:57,858 - main - INFO - Included router: routers.complaints.router
2026-03-31 09:32:57,860 - main - WARNING - Failed to import module 'routers.debug_schema': cannot import name 'async_engine' from 'core.database' (/workspace/app/backend/core/database.py)
2026-03-31 09:32:57,905 - main - INFO - Included router: routers.directory_entries.router
2026-03-31 09:32:57,947 - main - INFO - Included router: routers.food_categories.router
2026-03-31 09:32:57,986 - main - INFO - Included router: routers.food_item_modifiers.router
2026-03-31 09:32:58,033 - main - INFO - Included router: routers.food_items.router
2026-03-31 09:32:58,072 - main - INFO - Included router: routers.food_modifiers.router
2026-03-31 09:32:58,123 - main - INFO - Included router: routers.food_orders.router
2026-03-31 09:32:58,162 - main - INFO - Included router: routers.food_settings.router
2026-03-31 09:32:58,197 - main - INFO - Included router: routers.frontpad.router
2026-03-31 09:32:58,232 - main - INFO - Included router: routers.frontpad_settings.router
2026-03-31 09:32:58,271 - main - INFO - Included router: routers.frontpad_sync_log.router
2026-03-31 09:32:58,273 - main - INFO - Included router: routers.health.router
2026-03-31 09:32:58,458 - main - INFO - Included router: routers.history_events.router
2026-03-31 09:32:58,506 - main - INFO - Included router: routers.homepage_stats.router
2026-03-31 09:32:58,555 - main - INFO - Included router: routers.inspectors.router
2026-03-31 09:32:58,594 - main - INFO - Included router: routers.item_modifier_groups.router
2026-03-31 09:32:58,646 - main - INFO - Included router: routers.jobs.router
2026-03-31 09:32:58,696 - main - INFO - Included router: routers.master_requests.router
2026-03-31 09:32:58,751 - main - INFO - Included router: routers.masters.router
2026-03-31 09:32:58,795 - main - INFO - Included router: routers.modifier_groups.router
2026-03-31 09:32:58,839 - main - INFO - Included router: routers.modifier_options.router
2026-03-31 09:32:58,899 - main - INFO - Included router: routers.news.router
2026-03-31 09:32:58,943 - main - INFO - Included router: routers.question_answers.router
2026-03-31 09:32:58,989 - main - INFO - Included router: routers.questions.router
2026-03-31 09:32:59,237 - main - INFO - Included router: routers.real_estate.router
2026-03-31 09:32:59,256 - main - INFO - Included router: routers.settings.router
2026-03-31 09:32:59,280 - main - INFO - Included router: routers.storage.router
2026-03-31 09:32:59,316 - main - INFO - Included router: routers.telegram.router
2026-03-31 09:32:59,327 - main - INFO - Included router: routers.user.router
2026-03-31 09:32:59,381 - main - INFO - Included router: routers.user_preferences.router
2026-03-31 09:32:59,384 - main - INFO - === Application startup initiated ===
2026-03-31 09:32:59,384 - services.database - INFO - Ignore creating tables
2026-03-31 09:32:59,385 - services.mock_data - INFO - Ignore initialize data
2026-03-31 09:32:59,385 - services.auth - INFO - Ignore initialize admin
2026-03-31 09:32:59,385 - core.database - WARNING - Database not initialized, attempting lazy initialization...
2026-03-31 09:32:59,385 - core.database - INFO - Starting database initialization...
2026-03-31 09:32:59,385 - core.config - DEBUG - Read dynamic attribute database_url from environment variable DATABASE_URL
2026-03-31 09:32:59,386 - core.database - INFO - Normalizing database URL for async compatibility...
2026-03-31 09:32:59,387 - core.database - INFO - Creating async database engine...
2026-03-31 09:32:59,387 - core.database - INFO - Using QueuePool with connection pooling for non-Lambda environment
2026-03-31 09:32:59,444 - core.database - INFO - Database engine created successfully
2026-03-31 09:32:59,444 - core.database - INFO - Creating async session maker...
2026-03-31 09:32:59,445 - core.database - INFO - Async session maker created successfully
2026-03-31 09:32:59,445 - core.database - INFO - Database connection initialized successfully
2026-03-31 09:32:59,445 - core.database - DEBUG - [DB_OP] Starting create_tables
2026-03-31 09:32:59,445 - core.database - INFO - 🔧 Starting table structure repair...
2026-03-31 09:33:00,755 - core.database - INFO - 🔧 Repairing 33 existing tables...
2026-03-31 09:33:00,756 - core.database - DEBUG - Checking table structure for: users
2026-03-31 09:33:00,757 - core.database - DEBUG - Checking table structure for: oidc_states
2026-03-31 09:33:00,758 - core.database - DEBUG - Checking table structure for: admin_credentials
2026-03-31 09:33:00,760 - core.database - DEBUG - Checking table structure for: admin_login_attempts
2026-03-31 09:33:00,761 - core.database - DEBUG - Checking table structure for: admin_login_lockouts
2026-03-31 09:33:00,762 - core.database - DEBUG - Checking table structure for: announcements
2026-03-31 09:33:00,763 - core.database - DEBUG - Checking table structure for: banners
2026-03-31 09:33:00,765 - core.database - DEBUG - Checking table structure for: become_master_requests
2026-03-31 09:33:00,767 - core.database - DEBUG - Checking table structure for: categories
2026-03-31 09:33:00,769 - core.database - DEBUG - Checking table structure for: complaints
2026-03-31 09:33:01,504 - core.database - DEBUG - Table users structure is up to date
2026-03-31 09:33:01,504 - core.database - INFO - Table users repaired in 0.75s
2026-03-31 09:33:01,504 - core.database - DEBUG - Checking table structure for: directory_entries
2026-03-31 09:33:01,573 - core.database - DEBUG - Table oidc_states structure is up to date
2026-03-31 09:33:01,573 - core.database - INFO - Table oidc_states repaired in 0.82s
2026-03-31 09:33:01,573 - core.database - DEBUG - Checking table structure for: food_categories
2026-03-31 09:33:01,578 - core.database - DEBUG - Table admin_credentials structure is up to date
2026-03-31 09:33:01,578 - core.database - INFO - Table admin_credentials repaired in 0.82s
2026-03-31 09:33:01,578 - core.database - DEBUG - Checking table structure for: food_item_modifiers
2026-03-31 09:33:01,633 - core.database - DEBUG - Table categories structure is up to date
2026-03-31 09:33:01,633 - core.database - INFO - Table categories repaired in 0.87s
2026-03-31 09:33:01,634 - core.database - DEBUG - Checking table structure for: food_items
2026-03-31 09:33:01,647 - core.database - DEBUG - Table admin_login_attempts structure is up to date
2026-03-31 09:33:01,647 - core.database - INFO - Table admin_login_attempts repaired in 0.89s
2026-03-31 09:33:01,648 - core.database - DEBUG - Checking table structure for: food_modifiers
2026-03-31 09:33:01,655 - core.database - DEBUG - Table complaints structure is up to date
2026-03-31 09:33:01,655 - core.database - INFO - Table complaints repaired in 0.89s
2026-03-31 09:33:01,655 - core.database - DEBUG - Checking table structure for: food_orders
2026-03-31 09:33:01,656 - core.database - DEBUG - Table become_master_requests structure is up to date
2026-03-31 09:33:01,657 - core.database - INFO - Table become_master_requests repaired in 0.89s
2026-03-31 09:33:01,657 - core.database - DEBUG - Checking table structure for: food_settings
2026-03-31 09:33:01,666 - core.database - DEBUG - Table admin_login_lockouts structure is up to date
2026-03-31 09:33:01,666 - core.database - INFO - Table admin_login_lockouts repaired in 0.91s
2026-03-31 09:33:01,666 - core.database - DEBUG - Checking table structure for: frontpad_settings
2026-03-31 09:33:01,667 - core.database - DEBUG - Table banners structure is up to date
2026-03-31 09:33:01,667 - core.database - INFO - Table banners repaired in 0.90s
2026-03-31 09:33:01,668 - core.database - DEBUG - Checking table structure for: frontpad_sync_log
2026-03-31 09:33:01,669 - core.database - DEBUG - Table announcements structure is up to date
2026-03-31 09:33:01,669 - core.database - INFO - Table announcements repaired in 0.91s
2026-03-31 09:33:01,670 - core.database - DEBUG - Checking table structure for: history_events
2026-03-31 09:33:01,882 - core.database - DEBUG - Table directory_entries structure is up to date
2026-03-31 09:33:01,882 - core.database - INFO - Table directory_entries repaired in 1.11s
2026-03-31 09:33:01,882 - core.database - DEBUG - Checking table structure for: homepage_stats
2026-03-31 09:33:02,010 - core.database - DEBUG - Table food_categories structure is up to date
2026-03-31 09:33:02,010 - core.database - INFO - Table food_categories repaired in 1.24s
2026-03-31 09:33:02,010 - core.database - DEBUG - Checking table structure for: inspectors
2026-03-31 09:33:02,014 - core.database - DEBUG - Table food_item_modifiers structure is up to date
2026-03-31 09:33:02,014 - core.database - INFO - Table food_item_modifiers repaired in 1.24s
2026-03-31 09:33:02,015 - core.database - DEBUG - Checking table structure for: item_modifier_groups
2026-03-31 09:33:02,071 - core.database - DEBUG - Table food_items structure is up to date
2026-03-31 09:33:02,071 - core.database - INFO - Table food_items repaired in 1.30s
2026-03-31 09:33:02,072 - core.database - DEBUG - Checking table structure for: jobs
2026-03-31 09:33:02,084 - core.database - DEBUG - Table food_modifiers structure is up to date
2026-03-31 09:33:02,085 - core.database - INFO - Table food_modifiers repaired in 1.31s
2026-03-31 09:33:02,085 - core.database - DEBUG - Checking table structure for: master_requests
2026-03-31 09:33:02,093 - core.database - DEBUG - Table food_orders structure is up to date
2026-03-31 09:33:02,094 - core.database - INFO - Table food_orders repaired in 1.32s
2026-03-31 09:33:02,094 - core.database - DEBUG - Checking table structure for: masters
2026-03-31 09:33:02,098 - core.database - DEBUG - Table food_settings structure is up to date
2026-03-31 09:33:02,098 - core.database - INFO - Table food_settings repaired in 1.33s
2026-03-31 09:33:02,098 - core.database - DEBUG - Checking table structure for: modifier_groups
2026-03-31 09:33:02,113 - core.database - DEBUG - Table frontpad_settings structure is up to date
2026-03-31 09:33:02,113 - core.database - INFO - Table frontpad_settings repaired in 1.34s
2026-03-31 09:33:02,113 - core.database - DEBUG - Checking table structure for: modifier_options
2026-03-31 09:33:02,114 - core.database - DEBUG - Table frontpad_sync_log structure is up to date
2026-03-31 09:33:02,114 - core.database - INFO - Table frontpad_sync_log repaired in 1.34s
2026-03-31 09:33:02,114 - core.database - DEBUG - Checking table structure for: news
2026-03-31 09:33:02,118 - core.database - DEBUG - Table history_events structure is up to date
2026-03-31 09:33:02,118 - core.database - INFO - Table history_events repaired in 1.35s
2026-03-31 09:33:02,118 - core.database - DEBUG - Checking table structure for: question_answers
2026-03-31 09:33:02,260 - core.database - DEBUG - Table homepage_stats structure is up to date
2026-03-31 09:33:02,260 - core.database - INFO - Table homepage_stats repaired in 1.49s
2026-03-31 09:33:02,260 - core.database - DEBUG - Checking table structure for: questions
2026-03-31 09:33:02,391 - core.database - DEBUG - Table item_modifier_groups structure is up to date
2026-03-31 09:33:02,392 - core.database - INFO - Table item_modifier_groups repaired in 1.62s
2026-03-31 09:33:02,392 - core.database - DEBUG - Checking table structure for: real_estate
2026-03-31 09:33:02,446 - core.database - DEBUG - Table inspectors structure is up to date
2026-03-31 09:33:02,447 - core.database - INFO - Table inspectors repaired in 1.68s
2026-03-31 09:33:02,447 - core.database - DEBUG - Checking table structure for: user_preferences
2026-03-31 09:33:02,459 - core.database - DEBUG - Table master_requests structure is up to date
2026-03-31 09:33:02,459 - core.database - INFO - Table master_requests repaired in 1.69s
2026-03-31 09:33:02,477 - core.database - DEBUG - Table modifier_groups structure is up to date
2026-03-31 09:33:02,477 - core.database - INFO - Table modifier_groups repaired in 1.71s
2026-03-31 09:33:02,497 - core.database - DEBUG - Table modifier_options structure is up to date
2026-03-31 09:33:02,497 - core.database - INFO - Table modifier_options repaired in 1.73s
2026-03-31 09:33:02,505 - core.database - DEBUG - Table question_answers structure is up to date
2026-03-31 09:33:02,505 - core.database - INFO - Table question_answers repaired in 1.74s
2026-03-31 09:33:02,506 - core.database - DEBUG - Table jobs structure is up to date
2026-03-31 09:33:02,506 - core.database - INFO - Table jobs repaired in 1.74s
2026-03-31 09:33:02,531 - core.database - DEBUG - Table masters structure is up to date
2026-03-31 09:33:02,531 - core.database - INFO - Table masters repaired in 1.76s
2026-03-31 09:33:02,559 - core.database - DEBUG - Table news structure is up to date
2026-03-31 09:33:02,559 - core.database - INFO - Table news repaired in 1.79s
2026-03-31 09:33:02,637 - core.database - DEBUG - Table questions structure is up to date
2026-03-31 09:33:02,637 - core.database - INFO - Table questions repaired in 1.87s
2026-03-31 09:33:02,825 - core.database - DEBUG - Table user_preferences structure is up to date
2026-03-31 09:33:02,825 - core.database - INFO - Table user_preferences repaired in 2.05s
2026-03-31 09:33:02,827 - core.database - DEBUG - Table real_estate structure is up to date
2026-03-31 09:33:02,829 - core.database - INFO - Table real_estate repaired in 2.06s
2026-03-31 09:33:02,829 - core.database - INFO - 🔧 Table structure repair completed in 3.3839s
2026-03-31 09:33:02,829 - core.database - INFO - 🔧 Table structure repair completed
2026-03-31 09:33:02,830 - core.database - INFO - 🔧 Starting table creation...
2026-03-31 09:33:05,212 - core.database - INFO - Tables initialized successfully
2026-03-31 09:33:05,212 - core.database - DEBUG - [DB_OP] Create tables completed in 5.7675s
2026-03-31 09:33:05,274 - core.database - INFO - Lazy database initialization completed successfully
2026-03-31 09:33:05,678 - routers.admin_auth - DEBUG - [Admin Auth] Admin credentials already exist
2026-03-31 09:33:05,742 - core.config - DEBUG - Read dynamic attribute oss_service_url from environment variable OSS_SERVICE_URL
2026-03-31 09:33:05,742 - core.config - DEBUG - Read dynamic attribute oss_api_key from environment variable OSS_API_KEY
2026-03-31 09:33:05,872 - httpcore.connection - DEBUG - connect_tcp.started host='atoms.dev' port=443 local_address=None timeout=120.0 socket_options=None
2026-03-31 09:33:05,897 - httpcore.connection - DEBUG - connect_tcp.complete return_value=<httpcore._backends.anyio.AnyIOStream object at 0x7f2983c71180>
2026-03-31 09:33:05,898 - httpcore.connection - DEBUG - start_tls.started ssl_context=<ssl.SSLContext object at 0x7f2985ed7440> server_hostname='atoms.dev' timeout=120.0
2026-03-31 09:33:05,909 - httpcore.connection - DEBUG - start_tls.complete return_value=<httpcore._backends.anyio.AnyIOStream object at 0x7f2983c70070>
2026-03-31 09:33:05,911 - httpcore.http11 - DEBUG - send_request_headers.started request=<Request [b'GET']>
2026-03-31 09:33:05,912 - httpcore.http11 - DEBUG - send_request_headers.complete
2026-03-31 09:33:05,912 - httpcore.http11 - DEBUG - send_request_body.started request=<Request [b'GET']>
2026-03-31 09:33:05,912 - httpcore.http11 - DEBUG - send_request_body.complete
2026-03-31 09:33:05,912 - httpcore.http11 - DEBUG - receive_response_headers.started request=<Request [b'GET']>
2026-03-31 09:33:05,938 - httpcore.http11 - DEBUG - receive_response_headers.complete return_value=(b'HTTP/1.1', 200, b'OK', [(b'Date', b'Tue, 31 Mar 2026 16:33:05 GMT'), (b'Content-Type', b'application/json; charset=utf-8'), (b'Transfer-Encoding', b'chunked'), (b'Connection', b'keep-alive'), (b'Access-Control-Allow-Headers', b'Origin, Content-Type, Accept, Authorization'), (b'Access-Control-Allow-Methods', b'GET, POST, PUT, DELETE, OPTIONS'), (b'Access-Control-Allow-Origin', b'*'), (b'Access-Control-Max-Age', b'86400'), (b'X-Request-Id', b'771def20b0590d06f7e18c1dec5d5a33'), (b'X-Trace-Id', b'c0024a46cb234867a20641d8b8c30bd8'), (b'Content-Security-Policy', b"frame-ancestors 'self' https://atoms.dev"), (b'Strict-Transport-Security', b'max-age=63072000; includeSubDomains; preload'), (b'X-Content-Type-Options', b'nosniff'), (b'X-XSS-Protection', b'1; mode=block'), (b'Referrer-Policy', b'strict-origin-when-cross-origin'), (b'cf-cache-status', b'DYNAMIC'), (b'Content-Encoding', b'gzip'), (b'Server', b'cloudflare'), (b'CF-RAY', b'9e50c0fbfa33515a-LAX')])
2026-03-31 09:33:05,939 - httpx - INFO - HTTP Request: GET https://atoms.dev/api/v1/infra/client/oss/buckets "HTTP/1.1 200 OK"
2026-03-31 09:33:05,940 - httpcore.http11 - DEBUG - receive_response_body.started request=<Request [b'GET']>
2026-03-31 09:33:05,940 - httpcore.http11 - DEBUG - receive_response_body.complete
2026-03-31 09:33:05,941 - httpcore.http11 - DEBUG - response_closed.started
2026-03-31 09:33:05,941 - httpcore.http11 - DEBUG - response_closed.complete
2026-03-31 09:33:05,942 - httpcore.connection - DEBUG - close.started
2026-03-31 09:33:05,942 - httpcore.connection - DEBUG - close.complete
2026-03-31 09:33:05,943 - services.bucket_init - INFO - Bucket 'portal-images' already exists
2026-03-31 09:33:05,943 - main - INFO - === Application startup completed successfully ===
2026-03-31 09:35:13,957 - core.database - DEBUG - [DB_OP] Starting get_db session creation
2026-03-31 09:35:13,958 - core.database - DEBUG - [DB_OP] Database session created successfully in 0.0005s
2026-03-31 09:35:13,958 - routers.categories - DEBUG - Querying categoriess: query=None, sort=None, skip=0, limit=1, fields=None
2026-03-31 09:35:14,470 - routers.categories - DEBUG - Found 45 categoriess
2026-03-31 09:35:14,471 - core.database - DEBUG - [DB_OP] Database session cleanup after 0.5136s
2026-03-31 09:35:14,825 - core.database - DEBUG - [DB_OP] Starting get_db session creation
2026-03-31 09:35:14,825 - core.database - DEBUG - [DB_OP] Database session created successfully in 0.0004s
2026-03-31 09:35:14,826 - routers.news - DEBUG - Querying newss: query={"published":true}, sort=-created_at, skip=0, limit=3, fields=None
2026-03-31 09:35:14,831 - core.database - DEBUG - [DB_OP] Starting get_db session creation
2026-03-31 09:35:14,831 - core.database - DEBUG - [DB_OP] Database session created successfully in 0.0003s
2026-03-31 09:35:14,832 - routers.jobs - DEBUG - Querying jobss: query={"active":true}, sort=-created_at, skip=0, limit=3, fields=None
2026-03-31 09:35:14,836 - core.database - DEBUG - [DB_OP] Starting get_db session creation
2026-03-31 09:35:14,837 - core.database - DEBUG - [DB_OP] Database session created successfully in 0.0004s
2026-03-31 09:35:14,837 - routers.complaints - DEBUG - Querying complaintss: query=None, sort=-created_at, skip=0, limit=3, fields=None
2026-03-31 09:35:15,334 - routers.jobs - DEBUG - Found 5 jobss
2026-03-31 09:35:15,335 - core.database - DEBUG - [DB_OP] Database session cleanup after 0.5037s
2026-03-31 09:35:15,339 - routers.complaints - DEBUG - Found 12 complaintss
2026-03-31 09:35:15,340 - core.database - DEBUG - [DB_OP] Database session cleanup after 0.5035s
2026-03-31 09:35:15,343 - routers.news - DEBUG - Found 10 newss
2026-03-31 09:35:15,344 - core.database - DEBUG - [DB_OP] Database session cleanup after 0.5187s
2026-03-31 09:35:15,852 - core.database - DEBUG - [DB_OP] Starting get_db session creation
2026-03-31 09:35:15,852 - core.database - DEBUG - [DB_OP] Database session created successfully in 0.0003s
2026-03-31 09:35:15,853 - routers.banners - DEBUG - Querying bannerss: query={"active":true}, sort=None, skip=0, limit=4, fields=None
2026-03-31 09:35:15,858 - core.database - DEBUG - [DB_OP] Starting get_db session creation
2026-03-31 09:35:15,859 - core.database - DEBUG - [DB_OP] Database session created successfully in 0.0004s
2026-03-31 09:35:15,859 - routers.homepage_stats - DEBUG - Querying homepage_statss: query=None, sort=None, skip=0, limit=1, fields=None
2026-03-31 09:35:16,362 - routers.homepage_stats - DEBUG - Found 1 homepage_statss
2026-03-31 09:35:16,363 - core.database - DEBUG - [DB_OP] Database session cleanup after 0.5046s
2026-03-31 09:35:16,366 - routers.banners - DEBUG - Found 2 bannerss
2026-03-31 09:35:16,367 - core.database - DEBUG - [DB_OP] Database session cleanup after 0.5147s
2026-03-31 09:35:16,730 - core.config - DEBUG - Read dynamic attribute jwt_secret_key from environment variable JWT_SECRET_KEY
2026-03-31 09:35:16,730 - core.config - DEBUG - Read dynamic attribute jwt_algorithm from environment variable JWT_ALGORITHM
2026-03-31 09:35:16,745 - core.auth - DEBUG - Authentication token validated for user hash: 1b536645
2026-03-31 09:35:16,786 - httpcore.connection - DEBUG - connect_tcp.started host='atoms.dev' port=443 local_address=None timeout=120.0 socket_options=None
2026-03-31 09:35:16,788 - core.auth - DEBUG - Authentication token validated for user hash: 1b536645
2026-03-31 09:35:16,822 - httpcore.connection - DEBUG - connect_tcp.started host='atoms.dev' port=443 local_address=None timeout=120.0 socket_options=None
2026-03-31 09:35:16,826 - core.database - DEBUG - [DB_OP] Starting get_db session creation
2026-03-31 09:35:16,826 - core.database - DEBUG - [DB_OP] Database session created successfully in 0.0003s
2026-03-31 09:35:16,827 - routers.food_categories - DEBUG - Querying food_categoriess: query=None, sort=sort_order, skip=0, limit=50, fields=None
2026-03-31 09:35:16,830 - core.database - DEBUG - [DB_OP] Starting get_db session creation
2026-03-31 09:35:16,831 - core.database - DEBUG - [DB_OP] Database session created successfully in 0.0002s
2026-03-31 09:35:16,831 - routers.announcements - DEBUG - Querying announcementss: query={"active":true,"status":"approved"}, sort=-created_at, skip=0, limit=50, fields=None
2026-03-31 09:35:16,835 - core.database - DEBUG - [DB_OP] Starting get_db session creation
2026-03-31 09:35:16,835 - core.database - DEBUG - [DB_OP] Database session created successfully in 0.0002s
2026-03-31 09:35:16,835 - routers.food_items - DEBUG - Querying food_itemss: query=None, sort=sort_order, skip=0, limit=200, fields=None
2026-03-31 09:35:16,839 - core.database - DEBUG - [DB_OP] Starting get_db session creation
2026-03-31 09:35:16,839 - core.database - DEBUG - [DB_OP] Database session created successfully in 0.0002s
2026-03-31 09:35:16,840 - routers.masters - DEBUG - Querying masterss: query=None, sort=-rating, skip=0, limit=50, fields=None
2026-03-31 09:35:16,841 - httpcore.connection - DEBUG - connect_tcp.complete return_value=<httpcore._backends.anyio.AnyIOStream object at 0x7f2989d16a10>
2026-03-31 09:35:16,841 - httpcore.connection - DEBUG - start_tls.started ssl_context=<ssl.SSLContext object at 0x7f2989dbd1c0> server_hostname='atoms.dev' timeout=120.0
2026-03-31 09:35:16,843 - httpcore.connection - DEBUG - connect_tcp.complete return_value=<httpcore._backends.anyio.AnyIOStream object at 0x7f29830b0610>
2026-03-31 09:35:16,844 - httpcore.connection - DEBUG - start_tls.started ssl_context=<ssl.SSLContext object at 0x7f2989dbd0c0> server_hostname='atoms.dev' timeout=120.0
2026-03-31 09:35:16,853 - httpcore.connection - DEBUG - start_tls.complete return_value=<httpcore._backends.anyio.AnyIOStream object at 0x7f2983ca9450>
2026-03-31 09:35:16,856 - httpcore.http11 - DEBUG - send_request_headers.started request=<Request [b'POST']>
2026-03-31 09:35:16,857 - httpcore.connection - DEBUG - start_tls.complete return_value=<httpcore._backends.anyio.AnyIOStream object at 0x7f2989d6ba90>
2026-03-31 09:35:16,857 - httpcore.http11 - DEBUG - send_request_headers.complete
2026-03-31 09:35:16,857 - httpcore.http11 - DEBUG - send_request_body.started request=<Request [b'POST']>
2026-03-31 09:35:16,858 - httpcore.http11 - DEBUG - send_request_headers.started request=<Request [b'POST']>
2026-03-31 09:35:16,858 - httpcore.http11 - DEBUG - send_request_body.complete
2026-03-31 09:35:16,858 - httpcore.http11 - DEBUG - receive_response_headers.started request=<Request [b'POST']>
2026-03-31 09:35:16,858 - httpcore.http11 - DEBUG - send_request_headers.complete
2026-03-31 09:35:16,859 - httpcore.http11 - DEBUG - send_request_body.started request=<Request [b'POST']>
2026-03-31 09:35:16,859 - httpcore.http11 - DEBUG - send_request_body.complete
2026-03-31 09:35:16,860 - httpcore.http11 - DEBUG - receive_response_headers.started request=<Request [b'POST']>
2026-03-31 09:35:16,899 - httpcore.http11 - DEBUG - receive_response_headers.complete return_value=(b'HTTP/1.1', 200, b'OK', [(b'Date', b'Tue, 31 Mar 2026 16:35:16 GMT'), (b'Content-Type', b'application/json; charset=utf-8'), (b'Transfer-Encoding', b'chunked'), (b'Connection', b'keep-alive'), (b'Access-Control-Allow-Headers', b'Origin, Content-Type, Accept, Authorization'), (b'Access-Control-Allow-Methods', b'GET, POST, PUT, DELETE, OPTIONS'), (b'Access-Control-Allow-Origin', b'*'), (b'Access-Control-Max-Age', b'86400'), (b'X-Request-Id', b'89aaa2ba201b9dc34ba766094a1f4e62'), (b'X-Trace-Id', b'65c35451b6ac4144bad77db204b41f7f'), (b'Content-Security-Policy', b"frame-ancestors 'self' https://atoms.dev"), (b'Strict-Transport-Security', b'max-age=63072000; includeSubDomains; preload'), (b'X-Content-Type-Options', b'nosniff'), (b'X-XSS-Protection', b'1; mode=block'), (b'Referrer-Policy', b'strict-origin-when-cross-origin'), (b'cf-cache-status', b'DYNAMIC'), (b'Content-Encoding', b'gzip'), (b'Server', b'cloudflare'), (b'CF-RAY', b'9e50c42e5ddfed79-LAX')])
2026-03-31 09:35:16,900 - httpx - INFO - HTTP Request: POST https://atoms.dev/api/v1/infra/client/oss/buckets/portal-images/objects/download_url "HTTP/1.1 200 OK"
2026-03-31 09:35:16,901 - httpcore.http11 - DEBUG - receive_response_body.started request=<Request [b'POST']>
2026-03-31 09:35:16,901 - httpcore.http11 - DEBUG - receive_response_body.complete
2026-03-31 09:35:16,901 - httpcore.http11 - DEBUG - response_closed.started
2026-03-31 09:35:16,901 - httpcore.http11 - DEBUG - response_closed.complete
2026-03-31 09:35:16,902 - httpcore.connection - DEBUG - close.started
2026-03-31 09:35:16,902 - httpcore.http11 - DEBUG - receive_response_headers.complete return_value=(b'HTTP/1.1', 200, b'OK', [(b'Date', b'Tue, 31 Mar 2026 16:35:16 GMT'), (b'Content-Type', b'application/json; charset=utf-8'), (b'Transfer-Encoding', b'chunked'), (b'Connection', b'keep-alive'), (b'Access-Control-Allow-Headers', b'Origin, Content-Type, Accept, Authorization'), (b'Access-Control-Allow-Methods', b'GET, POST, PUT, DELETE, OPTIONS'), (b'Access-Control-Allow-Origin', b'*'), (b'Access-Control-Max-Age', b'86400'), (b'X-Request-Id', b'd0cc139bab3a0fb06c9219cf029adb75'), (b'X-Trace-Id', b'ae12c9423e284e4f81451185ef33cdc8'), (b'Content-Security-Policy', b"frame-ancestors 'self' https://atoms.dev"), (b'Strict-Transport-Security', b'max-age=63072000; includeSubDomains; preload'), (b'X-Content-Type-Options', b'nosniff'), (b'X-XSS-Protection', b'1; mode=block'), (b'Referrer-Policy', b'strict-origin-when-cross-origin'), (b'cf-cache-status', b'DYNAMIC'), (b'Content-Encoding', b'gzip'), (b'Server', b'cloudflare'), (b'CF-RAY', b'9e50c42e592e6c93-LAX')])
2026-03-31 09:35:16,903 - httpx - INFO - HTTP Request: POST https://atoms.dev/api/v1/infra/client/oss/buckets/portal-images/objects/download_url "HTTP/1.1 200 OK"
2026-03-31 09:35:16,903 - httpcore.http11 - DEBUG - receive_response_body.started request=<Request [b'POST']>
2026-03-31 09:35:16,903 - httpcore.http11 - DEBUG - receive_response_body.complete
2026-03-31 09:35:16,904 - httpcore.http11 - DEBUG - response_closed.started
2026-03-31 09:35:16,905 - httpcore.connection - DEBUG - close.complete
2026-03-31 09:35:16,905 - httpcore.http11 - DEBUG - response_closed.complete
2026-03-31 09:35:16,906 - httpcore.connection - DEBUG - close.started
2026-03-31 09:35:16,906 - httpcore.connection - DEBUG - close.complete
2026-03-31 09:35:17,334 - routers.food_categories - DEBUG - Found 6 food_categoriess
2026-03-31 09:35:17,335 - core.database - DEBUG - [DB_OP] Database session cleanup after 0.5091s
2026-03-31 09:35:17,339 - routers.announcements - DEBUG - Found 1 announcementss
2026-03-31 09:35:17,340 - core.database - DEBUG - [DB_OP] Database session cleanup after 0.5095s
2026-03-31 09:35:17,348 - routers.masters - DEBUG - Found 8 masterss
2026-03-31 09:35:17,349 - core.database - DEBUG - [DB_OP] Database session cleanup after 0.5095s
2026-03-31 09:35:17,401 - routers.food_items - DEBUG - Found 13 food_itemss
2026-03-31 09:35:17,402 - core.database - DEBUG - [DB_OP] Database session cleanup after 0.5674s
2026-03-31 09:35:19,711 - core.database - DEBUG - [DB_OP] Starting get_db session creation
2026-03-31 09:35:19,712 - core.database - DEBUG - [DB_OP] Database session created successfully in 0.0007s
2026-03-31 09:35:19,713 - routers.complaints - DEBUG - Querying complaintss: query=None, sort=-created_at, skip=0, limit=50, fields=None
2026-03-31 09:35:19,716 - core.database - DEBUG - [DB_OP] Starting get_db session creation
2026-03-31 09:35:19,716 - core.database - DEBUG - [DB_OP] Database session created successfully in 0.0004s
2026-03-31 09:35:19,716 - routers.jobs - DEBUG - Querying jobss: query={"active":true}, sort=-created_at, skip=0, limit=50, fields=None
2026-03-31 09:35:19,720 - core.database - DEBUG - [DB_OP] Starting get_db session creation
2026-03-31 09:35:19,720 - core.database - DEBUG - [DB_OP] Database session created successfully in 0.0003s
2026-03-31 09:35:19,720 - routers.news - DEBUG - Querying newss: query={"published":true}, sort=-created_at, skip=0, limit=50, fields=None
2026-03-31 09:35:20,089 - routers.jobs - DEBUG - Found 5 jobss
2026-03-31 09:35:20,090 - core.database - DEBUG - [DB_OP] Database session cleanup after 0.3747s
2026-03-31 09:35:20,278 - routers.news - DEBUG - Found 10 newss
2026-03-31 09:35:20,279 - core.database - DEBUG - [DB_OP] Database session cleanup after 0.5589s
2026-03-31 09:35:20,279 - routers.complaints - DEBUG - Found 12 complaintss
2026-03-31 09:35:20,280 - core.database - DEBUG - [DB_OP] Database session cleanup after 0.5686s
2026-03-31 09:35:22,712 - core.database - DEBUG - [DB_OP] Starting get_db session creation
2026-03-31 09:35:22,712 - core.database - DEBUG - [DB_OP] Database session created successfully in 0.0006s
2026-03-31 09:35:22,712 - routers.real_estate - DEBUG - Querying real_estates: query=None, sort=-created_at, skip=0, limit=100, fields=None
2026-03-31 09:35:23,228 - routers.real_estate - DEBUG - Found 0 real_estates
2026-03-31 09:35:23,228 - core.database - DEBUG - [DB_OP] Database session cleanup after 0.5168s
2026-03-31 09:36:46,442 - core.database - DEBUG - [DB_OP] Starting get_db session creation
2026-03-31 09:36:46,443 - core.database - DEBUG - [DB_OP] Database session created successfully in 0.0005s
2026-03-31 09:36:46,443 - routers.categories - DEBUG - Querying categoriess: query=None, sort=None, skip=0, limit=1, fields=None
2026-03-31 09:36:46,949 - routers.categories - DEBUG - Found 45 categoriess
2026-03-31 09:36:46,950 - core.database - DEBUG - [DB_OP] Database session cleanup after 0.5073s
2026-03-31 09:36:47,245 - core.database - DEBUG - [DB_OP] Starting get_db session creation
2026-03-31 09:36:47,246 - core.database - DEBUG - [DB_OP] Database session created successfully in 0.0005s
2026-03-31 09:36:47,246 - routers.complaints - DEBUG - Querying complaintss: query=None, sort=-created_at, skip=0, limit=3, fields=None
2026-03-31 09:36:47,250 - core.database - DEBUG - [DB_OP] Starting get_db session creation
2026-03-31 09:36:47,250 - core.database - DEBUG - [DB_OP] Database session created successfully in 0.0003s
2026-03-31 09:36:47,250 - routers.news - DEBUG - Querying newss: query={"published":true}, sort=-created_at, skip=0, limit=3, fields=None
2026-03-31 09:36:47,257 - core.database - DEBUG - [DB_OP] Starting get_db session creation
2026-03-31 09:36:47,257 - core.database - DEBUG - [DB_OP] Database session created successfully in 0.0004s
2026-03-31 09:36:47,258 - routers.jobs - DEBUG - Querying jobss: query={"active":true}, sort=-created_at, skip=0, limit=3, fields=None
2026-03-31 09:36:47,413 - core.database - DEBUG - [DB_OP] Starting get_db session creation
2026-03-31 09:36:47,414 - core.database - DEBUG - [DB_OP] Database session created successfully in 0.0007s
2026-03-31 09:36:47,415 - routers.banners - DEBUG - Querying bannerss: query={"active":true}, sort=None, skip=0, limit=4, fields=None
2026-03-31 09:36:47,431 - core.auth - DEBUG - Authentication token validated for user hash: 1b536645
2026-03-31 09:36:47,461 - httpcore.connection - DEBUG - connect_tcp.started host='atoms.dev' port=443 local_address=None timeout=120.0 socket_options=None
2026-03-31 09:36:47,464 - core.auth - DEBUG - Authentication token validated for user hash: 1b536645
2026-03-31 09:36:47,490 - httpcore.connection - DEBUG - connect_tcp.started host='atoms.dev' port=443 local_address=None timeout=120.0 socket_options=None
2026-03-31 09:36:47,493 - httpcore.connection - DEBUG - connect_tcp.complete return_value=<httpcore._backends.anyio.AnyIOStream object at 0x7f298316cee0>
2026-03-31 09:36:47,493 - httpcore.connection - DEBUG - start_tls.started ssl_context=<ssl.SSLContext object at 0x7f2983148840> server_hostname='atoms.dev' timeout=120.0
2026-03-31 09:36:47,502 - httpcore.connection - DEBUG - start_tls.complete return_value=<httpcore._backends.anyio.AnyIOStream object at 0x7f298316cc10>
2026-03-31 09:36:47,503 - httpcore.http11 - DEBUG - send_request_headers.started request=<Request [b'POST']>
2026-03-31 09:36:47,503 - httpcore.http11 - DEBUG - send_request_headers.complete
2026-03-31 09:36:47,504 - httpcore.http11 - DEBUG - send_request_body.started request=<Request [b'POST']>
2026-03-31 09:36:47,505 - httpcore.http11 - DEBUG - send_request_body.complete
2026-03-31 09:36:47,505 - httpcore.http11 - DEBUG - receive_response_headers.started request=<Request [b'POST']>
2026-03-31 09:36:47,515 - httpcore.connection - DEBUG - connect_tcp.complete return_value=<httpcore._backends.anyio.AnyIOStream object at 0x7f298316f580>
2026-03-31 09:36:47,515 - httpcore.connection - DEBUG - start_tls.started ssl_context=<ssl.SSLContext object at 0x7f298314ad40> server_hostname='atoms.dev' timeout=120.0
2026-03-31 09:36:47,529 - httpcore.connection - DEBUG - start_tls.complete return_value=<httpcore._backends.anyio.AnyIOStream object at 0x7f298316f310>
2026-03-31 09:36:47,530 - httpcore.http11 - DEBUG - send_request_headers.started request=<Request [b'POST']>
2026-03-31 09:36:47,530 - httpcore.http11 - DEBUG - send_request_headers.complete
2026-03-31 09:36:47,530 - httpcore.http11 - DEBUG - send_request_body.started request=<Request [b'POST']>
2026-03-31 09:36:47,531 - httpcore.http11 - DEBUG - send_request_body.complete
2026-03-31 09:36:47,531 - httpcore.http11 - DEBUG - receive_response_headers.started request=<Request [b'POST']>
2026-03-31 09:36:47,543 - httpcore.http11 - DEBUG - receive_response_headers.complete return_value=(b'HTTP/1.1', 200, b'OK', [(b'Date', b'Tue, 31 Mar 2026 16:36:47 GMT'), (b'Content-Type', b'application/json; charset=utf-8'), (b'Transfer-Encoding', b'chunked'), (b'Connection', b'keep-alive'), (b'Access-Control-Allow-Headers', b'Origin, Content-Type, Accept, Authorization'), (b'Access-Control-Allow-Methods', b'GET, POST, PUT, DELETE, OPTIONS'), (b'Access-Control-Allow-Origin', b'*'), (b'Access-Control-Max-Age', b'86400'), (b'X-Request-Id', b'53e490a7a943a7b40c1884579d7119ff'), (b'X-Trace-Id', b'8d00148bf5764c19b57e985ae84cf0c5'), (b'Content-Security-Policy', b"frame-ancestors 'self' https://atoms.dev"), (b'Strict-Transport-Security', b'max-age=63072000; includeSubDomains; preload'), (b'X-Content-Type-Options', b'nosniff'), (b'X-XSS-Protection', b'1; mode=block'), (b'Referrer-Policy', b'strict-origin-when-cross-origin'), (b'cf-cache-status', b'DYNAMIC'), (b'Content-Encoding', b'gzip'), (b'Server', b'cloudflare'), (b'CF-RAY', b'9e50c664e8d1f7af-LAX')])
2026-03-31 09:36:47,543 - httpx - INFO - HTTP Request: POST https://atoms.dev/api/v1/infra/client/oss/buckets/portal-images/objects/download_url "HTTP/1.1 200 OK"
2026-03-31 09:36:47,544 - httpcore.http11 - DEBUG - receive_response_body.started request=<Request [b'POST']>
2026-03-31 09:36:47,544 - httpcore.http11 - DEBUG - receive_response_body.complete
2026-03-31 09:36:47,544 - httpcore.http11 - DEBUG - response_closed.started
2026-03-31 09:36:47,545 - httpcore.http11 - DEBUG - response_closed.complete
2026-03-31 09:36:47,545 - httpcore.connection - DEBUG - close.started
2026-03-31 09:36:47,545 - httpcore.connection - DEBUG - close.complete
2026-03-31 09:36:47,573 - core.database - DEBUG - [DB_OP] Starting get_db session creation
2026-03-31 09:36:47,573 - core.database - DEBUG - [DB_OP] Database session created successfully in 0.0003s
2026-03-31 09:36:47,573 - routers.homepage_stats - DEBUG - Querying homepage_statss: query=None, sort=None, skip=0, limit=1, fields=None
2026-03-31 09:36:47,630 - httpcore.http11 - DEBUG - receive_response_headers.complete return_value=(b'HTTP/1.1', 200, b'OK', [(b'Date', b'Tue, 31 Mar 2026 16:36:47 GMT'), (b'Content-Type', b'application/json; charset=utf-8'), (b'Transfer-Encoding', b'chunked'), (b'Connection', b'keep-alive'), (b'Access-Control-Allow-Headers', b'Origin, Content-Type, Accept, Authorization'), (b'Access-Control-Allow-Methods', b'GET, POST, PUT, DELETE, OPTIONS'), (b'Access-Control-Allow-Origin', b'*'), (b'Access-Control-Max-Age', b'86400'), (b'X-Request-Id', b'3c21e3eb10bc133ca993375a27e30cd5'), (b'X-Trace-Id', b'39f6ab5d1e124bbca2cff51b06df7a07'), (b'Content-Security-Policy', b"frame-ancestors 'self' https://atoms.dev"), (b'Strict-Transport-Security', b'max-age=63072000; includeSubDomains; preload'), (b'X-Content-Type-Options', b'nosniff'), (b'X-XSS-Protection', b'1; mode=block'), (b'Referrer-Policy', b'strict-origin-when-cross-origin'), (b'cf-cache-status', b'DYNAMIC'), (b'Content-Encoding', b'gzip'), (b'Server', b'cloudflare'), (b'CF-RAY', b'9e50c6651e8ede8b-LAX')])
2026-03-31 09:36:47,630 - httpx - INFO - HTTP Request: POST https://atoms.dev/api/v1/infra/client/oss/buckets/portal-images/objects/download_url "HTTP/1.1 200 OK"
2026-03-31 09:36:47,630 - httpcore.http11 - DEBUG - receive_response_body.started request=<Request [b'POST']>
2026-03-31 09:36:47,633 - httpcore.http11 - DEBUG - receive_response_body.complete
2026-03-31 09:36:47,633 - httpcore.http11 - DEBUG - response_closed.started
2026-03-31 09:36:47,633 - httpcore.http11 - DEBUG - response_closed.complete
2026-03-31 09:36:47,634 - httpcore.connection - DEBUG - close.started
2026-03-31 09:36:47,634 - httpcore.connection - DEBUG - close.complete
2026-03-31 09:36:47,774 - routers.news - DEBUG - Found 10 newss
2026-03-31 09:36:47,775 - core.database - DEBUG - [DB_OP] Database session cleanup after 0.5254s
2026-03-31 09:36:47,776 - routers.jobs - DEBUG - Found 5 jobss
2026-03-31 09:36:47,777 - core.database - DEBUG - [DB_OP] Database session cleanup after 0.5194s
2026-03-31 09:36:47,778 - routers.complaints - DEBUG - Found 12 complaintss
2026-03-31 09:36:47,778 - core.database - DEBUG - [DB_OP] Database session cleanup after 0.5332s
2026-03-31 09:36:47,934 - routers.banners - DEBUG - Found 2 bannerss
2026-03-31 09:36:47,935 - core.database - DEBUG - [DB_OP] Database session cleanup after 0.5216s
2026-03-31 09:36:48,071 - routers.homepage_stats - DEBUG - Found 1 homepage_statss
2026-03-31 09:36:48,072 - core.database - DEBUG - [DB_OP] Database session cleanup after 0.4997s
2026-03-31 09:37:17,086 - services.database - DEBUG - [DB_OP] Starting database close
2026-03-31 09:37:17,749 - core.database - INFO - Database connection closed and engine disposed
2026-03-31 09:37:17,749 - services.database - INFO - Database connections closed
2026-03-31 09:37:17,750 - services.database - DEBUG - [DB_OP] Database close completed in 0.6631s
