2026-03-15 09:03:37,814 - main - INFO - === Logging system initialized ===
2026-03-15 09:03:37,815 - main - INFO - Log file: logs/app_20260315_090337.log
2026-03-15 09:03:37,815 - main - INFO - Log level: INFO
2026-03-15 09:03:37,815 - main - INFO - Timestamp: 20260315_090337
2026-03-15 09:03:38,491 - main - INFO - Included router: routers.aihub.router
2026-03-15 09:03:38,538 - main - INFO - Included router: routers.announcements.router
2026-03-15 09:03:38,555 - main - INFO - Included router: routers.auth.router
2026-03-15 09:03:38,660 - main - INFO - Included router: routers.banners.router
2026-03-15 09:03:38,712 - main - INFO - Included router: routers.become_master_requests.router
2026-03-15 09:03:38,761 - main - INFO - Included router: routers.complaints.router
2026-03-15 09:03:38,804 - main - INFO - Included router: routers.directory_entries.router
2026-03-15 09:03:38,806 - main - INFO - Included router: routers.health.router
2026-03-15 09:03:38,850 - main - INFO - Included router: routers.jobs.router
2026-03-15 09:03:38,892 - main - INFO - Included router: routers.master_requests.router
2026-03-15 09:03:38,938 - main - INFO - Included router: routers.masters.router
2026-03-15 09:03:38,978 - main - INFO - Included router: routers.news.router
2026-03-15 09:03:39,013 - main - INFO - Included router: routers.question_answers.router
2026-03-15 09:03:39,073 - main - INFO - Included router: routers.questions.router
2026-03-15 09:03:39,094 - main - INFO - Included router: routers.settings.router
2026-03-15 09:03:39,129 - main - INFO - Included router: routers.storage.router
2026-03-15 09:03:39,143 - main - INFO - Included router: routers.telegram.router
2026-03-15 09:03:39,150 - main - INFO - Included router: routers.user.router
2026-03-15 09:03:39,151 - main - INFO - === Application startup initiated ===
2026-03-15 09:03:39,152 - services.database - DEBUG - [DB_OP] Starting database initialization
2026-03-15 09:03:39,152 - services.database - INFO - 🔧 Starting database initialization...
2026-03-15 09:03:39,152 - core.database - INFO - Starting database initialization...
2026-03-15 09:03:39,152 - core.config - DEBUG - Read dynamic attribute database_url from environment variable DATABASE_URL
2026-03-15 09:03:39,152 - core.database - INFO - Normalizing database URL for async compatibility...
2026-03-15 09:03:39,153 - core.database - INFO - Creating async database engine...
2026-03-15 09:03:39,153 - core.database - INFO - Using QueuePool with connection pooling for non-Lambda environment
2026-03-15 09:03:39,279 - core.database - INFO - Database engine created successfully
2026-03-15 09:03:39,279 - core.database - INFO - Creating async session maker...
2026-03-15 09:03:39,279 - core.database - INFO - Async session maker created successfully
2026-03-15 09:03:39,279 - core.database - INFO - Database connection initialized successfully
2026-03-15 09:03:39,279 - services.database - INFO - 🔧 Database connection initialized, now creating tables if tables not exist...
2026-03-15 09:03:39,279 - core.database - DEBUG - [DB_OP] Starting create_tables
2026-03-15 09:03:39,279 - core.database - INFO - 🔧 Starting table creation...
2026-03-15 09:03:41,155 - core.database - INFO - Tables initialized successfully
2026-03-15 09:03:41,155 - core.database - DEBUG - [DB_OP] Create tables completed in 1.8759s
2026-03-15 09:03:41,214 - services.database - INFO - 🔧 Table creation completed
2026-03-15 09:03:41,215 - services.database - INFO - Database initialized successfully
2026-03-15 09:03:41,215 - services.database - DEBUG - [DB_OP] Database initialization completed in 2.0631s
2026-03-15 09:03:41,216 - services.mock_data - INFO - Processing mock data file announcements.json for table announcements
2026-03-15 09:03:41,216 - services.mock_data - INFO - Processing mock data file banners.json for table banners
2026-03-15 09:03:41,218 - services.mock_data - INFO - Processing mock data file complaints.json for table complaints
2026-03-15 09:03:41,218 - services.mock_data - INFO - Processing mock data file directory_entries.json for table directory_entries
2026-03-15 09:03:41,219 - services.mock_data - INFO - Processing mock data file jobs.json for table jobs
2026-03-15 09:03:43,251 - services.mock_data - INFO - Table announcements already has 7 rows; skipping mock insert
2026-03-15 09:03:43,278 - services.mock_data - INFO - Table banners already has 2 rows; skipping mock insert
2026-03-15 09:03:43,309 - services.mock_data - INFO - Processing mock data file master_requests.json for table master_requests
2026-03-15 09:03:43,328 - services.mock_data - INFO - Table directory_entries already has 10 rows; skipping mock insert
2026-03-15 09:03:43,337 - services.mock_data - INFO - Processing mock data file masters.json for table masters
2026-03-15 09:03:43,344 - services.mock_data - INFO - Table complaints already has 5 rows; skipping mock insert
2026-03-15 09:03:43,368 - services.mock_data - INFO - Table jobs already has 5 rows; skipping mock insert
2026-03-15 09:03:43,386 - services.mock_data - INFO - Processing mock data file news.json for table news
2026-03-15 09:03:43,403 - services.mock_data - INFO - Processing mock data file question_answers.json for table question_answers
2026-03-15 09:03:43,427 - services.mock_data - INFO - Processing mock data file questions.json for table questions
2026-03-15 09:03:44,253 - services.mock_data - INFO - Table master_requests already has 5 rows; skipping mock insert
2026-03-15 09:03:44,335 - services.mock_data - INFO - Table masters already has 8 rows; skipping mock insert
2026-03-15 09:03:44,376 - services.mock_data - INFO - Table news already has 5 rows; skipping mock insert
2026-03-15 09:03:44,395 - services.mock_data - INFO - Table question_answers already has 8 rows; skipping mock insert
2026-03-15 09:03:44,430 - services.mock_data - INFO - Table questions already has 6 rows; skipping mock insert
2026-03-15 09:03:44,489 - services.database - DEBUG - [DB_OP] Starting database initialization
2026-03-15 09:03:44,489 - services.database - INFO - 🔧 Starting database initialization...
2026-03-15 09:03:44,490 - core.database - INFO - Starting database initialization...
2026-03-15 09:03:44,490 - core.database - INFO - Database already initialized
2026-03-15 09:03:44,490 - services.database - INFO - 🔧 Database connection initialized, now creating tables if tables not exist...
2026-03-15 09:03:44,490 - core.database - DEBUG - [DB_OP] Starting create_tables
2026-03-15 09:03:44,490 - core.database - INFO - Tables already initialized
2026-03-15 09:03:44,490 - services.database - INFO - 🔧 Table creation completed
2026-03-15 09:03:44,491 - services.database - INFO - Database initialized successfully
2026-03-15 09:03:44,491 - services.database - DEBUG - [DB_OP] Database initialization completed in 0.0019s
2026-03-15 09:03:44,491 - core.config - DEBUG - Read dynamic attribute admin_user_id from environment variable ADMIN_USER_ID
2026-03-15 09:03:44,491 - core.config - DEBUG - Read dynamic attribute admin_user_email from environment variable ADMIN_USER_EMAIL
2026-03-15 09:03:44,854 - services.auth - DEBUG - Admin user 1029346 already exists
2026-03-15 09:03:44,913 - main - INFO - === Application startup completed successfully ===
2026-03-15 09:03:52,235 - services.database - DEBUG - [DB_OP] Starting database close
2026-03-15 09:03:52,540 - core.database - INFO - Database connection closed and engine disposed
2026-03-15 09:03:52,541 - services.database - INFO - Database connections closed
2026-03-15 09:03:52,541 - services.database - DEBUG - [DB_OP] Database close completed in 0.3058s
