2026-04-06 09:55:04,068 - main - INFO - === Logging system initialized ===
2026-04-06 09:55:04,068 - main - INFO - Log file: logs/app_20260406_095504.log
2026-04-06 09:55:04,069 - main - INFO - Log level: INFO
2026-04-06 09:55:04,069 - main - INFO - Timestamp: 20260406_095504
2026-04-06 09:55:04,079 - main - INFO - Included router: routers.admin_auth.router
2026-04-06 09:55:24,139 - main - INFO - Included router: routers.aihub.router
2026-04-06 09:55:24,273 - main - INFO - Included router: routers.announcements.router
2026-04-06 09:55:24,443 - main - INFO - Included router: routers.auth.router
2026-04-06 09:55:24,605 - main - INFO - Included router: routers.banners.router
2026-04-06 09:55:24,809 - main - INFO - Included router: routers.become_master_requests.router
2026-04-06 09:55:24,981 - main - INFO - Included router: routers.bus_notifications.router
2026-04-06 09:55:25,166 - main - INFO - Included router: routers.bus_routes.router
2026-04-06 09:55:25,302 - main - INFO - Included router: routers.bus_stops.router
2026-04-06 09:55:25,479 - main - INFO - Included router: routers.categories.router
2026-04-06 09:55:25,678 - main - INFO - Included router: routers.complaints.router
2026-04-06 09:55:25,708 - main - INFO - Included router: routers.debug_schema.router
2026-04-06 09:55:26,045 - main - INFO - Included router: routers.directory_entries.router
2026-04-06 09:55:26,137 - main - INFO - Included router: routers.food_categories.router
2026-04-06 09:55:26,231 - main - INFO - Included router: routers.food_item_modifiers.router
2026-04-06 09:55:26,370 - main - INFO - Included router: routers.food_items.router
2026-04-06 09:55:26,549 - main - INFO - Included router: routers.food_modifiers.router
2026-04-06 09:55:26,671 - main - INFO - Included router: routers.food_orders.router
2026-04-06 09:55:26,856 - main - INFO - Included router: routers.food_settings.router
2026-04-06 09:55:27,054 - main - INFO - Included router: routers.frontpad.router
2026-04-06 09:55:27,146 - main - INFO - Included router: routers.frontpad_settings.router
2026-04-06 09:55:27,227 - main - INFO - Included router: routers.frontpad_sync_log.router
2026-04-06 09:55:27,285 - main - INFO - Included router: routers.health.router
2026-04-06 09:55:27,364 - main - INFO - Included router: routers.health_check.router
2026-04-06 09:55:27,489 - main - INFO - Included router: routers.history_events.router
2026-04-06 09:55:27,592 - main - INFO - Included router: routers.homepage_stats.router
2026-04-06 09:55:27,723 - main - INFO - Included router: routers.inspectors.router
2026-04-06 09:55:27,824 - main - INFO - Included router: routers.item_modifier_groups.router
2026-04-06 09:55:27,951 - main - INFO - Included router: routers.jobs.router
2026-04-06 09:55:28,065 - main - INFO - Included router: routers.master_requests.router
2026-04-06 09:55:28,215 - main - INFO - Included router: routers.masters.router
2026-04-06 09:55:28,348 - main - INFO - Included router: routers.modifier_groups.router
2026-04-06 09:55:28,574 - main - INFO - Included router: routers.modifier_options.router
2026-04-06 09:55:28,698 - main - INFO - Included router: routers.news.router
2026-04-06 09:55:28,815 - main - INFO - Included router: routers.question_answers.router
2026-04-06 09:55:28,919 - main - INFO - Included router: routers.questions.router
2026-04-06 09:55:29,092 - main - INFO - Included router: routers.real_estate.router
2026-04-06 09:55:29,163 - main - INFO - Included router: routers.settings.router
2026-04-06 09:55:29,228 - main - INFO - Included router: routers.storage.router
2026-04-06 09:55:29,289 - main - INFO - Included router: routers.telegram.router
2026-04-06 09:55:29,386 - main - INFO - Included router: routers.user.router
2026-04-06 09:55:29,475 - main - INFO - Included router: routers.user_preferences.router
2026-04-06 09:55:29,500 - main - INFO - Included router: routers.weather.router
2026-04-06 09:55:29,502 - main - INFO - === Application startup initiated ===
2026-04-06 09:55:29,502 - services.database - INFO - Ignore creating tables
2026-04-06 09:55:29,502 - services.mock_data - INFO - Ignore initialize data
2026-04-06 09:55:29,503 - services.auth - INFO - Ignore initialize admin
2026-04-06 09:55:29,503 - core.database - WARNING - Database not initialized, attempting lazy initialization...
2026-04-06 09:55:29,503 - core.database - INFO - Starting database initialization...
2026-04-06 09:55:29,503 - core.config - DEBUG - Read dynamic attribute database_url from environment variable DATABASE_URL
2026-04-06 09:55:29,503 - core.database - INFO - Database init attempt 1/5...
2026-04-06 09:55:29,504 - core.database - INFO - Normalized database URL (masked): postgresql+asyncpg://neondb_owner:***@ep-cool-wave-ad8598va.c-2.us-east-1.aws.neon.tech/neondb?ssl=require
2026-04-06 09:55:29,504 - core.database - INFO - Using QueuePool with connection pooling
2026-04-06 09:55:30,952 - core.database - INFO - Database connection initialized successfully
2026-04-06 09:55:30,953 - core.database - DEBUG - [DB_OP] Starting create_tables
2026-04-06 09:55:30,953 - core.database - INFO - 🔧 Table creation attempt 1/3...
2026-04-06 09:55:30,953 - core.database - INFO - 🔧 Starting table structure repair...
2026-04-06 09:55:31,466 - core.database - INFO - 🔧 Repairing 37 existing tables...
2026-04-06 09:55:31,467 - core.database - DEBUG - Checking table structure for: users
2026-04-06 09:55:31,467 - core.database - DEBUG - Checking table structure for: oidc_states
2026-04-06 09:55:31,468 - core.database - DEBUG - Checking table structure for: admin_credentials
2026-04-06 09:55:31,470 - core.database - DEBUG - Checking table structure for: admin_login_attempts
2026-04-06 09:55:31,472 - core.database - DEBUG - Checking table structure for: admin_login_lockouts
2026-04-06 09:55:31,473 - core.database - DEBUG - Checking table structure for: announcements
2026-04-06 09:55:31,474 - core.database - DEBUG - Checking table structure for: banners
2026-04-06 09:55:31,477 - core.database - DEBUG - Checking table structure for: become_master_requests
2026-04-06 09:55:31,478 - core.database - DEBUG - Checking table structure for: bus_notifications
2026-04-06 09:55:31,479 - core.database - DEBUG - Checking table structure for: bus_routes
2026-04-06 09:55:32,232 - core.database - DEBUG - Table users structure is up to date
2026-04-06 09:55:32,232 - core.database - INFO - Table users repaired in 0.77s
2026-04-06 09:55:32,232 - core.database - DEBUG - Checking table structure for: bus_stops
2026-04-06 09:55:32,358 - core.database - DEBUG - Table oidc_states structure is up to date
2026-04-06 09:55:32,359 - core.database - INFO - Table oidc_states repaired in 0.89s
2026-04-06 09:55:32,360 - core.database - DEBUG - Checking table structure for: categories
2026-04-06 09:55:32,417 - core.database - DEBUG - Table admin_credentials structure is up to date
2026-04-06 09:55:32,417 - core.database - INFO - Table admin_credentials repaired in 0.95s
2026-04-06 09:55:32,417 - core.database - DEBUG - Checking table structure for: complaints
2026-04-06 09:55:32,431 - core.database - DEBUG - Table admin_login_lockouts structure is up to date
2026-04-06 09:55:32,431 - core.database - INFO - Table admin_login_lockouts repaired in 0.96s
2026-04-06 09:55:32,432 - core.database - DEBUG - Checking table structure for: directory_entries
2026-04-06 09:55:32,433 - core.database - DEBUG - Table admin_login_attempts structure is up to date
2026-04-06 09:55:32,434 - core.database - INFO - Table admin_login_attempts repaired in 0.96s
2026-04-06 09:55:32,434 - core.database - DEBUG - Checking table structure for: food_categories
2026-04-06 09:55:32,449 - core.database - DEBUG - Table bus_routes structure is up to date
2026-04-06 09:55:32,449 - core.database - INFO - Table bus_routes repaired in 0.97s
2026-04-06 09:55:32,449 - core.database - DEBUG - Table become_master_requests structure is up to date
2026-04-06 09:55:32,449 - core.database - INFO - Table become_master_requests repaired in 0.97s
2026-04-06 09:55:32,450 - core.database - DEBUG - Checking table structure for: food_item_modifiers
2026-04-06 09:55:32,450 - core.database - DEBUG - Checking table structure for: food_items
2026-04-06 09:55:32,451 - core.database - DEBUG - Table announcements structure is up to date
2026-04-06 09:55:32,451 - core.database - INFO - Table announcements repaired in 0.98s
2026-04-06 09:55:32,452 - core.database - DEBUG - Checking table structure for: food_modifiers
2026-04-06 09:55:32,454 - core.database - DEBUG - Table bus_notifications structure is up to date
2026-04-06 09:55:32,454 - core.database - INFO - Table bus_notifications repaired in 0.98s
2026-04-06 09:55:32,454 - core.database - DEBUG - Table banners structure is up to date
2026-04-06 09:55:32,455 - core.database - INFO - Table banners repaired in 0.98s
2026-04-06 09:55:32,455 - core.database - DEBUG - Checking table structure for: food_orders
2026-04-06 09:55:32,456 - core.database - DEBUG - Checking table structure for: food_settings
2026-04-06 09:55:32,620 - core.database - DEBUG - Table bus_stops structure is up to date
2026-04-06 09:55:32,620 - core.database - INFO - Table bus_stops repaired in 1.14s
2026-04-06 09:55:32,621 - core.database - DEBUG - Checking table structure for: frontpad_settings
2026-04-06 09:55:32,802 - core.database - DEBUG - Table categories structure is up to date
2026-04-06 09:55:32,803 - core.database - INFO - Table categories repaired in 1.32s
2026-04-06 09:55:32,803 - core.database - DEBUG - Checking table structure for: frontpad_sync_log
2026-04-06 09:55:32,856 - core.database - DEBUG - Table complaints structure is up to date
2026-04-06 09:55:32,857 - core.database - INFO - Table complaints repaired in 1.38s
2026-04-06 09:55:32,857 - core.database - DEBUG - Checking table structure for: health_check
2026-04-06 09:55:32,873 - core.database - DEBUG - Table food_categories structure is up to date
2026-04-06 09:55:32,874 - core.database - INFO - Table food_categories repaired in 1.39s
2026-04-06 09:55:32,874 - core.database - DEBUG - Checking table structure for: history_events
2026-04-06 09:55:32,874 - core.database - DEBUG - Table directory_entries structure is up to date
2026-04-06 09:55:32,874 - core.database - INFO - Table directory_entries repaired in 1.39s
2026-04-06 09:55:32,875 - core.database - DEBUG - Checking table structure for: homepage_stats
2026-04-06 09:55:32,892 - core.database - DEBUG - Table food_items structure is up to date
2026-04-06 09:55:32,893 - core.database - INFO - Table food_items repaired in 1.41s
2026-04-06 09:55:32,893 - core.database - DEBUG - Checking table structure for: inspectors
2026-04-06 09:55:32,894 - core.database - DEBUG - Table food_orders structure is up to date
2026-04-06 09:55:32,894 - core.database - INFO - Table food_orders repaired in 1.41s
2026-04-06 09:55:32,894 - core.database - DEBUG - Checking table structure for: item_modifier_groups
2026-04-06 09:55:32,897 - core.database - DEBUG - Table food_modifiers structure is up to date
2026-04-06 09:55:32,898 - core.database - INFO - Table food_modifiers repaired in 1.42s
2026-04-06 09:55:32,898 - core.database - DEBUG - Checking table structure for: jobs
2026-04-06 09:55:32,898 - core.database - DEBUG - Table food_settings structure is up to date
2026-04-06 09:55:32,899 - core.database - INFO - Table food_settings repaired in 1.42s
2026-04-06 09:55:32,899 - core.database - DEBUG - Checking table structure for: master_requests
2026-04-06 09:55:32,900 - core.database - DEBUG - Table food_item_modifiers structure is up to date
2026-04-06 09:55:32,901 - core.database - INFO - Table food_item_modifiers repaired in 1.42s
2026-04-06 09:55:32,901 - core.database - DEBUG - Checking table structure for: masters
2026-04-06 09:55:33,008 - core.database - DEBUG - Table frontpad_settings structure is up to date
2026-04-06 09:55:33,008 - core.database - INFO - Table frontpad_settings repaired in 1.53s
2026-04-06 09:55:33,008 - core.database - DEBUG - Checking table structure for: modifier_groups
2026-04-06 09:55:33,193 - core.database - DEBUG - Table frontpad_sync_log structure is up to date
2026-04-06 09:55:33,193 - core.database - INFO - Table frontpad_sync_log repaired in 1.71s
2026-04-06 09:55:33,194 - core.database - DEBUG - Checking table structure for: modifier_options
2026-04-06 09:55:33,253 - core.database - DEBUG - Table history_events structure is up to date
2026-04-06 09:55:33,253 - core.database - INFO - Table history_events repaired in 1.77s
2026-04-06 09:55:33,253 - core.database - DEBUG - Checking table structure for: news
2026-04-06 09:55:33,254 - core.database - DEBUG - Table homepage_stats structure is up to date
2026-04-06 09:55:33,254 - core.database - INFO - Table homepage_stats repaired in 1.77s
2026-04-06 09:55:33,254 - core.database - DEBUG - Checking table structure for: question_answers
2026-04-06 09:55:33,255 - core.database - DEBUG - Table health_check structure is up to date
2026-04-06 09:55:33,255 - core.database - INFO - Table health_check repaired in 1.77s
2026-04-06 09:55:33,255 - core.database - DEBUG - Checking table structure for: questions
2026-04-06 09:55:33,270 - core.database - DEBUG - Table item_modifier_groups structure is up to date
2026-04-06 09:55:33,271 - core.database - INFO - Table item_modifier_groups repaired in 1.79s
2026-04-06 09:55:33,271 - core.database - DEBUG - Checking table structure for: real_estate
2026-04-06 09:55:33,277 - core.database - DEBUG - Table master_requests structure is up to date
2026-04-06 09:55:33,277 - core.database - INFO - Table master_requests repaired in 1.80s
2026-04-06 09:55:33,278 - core.database - DEBUG - Checking table structure for: user_preferences
2026-04-06 09:55:33,333 - core.database - DEBUG - Table inspectors structure is up to date
2026-04-06 09:55:33,333 - core.database - INFO - Table inspectors repaired in 1.85s
2026-04-06 09:55:33,337 - core.database - DEBUG - Table jobs structure is up to date
2026-04-06 09:55:33,337 - core.database - INFO - Table jobs repaired in 1.86s
2026-04-06 09:55:33,346 - core.database - DEBUG - Table masters structure is up to date
2026-04-06 09:55:33,346 - core.database - INFO - Table masters repaired in 1.87s
2026-04-06 09:55:33,458 - core.database - DEBUG - Table modifier_groups structure is up to date
2026-04-06 09:55:33,459 - core.database - INFO - Table modifier_groups repaired in 1.98s
2026-04-06 09:55:33,572 - core.database - DEBUG - Table modifier_options structure is up to date
2026-04-06 09:55:33,572 - core.database - INFO - Table modifier_options repaired in 2.09s
2026-04-06 09:55:33,697 - core.database - DEBUG - Table question_answers structure is up to date
2026-04-06 09:55:33,697 - core.database - INFO - Table question_answers repaired in 2.22s
2026-04-06 09:55:33,699 - core.database - DEBUG - Table news structure is up to date
2026-04-06 09:55:33,699 - core.database - INFO - Table news repaired in 2.22s
2026-04-06 09:55:33,704 - core.database - DEBUG - Table questions structure is up to date
2026-04-06 09:55:33,704 - core.database - INFO - Table questions repaired in 2.22s
2026-04-06 09:55:33,720 - core.database - DEBUG - Table user_preferences structure is up to date
2026-04-06 09:55:33,721 - core.database - INFO - Table user_preferences repaired in 2.24s
2026-04-06 09:55:33,772 - core.database - DEBUG - Table real_estate structure is up to date
2026-04-06 09:55:33,773 - core.database - INFO - Table real_estate repaired in 2.29s
2026-04-06 09:55:33,773 - core.database - INFO - 🔧 Table structure repair completed in 2.8206s
2026-04-06 09:55:33,774 - core.database - INFO - 🔧 Table structure repair completed
2026-04-06 09:55:33,774 - core.database - INFO - 🔧 Starting table creation...
2026-04-06 09:55:36,417 - core.database - INFO - Tables initialized successfully
2026-04-06 09:55:36,418 - core.database - DEBUG - [DB_OP] Create tables completed in 5.4652s
2026-04-06 09:55:36,481 - core.database - INFO - Lazy database initialization completed successfully
2026-04-06 09:55:37,302 - routers.admin_auth - INFO - [Admin Auth] Pre-computed 3 alternative password hashes for 'admin' account
2026-04-06 09:55:38,178 - routers.admin_auth - INFO - [Admin Auth] Admin credentials updated (username: admin)
2026-04-06 09:55:38,560 - routers.admin_auth - DEBUG - [Admin Auth] Legacy admin credentials already exist
2026-04-06 09:55:39,087 - routers.admin_auth - INFO - [Admin Auth] Main admin credentials updated (username: alemgersrt24)
2026-04-06 09:55:39,089 - core.config - DEBUG - Read dynamic attribute oss_service_url from environment variable OSS_SERVICE_URL
2026-04-06 09:55:39,089 - core.config - DEBUG - Read dynamic attribute oss_api_key from environment variable OSS_API_KEY
2026-04-06 09:55:40,366 - httpcore.connection - DEBUG - connect_tcp.started host='atoms.dev' port=443 local_address=None timeout=120.0 socket_options=None
2026-04-06 09:55:40,376 - httpcore.connection - DEBUG - connect_tcp.complete return_value=<httpcore._backends.anyio.AnyIOStream object at 0x7f20d555e380>
2026-04-06 09:55:40,376 - httpcore.connection - DEBUG - start_tls.started ssl_context=<ssl.SSLContext object at 0x7f20d55f7ac0> server_hostname='atoms.dev' timeout=120.0
2026-04-06 09:55:40,434 - httpcore.connection - DEBUG - start_tls.complete return_value=<httpcore._backends.anyio.AnyIOStream object at 0x7f20d555d270>
2026-04-06 09:55:40,435 - httpcore.http11 - DEBUG - send_request_headers.started request=<Request [b'GET']>
2026-04-06 09:55:40,435 - httpcore.http11 - DEBUG - send_request_headers.complete
2026-04-06 09:55:40,435 - httpcore.http11 - DEBUG - send_request_body.started request=<Request [b'GET']>
2026-04-06 09:55:40,436 - httpcore.http11 - DEBUG - send_request_body.complete
2026-04-06 09:55:40,436 - httpcore.http11 - DEBUG - receive_response_headers.started request=<Request [b'GET']>
2026-04-06 09:55:40,552 - httpcore.http11 - DEBUG - receive_response_headers.complete return_value=(b'HTTP/1.1', 200, b'OK', [(b'Date', b'Mon, 06 Apr 2026 16:55:40 GMT'), (b'Content-Type', b'application/json; charset=utf-8'), (b'Transfer-Encoding', b'chunked'), (b'Connection', b'keep-alive'), (b'Access-Control-Allow-Headers', b'Origin, Content-Type, Accept, Authorization'), (b'Access-Control-Allow-Methods', b'GET, POST, PUT, DELETE, OPTIONS'), (b'Access-Control-Allow-Origin', b'*'), (b'Access-Control-Max-Age', b'86400'), (b'X-Request-Id', b'd050819e1d54ae5746a159d1460e98ae'), (b'X-Trace-Id', b'535950f222214d83abb70bdd15bcb7a2'), (b'Content-Security-Policy', b"frame-ancestors 'self' https://atoms.dev"), (b'Strict-Transport-Security', b'max-age=63072000; includeSubDomains; preload'), (b'X-Content-Type-Options', b'nosniff'), (b'X-XSS-Protection', b'1; mode=block'), (b'Referrer-Policy', b'strict-origin-when-cross-origin'), (b'cf-cache-status', b'DYNAMIC'), (b'Content-Encoding', b'gzip'), (b'Server', b'cloudflare'), (b'CF-RAY', b'9e82524dbcf33dc4-LAX')])
2026-04-06 09:55:40,553 - httpx - INFO - HTTP Request: GET https://atoms.dev/api/v1/infra/client/oss/buckets "HTTP/1.1 200 OK"
2026-04-06 09:55:40,554 - httpcore.http11 - DEBUG - receive_response_body.started request=<Request [b'GET']>
2026-04-06 09:55:40,554 - httpcore.http11 - DEBUG - receive_response_body.complete
2026-04-06 09:55:40,554 - httpcore.http11 - DEBUG - response_closed.started
2026-04-06 09:55:40,554 - httpcore.http11 - DEBUG - response_closed.complete
2026-04-06 09:55:40,555 - httpcore.connection - DEBUG - close.started
2026-04-06 09:55:40,555 - httpcore.connection - DEBUG - close.complete
2026-04-06 09:55:40,555 - services.bucket_init - INFO - Bucket 'portal-images' already exists
2026-04-06 09:55:40,556 - main - INFO - === Application startup completed ===
2026-04-06 09:55:47,651 - core.database - DEBUG - [DB_OP] Starting get_db session creation
2026-04-06 09:55:47,651 - core.database - DEBUG - [DB_OP] Database session created successfully in 0.0004s
2026-04-06 09:55:47,652 - routers.categories - DEBUG - Querying categoriess: query=None, sort=None, skip=0, limit=1, fields=None
2026-04-06 09:55:48,176 - routers.categories - DEBUG - Found 45 categoriess
2026-04-06 09:55:48,177 - core.database - DEBUG - [DB_OP] Database session cleanup after 0.5262s
2026-04-06 09:55:48,570 - core.database - DEBUG - [DB_OP] Starting get_db session creation
2026-04-06 09:55:48,571 - core.database - DEBUG - [DB_OP] Database session created successfully in 0.0005s
2026-04-06 09:55:48,571 - routers.jobs - DEBUG - Querying jobss: query={"active":true}, sort=-created_at, skip=0, limit=3, fields=None
2026-04-06 09:55:48,672 - httpcore.connection - DEBUG - connect_tcp.started host='api.openweathermap.org' port=443 local_address=None timeout=10.0 socket_options=None
2026-04-06 09:55:48,786 - core.database - DEBUG - [DB_OP] Starting get_db session creation
2026-04-06 09:55:48,787 - core.database - DEBUG - [DB_OP] Database session created successfully in 0.0003s
2026-04-06 09:55:48,787 - routers.complaints - DEBUG - Querying complaintss: query=None, sort=-created_at, skip=0, limit=3, fields=None
2026-04-06 09:55:48,852 - core.database - DEBUG - [DB_OP] Starting get_db session creation
2026-04-06 09:55:48,853 - core.database - DEBUG - [DB_OP] Database session created successfully in 0.0007s
2026-04-06 09:55:48,853 - routers.news - DEBUG - Querying newss: query={"published":true}, sort=-created_at, skip=0, limit=6, fields=None
2026-04-06 09:55:48,887 - httpcore.connection - DEBUG - connect_tcp.complete return_value=<httpcore._backends.anyio.AnyIOStream object at 0x7f20db926cb0>
2026-04-06 09:55:48,887 - httpcore.connection - DEBUG - start_tls.started ssl_context=<ssl.SSLContext object at 0x7f20db915b40> server_hostname='api.openweathermap.org' timeout=10.0
2026-04-06 09:55:48,922 - httpcore.connection - DEBUG - start_tls.complete return_value=<httpcore._backends.anyio.AnyIOStream object at 0x7f20db926170>
2026-04-06 09:55:48,924 - httpcore.http11 - DEBUG - send_request_headers.started request=<Request [b'GET']>
2026-04-06 09:55:48,924 - httpcore.http11 - DEBUG - send_request_headers.complete
2026-04-06 09:55:48,924 - httpcore.http11 - DEBUG - send_request_body.started request=<Request [b'GET']>
2026-04-06 09:55:48,925 - httpcore.http11 - DEBUG - send_request_body.complete
2026-04-06 09:55:48,925 - httpcore.http11 - DEBUG - receive_response_headers.started request=<Request [b'GET']>
2026-04-06 09:55:48,971 - httpcore.http11 - DEBUG - receive_response_headers.complete return_value=(b'HTTP/1.1', 200, b'OK', [(b'Date', b'Mon, 06 Apr 2026 16:55:48 GMT'), (b'Content-Type', b'application/json; charset=utf-8'), (b'Content-Length', b'552'), (b'Connection', b'keep-alive'), (b'X-Cache-Key', b'/data/2.5/weather?lang=ru&q=karaganda&units=metric'), (b'Access-Control-Allow-Origin', b'*'), (b'Access-Control-Allow-Credentials', b'true'), (b'Access-Control-Allow-Methods', b'GET, POST')])
2026-04-06 09:55:48,972 - httpx - INFO - HTTP Request: GET https://api.openweathermap.org/data/2.5/weather?q=Karaganda&units=metric&lang=ru&appid=ae3471b8d67a2e46b753ece3875423c9 "HTTP/1.1 200 OK"
2026-04-06 09:55:48,973 - httpcore.http11 - DEBUG - receive_response_body.started request=<Request [b'GET']>
2026-04-06 09:55:48,973 - httpcore.http11 - DEBUG - receive_response_body.complete
2026-04-06 09:55:48,973 - httpcore.http11 - DEBUG - response_closed.started
2026-04-06 09:55:48,973 - httpcore.http11 - DEBUG - response_closed.complete
2026-04-06 09:55:48,974 - httpcore.connection - DEBUG - close.started
2026-04-06 09:55:48,975 - httpcore.connection - DEBUG - close.complete
2026-04-06 09:55:48,975 - routers.weather - INFO - [Weather] Fetched: 6°C, облачно с прояснениями
2026-04-06 09:55:49,238 - routers.jobs - DEBUG - Found 5 jobss
2026-04-06 09:55:49,240 - core.database - DEBUG - [DB_OP] Database session cleanup after 0.6693s
2026-04-06 09:55:49,306 - routers.complaints - DEBUG - Found 12 complaintss
2026-04-06 09:55:49,307 - core.database - DEBUG - [DB_OP] Database session cleanup after 0.5210s
2026-04-06 09:55:49,372 - routers.news - DEBUG - Found 10 newss
2026-04-06 09:55:49,373 - core.database - DEBUG - [DB_OP] Database session cleanup after 0.5210s
2026-04-06 09:55:49,910 - core.database - DEBUG - [DB_OP] Starting get_db session creation
2026-04-06 09:55:49,910 - core.database - DEBUG - [DB_OP] Database session created successfully in 0.0003s
2026-04-06 09:55:49,912 - routers.banners - DEBUG - Querying bannerss: query={"active":true}, sort=None, skip=0, limit=4, fields=None
2026-04-06 09:55:50,141 - core.database - DEBUG - [DB_OP] Starting get_db session creation
2026-04-06 09:55:50,142 - core.database - DEBUG - [DB_OP] Database session created successfully in 0.0012s
2026-04-06 09:55:50,143 - routers.food_categories - DEBUG - Querying food_categoriess: query=None, sort=sort_order, skip=0, limit=50, fields=None
2026-04-06 09:55:50,206 - core.database - DEBUG - [DB_OP] Starting get_db session creation
2026-04-06 09:55:50,206 - core.database - DEBUG - [DB_OP] Database session created successfully in 0.0005s
2026-04-06 09:55:50,207 - routers.homepage_stats - DEBUG - Querying homepage_statss: query=None, sort=None, skip=0, limit=1, fields=None
2026-04-06 09:55:50,252 - core.database - DEBUG - [DB_OP] Starting get_db session creation
2026-04-06 09:55:50,253 - core.database - DEBUG - [DB_OP] Database session created successfully in 0.0016s
2026-04-06 09:55:50,254 - routers.food_items - DEBUG - Querying food_itemss: query=None, sort=sort_order, skip=0, limit=200, fields=None
2026-04-06 09:55:50,292 - core.database - DEBUG - [DB_OP] Starting get_db session creation
2026-04-06 09:55:50,293 - core.database - DEBUG - [DB_OP] Database session created successfully in 0.0004s
2026-04-06 09:55:50,294 - routers.bus_routes - DEBUG - Querying bus_routess: query=None, sort=sort_order, skip=0, limit=50, fields=None
2026-04-06 09:55:50,513 - routers.banners - DEBUG - Found 2 bannerss
2026-04-06 09:55:50,514 - core.database - DEBUG - [DB_OP] Database session cleanup after 0.6038s
2026-04-06 09:55:50,709 - routers.food_categories - DEBUG - Found 6 food_categoriess
2026-04-06 09:55:50,711 - core.database - DEBUG - [DB_OP] Database session cleanup after 0.5701s
2026-04-06 09:55:50,736 - routers.homepage_stats - DEBUG - Found 1 homepage_statss
2026-04-06 09:55:50,737 - core.database - DEBUG - [DB_OP] Database session cleanup after 0.5309s
2026-04-06 09:55:50,760 - routers.food_items - DEBUG - Found 13 food_itemss
2026-04-06 09:55:50,762 - core.database - DEBUG - [DB_OP] Database session cleanup after 0.5101s
2026-04-06 09:55:50,802 - routers.bus_routes - DEBUG - Found 4 bus_routess
2026-04-06 09:55:50,803 - core.database - DEBUG - [DB_OP] Database session cleanup after 0.5101s
2026-04-06 09:55:51,566 - httpcore.connection - DEBUG - connect_tcp.started host='atoms.dev' port=443 local_address=None timeout=120.0 socket_options=None
2026-04-06 09:55:51,594 - httpcore.connection - DEBUG - connect_tcp.started host='atoms.dev' port=443 local_address=None timeout=120.0 socket_options=None
2026-04-06 09:55:51,632 - httpcore.connection - DEBUG - connect_tcp.started host='atoms.dev' port=443 local_address=None timeout=120.0 socket_options=None
2026-04-06 09:55:51,681 - core.database - DEBUG - [DB_OP] Starting get_db session creation
2026-04-06 09:55:51,682 - core.database - DEBUG - [DB_OP] Database session created successfully in 0.0006s
2026-04-06 09:55:51,683 - routers.masters - DEBUG - Querying masterss: query=None, sort=-rating, skip=0, limit=50, fields=None
2026-04-06 09:55:51,729 - core.database - DEBUG - [DB_OP] Starting get_db session creation
2026-04-06 09:55:51,730 - core.database - DEBUG - [DB_OP] Database session created successfully in 0.0005s
2026-04-06 09:55:51,730 - routers.announcements - DEBUG - Querying announcementss: query={"active":true,"status":"approved"}, sort=-created_at, skip=0, limit=50, fields=None
2026-04-06 09:55:51,735 - httpcore.connection - DEBUG - connect_tcp.complete return_value=<httpcore._backends.anyio.AnyIOStream object at 0x7f20d4996bc0>
2026-04-06 09:55:51,735 - httpcore.connection - DEBUG - start_tls.started ssl_context=<ssl.SSLContext object at 0x7f20d49b4940> server_hostname='atoms.dev' timeout=120.0
2026-04-06 09:55:51,736 - httpcore.connection - DEBUG - connect_tcp.complete return_value=<httpcore._backends.anyio.AnyIOStream object at 0x7f20db94d390>
2026-04-06 09:55:51,736 - httpcore.connection - DEBUG - start_tls.started ssl_context=<ssl.SSLContext object at 0x7f20d49b4640> server_hostname='atoms.dev' timeout=120.0
2026-04-06 09:55:51,737 - httpcore.connection - DEBUG - connect_tcp.complete return_value=<httpcore._backends.anyio.AnyIOStream object at 0x7f20d491b220>
2026-04-06 09:55:51,737 - httpcore.connection - DEBUG - start_tls.started ssl_context=<ssl.SSLContext object at 0x7f20d49b44c0> server_hostname='atoms.dev' timeout=120.0
2026-04-06 09:55:51,746 - httpcore.connection - DEBUG - start_tls.complete return_value=<httpcore._backends.anyio.AnyIOStream object at 0x7f20d491b6a0>
2026-04-06 09:55:51,751 - httpcore.http11 - DEBUG - send_request_headers.started request=<Request [b'POST']>
2026-04-06 09:55:51,752 - httpcore.connection - DEBUG - start_tls.complete return_value=<httpcore._backends.anyio.AnyIOStream object at 0x7f20d495bf40>
2026-04-06 09:55:51,752 - httpcore.connection - DEBUG - start_tls.complete return_value=<httpcore._backends.anyio.AnyIOStream object at 0x7f20d491af20>
2026-04-06 09:55:51,753 - httpcore.http11 - DEBUG - send_request_headers.complete
2026-04-06 09:55:51,754 - httpcore.http11 - DEBUG - send_request_body.started request=<Request [b'POST']>
2026-04-06 09:55:51,754 - httpcore.http11 - DEBUG - send_request_headers.started request=<Request [b'POST']>
2026-04-06 09:55:51,754 - httpcore.http11 - DEBUG - send_request_headers.started request=<Request [b'POST']>
2026-04-06 09:55:51,755 - httpcore.http11 - DEBUG - send_request_body.complete
2026-04-06 09:55:51,755 - httpcore.http11 - DEBUG - receive_response_headers.started request=<Request [b'POST']>
2026-04-06 09:55:51,755 - httpcore.http11 - DEBUG - send_request_headers.complete
2026-04-06 09:55:51,755 - httpcore.http11 - DEBUG - send_request_body.started request=<Request [b'POST']>
2026-04-06 09:55:51,756 - httpcore.http11 - DEBUG - send_request_headers.complete
2026-04-06 09:55:51,756 - httpcore.http11 - DEBUG - send_request_body.started request=<Request [b'POST']>
2026-04-06 09:55:51,756 - httpcore.http11 - DEBUG - send_request_body.complete
2026-04-06 09:55:51,756 - httpcore.http11 - DEBUG - receive_response_headers.started request=<Request [b'POST']>
2026-04-06 09:55:51,756 - httpcore.http11 - DEBUG - send_request_body.complete
2026-04-06 09:55:51,757 - httpcore.http11 - DEBUG - receive_response_headers.started request=<Request [b'POST']>
2026-04-06 09:55:51,795 - httpcore.http11 - DEBUG - receive_response_headers.complete return_value=(b'HTTP/1.1', 200, b'OK', [(b'Date', b'Mon, 06 Apr 2026 16:55:51 GMT'), (b'Content-Type', b'application/json; charset=utf-8'), (b'Transfer-Encoding', b'chunked'), (b'Connection', b'keep-alive'), (b'Access-Control-Allow-Headers', b'Origin, Content-Type, Accept, Authorization'), (b'Access-Control-Allow-Methods', b'GET, POST, PUT, DELETE, OPTIONS'), (b'Access-Control-Allow-Origin', b'*'), (b'Access-Control-Max-Age', b'86400'), (b'X-Request-Id', b'caa5f896436179d5845d0be671ff9cc5'), (b'X-Trace-Id', b'435eb1e7bbf34450bf9bcd7270895eec'), (b'Content-Security-Policy', b"frame-ancestors 'self' https://atoms.dev"), (b'Strict-Transport-Security', b'max-age=63072000; includeSubDomains; preload'), (b'X-Content-Type-Options', b'nosniff'), (b'X-XSS-Protection', b'1; mode=block'), (b'Referrer-Policy', b'strict-origin-when-cross-origin'), (b'cf-cache-status', b'DYNAMIC'), (b'Content-Encoding', b'gzip'), (b'Server', b'cloudflare'), (b'CF-RAY', b'9e8252947d712b4e-LAX')])
2026-04-06 09:55:51,796 - httpx - INFO - HTTP Request: POST https://atoms.dev/api/v1/infra/client/oss/buckets/portal-images/objects/download_url "HTTP/1.1 200 OK"
2026-04-06 09:55:51,796 - httpcore.http11 - DEBUG - receive_response_body.started request=<Request [b'POST']>
2026-04-06 09:55:51,797 - httpcore.http11 - DEBUG - receive_response_body.complete
2026-04-06 09:55:51,798 - httpcore.http11 - DEBUG - response_closed.started
2026-04-06 09:55:51,798 - httpcore.http11 - DEBUG - response_closed.complete
2026-04-06 09:55:51,799 - httpcore.connection - DEBUG - close.started
2026-04-06 09:55:51,799 - httpcore.connection - DEBUG - close.complete
2026-04-06 09:55:51,810 - httpcore.http11 - DEBUG - receive_response_headers.complete return_value=(b'HTTP/1.1', 200, b'OK', [(b'Date', b'Mon, 06 Apr 2026 16:55:51 GMT'), (b'Content-Type', b'application/json; charset=utf-8'), (b'Transfer-Encoding', b'chunked'), (b'Connection', b'keep-alive'), (b'Access-Control-Allow-Headers', b'Origin, Content-Type, Accept, Authorization'), (b'Access-Control-Allow-Methods', b'GET, POST, PUT, DELETE, OPTIONS'), (b'Access-Control-Allow-Origin', b'*'), (b'Access-Control-Max-Age', b'86400'), (b'X-Request-Id', b'746e9d0b415cd1822aae817c33024428'), (b'X-Trace-Id', b'248fc346b4474fa488e9ee56d7340981'), (b'Content-Security-Policy', b"frame-ancestors 'self' https://atoms.dev"), (b'Strict-Transport-Security', b'max-age=63072000; includeSubDomains; preload'), (b'X-Content-Type-Options', b'nosniff'), (b'X-XSS-Protection', b'1; mode=block'), (b'Referrer-Policy', b'strict-origin-when-cross-origin'), (b'cf-cache-status', b'DYNAMIC'), (b'Content-Encoding', b'gzip'), (b'Server', b'cloudflare'), (b'CF-RAY', b'9e825294785d23de-LAX')])
2026-04-06 09:55:51,811 - httpx - INFO - HTTP Request: POST https://atoms.dev/api/v1/infra/client/oss/buckets/portal-images/objects/download_url "HTTP/1.1 200 OK"
2026-04-06 09:55:51,812 - httpcore.http11 - DEBUG - receive_response_body.started request=<Request [b'POST']>
2026-04-06 09:55:51,812 - httpcore.http11 - DEBUG - receive_response_body.complete
2026-04-06 09:55:51,813 - httpcore.http11 - DEBUG - response_closed.started
2026-04-06 09:55:51,813 - httpcore.http11 - DEBUG - response_closed.complete
2026-04-06 09:55:51,813 - httpcore.connection - DEBUG - close.started
2026-04-06 09:55:51,814 - httpcore.http11 - DEBUG - receive_response_headers.complete return_value=(b'HTTP/1.1', 200, b'OK', [(b'Date', b'Mon, 06 Apr 2026 16:55:51 GMT'), (b'Content-Type', b'application/json; charset=utf-8'), (b'Transfer-Encoding', b'chunked'), (b'Connection', b'keep-alive'), (b'Access-Control-Allow-Headers', b'Origin, Content-Type, Accept, Authorization'), (b'Access-Control-Allow-Methods', b'GET, POST, PUT, DELETE, OPTIONS'), (b'Access-Control-Allow-Origin', b'*'), (b'Access-Control-Max-Age', b'86400'), (b'X-Request-Id', b'33a9e69a274ef243329d42b7ad5971ea'), (b'X-Trace-Id', b'67cd38a3f1e74a49858e41d80488fa9a'), (b'Content-Security-Policy', b"frame-ancestors 'self' https://atoms.dev"), (b'Strict-Transport-Security', b'max-age=63072000; includeSubDomains; preload'), (b'X-Content-Type-Options', b'nosniff'), (b'X-XSS-Protection', b'1; mode=block'), (b'Referrer-Policy', b'strict-origin-when-cross-origin'), (b'cf-cache-status', b'DYNAMIC'), (b'Content-Encoding', b'gzip'), (b'Server', b'cloudflare'), (b'CF-RAY', b'9e8252947f8ecb8e-LAX')])
2026-04-06 09:55:51,814 - httpx - INFO - HTTP Request: POST https://atoms.dev/api/v1/infra/client/oss/buckets/portal-images/objects/download_url "HTTP/1.1 200 OK"
2026-04-06 09:55:51,815 - httpcore.http11 - DEBUG - receive_response_body.started request=<Request [b'POST']>
2026-04-06 09:55:51,815 - httpcore.http11 - DEBUG - receive_response_body.complete
2026-04-06 09:55:51,815 - httpcore.http11 - DEBUG - response_closed.started
2026-04-06 09:55:51,816 - httpcore.connection - DEBUG - close.complete
2026-04-06 09:55:51,817 - httpcore.http11 - DEBUG - response_closed.complete
2026-04-06 09:55:51,817 - httpcore.connection - DEBUG - close.started
2026-04-06 09:55:51,818 - httpcore.connection - DEBUG - close.complete
2026-04-06 09:55:52,207 - routers.masters - DEBUG - Found 8 masterss
2026-04-06 09:55:52,208 - core.database - DEBUG - [DB_OP] Database session cleanup after 0.5266s
2026-04-06 09:55:52,252 - routers.announcements - DEBUG - Found 1 announcementss
2026-04-06 09:55:52,253 - core.database - DEBUG - [DB_OP] Database session cleanup after 0.5241s
2026-04-06 09:56:04,251 - core.database - DEBUG - [DB_OP] Starting get_db session creation
2026-04-06 09:56:04,252 - core.database - DEBUG - [DB_OP] Database session created successfully in 0.0006s
2026-04-06 09:56:04,255 - routers.complaints - DEBUG - Querying complaintss: query=None, sort=-created_at, skip=0, limit=50, fields=None
2026-04-06 09:56:04,258 - core.database - DEBUG - [DB_OP] Starting get_db session creation
2026-04-06 09:56:04,261 - core.database - DEBUG - [DB_OP] Database session created successfully in 0.0029s
2026-04-06 09:56:04,262 - routers.news - DEBUG - Querying newss: query={"published":true}, sort=-created_at, skip=0, limit=50, fields=None
2026-04-06 09:56:04,264 - core.database - DEBUG - [DB_OP] Starting get_db session creation
2026-04-06 09:56:04,265 - core.database - DEBUG - [DB_OP] Database session created successfully in 0.0004s
2026-04-06 09:56:04,265 - routers.jobs - DEBUG - Querying jobss: query={"active":true}, sort=-created_at, skip=0, limit=50, fields=None
2026-04-06 09:56:04,766 - routers.jobs - DEBUG - Found 5 jobss
2026-04-06 09:56:04,768 - core.database - DEBUG - [DB_OP] Database session cleanup after 0.5042s
2026-04-06 09:56:04,822 - routers.news - DEBUG - Found 10 newss
2026-04-06 09:56:04,825 - core.database - DEBUG - [DB_OP] Database session cleanup after 0.5661s
2026-04-06 09:56:04,825 - routers.complaints - DEBUG - Found 12 complaintss
2026-04-06 09:56:04,827 - core.database - DEBUG - [DB_OP] Database session cleanup after 0.5756s
2026-04-06 09:56:06,943 - core.database - DEBUG - [DB_OP] Starting get_db session creation
2026-04-06 09:56:06,943 - core.database - DEBUG - [DB_OP] Database session created successfully in 0.0007s
2026-04-06 09:56:06,944 - routers.real_estate - DEBUG - Querying real_estates: query=None, sort=-created_at, skip=0, limit=100, fields=None
2026-04-06 09:56:07,461 - routers.real_estate - DEBUG - Found 0 real_estates
2026-04-06 09:56:07,462 - core.database - DEBUG - [DB_OP] Database session cleanup after 0.5193s
2026-04-06 09:56:12,652 - core.database - DEBUG - [DB_OP] Starting get_db session creation
2026-04-06 09:56:12,652 - core.database - DEBUG - [DB_OP] Database session created successfully in 0.0004s
2026-04-06 09:56:12,653 - routers.inspectors - DEBUG - Querying inspectorss: query=None, sort=precinct_number, skip=0, limit=100, fields=None
2026-04-06 09:56:13,235 - routers.inspectors - DEBUG - Found 8 inspectorss
2026-04-06 09:56:13,236 - core.database - DEBUG - [DB_OP] Database session cleanup after 0.5835s
2026-04-06 09:57:30,028 - services.database - DEBUG - [DB_OP] Starting database close
2026-04-06 09:57:30,359 - core.database - INFO - Database connection closed and engine disposed
2026-04-06 09:57:30,360 - services.database - INFO - Database connections closed
2026-04-06 09:57:30,360 - services.database - DEBUG - [DB_OP] Database close completed in 0.3315s
