2026-03-31 11:02:36,228 - main - INFO - === Logging system initialized ===
2026-03-31 11:02:36,228 - main - INFO - Log file: logs/app_20260331_110236.log
2026-03-31 11:02:36,229 - main - INFO - Log level: INFO
2026-03-31 11:02:36,229 - main - INFO - Timestamp: 20260331_110236
2026-03-31 11:02:36,235 - main - INFO - Included router: routers.admin_auth.router
2026-03-31 11:02:37,767 - main - INFO - Included router: routers.aihub.router
2026-03-31 11:02:37,827 - main - INFO - Included router: routers.announcements.router
2026-03-31 11:02:37,847 - main - INFO - Included router: routers.auth.router
2026-03-31 11:02:37,901 - main - INFO - Included router: routers.banners.router
2026-03-31 11:02:38,059 - main - INFO - Included router: routers.become_master_requests.router
2026-03-31 11:02:38,126 - main - INFO - Included router: routers.categories.router
2026-03-31 11:02:38,174 - main - INFO - Included router: routers.complaints.router
2026-03-31 11:02:38,177 - main - INFO - Included router: routers.debug_schema.router
2026-03-31 11:02:38,218 - main - INFO - Included router: routers.directory_entries.router
2026-03-31 11:02:38,255 - main - INFO - Included router: routers.food_categories.router
2026-03-31 11:02:38,289 - main - INFO - Included router: routers.food_item_modifiers.router
2026-03-31 11:02:38,335 - main - INFO - Included router: routers.food_items.router
2026-03-31 11:02:38,375 - main - INFO - Included router: routers.food_modifiers.router
2026-03-31 11:02:38,423 - main - INFO - Included router: routers.food_orders.router
2026-03-31 11:02:38,463 - main - INFO - Included router: routers.food_settings.router
2026-03-31 11:02:38,498 - main - INFO - Included router: routers.frontpad.router
2026-03-31 11:02:38,532 - main - INFO - Included router: routers.frontpad_settings.router
2026-03-31 11:02:38,568 - main - INFO - Included router: routers.frontpad_sync_log.router
2026-03-31 11:02:38,576 - main - INFO - Included router: routers.health.router
2026-03-31 11:02:38,762 - main - INFO - Included router: routers.health_check.router
2026-03-31 11:02:38,820 - main - INFO - Included router: routers.history_events.router
2026-03-31 11:02:38,857 - main - INFO - Included router: routers.homepage_stats.router
2026-03-31 11:02:38,904 - main - INFO - Included router: routers.inspectors.router
2026-03-31 11:02:38,945 - main - INFO - Included router: routers.item_modifier_groups.router
2026-03-31 11:02:38,996 - main - INFO - Included router: routers.jobs.router
2026-03-31 11:02:39,041 - main - INFO - Included router: routers.master_requests.router
2026-03-31 11:02:39,091 - main - INFO - Included router: routers.masters.router
2026-03-31 11:02:39,156 - main - INFO - Included router: routers.modifier_groups.router
2026-03-31 11:02:39,213 - main - INFO - Included router: routers.modifier_options.router
2026-03-31 11:02:39,268 - main - INFO - Included router: routers.news.router
2026-03-31 11:02:39,308 - main - INFO - Included router: routers.question_answers.router
2026-03-31 11:02:39,506 - main - INFO - Included router: routers.questions.router
2026-03-31 11:02:39,584 - main - INFO - Included router: routers.real_estate.router
2026-03-31 11:02:39,615 - main - INFO - Included router: routers.settings.router
2026-03-31 11:02:39,642 - main - INFO - Included router: routers.storage.router
2026-03-31 11:02:39,663 - main - INFO - Included router: routers.telegram.router
2026-03-31 11:02:39,671 - main - INFO - Included router: routers.user.router
2026-03-31 11:02:39,714 - main - INFO - Included router: routers.user_preferences.router
2026-03-31 11:02:39,717 - main - INFO - Included router: routers.weather.router
2026-03-31 11:02:39,718 - main - INFO - === Application startup initiated ===
2026-03-31 11:02:39,718 - services.database - INFO - Ignore creating tables
2026-03-31 11:02:39,718 - services.mock_data - INFO - Ignore initialize data
2026-03-31 11:02:39,718 - services.auth - INFO - Ignore initialize admin
2026-03-31 11:02:39,718 - core.database - WARNING - Database not initialized, attempting lazy initialization...
2026-03-31 11:02:39,718 - core.database - INFO - Starting database initialization...
2026-03-31 11:02:39,719 - core.config - DEBUG - Read dynamic attribute database_url from environment variable DATABASE_URL
2026-03-31 11:02:39,719 - core.database - INFO - Database init attempt 1/5...
2026-03-31 11:02:39,722 - core.database - INFO - Normalized database URL (masked): postgresql+asyncpg://neondb_owner:***@ep-cool-wave-ad8598va.c-2.us-east-1.aws.neon.tech/neondb?ssl=require
2026-03-31 11:02:39,723 - core.database - INFO - Using QueuePool with connection pooling
2026-03-31 11:02:41,083 - core.database - INFO - Database connection initialized successfully
2026-03-31 11:02:41,084 - core.database - DEBUG - [DB_OP] Starting create_tables
2026-03-31 11:02:41,084 - core.database - INFO - 🔧 Table creation attempt 1/3...
2026-03-31 11:02:41,084 - core.database - INFO - 🔧 Starting table structure repair...
2026-03-31 11:02:41,586 - core.database - INFO - 🔧 Repairing 34 existing tables...
2026-03-31 11:02:41,586 - core.database - DEBUG - Checking table structure for: users
2026-03-31 11:02:41,587 - core.database - DEBUG - Checking table structure for: oidc_states
2026-03-31 11:02:41,588 - core.database - DEBUG - Checking table structure for: admin_credentials
2026-03-31 11:02:41,589 - core.database - DEBUG - Checking table structure for: admin_login_attempts
2026-03-31 11:02:41,590 - core.database - DEBUG - Checking table structure for: admin_login_lockouts
2026-03-31 11:02:41,591 - core.database - DEBUG - Checking table structure for: announcements
2026-03-31 11:02:41,593 - core.database - DEBUG - Checking table structure for: banners
2026-03-31 11:02:41,594 - core.database - DEBUG - Checking table structure for: become_master_requests
2026-03-31 11:02:41,595 - core.database - DEBUG - Checking table structure for: categories
2026-03-31 11:02:41,596 - core.database - DEBUG - Checking table structure for: complaints
2026-03-31 11:02:42,204 - core.database - DEBUG - Table users structure is up to date
2026-03-31 11:02:42,204 - core.database - INFO - Table users repaired in 0.62s
2026-03-31 11:02:42,205 - core.database - DEBUG - Checking table structure for: directory_entries
2026-03-31 11:02:42,419 - core.database - DEBUG - Table admin_login_attempts structure is up to date
2026-03-31 11:02:42,419 - core.database - INFO - Table admin_login_attempts repaired in 0.83s
2026-03-31 11:02:42,419 - core.database - DEBUG - Checking table structure for: food_categories
2026-03-31 11:02:42,423 - core.database - DEBUG - Table admin_credentials structure is up to date
2026-03-31 11:02:42,423 - core.database - INFO - Table admin_credentials repaired in 0.84s
2026-03-31 11:02:42,423 - core.database - DEBUG - Checking table structure for: food_item_modifiers
2026-03-31 11:02:42,424 - core.database - DEBUG - Table admin_login_lockouts structure is up to date
2026-03-31 11:02:42,424 - core.database - INFO - Table admin_login_lockouts repaired in 0.83s
2026-03-31 11:02:42,425 - core.database - DEBUG - Checking table structure for: food_items
2026-03-31 11:02:42,481 - core.database - DEBUG - Table complaints structure is up to date
2026-03-31 11:02:42,481 - core.database - INFO - Table complaints repaired in 0.88s
2026-03-31 11:02:42,481 - core.database - DEBUG - Checking table structure for: food_modifiers
2026-03-31 11:02:42,489 - core.database - DEBUG - Table banners structure is up to date
2026-03-31 11:02:42,489 - core.database - INFO - Table banners repaired in 0.90s
2026-03-31 11:02:42,489 - core.database - DEBUG - Checking table structure for: food_orders
2026-03-31 11:02:42,490 - core.database - DEBUG - Table announcements structure is up to date
2026-03-31 11:02:42,490 - core.database - INFO - Table announcements repaired in 0.90s
2026-03-31 11:02:42,490 - core.database - DEBUG - Checking table structure for: food_settings
2026-03-31 11:02:42,491 - core.database - DEBUG - Table oidc_states structure is up to date
2026-03-31 11:02:42,491 - core.database - INFO - Table oidc_states repaired in 0.90s
2026-03-31 11:02:42,491 - core.database - DEBUG - Checking table structure for: frontpad_settings
2026-03-31 11:02:42,500 - core.database - DEBUG - Table become_master_requests structure is up to date
2026-03-31 11:02:42,500 - core.database - INFO - Table become_master_requests repaired in 0.91s
2026-03-31 11:02:42,500 - core.database - DEBUG - Checking table structure for: frontpad_sync_log
2026-03-31 11:02:42,502 - core.database - DEBUG - Table categories structure is up to date
2026-03-31 11:02:42,502 - core.database - INFO - Table categories repaired in 0.91s
2026-03-31 11:02:42,502 - core.database - DEBUG - Checking table structure for: health_check
2026-03-31 11:02:42,580 - core.database - DEBUG - Table directory_entries structure is up to date
2026-03-31 11:02:42,580 - core.database - INFO - Table directory_entries repaired in 0.98s
2026-03-31 11:02:42,580 - core.database - DEBUG - Checking table structure for: history_events
2026-03-31 11:02:42,862 - core.database - DEBUG - Table food_item_modifiers structure is up to date
2026-03-31 11:02:42,862 - core.database - INFO - Table food_item_modifiers repaired in 1.26s
2026-03-31 11:02:42,863 - core.database - DEBUG - Checking table structure for: homepage_stats
2026-03-31 11:02:42,867 - core.database - DEBUG - Table food_categories structure is up to date
2026-03-31 11:02:42,868 - core.database - INFO - Table food_categories repaired in 1.27s
2026-03-31 11:02:42,868 - core.database - DEBUG - Checking table structure for: inspectors
2026-03-31 11:02:42,870 - core.database - DEBUG - Table food_items structure is up to date
2026-03-31 11:02:42,871 - core.database - INFO - Table food_items repaired in 1.27s
2026-03-31 11:02:42,871 - core.database - DEBUG - Checking table structure for: item_modifier_groups
2026-03-31 11:02:42,921 - core.database - DEBUG - Table food_modifiers structure is up to date
2026-03-31 11:02:42,922 - core.database - INFO - Table food_modifiers repaired in 1.32s
2026-03-31 11:02:42,922 - core.database - DEBUG - Checking table structure for: jobs
2026-03-31 11:02:42,932 - core.database - DEBUG - Table food_settings structure is up to date
2026-03-31 11:02:42,932 - core.database - INFO - Table food_settings repaired in 1.33s
2026-03-31 11:02:42,932 - core.database - DEBUG - Checking table structure for: master_requests
2026-03-31 11:02:42,933 - core.database - DEBUG - Table frontpad_settings structure is up to date
2026-03-31 11:02:42,933 - core.database - INFO - Table frontpad_settings repaired in 1.34s
2026-03-31 11:02:42,933 - core.database - DEBUG - Table food_orders structure is up to date
2026-03-31 11:02:42,934 - core.database - INFO - Table food_orders repaired in 1.34s
2026-03-31 11:02:42,934 - core.database - DEBUG - Checking table structure for: masters
2026-03-31 11:02:42,935 - core.database - DEBUG - Checking table structure for: modifier_groups
2026-03-31 11:02:42,937 - core.database - DEBUG - Table frontpad_sync_log structure is up to date
2026-03-31 11:02:42,938 - core.database - INFO - Table frontpad_sync_log repaired in 1.34s
2026-03-31 11:02:42,938 - core.database - DEBUG - Checking table structure for: modifier_options
2026-03-31 11:02:42,945 - core.database - DEBUG - Table health_check structure is up to date
2026-03-31 11:02:42,945 - core.database - INFO - Table health_check repaired in 1.35s
2026-03-31 11:02:42,945 - core.database - DEBUG - Checking table structure for: news
2026-03-31 11:02:42,955 - core.database - DEBUG - Table history_events structure is up to date
2026-03-31 11:02:42,956 - core.database - INFO - Table history_events repaired in 1.36s
2026-03-31 11:02:42,956 - core.database - DEBUG - Checking table structure for: question_answers
2026-03-31 11:02:43,242 - core.database - DEBUG - Table homepage_stats structure is up to date
2026-03-31 11:02:43,243 - core.database - INFO - Table homepage_stats repaired in 1.65s
2026-03-31 11:02:43,243 - core.database - DEBUG - Checking table structure for: questions
2026-03-31 11:02:43,255 - core.database - DEBUG - Table item_modifier_groups structure is up to date
2026-03-31 11:02:43,255 - core.database - INFO - Table item_modifier_groups repaired in 1.66s
2026-03-31 11:02:43,255 - core.database - DEBUG - Checking table structure for: real_estate
2026-03-31 11:02:43,311 - core.database - DEBUG - Table inspectors structure is up to date
2026-03-31 11:02:43,312 - core.database - INFO - Table inspectors repaired in 1.71s
2026-03-31 11:02:43,312 - core.database - DEBUG - Checking table structure for: user_preferences
2026-03-31 11:02:43,317 - core.database - DEBUG - Table modifier_options structure is up to date
2026-03-31 11:02:43,317 - core.database - INFO - Table modifier_options repaired in 1.72s
2026-03-31 11:02:43,327 - core.database - DEBUG - Table news structure is up to date
2026-03-31 11:02:43,327 - core.database - INFO - Table news repaired in 1.73s
2026-03-31 11:02:43,330 - core.database - DEBUG - Table question_answers structure is up to date
2026-03-31 11:02:43,331 - core.database - INFO - Table question_answers repaired in 1.73s
2026-03-31 11:02:43,372 - core.database - DEBUG - Table jobs structure is up to date
2026-03-31 11:02:43,373 - core.database - INFO - Table jobs repaired in 1.78s
2026-03-31 11:02:43,375 - core.database - DEBUG - Table modifier_groups structure is up to date
2026-03-31 11:02:43,375 - core.database - INFO - Table modifier_groups repaired in 1.78s
2026-03-31 11:02:43,439 - core.database - DEBUG - Table masters structure is up to date
2026-03-31 11:02:43,440 - core.database - INFO - Table masters repaired in 1.84s
2026-03-31 11:02:43,447 - core.database - DEBUG - Table master_requests structure is up to date
2026-03-31 11:02:43,447 - core.database - INFO - Table master_requests repaired in 1.85s
2026-03-31 11:02:43,687 - core.database - DEBUG - Table questions structure is up to date
2026-03-31 11:02:43,687 - core.database - INFO - Table questions repaired in 2.09s
2026-03-31 11:02:43,705 - core.database - DEBUG - Table real_estate structure is up to date
2026-03-31 11:02:43,705 - core.database - INFO - Table real_estate repaired in 2.11s
2026-03-31 11:02:43,760 - core.database - DEBUG - Table user_preferences structure is up to date
2026-03-31 11:02:43,760 - core.database - INFO - Table user_preferences repaired in 2.16s
2026-03-31 11:02:43,760 - core.database - INFO - 🔧 Table structure repair completed in 2.6762s
2026-03-31 11:02:43,761 - core.database - INFO - 🔧 Table structure repair completed
2026-03-31 11:02:43,761 - core.database - INFO - 🔧 Starting table creation...
2026-03-31 11:02:46,201 - core.database - INFO - Tables initialized successfully
2026-03-31 11:02:46,201 - core.database - DEBUG - [DB_OP] Create tables completed in 5.1175s
2026-03-31 11:02:46,263 - core.database - INFO - Lazy database initialization completed successfully
2026-03-31 11:02:46,665 - routers.admin_auth - DEBUG - [Admin Auth] Admin credentials already exist
2026-03-31 11:02:46,728 - core.config - DEBUG - Read dynamic attribute oss_service_url from environment variable OSS_SERVICE_URL
2026-03-31 11:02:46,729 - core.config - DEBUG - Read dynamic attribute oss_api_key from environment variable OSS_API_KEY
2026-03-31 11:02:46,816 - httpcore.connection - DEBUG - connect_tcp.started host='atoms.dev' port=443 local_address=None timeout=120.0 socket_options=None
2026-03-31 11:02:46,826 - httpcore.connection - DEBUG - connect_tcp.complete return_value=<httpcore._backends.anyio.AnyIOStream object at 0x7f2909167460>
2026-03-31 11:02:46,826 - httpcore.connection - DEBUG - start_tls.started ssl_context=<ssl.SSLContext object at 0x7f290930a340> server_hostname='atoms.dev' timeout=120.0
2026-03-31 11:02:46,838 - httpcore.connection - DEBUG - start_tls.complete return_value=<httpcore._backends.anyio.AnyIOStream object at 0x7f2909166350>
2026-03-31 11:02:46,839 - httpcore.http11 - DEBUG - send_request_headers.started request=<Request [b'GET']>
2026-03-31 11:02:46,840 - httpcore.http11 - DEBUG - send_request_headers.complete
2026-03-31 11:02:46,840 - httpcore.http11 - DEBUG - send_request_body.started request=<Request [b'GET']>
2026-03-31 11:02:46,840 - httpcore.http11 - DEBUG - send_request_body.complete
2026-03-31 11:02:46,840 - httpcore.http11 - DEBUG - receive_response_headers.started request=<Request [b'GET']>
2026-03-31 11:02:46,870 - httpcore.http11 - DEBUG - receive_response_headers.complete return_value=(b'HTTP/1.1', 200, b'OK', [(b'Date', b'Tue, 31 Mar 2026 18:02:46 GMT'), (b'Content-Type', b'application/json; charset=utf-8'), (b'Transfer-Encoding', b'chunked'), (b'Connection', b'keep-alive'), (b'Access-Control-Allow-Headers', b'Origin, Content-Type, Accept, Authorization'), (b'Access-Control-Allow-Methods', b'GET, POST, PUT, DELETE, OPTIONS'), (b'Access-Control-Allow-Origin', b'*'), (b'Access-Control-Max-Age', b'86400'), (b'X-Request-Id', b'050144e3f55cbd4be3c00383a04ee994'), (b'X-Trace-Id', b'be7329057c2148f6ba7fcdde7a4bced8'), (b'Content-Security-Policy', b"frame-ancestors 'self' https://atoms.dev"), (b'Strict-Transport-Security', b'max-age=63072000; includeSubDomains; preload'), (b'X-Content-Type-Options', b'nosniff'), (b'X-XSS-Protection', b'1; mode=block'), (b'Referrer-Policy', b'strict-origin-when-cross-origin'), (b'cf-cache-status', b'DYNAMIC'), (b'Content-Encoding', b'gzip'), (b'Server', b'cloudflare'), (b'CF-RAY', b'9e51445abe1227ec-LAX')])
2026-03-31 11:02:46,871 - httpx - INFO - HTTP Request: GET https://atoms.dev/api/v1/infra/client/oss/buckets "HTTP/1.1 200 OK"
2026-03-31 11:02:46,871 - httpcore.http11 - DEBUG - receive_response_body.started request=<Request [b'GET']>
2026-03-31 11:02:46,871 - httpcore.http11 - DEBUG - receive_response_body.complete
2026-03-31 11:02:46,871 - httpcore.http11 - DEBUG - response_closed.started
2026-03-31 11:02:46,872 - httpcore.http11 - DEBUG - response_closed.complete
2026-03-31 11:02:46,873 - httpcore.connection - DEBUG - close.started
2026-03-31 11:02:46,873 - httpcore.connection - DEBUG - close.complete
2026-03-31 11:02:46,874 - services.bucket_init - INFO - Bucket 'portal-images' already exists
2026-03-31 11:02:46,874 - main - INFO - === Application startup completed ===
2026-03-31 11:06:55,185 - services.database - DEBUG - [DB_OP] Starting database close
2026-03-31 11:06:55,521 - core.database - INFO - Database connection closed and engine disposed
2026-03-31 11:06:55,521 - services.database - INFO - Database connections closed
2026-03-31 11:06:55,522 - services.database - DEBUG - [DB_OP] Database close completed in 0.3363s
