2026-04-06 14:25:37,907 - main - INFO - === Logging system initialized ===
2026-04-06 14:25:37,908 - main - INFO - Log file: logs/app_20260406_142537.log
2026-04-06 14:25:37,908 - main - INFO - Log level: INFO
2026-04-06 14:25:37,909 - main - INFO - Timestamp: 20260406_142537
2026-04-06 14:25:37,915 - main - INFO - Included router: routers.admin_auth.router
2026-04-06 14:25:38,838 - main - INFO - Included router: routers.aihub.router
2026-04-06 14:25:38,893 - main - INFO - Included router: routers.announcements.router
2026-04-06 14:25:38,913 - main - INFO - Included router: routers.auth.router
2026-04-06 14:25:38,955 - main - INFO - Included router: routers.banners.router
2026-04-06 14:25:39,073 - main - INFO - Included router: routers.become_master_requests.router
2026-04-06 14:25:39,113 - main - INFO - Included router: routers.bus_notifications.router
2026-04-06 14:25:39,182 - main - INFO - Included router: routers.bus_routes.router
2026-04-06 14:25:39,226 - main - INFO - Included router: routers.bus_stops.router
2026-04-06 14:25:39,274 - main - INFO - Included router: routers.categories.router
2026-04-06 14:25:39,323 - main - INFO - Included router: routers.complaints.router
2026-04-06 14:25:39,368 - main - INFO - Included router: routers.couriers.router
2026-04-06 14:25:39,372 - main - INFO - Included router: routers.debug_schema.router
2026-04-06 14:25:39,417 - main - INFO - Included router: routers.directory_entries.router
2026-04-06 14:25:39,462 - main - INFO - Included router: routers.food_categories.router
2026-04-06 14:25:39,501 - main - INFO - Included router: routers.food_item_modifiers.router
2026-04-06 14:25:39,557 - main - INFO - Included router: routers.food_items.router
2026-04-06 14:25:39,610 - main - INFO - Included router: routers.food_modifiers.router
2026-04-06 14:25:39,773 - main - INFO - Included router: routers.food_orders.router
2026-04-06 14:25:39,830 - main - INFO - Included router: routers.food_settings.router
2026-04-06 14:25:39,870 - main - INFO - Included router: routers.frontpad.router
2026-04-06 14:25:39,911 - main - INFO - Included router: routers.frontpad_settings.router
2026-04-06 14:25:39,954 - main - INFO - Included router: routers.frontpad_sync_log.router
2026-04-06 14:25:39,956 - main - INFO - Included router: routers.health.router
2026-04-06 14:25:39,993 - main - INFO - Included router: routers.health_check.router
2026-04-06 14:25:40,041 - main - INFO - Included router: routers.history_events.router
2026-04-06 14:25:40,091 - main - INFO - Included router: routers.homepage_stats.router
2026-04-06 14:25:40,157 - main - INFO - Included router: routers.inspectors.router
2026-04-06 14:25:40,201 - main - INFO - Included router: routers.item_modifier_groups.router
2026-04-06 14:25:40,306 - main - INFO - Included router: routers.jobs.router
2026-04-06 14:25:40,362 - main - INFO - Included router: routers.master_requests.router
2026-04-06 14:25:40,421 - main - INFO - Included router: routers.masters.router
2026-04-06 14:25:40,643 - main - INFO - Included router: routers.modifier_groups.router
2026-04-06 14:25:40,694 - main - INFO - Included router: routers.modifier_options.router
2026-04-06 14:25:40,747 - main - INFO - Included router: routers.news.router
2026-04-06 14:25:40,804 - main - INFO - Included router: routers.park_orders.router
2026-04-06 14:25:40,878 - main - INFO - Included router: routers.park_points.router
2026-04-06 14:25:40,933 - main - INFO - Included router: routers.question_answers.router
2026-04-06 14:25:40,990 - main - INFO - Included router: routers.questions.router
2026-04-06 14:25:41,066 - main - INFO - Included router: routers.real_estate.router
2026-04-06 14:25:41,091 - main - INFO - Included router: routers.settings.router
2026-04-06 14:25:41,121 - main - INFO - Included router: routers.storage.router
2026-04-06 14:25:41,148 - main - INFO - Included router: routers.telegram.router
2026-04-06 14:25:41,161 - main - INFO - Included router: routers.user.router
2026-04-06 14:25:41,207 - main - INFO - Included router: routers.user_preferences.router
2026-04-06 14:25:41,210 - main - INFO - Included router: routers.weather.router
2026-04-06 14:25:41,211 - main - INFO - === Application startup initiated ===
2026-04-06 14:25:41,212 - services.database - INFO - Ignore creating tables
2026-04-06 14:25:41,212 - services.mock_data - INFO - Ignore initialize data
2026-04-06 14:25:41,212 - services.auth - INFO - Ignore initialize admin
2026-04-06 14:25:41,213 - core.database - WARNING - Database not initialized, attempting lazy initialization...
2026-04-06 14:25:41,213 - core.database - INFO - Starting database initialization...
2026-04-06 14:25:41,213 - core.config - DEBUG - Read dynamic attribute database_url from environment variable DATABASE_URL
2026-04-06 14:25:41,213 - core.database - INFO - Database init attempt 1/5...
2026-04-06 14:25:41,214 - core.database - INFO - Normalized database URL (masked): postgresql+asyncpg://neondb_owner:***@ep-cool-wave-ad8598va.c-2.us-east-1.aws.neon.tech/neondb?ssl=require
2026-04-06 14:25:41,215 - core.database - INFO - Using QueuePool with connection pooling
2026-04-06 14:25:42,580 - core.database - INFO - Database connection initialized successfully
2026-04-06 14:25:42,581 - core.database - DEBUG - [DB_OP] Starting create_tables
2026-04-06 14:25:42,581 - core.database - INFO - 🔧 Table creation attempt 1/3...
2026-04-06 14:25:42,581 - core.database - INFO - 🔧 Starting table structure repair...
2026-04-06 14:25:43,153 - core.database - INFO - 🔧 Repairing 40 existing tables...
2026-04-06 14:25:43,154 - core.database - DEBUG - Checking table structure for: users
2026-04-06 14:25:43,156 - core.database - DEBUG - Checking table structure for: oidc_states
2026-04-06 14:25:43,158 - core.database - DEBUG - Checking table structure for: admin_credentials
2026-04-06 14:25:43,160 - core.database - DEBUG - Checking table structure for: admin_login_attempts
2026-04-06 14:25:43,161 - core.database - DEBUG - Checking table structure for: admin_login_lockouts
2026-04-06 14:25:43,162 - core.database - DEBUG - Checking table structure for: announcements
2026-04-06 14:25:43,163 - core.database - DEBUG - Checking table structure for: banners
2026-04-06 14:25:43,164 - core.database - DEBUG - Checking table structure for: become_master_requests
2026-04-06 14:25:43,165 - core.database - DEBUG - Checking table structure for: bus_notifications
2026-04-06 14:25:43,166 - core.database - DEBUG - Checking table structure for: bus_routes
2026-04-06 14:25:43,885 - core.database - DEBUG - Table users structure is up to date
2026-04-06 14:25:43,886 - core.database - INFO - Table users repaired in 0.73s
2026-04-06 14:25:43,886 - core.database - DEBUG - Checking table structure for: bus_stops
2026-04-06 14:25:43,995 - core.database - DEBUG - Table admin_credentials structure is up to date
2026-04-06 14:25:43,995 - core.database - INFO - Table admin_credentials repaired in 0.84s
2026-04-06 14:25:43,995 - core.database - DEBUG - Checking table structure for: categories
2026-04-06 14:25:44,083 - core.database - DEBUG - Table admin_login_lockouts structure is up to date
2026-04-06 14:25:44,084 - core.database - INFO - Table admin_login_lockouts repaired in 0.92s
2026-04-06 14:25:44,084 - core.database - DEBUG - Checking table structure for: complaints
2026-04-06 14:25:44,085 - core.database - DEBUG - Table admin_login_attempts structure is up to date
2026-04-06 14:25:44,085 - core.database - INFO - Table admin_login_attempts repaired in 0.93s
2026-04-06 14:25:44,085 - core.database - DEBUG - Checking table structure for: couriers
2026-04-06 14:25:44,086 - core.database - DEBUG - Table announcements structure is up to date
2026-04-06 14:25:44,086 - core.database - INFO - Table announcements repaired in 0.92s
2026-04-06 14:25:44,086 - core.database - DEBUG - Checking table structure for: directory_entries
2026-04-06 14:25:44,087 - core.database - DEBUG - Table banners structure is up to date
2026-04-06 14:25:44,087 - core.database - INFO - Table banners repaired in 0.92s
2026-04-06 14:25:44,087 - core.database - DEBUG - Checking table structure for: food_categories
2026-04-06 14:25:44,100 - core.database - DEBUG - Table bus_routes structure is up to date
2026-04-06 14:25:44,100 - core.database - INFO - Table bus_routes repaired in 0.93s
2026-04-06 14:25:44,101 - core.database - DEBUG - Table oidc_states structure is up to date
2026-04-06 14:25:44,101 - core.database - INFO - Table oidc_states repaired in 0.94s
2026-04-06 14:25:44,101 - core.database - DEBUG - Checking table structure for: food_item_modifiers
2026-04-06 14:25:44,101 - core.database - DEBUG - Checking table structure for: food_items
2026-04-06 14:25:44,102 - core.database - DEBUG - Table bus_notifications structure is up to date
2026-04-06 14:25:44,102 - core.database - INFO - Table bus_notifications repaired in 0.94s
2026-04-06 14:25:44,102 - core.database - DEBUG - Checking table structure for: food_modifiers
2026-04-06 14:25:44,103 - core.database - DEBUG - Table become_master_requests structure is up to date
2026-04-06 14:25:44,103 - core.database - INFO - Table become_master_requests repaired in 0.94s
2026-04-06 14:25:44,103 - core.database - DEBUG - Checking table structure for: food_orders
2026-04-06 14:25:44,272 - core.database - DEBUG - Table bus_stops structure is up to date
2026-04-06 14:25:44,272 - core.database - INFO - Table bus_stops repaired in 1.11s
2026-04-06 14:25:44,273 - core.database - DEBUG - Checking table structure for: food_settings
2026-04-06 14:25:44,432 - core.database - DEBUG - Table categories structure is up to date
2026-04-06 14:25:44,432 - core.database - INFO - Table categories repaired in 1.27s
2026-04-06 14:25:44,433 - core.database - DEBUG - Checking table structure for: frontpad_settings
2026-04-06 14:25:44,522 - core.database - DEBUG - Table complaints structure is up to date
2026-04-06 14:25:44,522 - core.database - INFO - Table complaints repaired in 1.36s
2026-04-06 14:25:44,523 - core.database - DEBUG - Checking table structure for: frontpad_sync_log
2026-04-06 14:25:44,527 - core.database - DEBUG - Table food_categories structure is up to date
2026-04-06 14:25:44,527 - core.database - INFO - Table food_categories repaired in 1.36s
2026-04-06 14:25:44,527 - core.database - DEBUG - Checking table structure for: health_check
2026-04-06 14:25:44,528 - core.database - DEBUG - Table couriers structure is up to date
2026-04-06 14:25:44,529 - core.database - INFO - Table couriers repaired in 1.36s
2026-04-06 14:25:44,529 - core.database - DEBUG - Checking table structure for: history_events
2026-04-06 14:25:44,529 - core.database - DEBUG - Table directory_entries structure is up to date
2026-04-06 14:25:44,529 - core.database - INFO - Table directory_entries repaired in 1.36s
2026-04-06 14:25:44,530 - core.database - DEBUG - Checking table structure for: homepage_stats
2026-04-06 14:25:44,541 - core.database - DEBUG - Table food_items structure is up to date
2026-04-06 14:25:44,542 - core.database - INFO - Table food_items repaired in 1.37s
2026-04-06 14:25:44,542 - core.database - DEBUG - Checking table structure for: inspectors
2026-04-06 14:25:44,543 - core.database - DEBUG - Table food_item_modifiers structure is up to date
2026-04-06 14:25:44,543 - core.database - INFO - Table food_item_modifiers repaired in 1.38s
2026-04-06 14:25:44,543 - core.database - DEBUG - Checking table structure for: item_modifier_groups
2026-04-06 14:25:44,546 - core.database - DEBUG - Table food_orders structure is up to date
2026-04-06 14:25:44,546 - core.database - INFO - Table food_orders repaired in 1.38s
2026-04-06 14:25:44,547 - core.database - DEBUG - Checking table structure for: jobs
2026-04-06 14:25:44,549 - core.database - DEBUG - Table food_modifiers structure is up to date
2026-04-06 14:25:44,550 - core.database - INFO - Table food_modifiers repaired in 1.38s
2026-04-06 14:25:44,550 - core.database - DEBUG - Checking table structure for: master_requests
2026-04-06 14:25:44,657 - core.database - DEBUG - Table food_settings structure is up to date
2026-04-06 14:25:44,658 - core.database - INFO - Table food_settings repaired in 1.49s
2026-04-06 14:25:44,658 - core.database - DEBUG - Checking table structure for: masters
2026-04-06 14:25:44,807 - core.database - DEBUG - Table frontpad_settings structure is up to date
2026-04-06 14:25:44,807 - core.database - INFO - Table frontpad_settings repaired in 1.64s
2026-04-06 14:25:44,807 - core.database - DEBUG - Checking table structure for: modifier_groups
2026-04-06 14:25:44,899 - core.database - DEBUG - Table frontpad_sync_log structure is up to date
2026-04-06 14:25:44,900 - core.database - INFO - Table frontpad_sync_log repaired in 1.73s
2026-04-06 14:25:44,900 - core.database - DEBUG - Checking table structure for: modifier_options
2026-04-06 14:25:44,901 - core.database - DEBUG - Table health_check structure is up to date
2026-04-06 14:25:44,901 - core.database - INFO - Table health_check repaired in 1.73s
2026-04-06 14:25:44,901 - core.database - DEBUG - Checking table structure for: news
2026-04-06 14:25:44,907 - core.database - DEBUG - Table homepage_stats structure is up to date
2026-04-06 14:25:44,908 - core.database - INFO - Table homepage_stats repaired in 1.74s
2026-04-06 14:25:44,908 - core.database - DEBUG - Table history_events structure is up to date
2026-04-06 14:25:44,908 - core.database - INFO - Table history_events repaired in 1.74s
2026-04-06 14:25:44,908 - core.database - DEBUG - Checking table structure for: park_orders
2026-04-06 14:25:44,909 - core.database - DEBUG - Checking table structure for: park_points
2026-04-06 14:25:44,921 - core.database - DEBUG - Table item_modifier_groups structure is up to date
2026-04-06 14:25:44,921 - core.database - INFO - Table item_modifier_groups repaired in 1.75s
2026-04-06 14:25:44,922 - core.database - DEBUG - Checking table structure for: question_answers
2026-04-06 14:25:44,934 - core.database - DEBUG - Table master_requests structure is up to date
2026-04-06 14:25:44,934 - core.database - INFO - Table master_requests repaired in 1.77s
2026-04-06 14:25:44,934 - core.database - DEBUG - Checking table structure for: questions
2026-04-06 14:25:44,983 - core.database - DEBUG - Table inspectors structure is up to date
2026-04-06 14:25:44,983 - core.database - INFO - Table inspectors repaired in 1.82s
2026-04-06 14:25:44,984 - core.database - DEBUG - Checking table structure for: real_estate
2026-04-06 14:25:44,988 - core.database - DEBUG - Table jobs structure is up to date
2026-04-06 14:25:44,988 - core.database - INFO - Table jobs repaired in 1.82s
2026-04-06 14:25:44,988 - core.database - DEBUG - Checking table structure for: user_preferences
2026-04-06 14:25:45,102 - core.database - DEBUG - Table masters structure is up to date
2026-04-06 14:25:45,103 - core.database - INFO - Table masters repaired in 1.94s
2026-04-06 14:25:45,244 - core.database - DEBUG - Table modifier_groups structure is up to date
2026-04-06 14:25:45,244 - core.database - INFO - Table modifier_groups repaired in 2.08s
2026-04-06 14:25:45,278 - core.database - DEBUG - Table modifier_options structure is up to date
2026-04-06 14:25:45,278 - core.database - INFO - Table modifier_options repaired in 2.11s
2026-04-06 14:25:45,289 - core.database - DEBUG - Table park_points structure is up to date
2026-04-06 14:25:45,289 - core.database - INFO - Table park_points repaired in 2.12s
2026-04-06 14:25:45,290 - core.database - DEBUG - Table park_orders structure is up to date
2026-04-06 14:25:45,290 - core.database - INFO - Table park_orders repaired in 2.12s
2026-04-06 14:25:45,364 - core.database - DEBUG - Table question_answers structure is up to date
2026-04-06 14:25:45,364 - core.database - INFO - Table question_answers repaired in 2.20s
2026-04-06 14:25:45,390 - core.database - DEBUG - Table questions structure is up to date
2026-04-06 14:25:45,391 - core.database - INFO - Table questions repaired in 2.22s
2026-04-06 14:25:45,402 - core.database - DEBUG - Table news structure is up to date
2026-04-06 14:25:45,403 - core.database - INFO - Table news repaired in 2.24s
2026-04-06 14:25:45,426 - core.database - DEBUG - Table real_estate structure is up to date
2026-04-06 14:25:45,427 - core.database - INFO - Table real_estate repaired in 2.26s
2026-04-06 14:25:45,437 - core.database - DEBUG - Table user_preferences structure is up to date
2026-04-06 14:25:45,439 - core.database - INFO - Table user_preferences repaired in 2.27s
2026-04-06 14:25:45,440 - core.database - INFO - 🔧 Table structure repair completed in 2.8585s
2026-04-06 14:25:45,441 - core.database - INFO - 🔧 Table structure repair completed
2026-04-06 14:25:45,441 - core.database - INFO - 🔧 Starting table creation...
2026-04-06 14:25:48,320 - core.database - INFO - Tables initialized successfully
2026-04-06 14:25:48,321 - core.database - DEBUG - [DB_OP] Create tables completed in 5.7404s
2026-04-06 14:25:48,385 - core.database - INFO - Lazy database initialization completed successfully
2026-04-06 14:25:49,482 - routers.admin_auth - INFO - [Admin Auth] Pre-computed 4 alternative password hashes for 'admin' account
2026-04-06 14:25:50,367 - routers.admin_auth - INFO - [Admin Auth] Admin credentials reset (username: admin, password: Admin123@)
2026-04-06 14:25:50,868 - core.config - DEBUG - Read dynamic attribute oss_service_url from environment variable OSS_SERVICE_URL
2026-04-06 14:25:50,869 - core.config - DEBUG - Read dynamic attribute oss_api_key from environment variable OSS_API_KEY
2026-04-06 14:25:51,102 - httpcore.connection - DEBUG - connect_tcp.started host='atoms.dev' port=443 local_address=None timeout=120.0 socket_options=None
2026-04-06 14:25:51,121 - httpcore.connection - DEBUG - connect_tcp.complete return_value=<httpcore._backends.anyio.AnyIOStream object at 0x7f514457c190>
2026-04-06 14:25:51,122 - httpcore.connection - DEBUG - start_tls.started ssl_context=<ssl.SSLContext object at 0x7f51445aa840> server_hostname='atoms.dev' timeout=120.0
2026-04-06 14:25:51,139 - httpcore.connection - DEBUG - start_tls.complete return_value=<httpcore._backends.anyio.AnyIOStream object at 0x7f514453f040>
2026-04-06 14:25:51,140 - httpcore.http11 - DEBUG - send_request_headers.started request=<Request [b'GET']>
2026-04-06 14:25:51,140 - httpcore.http11 - DEBUG - send_request_headers.complete
2026-04-06 14:25:51,141 - httpcore.http11 - DEBUG - send_request_body.started request=<Request [b'GET']>
2026-04-06 14:25:51,141 - httpcore.http11 - DEBUG - send_request_body.complete
2026-04-06 14:25:51,141 - httpcore.http11 - DEBUG - receive_response_headers.started request=<Request [b'GET']>
2026-04-06 14:25:51,176 - httpcore.http11 - DEBUG - receive_response_headers.complete return_value=(b'HTTP/1.1', 200, b'OK', [(b'Date', b'Mon, 06 Apr 2026 21:25:51 GMT'), (b'Content-Type', b'application/json; charset=utf-8'), (b'Transfer-Encoding', b'chunked'), (b'Connection', b'keep-alive'), (b'Access-Control-Allow-Headers', b'Origin, Content-Type, Accept, Authorization'), (b'Access-Control-Allow-Methods', b'GET, POST, PUT, DELETE, OPTIONS'), (b'Access-Control-Allow-Origin', b'*'), (b'Access-Control-Max-Age', b'86400'), (b'X-Request-Id', b'88450dedb3e4b65dc522f245cb4dfc46'), (b'X-Trace-Id', b'cab5fe6b639e42cbba3a69c3c21d23c8'), (b'Content-Security-Policy', b"frame-ancestors 'self' https://atoms.dev"), (b'Strict-Transport-Security', b'max-age=63072000; includeSubDomains; preload'), (b'X-Content-Type-Options', b'nosniff'), (b'X-XSS-Protection', b'1; mode=block'), (b'Referrer-Policy', b'strict-origin-when-cross-origin'), (b'cf-cache-status', b'DYNAMIC'), (b'Content-Encoding', b'gzip'), (b'Server', b'cloudflare'), (b'CF-RAY', b'9e83de12a8069e1f-LAX')])
2026-04-06 14:25:51,178 - httpx - INFO - HTTP Request: GET https://atoms.dev/api/v1/infra/client/oss/buckets "HTTP/1.1 200 OK"
2026-04-06 14:25:51,352 - httpcore.http11 - DEBUG - receive_response_body.started request=<Request [b'GET']>
2026-04-06 14:25:51,354 - httpcore.http11 - DEBUG - receive_response_body.complete
2026-04-06 14:25:51,355 - httpcore.http11 - DEBUG - response_closed.started
2026-04-06 14:25:51,356 - httpcore.http11 - DEBUG - response_closed.complete
2026-04-06 14:25:51,357 - httpcore.connection - DEBUG - close.started
2026-04-06 14:25:51,357 - httpcore.connection - DEBUG - close.complete
2026-04-06 14:25:51,357 - services.bucket_init - INFO - Bucket 'portal-images' already exists
2026-04-06 14:25:51,358 - main - INFO - === Application startup completed ===
2026-04-06 14:25:51,459 - services.database - DEBUG - [DB_OP] Starting database close
2026-04-06 14:25:51,793 - core.database - INFO - Database connection closed and engine disposed
2026-04-06 14:25:51,794 - services.database - INFO - Database connections closed
2026-04-06 14:25:51,794 - services.database - DEBUG - [DB_OP] Database close completed in 0.3346s
