2026-03-21 10:41:32,643 - main - INFO - === Logging system initialized ===
2026-03-21 10:41:32,643 - main - INFO - Log file: logs/app_20260321_104132.log
2026-03-21 10:41:32,643 - main - INFO - Log level: INFO
2026-03-21 10:41:32,644 - main - INFO - Timestamp: 20260321_104132
2026-03-21 10:41:34,257 - main - INFO - Included router: routers.aihub.router
2026-03-21 10:41:34,327 - main - INFO - Included router: routers.announcements.router
2026-03-21 10:41:34,363 - main - INFO - Included router: routers.auth.router
2026-03-21 10:41:34,438 - main - INFO - Included router: routers.banners.router
2026-03-21 10:41:34,661 - main - INFO - Included router: routers.become_master_requests.router
2026-03-21 10:41:34,734 - main - INFO - Included router: routers.categories.router
2026-03-21 10:41:34,830 - main - INFO - Included router: routers.complaints.router
2026-03-21 10:41:34,833 - main - WARNING - Failed to import module 'routers.debug_schema': cannot import name 'async_engine' from 'core.database' (/workspace/app/backend/core/database.py)
2026-03-21 10:41:34,919 - main - INFO - Included router: routers.directory_entries.router
2026-03-21 10:41:35,019 - main - INFO - Included router: routers.food_categories.router
2026-03-21 10:41:35,110 - main - INFO - Included router: routers.food_item_modifiers.router
2026-03-21 10:41:35,183 - main - INFO - Included router: routers.food_items.router
2026-03-21 10:41:35,282 - main - INFO - Included router: routers.food_modifiers.router
2026-03-21 10:41:35,369 - main - INFO - Included router: routers.food_orders.router
2026-03-21 10:41:35,423 - main - INFO - Included router: routers.food_settings.router
2026-03-21 10:41:35,431 - main - INFO - Included router: routers.health.router
2026-03-21 10:41:35,520 - main - INFO - Included router: routers.jobs.router
2026-03-21 10:41:35,610 - main - INFO - Included router: routers.master_requests.router
2026-03-21 10:41:35,850 - main - INFO - Included router: routers.masters.router
2026-03-21 10:41:35,933 - main - INFO - Included router: routers.news.router
2026-03-21 10:41:35,994 - main - INFO - Included router: routers.question_answers.router
2026-03-21 10:41:36,123 - main - INFO - Included router: routers.questions.router
2026-03-21 10:41:36,210 - main - INFO - Included router: routers.real_estate.router
2026-03-21 10:41:36,259 - main - INFO - Included router: routers.settings.router
2026-03-21 10:41:36,375 - main - INFO - Included router: routers.storage.router
2026-03-21 10:41:36,426 - main - INFO - Included router: routers.telegram.router
2026-03-21 10:41:36,458 - main - INFO - Included router: routers.user.router
2026-03-21 10:41:36,461 - main - INFO - === Application startup initiated ===
2026-03-21 10:41:36,461 - services.database - INFO - Ignore creating tables
2026-03-21 10:41:36,462 - services.mock_data - INFO - Ignore initialize data
2026-03-21 10:41:36,464 - services.auth - INFO - Ignore initialize admin
2026-03-21 10:41:36,464 - main - INFO - === Application startup completed successfully ===
2026-03-21 10:41:42,036 - core.database - DEBUG - [DB_OP] Starting get_db session creation
2026-03-21 10:41:42,036 - core.database - WARNING - Database session maker not available, attempting lazy initialization...
2026-03-21 10:41:42,037 - core.database - WARNING - Database not initialized, attempting lazy initialization...
2026-03-21 10:41:42,037 - core.database - INFO - Starting database initialization...
2026-03-21 10:41:42,037 - core.config - DEBUG - Read dynamic attribute database_url from environment variable DATABASE_URL
2026-03-21 10:41:42,038 - core.database - INFO - Normalizing database URL for async compatibility...
2026-03-21 10:41:42,039 - core.database - INFO - Creating async database engine...
2026-03-21 10:41:42,039 - core.database - INFO - Using QueuePool with connection pooling for non-Lambda environment
2026-03-21 10:41:42,095 - core.database - INFO - Database engine created successfully
2026-03-21 10:41:42,095 - core.database - INFO - Creating async session maker...
2026-03-21 10:41:42,095 - core.database - INFO - Async session maker created successfully
2026-03-21 10:41:42,096 - core.database - INFO - Database connection initialized successfully
2026-03-21 10:41:42,096 - core.database - DEBUG - [DB_OP] Starting create_tables
2026-03-21 10:41:42,096 - core.database - INFO - 🔧 Starting table creation...
2026-03-21 10:41:42,105 - core.database - DEBUG - [DB_OP] Starting get_db session creation
2026-03-21 10:41:42,106 - core.database - DEBUG - [DB_OP] Database session created successfully in 0.0006s
2026-03-21 10:41:42,106 - routers.announcements - DEBUG - Querying announcementss: query={"active":true,"status":"approved"}, sort=-created_at, skip=0, limit=6, fields=None
2026-03-21 10:41:42,117 - core.database - DEBUG - [DB_OP] Starting get_db session creation
2026-03-21 10:41:42,118 - core.database - DEBUG - [DB_OP] Database session created successfully in 0.0008s
2026-03-21 10:41:42,119 - routers.master_requests - DEBUG - Querying master_requestss: query=None, sort=-created_at, skip=0, limit=6, fields=None
2026-03-21 10:41:42,128 - core.database - DEBUG - [DB_OP] Starting get_db session creation
2026-03-21 10:41:42,129 - core.database - DEBUG - [DB_OP] Database session created successfully in 0.0004s
2026-03-21 10:41:42,129 - routers.jobs - DEBUG - Querying jobss: query={"active":true}, sort=-created_at, skip=0, limit=6, fields=None
2026-03-21 10:41:42,137 - core.database - DEBUG - [DB_OP] Starting get_db session creation
2026-03-21 10:41:42,138 - core.database - DEBUG - [DB_OP] Database session created successfully in 0.0005s
2026-03-21 10:41:42,138 - routers.complaints - DEBUG - Querying complaintss: query=None, sort=-created_at, skip=0, limit=6, fields=None
2026-03-21 10:41:42,145 - core.database - DEBUG - [DB_OP] Starting get_db session creation
2026-03-21 10:41:42,146 - core.database - DEBUG - [DB_OP] Database session created successfully in 0.0005s
2026-03-21 10:41:42,146 - routers.banners - DEBUG - Querying bannerss: query={"active":true}, sort=None, skip=0, limit=4, fields=None
2026-03-21 10:41:42,152 - core.database - DEBUG - [DB_OP] Starting get_db session creation
2026-03-21 10:41:42,153 - core.database - DEBUG - [DB_OP] Database session created successfully in 0.0004s
2026-03-21 10:41:42,153 - routers.categories - DEBUG - Querying categoriess: query=None, sort=sort_order, skip=0, limit=200, fields=None
2026-03-21 10:41:43,598 - routers.master_requests - DEBUG - Found 12 master_requestss
2026-03-21 10:41:43,599 - core.database - DEBUG - [DB_OP] Database session cleanup after 1.4818s
2026-03-21 10:41:43,602 - routers.complaints - DEBUG - Found 11 complaintss
2026-03-21 10:41:43,604 - core.database - DEBUG - [DB_OP] Database session cleanup after 1.4669s
2026-03-21 10:41:43,605 - routers.banners - DEBUG - Found 2 bannerss
2026-03-21 10:41:43,606 - core.database - DEBUG - [DB_OP] Database session cleanup after 1.4607s
2026-03-21 10:41:43,608 - routers.announcements - DEBUG - Found 1 announcementss
2026-03-21 10:41:43,609 - core.database - DEBUG - [DB_OP] Database session cleanup after 1.5041s
2026-03-21 10:41:43,612 - routers.jobs - DEBUG - Found 5 jobss
2026-03-21 10:41:43,614 - core.database - DEBUG - [DB_OP] Database session cleanup after 1.4856s
2026-03-21 10:41:43,643 - routers.categories - DEBUG - Found 45 categoriess
2026-03-21 10:41:43,645 - core.database - DEBUG - [DB_OP] Database session cleanup after 1.4926s
2026-03-21 10:41:44,614 - core.database - INFO - Tables initialized successfully
2026-03-21 10:41:44,615 - core.database - DEBUG - [DB_OP] Create tables completed in 2.5189s
2026-03-21 10:41:44,673 - core.database - INFO - Lazy database initialization completed successfully
2026-03-21 10:41:44,674 - core.database - DEBUG - [DB_OP] Database session created successfully in 2.6379s
2026-03-21 10:41:44,674 - routers.news - DEBUG - Querying newss: query={"published":true}, sort=-created_at, skip=0, limit=6, fields=None
2026-03-21 10:41:45,204 - routers.news - DEBUG - Found 10 newss
2026-03-21 10:41:45,205 - core.database - DEBUG - [DB_OP] Database session cleanup after 3.1694s
2026-03-21 10:42:43,736 - core.database - DEBUG - [DB_OP] Starting get_db session creation
2026-03-21 10:42:43,736 - core.database - DEBUG - [DB_OP] Database session created successfully in 0.0006s
2026-03-21 10:42:43,737 - routers.jobs - DEBUG - Querying jobss: query={"active":true}, sort=-created_at, skip=0, limit=6, fields=None
2026-03-21 10:42:43,739 - core.database - DEBUG - [DB_OP] Starting get_db session creation
2026-03-21 10:42:43,739 - core.database - DEBUG - [DB_OP] Database session created successfully in 0.0003s
2026-03-21 10:42:43,740 - routers.categories - DEBUG - Querying categoriess: query=None, sort=sort_order, skip=0, limit=200, fields=None
2026-03-21 10:42:43,742 - core.database - DEBUG - [DB_OP] Starting get_db session creation
2026-03-21 10:42:43,742 - core.database - DEBUG - [DB_OP] Database session created successfully in 0.0002s
2026-03-21 10:42:43,742 - routers.complaints - DEBUG - Querying complaintss: query=None, sort=-created_at, skip=0, limit=6, fields=None
2026-03-21 10:42:43,743 - core.database - DEBUG - [DB_OP] Starting get_db session creation
2026-03-21 10:42:43,743 - core.database - DEBUG - [DB_OP] Database session created successfully in 0.0002s
2026-03-21 10:42:43,743 - routers.banners - DEBUG - Querying bannerss: query={"active":true}, sort=None, skip=0, limit=4, fields=None
2026-03-21 10:42:43,744 - core.database - DEBUG - [DB_OP] Starting get_db session creation
2026-03-21 10:42:43,744 - core.database - DEBUG - [DB_OP] Database session created successfully in 0.0001s
2026-03-21 10:42:43,745 - routers.announcements - DEBUG - Querying announcementss: query={"active":true,"status":"approved"}, sort=-created_at, skip=0, limit=6, fields=None
2026-03-21 10:42:43,746 - core.database - DEBUG - [DB_OP] Starting get_db session creation
2026-03-21 10:42:43,746 - core.database - DEBUG - [DB_OP] Database session created successfully in 0.0002s
2026-03-21 10:42:43,746 - routers.news - DEBUG - Querying newss: query={"published":true}, sort=-created_at, skip=0, limit=6, fields=None
2026-03-21 10:42:43,747 - core.database - DEBUG - [DB_OP] Starting get_db session creation
2026-03-21 10:42:43,748 - core.database - DEBUG - [DB_OP] Database session created successfully in 0.0006s
2026-03-21 10:42:43,749 - routers.master_requests - DEBUG - Querying master_requestss: query=None, sort=-created_at, skip=0, limit=6, fields=None
2026-03-21 10:42:44,103 - routers.master_requests - DEBUG - Found 12 master_requestss
2026-03-21 10:42:44,104 - core.database - DEBUG - [DB_OP] Database session cleanup after 0.3561s
2026-03-21 10:42:44,265 - routers.jobs - DEBUG - Found 5 jobss
2026-03-21 10:42:44,266 - core.database - DEBUG - [DB_OP] Database session cleanup after 0.5305s
2026-03-21 10:42:44,267 - routers.announcements - DEBUG - Found 1 announcementss
2026-03-21 10:42:44,268 - core.database - DEBUG - [DB_OP] Database session cleanup after 0.5236s
2026-03-21 10:42:44,268 - routers.banners - DEBUG - Found 2 bannerss
2026-03-21 10:42:44,269 - core.database - DEBUG - [DB_OP] Database session cleanup after 0.5259s
2026-03-21 10:42:44,270 - routers.news - DEBUG - Found 10 newss
2026-03-21 10:42:44,270 - core.database - DEBUG - [DB_OP] Database session cleanup after 0.5243s
2026-03-21 10:42:44,271 - routers.complaints - DEBUG - Found 11 complaintss
2026-03-21 10:42:44,272 - core.database - DEBUG - [DB_OP] Database session cleanup after 0.5303s
2026-03-21 10:42:44,323 - routers.categories - DEBUG - Found 45 categoriess
2026-03-21 10:42:44,325 - core.database - DEBUG - [DB_OP] Database session cleanup after 0.5858s
2026-03-21 10:43:08,143 - core.database - DEBUG - [DB_OP] Starting get_db session creation
2026-03-21 10:43:08,143 - core.database - DEBUG - [DB_OP] Database session created successfully in 0.0004s
2026-03-21 10:43:08,144 - routers.food_item_modifiers - DEBUG - Querying food_item_modifierss: query=None, sort=None, skip=0, limit=500, fields=None
2026-03-21 10:43:08,148 - core.database - DEBUG - [DB_OP] Starting get_db session creation
2026-03-21 10:43:08,148 - core.database - DEBUG - [DB_OP] Database session created successfully in 0.0003s
2026-03-21 10:43:08,149 - routers.food_modifiers - DEBUG - Querying food_modifierss: query=None, sort=None, skip=0, limit=100, fields=None
2026-03-21 10:43:08,154 - core.database - DEBUG - [DB_OP] Starting get_db session creation
2026-03-21 10:43:08,154 - core.database - DEBUG - [DB_OP] Database session created successfully in 0.0004s
2026-03-21 10:43:08,154 - routers.food_items - DEBUG - Querying food_itemss: query=None, sort=sort_order, skip=0, limit=200, fields=None
2026-03-21 10:43:08,159 - core.database - DEBUG - [DB_OP] Starting get_db session creation
2026-03-21 10:43:08,159 - core.database - DEBUG - [DB_OP] Database session created successfully in 0.0004s
2026-03-21 10:43:08,160 - routers.food_categories - DEBUG - Querying food_categoriess: query=None, sort=sort_order, skip=0, limit=50, fields=None
2026-03-21 10:43:08,166 - core.database - DEBUG - [DB_OP] Starting get_db session creation
2026-03-21 10:43:08,166 - core.database - DEBUG - [DB_OP] Database session created successfully in 0.0003s
2026-03-21 10:43:08,166 - routers.food_settings - DEBUG - Querying food_settingss: query=None, sort=None, skip=0, limit=50, fields=None
2026-03-21 10:43:08,622 - routers.food_modifiers - DEBUG - Found 6 food_modifierss
2026-03-21 10:43:08,623 - core.database - DEBUG - [DB_OP] Database session cleanup after 0.4753s
2026-03-21 10:43:08,624 - routers.food_item_modifiers - DEBUG - Found 19 food_item_modifierss
2026-03-21 10:43:08,624 - core.database - DEBUG - [DB_OP] Database session cleanup after 0.4819s
2026-03-21 10:43:08,626 - routers.food_items - DEBUG - Found 13 food_itemss
2026-03-21 10:43:08,627 - core.database - DEBUG - [DB_OP] Database session cleanup after 0.4731s
2026-03-21 10:43:08,638 - routers.food_categories - DEBUG - Found 6 food_categoriess
2026-03-21 10:43:08,638 - core.database - DEBUG - [DB_OP] Database session cleanup after 0.4795s
2026-03-21 10:43:08,639 - routers.food_settings - DEBUG - Found 6 food_settingss
2026-03-21 10:43:08,640 - core.database - DEBUG - [DB_OP] Database session cleanup after 0.4741s
2026-03-21 10:55:18,228 - services.database - DEBUG - [DB_OP] Starting database close
2026-03-21 10:55:18,230 - core.database - INFO - Database connection closed and engine disposed
2026-03-21 10:55:18,231 - services.database - INFO - Database connections closed
2026-03-21 10:55:18,231 - services.database - DEBUG - [DB_OP] Database close completed in 0.0026s
